[2024-11-09T20:22:13.763+0000] {local_task_job_runner.py:123} INFO - ::group::Pre task execution logs
[2024-11-09T20:22:13.778+0000] {taskinstance.py:2613} INFO - Dependencies all met for dep_context=non-requeueable deps ti=<TaskInstance: download_rocket_launches.notify manual__2024-11-09T20:21:39.503292+00:00 [queued]>
[2024-11-09T20:22:13.788+0000] {taskinstance.py:2613} INFO - Dependencies all met for dep_context=requeueable deps ti=<TaskInstance: download_rocket_launches.notify manual__2024-11-09T20:21:39.503292+00:00 [queued]>
[2024-11-09T20:22:13.789+0000] {taskinstance.py:2866} INFO - Starting attempt 1 of 1
[2024-11-09T20:22:13.816+0000] {taskinstance.py:2889} INFO - Executing <Task(BashOperator): notify> on 2024-11-09 20:21:39.503292+00:00
[2024-11-09T20:22:13.819+0000] {standard_task_runner.py:72} INFO - Started process 12534 to run task
[2024-11-09T20:22:13.826+0000] {standard_task_runner.py:104} INFO - Running: ['airflow', 'tasks', 'run', 'download_rocket_launches', 'notify', 'manual__2024-11-09T20:21:39.503292+00:00', '--job-id', '18', '--raw', '--subdir', 'DAGS_FOLDER/rocket_launch.py', '--cfg-path', '/tmp/tmpzc3zyg9t']
[2024-11-09T20:22:13.828+0000] {standard_task_runner.py:105} INFO - Job 18: Subtask notify
[2024-11-09T20:22:13.886+0000] {task_command.py:467} INFO - Running <TaskInstance: download_rocket_launches.notify manual__2024-11-09T20:21:39.503292+00:00 [running]> on host DESKTOP-G901N6S.
[2024-11-09T20:22:13.994+0000] {taskinstance.py:3132} INFO - Exporting env vars: AIRFLOW_CTX_DAG_OWNER='airflow' AIRFLOW_CTX_DAG_ID='download_rocket_launches' AIRFLOW_CTX_TASK_ID='notify' AIRFLOW_CTX_EXECUTION_DATE='2024-11-09T20:21:39.503292+00:00' AIRFLOW_CTX_TRY_NUMBER='1' AIRFLOW_CTX_DAG_RUN_ID='manual__2024-11-09T20:21:39.503292+00:00'
[2024-11-09T20:22:13.995+0000] {logging_mixin.py:190} INFO - Task instance is in running state
[2024-11-09T20:22:13.996+0000] {logging_mixin.py:190} INFO -  Previous state of the Task instance: queued
[2024-11-09T20:22:13.996+0000] {logging_mixin.py:190} INFO - Current task name:notify state:running start_date:2024-11-09 20:22:13.779093+00:00
[2024-11-09T20:22:13.996+0000] {logging_mixin.py:190} INFO - Dag name:download_rocket_launches and current dag run status:running
[2024-11-09T20:22:13.997+0000] {taskinstance.py:731} INFO - ::endgroup::
[2024-11-09T20:22:13.998+0000] {subprocess.py:78} INFO - Tmp dir root location: /tmp
[2024-11-09T20:22:13.999+0000] {subprocess.py:88} INFO - Running command: ['/usr/bin/bash', '-c', 'echo "There are now $(ls /home/chirag/airflow/appfiles/tmp/images/ | wc -l) images."']
[2024-11-09T20:22:14.010+0000] {subprocess.py:99} INFO - Output:
[2024-11-09T20:22:14.014+0000] {subprocess.py:106} INFO - There are now 6 images.
[2024-11-09T20:22:14.015+0000] {subprocess.py:110} INFO - Command exited with return code 0
[2024-11-09T20:22:14.051+0000] {taskinstance.py:340} INFO - ::group::Post task execution logs
[2024-11-09T20:22:14.052+0000] {taskinstance.py:352} INFO - Marking task as SUCCESS. dag_id=download_rocket_launches, task_id=notify, run_id=manual__2024-11-09T20:21:39.503292+00:00, execution_date=20241109T202139, start_date=20241109T202213, end_date=20241109T202214
[2024-11-09T20:22:14.076+0000] {logging_mixin.py:190} INFO - Task instance in success state
[2024-11-09T20:22:14.077+0000] {logging_mixin.py:190} INFO -  Previous state of the Task instance: running
[2024-11-09T20:22:14.078+0000] {logging_mixin.py:190} INFO - Dag name:download_rocket_launches queued_at:2024-11-09 20:21:39.537969+00:00
[2024-11-09T20:22:14.078+0000] {logging_mixin.py:190} INFO - Task hostname:DESKTOP-G901N6S. operator:BashOperator
[2024-11-09T20:22:14.122+0000] {local_task_job_runner.py:266} INFO - Task exited with return code 0
[2024-11-09T20:22:14.140+0000] {taskinstance.py:3895} INFO - 0 downstream tasks scheduled from follow-on schedule check
[2024-11-09T20:22:14.141+0000] {local_task_job_runner.py:245} INFO - ::endgroup::
