[2024-11-09T19:16:31.690+0000] {processor.py:186} INFO - Started process (PID=94620) to work on /home/chirag/airflow/lib/python3.12/site-packages/airflow/example_dags/subdags/subdag.py
[2024-11-09T19:16:31.691+0000] {processor.py:914} INFO - Processing file /home/chirag/airflow/lib/python3.12/site-packages/airflow/example_dags/subdags/subdag.py for tasks to queue
[2024-11-09T19:16:31.694+0000] {logging_mixin.py:190} INFO - [2024-11-09T19:16:31.694+0000] {dagbag.py:588} INFO - Filling up the DagBag from /home/chirag/airflow/lib/python3.12/site-packages/airflow/example_dags/subdags/subdag.py
[2024-11-09T19:16:31.698+0000] {processor.py:927} WARNING - No viable dags retrieved from /home/chirag/airflow/lib/python3.12/site-packages/airflow/example_dags/subdags/subdag.py
[2024-11-09T19:16:31.716+0000] {processor.py:208} INFO - Processing /home/chirag/airflow/lib/python3.12/site-packages/airflow/example_dags/subdags/subdag.py took 0.038 seconds
[2024-11-09T19:18:19.102+0000] {processor.py:186} INFO - Started process (PID=94816) to work on /home/chirag/airflow/lib/python3.12/site-packages/airflow/example_dags/subdags/subdag.py
[2024-11-09T19:18:19.111+0000] {processor.py:914} INFO - Processing file /home/chirag/airflow/lib/python3.12/site-packages/airflow/example_dags/subdags/subdag.py for tasks to queue
[2024-11-09T19:18:19.117+0000] {logging_mixin.py:190} INFO - [2024-11-09T19:18:19.116+0000] {dagbag.py:588} INFO - Filling up the DagBag from /home/chirag/airflow/lib/python3.12/site-packages/airflow/example_dags/subdags/subdag.py
[2024-11-09T19:18:19.123+0000] {processor.py:927} WARNING - No viable dags retrieved from /home/chirag/airflow/lib/python3.12/site-packages/airflow/example_dags/subdags/subdag.py
[2024-11-09T19:18:19.150+0000] {processor.py:208} INFO - Processing /home/chirag/airflow/lib/python3.12/site-packages/airflow/example_dags/subdags/subdag.py took 0.064 seconds
[2024-11-09T19:27:43.392+0000] {processor.py:186} INFO - Started process (PID=459) to work on /home/chirag/airflow/lib/python3.12/site-packages/airflow/example_dags/subdags/subdag.py
[2024-11-09T19:27:43.395+0000] {processor.py:914} INFO - Processing file /home/chirag/airflow/lib/python3.12/site-packages/airflow/example_dags/subdags/subdag.py for tasks to queue
[2024-11-09T19:27:43.397+0000] {logging_mixin.py:190} INFO - [2024-11-09T19:27:43.397+0000] {dagbag.py:588} INFO - Filling up the DagBag from /home/chirag/airflow/lib/python3.12/site-packages/airflow/example_dags/subdags/subdag.py
[2024-11-09T19:27:43.401+0000] {processor.py:927} WARNING - No viable dags retrieved from /home/chirag/airflow/lib/python3.12/site-packages/airflow/example_dags/subdags/subdag.py
[2024-11-09T19:27:43.417+0000] {processor.py:208} INFO - Processing /home/chirag/airflow/lib/python3.12/site-packages/airflow/example_dags/subdags/subdag.py took 0.033 seconds
[2024-11-09T19:28:49.775+0000] {processor.py:186} INFO - Started process (PID=523) to work on /home/chirag/airflow/lib/python3.12/site-packages/airflow/example_dags/subdags/subdag.py
[2024-11-09T19:28:49.780+0000] {processor.py:914} INFO - Processing file /home/chirag/airflow/lib/python3.12/site-packages/airflow/example_dags/subdags/subdag.py for tasks to queue
[2024-11-09T19:28:49.784+0000] {logging_mixin.py:190} INFO - [2024-11-09T19:28:49.783+0000] {dagbag.py:588} INFO - Filling up the DagBag from /home/chirag/airflow/lib/python3.12/site-packages/airflow/example_dags/subdags/subdag.py
[2024-11-09T19:28:49.788+0000] {processor.py:927} WARNING - No viable dags retrieved from /home/chirag/airflow/lib/python3.12/site-packages/airflow/example_dags/subdags/subdag.py
[2024-11-09T19:28:49.806+0000] {processor.py:208} INFO - Processing /home/chirag/airflow/lib/python3.12/site-packages/airflow/example_dags/subdags/subdag.py took 0.041 seconds
[2024-11-09T19:30:03.755+0000] {processor.py:186} INFO - Started process (PID=619) to work on /home/chirag/airflow/lib/python3.12/site-packages/airflow/example_dags/subdags/subdag.py
[2024-11-09T19:30:03.770+0000] {processor.py:914} INFO - Processing file /home/chirag/airflow/lib/python3.12/site-packages/airflow/example_dags/subdags/subdag.py for tasks to queue
[2024-11-09T19:30:03.783+0000] {logging_mixin.py:190} INFO - [2024-11-09T19:30:03.775+0000] {dagbag.py:588} INFO - Filling up the DagBag from /home/chirag/airflow/lib/python3.12/site-packages/airflow/example_dags/subdags/subdag.py
[2024-11-09T19:30:03.787+0000] {processor.py:927} WARNING - No viable dags retrieved from /home/chirag/airflow/lib/python3.12/site-packages/airflow/example_dags/subdags/subdag.py
[2024-11-09T19:30:03.854+0000] {processor.py:208} INFO - Processing /home/chirag/airflow/lib/python3.12/site-packages/airflow/example_dags/subdags/subdag.py took 0.132 seconds
[2024-11-09T19:31:21.893+0000] {processor.py:186} INFO - Started process (PID=686) to work on /home/chirag/airflow/lib/python3.12/site-packages/airflow/example_dags/subdags/subdag.py
[2024-11-09T19:31:21.896+0000] {processor.py:914} INFO - Processing file /home/chirag/airflow/lib/python3.12/site-packages/airflow/example_dags/subdags/subdag.py for tasks to queue
[2024-11-09T19:31:21.900+0000] {logging_mixin.py:190} INFO - [2024-11-09T19:31:21.899+0000] {dagbag.py:588} INFO - Filling up the DagBag from /home/chirag/airflow/lib/python3.12/site-packages/airflow/example_dags/subdags/subdag.py
[2024-11-09T19:31:21.905+0000] {processor.py:927} WARNING - No viable dags retrieved from /home/chirag/airflow/lib/python3.12/site-packages/airflow/example_dags/subdags/subdag.py
[2024-11-09T19:31:21.921+0000] {processor.py:208} INFO - Processing /home/chirag/airflow/lib/python3.12/site-packages/airflow/example_dags/subdags/subdag.py took 0.040 seconds
[2024-11-09T19:33:04.162+0000] {processor.py:186} INFO - Started process (PID=1703) to work on /home/chirag/airflow/lib/python3.12/site-packages/airflow/example_dags/subdags/subdag.py
[2024-11-09T19:33:04.165+0000] {processor.py:914} INFO - Processing file /home/chirag/airflow/lib/python3.12/site-packages/airflow/example_dags/subdags/subdag.py for tasks to queue
[2024-11-09T19:33:04.168+0000] {logging_mixin.py:190} INFO - [2024-11-09T19:33:04.168+0000] {dagbag.py:588} INFO - Filling up the DagBag from /home/chirag/airflow/lib/python3.12/site-packages/airflow/example_dags/subdags/subdag.py
[2024-11-09T19:33:04.172+0000] {processor.py:927} WARNING - No viable dags retrieved from /home/chirag/airflow/lib/python3.12/site-packages/airflow/example_dags/subdags/subdag.py
[2024-11-09T19:33:04.197+0000] {processor.py:208} INFO - Processing /home/chirag/airflow/lib/python3.12/site-packages/airflow/example_dags/subdags/subdag.py took 0.046 seconds
[2024-11-09T19:34:19.903+0000] {processor.py:186} INFO - Started process (PID=2234) to work on /home/chirag/airflow/lib/python3.12/site-packages/airflow/example_dags/subdags/subdag.py
[2024-11-09T19:34:19.908+0000] {processor.py:914} INFO - Processing file /home/chirag/airflow/lib/python3.12/site-packages/airflow/example_dags/subdags/subdag.py for tasks to queue
[2024-11-09T19:34:19.912+0000] {logging_mixin.py:190} INFO - [2024-11-09T19:34:19.911+0000] {dagbag.py:588} INFO - Filling up the DagBag from /home/chirag/airflow/lib/python3.12/site-packages/airflow/example_dags/subdags/subdag.py
[2024-11-09T19:34:19.918+0000] {processor.py:927} WARNING - No viable dags retrieved from /home/chirag/airflow/lib/python3.12/site-packages/airflow/example_dags/subdags/subdag.py
[2024-11-09T19:34:19.942+0000] {processor.py:208} INFO - Processing /home/chirag/airflow/lib/python3.12/site-packages/airflow/example_dags/subdags/subdag.py took 0.051 seconds
[2024-11-09T19:35:08.033+0000] {processor.py:186} INFO - Started process (PID=2578) to work on /home/chirag/airflow/lib/python3.12/site-packages/airflow/example_dags/subdags/subdag.py
[2024-11-09T19:35:08.041+0000] {processor.py:914} INFO - Processing file /home/chirag/airflow/lib/python3.12/site-packages/airflow/example_dags/subdags/subdag.py for tasks to queue
[2024-11-09T19:35:08.046+0000] {logging_mixin.py:190} INFO - [2024-11-09T19:35:08.046+0000] {dagbag.py:588} INFO - Filling up the DagBag from /home/chirag/airflow/lib/python3.12/site-packages/airflow/example_dags/subdags/subdag.py
[2024-11-09T19:35:08.054+0000] {processor.py:927} WARNING - No viable dags retrieved from /home/chirag/airflow/lib/python3.12/site-packages/airflow/example_dags/subdags/subdag.py
[2024-11-09T19:35:08.317+0000] {processor.py:208} INFO - Processing /home/chirag/airflow/lib/python3.12/site-packages/airflow/example_dags/subdags/subdag.py took 0.319 seconds
[2024-11-09T19:36:35.226+0000] {processor.py:186} INFO - Started process (PID=2836) to work on /home/chirag/airflow/lib/python3.12/site-packages/airflow/example_dags/subdags/subdag.py
[2024-11-09T19:36:35.230+0000] {processor.py:914} INFO - Processing file /home/chirag/airflow/lib/python3.12/site-packages/airflow/example_dags/subdags/subdag.py for tasks to queue
[2024-11-09T19:36:35.233+0000] {logging_mixin.py:190} INFO - [2024-11-09T19:36:35.233+0000] {dagbag.py:588} INFO - Filling up the DagBag from /home/chirag/airflow/lib/python3.12/site-packages/airflow/example_dags/subdags/subdag.py
[2024-11-09T19:36:35.237+0000] {processor.py:927} WARNING - No viable dags retrieved from /home/chirag/airflow/lib/python3.12/site-packages/airflow/example_dags/subdags/subdag.py
[2024-11-09T19:36:35.253+0000] {processor.py:208} INFO - Processing /home/chirag/airflow/lib/python3.12/site-packages/airflow/example_dags/subdags/subdag.py took 0.034 seconds
[2024-11-09T19:37:43.189+0000] {processor.py:186} INFO - Started process (PID=3050) to work on /home/chirag/airflow/lib/python3.12/site-packages/airflow/example_dags/subdags/subdag.py
[2024-11-09T19:37:43.266+0000] {processor.py:914} INFO - Processing file /home/chirag/airflow/lib/python3.12/site-packages/airflow/example_dags/subdags/subdag.py for tasks to queue
[2024-11-09T19:37:43.270+0000] {logging_mixin.py:190} INFO - [2024-11-09T19:37:43.270+0000] {dagbag.py:588} INFO - Filling up the DagBag from /home/chirag/airflow/lib/python3.12/site-packages/airflow/example_dags/subdags/subdag.py
[2024-11-09T19:37:43.276+0000] {processor.py:927} WARNING - No viable dags retrieved from /home/chirag/airflow/lib/python3.12/site-packages/airflow/example_dags/subdags/subdag.py
[2024-11-09T19:37:43.296+0000] {processor.py:208} INFO - Processing /home/chirag/airflow/lib/python3.12/site-packages/airflow/example_dags/subdags/subdag.py took 0.115 seconds
[2024-11-09T19:38:56.068+0000] {processor.py:186} INFO - Started process (PID=3415) to work on /home/chirag/airflow/lib/python3.12/site-packages/airflow/example_dags/subdags/subdag.py
[2024-11-09T19:38:56.072+0000] {processor.py:914} INFO - Processing file /home/chirag/airflow/lib/python3.12/site-packages/airflow/example_dags/subdags/subdag.py for tasks to queue
[2024-11-09T19:38:56.076+0000] {logging_mixin.py:190} INFO - [2024-11-09T19:38:56.075+0000] {dagbag.py:588} INFO - Filling up the DagBag from /home/chirag/airflow/lib/python3.12/site-packages/airflow/example_dags/subdags/subdag.py
[2024-11-09T19:38:56.080+0000] {processor.py:927} WARNING - No viable dags retrieved from /home/chirag/airflow/lib/python3.12/site-packages/airflow/example_dags/subdags/subdag.py
[2024-11-09T19:38:56.102+0000] {processor.py:208} INFO - Processing /home/chirag/airflow/lib/python3.12/site-packages/airflow/example_dags/subdags/subdag.py took 0.046 seconds
[2024-11-09T19:40:24.381+0000] {processor.py:186} INFO - Started process (PID=3649) to work on /home/chirag/airflow/lib/python3.12/site-packages/airflow/example_dags/subdags/subdag.py
[2024-11-09T19:40:24.384+0000] {processor.py:914} INFO - Processing file /home/chirag/airflow/lib/python3.12/site-packages/airflow/example_dags/subdags/subdag.py for tasks to queue
[2024-11-09T19:40:24.387+0000] {logging_mixin.py:190} INFO - [2024-11-09T19:40:24.387+0000] {dagbag.py:588} INFO - Filling up the DagBag from /home/chirag/airflow/lib/python3.12/site-packages/airflow/example_dags/subdags/subdag.py
[2024-11-09T19:40:24.391+0000] {processor.py:927} WARNING - No viable dags retrieved from /home/chirag/airflow/lib/python3.12/site-packages/airflow/example_dags/subdags/subdag.py
[2024-11-09T19:40:24.411+0000] {processor.py:208} INFO - Processing /home/chirag/airflow/lib/python3.12/site-packages/airflow/example_dags/subdags/subdag.py took 0.039 seconds
[2024-11-09T19:41:38.677+0000] {processor.py:186} INFO - Started process (PID=3857) to work on /home/chirag/airflow/lib/python3.12/site-packages/airflow/example_dags/subdags/subdag.py
[2024-11-09T19:41:38.683+0000] {processor.py:914} INFO - Processing file /home/chirag/airflow/lib/python3.12/site-packages/airflow/example_dags/subdags/subdag.py for tasks to queue
[2024-11-09T19:41:38.688+0000] {logging_mixin.py:190} INFO - [2024-11-09T19:41:38.687+0000] {dagbag.py:588} INFO - Filling up the DagBag from /home/chirag/airflow/lib/python3.12/site-packages/airflow/example_dags/subdags/subdag.py
[2024-11-09T19:41:38.691+0000] {processor.py:927} WARNING - No viable dags retrieved from /home/chirag/airflow/lib/python3.12/site-packages/airflow/example_dags/subdags/subdag.py
[2024-11-09T19:41:38.709+0000] {processor.py:208} INFO - Processing /home/chirag/airflow/lib/python3.12/site-packages/airflow/example_dags/subdags/subdag.py took 0.040 seconds
[2024-11-09T19:42:48.137+0000] {processor.py:186} INFO - Started process (PID=4062) to work on /home/chirag/airflow/lib/python3.12/site-packages/airflow/example_dags/subdags/subdag.py
[2024-11-09T19:42:48.140+0000] {processor.py:914} INFO - Processing file /home/chirag/airflow/lib/python3.12/site-packages/airflow/example_dags/subdags/subdag.py for tasks to queue
[2024-11-09T19:42:48.144+0000] {logging_mixin.py:190} INFO - [2024-11-09T19:42:48.143+0000] {dagbag.py:588} INFO - Filling up the DagBag from /home/chirag/airflow/lib/python3.12/site-packages/airflow/example_dags/subdags/subdag.py
[2024-11-09T19:42:48.148+0000] {processor.py:927} WARNING - No viable dags retrieved from /home/chirag/airflow/lib/python3.12/site-packages/airflow/example_dags/subdags/subdag.py
[2024-11-09T19:42:48.170+0000] {processor.py:208} INFO - Processing /home/chirag/airflow/lib/python3.12/site-packages/airflow/example_dags/subdags/subdag.py took 0.042 seconds
[2024-11-09T19:44:09.095+0000] {processor.py:186} INFO - Started process (PID=4291) to work on /home/chirag/airflow/lib/python3.12/site-packages/airflow/example_dags/subdags/subdag.py
[2024-11-09T19:44:09.098+0000] {processor.py:914} INFO - Processing file /home/chirag/airflow/lib/python3.12/site-packages/airflow/example_dags/subdags/subdag.py for tasks to queue
[2024-11-09T19:44:09.102+0000] {logging_mixin.py:190} INFO - [2024-11-09T19:44:09.101+0000] {dagbag.py:588} INFO - Filling up the DagBag from /home/chirag/airflow/lib/python3.12/site-packages/airflow/example_dags/subdags/subdag.py
[2024-11-09T19:44:09.105+0000] {processor.py:927} WARNING - No viable dags retrieved from /home/chirag/airflow/lib/python3.12/site-packages/airflow/example_dags/subdags/subdag.py
[2024-11-09T19:44:09.121+0000] {processor.py:208} INFO - Processing /home/chirag/airflow/lib/python3.12/site-packages/airflow/example_dags/subdags/subdag.py took 0.034 seconds
[2024-11-09T19:45:17.852+0000] {processor.py:186} INFO - Started process (PID=4493) to work on /home/chirag/airflow/lib/python3.12/site-packages/airflow/example_dags/subdags/subdag.py
[2024-11-09T19:45:17.856+0000] {processor.py:914} INFO - Processing file /home/chirag/airflow/lib/python3.12/site-packages/airflow/example_dags/subdags/subdag.py for tasks to queue
[2024-11-09T19:45:17.861+0000] {logging_mixin.py:190} INFO - [2024-11-09T19:45:17.859+0000] {dagbag.py:588} INFO - Filling up the DagBag from /home/chirag/airflow/lib/python3.12/site-packages/airflow/example_dags/subdags/subdag.py
[2024-11-09T19:45:17.866+0000] {processor.py:927} WARNING - No viable dags retrieved from /home/chirag/airflow/lib/python3.12/site-packages/airflow/example_dags/subdags/subdag.py
[2024-11-09T19:45:17.885+0000] {processor.py:208} INFO - Processing /home/chirag/airflow/lib/python3.12/site-packages/airflow/example_dags/subdags/subdag.py took 0.044 seconds
[2024-11-09T19:46:30.425+0000] {processor.py:186} INFO - Started process (PID=4698) to work on /home/chirag/airflow/lib/python3.12/site-packages/airflow/example_dags/subdags/subdag.py
[2024-11-09T19:46:30.428+0000] {processor.py:914} INFO - Processing file /home/chirag/airflow/lib/python3.12/site-packages/airflow/example_dags/subdags/subdag.py for tasks to queue
[2024-11-09T19:46:30.432+0000] {logging_mixin.py:190} INFO - [2024-11-09T19:46:30.431+0000] {dagbag.py:588} INFO - Filling up the DagBag from /home/chirag/airflow/lib/python3.12/site-packages/airflow/example_dags/subdags/subdag.py
[2024-11-09T19:46:30.435+0000] {processor.py:927} WARNING - No viable dags retrieved from /home/chirag/airflow/lib/python3.12/site-packages/airflow/example_dags/subdags/subdag.py
[2024-11-09T19:46:30.451+0000] {processor.py:208} INFO - Processing /home/chirag/airflow/lib/python3.12/site-packages/airflow/example_dags/subdags/subdag.py took 0.034 seconds
[2024-11-09T19:47:20.859+0000] {processor.py:186} INFO - Started process (PID=4880) to work on /home/chirag/airflow/lib/python3.12/site-packages/airflow/example_dags/subdags/subdag.py
[2024-11-09T19:47:20.864+0000] {processor.py:914} INFO - Processing file /home/chirag/airflow/lib/python3.12/site-packages/airflow/example_dags/subdags/subdag.py for tasks to queue
[2024-11-09T19:47:20.869+0000] {logging_mixin.py:190} INFO - [2024-11-09T19:47:20.868+0000] {dagbag.py:588} INFO - Filling up the DagBag from /home/chirag/airflow/lib/python3.12/site-packages/airflow/example_dags/subdags/subdag.py
[2024-11-09T19:47:20.874+0000] {processor.py:927} WARNING - No viable dags retrieved from /home/chirag/airflow/lib/python3.12/site-packages/airflow/example_dags/subdags/subdag.py
[2024-11-09T19:47:20.896+0000] {processor.py:208} INFO - Processing /home/chirag/airflow/lib/python3.12/site-packages/airflow/example_dags/subdags/subdag.py took 0.047 seconds
[2024-11-09T19:48:36.116+0000] {processor.py:186} INFO - Started process (PID=5105) to work on /home/chirag/airflow/lib/python3.12/site-packages/airflow/example_dags/subdags/subdag.py
[2024-11-09T19:48:36.119+0000] {processor.py:914} INFO - Processing file /home/chirag/airflow/lib/python3.12/site-packages/airflow/example_dags/subdags/subdag.py for tasks to queue
[2024-11-09T19:48:36.123+0000] {logging_mixin.py:190} INFO - [2024-11-09T19:48:36.122+0000] {dagbag.py:588} INFO - Filling up the DagBag from /home/chirag/airflow/lib/python3.12/site-packages/airflow/example_dags/subdags/subdag.py
[2024-11-09T19:48:36.126+0000] {processor.py:927} WARNING - No viable dags retrieved from /home/chirag/airflow/lib/python3.12/site-packages/airflow/example_dags/subdags/subdag.py
[2024-11-09T19:48:36.142+0000] {processor.py:208} INFO - Processing /home/chirag/airflow/lib/python3.12/site-packages/airflow/example_dags/subdags/subdag.py took 0.034 seconds
[2024-11-09T19:49:50.250+0000] {processor.py:186} INFO - Started process (PID=5371) to work on /home/chirag/airflow/lib/python3.12/site-packages/airflow/example_dags/subdags/subdag.py
[2024-11-09T19:49:50.266+0000] {processor.py:914} INFO - Processing file /home/chirag/airflow/lib/python3.12/site-packages/airflow/example_dags/subdags/subdag.py for tasks to queue
[2024-11-09T19:49:50.271+0000] {logging_mixin.py:190} INFO - [2024-11-09T19:49:50.270+0000] {dagbag.py:588} INFO - Filling up the DagBag from /home/chirag/airflow/lib/python3.12/site-packages/airflow/example_dags/subdags/subdag.py
[2024-11-09T19:49:50.276+0000] {processor.py:927} WARNING - No viable dags retrieved from /home/chirag/airflow/lib/python3.12/site-packages/airflow/example_dags/subdags/subdag.py
[2024-11-09T19:49:50.308+0000] {processor.py:208} INFO - Processing /home/chirag/airflow/lib/python3.12/site-packages/airflow/example_dags/subdags/subdag.py took 0.081 seconds
[2024-11-09T19:51:01.403+0000] {processor.py:186} INFO - Started process (PID=5976) to work on /home/chirag/airflow/lib/python3.12/site-packages/airflow/example_dags/subdags/subdag.py
[2024-11-09T19:51:01.406+0000] {processor.py:914} INFO - Processing file /home/chirag/airflow/lib/python3.12/site-packages/airflow/example_dags/subdags/subdag.py for tasks to queue
[2024-11-09T19:51:01.410+0000] {logging_mixin.py:190} INFO - [2024-11-09T19:51:01.409+0000] {dagbag.py:588} INFO - Filling up the DagBag from /home/chirag/airflow/lib/python3.12/site-packages/airflow/example_dags/subdags/subdag.py
[2024-11-09T19:51:01.414+0000] {processor.py:927} WARNING - No viable dags retrieved from /home/chirag/airflow/lib/python3.12/site-packages/airflow/example_dags/subdags/subdag.py
[2024-11-09T19:51:01.430+0000] {processor.py:208} INFO - Processing /home/chirag/airflow/lib/python3.12/site-packages/airflow/example_dags/subdags/subdag.py took 0.036 seconds
[2024-11-09T19:52:22.843+0000] {processor.py:186} INFO - Started process (PID=6344) to work on /home/chirag/airflow/lib/python3.12/site-packages/airflow/example_dags/subdags/subdag.py
[2024-11-09T19:52:22.845+0000] {processor.py:914} INFO - Processing file /home/chirag/airflow/lib/python3.12/site-packages/airflow/example_dags/subdags/subdag.py for tasks to queue
[2024-11-09T19:52:22.849+0000] {logging_mixin.py:190} INFO - [2024-11-09T19:52:22.848+0000] {dagbag.py:588} INFO - Filling up the DagBag from /home/chirag/airflow/lib/python3.12/site-packages/airflow/example_dags/subdags/subdag.py
[2024-11-09T19:52:22.854+0000] {processor.py:927} WARNING - No viable dags retrieved from /home/chirag/airflow/lib/python3.12/site-packages/airflow/example_dags/subdags/subdag.py
[2024-11-09T19:52:22.877+0000] {processor.py:208} INFO - Processing /home/chirag/airflow/lib/python3.12/site-packages/airflow/example_dags/subdags/subdag.py took 0.045 seconds
[2024-11-09T19:53:16.433+0000] {processor.py:186} INFO - Started process (PID=6681) to work on /home/chirag/airflow/lib/python3.12/site-packages/airflow/example_dags/subdags/subdag.py
[2024-11-09T19:53:16.436+0000] {processor.py:914} INFO - Processing file /home/chirag/airflow/lib/python3.12/site-packages/airflow/example_dags/subdags/subdag.py for tasks to queue
[2024-11-09T19:53:16.441+0000] {logging_mixin.py:190} INFO - [2024-11-09T19:53:16.440+0000] {dagbag.py:588} INFO - Filling up the DagBag from /home/chirag/airflow/lib/python3.12/site-packages/airflow/example_dags/subdags/subdag.py
[2024-11-09T19:53:16.446+0000] {processor.py:927} WARNING - No viable dags retrieved from /home/chirag/airflow/lib/python3.12/site-packages/airflow/example_dags/subdags/subdag.py
[2024-11-09T19:53:16.464+0000] {processor.py:208} INFO - Processing /home/chirag/airflow/lib/python3.12/site-packages/airflow/example_dags/subdags/subdag.py took 0.045 seconds
[2024-11-09T19:54:03.026+0000] {processor.py:186} INFO - Started process (PID=6958) to work on /home/chirag/airflow/lib/python3.12/site-packages/airflow/example_dags/subdags/subdag.py
[2024-11-09T19:54:03.031+0000] {processor.py:914} INFO - Processing file /home/chirag/airflow/lib/python3.12/site-packages/airflow/example_dags/subdags/subdag.py for tasks to queue
[2024-11-09T19:54:03.035+0000] {logging_mixin.py:190} INFO - [2024-11-09T19:54:03.034+0000] {dagbag.py:588} INFO - Filling up the DagBag from /home/chirag/airflow/lib/python3.12/site-packages/airflow/example_dags/subdags/subdag.py
[2024-11-09T19:54:03.038+0000] {processor.py:927} WARNING - No viable dags retrieved from /home/chirag/airflow/lib/python3.12/site-packages/airflow/example_dags/subdags/subdag.py
[2024-11-09T19:54:03.054+0000] {processor.py:208} INFO - Processing /home/chirag/airflow/lib/python3.12/site-packages/airflow/example_dags/subdags/subdag.py took 0.037 seconds
[2024-11-09T19:55:18.594+0000] {processor.py:186} INFO - Started process (PID=7558) to work on /home/chirag/airflow/lib/python3.12/site-packages/airflow/example_dags/subdags/subdag.py
[2024-11-09T19:55:18.597+0000] {processor.py:914} INFO - Processing file /home/chirag/airflow/lib/python3.12/site-packages/airflow/example_dags/subdags/subdag.py for tasks to queue
[2024-11-09T19:55:18.601+0000] {logging_mixin.py:190} INFO - [2024-11-09T19:55:18.600+0000] {dagbag.py:588} INFO - Filling up the DagBag from /home/chirag/airflow/lib/python3.12/site-packages/airflow/example_dags/subdags/subdag.py
[2024-11-09T19:55:18.604+0000] {processor.py:927} WARNING - No viable dags retrieved from /home/chirag/airflow/lib/python3.12/site-packages/airflow/example_dags/subdags/subdag.py
[2024-11-09T19:55:18.622+0000] {processor.py:208} INFO - Processing /home/chirag/airflow/lib/python3.12/site-packages/airflow/example_dags/subdags/subdag.py took 0.037 seconds
[2024-11-09T19:56:48.041+0000] {processor.py:186} INFO - Started process (PID=8005) to work on /home/chirag/airflow/lib/python3.12/site-packages/airflow/example_dags/subdags/subdag.py
[2024-11-09T19:56:48.050+0000] {processor.py:914} INFO - Processing file /home/chirag/airflow/lib/python3.12/site-packages/airflow/example_dags/subdags/subdag.py for tasks to queue
[2024-11-09T19:56:48.059+0000] {logging_mixin.py:190} INFO - [2024-11-09T19:56:48.058+0000] {dagbag.py:588} INFO - Filling up the DagBag from /home/chirag/airflow/lib/python3.12/site-packages/airflow/example_dags/subdags/subdag.py
[2024-11-09T19:56:48.073+0000] {processor.py:927} WARNING - No viable dags retrieved from /home/chirag/airflow/lib/python3.12/site-packages/airflow/example_dags/subdags/subdag.py
[2024-11-09T19:56:48.156+0000] {processor.py:208} INFO - Processing /home/chirag/airflow/lib/python3.12/site-packages/airflow/example_dags/subdags/subdag.py took 0.135 seconds
[2024-11-09T19:57:50.023+0000] {processor.py:186} INFO - Started process (PID=8206) to work on /home/chirag/airflow/lib/python3.12/site-packages/airflow/example_dags/subdags/subdag.py
[2024-11-09T19:57:50.029+0000] {processor.py:914} INFO - Processing file /home/chirag/airflow/lib/python3.12/site-packages/airflow/example_dags/subdags/subdag.py for tasks to queue
[2024-11-09T19:57:50.035+0000] {logging_mixin.py:190} INFO - [2024-11-09T19:57:50.034+0000] {dagbag.py:588} INFO - Filling up the DagBag from /home/chirag/airflow/lib/python3.12/site-packages/airflow/example_dags/subdags/subdag.py
[2024-11-09T19:57:50.050+0000] {processor.py:927} WARNING - No viable dags retrieved from /home/chirag/airflow/lib/python3.12/site-packages/airflow/example_dags/subdags/subdag.py
[2024-11-09T19:57:50.095+0000] {processor.py:208} INFO - Processing /home/chirag/airflow/lib/python3.12/site-packages/airflow/example_dags/subdags/subdag.py took 0.098 seconds
[2024-11-09T19:58:50.309+0000] {processor.py:186} INFO - Started process (PID=8500) to work on /home/chirag/airflow/lib/python3.12/site-packages/airflow/example_dags/subdags/subdag.py
[2024-11-09T19:58:50.315+0000] {processor.py:914} INFO - Processing file /home/chirag/airflow/lib/python3.12/site-packages/airflow/example_dags/subdags/subdag.py for tasks to queue
[2024-11-09T19:58:50.325+0000] {logging_mixin.py:190} INFO - [2024-11-09T19:58:50.324+0000] {dagbag.py:588} INFO - Filling up the DagBag from /home/chirag/airflow/lib/python3.12/site-packages/airflow/example_dags/subdags/subdag.py
[2024-11-09T19:58:50.331+0000] {processor.py:927} WARNING - No viable dags retrieved from /home/chirag/airflow/lib/python3.12/site-packages/airflow/example_dags/subdags/subdag.py
[2024-11-09T19:58:50.367+0000] {processor.py:208} INFO - Processing /home/chirag/airflow/lib/python3.12/site-packages/airflow/example_dags/subdags/subdag.py took 0.075 seconds
[2024-11-09T20:22:24.928+0000] {processor.py:186} INFO - Started process (PID=12643) to work on /home/chirag/airflow/lib/python3.12/site-packages/airflow/example_dags/subdags/subdag.py
[2024-11-09T20:22:24.931+0000] {processor.py:914} INFO - Processing file /home/chirag/airflow/lib/python3.12/site-packages/airflow/example_dags/subdags/subdag.py for tasks to queue
[2024-11-09T20:22:24.934+0000] {logging_mixin.py:190} INFO - [2024-11-09T20:22:24.933+0000] {dagbag.py:588} INFO - Filling up the DagBag from /home/chirag/airflow/lib/python3.12/site-packages/airflow/example_dags/subdags/subdag.py
[2024-11-09T20:22:24.937+0000] {processor.py:927} WARNING - No viable dags retrieved from /home/chirag/airflow/lib/python3.12/site-packages/airflow/example_dags/subdags/subdag.py
[2024-11-09T20:22:24.953+0000] {processor.py:208} INFO - Processing /home/chirag/airflow/lib/python3.12/site-packages/airflow/example_dags/subdags/subdag.py took 0.033 seconds
[2024-11-09T20:23:32.166+0000] {processor.py:186} INFO - Started process (PID=12835) to work on /home/chirag/airflow/lib/python3.12/site-packages/airflow/example_dags/subdags/subdag.py
[2024-11-09T20:23:32.170+0000] {processor.py:914} INFO - Processing file /home/chirag/airflow/lib/python3.12/site-packages/airflow/example_dags/subdags/subdag.py for tasks to queue
[2024-11-09T20:23:32.177+0000] {logging_mixin.py:190} INFO - [2024-11-09T20:23:32.176+0000] {dagbag.py:588} INFO - Filling up the DagBag from /home/chirag/airflow/lib/python3.12/site-packages/airflow/example_dags/subdags/subdag.py
[2024-11-09T20:23:32.182+0000] {processor.py:927} WARNING - No viable dags retrieved from /home/chirag/airflow/lib/python3.12/site-packages/airflow/example_dags/subdags/subdag.py
[2024-11-09T20:23:32.210+0000] {processor.py:208} INFO - Processing /home/chirag/airflow/lib/python3.12/site-packages/airflow/example_dags/subdags/subdag.py took 0.053 seconds
[2024-11-09T20:24:44.894+0000] {processor.py:186} INFO - Started process (PID=13043) to work on /home/chirag/airflow/lib/python3.12/site-packages/airflow/example_dags/subdags/subdag.py
[2024-11-09T20:24:44.897+0000] {processor.py:914} INFO - Processing file /home/chirag/airflow/lib/python3.12/site-packages/airflow/example_dags/subdags/subdag.py for tasks to queue
[2024-11-09T20:24:44.901+0000] {logging_mixin.py:190} INFO - [2024-11-09T20:24:44.900+0000] {dagbag.py:588} INFO - Filling up the DagBag from /home/chirag/airflow/lib/python3.12/site-packages/airflow/example_dags/subdags/subdag.py
[2024-11-09T20:24:44.904+0000] {processor.py:927} WARNING - No viable dags retrieved from /home/chirag/airflow/lib/python3.12/site-packages/airflow/example_dags/subdags/subdag.py
[2024-11-09T20:24:44.920+0000] {processor.py:208} INFO - Processing /home/chirag/airflow/lib/python3.12/site-packages/airflow/example_dags/subdags/subdag.py took 0.034 seconds
[2024-11-09T20:26:20.728+0000] {processor.py:186} INFO - Started process (PID=13569) to work on /home/chirag/airflow/lib/python3.12/site-packages/airflow/example_dags/subdags/subdag.py
[2024-11-09T20:26:20.732+0000] {processor.py:914} INFO - Processing file /home/chirag/airflow/lib/python3.12/site-packages/airflow/example_dags/subdags/subdag.py for tasks to queue
[2024-11-09T20:26:20.736+0000] {logging_mixin.py:190} INFO - [2024-11-09T20:26:20.735+0000] {dagbag.py:588} INFO - Filling up the DagBag from /home/chirag/airflow/lib/python3.12/site-packages/airflow/example_dags/subdags/subdag.py
[2024-11-09T20:26:20.740+0000] {processor.py:927} WARNING - No viable dags retrieved from /home/chirag/airflow/lib/python3.12/site-packages/airflow/example_dags/subdags/subdag.py
[2024-11-09T20:26:20.761+0000] {processor.py:208} INFO - Processing /home/chirag/airflow/lib/python3.12/site-packages/airflow/example_dags/subdags/subdag.py took 0.041 seconds
[2024-11-09T20:27:22.284+0000] {processor.py:186} INFO - Started process (PID=13832) to work on /home/chirag/airflow/lib/python3.12/site-packages/airflow/example_dags/subdags/subdag.py
[2024-11-09T20:27:22.288+0000] {processor.py:914} INFO - Processing file /home/chirag/airflow/lib/python3.12/site-packages/airflow/example_dags/subdags/subdag.py for tasks to queue
[2024-11-09T20:27:22.292+0000] {logging_mixin.py:190} INFO - [2024-11-09T20:27:22.291+0000] {dagbag.py:588} INFO - Filling up the DagBag from /home/chirag/airflow/lib/python3.12/site-packages/airflow/example_dags/subdags/subdag.py
[2024-11-09T20:27:22.295+0000] {processor.py:927} WARNING - No viable dags retrieved from /home/chirag/airflow/lib/python3.12/site-packages/airflow/example_dags/subdags/subdag.py
[2024-11-09T20:27:22.311+0000] {processor.py:208} INFO - Processing /home/chirag/airflow/lib/python3.12/site-packages/airflow/example_dags/subdags/subdag.py took 0.035 seconds
[2024-11-09T20:28:11.871+0000] {processor.py:186} INFO - Started process (PID=14019) to work on /home/chirag/airflow/lib/python3.12/site-packages/airflow/example_dags/subdags/subdag.py
[2024-11-09T20:28:11.875+0000] {processor.py:914} INFO - Processing file /home/chirag/airflow/lib/python3.12/site-packages/airflow/example_dags/subdags/subdag.py for tasks to queue
[2024-11-09T20:28:11.879+0000] {logging_mixin.py:190} INFO - [2024-11-09T20:28:11.878+0000] {dagbag.py:588} INFO - Filling up the DagBag from /home/chirag/airflow/lib/python3.12/site-packages/airflow/example_dags/subdags/subdag.py
[2024-11-09T20:28:11.883+0000] {processor.py:927} WARNING - No viable dags retrieved from /home/chirag/airflow/lib/python3.12/site-packages/airflow/example_dags/subdags/subdag.py
[2024-11-09T20:28:11.899+0000] {processor.py:208} INFO - Processing /home/chirag/airflow/lib/python3.12/site-packages/airflow/example_dags/subdags/subdag.py took 0.036 seconds
