[2024-11-09T19:17:14.688+0000] {processor.py:186} INFO - Started process (PID=94674) to work on /home/chirag/airflow/lib/python3.12/site-packages/airflow/example_dags/example_latest_only_with_trigger.py
[2024-11-09T19:17:14.698+0000] {processor.py:914} INFO - Processing file /home/chirag/airflow/lib/python3.12/site-packages/airflow/example_dags/example_latest_only_with_trigger.py for tasks to queue
[2024-11-09T19:17:14.704+0000] {logging_mixin.py:190} INFO - [2024-11-09T19:17:14.703+0000] {dagbag.py:588} INFO - Filling up the DagBag from /home/chirag/airflow/lib/python3.12/site-packages/airflow/example_dags/example_latest_only_with_trigger.py
[2024-11-09T19:17:14.736+0000] {processor.py:925} INFO - DAG(s) 'latest_only_with_trigger' retrieved from /home/chirag/airflow/lib/python3.12/site-packages/airflow/example_dags/example_latest_only_with_trigger.py
[2024-11-09T19:17:15.199+0000] {logging_mixin.py:190} INFO - [2024-11-09T19:17:15.198+0000] {override.py:1911} INFO - Created Permission View: can delete on DAG:latest_only_with_trigger
[2024-11-09T19:17:15.257+0000] {logging_mixin.py:190} INFO - [2024-11-09T19:17:15.256+0000] {override.py:1911} INFO - Created Permission View: can read on DAG:latest_only_with_trigger
[2024-11-09T19:17:15.310+0000] {logging_mixin.py:190} INFO - [2024-11-09T19:17:15.309+0000] {override.py:1911} INFO - Created Permission View: can edit on DAG:latest_only_with_trigger
[2024-11-09T19:17:15.396+0000] {logging_mixin.py:190} INFO - [2024-11-09T19:17:15.395+0000] {override.py:1911} INFO - Created Permission View: menu access on DAG Run:latest_only_with_trigger
[2024-11-09T19:17:15.436+0000] {logging_mixin.py:190} INFO - [2024-11-09T19:17:15.436+0000] {override.py:1911} INFO - Created Permission View: can delete on DAG Run:latest_only_with_trigger
[2024-11-09T19:17:15.481+0000] {logging_mixin.py:190} INFO - [2024-11-09T19:17:15.479+0000] {override.py:1911} INFO - Created Permission View: can read on DAG Run:latest_only_with_trigger
[2024-11-09T19:17:15.514+0000] {logging_mixin.py:190} INFO - [2024-11-09T19:17:15.513+0000] {override.py:1911} INFO - Created Permission View: can create on DAG Run:latest_only_with_trigger
[2024-11-09T19:17:15.516+0000] {logging_mixin.py:190} INFO - [2024-11-09T19:17:15.515+0000] {dag.py:3239} INFO - Sync 1 DAGs
[2024-11-09T19:17:15.560+0000] {logging_mixin.py:190} INFO - [2024-11-09T19:17:15.559+0000] {dag.py:3262} INFO - Creating ORM DAG for latest_only_with_trigger
[2024-11-09T19:17:15.598+0000] {logging_mixin.py:190} INFO - [2024-11-09T19:17:15.597+0000] {dag.py:4180} INFO - Setting next_dagrun for latest_only_with_trigger to 2024-11-09 12:00:00+00:00, run_after=2024-11-09 16:00:00+00:00
[2024-11-09T19:17:15.775+0000] {processor.py:208} INFO - Processing /home/chirag/airflow/lib/python3.12/site-packages/airflow/example_dags/example_latest_only_with_trigger.py took 1.106 seconds
[2024-11-09T19:18:53.874+0000] {processor.py:186} INFO - Started process (PID=94898) to work on /home/chirag/airflow/lib/python3.12/site-packages/airflow/example_dags/example_latest_only_with_trigger.py
[2024-11-09T19:18:53.877+0000] {processor.py:914} INFO - Processing file /home/chirag/airflow/lib/python3.12/site-packages/airflow/example_dags/example_latest_only_with_trigger.py for tasks to queue
[2024-11-09T19:18:53.881+0000] {logging_mixin.py:190} INFO - [2024-11-09T19:18:53.880+0000] {dagbag.py:588} INFO - Filling up the DagBag from /home/chirag/airflow/lib/python3.12/site-packages/airflow/example_dags/example_latest_only_with_trigger.py
[2024-11-09T19:18:53.896+0000] {processor.py:925} INFO - DAG(s) 'latest_only_with_trigger' retrieved from /home/chirag/airflow/lib/python3.12/site-packages/airflow/example_dags/example_latest_only_with_trigger.py
[2024-11-09T19:18:53.929+0000] {logging_mixin.py:190} INFO - [2024-11-09T19:18:53.928+0000] {dag.py:3239} INFO - Sync 1 DAGs
[2024-11-09T19:18:53.965+0000] {logging_mixin.py:190} INFO - [2024-11-09T19:18:53.964+0000] {dag.py:4180} INFO - Setting next_dagrun for latest_only_with_trigger to 2024-11-09 12:00:00+00:00, run_after=2024-11-09 16:00:00+00:00
[2024-11-09T19:18:54.009+0000] {processor.py:208} INFO - Processing /home/chirag/airflow/lib/python3.12/site-packages/airflow/example_dags/example_latest_only_with_trigger.py took 0.145 seconds
[2024-11-09T19:28:10.853+0000] {processor.py:186} INFO - Started process (PID=490) to work on /home/chirag/airflow/lib/python3.12/site-packages/airflow/example_dags/example_latest_only_with_trigger.py
[2024-11-09T19:28:10.855+0000] {processor.py:914} INFO - Processing file /home/chirag/airflow/lib/python3.12/site-packages/airflow/example_dags/example_latest_only_with_trigger.py for tasks to queue
[2024-11-09T19:28:10.858+0000] {logging_mixin.py:190} INFO - [2024-11-09T19:28:10.857+0000] {dagbag.py:588} INFO - Filling up the DagBag from /home/chirag/airflow/lib/python3.12/site-packages/airflow/example_dags/example_latest_only_with_trigger.py
[2024-11-09T19:28:10.869+0000] {processor.py:925} INFO - DAG(s) 'latest_only_with_trigger' retrieved from /home/chirag/airflow/lib/python3.12/site-packages/airflow/example_dags/example_latest_only_with_trigger.py
[2024-11-09T19:28:10.892+0000] {logging_mixin.py:190} INFO - [2024-11-09T19:28:10.891+0000] {dag.py:3239} INFO - Sync 1 DAGs
[2024-11-09T19:28:10.919+0000] {logging_mixin.py:190} INFO - [2024-11-09T19:28:10.919+0000] {dag.py:4180} INFO - Setting next_dagrun for latest_only_with_trigger to 2024-11-09 12:00:00+00:00, run_after=2024-11-09 16:00:00+00:00
[2024-11-09T19:28:10.954+0000] {processor.py:208} INFO - Processing /home/chirag/airflow/lib/python3.12/site-packages/airflow/example_dags/example_latest_only_with_trigger.py took 0.109 seconds
[2024-11-09T19:29:25.838+0000] {processor.py:186} INFO - Started process (PID=578) to work on /home/chirag/airflow/lib/python3.12/site-packages/airflow/example_dags/example_latest_only_with_trigger.py
[2024-11-09T19:29:25.841+0000] {processor.py:914} INFO - Processing file /home/chirag/airflow/lib/python3.12/site-packages/airflow/example_dags/example_latest_only_with_trigger.py for tasks to queue
[2024-11-09T19:29:25.844+0000] {logging_mixin.py:190} INFO - [2024-11-09T19:29:25.844+0000] {dagbag.py:588} INFO - Filling up the DagBag from /home/chirag/airflow/lib/python3.12/site-packages/airflow/example_dags/example_latest_only_with_trigger.py
[2024-11-09T19:29:25.855+0000] {processor.py:925} INFO - DAG(s) 'latest_only_with_trigger' retrieved from /home/chirag/airflow/lib/python3.12/site-packages/airflow/example_dags/example_latest_only_with_trigger.py
[2024-11-09T19:29:25.878+0000] {logging_mixin.py:190} INFO - [2024-11-09T19:29:25.878+0000] {dag.py:3239} INFO - Sync 1 DAGs
[2024-11-09T19:29:25.905+0000] {logging_mixin.py:190} INFO - [2024-11-09T19:29:25.905+0000] {dag.py:4180} INFO - Setting next_dagrun for latest_only_with_trigger to 2024-11-09 12:00:00+00:00, run_after=2024-11-09 16:00:00+00:00
[2024-11-09T19:29:25.939+0000] {processor.py:208} INFO - Processing /home/chirag/airflow/lib/python3.12/site-packages/airflow/example_dags/example_latest_only_with_trigger.py took 0.108 seconds
[2024-11-09T19:30:44.113+0000] {processor.py:186} INFO - Started process (PID=653) to work on /home/chirag/airflow/lib/python3.12/site-packages/airflow/example_dags/example_latest_only_with_trigger.py
[2024-11-09T19:30:44.117+0000] {processor.py:914} INFO - Processing file /home/chirag/airflow/lib/python3.12/site-packages/airflow/example_dags/example_latest_only_with_trigger.py for tasks to queue
[2024-11-09T19:30:44.121+0000] {logging_mixin.py:190} INFO - [2024-11-09T19:30:44.120+0000] {dagbag.py:588} INFO - Filling up the DagBag from /home/chirag/airflow/lib/python3.12/site-packages/airflow/example_dags/example_latest_only_with_trigger.py
[2024-11-09T19:30:44.140+0000] {processor.py:925} INFO - DAG(s) 'latest_only_with_trigger' retrieved from /home/chirag/airflow/lib/python3.12/site-packages/airflow/example_dags/example_latest_only_with_trigger.py
[2024-11-09T19:30:44.190+0000] {logging_mixin.py:190} INFO - [2024-11-09T19:30:44.188+0000] {dag.py:3239} INFO - Sync 1 DAGs
[2024-11-09T19:30:44.237+0000] {logging_mixin.py:190} INFO - [2024-11-09T19:30:44.236+0000] {dag.py:4180} INFO - Setting next_dagrun for latest_only_with_trigger to 2024-11-09 12:00:00+00:00, run_after=2024-11-09 16:00:00+00:00
[2024-11-09T19:30:44.305+0000] {processor.py:208} INFO - Processing /home/chirag/airflow/lib/python3.12/site-packages/airflow/example_dags/example_latest_only_with_trigger.py took 0.202 seconds
[2024-11-09T19:32:21.283+0000] {processor.py:186} INFO - Started process (PID=1387) to work on /home/chirag/airflow/lib/python3.12/site-packages/airflow/example_dags/example_latest_only_with_trigger.py
[2024-11-09T19:32:21.290+0000] {processor.py:914} INFO - Processing file /home/chirag/airflow/lib/python3.12/site-packages/airflow/example_dags/example_latest_only_with_trigger.py for tasks to queue
[2024-11-09T19:32:21.295+0000] {logging_mixin.py:190} INFO - [2024-11-09T19:32:21.294+0000] {dagbag.py:588} INFO - Filling up the DagBag from /home/chirag/airflow/lib/python3.12/site-packages/airflow/example_dags/example_latest_only_with_trigger.py
[2024-11-09T19:32:21.328+0000] {processor.py:925} INFO - DAG(s) 'latest_only_with_trigger' retrieved from /home/chirag/airflow/lib/python3.12/site-packages/airflow/example_dags/example_latest_only_with_trigger.py
[2024-11-09T19:32:21.421+0000] {logging_mixin.py:190} INFO - [2024-11-09T19:32:21.421+0000] {dag.py:3239} INFO - Sync 1 DAGs
[2024-11-09T19:32:21.540+0000] {logging_mixin.py:190} INFO - [2024-11-09T19:32:21.539+0000] {dag.py:4180} INFO - Setting next_dagrun for latest_only_with_trigger to 2024-11-09 12:00:00+00:00, run_after=2024-11-09 16:00:00+00:00
[2024-11-09T19:32:21.869+0000] {processor.py:208} INFO - Processing /home/chirag/airflow/lib/python3.12/site-packages/airflow/example_dags/example_latest_only_with_trigger.py took 0.609 seconds
[2024-11-09T19:33:46.811+0000] {processor.py:186} INFO - Started process (PID=2006) to work on /home/chirag/airflow/lib/python3.12/site-packages/airflow/example_dags/example_latest_only_with_trigger.py
[2024-11-09T19:33:46.814+0000] {processor.py:914} INFO - Processing file /home/chirag/airflow/lib/python3.12/site-packages/airflow/example_dags/example_latest_only_with_trigger.py for tasks to queue
[2024-11-09T19:33:46.819+0000] {logging_mixin.py:190} INFO - [2024-11-09T19:33:46.818+0000] {dagbag.py:588} INFO - Filling up the DagBag from /home/chirag/airflow/lib/python3.12/site-packages/airflow/example_dags/example_latest_only_with_trigger.py
[2024-11-09T19:33:46.834+0000] {processor.py:925} INFO - DAG(s) 'latest_only_with_trigger' retrieved from /home/chirag/airflow/lib/python3.12/site-packages/airflow/example_dags/example_latest_only_with_trigger.py
[2024-11-09T19:33:46.858+0000] {logging_mixin.py:190} INFO - [2024-11-09T19:33:46.858+0000] {dag.py:3239} INFO - Sync 1 DAGs
[2024-11-09T19:33:46.886+0000] {logging_mixin.py:190} INFO - [2024-11-09T19:33:46.885+0000] {dag.py:4180} INFO - Setting next_dagrun for latest_only_with_trigger to 2024-11-09 12:00:00+00:00, run_after=2024-11-09 16:00:00+00:00
[2024-11-09T19:33:46.925+0000] {processor.py:208} INFO - Processing /home/chirag/airflow/lib/python3.12/site-packages/airflow/example_dags/example_latest_only_with_trigger.py took 0.129 seconds
[2024-11-09T19:35:11.988+0000] {processor.py:186} INFO - Started process (PID=2617) to work on /home/chirag/airflow/lib/python3.12/site-packages/airflow/example_dags/example_latest_only_with_trigger.py
[2024-11-09T19:35:11.990+0000] {processor.py:914} INFO - Processing file /home/chirag/airflow/lib/python3.12/site-packages/airflow/example_dags/example_latest_only_with_trigger.py for tasks to queue
[2024-11-09T19:35:11.994+0000] {logging_mixin.py:190} INFO - [2024-11-09T19:35:11.993+0000] {dagbag.py:588} INFO - Filling up the DagBag from /home/chirag/airflow/lib/python3.12/site-packages/airflow/example_dags/example_latest_only_with_trigger.py
[2024-11-09T19:35:12.008+0000] {processor.py:925} INFO - DAG(s) 'latest_only_with_trigger' retrieved from /home/chirag/airflow/lib/python3.12/site-packages/airflow/example_dags/example_latest_only_with_trigger.py
[2024-11-09T19:35:12.031+0000] {logging_mixin.py:190} INFO - [2024-11-09T19:35:12.031+0000] {dag.py:3239} INFO - Sync 1 DAGs
[2024-11-09T19:35:12.062+0000] {logging_mixin.py:190} INFO - [2024-11-09T19:35:12.062+0000] {dag.py:4180} INFO - Setting next_dagrun for latest_only_with_trigger to 2024-11-09 12:00:00+00:00, run_after=2024-11-09 16:00:00+00:00
[2024-11-09T19:35:12.121+0000] {processor.py:208} INFO - Processing /home/chirag/airflow/lib/python3.12/site-packages/airflow/example_dags/example_latest_only_with_trigger.py took 0.142 seconds
[2024-11-09T19:36:38.517+0000] {processor.py:186} INFO - Started process (PID=2845) to work on /home/chirag/airflow/lib/python3.12/site-packages/airflow/example_dags/example_latest_only_with_trigger.py
[2024-11-09T19:36:38.520+0000] {processor.py:914} INFO - Processing file /home/chirag/airflow/lib/python3.12/site-packages/airflow/example_dags/example_latest_only_with_trigger.py for tasks to queue
[2024-11-09T19:36:38.523+0000] {logging_mixin.py:190} INFO - [2024-11-09T19:36:38.522+0000] {dagbag.py:588} INFO - Filling up the DagBag from /home/chirag/airflow/lib/python3.12/site-packages/airflow/example_dags/example_latest_only_with_trigger.py
[2024-11-09T19:36:38.535+0000] {processor.py:925} INFO - DAG(s) 'latest_only_with_trigger' retrieved from /home/chirag/airflow/lib/python3.12/site-packages/airflow/example_dags/example_latest_only_with_trigger.py
[2024-11-09T19:36:38.561+0000] {logging_mixin.py:190} INFO - [2024-11-09T19:36:38.560+0000] {dag.py:3239} INFO - Sync 1 DAGs
[2024-11-09T19:36:38.590+0000] {logging_mixin.py:190} INFO - [2024-11-09T19:36:38.590+0000] {dag.py:4180} INFO - Setting next_dagrun for latest_only_with_trigger to 2024-11-09 12:00:00+00:00, run_after=2024-11-09 16:00:00+00:00
[2024-11-09T19:36:38.649+0000] {processor.py:208} INFO - Processing /home/chirag/airflow/lib/python3.12/site-packages/airflow/example_dags/example_latest_only_with_trigger.py took 0.141 seconds
[2024-11-09T19:37:47.362+0000] {processor.py:186} INFO - Started process (PID=3089) to work on /home/chirag/airflow/lib/python3.12/site-packages/airflow/example_dags/example_latest_only_with_trigger.py
[2024-11-09T19:37:47.365+0000] {processor.py:914} INFO - Processing file /home/chirag/airflow/lib/python3.12/site-packages/airflow/example_dags/example_latest_only_with_trigger.py for tasks to queue
[2024-11-09T19:37:47.372+0000] {logging_mixin.py:190} INFO - [2024-11-09T19:37:47.371+0000] {dagbag.py:588} INFO - Filling up the DagBag from /home/chirag/airflow/lib/python3.12/site-packages/airflow/example_dags/example_latest_only_with_trigger.py
[2024-11-09T19:37:47.387+0000] {processor.py:925} INFO - DAG(s) 'latest_only_with_trigger' retrieved from /home/chirag/airflow/lib/python3.12/site-packages/airflow/example_dags/example_latest_only_with_trigger.py
[2024-11-09T19:37:47.417+0000] {logging_mixin.py:190} INFO - [2024-11-09T19:37:47.416+0000] {dag.py:3239} INFO - Sync 1 DAGs
[2024-11-09T19:37:47.461+0000] {logging_mixin.py:190} INFO - [2024-11-09T19:37:47.460+0000] {dag.py:4180} INFO - Setting next_dagrun for latest_only_with_trigger to 2024-11-09 12:00:00+00:00, run_after=2024-11-09 16:00:00+00:00
[2024-11-09T19:37:47.497+0000] {processor.py:208} INFO - Processing /home/chirag/airflow/lib/python3.12/site-packages/airflow/example_dags/example_latest_only_with_trigger.py took 0.146 seconds
[2024-11-09T19:38:59.410+0000] {processor.py:186} INFO - Started process (PID=3424) to work on /home/chirag/airflow/lib/python3.12/site-packages/airflow/example_dags/example_latest_only_with_trigger.py
[2024-11-09T19:38:59.413+0000] {processor.py:914} INFO - Processing file /home/chirag/airflow/lib/python3.12/site-packages/airflow/example_dags/example_latest_only_with_trigger.py for tasks to queue
[2024-11-09T19:38:59.417+0000] {logging_mixin.py:190} INFO - [2024-11-09T19:38:59.417+0000] {dagbag.py:588} INFO - Filling up the DagBag from /home/chirag/airflow/lib/python3.12/site-packages/airflow/example_dags/example_latest_only_with_trigger.py
[2024-11-09T19:38:59.429+0000] {processor.py:925} INFO - DAG(s) 'latest_only_with_trigger' retrieved from /home/chirag/airflow/lib/python3.12/site-packages/airflow/example_dags/example_latest_only_with_trigger.py
[2024-11-09T19:38:59.455+0000] {logging_mixin.py:190} INFO - [2024-11-09T19:38:59.455+0000] {dag.py:3239} INFO - Sync 1 DAGs
[2024-11-09T19:38:59.485+0000] {logging_mixin.py:190} INFO - [2024-11-09T19:38:59.485+0000] {dag.py:4180} INFO - Setting next_dagrun for latest_only_with_trigger to 2024-11-09 12:00:00+00:00, run_after=2024-11-09 16:00:00+00:00
[2024-11-09T19:38:59.527+0000] {processor.py:208} INFO - Processing /home/chirag/airflow/lib/python3.12/site-packages/airflow/example_dags/example_latest_only_with_trigger.py took 0.127 seconds
[2024-11-09T19:40:28.366+0000] {processor.py:186} INFO - Started process (PID=3664) to work on /home/chirag/airflow/lib/python3.12/site-packages/airflow/example_dags/example_latest_only_with_trigger.py
[2024-11-09T19:40:28.369+0000] {processor.py:914} INFO - Processing file /home/chirag/airflow/lib/python3.12/site-packages/airflow/example_dags/example_latest_only_with_trigger.py for tasks to queue
[2024-11-09T19:40:28.374+0000] {logging_mixin.py:190} INFO - [2024-11-09T19:40:28.373+0000] {dagbag.py:588} INFO - Filling up the DagBag from /home/chirag/airflow/lib/python3.12/site-packages/airflow/example_dags/example_latest_only_with_trigger.py
[2024-11-09T19:40:28.393+0000] {processor.py:925} INFO - DAG(s) 'latest_only_with_trigger' retrieved from /home/chirag/airflow/lib/python3.12/site-packages/airflow/example_dags/example_latest_only_with_trigger.py
[2024-11-09T19:40:28.430+0000] {logging_mixin.py:190} INFO - [2024-11-09T19:40:28.430+0000] {dag.py:3239} INFO - Sync 1 DAGs
[2024-11-09T19:40:28.465+0000] {logging_mixin.py:190} INFO - [2024-11-09T19:40:28.465+0000] {dag.py:4180} INFO - Setting next_dagrun for latest_only_with_trigger to 2024-11-09 12:00:00+00:00, run_after=2024-11-09 16:00:00+00:00
[2024-11-09T19:40:28.503+0000] {processor.py:208} INFO - Processing /home/chirag/airflow/lib/python3.12/site-packages/airflow/example_dags/example_latest_only_with_trigger.py took 0.148 seconds
[2024-11-09T19:41:41.866+0000] {processor.py:186} INFO - Started process (PID=3866) to work on /home/chirag/airflow/lib/python3.12/site-packages/airflow/example_dags/example_latest_only_with_trigger.py
[2024-11-09T19:41:41.869+0000] {processor.py:914} INFO - Processing file /home/chirag/airflow/lib/python3.12/site-packages/airflow/example_dags/example_latest_only_with_trigger.py for tasks to queue
[2024-11-09T19:41:41.873+0000] {logging_mixin.py:190} INFO - [2024-11-09T19:41:41.872+0000] {dagbag.py:588} INFO - Filling up the DagBag from /home/chirag/airflow/lib/python3.12/site-packages/airflow/example_dags/example_latest_only_with_trigger.py
[2024-11-09T19:41:41.889+0000] {processor.py:925} INFO - DAG(s) 'latest_only_with_trigger' retrieved from /home/chirag/airflow/lib/python3.12/site-packages/airflow/example_dags/example_latest_only_with_trigger.py
[2024-11-09T19:41:41.930+0000] {logging_mixin.py:190} INFO - [2024-11-09T19:41:41.929+0000] {dag.py:3239} INFO - Sync 1 DAGs
[2024-11-09T19:41:41.968+0000] {logging_mixin.py:190} INFO - [2024-11-09T19:41:41.967+0000] {dag.py:4180} INFO - Setting next_dagrun for latest_only_with_trigger to 2024-11-09 12:00:00+00:00, run_after=2024-11-09 16:00:00+00:00
[2024-11-09T19:41:42.001+0000] {processor.py:208} INFO - Processing /home/chirag/airflow/lib/python3.12/site-packages/airflow/example_dags/example_latest_only_with_trigger.py took 0.144 seconds
[2024-11-09T19:42:53.315+0000] {processor.py:186} INFO - Started process (PID=4079) to work on /home/chirag/airflow/lib/python3.12/site-packages/airflow/example_dags/example_latest_only_with_trigger.py
[2024-11-09T19:42:53.324+0000] {processor.py:914} INFO - Processing file /home/chirag/airflow/lib/python3.12/site-packages/airflow/example_dags/example_latest_only_with_trigger.py for tasks to queue
[2024-11-09T19:42:53.331+0000] {logging_mixin.py:190} INFO - [2024-11-09T19:42:53.330+0000] {dagbag.py:588} INFO - Filling up the DagBag from /home/chirag/airflow/lib/python3.12/site-packages/airflow/example_dags/example_latest_only_with_trigger.py
[2024-11-09T19:42:53.349+0000] {processor.py:925} INFO - DAG(s) 'latest_only_with_trigger' retrieved from /home/chirag/airflow/lib/python3.12/site-packages/airflow/example_dags/example_latest_only_with_trigger.py
[2024-11-09T19:42:53.389+0000] {logging_mixin.py:190} INFO - [2024-11-09T19:42:53.388+0000] {dag.py:3239} INFO - Sync 1 DAGs
[2024-11-09T19:42:53.460+0000] {logging_mixin.py:190} INFO - [2024-11-09T19:42:53.459+0000] {dag.py:4180} INFO - Setting next_dagrun for latest_only_with_trigger to 2024-11-09 12:00:00+00:00, run_after=2024-11-09 16:00:00+00:00
[2024-11-09T19:42:53.527+0000] {processor.py:208} INFO - Processing /home/chirag/airflow/lib/python3.12/site-packages/airflow/example_dags/example_latest_only_with_trigger.py took 0.230 seconds
[2024-11-09T19:44:11.964+0000] {processor.py:186} INFO - Started process (PID=4300) to work on /home/chirag/airflow/lib/python3.12/site-packages/airflow/example_dags/example_latest_only_with_trigger.py
[2024-11-09T19:44:11.966+0000] {processor.py:914} INFO - Processing file /home/chirag/airflow/lib/python3.12/site-packages/airflow/example_dags/example_latest_only_with_trigger.py for tasks to queue
[2024-11-09T19:44:11.971+0000] {logging_mixin.py:190} INFO - [2024-11-09T19:44:11.970+0000] {dagbag.py:588} INFO - Filling up the DagBag from /home/chirag/airflow/lib/python3.12/site-packages/airflow/example_dags/example_latest_only_with_trigger.py
[2024-11-09T19:44:11.988+0000] {processor.py:925} INFO - DAG(s) 'latest_only_with_trigger' retrieved from /home/chirag/airflow/lib/python3.12/site-packages/airflow/example_dags/example_latest_only_with_trigger.py
[2024-11-09T19:44:12.012+0000] {logging_mixin.py:190} INFO - [2024-11-09T19:44:12.012+0000] {dag.py:3239} INFO - Sync 1 DAGs
[2024-11-09T19:44:12.042+0000] {logging_mixin.py:190} INFO - [2024-11-09T19:44:12.042+0000] {dag.py:4180} INFO - Setting next_dagrun for latest_only_with_trigger to 2024-11-09 12:00:00+00:00, run_after=2024-11-09 16:00:00+00:00
[2024-11-09T19:44:12.081+0000] {processor.py:208} INFO - Processing /home/chirag/airflow/lib/python3.12/site-packages/airflow/example_dags/example_latest_only_with_trigger.py took 0.132 seconds
[2024-11-09T19:45:20.133+0000] {processor.py:186} INFO - Started process (PID=4501) to work on /home/chirag/airflow/lib/python3.12/site-packages/airflow/example_dags/example_latest_only_with_trigger.py
[2024-11-09T19:45:20.137+0000] {processor.py:914} INFO - Processing file /home/chirag/airflow/lib/python3.12/site-packages/airflow/example_dags/example_latest_only_with_trigger.py for tasks to queue
[2024-11-09T19:45:20.140+0000] {logging_mixin.py:190} INFO - [2024-11-09T19:45:20.139+0000] {dagbag.py:588} INFO - Filling up the DagBag from /home/chirag/airflow/lib/python3.12/site-packages/airflow/example_dags/example_latest_only_with_trigger.py
[2024-11-09T19:45:20.153+0000] {processor.py:925} INFO - DAG(s) 'latest_only_with_trigger' retrieved from /home/chirag/airflow/lib/python3.12/site-packages/airflow/example_dags/example_latest_only_with_trigger.py
[2024-11-09T19:45:20.181+0000] {logging_mixin.py:190} INFO - [2024-11-09T19:45:20.181+0000] {dag.py:3239} INFO - Sync 1 DAGs
[2024-11-09T19:45:20.212+0000] {logging_mixin.py:190} INFO - [2024-11-09T19:45:20.212+0000] {dag.py:4180} INFO - Setting next_dagrun for latest_only_with_trigger to 2024-11-09 12:00:00+00:00, run_after=2024-11-09 16:00:00+00:00
[2024-11-09T19:45:20.256+0000] {processor.py:208} INFO - Processing /home/chirag/airflow/lib/python3.12/site-packages/airflow/example_dags/example_latest_only_with_trigger.py took 0.131 seconds
[2024-11-09T19:46:57.856+0000] {processor.py:186} INFO - Started process (PID=4808) to work on /home/chirag/airflow/lib/python3.12/site-packages/airflow/example_dags/example_latest_only_with_trigger.py
[2024-11-09T19:46:57.859+0000] {processor.py:914} INFO - Processing file /home/chirag/airflow/lib/python3.12/site-packages/airflow/example_dags/example_latest_only_with_trigger.py for tasks to queue
[2024-11-09T19:46:57.862+0000] {logging_mixin.py:190} INFO - [2024-11-09T19:46:57.862+0000] {dagbag.py:588} INFO - Filling up the DagBag from /home/chirag/airflow/lib/python3.12/site-packages/airflow/example_dags/example_latest_only_with_trigger.py
[2024-11-09T19:46:57.874+0000] {processor.py:925} INFO - DAG(s) 'latest_only_with_trigger' retrieved from /home/chirag/airflow/lib/python3.12/site-packages/airflow/example_dags/example_latest_only_with_trigger.py
[2024-11-09T19:46:57.901+0000] {logging_mixin.py:190} INFO - [2024-11-09T19:46:57.900+0000] {dag.py:3239} INFO - Sync 1 DAGs
[2024-11-09T19:46:57.928+0000] {logging_mixin.py:190} INFO - [2024-11-09T19:46:57.928+0000] {dag.py:4180} INFO - Setting next_dagrun for latest_only_with_trigger to 2024-11-09 12:00:00+00:00, run_after=2024-11-09 16:00:00+00:00
[2024-11-09T19:46:57.972+0000] {processor.py:208} INFO - Processing /home/chirag/airflow/lib/python3.12/site-packages/airflow/example_dags/example_latest_only_with_trigger.py took 0.125 seconds
[2024-11-09T19:48:13.556+0000] {processor.py:186} INFO - Started process (PID=5037) to work on /home/chirag/airflow/lib/python3.12/site-packages/airflow/example_dags/example_latest_only_with_trigger.py
[2024-11-09T19:48:13.562+0000] {processor.py:914} INFO - Processing file /home/chirag/airflow/lib/python3.12/site-packages/airflow/example_dags/example_latest_only_with_trigger.py for tasks to queue
[2024-11-09T19:48:13.568+0000] {logging_mixin.py:190} INFO - [2024-11-09T19:48:13.567+0000] {dagbag.py:588} INFO - Filling up the DagBag from /home/chirag/airflow/lib/python3.12/site-packages/airflow/example_dags/example_latest_only_with_trigger.py
[2024-11-09T19:48:13.589+0000] {processor.py:925} INFO - DAG(s) 'latest_only_with_trigger' retrieved from /home/chirag/airflow/lib/python3.12/site-packages/airflow/example_dags/example_latest_only_with_trigger.py
[2024-11-09T19:48:13.640+0000] {logging_mixin.py:190} INFO - [2024-11-09T19:48:13.638+0000] {dag.py:3239} INFO - Sync 1 DAGs
[2024-11-09T19:48:13.688+0000] {logging_mixin.py:190} INFO - [2024-11-09T19:48:13.688+0000] {dag.py:4180} INFO - Setting next_dagrun for latest_only_with_trigger to 2024-11-09 12:00:00+00:00, run_after=2024-11-09 16:00:00+00:00
[2024-11-09T19:48:13.749+0000] {processor.py:208} INFO - Processing /home/chirag/airflow/lib/python3.12/site-packages/airflow/example_dags/example_latest_only_with_trigger.py took 0.213 seconds
[2024-11-09T19:49:26.725+0000] {processor.py:186} INFO - Started process (PID=5252) to work on /home/chirag/airflow/lib/python3.12/site-packages/airflow/example_dags/example_latest_only_with_trigger.py
[2024-11-09T19:49:26.728+0000] {processor.py:914} INFO - Processing file /home/chirag/airflow/lib/python3.12/site-packages/airflow/example_dags/example_latest_only_with_trigger.py for tasks to queue
[2024-11-09T19:49:26.732+0000] {logging_mixin.py:190} INFO - [2024-11-09T19:49:26.731+0000] {dagbag.py:588} INFO - Filling up the DagBag from /home/chirag/airflow/lib/python3.12/site-packages/airflow/example_dags/example_latest_only_with_trigger.py
[2024-11-09T19:49:26.743+0000] {processor.py:925} INFO - DAG(s) 'latest_only_with_trigger' retrieved from /home/chirag/airflow/lib/python3.12/site-packages/airflow/example_dags/example_latest_only_with_trigger.py
[2024-11-09T19:49:26.767+0000] {logging_mixin.py:190} INFO - [2024-11-09T19:49:26.767+0000] {dag.py:3239} INFO - Sync 1 DAGs
[2024-11-09T19:49:26.796+0000] {logging_mixin.py:190} INFO - [2024-11-09T19:49:26.796+0000] {dag.py:4180} INFO - Setting next_dagrun for latest_only_with_trigger to 2024-11-09 12:00:00+00:00, run_after=2024-11-09 16:00:00+00:00
[2024-11-09T19:49:26.839+0000] {processor.py:208} INFO - Processing /home/chirag/airflow/lib/python3.12/site-packages/airflow/example_dags/example_latest_only_with_trigger.py took 0.122 seconds
[2024-11-09T19:50:38.101+0000] {processor.py:186} INFO - Started process (PID=5680) to work on /home/chirag/airflow/lib/python3.12/site-packages/airflow/example_dags/example_latest_only_with_trigger.py
[2024-11-09T19:50:38.105+0000] {processor.py:914} INFO - Processing file /home/chirag/airflow/lib/python3.12/site-packages/airflow/example_dags/example_latest_only_with_trigger.py for tasks to queue
[2024-11-09T19:50:38.109+0000] {logging_mixin.py:190} INFO - [2024-11-09T19:50:38.108+0000] {dagbag.py:588} INFO - Filling up the DagBag from /home/chirag/airflow/lib/python3.12/site-packages/airflow/example_dags/example_latest_only_with_trigger.py
[2024-11-09T19:50:38.124+0000] {processor.py:925} INFO - DAG(s) 'latest_only_with_trigger' retrieved from /home/chirag/airflow/lib/python3.12/site-packages/airflow/example_dags/example_latest_only_with_trigger.py
[2024-11-09T19:50:38.169+0000] {logging_mixin.py:190} INFO - [2024-11-09T19:50:38.168+0000] {dag.py:3239} INFO - Sync 1 DAGs
[2024-11-09T19:50:38.278+0000] {logging_mixin.py:190} INFO - [2024-11-09T19:50:38.278+0000] {dag.py:4180} INFO - Setting next_dagrun for latest_only_with_trigger to 2024-11-09 12:00:00+00:00, run_after=2024-11-09 16:00:00+00:00
[2024-11-09T19:50:38.359+0000] {processor.py:208} INFO - Processing /home/chirag/airflow/lib/python3.12/site-packages/airflow/example_dags/example_latest_only_with_trigger.py took 0.269 seconds
[2024-11-09T19:51:52.888+0000] {processor.py:186} INFO - Started process (PID=6256) to work on /home/chirag/airflow/lib/python3.12/site-packages/airflow/example_dags/example_latest_only_with_trigger.py
[2024-11-09T19:51:52.891+0000] {processor.py:914} INFO - Processing file /home/chirag/airflow/lib/python3.12/site-packages/airflow/example_dags/example_latest_only_with_trigger.py for tasks to queue
[2024-11-09T19:51:52.895+0000] {logging_mixin.py:190} INFO - [2024-11-09T19:51:52.894+0000] {dagbag.py:588} INFO - Filling up the DagBag from /home/chirag/airflow/lib/python3.12/site-packages/airflow/example_dags/example_latest_only_with_trigger.py
[2024-11-09T19:51:52.908+0000] {processor.py:925} INFO - DAG(s) 'latest_only_with_trigger' retrieved from /home/chirag/airflow/lib/python3.12/site-packages/airflow/example_dags/example_latest_only_with_trigger.py
[2024-11-09T19:51:52.938+0000] {logging_mixin.py:190} INFO - [2024-11-09T19:51:52.937+0000] {dag.py:3239} INFO - Sync 1 DAGs
[2024-11-09T19:51:52.976+0000] {logging_mixin.py:190} INFO - [2024-11-09T19:51:52.976+0000] {dag.py:4180} INFO - Setting next_dagrun for latest_only_with_trigger to 2024-11-09 12:00:00+00:00, run_after=2024-11-09 16:00:00+00:00
[2024-11-09T19:51:53.017+0000] {processor.py:208} INFO - Processing /home/chirag/airflow/lib/python3.12/site-packages/airflow/example_dags/example_latest_only_with_trigger.py took 0.140 seconds
[2024-11-09T19:53:42.654+0000] {processor.py:186} INFO - Started process (PID=6800) to work on /home/chirag/airflow/lib/python3.12/site-packages/airflow/example_dags/example_latest_only_with_trigger.py
[2024-11-09T19:53:42.657+0000] {processor.py:914} INFO - Processing file /home/chirag/airflow/lib/python3.12/site-packages/airflow/example_dags/example_latest_only_with_trigger.py for tasks to queue
[2024-11-09T19:53:42.660+0000] {logging_mixin.py:190} INFO - [2024-11-09T19:53:42.660+0000] {dagbag.py:588} INFO - Filling up the DagBag from /home/chirag/airflow/lib/python3.12/site-packages/airflow/example_dags/example_latest_only_with_trigger.py
[2024-11-09T19:53:42.673+0000] {processor.py:925} INFO - DAG(s) 'latest_only_with_trigger' retrieved from /home/chirag/airflow/lib/python3.12/site-packages/airflow/example_dags/example_latest_only_with_trigger.py
[2024-11-09T19:53:42.699+0000] {logging_mixin.py:190} INFO - [2024-11-09T19:53:42.699+0000] {dag.py:3239} INFO - Sync 1 DAGs
[2024-11-09T19:53:42.738+0000] {logging_mixin.py:190} INFO - [2024-11-09T19:53:42.738+0000] {dag.py:4180} INFO - Setting next_dagrun for latest_only_with_trigger to 2024-11-09 12:00:00+00:00, run_after=2024-11-09 16:00:00+00:00
[2024-11-09T19:53:42.792+0000] {processor.py:208} INFO - Processing /home/chirag/airflow/lib/python3.12/site-packages/airflow/example_dags/example_latest_only_with_trigger.py took 0.147 seconds
[2024-11-09T19:54:55.938+0000] {processor.py:186} INFO - Started process (PID=7400) to work on /home/chirag/airflow/lib/python3.12/site-packages/airflow/example_dags/example_latest_only_with_trigger.py
[2024-11-09T19:54:55.941+0000] {processor.py:914} INFO - Processing file /home/chirag/airflow/lib/python3.12/site-packages/airflow/example_dags/example_latest_only_with_trigger.py for tasks to queue
[2024-11-09T19:54:55.945+0000] {logging_mixin.py:190} INFO - [2024-11-09T19:54:55.944+0000] {dagbag.py:588} INFO - Filling up the DagBag from /home/chirag/airflow/lib/python3.12/site-packages/airflow/example_dags/example_latest_only_with_trigger.py
[2024-11-09T19:54:55.965+0000] {processor.py:925} INFO - DAG(s) 'latest_only_with_trigger' retrieved from /home/chirag/airflow/lib/python3.12/site-packages/airflow/example_dags/example_latest_only_with_trigger.py
[2024-11-09T19:54:55.995+0000] {logging_mixin.py:190} INFO - [2024-11-09T19:54:55.995+0000] {dag.py:3239} INFO - Sync 1 DAGs
[2024-11-09T19:54:56.043+0000] {logging_mixin.py:190} INFO - [2024-11-09T19:54:56.043+0000] {dag.py:4180} INFO - Setting next_dagrun for latest_only_with_trigger to 2024-11-09 12:00:00+00:00, run_after=2024-11-09 16:00:00+00:00
[2024-11-09T19:54:56.077+0000] {processor.py:208} INFO - Processing /home/chirag/airflow/lib/python3.12/site-packages/airflow/example_dags/example_latest_only_with_trigger.py took 0.150 seconds
[2024-11-09T19:56:17.580+0000] {processor.py:186} INFO - Started process (PID=7922) to work on /home/chirag/airflow/lib/python3.12/site-packages/airflow/example_dags/example_latest_only_with_trigger.py
[2024-11-09T19:56:17.582+0000] {processor.py:914} INFO - Processing file /home/chirag/airflow/lib/python3.12/site-packages/airflow/example_dags/example_latest_only_with_trigger.py for tasks to queue
[2024-11-09T19:56:17.590+0000] {logging_mixin.py:190} INFO - [2024-11-09T19:56:17.589+0000] {dagbag.py:588} INFO - Filling up the DagBag from /home/chirag/airflow/lib/python3.12/site-packages/airflow/example_dags/example_latest_only_with_trigger.py
[2024-11-09T19:56:17.607+0000] {processor.py:925} INFO - DAG(s) 'latest_only_with_trigger' retrieved from /home/chirag/airflow/lib/python3.12/site-packages/airflow/example_dags/example_latest_only_with_trigger.py
[2024-11-09T19:56:17.648+0000] {logging_mixin.py:190} INFO - [2024-11-09T19:56:17.647+0000] {dag.py:3239} INFO - Sync 1 DAGs
[2024-11-09T19:56:17.711+0000] {logging_mixin.py:190} INFO - [2024-11-09T19:56:17.711+0000] {dag.py:4180} INFO - Setting next_dagrun for latest_only_with_trigger to 2024-11-09 12:00:00+00:00, run_after=2024-11-09 16:00:00+00:00
[2024-11-09T19:56:17.825+0000] {processor.py:208} INFO - Processing /home/chirag/airflow/lib/python3.12/site-packages/airflow/example_dags/example_latest_only_with_trigger.py took 0.259 seconds
[2024-11-09T19:58:18.429+0000] {processor.py:186} INFO - Started process (PID=8406) to work on /home/chirag/airflow/lib/python3.12/site-packages/airflow/example_dags/example_latest_only_with_trigger.py
[2024-11-09T19:58:18.432+0000] {processor.py:914} INFO - Processing file /home/chirag/airflow/lib/python3.12/site-packages/airflow/example_dags/example_latest_only_with_trigger.py for tasks to queue
[2024-11-09T19:58:18.436+0000] {logging_mixin.py:190} INFO - [2024-11-09T19:58:18.435+0000] {dagbag.py:588} INFO - Filling up the DagBag from /home/chirag/airflow/lib/python3.12/site-packages/airflow/example_dags/example_latest_only_with_trigger.py
[2024-11-09T19:58:18.454+0000] {processor.py:925} INFO - DAG(s) 'latest_only_with_trigger' retrieved from /home/chirag/airflow/lib/python3.12/site-packages/airflow/example_dags/example_latest_only_with_trigger.py
[2024-11-09T19:58:18.538+0000] {logging_mixin.py:190} INFO - [2024-11-09T19:58:18.537+0000] {dag.py:3239} INFO - Sync 1 DAGs
[2024-11-09T19:58:18.614+0000] {logging_mixin.py:190} INFO - [2024-11-09T19:58:18.614+0000] {dag.py:4180} INFO - Setting next_dagrun for latest_only_with_trigger to 2024-11-09 12:00:00+00:00, run_after=2024-11-09 16:00:00+00:00
[2024-11-09T19:58:18.691+0000] {processor.py:208} INFO - Processing /home/chirag/airflow/lib/python3.12/site-packages/airflow/example_dags/example_latest_only_with_trigger.py took 0.272 seconds
[2024-11-09T20:22:54.088+0000] {processor.py:186} INFO - Started process (PID=12724) to work on /home/chirag/airflow/lib/python3.12/site-packages/airflow/example_dags/example_latest_only_with_trigger.py
[2024-11-09T20:22:54.091+0000] {processor.py:914} INFO - Processing file /home/chirag/airflow/lib/python3.12/site-packages/airflow/example_dags/example_latest_only_with_trigger.py for tasks to queue
[2024-11-09T20:22:54.095+0000] {logging_mixin.py:190} INFO - [2024-11-09T20:22:54.095+0000] {dagbag.py:588} INFO - Filling up the DagBag from /home/chirag/airflow/lib/python3.12/site-packages/airflow/example_dags/example_latest_only_with_trigger.py
[2024-11-09T20:22:54.110+0000] {processor.py:925} INFO - DAG(s) 'latest_only_with_trigger' retrieved from /home/chirag/airflow/lib/python3.12/site-packages/airflow/example_dags/example_latest_only_with_trigger.py
[2024-11-09T20:22:54.139+0000] {logging_mixin.py:190} INFO - [2024-11-09T20:22:54.138+0000] {dag.py:3239} INFO - Sync 1 DAGs
[2024-11-09T20:22:54.182+0000] {logging_mixin.py:190} INFO - [2024-11-09T20:22:54.181+0000] {dag.py:4180} INFO - Setting next_dagrun for latest_only_with_trigger to 2024-11-09 16:00:00+00:00, run_after=2024-11-09 20:00:00+00:00
[2024-11-09T20:22:54.219+0000] {processor.py:208} INFO - Processing /home/chirag/airflow/lib/python3.12/site-packages/airflow/example_dags/example_latest_only_with_trigger.py took 0.141 seconds
[2024-11-09T20:24:10.477+0000] {processor.py:186} INFO - Started process (PID=12943) to work on /home/chirag/airflow/lib/python3.12/site-packages/airflow/example_dags/example_latest_only_with_trigger.py
[2024-11-09T20:24:10.481+0000] {processor.py:914} INFO - Processing file /home/chirag/airflow/lib/python3.12/site-packages/airflow/example_dags/example_latest_only_with_trigger.py for tasks to queue
[2024-11-09T20:24:10.484+0000] {logging_mixin.py:190} INFO - [2024-11-09T20:24:10.484+0000] {dagbag.py:588} INFO - Filling up the DagBag from /home/chirag/airflow/lib/python3.12/site-packages/airflow/example_dags/example_latest_only_with_trigger.py
[2024-11-09T20:24:10.495+0000] {processor.py:925} INFO - DAG(s) 'latest_only_with_trigger' retrieved from /home/chirag/airflow/lib/python3.12/site-packages/airflow/example_dags/example_latest_only_with_trigger.py
[2024-11-09T20:24:10.519+0000] {logging_mixin.py:190} INFO - [2024-11-09T20:24:10.519+0000] {dag.py:3239} INFO - Sync 1 DAGs
[2024-11-09T20:24:10.548+0000] {logging_mixin.py:190} INFO - [2024-11-09T20:24:10.548+0000] {dag.py:4180} INFO - Setting next_dagrun for latest_only_with_trigger to 2024-11-09 16:00:00+00:00, run_after=2024-11-09 20:00:00+00:00
[2024-11-09T20:24:10.586+0000] {processor.py:208} INFO - Processing /home/chirag/airflow/lib/python3.12/site-packages/airflow/example_dags/example_latest_only_with_trigger.py took 0.122 seconds
[2024-11-09T20:25:26.724+0000] {processor.py:186} INFO - Started process (PID=13156) to work on /home/chirag/airflow/lib/python3.12/site-packages/airflow/example_dags/example_latest_only_with_trigger.py
[2024-11-09T20:25:26.732+0000] {processor.py:914} INFO - Processing file /home/chirag/airflow/lib/python3.12/site-packages/airflow/example_dags/example_latest_only_with_trigger.py for tasks to queue
[2024-11-09T20:25:26.735+0000] {logging_mixin.py:190} INFO - [2024-11-09T20:25:26.735+0000] {dagbag.py:588} INFO - Filling up the DagBag from /home/chirag/airflow/lib/python3.12/site-packages/airflow/example_dags/example_latest_only_with_trigger.py
[2024-11-09T20:25:26.749+0000] {processor.py:925} INFO - DAG(s) 'latest_only_with_trigger' retrieved from /home/chirag/airflow/lib/python3.12/site-packages/airflow/example_dags/example_latest_only_with_trigger.py
[2024-11-09T20:25:26.780+0000] {logging_mixin.py:190} INFO - [2024-11-09T20:25:26.780+0000] {dag.py:3239} INFO - Sync 1 DAGs
[2024-11-09T20:25:26.819+0000] {logging_mixin.py:190} INFO - [2024-11-09T20:25:26.818+0000] {dag.py:4180} INFO - Setting next_dagrun for latest_only_with_trigger to 2024-11-09 16:00:00+00:00, run_after=2024-11-09 20:00:00+00:00
[2024-11-09T20:25:26.862+0000] {processor.py:208} INFO - Processing /home/chirag/airflow/lib/python3.12/site-packages/airflow/example_dags/example_latest_only_with_trigger.py took 0.146 seconds
[2024-11-09T20:26:55.637+0000] {processor.py:186} INFO - Started process (PID=13739) to work on /home/chirag/airflow/lib/python3.12/site-packages/airflow/example_dags/example_latest_only_with_trigger.py
[2024-11-09T20:26:55.643+0000] {processor.py:914} INFO - Processing file /home/chirag/airflow/lib/python3.12/site-packages/airflow/example_dags/example_latest_only_with_trigger.py for tasks to queue
[2024-11-09T20:26:55.646+0000] {logging_mixin.py:190} INFO - [2024-11-09T20:26:55.645+0000] {dagbag.py:588} INFO - Filling up the DagBag from /home/chirag/airflow/lib/python3.12/site-packages/airflow/example_dags/example_latest_only_with_trigger.py
[2024-11-09T20:26:55.657+0000] {processor.py:925} INFO - DAG(s) 'latest_only_with_trigger' retrieved from /home/chirag/airflow/lib/python3.12/site-packages/airflow/example_dags/example_latest_only_with_trigger.py
[2024-11-09T20:26:55.680+0000] {logging_mixin.py:190} INFO - [2024-11-09T20:26:55.680+0000] {dag.py:3239} INFO - Sync 1 DAGs
[2024-11-09T20:26:55.717+0000] {logging_mixin.py:190} INFO - [2024-11-09T20:26:55.716+0000] {dag.py:4180} INFO - Setting next_dagrun for latest_only_with_trigger to 2024-11-09 16:00:00+00:00, run_after=2024-11-09 20:00:00+00:00
[2024-11-09T20:26:55.767+0000] {processor.py:208} INFO - Processing /home/chirag/airflow/lib/python3.12/site-packages/airflow/example_dags/example_latest_only_with_trigger.py took 0.138 seconds
[2024-11-09T20:28:31.762+0000] {processor.py:186} INFO - Started process (PID=14317) to work on /home/chirag/airflow/lib/python3.12/site-packages/airflow/example_dags/example_latest_only_with_trigger.py
[2024-11-09T20:28:31.765+0000] {processor.py:914} INFO - Processing file /home/chirag/airflow/lib/python3.12/site-packages/airflow/example_dags/example_latest_only_with_trigger.py for tasks to queue
[2024-11-09T20:28:31.768+0000] {logging_mixin.py:190} INFO - [2024-11-09T20:28:31.768+0000] {dagbag.py:588} INFO - Filling up the DagBag from /home/chirag/airflow/lib/python3.12/site-packages/airflow/example_dags/example_latest_only_with_trigger.py
[2024-11-09T20:28:31.782+0000] {processor.py:925} INFO - DAG(s) 'latest_only_with_trigger' retrieved from /home/chirag/airflow/lib/python3.12/site-packages/airflow/example_dags/example_latest_only_with_trigger.py
[2024-11-09T20:28:31.807+0000] {logging_mixin.py:190} INFO - [2024-11-09T20:28:31.806+0000] {dag.py:3239} INFO - Sync 1 DAGs
[2024-11-09T20:28:31.839+0000] {logging_mixin.py:190} INFO - [2024-11-09T20:28:31.838+0000] {dag.py:4180} INFO - Setting next_dagrun for latest_only_with_trigger to 2024-11-09 16:00:00+00:00, run_after=2024-11-09 20:00:00+00:00
[2024-11-09T20:28:32.018+0000] {processor.py:208} INFO - Processing /home/chirag/airflow/lib/python3.12/site-packages/airflow/example_dags/example_latest_only_with_trigger.py took 0.265 seconds
