[2024-11-09T19:16:32.860+0000] {processor.py:186} INFO - Started process (PID=94621) to work on /home/chirag/airflow/lib/python3.12/site-packages/airflow/example_dags/example_kubernetes_executor.py
[2024-11-09T19:16:32.862+0000] {processor.py:914} INFO - Processing file /home/chirag/airflow/lib/python3.12/site-packages/airflow/example_dags/example_kubernetes_executor.py for tasks to queue
[2024-11-09T19:16:32.865+0000] {logging_mixin.py:190} INFO - [2024-11-09T19:16:32.864+0000] {dagbag.py:588} INFO - Filling up the DagBag from /home/chirag/airflow/lib/python3.12/site-packages/airflow/example_dags/example_kubernetes_executor.py
[2024-11-09T19:16:32.870+0000] {logging_mixin.py:190} INFO - [2024-11-09T19:16:32.870+0000] {example_kubernetes_executor.py:39} WARNING - The example_kubernetes_executor example DAG requires the kubernetes provider. Please install it with: pip install apache-airflow[cncf.kubernetes]
[2024-11-09T19:16:32.870+0000] {processor.py:927} WARNING - No viable dags retrieved from /home/chirag/airflow/lib/python3.12/site-packages/airflow/example_dags/example_kubernetes_executor.py
[2024-11-09T19:16:32.891+0000] {processor.py:208} INFO - Processing /home/chirag/airflow/lib/python3.12/site-packages/airflow/example_dags/example_kubernetes_executor.py took 0.039 seconds
[2024-11-09T19:18:20.278+0000] {processor.py:186} INFO - Started process (PID=94817) to work on /home/chirag/airflow/lib/python3.12/site-packages/airflow/example_dags/example_kubernetes_executor.py
[2024-11-09T19:18:20.282+0000] {processor.py:914} INFO - Processing file /home/chirag/airflow/lib/python3.12/site-packages/airflow/example_dags/example_kubernetes_executor.py for tasks to queue
[2024-11-09T19:18:20.293+0000] {logging_mixin.py:190} INFO - [2024-11-09T19:18:20.292+0000] {dagbag.py:588} INFO - Filling up the DagBag from /home/chirag/airflow/lib/python3.12/site-packages/airflow/example_dags/example_kubernetes_executor.py
[2024-11-09T19:18:20.306+0000] {logging_mixin.py:190} INFO - [2024-11-09T19:18:20.301+0000] {example_kubernetes_executor.py:39} WARNING - The example_kubernetes_executor example DAG requires the kubernetes provider. Please install it with: pip install apache-airflow[cncf.kubernetes]
[2024-11-09T19:18:20.307+0000] {processor.py:927} WARNING - No viable dags retrieved from /home/chirag/airflow/lib/python3.12/site-packages/airflow/example_dags/example_kubernetes_executor.py
[2024-11-09T19:18:20.376+0000] {processor.py:208} INFO - Processing /home/chirag/airflow/lib/python3.12/site-packages/airflow/example_dags/example_kubernetes_executor.py took 0.114 seconds
[2024-11-09T19:27:44.569+0000] {processor.py:186} INFO - Started process (PID=462) to work on /home/chirag/airflow/lib/python3.12/site-packages/airflow/example_dags/example_kubernetes_executor.py
[2024-11-09T19:27:44.575+0000] {processor.py:914} INFO - Processing file /home/chirag/airflow/lib/python3.12/site-packages/airflow/example_dags/example_kubernetes_executor.py for tasks to queue
[2024-11-09T19:27:44.580+0000] {logging_mixin.py:190} INFO - [2024-11-09T19:27:44.579+0000] {dagbag.py:588} INFO - Filling up the DagBag from /home/chirag/airflow/lib/python3.12/site-packages/airflow/example_dags/example_kubernetes_executor.py
[2024-11-09T19:27:44.590+0000] {logging_mixin.py:190} INFO - [2024-11-09T19:27:44.590+0000] {example_kubernetes_executor.py:39} WARNING - The example_kubernetes_executor example DAG requires the kubernetes provider. Please install it with: pip install apache-airflow[cncf.kubernetes]
[2024-11-09T19:27:44.601+0000] {processor.py:927} WARNING - No viable dags retrieved from /home/chirag/airflow/lib/python3.12/site-packages/airflow/example_dags/example_kubernetes_executor.py
[2024-11-09T19:27:44.654+0000] {processor.py:208} INFO - Processing /home/chirag/airflow/lib/python3.12/site-packages/airflow/example_dags/example_kubernetes_executor.py took 0.106 seconds
[2024-11-09T19:28:50.302+0000] {processor.py:186} INFO - Started process (PID=524) to work on /home/chirag/airflow/lib/python3.12/site-packages/airflow/example_dags/example_kubernetes_executor.py
[2024-11-09T19:28:50.306+0000] {processor.py:914} INFO - Processing file /home/chirag/airflow/lib/python3.12/site-packages/airflow/example_dags/example_kubernetes_executor.py for tasks to queue
[2024-11-09T19:28:50.310+0000] {logging_mixin.py:190} INFO - [2024-11-09T19:28:50.309+0000] {dagbag.py:588} INFO - Filling up the DagBag from /home/chirag/airflow/lib/python3.12/site-packages/airflow/example_dags/example_kubernetes_executor.py
[2024-11-09T19:28:50.318+0000] {logging_mixin.py:190} INFO - [2024-11-09T19:28:50.318+0000] {example_kubernetes_executor.py:39} WARNING - The example_kubernetes_executor example DAG requires the kubernetes provider. Please install it with: pip install apache-airflow[cncf.kubernetes]
[2024-11-09T19:28:50.319+0000] {processor.py:927} WARNING - No viable dags retrieved from /home/chirag/airflow/lib/python3.12/site-packages/airflow/example_dags/example_kubernetes_executor.py
[2024-11-09T19:28:50.342+0000] {processor.py:208} INFO - Processing /home/chirag/airflow/lib/python3.12/site-packages/airflow/example_dags/example_kubernetes_executor.py took 0.054 seconds
[2024-11-09T19:30:05.121+0000] {processor.py:186} INFO - Started process (PID=620) to work on /home/chirag/airflow/lib/python3.12/site-packages/airflow/example_dags/example_kubernetes_executor.py
[2024-11-09T19:30:05.130+0000] {processor.py:914} INFO - Processing file /home/chirag/airflow/lib/python3.12/site-packages/airflow/example_dags/example_kubernetes_executor.py for tasks to queue
[2024-11-09T19:30:05.140+0000] {logging_mixin.py:190} INFO - [2024-11-09T19:30:05.139+0000] {dagbag.py:588} INFO - Filling up the DagBag from /home/chirag/airflow/lib/python3.12/site-packages/airflow/example_dags/example_kubernetes_executor.py
[2024-11-09T19:30:05.151+0000] {logging_mixin.py:190} INFO - [2024-11-09T19:30:05.151+0000] {example_kubernetes_executor.py:39} WARNING - The example_kubernetes_executor example DAG requires the kubernetes provider. Please install it with: pip install apache-airflow[cncf.kubernetes]
[2024-11-09T19:30:05.152+0000] {processor.py:927} WARNING - No viable dags retrieved from /home/chirag/airflow/lib/python3.12/site-packages/airflow/example_dags/example_kubernetes_executor.py
[2024-11-09T19:30:05.175+0000] {processor.py:208} INFO - Processing /home/chirag/airflow/lib/python3.12/site-packages/airflow/example_dags/example_kubernetes_executor.py took 0.089 seconds
[2024-11-09T19:31:23.045+0000] {processor.py:186} INFO - Started process (PID=687) to work on /home/chirag/airflow/lib/python3.12/site-packages/airflow/example_dags/example_kubernetes_executor.py
[2024-11-09T19:31:23.048+0000] {processor.py:914} INFO - Processing file /home/chirag/airflow/lib/python3.12/site-packages/airflow/example_dags/example_kubernetes_executor.py for tasks to queue
[2024-11-09T19:31:23.051+0000] {logging_mixin.py:190} INFO - [2024-11-09T19:31:23.050+0000] {dagbag.py:588} INFO - Filling up the DagBag from /home/chirag/airflow/lib/python3.12/site-packages/airflow/example_dags/example_kubernetes_executor.py
[2024-11-09T19:31:23.055+0000] {logging_mixin.py:190} INFO - [2024-11-09T19:31:23.055+0000] {example_kubernetes_executor.py:39} WARNING - The example_kubernetes_executor example DAG requires the kubernetes provider. Please install it with: pip install apache-airflow[cncf.kubernetes]
[2024-11-09T19:31:23.056+0000] {processor.py:927} WARNING - No viable dags retrieved from /home/chirag/airflow/lib/python3.12/site-packages/airflow/example_dags/example_kubernetes_executor.py
[2024-11-09T19:31:23.070+0000] {processor.py:208} INFO - Processing /home/chirag/airflow/lib/python3.12/site-packages/airflow/example_dags/example_kubernetes_executor.py took 0.033 seconds
[2024-11-09T19:33:05.314+0000] {processor.py:186} INFO - Started process (PID=1707) to work on /home/chirag/airflow/lib/python3.12/site-packages/airflow/example_dags/example_kubernetes_executor.py
[2024-11-09T19:33:05.320+0000] {processor.py:914} INFO - Processing file /home/chirag/airflow/lib/python3.12/site-packages/airflow/example_dags/example_kubernetes_executor.py for tasks to queue
[2024-11-09T19:33:05.323+0000] {logging_mixin.py:190} INFO - [2024-11-09T19:33:05.322+0000] {dagbag.py:588} INFO - Filling up the DagBag from /home/chirag/airflow/lib/python3.12/site-packages/airflow/example_dags/example_kubernetes_executor.py
[2024-11-09T19:33:05.327+0000] {logging_mixin.py:190} INFO - [2024-11-09T19:33:05.327+0000] {example_kubernetes_executor.py:39} WARNING - The example_kubernetes_executor example DAG requires the kubernetes provider. Please install it with: pip install apache-airflow[cncf.kubernetes]
[2024-11-09T19:33:05.327+0000] {processor.py:927} WARNING - No viable dags retrieved from /home/chirag/airflow/lib/python3.12/site-packages/airflow/example_dags/example_kubernetes_executor.py
[2024-11-09T19:33:05.343+0000] {processor.py:208} INFO - Processing /home/chirag/airflow/lib/python3.12/site-packages/airflow/example_dags/example_kubernetes_executor.py took 0.043 seconds
[2024-11-09T19:34:21.058+0000] {processor.py:186} INFO - Started process (PID=2241) to work on /home/chirag/airflow/lib/python3.12/site-packages/airflow/example_dags/example_kubernetes_executor.py
[2024-11-09T19:34:21.061+0000] {processor.py:914} INFO - Processing file /home/chirag/airflow/lib/python3.12/site-packages/airflow/example_dags/example_kubernetes_executor.py for tasks to queue
[2024-11-09T19:34:21.067+0000] {logging_mixin.py:190} INFO - [2024-11-09T19:34:21.065+0000] {dagbag.py:588} INFO - Filling up the DagBag from /home/chirag/airflow/lib/python3.12/site-packages/airflow/example_dags/example_kubernetes_executor.py
[2024-11-09T19:34:21.073+0000] {logging_mixin.py:190} INFO - [2024-11-09T19:34:21.073+0000] {example_kubernetes_executor.py:39} WARNING - The example_kubernetes_executor example DAG requires the kubernetes provider. Please install it with: pip install apache-airflow[cncf.kubernetes]
[2024-11-09T19:34:21.074+0000] {processor.py:927} WARNING - No viable dags retrieved from /home/chirag/airflow/lib/python3.12/site-packages/airflow/example_dags/example_kubernetes_executor.py
[2024-11-09T19:34:21.092+0000] {processor.py:208} INFO - Processing /home/chirag/airflow/lib/python3.12/site-packages/airflow/example_dags/example_kubernetes_executor.py took 0.042 seconds
[2024-11-09T19:35:48.609+0000] {processor.py:186} INFO - Started process (PID=2713) to work on /home/chirag/airflow/lib/python3.12/site-packages/airflow/example_dags/example_kubernetes_executor.py
[2024-11-09T19:35:48.622+0000] {processor.py:914} INFO - Processing file /home/chirag/airflow/lib/python3.12/site-packages/airflow/example_dags/example_kubernetes_executor.py for tasks to queue
[2024-11-09T19:35:48.628+0000] {logging_mixin.py:190} INFO - [2024-11-09T19:35:48.627+0000] {dagbag.py:588} INFO - Filling up the DagBag from /home/chirag/airflow/lib/python3.12/site-packages/airflow/example_dags/example_kubernetes_executor.py
[2024-11-09T19:35:48.656+0000] {logging_mixin.py:190} INFO - [2024-11-09T19:35:48.656+0000] {example_kubernetes_executor.py:39} WARNING - The example_kubernetes_executor example DAG requires the kubernetes provider. Please install it with: pip install apache-airflow[cncf.kubernetes]
[2024-11-09T19:35:48.657+0000] {processor.py:927} WARNING - No viable dags retrieved from /home/chirag/airflow/lib/python3.12/site-packages/airflow/example_dags/example_kubernetes_executor.py
[2024-11-09T19:35:48.716+0000] {processor.py:208} INFO - Processing /home/chirag/airflow/lib/python3.12/site-packages/airflow/example_dags/example_kubernetes_executor.py took 0.141 seconds
[2024-11-09T19:37:06.673+0000] {processor.py:186} INFO - Started process (PID=2927) to work on /home/chirag/airflow/lib/python3.12/site-packages/airflow/example_dags/example_kubernetes_executor.py
[2024-11-09T19:37:06.677+0000] {processor.py:914} INFO - Processing file /home/chirag/airflow/lib/python3.12/site-packages/airflow/example_dags/example_kubernetes_executor.py for tasks to queue
[2024-11-09T19:37:06.680+0000] {logging_mixin.py:190} INFO - [2024-11-09T19:37:06.680+0000] {dagbag.py:588} INFO - Filling up the DagBag from /home/chirag/airflow/lib/python3.12/site-packages/airflow/example_dags/example_kubernetes_executor.py
[2024-11-09T19:37:06.684+0000] {logging_mixin.py:190} INFO - [2024-11-09T19:37:06.684+0000] {example_kubernetes_executor.py:39} WARNING - The example_kubernetes_executor example DAG requires the kubernetes provider. Please install it with: pip install apache-airflow[cncf.kubernetes]
[2024-11-09T19:37:06.685+0000] {processor.py:927} WARNING - No viable dags retrieved from /home/chirag/airflow/lib/python3.12/site-packages/airflow/example_dags/example_kubernetes_executor.py
[2024-11-09T19:37:06.701+0000] {processor.py:208} INFO - Processing /home/chirag/airflow/lib/python3.12/site-packages/airflow/example_dags/example_kubernetes_executor.py took 0.035 seconds
[2024-11-09T19:38:18.772+0000] {processor.py:186} INFO - Started process (PID=3250) to work on /home/chirag/airflow/lib/python3.12/site-packages/airflow/example_dags/example_kubernetes_executor.py
[2024-11-09T19:38:18.820+0000] {processor.py:914} INFO - Processing file /home/chirag/airflow/lib/python3.12/site-packages/airflow/example_dags/example_kubernetes_executor.py for tasks to queue
[2024-11-09T19:38:18.826+0000] {logging_mixin.py:190} INFO - [2024-11-09T19:38:18.825+0000] {dagbag.py:588} INFO - Filling up the DagBag from /home/chirag/airflow/lib/python3.12/site-packages/airflow/example_dags/example_kubernetes_executor.py
[2024-11-09T19:38:18.843+0000] {logging_mixin.py:190} INFO - [2024-11-09T19:38:18.842+0000] {example_kubernetes_executor.py:39} WARNING - The example_kubernetes_executor example DAG requires the kubernetes provider. Please install it with: pip install apache-airflow[cncf.kubernetes]
[2024-11-09T19:38:18.844+0000] {processor.py:927} WARNING - No viable dags retrieved from /home/chirag/airflow/lib/python3.12/site-packages/airflow/example_dags/example_kubernetes_executor.py
[2024-11-09T19:38:18.884+0000] {processor.py:208} INFO - Processing /home/chirag/airflow/lib/python3.12/site-packages/airflow/example_dags/example_kubernetes_executor.py took 0.159 seconds
[2024-11-09T19:39:41.870+0000] {processor.py:186} INFO - Started process (PID=3536) to work on /home/chirag/airflow/lib/python3.12/site-packages/airflow/example_dags/example_kubernetes_executor.py
[2024-11-09T19:39:41.883+0000] {processor.py:914} INFO - Processing file /home/chirag/airflow/lib/python3.12/site-packages/airflow/example_dags/example_kubernetes_executor.py for tasks to queue
[2024-11-09T19:39:41.887+0000] {logging_mixin.py:190} INFO - [2024-11-09T19:39:41.886+0000] {dagbag.py:588} INFO - Filling up the DagBag from /home/chirag/airflow/lib/python3.12/site-packages/airflow/example_dags/example_kubernetes_executor.py
[2024-11-09T19:39:41.892+0000] {logging_mixin.py:190} INFO - [2024-11-09T19:39:41.892+0000] {example_kubernetes_executor.py:39} WARNING - The example_kubernetes_executor example DAG requires the kubernetes provider. Please install it with: pip install apache-airflow[cncf.kubernetes]
[2024-11-09T19:39:41.892+0000] {processor.py:927} WARNING - No viable dags retrieved from /home/chirag/airflow/lib/python3.12/site-packages/airflow/example_dags/example_kubernetes_executor.py
[2024-11-09T19:39:41.908+0000] {processor.py:208} INFO - Processing /home/chirag/airflow/lib/python3.12/site-packages/airflow/example_dags/example_kubernetes_executor.py took 0.047 seconds
[2024-11-09T19:40:57.134+0000] {processor.py:186} INFO - Started process (PID=3745) to work on /home/chirag/airflow/lib/python3.12/site-packages/airflow/example_dags/example_kubernetes_executor.py
[2024-11-09T19:40:57.137+0000] {processor.py:914} INFO - Processing file /home/chirag/airflow/lib/python3.12/site-packages/airflow/example_dags/example_kubernetes_executor.py for tasks to queue
[2024-11-09T19:40:57.143+0000] {logging_mixin.py:190} INFO - [2024-11-09T19:40:57.142+0000] {dagbag.py:588} INFO - Filling up the DagBag from /home/chirag/airflow/lib/python3.12/site-packages/airflow/example_dags/example_kubernetes_executor.py
[2024-11-09T19:40:57.148+0000] {logging_mixin.py:190} INFO - [2024-11-09T19:40:57.148+0000] {example_kubernetes_executor.py:39} WARNING - The example_kubernetes_executor example DAG requires the kubernetes provider. Please install it with: pip install apache-airflow[cncf.kubernetes]
[2024-11-09T19:40:57.149+0000] {processor.py:927} WARNING - No viable dags retrieved from /home/chirag/airflow/lib/python3.12/site-packages/airflow/example_dags/example_kubernetes_executor.py
[2024-11-09T19:40:57.165+0000] {processor.py:208} INFO - Processing /home/chirag/airflow/lib/python3.12/site-packages/airflow/example_dags/example_kubernetes_executor.py took 0.039 seconds
[2024-11-09T19:42:13.168+0000] {processor.py:186} INFO - Started process (PID=3960) to work on /home/chirag/airflow/lib/python3.12/site-packages/airflow/example_dags/example_kubernetes_executor.py
[2024-11-09T19:42:13.171+0000] {processor.py:914} INFO - Processing file /home/chirag/airflow/lib/python3.12/site-packages/airflow/example_dags/example_kubernetes_executor.py for tasks to queue
[2024-11-09T19:42:13.174+0000] {logging_mixin.py:190} INFO - [2024-11-09T19:42:13.174+0000] {dagbag.py:588} INFO - Filling up the DagBag from /home/chirag/airflow/lib/python3.12/site-packages/airflow/example_dags/example_kubernetes_executor.py
[2024-11-09T19:42:13.179+0000] {logging_mixin.py:190} INFO - [2024-11-09T19:42:13.179+0000] {example_kubernetes_executor.py:39} WARNING - The example_kubernetes_executor example DAG requires the kubernetes provider. Please install it with: pip install apache-airflow[cncf.kubernetes]
[2024-11-09T19:42:13.180+0000] {processor.py:927} WARNING - No viable dags retrieved from /home/chirag/airflow/lib/python3.12/site-packages/airflow/example_dags/example_kubernetes_executor.py
[2024-11-09T19:42:13.195+0000] {processor.py:208} INFO - Processing /home/chirag/airflow/lib/python3.12/site-packages/airflow/example_dags/example_kubernetes_executor.py took 0.036 seconds
[2024-11-09T19:43:35.201+0000] {processor.py:186} INFO - Started process (PID=4193) to work on /home/chirag/airflow/lib/python3.12/site-packages/airflow/example_dags/example_kubernetes_executor.py
[2024-11-09T19:43:35.205+0000] {processor.py:914} INFO - Processing file /home/chirag/airflow/lib/python3.12/site-packages/airflow/example_dags/example_kubernetes_executor.py for tasks to queue
[2024-11-09T19:43:35.209+0000] {logging_mixin.py:190} INFO - [2024-11-09T19:43:35.208+0000] {dagbag.py:588} INFO - Filling up the DagBag from /home/chirag/airflow/lib/python3.12/site-packages/airflow/example_dags/example_kubernetes_executor.py
[2024-11-09T19:43:35.215+0000] {logging_mixin.py:190} INFO - [2024-11-09T19:43:35.214+0000] {example_kubernetes_executor.py:39} WARNING - The example_kubernetes_executor example DAG requires the kubernetes provider. Please install it with: pip install apache-airflow[cncf.kubernetes]
[2024-11-09T19:43:35.215+0000] {processor.py:927} WARNING - No viable dags retrieved from /home/chirag/airflow/lib/python3.12/site-packages/airflow/example_dags/example_kubernetes_executor.py
[2024-11-09T19:43:35.236+0000] {processor.py:208} INFO - Processing /home/chirag/airflow/lib/python3.12/site-packages/airflow/example_dags/example_kubernetes_executor.py took 0.047 seconds
[2024-11-09T19:44:44.289+0000] {processor.py:186} INFO - Started process (PID=4395) to work on /home/chirag/airflow/lib/python3.12/site-packages/airflow/example_dags/example_kubernetes_executor.py
[2024-11-09T19:44:44.293+0000] {processor.py:914} INFO - Processing file /home/chirag/airflow/lib/python3.12/site-packages/airflow/example_dags/example_kubernetes_executor.py for tasks to queue
[2024-11-09T19:44:44.296+0000] {logging_mixin.py:190} INFO - [2024-11-09T19:44:44.295+0000] {dagbag.py:588} INFO - Filling up the DagBag from /home/chirag/airflow/lib/python3.12/site-packages/airflow/example_dags/example_kubernetes_executor.py
[2024-11-09T19:44:44.300+0000] {logging_mixin.py:190} INFO - [2024-11-09T19:44:44.300+0000] {example_kubernetes_executor.py:39} WARNING - The example_kubernetes_executor example DAG requires the kubernetes provider. Please install it with: pip install apache-airflow[cncf.kubernetes]
[2024-11-09T19:44:44.301+0000] {processor.py:927} WARNING - No viable dags retrieved from /home/chirag/airflow/lib/python3.12/site-packages/airflow/example_dags/example_kubernetes_executor.py
[2024-11-09T19:44:44.316+0000] {processor.py:208} INFO - Processing /home/chirag/airflow/lib/python3.12/site-packages/airflow/example_dags/example_kubernetes_executor.py took 0.035 seconds
[2024-11-09T19:46:31.578+0000] {processor.py:186} INFO - Started process (PID=4705) to work on /home/chirag/airflow/lib/python3.12/site-packages/airflow/example_dags/example_kubernetes_executor.py
[2024-11-09T19:46:31.582+0000] {processor.py:914} INFO - Processing file /home/chirag/airflow/lib/python3.12/site-packages/airflow/example_dags/example_kubernetes_executor.py for tasks to queue
[2024-11-09T19:46:31.585+0000] {logging_mixin.py:190} INFO - [2024-11-09T19:46:31.584+0000] {dagbag.py:588} INFO - Filling up the DagBag from /home/chirag/airflow/lib/python3.12/site-packages/airflow/example_dags/example_kubernetes_executor.py
[2024-11-09T19:46:31.589+0000] {logging_mixin.py:190} INFO - [2024-11-09T19:46:31.589+0000] {example_kubernetes_executor.py:39} WARNING - The example_kubernetes_executor example DAG requires the kubernetes provider. Please install it with: pip install apache-airflow[cncf.kubernetes]
[2024-11-09T19:46:31.590+0000] {processor.py:927} WARNING - No viable dags retrieved from /home/chirag/airflow/lib/python3.12/site-packages/airflow/example_dags/example_kubernetes_executor.py
[2024-11-09T19:46:31.605+0000] {processor.py:208} INFO - Processing /home/chirag/airflow/lib/python3.12/site-packages/airflow/example_dags/example_kubernetes_executor.py took 0.038 seconds
[2024-11-09T19:47:21.964+0000] {processor.py:186} INFO - Started process (PID=4887) to work on /home/chirag/airflow/lib/python3.12/site-packages/airflow/example_dags/example_kubernetes_executor.py
[2024-11-09T19:47:21.968+0000] {processor.py:914} INFO - Processing file /home/chirag/airflow/lib/python3.12/site-packages/airflow/example_dags/example_kubernetes_executor.py for tasks to queue
[2024-11-09T19:47:21.972+0000] {logging_mixin.py:190} INFO - [2024-11-09T19:47:21.971+0000] {dagbag.py:588} INFO - Filling up the DagBag from /home/chirag/airflow/lib/python3.12/site-packages/airflow/example_dags/example_kubernetes_executor.py
[2024-11-09T19:47:21.976+0000] {logging_mixin.py:190} INFO - [2024-11-09T19:47:21.976+0000] {example_kubernetes_executor.py:39} WARNING - The example_kubernetes_executor example DAG requires the kubernetes provider. Please install it with: pip install apache-airflow[cncf.kubernetes]
[2024-11-09T19:47:21.977+0000] {processor.py:927} WARNING - No viable dags retrieved from /home/chirag/airflow/lib/python3.12/site-packages/airflow/example_dags/example_kubernetes_executor.py
[2024-11-09T19:47:21.993+0000] {processor.py:208} INFO - Processing /home/chirag/airflow/lib/python3.12/site-packages/airflow/example_dags/example_kubernetes_executor.py took 0.038 seconds
[2024-11-09T19:48:37.309+0000] {processor.py:186} INFO - Started process (PID=5106) to work on /home/chirag/airflow/lib/python3.12/site-packages/airflow/example_dags/example_kubernetes_executor.py
[2024-11-09T19:48:37.312+0000] {processor.py:914} INFO - Processing file /home/chirag/airflow/lib/python3.12/site-packages/airflow/example_dags/example_kubernetes_executor.py for tasks to queue
[2024-11-09T19:48:37.316+0000] {logging_mixin.py:190} INFO - [2024-11-09T19:48:37.315+0000] {dagbag.py:588} INFO - Filling up the DagBag from /home/chirag/airflow/lib/python3.12/site-packages/airflow/example_dags/example_kubernetes_executor.py
[2024-11-09T19:48:37.320+0000] {logging_mixin.py:190} INFO - [2024-11-09T19:48:37.320+0000] {example_kubernetes_executor.py:39} WARNING - The example_kubernetes_executor example DAG requires the kubernetes provider. Please install it with: pip install apache-airflow[cncf.kubernetes]
[2024-11-09T19:48:37.321+0000] {processor.py:927} WARNING - No viable dags retrieved from /home/chirag/airflow/lib/python3.12/site-packages/airflow/example_dags/example_kubernetes_executor.py
[2024-11-09T19:48:37.336+0000] {processor.py:208} INFO - Processing /home/chirag/airflow/lib/python3.12/site-packages/airflow/example_dags/example_kubernetes_executor.py took 0.035 seconds
[2024-11-09T19:49:51.421+0000] {processor.py:186} INFO - Started process (PID=5372) to work on /home/chirag/airflow/lib/python3.12/site-packages/airflow/example_dags/example_kubernetes_executor.py
[2024-11-09T19:49:51.424+0000] {processor.py:914} INFO - Processing file /home/chirag/airflow/lib/python3.12/site-packages/airflow/example_dags/example_kubernetes_executor.py for tasks to queue
[2024-11-09T19:49:51.428+0000] {logging_mixin.py:190} INFO - [2024-11-09T19:49:51.427+0000] {dagbag.py:588} INFO - Filling up the DagBag from /home/chirag/airflow/lib/python3.12/site-packages/airflow/example_dags/example_kubernetes_executor.py
[2024-11-09T19:49:51.433+0000] {logging_mixin.py:190} INFO - [2024-11-09T19:49:51.432+0000] {example_kubernetes_executor.py:39} WARNING - The example_kubernetes_executor example DAG requires the kubernetes provider. Please install it with: pip install apache-airflow[cncf.kubernetes]
[2024-11-09T19:49:51.433+0000] {processor.py:927} WARNING - No viable dags retrieved from /home/chirag/airflow/lib/python3.12/site-packages/airflow/example_dags/example_kubernetes_executor.py
[2024-11-09T19:49:51.449+0000] {processor.py:208} INFO - Processing /home/chirag/airflow/lib/python3.12/site-packages/airflow/example_dags/example_kubernetes_executor.py took 0.038 seconds
[2024-11-09T19:51:02.558+0000] {processor.py:186} INFO - Started process (PID=5977) to work on /home/chirag/airflow/lib/python3.12/site-packages/airflow/example_dags/example_kubernetes_executor.py
[2024-11-09T19:51:02.561+0000] {processor.py:914} INFO - Processing file /home/chirag/airflow/lib/python3.12/site-packages/airflow/example_dags/example_kubernetes_executor.py for tasks to queue
[2024-11-09T19:51:02.564+0000] {logging_mixin.py:190} INFO - [2024-11-09T19:51:02.564+0000] {dagbag.py:588} INFO - Filling up the DagBag from /home/chirag/airflow/lib/python3.12/site-packages/airflow/example_dags/example_kubernetes_executor.py
[2024-11-09T19:51:02.569+0000] {logging_mixin.py:190} INFO - [2024-11-09T19:51:02.568+0000] {example_kubernetes_executor.py:39} WARNING - The example_kubernetes_executor example DAG requires the kubernetes provider. Please install it with: pip install apache-airflow[cncf.kubernetes]
[2024-11-09T19:51:02.569+0000] {processor.py:927} WARNING - No viable dags retrieved from /home/chirag/airflow/lib/python3.12/site-packages/airflow/example_dags/example_kubernetes_executor.py
[2024-11-09T19:51:02.584+0000] {processor.py:208} INFO - Processing /home/chirag/airflow/lib/python3.12/site-packages/airflow/example_dags/example_kubernetes_executor.py took 0.035 seconds
[2024-11-09T19:52:29.247+0000] {processor.py:186} INFO - Started process (PID=6365) to work on /home/chirag/airflow/lib/python3.12/site-packages/airflow/example_dags/example_kubernetes_executor.py
[2024-11-09T19:52:29.251+0000] {processor.py:914} INFO - Processing file /home/chirag/airflow/lib/python3.12/site-packages/airflow/example_dags/example_kubernetes_executor.py for tasks to queue
[2024-11-09T19:52:29.255+0000] {logging_mixin.py:190} INFO - [2024-11-09T19:52:29.255+0000] {dagbag.py:588} INFO - Filling up the DagBag from /home/chirag/airflow/lib/python3.12/site-packages/airflow/example_dags/example_kubernetes_executor.py
[2024-11-09T19:52:29.261+0000] {logging_mixin.py:190} INFO - [2024-11-09T19:52:29.261+0000] {example_kubernetes_executor.py:39} WARNING - The example_kubernetes_executor example DAG requires the kubernetes provider. Please install it with: pip install apache-airflow[cncf.kubernetes]
[2024-11-09T19:52:29.262+0000] {processor.py:927} WARNING - No viable dags retrieved from /home/chirag/airflow/lib/python3.12/site-packages/airflow/example_dags/example_kubernetes_executor.py
[2024-11-09T19:52:29.280+0000] {processor.py:208} INFO - Processing /home/chirag/airflow/lib/python3.12/site-packages/airflow/example_dags/example_kubernetes_executor.py took 0.043 seconds
[2024-11-09T19:54:03.297+0000] {processor.py:186} INFO - Started process (PID=6959) to work on /home/chirag/airflow/lib/python3.12/site-packages/airflow/example_dags/example_kubernetes_executor.py
[2024-11-09T19:54:03.301+0000] {processor.py:914} INFO - Processing file /home/chirag/airflow/lib/python3.12/site-packages/airflow/example_dags/example_kubernetes_executor.py for tasks to queue
[2024-11-09T19:54:03.304+0000] {logging_mixin.py:190} INFO - [2024-11-09T19:54:03.303+0000] {dagbag.py:588} INFO - Filling up the DagBag from /home/chirag/airflow/lib/python3.12/site-packages/airflow/example_dags/example_kubernetes_executor.py
[2024-11-09T19:54:03.308+0000] {logging_mixin.py:190} INFO - [2024-11-09T19:54:03.308+0000] {example_kubernetes_executor.py:39} WARNING - The example_kubernetes_executor example DAG requires the kubernetes provider. Please install it with: pip install apache-airflow[cncf.kubernetes]
[2024-11-09T19:54:03.309+0000] {processor.py:927} WARNING - No viable dags retrieved from /home/chirag/airflow/lib/python3.12/site-packages/airflow/example_dags/example_kubernetes_executor.py
[2024-11-09T19:54:03.325+0000] {processor.py:208} INFO - Processing /home/chirag/airflow/lib/python3.12/site-packages/airflow/example_dags/example_kubernetes_executor.py took 0.036 seconds
[2024-11-09T19:55:19.751+0000] {processor.py:186} INFO - Started process (PID=7589) to work on /home/chirag/airflow/lib/python3.12/site-packages/airflow/example_dags/example_kubernetes_executor.py
[2024-11-09T19:55:19.758+0000] {processor.py:914} INFO - Processing file /home/chirag/airflow/lib/python3.12/site-packages/airflow/example_dags/example_kubernetes_executor.py for tasks to queue
[2024-11-09T19:55:19.761+0000] {logging_mixin.py:190} INFO - [2024-11-09T19:55:19.760+0000] {dagbag.py:588} INFO - Filling up the DagBag from /home/chirag/airflow/lib/python3.12/site-packages/airflow/example_dags/example_kubernetes_executor.py
[2024-11-09T19:55:19.766+0000] {logging_mixin.py:190} INFO - [2024-11-09T19:55:19.765+0000] {example_kubernetes_executor.py:39} WARNING - The example_kubernetes_executor example DAG requires the kubernetes provider. Please install it with: pip install apache-airflow[cncf.kubernetes]
[2024-11-09T19:55:19.766+0000] {processor.py:927} WARNING - No viable dags retrieved from /home/chirag/airflow/lib/python3.12/site-packages/airflow/example_dags/example_kubernetes_executor.py
[2024-11-09T19:55:19.786+0000] {processor.py:208} INFO - Processing /home/chirag/airflow/lib/python3.12/site-packages/airflow/example_dags/example_kubernetes_executor.py took 0.044 seconds
[2024-11-09T19:56:49.344+0000] {processor.py:186} INFO - Started process (PID=8006) to work on /home/chirag/airflow/lib/python3.12/site-packages/airflow/example_dags/example_kubernetes_executor.py
[2024-11-09T19:56:49.350+0000] {processor.py:914} INFO - Processing file /home/chirag/airflow/lib/python3.12/site-packages/airflow/example_dags/example_kubernetes_executor.py for tasks to queue
[2024-11-09T19:56:49.356+0000] {logging_mixin.py:190} INFO - [2024-11-09T19:56:49.355+0000] {dagbag.py:588} INFO - Filling up the DagBag from /home/chirag/airflow/lib/python3.12/site-packages/airflow/example_dags/example_kubernetes_executor.py
[2024-11-09T19:56:49.367+0000] {logging_mixin.py:190} INFO - [2024-11-09T19:56:49.366+0000] {example_kubernetes_executor.py:39} WARNING - The example_kubernetes_executor example DAG requires the kubernetes provider. Please install it with: pip install apache-airflow[cncf.kubernetes]
[2024-11-09T19:56:49.368+0000] {processor.py:927} WARNING - No viable dags retrieved from /home/chirag/airflow/lib/python3.12/site-packages/airflow/example_dags/example_kubernetes_executor.py
[2024-11-09T19:56:49.406+0000] {processor.py:208} INFO - Processing /home/chirag/airflow/lib/python3.12/site-packages/airflow/example_dags/example_kubernetes_executor.py took 0.088 seconds
[2024-11-09T19:57:51.294+0000] {processor.py:186} INFO - Started process (PID=8213) to work on /home/chirag/airflow/lib/python3.12/site-packages/airflow/example_dags/example_kubernetes_executor.py
[2024-11-09T19:57:51.297+0000] {processor.py:914} INFO - Processing file /home/chirag/airflow/lib/python3.12/site-packages/airflow/example_dags/example_kubernetes_executor.py for tasks to queue
[2024-11-09T19:57:51.301+0000] {logging_mixin.py:190} INFO - [2024-11-09T19:57:51.300+0000] {dagbag.py:588} INFO - Filling up the DagBag from /home/chirag/airflow/lib/python3.12/site-packages/airflow/example_dags/example_kubernetes_executor.py
[2024-11-09T19:57:51.305+0000] {logging_mixin.py:190} INFO - [2024-11-09T19:57:51.305+0000] {example_kubernetes_executor.py:39} WARNING - The example_kubernetes_executor example DAG requires the kubernetes provider. Please install it with: pip install apache-airflow[cncf.kubernetes]
[2024-11-09T19:57:51.306+0000] {processor.py:927} WARNING - No viable dags retrieved from /home/chirag/airflow/lib/python3.12/site-packages/airflow/example_dags/example_kubernetes_executor.py
[2024-11-09T19:57:51.321+0000] {processor.py:208} INFO - Processing /home/chirag/airflow/lib/python3.12/site-packages/airflow/example_dags/example_kubernetes_executor.py took 0.035 seconds
[2024-11-09T19:58:51.574+0000] {processor.py:186} INFO - Started process (PID=8501) to work on /home/chirag/airflow/lib/python3.12/site-packages/airflow/example_dags/example_kubernetes_executor.py
[2024-11-09T19:58:51.580+0000] {processor.py:914} INFO - Processing file /home/chirag/airflow/lib/python3.12/site-packages/airflow/example_dags/example_kubernetes_executor.py for tasks to queue
[2024-11-09T19:58:51.588+0000] {logging_mixin.py:190} INFO - [2024-11-09T19:58:51.587+0000] {dagbag.py:588} INFO - Filling up the DagBag from /home/chirag/airflow/lib/python3.12/site-packages/airflow/example_dags/example_kubernetes_executor.py
[2024-11-09T19:58:51.606+0000] {logging_mixin.py:190} INFO - [2024-11-09T19:58:51.605+0000] {example_kubernetes_executor.py:39} WARNING - The example_kubernetes_executor example DAG requires the kubernetes provider. Please install it with: pip install apache-airflow[cncf.kubernetes]
[2024-11-09T19:58:51.607+0000] {processor.py:927} WARNING - No viable dags retrieved from /home/chirag/airflow/lib/python3.12/site-packages/airflow/example_dags/example_kubernetes_executor.py
[2024-11-09T19:58:51.659+0000] {processor.py:208} INFO - Processing /home/chirag/airflow/lib/python3.12/site-packages/airflow/example_dags/example_kubernetes_executor.py took 0.118 seconds
[2024-11-09T20:22:25.469+0000] {processor.py:186} INFO - Started process (PID=12644) to work on /home/chirag/airflow/lib/python3.12/site-packages/airflow/example_dags/example_kubernetes_executor.py
[2024-11-09T20:22:25.473+0000] {processor.py:914} INFO - Processing file /home/chirag/airflow/lib/python3.12/site-packages/airflow/example_dags/example_kubernetes_executor.py for tasks to queue
[2024-11-09T20:22:25.477+0000] {logging_mixin.py:190} INFO - [2024-11-09T20:22:25.477+0000] {dagbag.py:588} INFO - Filling up the DagBag from /home/chirag/airflow/lib/python3.12/site-packages/airflow/example_dags/example_kubernetes_executor.py
[2024-11-09T20:22:25.482+0000] {logging_mixin.py:190} INFO - [2024-11-09T20:22:25.481+0000] {example_kubernetes_executor.py:39} WARNING - The example_kubernetes_executor example DAG requires the kubernetes provider. Please install it with: pip install apache-airflow[cncf.kubernetes]
[2024-11-09T20:22:25.482+0000] {processor.py:927} WARNING - No viable dags retrieved from /home/chirag/airflow/lib/python3.12/site-packages/airflow/example_dags/example_kubernetes_executor.py
[2024-11-09T20:22:25.500+0000] {processor.py:208} INFO - Processing /home/chirag/airflow/lib/python3.12/site-packages/airflow/example_dags/example_kubernetes_executor.py took 0.039 seconds
[2024-11-09T20:23:33.436+0000] {processor.py:186} INFO - Started process (PID=12842) to work on /home/chirag/airflow/lib/python3.12/site-packages/airflow/example_dags/example_kubernetes_executor.py
[2024-11-09T20:23:33.439+0000] {processor.py:914} INFO - Processing file /home/chirag/airflow/lib/python3.12/site-packages/airflow/example_dags/example_kubernetes_executor.py for tasks to queue
[2024-11-09T20:23:33.444+0000] {logging_mixin.py:190} INFO - [2024-11-09T20:23:33.443+0000] {dagbag.py:588} INFO - Filling up the DagBag from /home/chirag/airflow/lib/python3.12/site-packages/airflow/example_dags/example_kubernetes_executor.py
[2024-11-09T20:23:33.451+0000] {logging_mixin.py:190} INFO - [2024-11-09T20:23:33.450+0000] {example_kubernetes_executor.py:39} WARNING - The example_kubernetes_executor example DAG requires the kubernetes provider. Please install it with: pip install apache-airflow[cncf.kubernetes]
[2024-11-09T20:23:33.452+0000] {processor.py:927} WARNING - No viable dags retrieved from /home/chirag/airflow/lib/python3.12/site-packages/airflow/example_dags/example_kubernetes_executor.py
[2024-11-09T20:23:33.474+0000] {processor.py:208} INFO - Processing /home/chirag/airflow/lib/python3.12/site-packages/airflow/example_dags/example_kubernetes_executor.py took 0.052 seconds
[2024-11-09T20:24:45.603+0000] {processor.py:186} INFO - Started process (PID=13044) to work on /home/chirag/airflow/lib/python3.12/site-packages/airflow/example_dags/example_kubernetes_executor.py
[2024-11-09T20:24:45.610+0000] {processor.py:914} INFO - Processing file /home/chirag/airflow/lib/python3.12/site-packages/airflow/example_dags/example_kubernetes_executor.py for tasks to queue
[2024-11-09T20:24:45.613+0000] {logging_mixin.py:190} INFO - [2024-11-09T20:24:45.612+0000] {dagbag.py:588} INFO - Filling up the DagBag from /home/chirag/airflow/lib/python3.12/site-packages/airflow/example_dags/example_kubernetes_executor.py
[2024-11-09T20:24:45.617+0000] {logging_mixin.py:190} INFO - [2024-11-09T20:24:45.617+0000] {example_kubernetes_executor.py:39} WARNING - The example_kubernetes_executor example DAG requires the kubernetes provider. Please install it with: pip install apache-airflow[cncf.kubernetes]
[2024-11-09T20:24:45.617+0000] {processor.py:927} WARNING - No viable dags retrieved from /home/chirag/airflow/lib/python3.12/site-packages/airflow/example_dags/example_kubernetes_executor.py
[2024-11-09T20:24:45.633+0000] {processor.py:208} INFO - Processing /home/chirag/airflow/lib/python3.12/site-packages/airflow/example_dags/example_kubernetes_executor.py took 0.038 seconds
[2024-11-09T20:26:21.529+0000] {processor.py:186} INFO - Started process (PID=13570) to work on /home/chirag/airflow/lib/python3.12/site-packages/airflow/example_dags/example_kubernetes_executor.py
[2024-11-09T20:26:21.534+0000] {processor.py:914} INFO - Processing file /home/chirag/airflow/lib/python3.12/site-packages/airflow/example_dags/example_kubernetes_executor.py for tasks to queue
[2024-11-09T20:26:21.537+0000] {logging_mixin.py:190} INFO - [2024-11-09T20:26:21.537+0000] {dagbag.py:588} INFO - Filling up the DagBag from /home/chirag/airflow/lib/python3.12/site-packages/airflow/example_dags/example_kubernetes_executor.py
[2024-11-09T20:26:21.542+0000] {logging_mixin.py:190} INFO - [2024-11-09T20:26:21.541+0000] {example_kubernetes_executor.py:39} WARNING - The example_kubernetes_executor example DAG requires the kubernetes provider. Please install it with: pip install apache-airflow[cncf.kubernetes]
[2024-11-09T20:26:21.542+0000] {processor.py:927} WARNING - No viable dags retrieved from /home/chirag/airflow/lib/python3.12/site-packages/airflow/example_dags/example_kubernetes_executor.py
[2024-11-09T20:26:21.558+0000] {processor.py:208} INFO - Processing /home/chirag/airflow/lib/python3.12/site-packages/airflow/example_dags/example_kubernetes_executor.py took 0.037 seconds
[2024-11-09T20:27:23.156+0000] {processor.py:186} INFO - Started process (PID=13839) to work on /home/chirag/airflow/lib/python3.12/site-packages/airflow/example_dags/example_kubernetes_executor.py
[2024-11-09T20:27:23.159+0000] {processor.py:914} INFO - Processing file /home/chirag/airflow/lib/python3.12/site-packages/airflow/example_dags/example_kubernetes_executor.py for tasks to queue
[2024-11-09T20:27:23.162+0000] {logging_mixin.py:190} INFO - [2024-11-09T20:27:23.162+0000] {dagbag.py:588} INFO - Filling up the DagBag from /home/chirag/airflow/lib/python3.12/site-packages/airflow/example_dags/example_kubernetes_executor.py
[2024-11-09T20:27:23.168+0000] {logging_mixin.py:190} INFO - [2024-11-09T20:27:23.168+0000] {example_kubernetes_executor.py:39} WARNING - The example_kubernetes_executor example DAG requires the kubernetes provider. Please install it with: pip install apache-airflow[cncf.kubernetes]
[2024-11-09T20:27:23.169+0000] {processor.py:927} WARNING - No viable dags retrieved from /home/chirag/airflow/lib/python3.12/site-packages/airflow/example_dags/example_kubernetes_executor.py
[2024-11-09T20:27:23.190+0000] {processor.py:208} INFO - Processing /home/chirag/airflow/lib/python3.12/site-packages/airflow/example_dags/example_kubernetes_executor.py took 0.044 seconds
[2024-11-09T20:28:13.071+0000] {processor.py:186} INFO - Started process (PID=14020) to work on /home/chirag/airflow/lib/python3.12/site-packages/airflow/example_dags/example_kubernetes_executor.py
[2024-11-09T20:28:13.074+0000] {processor.py:914} INFO - Processing file /home/chirag/airflow/lib/python3.12/site-packages/airflow/example_dags/example_kubernetes_executor.py for tasks to queue
[2024-11-09T20:28:13.078+0000] {logging_mixin.py:190} INFO - [2024-11-09T20:28:13.078+0000] {dagbag.py:588} INFO - Filling up the DagBag from /home/chirag/airflow/lib/python3.12/site-packages/airflow/example_dags/example_kubernetes_executor.py
[2024-11-09T20:28:13.083+0000] {logging_mixin.py:190} INFO - [2024-11-09T20:28:13.083+0000] {example_kubernetes_executor.py:39} WARNING - The example_kubernetes_executor example DAG requires the kubernetes provider. Please install it with: pip install apache-airflow[cncf.kubernetes]
[2024-11-09T20:28:13.084+0000] {processor.py:927} WARNING - No viable dags retrieved from /home/chirag/airflow/lib/python3.12/site-packages/airflow/example_dags/example_kubernetes_executor.py
[2024-11-09T20:28:13.108+0000] {processor.py:208} INFO - Processing /home/chirag/airflow/lib/python3.12/site-packages/airflow/example_dags/example_kubernetes_executor.py took 0.050 seconds
