[2024-11-09T19:17:44.283+0000] {processor.py:186} INFO - Started process (PID=94763) to work on /home/chirag/airflow/lib/python3.12/site-packages/airflow/example_dags/example_skip_dag.py
[2024-11-09T19:17:44.287+0000] {processor.py:914} INFO - Processing file /home/chirag/airflow/lib/python3.12/site-packages/airflow/example_dags/example_skip_dag.py for tasks to queue
[2024-11-09T19:17:44.298+0000] {logging_mixin.py:190} INFO - [2024-11-09T19:17:44.297+0000] {dagbag.py:588} INFO - Filling up the DagBag from /home/chirag/airflow/lib/python3.12/site-packages/airflow/example_dags/example_skip_dag.py
[2024-11-09T19:17:44.399+0000] {processor.py:925} INFO - DAG(s) 'example_skip_dag' retrieved from /home/chirag/airflow/lib/python3.12/site-packages/airflow/example_dags/example_skip_dag.py
[2024-11-09T19:17:45.227+0000] {logging_mixin.py:190} INFO - [2024-11-09T19:17:45.223+0000] {override.py:1911} INFO - Created Permission View: can delete on DAG:example_skip_dag
[2024-11-09T19:17:45.306+0000] {logging_mixin.py:190} INFO - [2024-11-09T19:17:45.304+0000] {override.py:1911} INFO - Created Permission View: can read on DAG:example_skip_dag
[2024-11-09T19:17:45.545+0000] {logging_mixin.py:190} INFO - [2024-11-09T19:17:45.543+0000] {override.py:1911} INFO - Created Permission View: can edit on DAG:example_skip_dag
[2024-11-09T19:17:45.602+0000] {logging_mixin.py:190} INFO - [2024-11-09T19:17:45.601+0000] {override.py:1911} INFO - Created Permission View: menu access on DAG Run:example_skip_dag
[2024-11-09T19:17:45.741+0000] {logging_mixin.py:190} INFO - [2024-11-09T19:17:45.740+0000] {override.py:1911} INFO - Created Permission View: can delete on DAG Run:example_skip_dag
[2024-11-09T19:17:45.784+0000] {logging_mixin.py:190} INFO - [2024-11-09T19:17:45.783+0000] {override.py:1911} INFO - Created Permission View: can read on DAG Run:example_skip_dag
[2024-11-09T19:17:45.816+0000] {logging_mixin.py:190} INFO - [2024-11-09T19:17:45.816+0000] {override.py:1911} INFO - Created Permission View: can create on DAG Run:example_skip_dag
[2024-11-09T19:17:45.817+0000] {logging_mixin.py:190} INFO - [2024-11-09T19:17:45.817+0000] {dag.py:3239} INFO - Sync 1 DAGs
[2024-11-09T19:17:45.836+0000] {logging_mixin.py:190} INFO - [2024-11-09T19:17:45.835+0000] {dag.py:3262} INFO - Creating ORM DAG for example_skip_dag
[2024-11-09T19:17:45.850+0000] {logging_mixin.py:190} INFO - [2024-11-09T19:17:45.849+0000] {dag.py:4180} INFO - Setting next_dagrun for example_skip_dag to 2024-11-08 00:00:00+00:00, run_after=2024-11-09 00:00:00+00:00
[2024-11-09T19:17:45.897+0000] {processor.py:208} INFO - Processing /home/chirag/airflow/lib/python3.12/site-packages/airflow/example_dags/example_skip_dag.py took 1.632 seconds
[2024-11-09T19:28:26.630+0000] {processor.py:186} INFO - Started process (PID=503) to work on /home/chirag/airflow/lib/python3.12/site-packages/airflow/example_dags/example_skip_dag.py
[2024-11-09T19:28:26.635+0000] {processor.py:914} INFO - Processing file /home/chirag/airflow/lib/python3.12/site-packages/airflow/example_dags/example_skip_dag.py for tasks to queue
[2024-11-09T19:28:26.644+0000] {logging_mixin.py:190} INFO - [2024-11-09T19:28:26.643+0000] {dagbag.py:588} INFO - Filling up the DagBag from /home/chirag/airflow/lib/python3.12/site-packages/airflow/example_dags/example_skip_dag.py
[2024-11-09T19:28:26.662+0000] {processor.py:925} INFO - DAG(s) 'example_skip_dag' retrieved from /home/chirag/airflow/lib/python3.12/site-packages/airflow/example_dags/example_skip_dag.py
[2024-11-09T19:28:26.699+0000] {logging_mixin.py:190} INFO - [2024-11-09T19:28:26.698+0000] {dag.py:3239} INFO - Sync 1 DAGs
[2024-11-09T19:28:26.753+0000] {logging_mixin.py:190} INFO - [2024-11-09T19:28:26.753+0000] {dag.py:4180} INFO - Setting next_dagrun for example_skip_dag to 2024-11-08 00:00:00+00:00, run_after=2024-11-09 00:00:00+00:00
[2024-11-09T19:28:26.851+0000] {processor.py:208} INFO - Processing /home/chirag/airflow/lib/python3.12/site-packages/airflow/example_dags/example_skip_dag.py took 0.237 seconds
[2024-11-09T19:29:39.533+0000] {processor.py:186} INFO - Started process (PID=593) to work on /home/chirag/airflow/lib/python3.12/site-packages/airflow/example_dags/example_skip_dag.py
[2024-11-09T19:29:39.539+0000] {processor.py:914} INFO - Processing file /home/chirag/airflow/lib/python3.12/site-packages/airflow/example_dags/example_skip_dag.py for tasks to queue
[2024-11-09T19:29:39.549+0000] {logging_mixin.py:190} INFO - [2024-11-09T19:29:39.545+0000] {dagbag.py:588} INFO - Filling up the DagBag from /home/chirag/airflow/lib/python3.12/site-packages/airflow/example_dags/example_skip_dag.py
[2024-11-09T19:29:39.575+0000] {processor.py:925} INFO - DAG(s) 'example_skip_dag' retrieved from /home/chirag/airflow/lib/python3.12/site-packages/airflow/example_dags/example_skip_dag.py
[2024-11-09T19:29:39.623+0000] {logging_mixin.py:190} INFO - [2024-11-09T19:29:39.622+0000] {dag.py:3239} INFO - Sync 1 DAGs
[2024-11-09T19:29:39.695+0000] {logging_mixin.py:190} INFO - [2024-11-09T19:29:39.695+0000] {dag.py:4180} INFO - Setting next_dagrun for example_skip_dag to 2024-11-08 00:00:00+00:00, run_after=2024-11-09 00:00:00+00:00
[2024-11-09T19:29:39.787+0000] {processor.py:208} INFO - Processing /home/chirag/airflow/lib/python3.12/site-packages/airflow/example_dags/example_skip_dag.py took 0.267 seconds
[2024-11-09T19:30:59.549+0000] {processor.py:186} INFO - Started process (PID=666) to work on /home/chirag/airflow/lib/python3.12/site-packages/airflow/example_dags/example_skip_dag.py
[2024-11-09T19:30:59.552+0000] {processor.py:914} INFO - Processing file /home/chirag/airflow/lib/python3.12/site-packages/airflow/example_dags/example_skip_dag.py for tasks to queue
[2024-11-09T19:30:59.556+0000] {logging_mixin.py:190} INFO - [2024-11-09T19:30:59.555+0000] {dagbag.py:588} INFO - Filling up the DagBag from /home/chirag/airflow/lib/python3.12/site-packages/airflow/example_dags/example_skip_dag.py
[2024-11-09T19:30:59.570+0000] {processor.py:925} INFO - DAG(s) 'example_skip_dag' retrieved from /home/chirag/airflow/lib/python3.12/site-packages/airflow/example_dags/example_skip_dag.py
[2024-11-09T19:30:59.598+0000] {logging_mixin.py:190} INFO - [2024-11-09T19:30:59.597+0000] {dag.py:3239} INFO - Sync 1 DAGs
[2024-11-09T19:30:59.628+0000] {logging_mixin.py:190} INFO - [2024-11-09T19:30:59.628+0000] {dag.py:4180} INFO - Setting next_dagrun for example_skip_dag to 2024-11-08 00:00:00+00:00, run_after=2024-11-09 00:00:00+00:00
[2024-11-09T19:30:59.665+0000] {processor.py:208} INFO - Processing /home/chirag/airflow/lib/python3.12/site-packages/airflow/example_dags/example_skip_dag.py took 0.123 seconds
[2024-11-09T19:32:39.666+0000] {processor.py:186} INFO - Started process (PID=1524) to work on /home/chirag/airflow/lib/python3.12/site-packages/airflow/example_dags/example_skip_dag.py
[2024-11-09T19:32:39.674+0000] {processor.py:914} INFO - Processing file /home/chirag/airflow/lib/python3.12/site-packages/airflow/example_dags/example_skip_dag.py for tasks to queue
[2024-11-09T19:32:39.683+0000] {logging_mixin.py:190} INFO - [2024-11-09T19:32:39.682+0000] {dagbag.py:588} INFO - Filling up the DagBag from /home/chirag/airflow/lib/python3.12/site-packages/airflow/example_dags/example_skip_dag.py
[2024-11-09T19:32:39.694+0000] {processor.py:925} INFO - DAG(s) 'example_skip_dag' retrieved from /home/chirag/airflow/lib/python3.12/site-packages/airflow/example_dags/example_skip_dag.py
[2024-11-09T19:32:39.719+0000] {logging_mixin.py:190} INFO - [2024-11-09T19:32:39.719+0000] {dag.py:3239} INFO - Sync 1 DAGs
[2024-11-09T19:32:39.763+0000] {logging_mixin.py:190} INFO - [2024-11-09T19:32:39.763+0000] {dag.py:4180} INFO - Setting next_dagrun for example_skip_dag to 2024-11-08 00:00:00+00:00, run_after=2024-11-09 00:00:00+00:00
[2024-11-09T19:32:39.882+0000] {processor.py:208} INFO - Processing /home/chirag/airflow/lib/python3.12/site-packages/airflow/example_dags/example_skip_dag.py took 0.238 seconds
[2024-11-09T19:34:02.223+0000] {processor.py:186} INFO - Started process (PID=2091) to work on /home/chirag/airflow/lib/python3.12/site-packages/airflow/example_dags/example_skip_dag.py
[2024-11-09T19:34:02.226+0000] {processor.py:914} INFO - Processing file /home/chirag/airflow/lib/python3.12/site-packages/airflow/example_dags/example_skip_dag.py for tasks to queue
[2024-11-09T19:34:02.229+0000] {logging_mixin.py:190} INFO - [2024-11-09T19:34:02.229+0000] {dagbag.py:588} INFO - Filling up the DagBag from /home/chirag/airflow/lib/python3.12/site-packages/airflow/example_dags/example_skip_dag.py
[2024-11-09T19:34:02.241+0000] {processor.py:925} INFO - DAG(s) 'example_skip_dag' retrieved from /home/chirag/airflow/lib/python3.12/site-packages/airflow/example_dags/example_skip_dag.py
[2024-11-09T19:34:02.265+0000] {logging_mixin.py:190} INFO - [2024-11-09T19:34:02.264+0000] {dag.py:3239} INFO - Sync 1 DAGs
[2024-11-09T19:34:02.294+0000] {logging_mixin.py:190} INFO - [2024-11-09T19:34:02.294+0000] {dag.py:4180} INFO - Setting next_dagrun for example_skip_dag to 2024-11-08 00:00:00+00:00, run_after=2024-11-09 00:00:00+00:00
[2024-11-09T19:34:02.331+0000] {processor.py:208} INFO - Processing /home/chirag/airflow/lib/python3.12/site-packages/airflow/example_dags/example_skip_dag.py took 0.116 seconds
[2024-11-09T19:35:27.604+0000] {processor.py:186} INFO - Started process (PID=2660) to work on /home/chirag/airflow/lib/python3.12/site-packages/airflow/example_dags/example_skip_dag.py
[2024-11-09T19:35:27.607+0000] {processor.py:914} INFO - Processing file /home/chirag/airflow/lib/python3.12/site-packages/airflow/example_dags/example_skip_dag.py for tasks to queue
[2024-11-09T19:35:27.611+0000] {logging_mixin.py:190} INFO - [2024-11-09T19:35:27.610+0000] {dagbag.py:588} INFO - Filling up the DagBag from /home/chirag/airflow/lib/python3.12/site-packages/airflow/example_dags/example_skip_dag.py
[2024-11-09T19:35:27.623+0000] {processor.py:925} INFO - DAG(s) 'example_skip_dag' retrieved from /home/chirag/airflow/lib/python3.12/site-packages/airflow/example_dags/example_skip_dag.py
[2024-11-09T19:35:27.647+0000] {logging_mixin.py:190} INFO - [2024-11-09T19:35:27.647+0000] {dag.py:3239} INFO - Sync 1 DAGs
[2024-11-09T19:35:27.676+0000] {logging_mixin.py:190} INFO - [2024-11-09T19:35:27.675+0000] {dag.py:4180} INFO - Setting next_dagrun for example_skip_dag to 2024-11-08 00:00:00+00:00, run_after=2024-11-09 00:00:00+00:00
[2024-11-09T19:35:27.717+0000] {processor.py:208} INFO - Processing /home/chirag/airflow/lib/python3.12/site-packages/airflow/example_dags/example_skip_dag.py took 0.121 seconds
[2024-11-09T19:36:51.306+0000] {processor.py:186} INFO - Started process (PID=2882) to work on /home/chirag/airflow/lib/python3.12/site-packages/airflow/example_dags/example_skip_dag.py
[2024-11-09T19:36:51.312+0000] {processor.py:914} INFO - Processing file /home/chirag/airflow/lib/python3.12/site-packages/airflow/example_dags/example_skip_dag.py for tasks to queue
[2024-11-09T19:36:51.317+0000] {logging_mixin.py:190} INFO - [2024-11-09T19:36:51.316+0000] {dagbag.py:588} INFO - Filling up the DagBag from /home/chirag/airflow/lib/python3.12/site-packages/airflow/example_dags/example_skip_dag.py
[2024-11-09T19:36:51.328+0000] {processor.py:925} INFO - DAG(s) 'example_skip_dag' retrieved from /home/chirag/airflow/lib/python3.12/site-packages/airflow/example_dags/example_skip_dag.py
[2024-11-09T19:36:51.356+0000] {logging_mixin.py:190} INFO - [2024-11-09T19:36:51.356+0000] {dag.py:3239} INFO - Sync 1 DAGs
[2024-11-09T19:36:51.393+0000] {logging_mixin.py:190} INFO - [2024-11-09T19:36:51.392+0000] {dag.py:4180} INFO - Setting next_dagrun for example_skip_dag to 2024-11-08 00:00:00+00:00, run_after=2024-11-09 00:00:00+00:00
[2024-11-09T19:36:51.431+0000] {processor.py:208} INFO - Processing /home/chirag/airflow/lib/python3.12/site-packages/airflow/example_dags/example_skip_dag.py took 0.133 seconds
[2024-11-09T19:38:02.386+0000] {processor.py:186} INFO - Started process (PID=3182) to work on /home/chirag/airflow/lib/python3.12/site-packages/airflow/example_dags/example_skip_dag.py
[2024-11-09T19:38:02.389+0000] {processor.py:914} INFO - Processing file /home/chirag/airflow/lib/python3.12/site-packages/airflow/example_dags/example_skip_dag.py for tasks to queue
[2024-11-09T19:38:02.392+0000] {logging_mixin.py:190} INFO - [2024-11-09T19:38:02.392+0000] {dagbag.py:588} INFO - Filling up the DagBag from /home/chirag/airflow/lib/python3.12/site-packages/airflow/example_dags/example_skip_dag.py
[2024-11-09T19:38:02.405+0000] {processor.py:925} INFO - DAG(s) 'example_skip_dag' retrieved from /home/chirag/airflow/lib/python3.12/site-packages/airflow/example_dags/example_skip_dag.py
[2024-11-09T19:38:02.430+0000] {logging_mixin.py:190} INFO - [2024-11-09T19:38:02.430+0000] {dag.py:3239} INFO - Sync 1 DAGs
[2024-11-09T19:38:02.460+0000] {logging_mixin.py:190} INFO - [2024-11-09T19:38:02.460+0000] {dag.py:4180} INFO - Setting next_dagrun for example_skip_dag to 2024-11-08 00:00:00+00:00, run_after=2024-11-09 00:00:00+00:00
[2024-11-09T19:38:02.496+0000] {processor.py:208} INFO - Processing /home/chirag/airflow/lib/python3.12/site-packages/airflow/example_dags/example_skip_dag.py took 0.123 seconds
[2024-11-09T19:39:16.332+0000] {processor.py:186} INFO - Started process (PID=3467) to work on /home/chirag/airflow/lib/python3.12/site-packages/airflow/example_dags/example_skip_dag.py
[2024-11-09T19:39:16.335+0000] {processor.py:914} INFO - Processing file /home/chirag/airflow/lib/python3.12/site-packages/airflow/example_dags/example_skip_dag.py for tasks to queue
[2024-11-09T19:39:16.339+0000] {logging_mixin.py:190} INFO - [2024-11-09T19:39:16.338+0000] {dagbag.py:588} INFO - Filling up the DagBag from /home/chirag/airflow/lib/python3.12/site-packages/airflow/example_dags/example_skip_dag.py
[2024-11-09T19:39:16.352+0000] {processor.py:925} INFO - DAG(s) 'example_skip_dag' retrieved from /home/chirag/airflow/lib/python3.12/site-packages/airflow/example_dags/example_skip_dag.py
[2024-11-09T19:39:16.383+0000] {logging_mixin.py:190} INFO - [2024-11-09T19:39:16.383+0000] {dag.py:3239} INFO - Sync 1 DAGs
[2024-11-09T19:39:16.434+0000] {logging_mixin.py:190} INFO - [2024-11-09T19:39:16.434+0000] {dag.py:4180} INFO - Setting next_dagrun for example_skip_dag to 2024-11-08 00:00:00+00:00, run_after=2024-11-09 00:00:00+00:00
[2024-11-09T19:39:16.485+0000] {processor.py:208} INFO - Processing /home/chirag/airflow/lib/python3.12/site-packages/airflow/example_dags/example_skip_dag.py took 0.162 seconds
[2024-11-09T19:40:41.321+0000] {processor.py:186} INFO - Started process (PID=3701) to work on /home/chirag/airflow/lib/python3.12/site-packages/airflow/example_dags/example_skip_dag.py
[2024-11-09T19:40:41.324+0000] {processor.py:914} INFO - Processing file /home/chirag/airflow/lib/python3.12/site-packages/airflow/example_dags/example_skip_dag.py for tasks to queue
[2024-11-09T19:40:41.328+0000] {logging_mixin.py:190} INFO - [2024-11-09T19:40:41.327+0000] {dagbag.py:588} INFO - Filling up the DagBag from /home/chirag/airflow/lib/python3.12/site-packages/airflow/example_dags/example_skip_dag.py
[2024-11-09T19:40:41.347+0000] {processor.py:925} INFO - DAG(s) 'example_skip_dag' retrieved from /home/chirag/airflow/lib/python3.12/site-packages/airflow/example_dags/example_skip_dag.py
[2024-11-09T19:40:41.379+0000] {logging_mixin.py:190} INFO - [2024-11-09T19:40:41.379+0000] {dag.py:3239} INFO - Sync 1 DAGs
[2024-11-09T19:40:41.411+0000] {logging_mixin.py:190} INFO - [2024-11-09T19:40:41.411+0000] {dag.py:4180} INFO - Setting next_dagrun for example_skip_dag to 2024-11-08 00:00:00+00:00, run_after=2024-11-09 00:00:00+00:00
[2024-11-09T19:40:41.445+0000] {processor.py:208} INFO - Processing /home/chirag/airflow/lib/python3.12/site-packages/airflow/example_dags/example_skip_dag.py took 0.137 seconds
[2024-11-09T19:41:54.818+0000] {processor.py:186} INFO - Started process (PID=3909) to work on /home/chirag/airflow/lib/python3.12/site-packages/airflow/example_dags/example_skip_dag.py
[2024-11-09T19:41:54.822+0000] {processor.py:914} INFO - Processing file /home/chirag/airflow/lib/python3.12/site-packages/airflow/example_dags/example_skip_dag.py for tasks to queue
[2024-11-09T19:41:54.825+0000] {logging_mixin.py:190} INFO - [2024-11-09T19:41:54.825+0000] {dagbag.py:588} INFO - Filling up the DagBag from /home/chirag/airflow/lib/python3.12/site-packages/airflow/example_dags/example_skip_dag.py
[2024-11-09T19:41:54.838+0000] {processor.py:925} INFO - DAG(s) 'example_skip_dag' retrieved from /home/chirag/airflow/lib/python3.12/site-packages/airflow/example_dags/example_skip_dag.py
[2024-11-09T19:41:54.863+0000] {logging_mixin.py:190} INFO - [2024-11-09T19:41:54.863+0000] {dag.py:3239} INFO - Sync 1 DAGs
[2024-11-09T19:41:54.896+0000] {logging_mixin.py:190} INFO - [2024-11-09T19:41:54.895+0000] {dag.py:4180} INFO - Setting next_dagrun for example_skip_dag to 2024-11-08 00:00:00+00:00, run_after=2024-11-09 00:00:00+00:00
[2024-11-09T19:41:54.933+0000] {processor.py:208} INFO - Processing /home/chirag/airflow/lib/python3.12/site-packages/airflow/example_dags/example_skip_dag.py took 0.124 seconds
[2024-11-09T19:43:13.338+0000] {processor.py:186} INFO - Started process (PID=4130) to work on /home/chirag/airflow/lib/python3.12/site-packages/airflow/example_dags/example_skip_dag.py
[2024-11-09T19:43:13.341+0000] {processor.py:914} INFO - Processing file /home/chirag/airflow/lib/python3.12/site-packages/airflow/example_dags/example_skip_dag.py for tasks to queue
[2024-11-09T19:43:13.344+0000] {logging_mixin.py:190} INFO - [2024-11-09T19:43:13.343+0000] {dagbag.py:588} INFO - Filling up the DagBag from /home/chirag/airflow/lib/python3.12/site-packages/airflow/example_dags/example_skip_dag.py
[2024-11-09T19:43:13.356+0000] {processor.py:925} INFO - DAG(s) 'example_skip_dag' retrieved from /home/chirag/airflow/lib/python3.12/site-packages/airflow/example_dags/example_skip_dag.py
[2024-11-09T19:43:13.381+0000] {logging_mixin.py:190} INFO - [2024-11-09T19:43:13.380+0000] {dag.py:3239} INFO - Sync 1 DAGs
[2024-11-09T19:43:13.409+0000] {logging_mixin.py:190} INFO - [2024-11-09T19:43:13.409+0000] {dag.py:4180} INFO - Setting next_dagrun for example_skip_dag to 2024-11-08 00:00:00+00:00, run_after=2024-11-09 00:00:00+00:00
[2024-11-09T19:43:13.447+0000] {processor.py:208} INFO - Processing /home/chirag/airflow/lib/python3.12/site-packages/airflow/example_dags/example_skip_dag.py took 0.117 seconds
[2024-11-09T19:44:28.600+0000] {processor.py:186} INFO - Started process (PID=4350) to work on /home/chirag/airflow/lib/python3.12/site-packages/airflow/example_dags/example_skip_dag.py
[2024-11-09T19:44:28.603+0000] {processor.py:914} INFO - Processing file /home/chirag/airflow/lib/python3.12/site-packages/airflow/example_dags/example_skip_dag.py for tasks to queue
[2024-11-09T19:44:28.606+0000] {logging_mixin.py:190} INFO - [2024-11-09T19:44:28.606+0000] {dagbag.py:588} INFO - Filling up the DagBag from /home/chirag/airflow/lib/python3.12/site-packages/airflow/example_dags/example_skip_dag.py
[2024-11-09T19:44:28.619+0000] {processor.py:925} INFO - DAG(s) 'example_skip_dag' retrieved from /home/chirag/airflow/lib/python3.12/site-packages/airflow/example_dags/example_skip_dag.py
[2024-11-09T19:44:28.643+0000] {logging_mixin.py:190} INFO - [2024-11-09T19:44:28.643+0000] {dag.py:3239} INFO - Sync 1 DAGs
[2024-11-09T19:44:28.673+0000] {logging_mixin.py:190} INFO - [2024-11-09T19:44:28.672+0000] {dag.py:4180} INFO - Setting next_dagrun for example_skip_dag to 2024-11-08 00:00:00+00:00, run_after=2024-11-09 00:00:00+00:00
[2024-11-09T19:44:28.711+0000] {processor.py:208} INFO - Processing /home/chirag/airflow/lib/python3.12/site-packages/airflow/example_dags/example_skip_dag.py took 0.119 seconds
[2024-11-09T19:46:09.085+0000] {processor.py:186} INFO - Started process (PID=4636) to work on /home/chirag/airflow/lib/python3.12/site-packages/airflow/example_dags/example_skip_dag.py
[2024-11-09T19:46:09.088+0000] {processor.py:914} INFO - Processing file /home/chirag/airflow/lib/python3.12/site-packages/airflow/example_dags/example_skip_dag.py for tasks to queue
[2024-11-09T19:46:09.092+0000] {logging_mixin.py:190} INFO - [2024-11-09T19:46:09.091+0000] {dagbag.py:588} INFO - Filling up the DagBag from /home/chirag/airflow/lib/python3.12/site-packages/airflow/example_dags/example_skip_dag.py
[2024-11-09T19:46:09.104+0000] {processor.py:925} INFO - DAG(s) 'example_skip_dag' retrieved from /home/chirag/airflow/lib/python3.12/site-packages/airflow/example_dags/example_skip_dag.py
[2024-11-09T19:46:09.130+0000] {logging_mixin.py:190} INFO - [2024-11-09T19:46:09.129+0000] {dag.py:3239} INFO - Sync 1 DAGs
[2024-11-09T19:46:09.161+0000] {logging_mixin.py:190} INFO - [2024-11-09T19:46:09.160+0000] {dag.py:4180} INFO - Setting next_dagrun for example_skip_dag to 2024-11-08 00:00:00+00:00, run_after=2024-11-09 00:00:00+00:00
[2024-11-09T19:46:09.200+0000] {processor.py:208} INFO - Processing /home/chirag/airflow/lib/python3.12/site-packages/airflow/example_dags/example_skip_dag.py took 0.123 seconds
[2024-11-09T19:47:32.245+0000] {processor.py:186} INFO - Started process (PID=4914) to work on /home/chirag/airflow/lib/python3.12/site-packages/airflow/example_dags/example_skip_dag.py
[2024-11-09T19:47:32.248+0000] {processor.py:914} INFO - Processing file /home/chirag/airflow/lib/python3.12/site-packages/airflow/example_dags/example_skip_dag.py for tasks to queue
[2024-11-09T19:47:32.251+0000] {logging_mixin.py:190} INFO - [2024-11-09T19:47:32.251+0000] {dagbag.py:588} INFO - Filling up the DagBag from /home/chirag/airflow/lib/python3.12/site-packages/airflow/example_dags/example_skip_dag.py
[2024-11-09T19:47:32.264+0000] {processor.py:925} INFO - DAG(s) 'example_skip_dag' retrieved from /home/chirag/airflow/lib/python3.12/site-packages/airflow/example_dags/example_skip_dag.py
[2024-11-09T19:47:32.288+0000] {logging_mixin.py:190} INFO - [2024-11-09T19:47:32.288+0000] {dag.py:3239} INFO - Sync 1 DAGs
[2024-11-09T19:47:32.316+0000] {logging_mixin.py:190} INFO - [2024-11-09T19:47:32.316+0000] {dag.py:4180} INFO - Setting next_dagrun for example_skip_dag to 2024-11-08 00:00:00+00:00, run_after=2024-11-09 00:00:00+00:00
[2024-11-09T19:47:32.356+0000] {processor.py:208} INFO - Processing /home/chirag/airflow/lib/python3.12/site-packages/airflow/example_dags/example_skip_dag.py took 0.120 seconds
[2024-11-09T19:48:51.416+0000] {processor.py:186} INFO - Started process (PID=5148) to work on /home/chirag/airflow/lib/python3.12/site-packages/airflow/example_dags/example_skip_dag.py
[2024-11-09T19:48:51.418+0000] {processor.py:914} INFO - Processing file /home/chirag/airflow/lib/python3.12/site-packages/airflow/example_dags/example_skip_dag.py for tasks to queue
[2024-11-09T19:48:51.424+0000] {logging_mixin.py:190} INFO - [2024-11-09T19:48:51.423+0000] {dagbag.py:588} INFO - Filling up the DagBag from /home/chirag/airflow/lib/python3.12/site-packages/airflow/example_dags/example_skip_dag.py
[2024-11-09T19:48:51.437+0000] {processor.py:925} INFO - DAG(s) 'example_skip_dag' retrieved from /home/chirag/airflow/lib/python3.12/site-packages/airflow/example_dags/example_skip_dag.py
[2024-11-09T19:48:51.463+0000] {logging_mixin.py:190} INFO - [2024-11-09T19:48:51.462+0000] {dag.py:3239} INFO - Sync 1 DAGs
[2024-11-09T19:48:51.491+0000] {logging_mixin.py:190} INFO - [2024-11-09T19:48:51.491+0000] {dag.py:4180} INFO - Setting next_dagrun for example_skip_dag to 2024-11-08 00:00:00+00:00, run_after=2024-11-09 00:00:00+00:00
[2024-11-09T19:48:51.530+0000] {processor.py:208} INFO - Processing /home/chirag/airflow/lib/python3.12/site-packages/airflow/example_dags/example_skip_dag.py took 0.122 seconds
[2024-11-09T19:50:03.943+0000] {processor.py:186} INFO - Started process (PID=5486) to work on /home/chirag/airflow/lib/python3.12/site-packages/airflow/example_dags/example_skip_dag.py
[2024-11-09T19:50:03.947+0000] {processor.py:914} INFO - Processing file /home/chirag/airflow/lib/python3.12/site-packages/airflow/example_dags/example_skip_dag.py for tasks to queue
[2024-11-09T19:50:03.951+0000] {logging_mixin.py:190} INFO - [2024-11-09T19:50:03.951+0000] {dagbag.py:588} INFO - Filling up the DagBag from /home/chirag/airflow/lib/python3.12/site-packages/airflow/example_dags/example_skip_dag.py
[2024-11-09T19:50:03.964+0000] {processor.py:925} INFO - DAG(s) 'example_skip_dag' retrieved from /home/chirag/airflow/lib/python3.12/site-packages/airflow/example_dags/example_skip_dag.py
[2024-11-09T19:50:03.989+0000] {logging_mixin.py:190} INFO - [2024-11-09T19:50:03.988+0000] {dag.py:3239} INFO - Sync 1 DAGs
[2024-11-09T19:50:04.017+0000] {logging_mixin.py:190} INFO - [2024-11-09T19:50:04.017+0000] {dag.py:4180} INFO - Setting next_dagrun for example_skip_dag to 2024-11-08 00:00:00+00:00, run_after=2024-11-09 00:00:00+00:00
[2024-11-09T19:50:04.055+0000] {processor.py:208} INFO - Processing /home/chirag/airflow/lib/python3.12/site-packages/airflow/example_dags/example_skip_dag.py took 0.120 seconds
[2024-11-09T19:51:15.748+0000] {processor.py:186} INFO - Started process (PID=6082) to work on /home/chirag/airflow/lib/python3.12/site-packages/airflow/example_dags/example_skip_dag.py
[2024-11-09T19:51:15.751+0000] {processor.py:914} INFO - Processing file /home/chirag/airflow/lib/python3.12/site-packages/airflow/example_dags/example_skip_dag.py for tasks to queue
[2024-11-09T19:51:15.755+0000] {logging_mixin.py:190} INFO - [2024-11-09T19:51:15.755+0000] {dagbag.py:588} INFO - Filling up the DagBag from /home/chirag/airflow/lib/python3.12/site-packages/airflow/example_dags/example_skip_dag.py
[2024-11-09T19:51:15.768+0000] {processor.py:925} INFO - DAG(s) 'example_skip_dag' retrieved from /home/chirag/airflow/lib/python3.12/site-packages/airflow/example_dags/example_skip_dag.py
[2024-11-09T19:51:15.793+0000] {logging_mixin.py:190} INFO - [2024-11-09T19:51:15.792+0000] {dag.py:3239} INFO - Sync 1 DAGs
[2024-11-09T19:51:15.821+0000] {logging_mixin.py:190} INFO - [2024-11-09T19:51:15.821+0000] {dag.py:4180} INFO - Setting next_dagrun for example_skip_dag to 2024-11-08 00:00:00+00:00, run_after=2024-11-09 00:00:00+00:00
[2024-11-09T19:51:15.863+0000] {processor.py:208} INFO - Processing /home/chirag/airflow/lib/python3.12/site-packages/airflow/example_dags/example_skip_dag.py took 0.127 seconds
[2024-11-09T19:52:49.380+0000] {processor.py:186} INFO - Started process (PID=6479) to work on /home/chirag/airflow/lib/python3.12/site-packages/airflow/example_dags/example_skip_dag.py
[2024-11-09T19:52:49.383+0000] {processor.py:914} INFO - Processing file /home/chirag/airflow/lib/python3.12/site-packages/airflow/example_dags/example_skip_dag.py for tasks to queue
[2024-11-09T19:52:49.388+0000] {logging_mixin.py:190} INFO - [2024-11-09T19:52:49.388+0000] {dagbag.py:588} INFO - Filling up the DagBag from /home/chirag/airflow/lib/python3.12/site-packages/airflow/example_dags/example_skip_dag.py
[2024-11-09T19:52:49.400+0000] {processor.py:925} INFO - DAG(s) 'example_skip_dag' retrieved from /home/chirag/airflow/lib/python3.12/site-packages/airflow/example_dags/example_skip_dag.py
[2024-11-09T19:52:49.425+0000] {logging_mixin.py:190} INFO - [2024-11-09T19:52:49.425+0000] {dag.py:3239} INFO - Sync 1 DAGs
[2024-11-09T19:52:49.453+0000] {logging_mixin.py:190} INFO - [2024-11-09T19:52:49.453+0000] {dag.py:4180} INFO - Setting next_dagrun for example_skip_dag to 2024-11-08 00:00:00+00:00, run_after=2024-11-09 00:00:00+00:00
[2024-11-09T19:52:49.494+0000] {processor.py:208} INFO - Processing /home/chirag/airflow/lib/python3.12/site-packages/airflow/example_dags/example_skip_dag.py took 0.122 seconds
[2024-11-09T19:54:19.320+0000] {processor.py:186} INFO - Started process (PID=7128) to work on /home/chirag/airflow/lib/python3.12/site-packages/airflow/example_dags/example_skip_dag.py
[2024-11-09T19:54:19.339+0000] {processor.py:914} INFO - Processing file /home/chirag/airflow/lib/python3.12/site-packages/airflow/example_dags/example_skip_dag.py for tasks to queue
[2024-11-09T19:54:19.347+0000] {logging_mixin.py:190} INFO - [2024-11-09T19:54:19.346+0000] {dagbag.py:588} INFO - Filling up the DagBag from /home/chirag/airflow/lib/python3.12/site-packages/airflow/example_dags/example_skip_dag.py
[2024-11-09T19:54:19.372+0000] {processor.py:925} INFO - DAG(s) 'example_skip_dag' retrieved from /home/chirag/airflow/lib/python3.12/site-packages/airflow/example_dags/example_skip_dag.py
[2024-11-09T19:54:19.411+0000] {logging_mixin.py:190} INFO - [2024-11-09T19:54:19.411+0000] {dag.py:3239} INFO - Sync 1 DAGs
[2024-11-09T19:54:19.457+0000] {logging_mixin.py:190} INFO - [2024-11-09T19:54:19.456+0000] {dag.py:4180} INFO - Setting next_dagrun for example_skip_dag to 2024-11-08 00:00:00+00:00, run_after=2024-11-09 00:00:00+00:00
[2024-11-09T19:54:19.510+0000] {processor.py:208} INFO - Processing /home/chirag/airflow/lib/python3.12/site-packages/airflow/example_dags/example_skip_dag.py took 0.212 seconds
[2024-11-09T19:55:36.171+0000] {processor.py:186} INFO - Started process (PID=7706) to work on /home/chirag/airflow/lib/python3.12/site-packages/airflow/example_dags/example_skip_dag.py
[2024-11-09T19:55:36.174+0000] {processor.py:914} INFO - Processing file /home/chirag/airflow/lib/python3.12/site-packages/airflow/example_dags/example_skip_dag.py for tasks to queue
[2024-11-09T19:55:36.179+0000] {logging_mixin.py:190} INFO - [2024-11-09T19:55:36.178+0000] {dagbag.py:588} INFO - Filling up the DagBag from /home/chirag/airflow/lib/python3.12/site-packages/airflow/example_dags/example_skip_dag.py
[2024-11-09T19:55:36.190+0000] {processor.py:925} INFO - DAG(s) 'example_skip_dag' retrieved from /home/chirag/airflow/lib/python3.12/site-packages/airflow/example_dags/example_skip_dag.py
[2024-11-09T19:55:36.231+0000] {logging_mixin.py:190} INFO - [2024-11-09T19:55:36.231+0000] {dag.py:3239} INFO - Sync 1 DAGs
[2024-11-09T19:55:36.271+0000] {logging_mixin.py:190} INFO - [2024-11-09T19:55:36.270+0000] {dag.py:4180} INFO - Setting next_dagrun for example_skip_dag to 2024-11-08 00:00:00+00:00, run_after=2024-11-09 00:00:00+00:00
[2024-11-09T19:55:36.312+0000] {processor.py:208} INFO - Processing /home/chirag/airflow/lib/python3.12/site-packages/airflow/example_dags/example_skip_dag.py took 0.149 seconds
[2024-11-09T19:57:22.602+0000] {processor.py:186} INFO - Started process (PID=8100) to work on /home/chirag/airflow/lib/python3.12/site-packages/airflow/example_dags/example_skip_dag.py
[2024-11-09T19:57:22.604+0000] {processor.py:914} INFO - Processing file /home/chirag/airflow/lib/python3.12/site-packages/airflow/example_dags/example_skip_dag.py for tasks to queue
[2024-11-09T19:57:22.608+0000] {logging_mixin.py:190} INFO - [2024-11-09T19:57:22.608+0000] {dagbag.py:588} INFO - Filling up the DagBag from /home/chirag/airflow/lib/python3.12/site-packages/airflow/example_dags/example_skip_dag.py
[2024-11-09T19:57:22.624+0000] {processor.py:925} INFO - DAG(s) 'example_skip_dag' retrieved from /home/chirag/airflow/lib/python3.12/site-packages/airflow/example_dags/example_skip_dag.py
[2024-11-09T19:57:22.657+0000] {logging_mixin.py:190} INFO - [2024-11-09T19:57:22.656+0000] {dag.py:3239} INFO - Sync 1 DAGs
[2024-11-09T19:57:22.692+0000] {logging_mixin.py:190} INFO - [2024-11-09T19:57:22.692+0000] {dag.py:4180} INFO - Setting next_dagrun for example_skip_dag to 2024-11-08 00:00:00+00:00, run_after=2024-11-09 00:00:00+00:00
[2024-11-09T19:57:22.734+0000] {processor.py:208} INFO - Processing /home/chirag/airflow/lib/python3.12/site-packages/airflow/example_dags/example_skip_dag.py took 0.142 seconds
[2024-11-09T19:59:10.940+0000] {processor.py:186} INFO - Started process (PID=8554) to work on /home/chirag/airflow/lib/python3.12/site-packages/airflow/example_dags/example_skip_dag.py
[2024-11-09T19:59:10.943+0000] {processor.py:914} INFO - Processing file /home/chirag/airflow/lib/python3.12/site-packages/airflow/example_dags/example_skip_dag.py for tasks to queue
[2024-11-09T19:59:10.947+0000] {logging_mixin.py:190} INFO - [2024-11-09T19:59:10.946+0000] {dagbag.py:588} INFO - Filling up the DagBag from /home/chirag/airflow/lib/python3.12/site-packages/airflow/example_dags/example_skip_dag.py
[2024-11-09T19:59:10.959+0000] {processor.py:925} INFO - DAG(s) 'example_skip_dag' retrieved from /home/chirag/airflow/lib/python3.12/site-packages/airflow/example_dags/example_skip_dag.py
[2024-11-09T19:59:10.985+0000] {logging_mixin.py:190} INFO - [2024-11-09T19:59:10.984+0000] {dag.py:3239} INFO - Sync 1 DAGs
[2024-11-09T19:59:11.014+0000] {logging_mixin.py:190} INFO - [2024-11-09T19:59:11.014+0000] {dag.py:4180} INFO - Setting next_dagrun for example_skip_dag to 2024-11-08 00:00:00+00:00, run_after=2024-11-09 00:00:00+00:00
[2024-11-09T19:59:11.076+0000] {processor.py:208} INFO - Processing /home/chirag/airflow/lib/python3.12/site-packages/airflow/example_dags/example_skip_dag.py took 0.145 seconds
[2024-11-09T20:23:11.315+0000] {processor.py:186} INFO - Started process (PID=12767) to work on /home/chirag/airflow/lib/python3.12/site-packages/airflow/example_dags/example_skip_dag.py
[2024-11-09T20:23:11.322+0000] {processor.py:914} INFO - Processing file /home/chirag/airflow/lib/python3.12/site-packages/airflow/example_dags/example_skip_dag.py for tasks to queue
[2024-11-09T20:23:11.334+0000] {logging_mixin.py:190} INFO - [2024-11-09T20:23:11.332+0000] {dagbag.py:588} INFO - Filling up the DagBag from /home/chirag/airflow/lib/python3.12/site-packages/airflow/example_dags/example_skip_dag.py
[2024-11-09T20:23:11.353+0000] {processor.py:925} INFO - DAG(s) 'example_skip_dag' retrieved from /home/chirag/airflow/lib/python3.12/site-packages/airflow/example_dags/example_skip_dag.py
[2024-11-09T20:23:11.385+0000] {logging_mixin.py:190} INFO - [2024-11-09T20:23:11.385+0000] {dag.py:3239} INFO - Sync 1 DAGs
[2024-11-09T20:23:11.435+0000] {logging_mixin.py:190} INFO - [2024-11-09T20:23:11.434+0000] {dag.py:4180} INFO - Setting next_dagrun for example_skip_dag to 2024-11-08 00:00:00+00:00, run_after=2024-11-09 00:00:00+00:00
[2024-11-09T20:23:11.482+0000] {processor.py:208} INFO - Processing /home/chirag/airflow/lib/python3.12/site-packages/airflow/example_dags/example_skip_dag.py took 0.182 seconds
[2024-11-09T20:24:25.077+0000] {processor.py:186} INFO - Started process (PID=12983) to work on /home/chirag/airflow/lib/python3.12/site-packages/airflow/example_dags/example_skip_dag.py
[2024-11-09T20:24:25.080+0000] {processor.py:914} INFO - Processing file /home/chirag/airflow/lib/python3.12/site-packages/airflow/example_dags/example_skip_dag.py for tasks to queue
[2024-11-09T20:24:25.083+0000] {logging_mixin.py:190} INFO - [2024-11-09T20:24:25.082+0000] {dagbag.py:588} INFO - Filling up the DagBag from /home/chirag/airflow/lib/python3.12/site-packages/airflow/example_dags/example_skip_dag.py
[2024-11-09T20:24:25.095+0000] {processor.py:925} INFO - DAG(s) 'example_skip_dag' retrieved from /home/chirag/airflow/lib/python3.12/site-packages/airflow/example_dags/example_skip_dag.py
[2024-11-09T20:24:25.119+0000] {logging_mixin.py:190} INFO - [2024-11-09T20:24:25.118+0000] {dag.py:3239} INFO - Sync 1 DAGs
[2024-11-09T20:24:25.151+0000] {logging_mixin.py:190} INFO - [2024-11-09T20:24:25.151+0000] {dag.py:4180} INFO - Setting next_dagrun for example_skip_dag to 2024-11-08 00:00:00+00:00, run_after=2024-11-09 00:00:00+00:00
[2024-11-09T20:24:25.192+0000] {processor.py:208} INFO - Processing /home/chirag/airflow/lib/python3.12/site-packages/airflow/example_dags/example_skip_dag.py took 0.123 seconds
[2024-11-09T20:25:58.092+0000] {processor.py:186} INFO - Started process (PID=13339) to work on /home/chirag/airflow/lib/python3.12/site-packages/airflow/example_dags/example_skip_dag.py
[2024-11-09T20:25:58.100+0000] {processor.py:914} INFO - Processing file /home/chirag/airflow/lib/python3.12/site-packages/airflow/example_dags/example_skip_dag.py for tasks to queue
[2024-11-09T20:25:58.113+0000] {logging_mixin.py:190} INFO - [2024-11-09T20:25:58.104+0000] {dagbag.py:588} INFO - Filling up the DagBag from /home/chirag/airflow/lib/python3.12/site-packages/airflow/example_dags/example_skip_dag.py
[2024-11-09T20:25:58.152+0000] {processor.py:925} INFO - DAG(s) 'example_skip_dag' retrieved from /home/chirag/airflow/lib/python3.12/site-packages/airflow/example_dags/example_skip_dag.py
[2024-11-09T20:25:58.229+0000] {logging_mixin.py:190} INFO - [2024-11-09T20:25:58.228+0000] {dag.py:3239} INFO - Sync 1 DAGs
[2024-11-09T20:25:58.295+0000] {logging_mixin.py:190} INFO - [2024-11-09T20:25:58.295+0000] {dag.py:4180} INFO - Setting next_dagrun for example_skip_dag to 2024-11-08 00:00:00+00:00, run_after=2024-11-09 00:00:00+00:00
[2024-11-09T20:25:58.339+0000] {processor.py:208} INFO - Processing /home/chirag/airflow/lib/python3.12/site-packages/airflow/example_dags/example_skip_dag.py took 0.328 seconds
[2024-11-09T20:27:48.189+0000] {processor.py:186} INFO - Started process (PID=13924) to work on /home/chirag/airflow/lib/python3.12/site-packages/airflow/example_dags/example_skip_dag.py
[2024-11-09T20:27:48.212+0000] {processor.py:914} INFO - Processing file /home/chirag/airflow/lib/python3.12/site-packages/airflow/example_dags/example_skip_dag.py for tasks to queue
[2024-11-09T20:27:48.215+0000] {logging_mixin.py:190} INFO - [2024-11-09T20:27:48.215+0000] {dagbag.py:588} INFO - Filling up the DagBag from /home/chirag/airflow/lib/python3.12/site-packages/airflow/example_dags/example_skip_dag.py
[2024-11-09T20:27:48.229+0000] {processor.py:925} INFO - DAG(s) 'example_skip_dag' retrieved from /home/chirag/airflow/lib/python3.12/site-packages/airflow/example_dags/example_skip_dag.py
[2024-11-09T20:27:48.259+0000] {logging_mixin.py:190} INFO - [2024-11-09T20:27:48.258+0000] {dag.py:3239} INFO - Sync 1 DAGs
[2024-11-09T20:27:48.300+0000] {logging_mixin.py:190} INFO - [2024-11-09T20:27:48.300+0000] {dag.py:4180} INFO - Setting next_dagrun for example_skip_dag to 2024-11-08 00:00:00+00:00, run_after=2024-11-09 00:00:00+00:00
[2024-11-09T20:27:48.598+0000] {processor.py:208} INFO - Processing /home/chirag/airflow/lib/python3.12/site-packages/airflow/example_dags/example_skip_dag.py took 0.420 seconds
