[2024-11-09T19:17:40.272+0000] {processor.py:186} INFO - Started process (PID=94736) to work on /home/chirag/airflow/lib/python3.12/site-packages/airflow/example_dags/example_latest_only.py
[2024-11-09T19:17:40.274+0000] {processor.py:914} INFO - Processing file /home/chirag/airflow/lib/python3.12/site-packages/airflow/example_dags/example_latest_only.py for tasks to queue
[2024-11-09T19:17:40.279+0000] {logging_mixin.py:190} INFO - [2024-11-09T19:17:40.278+0000] {dagbag.py:588} INFO - Filling up the DagBag from /home/chirag/airflow/lib/python3.12/site-packages/airflow/example_dags/example_latest_only.py
[2024-11-09T19:17:40.295+0000] {processor.py:925} INFO - DAG(s) 'latest_only' retrieved from /home/chirag/airflow/lib/python3.12/site-packages/airflow/example_dags/example_latest_only.py
[2024-11-09T19:17:40.589+0000] {logging_mixin.py:190} INFO - [2024-11-09T19:17:40.588+0000] {override.py:1911} INFO - Created Permission View: can delete on DAG:latest_only
[2024-11-09T19:17:40.624+0000] {logging_mixin.py:190} INFO - [2024-11-09T19:17:40.623+0000] {override.py:1911} INFO - Created Permission View: can read on DAG:latest_only
[2024-11-09T19:17:40.664+0000] {logging_mixin.py:190} INFO - [2024-11-09T19:17:40.663+0000] {override.py:1911} INFO - Created Permission View: can edit on DAG:latest_only
[2024-11-09T19:17:40.729+0000] {logging_mixin.py:190} INFO - [2024-11-09T19:17:40.728+0000] {override.py:1911} INFO - Created Permission View: menu access on DAG Run:latest_only
[2024-11-09T19:17:40.770+0000] {logging_mixin.py:190} INFO - [2024-11-09T19:17:40.770+0000] {override.py:1911} INFO - Created Permission View: can delete on DAG Run:latest_only
[2024-11-09T19:17:40.799+0000] {logging_mixin.py:190} INFO - [2024-11-09T19:17:40.798+0000] {override.py:1911} INFO - Created Permission View: can read on DAG Run:latest_only
[2024-11-09T19:17:40.830+0000] {logging_mixin.py:190} INFO - [2024-11-09T19:17:40.830+0000] {override.py:1911} INFO - Created Permission View: can create on DAG Run:latest_only
[2024-11-09T19:17:40.831+0000] {logging_mixin.py:190} INFO - [2024-11-09T19:17:40.831+0000] {dag.py:3239} INFO - Sync 1 DAGs
[2024-11-09T19:17:40.853+0000] {logging_mixin.py:190} INFO - [2024-11-09T19:17:40.853+0000] {dag.py:3262} INFO - Creating ORM DAG for latest_only
[2024-11-09T19:17:40.867+0000] {logging_mixin.py:190} INFO - [2024-11-09T19:17:40.866+0000] {dag.py:4180} INFO - Setting next_dagrun for latest_only to 2024-11-09 12:00:00+00:00, run_after=2024-11-09 16:00:00+00:00
[2024-11-09T19:17:40.901+0000] {processor.py:208} INFO - Processing /home/chirag/airflow/lib/python3.12/site-packages/airflow/example_dags/example_latest_only.py took 0.638 seconds
[2024-11-09T19:28:23.202+0000] {processor.py:186} INFO - Started process (PID=500) to work on /home/chirag/airflow/lib/python3.12/site-packages/airflow/example_dags/example_latest_only.py
[2024-11-09T19:28:23.205+0000] {processor.py:914} INFO - Processing file /home/chirag/airflow/lib/python3.12/site-packages/airflow/example_dags/example_latest_only.py for tasks to queue
[2024-11-09T19:28:23.210+0000] {logging_mixin.py:190} INFO - [2024-11-09T19:28:23.208+0000] {dagbag.py:588} INFO - Filling up the DagBag from /home/chirag/airflow/lib/python3.12/site-packages/airflow/example_dags/example_latest_only.py
[2024-11-09T19:28:23.225+0000] {processor.py:925} INFO - DAG(s) 'latest_only' retrieved from /home/chirag/airflow/lib/python3.12/site-packages/airflow/example_dags/example_latest_only.py
[2024-11-09T19:28:23.253+0000] {logging_mixin.py:190} INFO - [2024-11-09T19:28:23.252+0000] {dag.py:3239} INFO - Sync 1 DAGs
[2024-11-09T19:28:23.300+0000] {logging_mixin.py:190} INFO - [2024-11-09T19:28:23.300+0000] {dag.py:4180} INFO - Setting next_dagrun for latest_only to 2024-11-09 12:00:00+00:00, run_after=2024-11-09 16:00:00+00:00
[2024-11-09T19:28:23.348+0000] {processor.py:208} INFO - Processing /home/chirag/airflow/lib/python3.12/site-packages/airflow/example_dags/example_latest_only.py took 0.156 seconds
[2024-11-09T19:29:36.684+0000] {processor.py:186} INFO - Started process (PID=590) to work on /home/chirag/airflow/lib/python3.12/site-packages/airflow/example_dags/example_latest_only.py
[2024-11-09T19:29:36.687+0000] {processor.py:914} INFO - Processing file /home/chirag/airflow/lib/python3.12/site-packages/airflow/example_dags/example_latest_only.py for tasks to queue
[2024-11-09T19:29:36.690+0000] {logging_mixin.py:190} INFO - [2024-11-09T19:29:36.689+0000] {dagbag.py:588} INFO - Filling up the DagBag from /home/chirag/airflow/lib/python3.12/site-packages/airflow/example_dags/example_latest_only.py
[2024-11-09T19:29:36.700+0000] {processor.py:925} INFO - DAG(s) 'latest_only' retrieved from /home/chirag/airflow/lib/python3.12/site-packages/airflow/example_dags/example_latest_only.py
[2024-11-09T19:29:36.721+0000] {logging_mixin.py:190} INFO - [2024-11-09T19:29:36.721+0000] {dag.py:3239} INFO - Sync 1 DAGs
[2024-11-09T19:29:36.751+0000] {logging_mixin.py:190} INFO - [2024-11-09T19:29:36.750+0000] {dag.py:4180} INFO - Setting next_dagrun for latest_only to 2024-11-09 12:00:00+00:00, run_after=2024-11-09 16:00:00+00:00
[2024-11-09T19:29:36.783+0000] {processor.py:208} INFO - Processing /home/chirag/airflow/lib/python3.12/site-packages/airflow/example_dags/example_latest_only.py took 0.107 seconds
[2024-11-09T19:30:56.878+0000] {processor.py:186} INFO - Started process (PID=663) to work on /home/chirag/airflow/lib/python3.12/site-packages/airflow/example_dags/example_latest_only.py
[2024-11-09T19:30:56.880+0000] {processor.py:914} INFO - Processing file /home/chirag/airflow/lib/python3.12/site-packages/airflow/example_dags/example_latest_only.py for tasks to queue
[2024-11-09T19:30:56.883+0000] {logging_mixin.py:190} INFO - [2024-11-09T19:30:56.883+0000] {dagbag.py:588} INFO - Filling up the DagBag from /home/chirag/airflow/lib/python3.12/site-packages/airflow/example_dags/example_latest_only.py
[2024-11-09T19:30:56.894+0000] {processor.py:925} INFO - DAG(s) 'latest_only' retrieved from /home/chirag/airflow/lib/python3.12/site-packages/airflow/example_dags/example_latest_only.py
[2024-11-09T19:30:56.920+0000] {logging_mixin.py:190} INFO - [2024-11-09T19:30:56.919+0000] {dag.py:3239} INFO - Sync 1 DAGs
[2024-11-09T19:30:56.947+0000] {logging_mixin.py:190} INFO - [2024-11-09T19:30:56.946+0000] {dag.py:4180} INFO - Setting next_dagrun for latest_only to 2024-11-09 12:00:00+00:00, run_after=2024-11-09 16:00:00+00:00
[2024-11-09T19:30:56.977+0000] {processor.py:208} INFO - Processing /home/chirag/airflow/lib/python3.12/site-packages/airflow/example_dags/example_latest_only.py took 0.107 seconds
[2024-11-09T19:32:35.781+0000] {processor.py:186} INFO - Started process (PID=1515) to work on /home/chirag/airflow/lib/python3.12/site-packages/airflow/example_dags/example_latest_only.py
[2024-11-09T19:32:35.793+0000] {processor.py:914} INFO - Processing file /home/chirag/airflow/lib/python3.12/site-packages/airflow/example_dags/example_latest_only.py for tasks to queue
[2024-11-09T19:32:35.796+0000] {logging_mixin.py:190} INFO - [2024-11-09T19:32:35.796+0000] {dagbag.py:588} INFO - Filling up the DagBag from /home/chirag/airflow/lib/python3.12/site-packages/airflow/example_dags/example_latest_only.py
[2024-11-09T19:32:35.807+0000] {processor.py:925} INFO - DAG(s) 'latest_only' retrieved from /home/chirag/airflow/lib/python3.12/site-packages/airflow/example_dags/example_latest_only.py
[2024-11-09T19:32:35.833+0000] {logging_mixin.py:190} INFO - [2024-11-09T19:32:35.832+0000] {dag.py:3239} INFO - Sync 1 DAGs
[2024-11-09T19:32:35.876+0000] {logging_mixin.py:190} INFO - [2024-11-09T19:32:35.876+0000] {dag.py:4180} INFO - Setting next_dagrun for latest_only to 2024-11-09 12:00:00+00:00, run_after=2024-11-09 16:00:00+00:00
[2024-11-09T19:32:35.986+0000] {processor.py:208} INFO - Processing /home/chirag/airflow/lib/python3.12/site-packages/airflow/example_dags/example_latest_only.py took 0.213 seconds
[2024-11-09T19:33:59.163+0000] {processor.py:186} INFO - Started process (PID=2082) to work on /home/chirag/airflow/lib/python3.12/site-packages/airflow/example_dags/example_latest_only.py
[2024-11-09T19:33:59.165+0000] {processor.py:914} INFO - Processing file /home/chirag/airflow/lib/python3.12/site-packages/airflow/example_dags/example_latest_only.py for tasks to queue
[2024-11-09T19:33:59.169+0000] {logging_mixin.py:190} INFO - [2024-11-09T19:33:59.168+0000] {dagbag.py:588} INFO - Filling up the DagBag from /home/chirag/airflow/lib/python3.12/site-packages/airflow/example_dags/example_latest_only.py
[2024-11-09T19:33:59.179+0000] {processor.py:925} INFO - DAG(s) 'latest_only' retrieved from /home/chirag/airflow/lib/python3.12/site-packages/airflow/example_dags/example_latest_only.py
[2024-11-09T19:33:59.200+0000] {logging_mixin.py:190} INFO - [2024-11-09T19:33:59.200+0000] {dag.py:3239} INFO - Sync 1 DAGs
[2024-11-09T19:33:59.232+0000] {logging_mixin.py:190} INFO - [2024-11-09T19:33:59.232+0000] {dag.py:4180} INFO - Setting next_dagrun for latest_only to 2024-11-09 12:00:00+00:00, run_after=2024-11-09 16:00:00+00:00
[2024-11-09T19:33:59.268+0000] {processor.py:208} INFO - Processing /home/chirag/airflow/lib/python3.12/site-packages/airflow/example_dags/example_latest_only.py took 0.113 seconds
[2024-11-09T19:35:24.852+0000] {processor.py:186} INFO - Started process (PID=2651) to work on /home/chirag/airflow/lib/python3.12/site-packages/airflow/example_dags/example_latest_only.py
[2024-11-09T19:35:24.854+0000] {processor.py:914} INFO - Processing file /home/chirag/airflow/lib/python3.12/site-packages/airflow/example_dags/example_latest_only.py for tasks to queue
[2024-11-09T19:35:24.860+0000] {logging_mixin.py:190} INFO - [2024-11-09T19:35:24.859+0000] {dagbag.py:588} INFO - Filling up the DagBag from /home/chirag/airflow/lib/python3.12/site-packages/airflow/example_dags/example_latest_only.py
[2024-11-09T19:35:24.871+0000] {processor.py:925} INFO - DAG(s) 'latest_only' retrieved from /home/chirag/airflow/lib/python3.12/site-packages/airflow/example_dags/example_latest_only.py
[2024-11-09T19:35:24.895+0000] {logging_mixin.py:190} INFO - [2024-11-09T19:35:24.895+0000] {dag.py:3239} INFO - Sync 1 DAGs
[2024-11-09T19:35:24.926+0000] {logging_mixin.py:190} INFO - [2024-11-09T19:35:24.926+0000] {dag.py:4180} INFO - Setting next_dagrun for latest_only to 2024-11-09 12:00:00+00:00, run_after=2024-11-09 16:00:00+00:00
[2024-11-09T19:35:24.969+0000] {processor.py:208} INFO - Processing /home/chirag/airflow/lib/python3.12/site-packages/airflow/example_dags/example_latest_only.py took 0.126 seconds
[2024-11-09T19:36:49.205+0000] {processor.py:186} INFO - Started process (PID=2873) to work on /home/chirag/airflow/lib/python3.12/site-packages/airflow/example_dags/example_latest_only.py
[2024-11-09T19:36:49.209+0000] {processor.py:914} INFO - Processing file /home/chirag/airflow/lib/python3.12/site-packages/airflow/example_dags/example_latest_only.py for tasks to queue
[2024-11-09T19:36:49.212+0000] {logging_mixin.py:190} INFO - [2024-11-09T19:36:49.211+0000] {dagbag.py:588} INFO - Filling up the DagBag from /home/chirag/airflow/lib/python3.12/site-packages/airflow/example_dags/example_latest_only.py
[2024-11-09T19:36:49.223+0000] {processor.py:925} INFO - DAG(s) 'latest_only' retrieved from /home/chirag/airflow/lib/python3.12/site-packages/airflow/example_dags/example_latest_only.py
[2024-11-09T19:36:49.248+0000] {logging_mixin.py:190} INFO - [2024-11-09T19:36:49.248+0000] {dag.py:3239} INFO - Sync 1 DAGs
[2024-11-09T19:36:49.277+0000] {logging_mixin.py:190} INFO - [2024-11-09T19:36:49.277+0000] {dag.py:4180} INFO - Setting next_dagrun for latest_only to 2024-11-09 12:00:00+00:00, run_after=2024-11-09 16:00:00+00:00
[2024-11-09T19:36:49.316+0000] {processor.py:208} INFO - Processing /home/chirag/airflow/lib/python3.12/site-packages/airflow/example_dags/example_latest_only.py took 0.119 seconds
[2024-11-09T19:37:58.667+0000] {processor.py:186} INFO - Started process (PID=3166) to work on /home/chirag/airflow/lib/python3.12/site-packages/airflow/example_dags/example_latest_only.py
[2024-11-09T19:37:58.670+0000] {processor.py:914} INFO - Processing file /home/chirag/airflow/lib/python3.12/site-packages/airflow/example_dags/example_latest_only.py for tasks to queue
[2024-11-09T19:37:58.673+0000] {logging_mixin.py:190} INFO - [2024-11-09T19:37:58.673+0000] {dagbag.py:588} INFO - Filling up the DagBag from /home/chirag/airflow/lib/python3.12/site-packages/airflow/example_dags/example_latest_only.py
[2024-11-09T19:37:58.684+0000] {processor.py:925} INFO - DAG(s) 'latest_only' retrieved from /home/chirag/airflow/lib/python3.12/site-packages/airflow/example_dags/example_latest_only.py
[2024-11-09T19:37:58.706+0000] {logging_mixin.py:190} INFO - [2024-11-09T19:37:58.706+0000] {dag.py:3239} INFO - Sync 1 DAGs
[2024-11-09T19:37:58.736+0000] {logging_mixin.py:190} INFO - [2024-11-09T19:37:58.735+0000] {dag.py:4180} INFO - Setting next_dagrun for latest_only to 2024-11-09 12:00:00+00:00, run_after=2024-11-09 16:00:00+00:00
[2024-11-09T19:37:58.772+0000] {processor.py:208} INFO - Processing /home/chirag/airflow/lib/python3.12/site-packages/airflow/example_dags/example_latest_only.py took 0.113 seconds
[2024-11-09T19:39:13.187+0000] {processor.py:186} INFO - Started process (PID=3458) to work on /home/chirag/airflow/lib/python3.12/site-packages/airflow/example_dags/example_latest_only.py
[2024-11-09T19:39:13.189+0000] {processor.py:914} INFO - Processing file /home/chirag/airflow/lib/python3.12/site-packages/airflow/example_dags/example_latest_only.py for tasks to queue
[2024-11-09T19:39:13.193+0000] {logging_mixin.py:190} INFO - [2024-11-09T19:39:13.192+0000] {dagbag.py:588} INFO - Filling up the DagBag from /home/chirag/airflow/lib/python3.12/site-packages/airflow/example_dags/example_latest_only.py
[2024-11-09T19:39:13.206+0000] {processor.py:925} INFO - DAG(s) 'latest_only' retrieved from /home/chirag/airflow/lib/python3.12/site-packages/airflow/example_dags/example_latest_only.py
[2024-11-09T19:39:13.232+0000] {logging_mixin.py:190} INFO - [2024-11-09T19:39:13.231+0000] {dag.py:3239} INFO - Sync 1 DAGs
[2024-11-09T19:39:13.287+0000] {logging_mixin.py:190} INFO - [2024-11-09T19:39:13.286+0000] {dag.py:4180} INFO - Setting next_dagrun for latest_only to 2024-11-09 12:00:00+00:00, run_after=2024-11-09 16:00:00+00:00
[2024-11-09T19:39:13.378+0000] {processor.py:208} INFO - Processing /home/chirag/airflow/lib/python3.12/site-packages/airflow/example_dags/example_latest_only.py took 0.201 seconds
[2024-11-09T19:40:39.819+0000] {processor.py:186} INFO - Started process (PID=3692) to work on /home/chirag/airflow/lib/python3.12/site-packages/airflow/example_dags/example_latest_only.py
[2024-11-09T19:40:39.822+0000] {processor.py:914} INFO - Processing file /home/chirag/airflow/lib/python3.12/site-packages/airflow/example_dags/example_latest_only.py for tasks to queue
[2024-11-09T19:40:39.826+0000] {logging_mixin.py:190} INFO - [2024-11-09T19:40:39.825+0000] {dagbag.py:588} INFO - Filling up the DagBag from /home/chirag/airflow/lib/python3.12/site-packages/airflow/example_dags/example_latest_only.py
[2024-11-09T19:40:39.836+0000] {processor.py:925} INFO - DAG(s) 'latest_only' retrieved from /home/chirag/airflow/lib/python3.12/site-packages/airflow/example_dags/example_latest_only.py
[2024-11-09T19:40:39.858+0000] {logging_mixin.py:190} INFO - [2024-11-09T19:40:39.858+0000] {dag.py:3239} INFO - Sync 1 DAGs
[2024-11-09T19:40:39.889+0000] {logging_mixin.py:190} INFO - [2024-11-09T19:40:39.889+0000] {dag.py:4180} INFO - Setting next_dagrun for latest_only to 2024-11-09 12:00:00+00:00, run_after=2024-11-09 16:00:00+00:00
[2024-11-09T19:40:39.929+0000] {processor.py:208} INFO - Processing /home/chirag/airflow/lib/python3.12/site-packages/airflow/example_dags/example_latest_only.py took 0.118 seconds
[2024-11-09T19:41:52.087+0000] {processor.py:186} INFO - Started process (PID=3900) to work on /home/chirag/airflow/lib/python3.12/site-packages/airflow/example_dags/example_latest_only.py
[2024-11-09T19:41:52.090+0000] {processor.py:914} INFO - Processing file /home/chirag/airflow/lib/python3.12/site-packages/airflow/example_dags/example_latest_only.py for tasks to queue
[2024-11-09T19:41:52.095+0000] {logging_mixin.py:190} INFO - [2024-11-09T19:41:52.094+0000] {dagbag.py:588} INFO - Filling up the DagBag from /home/chirag/airflow/lib/python3.12/site-packages/airflow/example_dags/example_latest_only.py
[2024-11-09T19:41:52.108+0000] {processor.py:925} INFO - DAG(s) 'latest_only' retrieved from /home/chirag/airflow/lib/python3.12/site-packages/airflow/example_dags/example_latest_only.py
[2024-11-09T19:41:52.131+0000] {logging_mixin.py:190} INFO - [2024-11-09T19:41:52.131+0000] {dag.py:3239} INFO - Sync 1 DAGs
[2024-11-09T19:41:52.160+0000] {logging_mixin.py:190} INFO - [2024-11-09T19:41:52.160+0000] {dag.py:4180} INFO - Setting next_dagrun for latest_only to 2024-11-09 12:00:00+00:00, run_after=2024-11-09 16:00:00+00:00
[2024-11-09T19:41:52.199+0000] {processor.py:208} INFO - Processing /home/chirag/airflow/lib/python3.12/site-packages/airflow/example_dags/example_latest_only.py took 0.121 seconds
[2024-11-09T19:43:09.557+0000] {processor.py:186} INFO - Started process (PID=4121) to work on /home/chirag/airflow/lib/python3.12/site-packages/airflow/example_dags/example_latest_only.py
[2024-11-09T19:43:09.590+0000] {processor.py:914} INFO - Processing file /home/chirag/airflow/lib/python3.12/site-packages/airflow/example_dags/example_latest_only.py for tasks to queue
[2024-11-09T19:43:09.607+0000] {logging_mixin.py:190} INFO - [2024-11-09T19:43:09.606+0000] {dagbag.py:588} INFO - Filling up the DagBag from /home/chirag/airflow/lib/python3.12/site-packages/airflow/example_dags/example_latest_only.py
[2024-11-09T19:43:09.658+0000] {processor.py:925} INFO - DAG(s) 'latest_only' retrieved from /home/chirag/airflow/lib/python3.12/site-packages/airflow/example_dags/example_latest_only.py
[2024-11-09T19:43:09.748+0000] {logging_mixin.py:190} INFO - [2024-11-09T19:43:09.748+0000] {dag.py:3239} INFO - Sync 1 DAGs
[2024-11-09T19:43:09.803+0000] {logging_mixin.py:190} INFO - [2024-11-09T19:43:09.802+0000] {dag.py:4180} INFO - Setting next_dagrun for latest_only to 2024-11-09 12:00:00+00:00, run_after=2024-11-09 16:00:00+00:00
[2024-11-09T19:43:09.883+0000] {processor.py:208} INFO - Processing /home/chirag/airflow/lib/python3.12/site-packages/airflow/example_dags/example_latest_only.py took 0.371 seconds
[2024-11-09T19:44:24.933+0000] {processor.py:186} INFO - Started process (PID=4340) to work on /home/chirag/airflow/lib/python3.12/site-packages/airflow/example_dags/example_latest_only.py
[2024-11-09T19:44:24.936+0000] {processor.py:914} INFO - Processing file /home/chirag/airflow/lib/python3.12/site-packages/airflow/example_dags/example_latest_only.py for tasks to queue
[2024-11-09T19:44:24.940+0000] {logging_mixin.py:190} INFO - [2024-11-09T19:44:24.939+0000] {dagbag.py:588} INFO - Filling up the DagBag from /home/chirag/airflow/lib/python3.12/site-packages/airflow/example_dags/example_latest_only.py
[2024-11-09T19:44:24.950+0000] {processor.py:925} INFO - DAG(s) 'latest_only' retrieved from /home/chirag/airflow/lib/python3.12/site-packages/airflow/example_dags/example_latest_only.py
[2024-11-09T19:44:24.974+0000] {logging_mixin.py:190} INFO - [2024-11-09T19:44:24.973+0000] {dag.py:3239} INFO - Sync 1 DAGs
[2024-11-09T19:44:25.006+0000] {logging_mixin.py:190} INFO - [2024-11-09T19:44:25.005+0000] {dag.py:4180} INFO - Setting next_dagrun for latest_only to 2024-11-09 12:00:00+00:00, run_after=2024-11-09 16:00:00+00:00
[2024-11-09T19:44:25.046+0000] {processor.py:208} INFO - Processing /home/chirag/airflow/lib/python3.12/site-packages/airflow/example_dags/example_latest_only.py took 0.122 seconds
[2024-11-09T19:46:06.077+0000] {processor.py:186} INFO - Started process (PID=4627) to work on /home/chirag/airflow/lib/python3.12/site-packages/airflow/example_dags/example_latest_only.py
[2024-11-09T19:46:06.079+0000] {processor.py:914} INFO - Processing file /home/chirag/airflow/lib/python3.12/site-packages/airflow/example_dags/example_latest_only.py for tasks to queue
[2024-11-09T19:46:06.083+0000] {logging_mixin.py:190} INFO - [2024-11-09T19:46:06.082+0000] {dagbag.py:588} INFO - Filling up the DagBag from /home/chirag/airflow/lib/python3.12/site-packages/airflow/example_dags/example_latest_only.py
[2024-11-09T19:46:06.094+0000] {processor.py:925} INFO - DAG(s) 'latest_only' retrieved from /home/chirag/airflow/lib/python3.12/site-packages/airflow/example_dags/example_latest_only.py
[2024-11-09T19:46:06.123+0000] {logging_mixin.py:190} INFO - [2024-11-09T19:46:06.123+0000] {dag.py:3239} INFO - Sync 1 DAGs
[2024-11-09T19:46:06.155+0000] {logging_mixin.py:190} INFO - [2024-11-09T19:46:06.154+0000] {dag.py:4180} INFO - Setting next_dagrun for latest_only to 2024-11-09 12:00:00+00:00, run_after=2024-11-09 16:00:00+00:00
[2024-11-09T19:46:06.192+0000] {processor.py:208} INFO - Processing /home/chirag/airflow/lib/python3.12/site-packages/airflow/example_dags/example_latest_only.py took 0.125 seconds
[2024-11-09T19:47:29.004+0000] {processor.py:186} INFO - Started process (PID=4905) to work on /home/chirag/airflow/lib/python3.12/site-packages/airflow/example_dags/example_latest_only.py
[2024-11-09T19:47:29.010+0000] {processor.py:914} INFO - Processing file /home/chirag/airflow/lib/python3.12/site-packages/airflow/example_dags/example_latest_only.py for tasks to queue
[2024-11-09T19:47:29.013+0000] {logging_mixin.py:190} INFO - [2024-11-09T19:47:29.012+0000] {dagbag.py:588} INFO - Filling up the DagBag from /home/chirag/airflow/lib/python3.12/site-packages/airflow/example_dags/example_latest_only.py
[2024-11-09T19:47:29.023+0000] {processor.py:925} INFO - DAG(s) 'latest_only' retrieved from /home/chirag/airflow/lib/python3.12/site-packages/airflow/example_dags/example_latest_only.py
[2024-11-09T19:47:29.043+0000] {logging_mixin.py:190} INFO - [2024-11-09T19:47:29.043+0000] {dag.py:3239} INFO - Sync 1 DAGs
[2024-11-09T19:47:29.070+0000] {logging_mixin.py:190} INFO - [2024-11-09T19:47:29.069+0000] {dag.py:4180} INFO - Setting next_dagrun for latest_only to 2024-11-09 12:00:00+00:00, run_after=2024-11-09 16:00:00+00:00
[2024-11-09T19:47:29.110+0000] {processor.py:208} INFO - Processing /home/chirag/airflow/lib/python3.12/site-packages/airflow/example_dags/example_latest_only.py took 0.113 seconds
[2024-11-09T19:48:47.662+0000] {processor.py:186} INFO - Started process (PID=5139) to work on /home/chirag/airflow/lib/python3.12/site-packages/airflow/example_dags/example_latest_only.py
[2024-11-09T19:48:47.666+0000] {processor.py:914} INFO - Processing file /home/chirag/airflow/lib/python3.12/site-packages/airflow/example_dags/example_latest_only.py for tasks to queue
[2024-11-09T19:48:47.671+0000] {logging_mixin.py:190} INFO - [2024-11-09T19:48:47.670+0000] {dagbag.py:588} INFO - Filling up the DagBag from /home/chirag/airflow/lib/python3.12/site-packages/airflow/example_dags/example_latest_only.py
[2024-11-09T19:48:47.689+0000] {processor.py:925} INFO - DAG(s) 'latest_only' retrieved from /home/chirag/airflow/lib/python3.12/site-packages/airflow/example_dags/example_latest_only.py
[2024-11-09T19:48:47.729+0000] {logging_mixin.py:190} INFO - [2024-11-09T19:48:47.729+0000] {dag.py:3239} INFO - Sync 1 DAGs
[2024-11-09T19:48:47.813+0000] {logging_mixin.py:190} INFO - [2024-11-09T19:48:47.813+0000] {dag.py:4180} INFO - Setting next_dagrun for latest_only to 2024-11-09 12:00:00+00:00, run_after=2024-11-09 16:00:00+00:00
[2024-11-09T19:48:47.907+0000] {processor.py:208} INFO - Processing /home/chirag/airflow/lib/python3.12/site-packages/airflow/example_dags/example_latest_only.py took 0.260 seconds
[2024-11-09T19:50:00.896+0000] {processor.py:186} INFO - Started process (PID=5447) to work on /home/chirag/airflow/lib/python3.12/site-packages/airflow/example_dags/example_latest_only.py
[2024-11-09T19:50:00.899+0000] {processor.py:914} INFO - Processing file /home/chirag/airflow/lib/python3.12/site-packages/airflow/example_dags/example_latest_only.py for tasks to queue
[2024-11-09T19:50:00.903+0000] {logging_mixin.py:190} INFO - [2024-11-09T19:50:00.902+0000] {dagbag.py:588} INFO - Filling up the DagBag from /home/chirag/airflow/lib/python3.12/site-packages/airflow/example_dags/example_latest_only.py
[2024-11-09T19:50:00.914+0000] {processor.py:925} INFO - DAG(s) 'latest_only' retrieved from /home/chirag/airflow/lib/python3.12/site-packages/airflow/example_dags/example_latest_only.py
[2024-11-09T19:50:00.936+0000] {logging_mixin.py:190} INFO - [2024-11-09T19:50:00.936+0000] {dag.py:3239} INFO - Sync 1 DAGs
[2024-11-09T19:50:00.971+0000] {logging_mixin.py:190} INFO - [2024-11-09T19:50:00.971+0000] {dag.py:4180} INFO - Setting next_dagrun for latest_only to 2024-11-09 12:00:00+00:00, run_after=2024-11-09 16:00:00+00:00
[2024-11-09T19:50:01.020+0000] {processor.py:208} INFO - Processing /home/chirag/airflow/lib/python3.12/site-packages/airflow/example_dags/example_latest_only.py took 0.133 seconds
[2024-11-09T19:51:12.045+0000] {processor.py:186} INFO - Started process (PID=6045) to work on /home/chirag/airflow/lib/python3.12/site-packages/airflow/example_dags/example_latest_only.py
[2024-11-09T19:51:12.048+0000] {processor.py:914} INFO - Processing file /home/chirag/airflow/lib/python3.12/site-packages/airflow/example_dags/example_latest_only.py for tasks to queue
[2024-11-09T19:51:12.052+0000] {logging_mixin.py:190} INFO - [2024-11-09T19:51:12.051+0000] {dagbag.py:588} INFO - Filling up the DagBag from /home/chirag/airflow/lib/python3.12/site-packages/airflow/example_dags/example_latest_only.py
[2024-11-09T19:51:12.064+0000] {processor.py:925} INFO - DAG(s) 'latest_only' retrieved from /home/chirag/airflow/lib/python3.12/site-packages/airflow/example_dags/example_latest_only.py
[2024-11-09T19:51:12.091+0000] {logging_mixin.py:190} INFO - [2024-11-09T19:51:12.090+0000] {dag.py:3239} INFO - Sync 1 DAGs
[2024-11-09T19:51:12.122+0000] {logging_mixin.py:190} INFO - [2024-11-09T19:51:12.122+0000] {dag.py:4180} INFO - Setting next_dagrun for latest_only to 2024-11-09 12:00:00+00:00, run_after=2024-11-09 16:00:00+00:00
[2024-11-09T19:51:12.159+0000] {processor.py:208} INFO - Processing /home/chirag/airflow/lib/python3.12/site-packages/airflow/example_dags/example_latest_only.py took 0.123 seconds
[2024-11-09T19:52:45.670+0000] {processor.py:186} INFO - Started process (PID=6440) to work on /home/chirag/airflow/lib/python3.12/site-packages/airflow/example_dags/example_latest_only.py
[2024-11-09T19:52:45.677+0000] {processor.py:914} INFO - Processing file /home/chirag/airflow/lib/python3.12/site-packages/airflow/example_dags/example_latest_only.py for tasks to queue
[2024-11-09T19:52:45.681+0000] {logging_mixin.py:190} INFO - [2024-11-09T19:52:45.680+0000] {dagbag.py:588} INFO - Filling up the DagBag from /home/chirag/airflow/lib/python3.12/site-packages/airflow/example_dags/example_latest_only.py
[2024-11-09T19:52:45.692+0000] {processor.py:925} INFO - DAG(s) 'latest_only' retrieved from /home/chirag/airflow/lib/python3.12/site-packages/airflow/example_dags/example_latest_only.py
[2024-11-09T19:52:45.714+0000] {logging_mixin.py:190} INFO - [2024-11-09T19:52:45.714+0000] {dag.py:3239} INFO - Sync 1 DAGs
[2024-11-09T19:52:45.744+0000] {logging_mixin.py:190} INFO - [2024-11-09T19:52:45.743+0000] {dag.py:4180} INFO - Setting next_dagrun for latest_only to 2024-11-09 12:00:00+00:00, run_after=2024-11-09 16:00:00+00:00
[2024-11-09T19:52:45.782+0000] {processor.py:208} INFO - Processing /home/chirag/airflow/lib/python3.12/site-packages/airflow/example_dags/example_latest_only.py took 0.122 seconds
[2024-11-09T19:54:16.571+0000] {processor.py:186} INFO - Started process (PID=7114) to work on /home/chirag/airflow/lib/python3.12/site-packages/airflow/example_dags/example_latest_only.py
[2024-11-09T19:54:16.578+0000] {processor.py:914} INFO - Processing file /home/chirag/airflow/lib/python3.12/site-packages/airflow/example_dags/example_latest_only.py for tasks to queue
[2024-11-09T19:54:16.583+0000] {logging_mixin.py:190} INFO - [2024-11-09T19:54:16.582+0000] {dagbag.py:588} INFO - Filling up the DagBag from /home/chirag/airflow/lib/python3.12/site-packages/airflow/example_dags/example_latest_only.py
[2024-11-09T19:54:16.619+0000] {processor.py:925} INFO - DAG(s) 'latest_only' retrieved from /home/chirag/airflow/lib/python3.12/site-packages/airflow/example_dags/example_latest_only.py
[2024-11-09T19:54:16.665+0000] {logging_mixin.py:190} INFO - [2024-11-09T19:54:16.664+0000] {dag.py:3239} INFO - Sync 1 DAGs
[2024-11-09T19:54:16.750+0000] {logging_mixin.py:190} INFO - [2024-11-09T19:54:16.749+0000] {dag.py:4180} INFO - Setting next_dagrun for latest_only to 2024-11-09 12:00:00+00:00, run_after=2024-11-09 16:00:00+00:00
[2024-11-09T19:54:16.860+0000] {processor.py:208} INFO - Processing /home/chirag/airflow/lib/python3.12/site-packages/airflow/example_dags/example_latest_only.py took 0.301 seconds
[2024-11-09T19:55:32.907+0000] {processor.py:186} INFO - Started process (PID=7673) to work on /home/chirag/airflow/lib/python3.12/site-packages/airflow/example_dags/example_latest_only.py
[2024-11-09T19:55:32.910+0000] {processor.py:914} INFO - Processing file /home/chirag/airflow/lib/python3.12/site-packages/airflow/example_dags/example_latest_only.py for tasks to queue
[2024-11-09T19:55:32.914+0000] {logging_mixin.py:190} INFO - [2024-11-09T19:55:32.913+0000] {dagbag.py:588} INFO - Filling up the DagBag from /home/chirag/airflow/lib/python3.12/site-packages/airflow/example_dags/example_latest_only.py
[2024-11-09T19:55:32.929+0000] {processor.py:925} INFO - DAG(s) 'latest_only' retrieved from /home/chirag/airflow/lib/python3.12/site-packages/airflow/example_dags/example_latest_only.py
[2024-11-09T19:55:32.961+0000] {logging_mixin.py:190} INFO - [2024-11-09T19:55:32.961+0000] {dag.py:3239} INFO - Sync 1 DAGs
[2024-11-09T19:55:33.013+0000] {logging_mixin.py:190} INFO - [2024-11-09T19:55:33.013+0000] {dag.py:4180} INFO - Setting next_dagrun for latest_only to 2024-11-09 12:00:00+00:00, run_after=2024-11-09 16:00:00+00:00
[2024-11-09T19:55:33.060+0000] {processor.py:208} INFO - Processing /home/chirag/airflow/lib/python3.12/site-packages/airflow/example_dags/example_latest_only.py took 0.161 seconds
[2024-11-09T19:57:05.900+0000] {processor.py:186} INFO - Started process (PID=8049) to work on /home/chirag/airflow/lib/python3.12/site-packages/airflow/example_dags/example_latest_only.py
[2024-11-09T19:57:05.903+0000] {processor.py:914} INFO - Processing file /home/chirag/airflow/lib/python3.12/site-packages/airflow/example_dags/example_latest_only.py for tasks to queue
[2024-11-09T19:57:05.906+0000] {logging_mixin.py:190} INFO - [2024-11-09T19:57:05.906+0000] {dagbag.py:588} INFO - Filling up the DagBag from /home/chirag/airflow/lib/python3.12/site-packages/airflow/example_dags/example_latest_only.py
[2024-11-09T19:57:05.918+0000] {processor.py:925} INFO - DAG(s) 'latest_only' retrieved from /home/chirag/airflow/lib/python3.12/site-packages/airflow/example_dags/example_latest_only.py
[2024-11-09T19:57:05.949+0000] {logging_mixin.py:190} INFO - [2024-11-09T19:57:05.948+0000] {dag.py:3239} INFO - Sync 1 DAGs
[2024-11-09T19:57:05.984+0000] {logging_mixin.py:190} INFO - [2024-11-09T19:57:05.984+0000] {dag.py:4180} INFO - Setting next_dagrun for latest_only to 2024-11-09 12:00:00+00:00, run_after=2024-11-09 16:00:00+00:00
[2024-11-09T19:57:06.035+0000] {processor.py:208} INFO - Processing /home/chirag/airflow/lib/python3.12/site-packages/airflow/example_dags/example_latest_only.py took 0.144 seconds
[2024-11-09T19:59:06.622+0000] {processor.py:186} INFO - Started process (PID=8545) to work on /home/chirag/airflow/lib/python3.12/site-packages/airflow/example_dags/example_latest_only.py
[2024-11-09T19:59:06.630+0000] {processor.py:914} INFO - Processing file /home/chirag/airflow/lib/python3.12/site-packages/airflow/example_dags/example_latest_only.py for tasks to queue
[2024-11-09T19:59:06.636+0000] {logging_mixin.py:190} INFO - [2024-11-09T19:59:06.635+0000] {dagbag.py:588} INFO - Filling up the DagBag from /home/chirag/airflow/lib/python3.12/site-packages/airflow/example_dags/example_latest_only.py
[2024-11-09T19:59:06.656+0000] {processor.py:925} INFO - DAG(s) 'latest_only' retrieved from /home/chirag/airflow/lib/python3.12/site-packages/airflow/example_dags/example_latest_only.py
[2024-11-09T19:59:06.688+0000] {logging_mixin.py:190} INFO - [2024-11-09T19:59:06.688+0000] {dag.py:3239} INFO - Sync 1 DAGs
[2024-11-09T19:59:06.723+0000] {logging_mixin.py:190} INFO - [2024-11-09T19:59:06.722+0000] {dag.py:4180} INFO - Setting next_dagrun for latest_only to 2024-11-09 12:00:00+00:00, run_after=2024-11-09 16:00:00+00:00
[2024-11-09T19:59:06.758+0000] {processor.py:208} INFO - Processing /home/chirag/airflow/lib/python3.12/site-packages/airflow/example_dags/example_latest_only.py took 0.159 seconds
[2024-11-09T20:23:06.308+0000] {processor.py:186} INFO - Started process (PID=12758) to work on /home/chirag/airflow/lib/python3.12/site-packages/airflow/example_dags/example_latest_only.py
[2024-11-09T20:23:06.311+0000] {processor.py:914} INFO - Processing file /home/chirag/airflow/lib/python3.12/site-packages/airflow/example_dags/example_latest_only.py for tasks to queue
[2024-11-09T20:23:06.315+0000] {logging_mixin.py:190} INFO - [2024-11-09T20:23:06.314+0000] {dagbag.py:588} INFO - Filling up the DagBag from /home/chirag/airflow/lib/python3.12/site-packages/airflow/example_dags/example_latest_only.py
[2024-11-09T20:23:06.331+0000] {processor.py:925} INFO - DAG(s) 'latest_only' retrieved from /home/chirag/airflow/lib/python3.12/site-packages/airflow/example_dags/example_latest_only.py
[2024-11-09T20:23:06.365+0000] {logging_mixin.py:190} INFO - [2024-11-09T20:23:06.365+0000] {dag.py:3239} INFO - Sync 1 DAGs
[2024-11-09T20:23:06.419+0000] {logging_mixin.py:190} INFO - [2024-11-09T20:23:06.418+0000] {dag.py:4180} INFO - Setting next_dagrun for latest_only to 2024-11-09 16:00:00+00:00, run_after=2024-11-09 20:00:00+00:00
[2024-11-09T20:23:06.466+0000] {processor.py:208} INFO - Processing /home/chirag/airflow/lib/python3.12/site-packages/airflow/example_dags/example_latest_only.py took 0.173 seconds
[2024-11-09T20:24:21.428+0000] {processor.py:186} INFO - Started process (PID=12974) to work on /home/chirag/airflow/lib/python3.12/site-packages/airflow/example_dags/example_latest_only.py
[2024-11-09T20:24:21.431+0000] {processor.py:914} INFO - Processing file /home/chirag/airflow/lib/python3.12/site-packages/airflow/example_dags/example_latest_only.py for tasks to queue
[2024-11-09T20:24:21.434+0000] {logging_mixin.py:190} INFO - [2024-11-09T20:24:21.433+0000] {dagbag.py:588} INFO - Filling up the DagBag from /home/chirag/airflow/lib/python3.12/site-packages/airflow/example_dags/example_latest_only.py
[2024-11-09T20:24:21.444+0000] {processor.py:925} INFO - DAG(s) 'latest_only' retrieved from /home/chirag/airflow/lib/python3.12/site-packages/airflow/example_dags/example_latest_only.py
[2024-11-09T20:24:21.466+0000] {logging_mixin.py:190} INFO - [2024-11-09T20:24:21.465+0000] {dag.py:3239} INFO - Sync 1 DAGs
[2024-11-09T20:24:21.493+0000] {logging_mixin.py:190} INFO - [2024-11-09T20:24:21.493+0000] {dag.py:4180} INFO - Setting next_dagrun for latest_only to 2024-11-09 16:00:00+00:00, run_after=2024-11-09 20:00:00+00:00
[2024-11-09T20:24:21.528+0000] {processor.py:208} INFO - Processing /home/chirag/airflow/lib/python3.12/site-packages/airflow/example_dags/example_latest_only.py took 0.108 seconds
[2024-11-09T20:25:39.392+0000] {processor.py:186} INFO - Started process (PID=13192) to work on /home/chirag/airflow/lib/python3.12/site-packages/airflow/example_dags/example_latest_only.py
[2024-11-09T20:25:39.397+0000] {processor.py:914} INFO - Processing file /home/chirag/airflow/lib/python3.12/site-packages/airflow/example_dags/example_latest_only.py for tasks to queue
[2024-11-09T20:25:39.403+0000] {logging_mixin.py:190} INFO - [2024-11-09T20:25:39.401+0000] {dagbag.py:588} INFO - Filling up the DagBag from /home/chirag/airflow/lib/python3.12/site-packages/airflow/example_dags/example_latest_only.py
[2024-11-09T20:25:39.419+0000] {processor.py:925} INFO - DAG(s) 'latest_only' retrieved from /home/chirag/airflow/lib/python3.12/site-packages/airflow/example_dags/example_latest_only.py
[2024-11-09T20:25:39.467+0000] {logging_mixin.py:190} INFO - [2024-11-09T20:25:39.467+0000] {dag.py:3239} INFO - Sync 1 DAGs
[2024-11-09T20:25:39.507+0000] {logging_mixin.py:190} INFO - [2024-11-09T20:25:39.506+0000] {dag.py:4180} INFO - Setting next_dagrun for latest_only to 2024-11-09 16:00:00+00:00, run_after=2024-11-09 20:00:00+00:00
[2024-11-09T20:25:39.549+0000] {processor.py:208} INFO - Processing /home/chirag/airflow/lib/python3.12/site-packages/airflow/example_dags/example_latest_only.py took 0.169 seconds
[2024-11-09T20:27:43.534+0000] {processor.py:186} INFO - Started process (PID=13891) to work on /home/chirag/airflow/lib/python3.12/site-packages/airflow/example_dags/example_latest_only.py
[2024-11-09T20:27:43.538+0000] {processor.py:914} INFO - Processing file /home/chirag/airflow/lib/python3.12/site-packages/airflow/example_dags/example_latest_only.py for tasks to queue
[2024-11-09T20:27:43.548+0000] {logging_mixin.py:190} INFO - [2024-11-09T20:27:43.544+0000] {dagbag.py:588} INFO - Filling up the DagBag from /home/chirag/airflow/lib/python3.12/site-packages/airflow/example_dags/example_latest_only.py
[2024-11-09T20:27:43.583+0000] {processor.py:925} INFO - DAG(s) 'latest_only' retrieved from /home/chirag/airflow/lib/python3.12/site-packages/airflow/example_dags/example_latest_only.py
[2024-11-09T20:27:43.680+0000] {logging_mixin.py:190} INFO - [2024-11-09T20:27:43.679+0000] {dag.py:3239} INFO - Sync 1 DAGs
[2024-11-09T20:27:43.842+0000] {logging_mixin.py:190} INFO - [2024-11-09T20:27:43.841+0000] {dag.py:4180} INFO - Setting next_dagrun for latest_only to 2024-11-09 16:00:00+00:00, run_after=2024-11-09 20:00:00+00:00
[2024-11-09T20:27:44.171+0000] {processor.py:208} INFO - Processing /home/chirag/airflow/lib/python3.12/site-packages/airflow/example_dags/example_latest_only.py took 0.656 seconds
