[2024-11-09T19:15:47.182+0000] {processor.py:186} INFO - Started process (PID=94519) to work on /home/chirag/airflow/lib/python3.12/site-packages/airflow/example_dags/example_xcom.py
[2024-11-09T19:15:47.183+0000] {processor.py:914} INFO - Processing file /home/chirag/airflow/lib/python3.12/site-packages/airflow/example_dags/example_xcom.py for tasks to queue
[2024-11-09T19:15:47.188+0000] {logging_mixin.py:190} INFO - [2024-11-09T19:15:47.186+0000] {dagbag.py:588} INFO - Filling up the DagBag from /home/chirag/airflow/lib/python3.12/site-packages/airflow/example_dags/example_xcom.py
[2024-11-09T19:15:47.207+0000] {processor.py:925} INFO - DAG(s) 'example_xcom' retrieved from /home/chirag/airflow/lib/python3.12/site-packages/airflow/example_dags/example_xcom.py
[2024-11-09T19:15:49.314+0000] {logging_mixin.py:190} INFO - [2024-11-09T19:15:49.312+0000] {override.py:1911} INFO - Created Permission View: can delete on DAG:example_xcom
[2024-11-09T19:15:49.356+0000] {logging_mixin.py:190} INFO - [2024-11-09T19:15:49.356+0000] {override.py:1911} INFO - Created Permission View: can read on DAG:example_xcom
[2024-11-09T19:15:49.382+0000] {logging_mixin.py:190} INFO - [2024-11-09T19:15:49.381+0000] {override.py:1911} INFO - Created Permission View: can edit on DAG:example_xcom
[2024-11-09T19:15:49.419+0000] {logging_mixin.py:190} INFO - [2024-11-09T19:15:49.418+0000] {override.py:1911} INFO - Created Permission View: menu access on DAG Run:example_xcom
[2024-11-09T19:15:49.439+0000] {logging_mixin.py:190} INFO - [2024-11-09T19:15:49.438+0000] {override.py:1911} INFO - Created Permission View: can delete on DAG Run:example_xcom
[2024-11-09T19:15:49.463+0000] {logging_mixin.py:190} INFO - [2024-11-09T19:15:49.462+0000] {override.py:1911} INFO - Created Permission View: can read on DAG Run:example_xcom
[2024-11-09T19:15:49.485+0000] {logging_mixin.py:190} INFO - [2024-11-09T19:15:49.484+0000] {override.py:1911} INFO - Created Permission View: can create on DAG Run:example_xcom
[2024-11-09T19:15:49.486+0000] {logging_mixin.py:190} INFO - [2024-11-09T19:15:49.486+0000] {dag.py:3239} INFO - Sync 1 DAGs
[2024-11-09T19:15:49.764+0000] {logging_mixin.py:190} INFO - [2024-11-09T19:15:49.763+0000] {dag.py:3262} INFO - Creating ORM DAG for example_xcom
[2024-11-09T19:15:49.886+0000] {logging_mixin.py:190} INFO - [2024-11-09T19:15:49.883+0000] {dag.py:4180} INFO - Setting next_dagrun for example_xcom to 2021-01-01 00:00:00+00:00, run_after=2021-01-01 00:00:00+00:00
[2024-11-09T19:15:50.219+0000] {processor.py:208} INFO - Processing /home/chirag/airflow/lib/python3.12/site-packages/airflow/example_dags/example_xcom.py took 3.049 seconds
[2024-11-09T19:17:54.443+0000] {processor.py:186} INFO - Started process (PID=94775) to work on /home/chirag/airflow/lib/python3.12/site-packages/airflow/example_dags/example_xcom.py
[2024-11-09T19:17:54.448+0000] {processor.py:914} INFO - Processing file /home/chirag/airflow/lib/python3.12/site-packages/airflow/example_dags/example_xcom.py for tasks to queue
[2024-11-09T19:17:54.452+0000] {logging_mixin.py:190} INFO - [2024-11-09T19:17:54.452+0000] {dagbag.py:588} INFO - Filling up the DagBag from /home/chirag/airflow/lib/python3.12/site-packages/airflow/example_dags/example_xcom.py
[2024-11-09T19:17:54.487+0000] {processor.py:925} INFO - DAG(s) 'example_xcom' retrieved from /home/chirag/airflow/lib/python3.12/site-packages/airflow/example_dags/example_xcom.py
[2024-11-09T19:17:54.541+0000] {logging_mixin.py:190} INFO - [2024-11-09T19:17:54.541+0000] {dag.py:3239} INFO - Sync 1 DAGs
[2024-11-09T19:17:54.586+0000] {logging_mixin.py:190} INFO - [2024-11-09T19:17:54.586+0000] {dag.py:4180} INFO - Setting next_dagrun for example_xcom to 2021-01-01 00:00:00+00:00, run_after=2021-01-01 00:00:00+00:00
[2024-11-09T19:17:54.672+0000] {processor.py:208} INFO - Processing /home/chirag/airflow/lib/python3.12/site-packages/airflow/example_dags/example_xcom.py took 0.255 seconds
[2024-11-09T19:18:56.860+0000] {processor.py:186} INFO - Started process (PID=94901) to work on /home/chirag/airflow/lib/python3.12/site-packages/airflow/example_dags/example_xcom.py
[2024-11-09T19:18:56.868+0000] {processor.py:914} INFO - Processing file /home/chirag/airflow/lib/python3.12/site-packages/airflow/example_dags/example_xcom.py for tasks to queue
[2024-11-09T19:18:56.874+0000] {logging_mixin.py:190} INFO - [2024-11-09T19:18:56.873+0000] {dagbag.py:588} INFO - Filling up the DagBag from /home/chirag/airflow/lib/python3.12/site-packages/airflow/example_dags/example_xcom.py
[2024-11-09T19:18:56.919+0000] {processor.py:925} INFO - DAG(s) 'example_xcom' retrieved from /home/chirag/airflow/lib/python3.12/site-packages/airflow/example_dags/example_xcom.py
[2024-11-09T19:18:56.979+0000] {logging_mixin.py:190} INFO - [2024-11-09T19:18:56.978+0000] {dag.py:3239} INFO - Sync 1 DAGs
[2024-11-09T19:18:57.037+0000] {logging_mixin.py:190} INFO - [2024-11-09T19:18:57.036+0000] {dag.py:4180} INFO - Setting next_dagrun for example_xcom to 2021-01-01 00:00:00+00:00, run_after=2021-01-01 00:00:00+00:00
[2024-11-09T19:18:57.086+0000] {processor.py:208} INFO - Processing /home/chirag/airflow/lib/python3.12/site-packages/airflow/example_dags/example_xcom.py took 0.240 seconds
[2024-11-09T19:27:28.165+0000] {processor.py:186} INFO - Started process (PID=445) to work on /home/chirag/airflow/lib/python3.12/site-packages/airflow/example_dags/example_xcom.py
[2024-11-09T19:27:28.167+0000] {processor.py:914} INFO - Processing file /home/chirag/airflow/lib/python3.12/site-packages/airflow/example_dags/example_xcom.py for tasks to queue
[2024-11-09T19:27:28.170+0000] {logging_mixin.py:190} INFO - [2024-11-09T19:27:28.170+0000] {dagbag.py:588} INFO - Filling up the DagBag from /home/chirag/airflow/lib/python3.12/site-packages/airflow/example_dags/example_xcom.py
[2024-11-09T19:27:28.187+0000] {processor.py:925} INFO - DAG(s) 'example_xcom' retrieved from /home/chirag/airflow/lib/python3.12/site-packages/airflow/example_dags/example_xcom.py
[2024-11-09T19:27:28.225+0000] {logging_mixin.py:190} INFO - [2024-11-09T19:27:28.224+0000] {dag.py:3239} INFO - Sync 1 DAGs
[2024-11-09T19:27:28.253+0000] {logging_mixin.py:190} INFO - [2024-11-09T19:27:28.253+0000] {dag.py:4180} INFO - Setting next_dagrun for example_xcom to 2021-01-01 00:00:00+00:00, run_after=2021-01-01 00:00:00+00:00
[2024-11-09T19:27:28.290+0000] {processor.py:208} INFO - Processing /home/chirag/airflow/lib/python3.12/site-packages/airflow/example_dags/example_xcom.py took 0.132 seconds
[2024-11-09T19:28:33.585+0000] {processor.py:186} INFO - Started process (PID=509) to work on /home/chirag/airflow/lib/python3.12/site-packages/airflow/example_dags/example_xcom.py
[2024-11-09T19:28:33.590+0000] {processor.py:914} INFO - Processing file /home/chirag/airflow/lib/python3.12/site-packages/airflow/example_dags/example_xcom.py for tasks to queue
[2024-11-09T19:28:33.599+0000] {logging_mixin.py:190} INFO - [2024-11-09T19:28:33.598+0000] {dagbag.py:588} INFO - Filling up the DagBag from /home/chirag/airflow/lib/python3.12/site-packages/airflow/example_dags/example_xcom.py
[2024-11-09T19:28:33.628+0000] {processor.py:925} INFO - DAG(s) 'example_xcom' retrieved from /home/chirag/airflow/lib/python3.12/site-packages/airflow/example_dags/example_xcom.py
[2024-11-09T19:28:33.684+0000] {logging_mixin.py:190} INFO - [2024-11-09T19:28:33.682+0000] {dag.py:3239} INFO - Sync 1 DAGs
[2024-11-09T19:28:33.736+0000] {logging_mixin.py:190} INFO - [2024-11-09T19:28:33.736+0000] {dag.py:4180} INFO - Setting next_dagrun for example_xcom to 2021-01-01 00:00:00+00:00, run_after=2021-01-01 00:00:00+00:00
[2024-11-09T19:28:33.792+0000] {processor.py:208} INFO - Processing /home/chirag/airflow/lib/python3.12/site-packages/airflow/example_dags/example_xcom.py took 0.224 seconds
[2024-11-09T19:29:11.538+0000] {processor.py:186} INFO - Started process (PID=565) to work on /home/chirag/airflow/lib/python3.12/site-packages/airflow/example_dags/example_xcom.py
[2024-11-09T19:29:11.542+0000] {processor.py:914} INFO - Processing file /home/chirag/airflow/lib/python3.12/site-packages/airflow/example_dags/example_xcom.py for tasks to queue
[2024-11-09T19:29:11.545+0000] {logging_mixin.py:190} INFO - [2024-11-09T19:29:11.544+0000] {dagbag.py:588} INFO - Filling up the DagBag from /home/chirag/airflow/lib/python3.12/site-packages/airflow/example_dags/example_xcom.py
[2024-11-09T19:29:11.558+0000] {processor.py:925} INFO - DAG(s) 'example_xcom' retrieved from /home/chirag/airflow/lib/python3.12/site-packages/airflow/example_dags/example_xcom.py
[2024-11-09T19:29:11.581+0000] {logging_mixin.py:190} INFO - [2024-11-09T19:29:11.581+0000] {dag.py:3239} INFO - Sync 1 DAGs
[2024-11-09T19:29:11.607+0000] {logging_mixin.py:190} INFO - [2024-11-09T19:29:11.606+0000] {dag.py:4180} INFO - Setting next_dagrun for example_xcom to 2021-01-01 00:00:00+00:00, run_after=2021-01-01 00:00:00+00:00
[2024-11-09T19:29:11.641+0000] {processor.py:208} INFO - Processing /home/chirag/airflow/lib/python3.12/site-packages/airflow/example_dags/example_xcom.py took 0.110 seconds
[2024-11-09T19:29:47.878+0000] {processor.py:186} INFO - Started process (PID=603) to work on /home/chirag/airflow/lib/python3.12/site-packages/airflow/example_dags/example_xcom.py
[2024-11-09T19:29:47.881+0000] {processor.py:914} INFO - Processing file /home/chirag/airflow/lib/python3.12/site-packages/airflow/example_dags/example_xcom.py for tasks to queue
[2024-11-09T19:29:47.892+0000] {logging_mixin.py:190} INFO - [2024-11-09T19:29:47.891+0000] {dagbag.py:588} INFO - Filling up the DagBag from /home/chirag/airflow/lib/python3.12/site-packages/airflow/example_dags/example_xcom.py
[2024-11-09T19:29:47.926+0000] {processor.py:925} INFO - DAG(s) 'example_xcom' retrieved from /home/chirag/airflow/lib/python3.12/site-packages/airflow/example_dags/example_xcom.py
[2024-11-09T19:29:48.047+0000] {logging_mixin.py:190} INFO - [2024-11-09T19:29:48.045+0000] {dag.py:3239} INFO - Sync 1 DAGs
[2024-11-09T19:29:48.189+0000] {logging_mixin.py:190} INFO - [2024-11-09T19:29:48.188+0000] {dag.py:4180} INFO - Setting next_dagrun for example_xcom to 2021-01-01 00:00:00+00:00, run_after=2021-01-01 00:00:00+00:00
[2024-11-09T19:29:48.396+0000] {processor.py:208} INFO - Processing /home/chirag/airflow/lib/python3.12/site-packages/airflow/example_dags/example_xcom.py took 0.535 seconds
[2024-11-09T19:30:27.095+0000] {processor.py:186} INFO - Started process (PID=638) to work on /home/chirag/airflow/lib/python3.12/site-packages/airflow/example_dags/example_xcom.py
[2024-11-09T19:30:27.098+0000] {processor.py:914} INFO - Processing file /home/chirag/airflow/lib/python3.12/site-packages/airflow/example_dags/example_xcom.py for tasks to queue
[2024-11-09T19:30:27.101+0000] {logging_mixin.py:190} INFO - [2024-11-09T19:30:27.100+0000] {dagbag.py:588} INFO - Filling up the DagBag from /home/chirag/airflow/lib/python3.12/site-packages/airflow/example_dags/example_xcom.py
[2024-11-09T19:30:27.114+0000] {processor.py:925} INFO - DAG(s) 'example_xcom' retrieved from /home/chirag/airflow/lib/python3.12/site-packages/airflow/example_dags/example_xcom.py
[2024-11-09T19:30:27.137+0000] {logging_mixin.py:190} INFO - [2024-11-09T19:30:27.137+0000] {dag.py:3239} INFO - Sync 1 DAGs
[2024-11-09T19:30:27.164+0000] {logging_mixin.py:190} INFO - [2024-11-09T19:30:27.164+0000] {dag.py:4180} INFO - Setting next_dagrun for example_xcom to 2021-01-01 00:00:00+00:00, run_after=2021-01-01 00:00:00+00:00
[2024-11-09T19:30:27.200+0000] {processor.py:208} INFO - Processing /home/chirag/airflow/lib/python3.12/site-packages/airflow/example_dags/example_xcom.py took 0.113 seconds
[2024-11-09T19:31:06.485+0000] {processor.py:186} INFO - Started process (PID=672) to work on /home/chirag/airflow/lib/python3.12/site-packages/airflow/example_dags/example_xcom.py
[2024-11-09T19:31:06.488+0000] {processor.py:914} INFO - Processing file /home/chirag/airflow/lib/python3.12/site-packages/airflow/example_dags/example_xcom.py for tasks to queue
[2024-11-09T19:31:06.491+0000] {logging_mixin.py:190} INFO - [2024-11-09T19:31:06.491+0000] {dagbag.py:588} INFO - Filling up the DagBag from /home/chirag/airflow/lib/python3.12/site-packages/airflow/example_dags/example_xcom.py
[2024-11-09T19:31:06.505+0000] {processor.py:925} INFO - DAG(s) 'example_xcom' retrieved from /home/chirag/airflow/lib/python3.12/site-packages/airflow/example_dags/example_xcom.py
[2024-11-09T19:31:06.529+0000] {logging_mixin.py:190} INFO - [2024-11-09T19:31:06.528+0000] {dag.py:3239} INFO - Sync 1 DAGs
[2024-11-09T19:31:06.555+0000] {logging_mixin.py:190} INFO - [2024-11-09T19:31:06.554+0000] {dag.py:4180} INFO - Setting next_dagrun for example_xcom to 2021-01-01 00:00:00+00:00, run_after=2021-01-01 00:00:00+00:00
[2024-11-09T19:31:06.593+0000] {processor.py:208} INFO - Processing /home/chirag/airflow/lib/python3.12/site-packages/airflow/example_dags/example_xcom.py took 0.116 seconds
[2024-11-09T19:31:48.669+0000] {processor.py:186} INFO - Started process (PID=799) to work on /home/chirag/airflow/lib/python3.12/site-packages/airflow/example_dags/example_xcom.py
[2024-11-09T19:31:48.892+0000] {processor.py:914} INFO - Processing file /home/chirag/airflow/lib/python3.12/site-packages/airflow/example_dags/example_xcom.py for tasks to queue
[2024-11-09T19:31:48.908+0000] {logging_mixin.py:190} INFO - [2024-11-09T19:31:48.907+0000] {dagbag.py:588} INFO - Filling up the DagBag from /home/chirag/airflow/lib/python3.12/site-packages/airflow/example_dags/example_xcom.py
[2024-11-09T19:31:48.962+0000] {processor.py:925} INFO - DAG(s) 'example_xcom' retrieved from /home/chirag/airflow/lib/python3.12/site-packages/airflow/example_dags/example_xcom.py
[2024-11-09T19:31:49.030+0000] {logging_mixin.py:190} INFO - [2024-11-09T19:31:49.030+0000] {dag.py:3239} INFO - Sync 1 DAGs
[2024-11-09T19:31:49.128+0000] {logging_mixin.py:190} INFO - [2024-11-09T19:31:49.127+0000] {dag.py:4180} INFO - Setting next_dagrun for example_xcom to 2021-01-01 00:00:00+00:00, run_after=2021-01-01 00:00:00+00:00
[2024-11-09T19:31:50.071+0000] {processor.py:208} INFO - Processing /home/chirag/airflow/lib/python3.12/site-packages/airflow/example_dags/example_xcom.py took 1.419 seconds
[2024-11-09T19:32:48.691+0000] {processor.py:186} INFO - Started process (PID=1590) to work on /home/chirag/airflow/lib/python3.12/site-packages/airflow/example_dags/example_xcom.py
[2024-11-09T19:32:48.694+0000] {processor.py:914} INFO - Processing file /home/chirag/airflow/lib/python3.12/site-packages/airflow/example_dags/example_xcom.py for tasks to queue
[2024-11-09T19:32:48.698+0000] {logging_mixin.py:190} INFO - [2024-11-09T19:32:48.697+0000] {dagbag.py:588} INFO - Filling up the DagBag from /home/chirag/airflow/lib/python3.12/site-packages/airflow/example_dags/example_xcom.py
[2024-11-09T19:32:48.714+0000] {processor.py:925} INFO - DAG(s) 'example_xcom' retrieved from /home/chirag/airflow/lib/python3.12/site-packages/airflow/example_dags/example_xcom.py
[2024-11-09T19:32:48.738+0000] {logging_mixin.py:190} INFO - [2024-11-09T19:32:48.738+0000] {dag.py:3239} INFO - Sync 1 DAGs
[2024-11-09T19:32:48.765+0000] {logging_mixin.py:190} INFO - [2024-11-09T19:32:48.765+0000] {dag.py:4180} INFO - Setting next_dagrun for example_xcom to 2021-01-01 00:00:00+00:00, run_after=2021-01-01 00:00:00+00:00
[2024-11-09T19:32:48.805+0000] {processor.py:208} INFO - Processing /home/chirag/airflow/lib/python3.12/site-packages/airflow/example_dags/example_xcom.py took 0.122 seconds
[2024-11-09T19:33:31.679+0000] {processor.py:186} INFO - Started process (PID=1895) to work on /home/chirag/airflow/lib/python3.12/site-packages/airflow/example_dags/example_xcom.py
[2024-11-09T19:33:31.692+0000] {processor.py:914} INFO - Processing file /home/chirag/airflow/lib/python3.12/site-packages/airflow/example_dags/example_xcom.py for tasks to queue
[2024-11-09T19:33:31.705+0000] {logging_mixin.py:190} INFO - [2024-11-09T19:33:31.704+0000] {dagbag.py:588} INFO - Filling up the DagBag from /home/chirag/airflow/lib/python3.12/site-packages/airflow/example_dags/example_xcom.py
[2024-11-09T19:33:31.761+0000] {processor.py:925} INFO - DAG(s) 'example_xcom' retrieved from /home/chirag/airflow/lib/python3.12/site-packages/airflow/example_dags/example_xcom.py
[2024-11-09T19:33:31.880+0000] {logging_mixin.py:190} INFO - [2024-11-09T19:33:31.879+0000] {dag.py:3239} INFO - Sync 1 DAGs
[2024-11-09T19:33:32.024+0000] {logging_mixin.py:190} INFO - [2024-11-09T19:33:32.023+0000] {dag.py:4180} INFO - Setting next_dagrun for example_xcom to 2021-01-01 00:00:00+00:00, run_after=2021-01-01 00:00:00+00:00
[2024-11-09T19:33:32.124+0000] {processor.py:208} INFO - Processing /home/chirag/airflow/lib/python3.12/site-packages/airflow/example_dags/example_xcom.py took 0.476 seconds
[2024-11-09T19:34:09.451+0000] {processor.py:186} INFO - Started process (PID=2157) to work on /home/chirag/airflow/lib/python3.12/site-packages/airflow/example_dags/example_xcom.py
[2024-11-09T19:34:09.453+0000] {processor.py:914} INFO - Processing file /home/chirag/airflow/lib/python3.12/site-packages/airflow/example_dags/example_xcom.py for tasks to queue
[2024-11-09T19:34:09.456+0000] {logging_mixin.py:190} INFO - [2024-11-09T19:34:09.456+0000] {dagbag.py:588} INFO - Filling up the DagBag from /home/chirag/airflow/lib/python3.12/site-packages/airflow/example_dags/example_xcom.py
[2024-11-09T19:34:09.470+0000] {processor.py:925} INFO - DAG(s) 'example_xcom' retrieved from /home/chirag/airflow/lib/python3.12/site-packages/airflow/example_dags/example_xcom.py
[2024-11-09T19:34:09.493+0000] {logging_mixin.py:190} INFO - [2024-11-09T19:34:09.493+0000] {dag.py:3239} INFO - Sync 1 DAGs
[2024-11-09T19:34:09.520+0000] {logging_mixin.py:190} INFO - [2024-11-09T19:34:09.520+0000] {dag.py:4180} INFO - Setting next_dagrun for example_xcom to 2021-01-01 00:00:00+00:00, run_after=2021-01-01 00:00:00+00:00
[2024-11-09T19:34:09.700+0000] {processor.py:208} INFO - Processing /home/chirag/airflow/lib/python3.12/site-packages/airflow/example_dags/example_xcom.py took 0.257 seconds
[2024-11-09T19:34:51.607+0000] {processor.py:186} INFO - Started process (PID=2462) to work on /home/chirag/airflow/lib/python3.12/site-packages/airflow/example_dags/example_xcom.py
[2024-11-09T19:34:51.610+0000] {processor.py:914} INFO - Processing file /home/chirag/airflow/lib/python3.12/site-packages/airflow/example_dags/example_xcom.py for tasks to queue
[2024-11-09T19:34:51.613+0000] {logging_mixin.py:190} INFO - [2024-11-09T19:34:51.613+0000] {dagbag.py:588} INFO - Filling up the DagBag from /home/chirag/airflow/lib/python3.12/site-packages/airflow/example_dags/example_xcom.py
[2024-11-09T19:34:51.627+0000] {processor.py:925} INFO - DAG(s) 'example_xcom' retrieved from /home/chirag/airflow/lib/python3.12/site-packages/airflow/example_dags/example_xcom.py
[2024-11-09T19:34:51.799+0000] {logging_mixin.py:190} INFO - [2024-11-09T19:34:51.799+0000] {dag.py:3239} INFO - Sync 1 DAGs
[2024-11-09T19:34:51.822+0000] {logging_mixin.py:190} INFO - [2024-11-09T19:34:51.822+0000] {dag.py:4180} INFO - Setting next_dagrun for example_xcom to 2021-01-01 00:00:00+00:00, run_after=2021-01-01 00:00:00+00:00
[2024-11-09T19:34:51.856+0000] {processor.py:208} INFO - Processing /home/chirag/airflow/lib/python3.12/site-packages/airflow/example_dags/example_xcom.py took 0.257 seconds
[2024-11-09T19:35:35.643+0000] {processor.py:186} INFO - Started process (PID=2678) to work on /home/chirag/airflow/lib/python3.12/site-packages/airflow/example_dags/example_xcom.py
[2024-11-09T19:35:35.646+0000] {processor.py:914} INFO - Processing file /home/chirag/airflow/lib/python3.12/site-packages/airflow/example_dags/example_xcom.py for tasks to queue
[2024-11-09T19:35:35.652+0000] {logging_mixin.py:190} INFO - [2024-11-09T19:35:35.650+0000] {dagbag.py:588} INFO - Filling up the DagBag from /home/chirag/airflow/lib/python3.12/site-packages/airflow/example_dags/example_xcom.py
[2024-11-09T19:35:35.669+0000] {processor.py:925} INFO - DAG(s) 'example_xcom' retrieved from /home/chirag/airflow/lib/python3.12/site-packages/airflow/example_dags/example_xcom.py
[2024-11-09T19:35:35.695+0000] {logging_mixin.py:190} INFO - [2024-11-09T19:35:35.695+0000] {dag.py:3239} INFO - Sync 1 DAGs
[2024-11-09T19:35:35.723+0000] {logging_mixin.py:190} INFO - [2024-11-09T19:35:35.723+0000] {dag.py:4180} INFO - Setting next_dagrun for example_xcom to 2021-01-01 00:00:00+00:00, run_after=2021-01-01 00:00:00+00:00
[2024-11-09T19:35:35.800+0000] {processor.py:208} INFO - Processing /home/chirag/airflow/lib/python3.12/site-packages/airflow/example_dags/example_xcom.py took 0.166 seconds
[2024-11-09T19:36:19.882+0000] {processor.py:186} INFO - Started process (PID=2792) to work on /home/chirag/airflow/lib/python3.12/site-packages/airflow/example_dags/example_xcom.py
[2024-11-09T19:36:19.884+0000] {processor.py:914} INFO - Processing file /home/chirag/airflow/lib/python3.12/site-packages/airflow/example_dags/example_xcom.py for tasks to queue
[2024-11-09T19:36:19.887+0000] {logging_mixin.py:190} INFO - [2024-11-09T19:36:19.887+0000] {dagbag.py:588} INFO - Filling up the DagBag from /home/chirag/airflow/lib/python3.12/site-packages/airflow/example_dags/example_xcom.py
[2024-11-09T19:36:19.902+0000] {processor.py:925} INFO - DAG(s) 'example_xcom' retrieved from /home/chirag/airflow/lib/python3.12/site-packages/airflow/example_dags/example_xcom.py
[2024-11-09T19:36:19.925+0000] {logging_mixin.py:190} INFO - [2024-11-09T19:36:19.925+0000] {dag.py:3239} INFO - Sync 1 DAGs
[2024-11-09T19:36:19.954+0000] {logging_mixin.py:190} INFO - [2024-11-09T19:36:19.954+0000] {dag.py:4180} INFO - Setting next_dagrun for example_xcom to 2021-01-01 00:00:00+00:00, run_after=2021-01-01 00:00:00+00:00
[2024-11-09T19:36:20.000+0000] {processor.py:208} INFO - Processing /home/chirag/airflow/lib/python3.12/site-packages/airflow/example_dags/example_xcom.py took 0.126 seconds
[2024-11-09T19:36:58.874+0000] {processor.py:186} INFO - Started process (PID=2902) to work on /home/chirag/airflow/lib/python3.12/site-packages/airflow/example_dags/example_xcom.py
[2024-11-09T19:36:58.877+0000] {processor.py:914} INFO - Processing file /home/chirag/airflow/lib/python3.12/site-packages/airflow/example_dags/example_xcom.py for tasks to queue
[2024-11-09T19:36:58.881+0000] {logging_mixin.py:190} INFO - [2024-11-09T19:36:58.880+0000] {dagbag.py:588} INFO - Filling up the DagBag from /home/chirag/airflow/lib/python3.12/site-packages/airflow/example_dags/example_xcom.py
[2024-11-09T19:36:58.895+0000] {processor.py:925} INFO - DAG(s) 'example_xcom' retrieved from /home/chirag/airflow/lib/python3.12/site-packages/airflow/example_dags/example_xcom.py
[2024-11-09T19:36:58.919+0000] {logging_mixin.py:190} INFO - [2024-11-09T19:36:58.919+0000] {dag.py:3239} INFO - Sync 1 DAGs
[2024-11-09T19:36:58.947+0000] {logging_mixin.py:190} INFO - [2024-11-09T19:36:58.946+0000] {dag.py:4180} INFO - Setting next_dagrun for example_xcom to 2021-01-01 00:00:00+00:00, run_after=2021-01-01 00:00:00+00:00
[2024-11-09T19:36:58.984+0000] {processor.py:208} INFO - Processing /home/chirag/airflow/lib/python3.12/site-packages/airflow/example_dags/example_xcom.py took 0.118 seconds
[2024-11-09T19:37:31.951+0000] {processor.py:186} INFO - Started process (PID=2998) to work on /home/chirag/airflow/lib/python3.12/site-packages/airflow/example_dags/example_xcom.py
[2024-11-09T19:37:31.954+0000] {processor.py:914} INFO - Processing file /home/chirag/airflow/lib/python3.12/site-packages/airflow/example_dags/example_xcom.py for tasks to queue
[2024-11-09T19:37:31.957+0000] {logging_mixin.py:190} INFO - [2024-11-09T19:37:31.957+0000] {dagbag.py:588} INFO - Filling up the DagBag from /home/chirag/airflow/lib/python3.12/site-packages/airflow/example_dags/example_xcom.py
[2024-11-09T19:37:31.972+0000] {processor.py:925} INFO - DAG(s) 'example_xcom' retrieved from /home/chirag/airflow/lib/python3.12/site-packages/airflow/example_dags/example_xcom.py
[2024-11-09T19:37:31.997+0000] {logging_mixin.py:190} INFO - [2024-11-09T19:37:31.996+0000] {dag.py:3239} INFO - Sync 1 DAGs
[2024-11-09T19:37:32.025+0000] {logging_mixin.py:190} INFO - [2024-11-09T19:37:32.024+0000] {dag.py:4180} INFO - Setting next_dagrun for example_xcom to 2021-01-01 00:00:00+00:00, run_after=2021-01-01 00:00:00+00:00
[2024-11-09T19:37:32.065+0000] {processor.py:208} INFO - Processing /home/chirag/airflow/lib/python3.12/site-packages/airflow/example_dags/example_xcom.py took 0.123 seconds
[2024-11-09T19:38:07.712+0000] {processor.py:186} INFO - Started process (PID=3194) to work on /home/chirag/airflow/lib/python3.12/site-packages/airflow/example_dags/example_xcom.py
[2024-11-09T19:38:07.716+0000] {processor.py:914} INFO - Processing file /home/chirag/airflow/lib/python3.12/site-packages/airflow/example_dags/example_xcom.py for tasks to queue
[2024-11-09T19:38:07.721+0000] {logging_mixin.py:190} INFO - [2024-11-09T19:38:07.720+0000] {dagbag.py:588} INFO - Filling up the DagBag from /home/chirag/airflow/lib/python3.12/site-packages/airflow/example_dags/example_xcom.py
[2024-11-09T19:38:07.745+0000] {processor.py:925} INFO - DAG(s) 'example_xcom' retrieved from /home/chirag/airflow/lib/python3.12/site-packages/airflow/example_dags/example_xcom.py
[2024-11-09T19:38:07.777+0000] {logging_mixin.py:190} INFO - [2024-11-09T19:38:07.776+0000] {dag.py:3239} INFO - Sync 1 DAGs
[2024-11-09T19:38:07.821+0000] {logging_mixin.py:190} INFO - [2024-11-09T19:38:07.820+0000] {dag.py:4180} INFO - Setting next_dagrun for example_xcom to 2021-01-01 00:00:00+00:00, run_after=2021-01-01 00:00:00+00:00
[2024-11-09T19:38:07.863+0000] {processor.py:208} INFO - Processing /home/chirag/airflow/lib/python3.12/site-packages/airflow/example_dags/example_xcom.py took 0.162 seconds
[2024-11-09T19:38:45.053+0000] {processor.py:186} INFO - Started process (PID=3379) to work on /home/chirag/airflow/lib/python3.12/site-packages/airflow/example_dags/example_xcom.py
[2024-11-09T19:38:45.057+0000] {processor.py:914} INFO - Processing file /home/chirag/airflow/lib/python3.12/site-packages/airflow/example_dags/example_xcom.py for tasks to queue
[2024-11-09T19:38:45.061+0000] {logging_mixin.py:190} INFO - [2024-11-09T19:38:45.060+0000] {dagbag.py:588} INFO - Filling up the DagBag from /home/chirag/airflow/lib/python3.12/site-packages/airflow/example_dags/example_xcom.py
[2024-11-09T19:38:45.081+0000] {processor.py:925} INFO - DAG(s) 'example_xcom' retrieved from /home/chirag/airflow/lib/python3.12/site-packages/airflow/example_dags/example_xcom.py
[2024-11-09T19:38:45.133+0000] {logging_mixin.py:190} INFO - [2024-11-09T19:38:45.133+0000] {dag.py:3239} INFO - Sync 1 DAGs
[2024-11-09T19:38:45.252+0000] {logging_mixin.py:190} INFO - [2024-11-09T19:38:45.251+0000] {dag.py:4180} INFO - Setting next_dagrun for example_xcom to 2021-01-01 00:00:00+00:00, run_after=2021-01-01 00:00:00+00:00
[2024-11-09T19:38:45.328+0000] {processor.py:208} INFO - Processing /home/chirag/airflow/lib/python3.12/site-packages/airflow/example_dags/example_xcom.py took 0.286 seconds
[2024-11-09T19:39:24.011+0000] {processor.py:186} INFO - Started process (PID=3495) to work on /home/chirag/airflow/lib/python3.12/site-packages/airflow/example_dags/example_xcom.py
[2024-11-09T19:39:24.015+0000] {processor.py:914} INFO - Processing file /home/chirag/airflow/lib/python3.12/site-packages/airflow/example_dags/example_xcom.py for tasks to queue
[2024-11-09T19:39:24.019+0000] {logging_mixin.py:190} INFO - [2024-11-09T19:39:24.018+0000] {dagbag.py:588} INFO - Filling up the DagBag from /home/chirag/airflow/lib/python3.12/site-packages/airflow/example_dags/example_xcom.py
[2024-11-09T19:39:24.057+0000] {processor.py:925} INFO - DAG(s) 'example_xcom' retrieved from /home/chirag/airflow/lib/python3.12/site-packages/airflow/example_dags/example_xcom.py
[2024-11-09T19:39:24.123+0000] {logging_mixin.py:190} INFO - [2024-11-09T19:39:24.122+0000] {dag.py:3239} INFO - Sync 1 DAGs
[2024-11-09T19:39:24.279+0000] {logging_mixin.py:190} INFO - [2024-11-09T19:39:24.279+0000] {dag.py:4180} INFO - Setting next_dagrun for example_xcom to 2021-01-01 00:00:00+00:00, run_after=2021-01-01 00:00:00+00:00
[2024-11-09T19:39:24.538+0000] {processor.py:208} INFO - Processing /home/chirag/airflow/lib/python3.12/site-packages/airflow/example_dags/example_xcom.py took 0.538 seconds
[2024-11-09T19:40:10.853+0000] {processor.py:186} INFO - Started process (PID=3613) to work on /home/chirag/airflow/lib/python3.12/site-packages/airflow/example_dags/example_xcom.py
[2024-11-09T19:40:10.856+0000] {processor.py:914} INFO - Processing file /home/chirag/airflow/lib/python3.12/site-packages/airflow/example_dags/example_xcom.py for tasks to queue
[2024-11-09T19:40:10.860+0000] {logging_mixin.py:190} INFO - [2024-11-09T19:40:10.860+0000] {dagbag.py:588} INFO - Filling up the DagBag from /home/chirag/airflow/lib/python3.12/site-packages/airflow/example_dags/example_xcom.py
[2024-11-09T19:40:10.875+0000] {processor.py:925} INFO - DAG(s) 'example_xcom' retrieved from /home/chirag/airflow/lib/python3.12/site-packages/airflow/example_dags/example_xcom.py
[2024-11-09T19:40:10.898+0000] {logging_mixin.py:190} INFO - [2024-11-09T19:40:10.898+0000] {dag.py:3239} INFO - Sync 1 DAGs
[2024-11-09T19:40:10.926+0000] {logging_mixin.py:190} INFO - [2024-11-09T19:40:10.926+0000] {dag.py:4180} INFO - Setting next_dagrun for example_xcom to 2021-01-01 00:00:00+00:00, run_after=2021-01-01 00:00:00+00:00
[2024-11-09T19:40:10.964+0000] {processor.py:208} INFO - Processing /home/chirag/airflow/lib/python3.12/site-packages/airflow/example_dags/example_xcom.py took 0.120 seconds
[2024-11-09T19:40:49.132+0000] {processor.py:186} INFO - Started process (PID=3719) to work on /home/chirag/airflow/lib/python3.12/site-packages/airflow/example_dags/example_xcom.py
[2024-11-09T19:40:49.136+0000] {processor.py:914} INFO - Processing file /home/chirag/airflow/lib/python3.12/site-packages/airflow/example_dags/example_xcom.py for tasks to queue
[2024-11-09T19:40:49.139+0000] {logging_mixin.py:190} INFO - [2024-11-09T19:40:49.139+0000] {dagbag.py:588} INFO - Filling up the DagBag from /home/chirag/airflow/lib/python3.12/site-packages/airflow/example_dags/example_xcom.py
[2024-11-09T19:40:49.154+0000] {processor.py:925} INFO - DAG(s) 'example_xcom' retrieved from /home/chirag/airflow/lib/python3.12/site-packages/airflow/example_dags/example_xcom.py
[2024-11-09T19:40:49.178+0000] {logging_mixin.py:190} INFO - [2024-11-09T19:40:49.178+0000] {dag.py:3239} INFO - Sync 1 DAGs
[2024-11-09T19:40:49.205+0000] {logging_mixin.py:190} INFO - [2024-11-09T19:40:49.205+0000] {dag.py:4180} INFO - Setting next_dagrun for example_xcom to 2021-01-01 00:00:00+00:00, run_after=2021-01-01 00:00:00+00:00
[2024-11-09T19:40:49.264+0000] {processor.py:208} INFO - Processing /home/chirag/airflow/lib/python3.12/site-packages/airflow/example_dags/example_xcom.py took 0.140 seconds
[2024-11-09T19:41:25.661+0000] {processor.py:186} INFO - Started process (PID=3822) to work on /home/chirag/airflow/lib/python3.12/site-packages/airflow/example_dags/example_xcom.py
[2024-11-09T19:41:25.664+0000] {processor.py:914} INFO - Processing file /home/chirag/airflow/lib/python3.12/site-packages/airflow/example_dags/example_xcom.py for tasks to queue
[2024-11-09T19:41:25.668+0000] {logging_mixin.py:190} INFO - [2024-11-09T19:41:25.667+0000] {dagbag.py:588} INFO - Filling up the DagBag from /home/chirag/airflow/lib/python3.12/site-packages/airflow/example_dags/example_xcom.py
[2024-11-09T19:41:25.683+0000] {processor.py:925} INFO - DAG(s) 'example_xcom' retrieved from /home/chirag/airflow/lib/python3.12/site-packages/airflow/example_dags/example_xcom.py
[2024-11-09T19:41:25.707+0000] {logging_mixin.py:190} INFO - [2024-11-09T19:41:25.707+0000] {dag.py:3239} INFO - Sync 1 DAGs
[2024-11-09T19:41:25.738+0000] {logging_mixin.py:190} INFO - [2024-11-09T19:41:25.737+0000] {dag.py:4180} INFO - Setting next_dagrun for example_xcom to 2021-01-01 00:00:00+00:00, run_after=2021-01-01 00:00:00+00:00
[2024-11-09T19:41:25.776+0000] {processor.py:208} INFO - Processing /home/chirag/airflow/lib/python3.12/site-packages/airflow/example_dags/example_xcom.py took 0.124 seconds
[2024-11-09T19:42:02.392+0000] {processor.py:186} INFO - Started process (PID=3927) to work on /home/chirag/airflow/lib/python3.12/site-packages/airflow/example_dags/example_xcom.py
[2024-11-09T19:42:02.395+0000] {processor.py:914} INFO - Processing file /home/chirag/airflow/lib/python3.12/site-packages/airflow/example_dags/example_xcom.py for tasks to queue
[2024-11-09T19:42:02.398+0000] {logging_mixin.py:190} INFO - [2024-11-09T19:42:02.397+0000] {dagbag.py:588} INFO - Filling up the DagBag from /home/chirag/airflow/lib/python3.12/site-packages/airflow/example_dags/example_xcom.py
[2024-11-09T19:42:02.412+0000] {processor.py:925} INFO - DAG(s) 'example_xcom' retrieved from /home/chirag/airflow/lib/python3.12/site-packages/airflow/example_dags/example_xcom.py
[2024-11-09T19:42:02.436+0000] {logging_mixin.py:190} INFO - [2024-11-09T19:42:02.435+0000] {dag.py:3239} INFO - Sync 1 DAGs
[2024-11-09T19:42:02.464+0000] {logging_mixin.py:190} INFO - [2024-11-09T19:42:02.463+0000] {dag.py:4180} INFO - Setting next_dagrun for example_xcom to 2021-01-01 00:00:00+00:00, run_after=2021-01-01 00:00:00+00:00
[2024-11-09T19:42:02.501+0000] {processor.py:208} INFO - Processing /home/chirag/airflow/lib/python3.12/site-packages/airflow/example_dags/example_xcom.py took 0.118 seconds
[2024-11-09T19:42:38.885+0000] {processor.py:186} INFO - Started process (PID=4031) to work on /home/chirag/airflow/lib/python3.12/site-packages/airflow/example_dags/example_xcom.py
[2024-11-09T19:42:38.889+0000] {processor.py:914} INFO - Processing file /home/chirag/airflow/lib/python3.12/site-packages/airflow/example_dags/example_xcom.py for tasks to queue
[2024-11-09T19:42:38.892+0000] {logging_mixin.py:190} INFO - [2024-11-09T19:42:38.892+0000] {dagbag.py:588} INFO - Filling up the DagBag from /home/chirag/airflow/lib/python3.12/site-packages/airflow/example_dags/example_xcom.py
[2024-11-09T19:42:38.909+0000] {processor.py:925} INFO - DAG(s) 'example_xcom' retrieved from /home/chirag/airflow/lib/python3.12/site-packages/airflow/example_dags/example_xcom.py
[2024-11-09T19:42:38.938+0000] {logging_mixin.py:190} INFO - [2024-11-09T19:42:38.938+0000] {dag.py:3239} INFO - Sync 1 DAGs
[2024-11-09T19:42:38.980+0000] {logging_mixin.py:190} INFO - [2024-11-09T19:42:38.980+0000] {dag.py:4180} INFO - Setting next_dagrun for example_xcom to 2021-01-01 00:00:00+00:00, run_after=2021-01-01 00:00:00+00:00
[2024-11-09T19:42:39.022+0000] {processor.py:208} INFO - Processing /home/chirag/airflow/lib/python3.12/site-packages/airflow/example_dags/example_xcom.py took 0.151 seconds
[2024-11-09T19:43:18.942+0000] {processor.py:186} INFO - Started process (PID=4148) to work on /home/chirag/airflow/lib/python3.12/site-packages/airflow/example_dags/example_xcom.py
[2024-11-09T19:43:18.946+0000] {processor.py:914} INFO - Processing file /home/chirag/airflow/lib/python3.12/site-packages/airflow/example_dags/example_xcom.py for tasks to queue
[2024-11-09T19:43:18.949+0000] {logging_mixin.py:190} INFO - [2024-11-09T19:43:18.948+0000] {dagbag.py:588} INFO - Filling up the DagBag from /home/chirag/airflow/lib/python3.12/site-packages/airflow/example_dags/example_xcom.py
[2024-11-09T19:43:18.973+0000] {processor.py:925} INFO - DAG(s) 'example_xcom' retrieved from /home/chirag/airflow/lib/python3.12/site-packages/airflow/example_dags/example_xcom.py
[2024-11-09T19:43:19.010+0000] {logging_mixin.py:190} INFO - [2024-11-09T19:43:19.010+0000] {dag.py:3239} INFO - Sync 1 DAGs
[2024-11-09T19:43:19.052+0000] {logging_mixin.py:190} INFO - [2024-11-09T19:43:19.051+0000] {dag.py:4180} INFO - Setting next_dagrun for example_xcom to 2021-01-01 00:00:00+00:00, run_after=2021-01-01 00:00:00+00:00
[2024-11-09T19:43:19.085+0000] {processor.py:208} INFO - Processing /home/chirag/airflow/lib/python3.12/site-packages/airflow/example_dags/example_xcom.py took 0.155 seconds
[2024-11-09T19:43:59.086+0000] {processor.py:186} INFO - Started process (PID=4264) to work on /home/chirag/airflow/lib/python3.12/site-packages/airflow/example_dags/example_xcom.py
[2024-11-09T19:43:59.089+0000] {processor.py:914} INFO - Processing file /home/chirag/airflow/lib/python3.12/site-packages/airflow/example_dags/example_xcom.py for tasks to queue
[2024-11-09T19:43:59.093+0000] {logging_mixin.py:190} INFO - [2024-11-09T19:43:59.092+0000] {dagbag.py:588} INFO - Filling up the DagBag from /home/chirag/airflow/lib/python3.12/site-packages/airflow/example_dags/example_xcom.py
[2024-11-09T19:43:59.108+0000] {processor.py:925} INFO - DAG(s) 'example_xcom' retrieved from /home/chirag/airflow/lib/python3.12/site-packages/airflow/example_dags/example_xcom.py
[2024-11-09T19:43:59.131+0000] {logging_mixin.py:190} INFO - [2024-11-09T19:43:59.131+0000] {dag.py:3239} INFO - Sync 1 DAGs
[2024-11-09T19:43:59.159+0000] {logging_mixin.py:190} INFO - [2024-11-09T19:43:59.159+0000] {dag.py:4180} INFO - Setting next_dagrun for example_xcom to 2021-01-01 00:00:00+00:00, run_after=2021-01-01 00:00:00+00:00
[2024-11-09T19:43:59.196+0000] {processor.py:208} INFO - Processing /home/chirag/airflow/lib/python3.12/site-packages/airflow/example_dags/example_xcom.py took 0.119 seconds
[2024-11-09T19:44:35.156+0000] {processor.py:186} INFO - Started process (PID=4368) to work on /home/chirag/airflow/lib/python3.12/site-packages/airflow/example_dags/example_xcom.py
[2024-11-09T19:44:35.158+0000] {processor.py:914} INFO - Processing file /home/chirag/airflow/lib/python3.12/site-packages/airflow/example_dags/example_xcom.py for tasks to queue
[2024-11-09T19:44:35.162+0000] {logging_mixin.py:190} INFO - [2024-11-09T19:44:35.161+0000] {dagbag.py:588} INFO - Filling up the DagBag from /home/chirag/airflow/lib/python3.12/site-packages/airflow/example_dags/example_xcom.py
[2024-11-09T19:44:35.176+0000] {processor.py:925} INFO - DAG(s) 'example_xcom' retrieved from /home/chirag/airflow/lib/python3.12/site-packages/airflow/example_dags/example_xcom.py
[2024-11-09T19:44:35.200+0000] {logging_mixin.py:190} INFO - [2024-11-09T19:44:35.200+0000] {dag.py:3239} INFO - Sync 1 DAGs
[2024-11-09T19:44:35.229+0000] {logging_mixin.py:190} INFO - [2024-11-09T19:44:35.229+0000] {dag.py:4180} INFO - Setting next_dagrun for example_xcom to 2021-01-01 00:00:00+00:00, run_after=2021-01-01 00:00:00+00:00
[2024-11-09T19:44:35.267+0000] {processor.py:208} INFO - Processing /home/chirag/airflow/lib/python3.12/site-packages/airflow/example_dags/example_xcom.py took 0.120 seconds
[2024-11-09T19:45:08.882+0000] {processor.py:186} INFO - Started process (PID=4466) to work on /home/chirag/airflow/lib/python3.12/site-packages/airflow/example_dags/example_xcom.py
[2024-11-09T19:45:08.886+0000] {processor.py:914} INFO - Processing file /home/chirag/airflow/lib/python3.12/site-packages/airflow/example_dags/example_xcom.py for tasks to queue
[2024-11-09T19:45:08.889+0000] {logging_mixin.py:190} INFO - [2024-11-09T19:45:08.889+0000] {dagbag.py:588} INFO - Filling up the DagBag from /home/chirag/airflow/lib/python3.12/site-packages/airflow/example_dags/example_xcom.py
[2024-11-09T19:45:08.904+0000] {processor.py:925} INFO - DAG(s) 'example_xcom' retrieved from /home/chirag/airflow/lib/python3.12/site-packages/airflow/example_dags/example_xcom.py
[2024-11-09T19:45:08.927+0000] {logging_mixin.py:190} INFO - [2024-11-09T19:45:08.927+0000] {dag.py:3239} INFO - Sync 1 DAGs
[2024-11-09T19:45:08.955+0000] {logging_mixin.py:190} INFO - [2024-11-09T19:45:08.954+0000] {dag.py:4180} INFO - Setting next_dagrun for example_xcom to 2021-01-01 00:00:00+00:00, run_after=2021-01-01 00:00:00+00:00
[2024-11-09T19:45:08.996+0000] {processor.py:208} INFO - Processing /home/chirag/airflow/lib/python3.12/site-packages/airflow/example_dags/example_xcom.py took 0.122 seconds
[2024-11-09T19:46:16.203+0000] {processor.py:186} INFO - Started process (PID=4654) to work on /home/chirag/airflow/lib/python3.12/site-packages/airflow/example_dags/example_xcom.py
[2024-11-09T19:46:16.207+0000] {processor.py:914} INFO - Processing file /home/chirag/airflow/lib/python3.12/site-packages/airflow/example_dags/example_xcom.py for tasks to queue
[2024-11-09T19:46:16.210+0000] {logging_mixin.py:190} INFO - [2024-11-09T19:46:16.209+0000] {dagbag.py:588} INFO - Filling up the DagBag from /home/chirag/airflow/lib/python3.12/site-packages/airflow/example_dags/example_xcom.py
[2024-11-09T19:46:16.224+0000] {processor.py:925} INFO - DAG(s) 'example_xcom' retrieved from /home/chirag/airflow/lib/python3.12/site-packages/airflow/example_dags/example_xcom.py
[2024-11-09T19:46:16.255+0000] {logging_mixin.py:190} INFO - [2024-11-09T19:46:16.254+0000] {dag.py:3239} INFO - Sync 1 DAGs
[2024-11-09T19:46:16.303+0000] {logging_mixin.py:190} INFO - [2024-11-09T19:46:16.302+0000] {dag.py:4180} INFO - Setting next_dagrun for example_xcom to 2021-01-01 00:00:00+00:00, run_after=2021-01-01 00:00:00+00:00
[2024-11-09T19:46:16.348+0000] {processor.py:208} INFO - Processing /home/chirag/airflow/lib/python3.12/site-packages/airflow/example_dags/example_xcom.py took 0.153 seconds
[2024-11-09T19:47:04.103+0000] {processor.py:186} INFO - Started process (PID=4832) to work on /home/chirag/airflow/lib/python3.12/site-packages/airflow/example_dags/example_xcom.py
[2024-11-09T19:47:04.106+0000] {processor.py:914} INFO - Processing file /home/chirag/airflow/lib/python3.12/site-packages/airflow/example_dags/example_xcom.py for tasks to queue
[2024-11-09T19:47:04.109+0000] {logging_mixin.py:190} INFO - [2024-11-09T19:47:04.109+0000] {dagbag.py:588} INFO - Filling up the DagBag from /home/chirag/airflow/lib/python3.12/site-packages/airflow/example_dags/example_xcom.py
[2024-11-09T19:47:04.124+0000] {processor.py:925} INFO - DAG(s) 'example_xcom' retrieved from /home/chirag/airflow/lib/python3.12/site-packages/airflow/example_dags/example_xcom.py
[2024-11-09T19:47:04.147+0000] {logging_mixin.py:190} INFO - [2024-11-09T19:47:04.147+0000] {dag.py:3239} INFO - Sync 1 DAGs
[2024-11-09T19:47:04.175+0000] {logging_mixin.py:190} INFO - [2024-11-09T19:47:04.175+0000] {dag.py:4180} INFO - Setting next_dagrun for example_xcom to 2021-01-01 00:00:00+00:00, run_after=2021-01-01 00:00:00+00:00
[2024-11-09T19:47:04.211+0000] {processor.py:208} INFO - Processing /home/chirag/airflow/lib/python3.12/site-packages/airflow/example_dags/example_xcom.py took 0.116 seconds
[2024-11-09T19:47:40.036+0000] {processor.py:186} INFO - Started process (PID=4938) to work on /home/chirag/airflow/lib/python3.12/site-packages/airflow/example_dags/example_xcom.py
[2024-11-09T19:47:40.040+0000] {processor.py:914} INFO - Processing file /home/chirag/airflow/lib/python3.12/site-packages/airflow/example_dags/example_xcom.py for tasks to queue
[2024-11-09T19:47:40.051+0000] {logging_mixin.py:190} INFO - [2024-11-09T19:47:40.050+0000] {dagbag.py:588} INFO - Filling up the DagBag from /home/chirag/airflow/lib/python3.12/site-packages/airflow/example_dags/example_xcom.py
[2024-11-09T19:47:40.087+0000] {processor.py:925} INFO - DAG(s) 'example_xcom' retrieved from /home/chirag/airflow/lib/python3.12/site-packages/airflow/example_dags/example_xcom.py
[2024-11-09T19:47:40.117+0000] {logging_mixin.py:190} INFO - [2024-11-09T19:47:40.117+0000] {dag.py:3239} INFO - Sync 1 DAGs
[2024-11-09T19:47:40.159+0000] {logging_mixin.py:190} INFO - [2024-11-09T19:47:40.159+0000] {dag.py:4180} INFO - Setting next_dagrun for example_xcom to 2021-01-01 00:00:00+00:00, run_after=2021-01-01 00:00:00+00:00
[2024-11-09T19:47:40.281+0000] {processor.py:208} INFO - Processing /home/chirag/airflow/lib/python3.12/site-packages/airflow/example_dags/example_xcom.py took 0.276 seconds
[2024-11-09T19:48:20.017+0000] {processor.py:186} INFO - Started process (PID=5055) to work on /home/chirag/airflow/lib/python3.12/site-packages/airflow/example_dags/example_xcom.py
[2024-11-09T19:48:20.138+0000] {processor.py:914} INFO - Processing file /home/chirag/airflow/lib/python3.12/site-packages/airflow/example_dags/example_xcom.py for tasks to queue
[2024-11-09T19:48:20.141+0000] {logging_mixin.py:190} INFO - [2024-11-09T19:48:20.141+0000] {dagbag.py:588} INFO - Filling up the DagBag from /home/chirag/airflow/lib/python3.12/site-packages/airflow/example_dags/example_xcom.py
[2024-11-09T19:48:20.156+0000] {processor.py:925} INFO - DAG(s) 'example_xcom' retrieved from /home/chirag/airflow/lib/python3.12/site-packages/airflow/example_dags/example_xcom.py
[2024-11-09T19:48:20.179+0000] {logging_mixin.py:190} INFO - [2024-11-09T19:48:20.179+0000] {dag.py:3239} INFO - Sync 1 DAGs
[2024-11-09T19:48:20.208+0000] {logging_mixin.py:190} INFO - [2024-11-09T19:48:20.207+0000] {dag.py:4180} INFO - Setting next_dagrun for example_xcom to 2021-01-01 00:00:00+00:00, run_after=2021-01-01 00:00:00+00:00
[2024-11-09T19:48:20.258+0000] {processor.py:208} INFO - Processing /home/chirag/airflow/lib/python3.12/site-packages/airflow/example_dags/example_xcom.py took 0.249 seconds
[2024-11-09T19:48:58.642+0000] {processor.py:186} INFO - Started process (PID=5166) to work on /home/chirag/airflow/lib/python3.12/site-packages/airflow/example_dags/example_xcom.py
[2024-11-09T19:48:58.645+0000] {processor.py:914} INFO - Processing file /home/chirag/airflow/lib/python3.12/site-packages/airflow/example_dags/example_xcom.py for tasks to queue
[2024-11-09T19:48:58.650+0000] {logging_mixin.py:190} INFO - [2024-11-09T19:48:58.649+0000] {dagbag.py:588} INFO - Filling up the DagBag from /home/chirag/airflow/lib/python3.12/site-packages/airflow/example_dags/example_xcom.py
[2024-11-09T19:48:58.666+0000] {processor.py:925} INFO - DAG(s) 'example_xcom' retrieved from /home/chirag/airflow/lib/python3.12/site-packages/airflow/example_dags/example_xcom.py
[2024-11-09T19:48:58.690+0000] {logging_mixin.py:190} INFO - [2024-11-09T19:48:58.690+0000] {dag.py:3239} INFO - Sync 1 DAGs
[2024-11-09T19:48:58.718+0000] {logging_mixin.py:190} INFO - [2024-11-09T19:48:58.718+0000] {dag.py:4180} INFO - Setting next_dagrun for example_xcom to 2021-01-01 00:00:00+00:00, run_after=2021-01-01 00:00:00+00:00
[2024-11-09T19:48:58.756+0000] {processor.py:208} INFO - Processing /home/chirag/airflow/lib/python3.12/site-packages/airflow/example_dags/example_xcom.py took 0.123 seconds
[2024-11-09T19:49:33.881+0000] {processor.py:186} INFO - Started process (PID=5273) to work on /home/chirag/airflow/lib/python3.12/site-packages/airflow/example_dags/example_xcom.py
[2024-11-09T19:49:33.883+0000] {processor.py:914} INFO - Processing file /home/chirag/airflow/lib/python3.12/site-packages/airflow/example_dags/example_xcom.py for tasks to queue
[2024-11-09T19:49:33.886+0000] {logging_mixin.py:190} INFO - [2024-11-09T19:49:33.886+0000] {dagbag.py:588} INFO - Filling up the DagBag from /home/chirag/airflow/lib/python3.12/site-packages/airflow/example_dags/example_xcom.py
[2024-11-09T19:49:33.901+0000] {processor.py:925} INFO - DAG(s) 'example_xcom' retrieved from /home/chirag/airflow/lib/python3.12/site-packages/airflow/example_dags/example_xcom.py
[2024-11-09T19:49:33.928+0000] {logging_mixin.py:190} INFO - [2024-11-09T19:49:33.928+0000] {dag.py:3239} INFO - Sync 1 DAGs
[2024-11-09T19:49:33.956+0000] {logging_mixin.py:190} INFO - [2024-11-09T19:49:33.956+0000] {dag.py:4180} INFO - Setting next_dagrun for example_xcom to 2021-01-01 00:00:00+00:00, run_after=2021-01-01 00:00:00+00:00
[2024-11-09T19:49:33.996+0000] {processor.py:208} INFO - Processing /home/chirag/airflow/lib/python3.12/site-packages/airflow/example_dags/example_xcom.py took 0.123 seconds
[2024-11-09T19:50:09.500+0000] {processor.py:186} INFO - Started process (PID=5522) to work on /home/chirag/airflow/lib/python3.12/site-packages/airflow/example_dags/example_xcom.py
[2024-11-09T19:50:09.502+0000] {processor.py:914} INFO - Processing file /home/chirag/airflow/lib/python3.12/site-packages/airflow/example_dags/example_xcom.py for tasks to queue
[2024-11-09T19:50:09.506+0000] {logging_mixin.py:190} INFO - [2024-11-09T19:50:09.505+0000] {dagbag.py:588} INFO - Filling up the DagBag from /home/chirag/airflow/lib/python3.12/site-packages/airflow/example_dags/example_xcom.py
[2024-11-09T19:50:09.526+0000] {processor.py:925} INFO - DAG(s) 'example_xcom' retrieved from /home/chirag/airflow/lib/python3.12/site-packages/airflow/example_dags/example_xcom.py
[2024-11-09T19:50:09.567+0000] {logging_mixin.py:190} INFO - [2024-11-09T19:50:09.567+0000] {dag.py:3239} INFO - Sync 1 DAGs
[2024-11-09T19:50:09.606+0000] {logging_mixin.py:190} INFO - [2024-11-09T19:50:09.606+0000] {dag.py:4180} INFO - Setting next_dagrun for example_xcom to 2021-01-01 00:00:00+00:00, run_after=2021-01-01 00:00:00+00:00
[2024-11-09T19:50:09.638+0000] {processor.py:208} INFO - Processing /home/chirag/airflow/lib/python3.12/site-packages/airflow/example_dags/example_xcom.py took 0.148 seconds
[2024-11-09T19:50:44.791+0000] {processor.py:186} INFO - Started process (PID=5749) to work on /home/chirag/airflow/lib/python3.12/site-packages/airflow/example_dags/example_xcom.py
[2024-11-09T19:50:44.794+0000] {processor.py:914} INFO - Processing file /home/chirag/airflow/lib/python3.12/site-packages/airflow/example_dags/example_xcom.py for tasks to queue
[2024-11-09T19:50:44.799+0000] {logging_mixin.py:190} INFO - [2024-11-09T19:50:44.798+0000] {dagbag.py:588} INFO - Filling up the DagBag from /home/chirag/airflow/lib/python3.12/site-packages/airflow/example_dags/example_xcom.py
[2024-11-09T19:50:44.831+0000] {processor.py:925} INFO - DAG(s) 'example_xcom' retrieved from /home/chirag/airflow/lib/python3.12/site-packages/airflow/example_dags/example_xcom.py
[2024-11-09T19:50:44.873+0000] {logging_mixin.py:190} INFO - [2024-11-09T19:50:44.872+0000] {dag.py:3239} INFO - Sync 1 DAGs
[2024-11-09T19:50:44.917+0000] {logging_mixin.py:190} INFO - [2024-11-09T19:50:44.916+0000] {dag.py:4180} INFO - Setting next_dagrun for example_xcom to 2021-01-01 00:00:00+00:00, run_after=2021-01-01 00:00:00+00:00
[2024-11-09T19:50:44.964+0000] {processor.py:208} INFO - Processing /home/chirag/airflow/lib/python3.12/site-packages/airflow/example_dags/example_xcom.py took 0.182 seconds
[2024-11-09T19:51:21.327+0000] {processor.py:186} INFO - Started process (PID=6136) to work on /home/chirag/airflow/lib/python3.12/site-packages/airflow/example_dags/example_xcom.py
[2024-11-09T19:51:21.330+0000] {processor.py:914} INFO - Processing file /home/chirag/airflow/lib/python3.12/site-packages/airflow/example_dags/example_xcom.py for tasks to queue
[2024-11-09T19:51:21.334+0000] {logging_mixin.py:190} INFO - [2024-11-09T19:51:21.333+0000] {dagbag.py:588} INFO - Filling up the DagBag from /home/chirag/airflow/lib/python3.12/site-packages/airflow/example_dags/example_xcom.py
[2024-11-09T19:51:21.350+0000] {processor.py:925} INFO - DAG(s) 'example_xcom' retrieved from /home/chirag/airflow/lib/python3.12/site-packages/airflow/example_dags/example_xcom.py
[2024-11-09T19:51:21.377+0000] {logging_mixin.py:190} INFO - [2024-11-09T19:51:21.377+0000] {dag.py:3239} INFO - Sync 1 DAGs
[2024-11-09T19:51:21.455+0000] {logging_mixin.py:190} INFO - [2024-11-09T19:51:21.455+0000] {dag.py:4180} INFO - Setting next_dagrun for example_xcom to 2021-01-01 00:00:00+00:00, run_after=2021-01-01 00:00:00+00:00
[2024-11-09T19:51:21.554+0000] {processor.py:208} INFO - Processing /home/chirag/airflow/lib/python3.12/site-packages/airflow/example_dags/example_xcom.py took 0.235 seconds
[2024-11-09T19:52:00.678+0000] {processor.py:186} INFO - Started process (PID=6274) to work on /home/chirag/airflow/lib/python3.12/site-packages/airflow/example_dags/example_xcom.py
[2024-11-09T19:52:00.681+0000] {processor.py:914} INFO - Processing file /home/chirag/airflow/lib/python3.12/site-packages/airflow/example_dags/example_xcom.py for tasks to queue
[2024-11-09T19:52:00.685+0000] {logging_mixin.py:190} INFO - [2024-11-09T19:52:00.684+0000] {dagbag.py:588} INFO - Filling up the DagBag from /home/chirag/airflow/lib/python3.12/site-packages/airflow/example_dags/example_xcom.py
[2024-11-09T19:52:00.700+0000] {processor.py:925} INFO - DAG(s) 'example_xcom' retrieved from /home/chirag/airflow/lib/python3.12/site-packages/airflow/example_dags/example_xcom.py
[2024-11-09T19:52:00.725+0000] {logging_mixin.py:190} INFO - [2024-11-09T19:52:00.724+0000] {dag.py:3239} INFO - Sync 1 DAGs
[2024-11-09T19:52:00.752+0000] {logging_mixin.py:190} INFO - [2024-11-09T19:52:00.752+0000] {dag.py:4180} INFO - Setting next_dagrun for example_xcom to 2021-01-01 00:00:00+00:00, run_after=2021-01-01 00:00:00+00:00
[2024-11-09T19:52:00.791+0000] {processor.py:208} INFO - Processing /home/chirag/airflow/lib/python3.12/site-packages/airflow/example_dags/example_xcom.py took 0.122 seconds
[2024-11-09T19:52:57.914+0000] {processor.py:186} INFO - Started process (PID=6535) to work on /home/chirag/airflow/lib/python3.12/site-packages/airflow/example_dags/example_xcom.py
[2024-11-09T19:52:57.918+0000] {processor.py:914} INFO - Processing file /home/chirag/airflow/lib/python3.12/site-packages/airflow/example_dags/example_xcom.py for tasks to queue
[2024-11-09T19:52:57.942+0000] {logging_mixin.py:190} INFO - [2024-11-09T19:52:57.941+0000] {dagbag.py:588} INFO - Filling up the DagBag from /home/chirag/airflow/lib/python3.12/site-packages/airflow/example_dags/example_xcom.py
[2024-11-09T19:52:57.999+0000] {processor.py:925} INFO - DAG(s) 'example_xcom' retrieved from /home/chirag/airflow/lib/python3.12/site-packages/airflow/example_dags/example_xcom.py
[2024-11-09T19:52:58.220+0000] {logging_mixin.py:190} INFO - [2024-11-09T19:52:58.208+0000] {dag.py:3239} INFO - Sync 1 DAGs
[2024-11-09T19:52:58.630+0000] {logging_mixin.py:190} INFO - [2024-11-09T19:52:58.629+0000] {dag.py:4180} INFO - Setting next_dagrun for example_xcom to 2021-01-01 00:00:00+00:00, run_after=2021-01-01 00:00:00+00:00
[2024-11-09T19:52:58.901+0000] {processor.py:208} INFO - Processing /home/chirag/airflow/lib/python3.12/site-packages/airflow/example_dags/example_xcom.py took 1.016 seconds
[2024-11-09T19:53:49.033+0000] {processor.py:186} INFO - Started process (PID=6842) to work on /home/chirag/airflow/lib/python3.12/site-packages/airflow/example_dags/example_xcom.py
[2024-11-09T19:53:49.036+0000] {processor.py:914} INFO - Processing file /home/chirag/airflow/lib/python3.12/site-packages/airflow/example_dags/example_xcom.py for tasks to queue
[2024-11-09T19:53:49.040+0000] {logging_mixin.py:190} INFO - [2024-11-09T19:53:49.039+0000] {dagbag.py:588} INFO - Filling up the DagBag from /home/chirag/airflow/lib/python3.12/site-packages/airflow/example_dags/example_xcom.py
[2024-11-09T19:53:49.055+0000] {processor.py:925} INFO - DAG(s) 'example_xcom' retrieved from /home/chirag/airflow/lib/python3.12/site-packages/airflow/example_dags/example_xcom.py
[2024-11-09T19:53:49.080+0000] {logging_mixin.py:190} INFO - [2024-11-09T19:53:49.080+0000] {dag.py:3239} INFO - Sync 1 DAGs
[2024-11-09T19:53:49.121+0000] {logging_mixin.py:190} INFO - [2024-11-09T19:53:49.120+0000] {dag.py:4180} INFO - Setting next_dagrun for example_xcom to 2021-01-01 00:00:00+00:00, run_after=2021-01-01 00:00:00+00:00
[2024-11-09T19:53:49.165+0000] {processor.py:208} INFO - Processing /home/chirag/airflow/lib/python3.12/site-packages/airflow/example_dags/example_xcom.py took 0.140 seconds
[2024-11-09T19:54:26.286+0000] {processor.py:186} INFO - Started process (PID=7200) to work on /home/chirag/airflow/lib/python3.12/site-packages/airflow/example_dags/example_xcom.py
[2024-11-09T19:54:26.289+0000] {processor.py:914} INFO - Processing file /home/chirag/airflow/lib/python3.12/site-packages/airflow/example_dags/example_xcom.py for tasks to queue
[2024-11-09T19:54:26.294+0000] {logging_mixin.py:190} INFO - [2024-11-09T19:54:26.293+0000] {dagbag.py:588} INFO - Filling up the DagBag from /home/chirag/airflow/lib/python3.12/site-packages/airflow/example_dags/example_xcom.py
[2024-11-09T19:54:26.315+0000] {processor.py:925} INFO - DAG(s) 'example_xcom' retrieved from /home/chirag/airflow/lib/python3.12/site-packages/airflow/example_dags/example_xcom.py
[2024-11-09T19:54:26.349+0000] {logging_mixin.py:190} INFO - [2024-11-09T19:54:26.349+0000] {dag.py:3239} INFO - Sync 1 DAGs
[2024-11-09T19:54:26.386+0000] {logging_mixin.py:190} INFO - [2024-11-09T19:54:26.386+0000] {dag.py:4180} INFO - Setting next_dagrun for example_xcom to 2021-01-01 00:00:00+00:00, run_after=2021-01-01 00:00:00+00:00
[2024-11-09T19:54:26.426+0000] {processor.py:208} INFO - Processing /home/chirag/airflow/lib/python3.12/site-packages/airflow/example_dags/example_xcom.py took 0.148 seconds
[2024-11-09T19:55:03.669+0000] {processor.py:186} INFO - Started process (PID=7472) to work on /home/chirag/airflow/lib/python3.12/site-packages/airflow/example_dags/example_xcom.py
[2024-11-09T19:55:03.675+0000] {processor.py:914} INFO - Processing file /home/chirag/airflow/lib/python3.12/site-packages/airflow/example_dags/example_xcom.py for tasks to queue
[2024-11-09T19:55:03.680+0000] {logging_mixin.py:190} INFO - [2024-11-09T19:55:03.679+0000] {dagbag.py:588} INFO - Filling up the DagBag from /home/chirag/airflow/lib/python3.12/site-packages/airflow/example_dags/example_xcom.py
[2024-11-09T19:55:03.697+0000] {processor.py:925} INFO - DAG(s) 'example_xcom' retrieved from /home/chirag/airflow/lib/python3.12/site-packages/airflow/example_dags/example_xcom.py
[2024-11-09T19:55:03.726+0000] {logging_mixin.py:190} INFO - [2024-11-09T19:55:03.726+0000] {dag.py:3239} INFO - Sync 1 DAGs
[2024-11-09T19:55:03.760+0000] {logging_mixin.py:190} INFO - [2024-11-09T19:55:03.759+0000] {dag.py:4180} INFO - Setting next_dagrun for example_xcom to 2021-01-01 00:00:00+00:00, run_after=2021-01-01 00:00:00+00:00
[2024-11-09T19:55:03.801+0000] {processor.py:208} INFO - Processing /home/chirag/airflow/lib/python3.12/site-packages/airflow/example_dags/example_xcom.py took 0.140 seconds
[2024-11-09T19:55:43.317+0000] {processor.py:186} INFO - Started process (PID=7754) to work on /home/chirag/airflow/lib/python3.12/site-packages/airflow/example_dags/example_xcom.py
[2024-11-09T19:55:43.321+0000] {processor.py:914} INFO - Processing file /home/chirag/airflow/lib/python3.12/site-packages/airflow/example_dags/example_xcom.py for tasks to queue
[2024-11-09T19:55:43.325+0000] {logging_mixin.py:190} INFO - [2024-11-09T19:55:43.324+0000] {dagbag.py:588} INFO - Filling up the DagBag from /home/chirag/airflow/lib/python3.12/site-packages/airflow/example_dags/example_xcom.py
[2024-11-09T19:55:43.347+0000] {processor.py:925} INFO - DAG(s) 'example_xcom' retrieved from /home/chirag/airflow/lib/python3.12/site-packages/airflow/example_dags/example_xcom.py
[2024-11-09T19:55:43.373+0000] {logging_mixin.py:190} INFO - [2024-11-09T19:55:43.372+0000] {dag.py:3239} INFO - Sync 1 DAGs
[2024-11-09T19:55:43.403+0000] {logging_mixin.py:190} INFO - [2024-11-09T19:55:43.403+0000] {dag.py:4180} INFO - Setting next_dagrun for example_xcom to 2021-01-01 00:00:00+00:00, run_after=2021-01-01 00:00:00+00:00
[2024-11-09T19:55:43.440+0000] {processor.py:208} INFO - Processing /home/chirag/airflow/lib/python3.12/site-packages/airflow/example_dags/example_xcom.py took 0.132 seconds
[2024-11-09T19:56:29.710+0000] {processor.py:186} INFO - Started process (PID=7951) to work on /home/chirag/airflow/lib/python3.12/site-packages/airflow/example_dags/example_xcom.py
[2024-11-09T19:56:29.717+0000] {processor.py:914} INFO - Processing file /home/chirag/airflow/lib/python3.12/site-packages/airflow/example_dags/example_xcom.py for tasks to queue
[2024-11-09T19:56:29.726+0000] {logging_mixin.py:190} INFO - [2024-11-09T19:56:29.725+0000] {dagbag.py:588} INFO - Filling up the DagBag from /home/chirag/airflow/lib/python3.12/site-packages/airflow/example_dags/example_xcom.py
[2024-11-09T19:56:29.758+0000] {processor.py:925} INFO - DAG(s) 'example_xcom' retrieved from /home/chirag/airflow/lib/python3.12/site-packages/airflow/example_dags/example_xcom.py
[2024-11-09T19:56:29.806+0000] {logging_mixin.py:190} INFO - [2024-11-09T19:56:29.805+0000] {dag.py:3239} INFO - Sync 1 DAGs
[2024-11-09T19:56:29.863+0000] {logging_mixin.py:190} INFO - [2024-11-09T19:56:29.862+0000] {dag.py:4180} INFO - Setting next_dagrun for example_xcom to 2021-01-01 00:00:00+00:00, run_after=2021-01-01 00:00:00+00:00
[2024-11-09T19:56:29.930+0000] {processor.py:208} INFO - Processing /home/chirag/airflow/lib/python3.12/site-packages/airflow/example_dags/example_xcom.py took 0.239 seconds
[2024-11-09T19:57:33.483+0000] {processor.py:186} INFO - Started process (PID=8134) to work on /home/chirag/airflow/lib/python3.12/site-packages/airflow/example_dags/example_xcom.py
[2024-11-09T19:57:33.486+0000] {processor.py:914} INFO - Processing file /home/chirag/airflow/lib/python3.12/site-packages/airflow/example_dags/example_xcom.py for tasks to queue
[2024-11-09T19:57:33.489+0000] {logging_mixin.py:190} INFO - [2024-11-09T19:57:33.488+0000] {dagbag.py:588} INFO - Filling up the DagBag from /home/chirag/airflow/lib/python3.12/site-packages/airflow/example_dags/example_xcom.py
[2024-11-09T19:57:33.504+0000] {processor.py:925} INFO - DAG(s) 'example_xcom' retrieved from /home/chirag/airflow/lib/python3.12/site-packages/airflow/example_dags/example_xcom.py
[2024-11-09T19:57:33.528+0000] {logging_mixin.py:190} INFO - [2024-11-09T19:57:33.528+0000] {dag.py:3239} INFO - Sync 1 DAGs
[2024-11-09T19:57:33.560+0000] {logging_mixin.py:190} INFO - [2024-11-09T19:57:33.560+0000] {dag.py:4180} INFO - Setting next_dagrun for example_xcom to 2021-01-01 00:00:00+00:00, run_after=2021-01-01 00:00:00+00:00
[2024-11-09T19:57:33.602+0000] {processor.py:208} INFO - Processing /home/chirag/airflow/lib/python3.12/site-packages/airflow/example_dags/example_xcom.py took 0.128 seconds
[2024-11-09T19:58:30.412+0000] {processor.py:186} INFO - Started process (PID=8446) to work on /home/chirag/airflow/lib/python3.12/site-packages/airflow/example_dags/example_xcom.py
[2024-11-09T19:58:30.416+0000] {processor.py:914} INFO - Processing file /home/chirag/airflow/lib/python3.12/site-packages/airflow/example_dags/example_xcom.py for tasks to queue
[2024-11-09T19:58:30.431+0000] {logging_mixin.py:190} INFO - [2024-11-09T19:58:30.430+0000] {dagbag.py:588} INFO - Filling up the DagBag from /home/chirag/airflow/lib/python3.12/site-packages/airflow/example_dags/example_xcom.py
[2024-11-09T19:58:30.492+0000] {processor.py:925} INFO - DAG(s) 'example_xcom' retrieved from /home/chirag/airflow/lib/python3.12/site-packages/airflow/example_dags/example_xcom.py
[2024-11-09T19:58:30.606+0000] {logging_mixin.py:190} INFO - [2024-11-09T19:58:30.605+0000] {dag.py:3239} INFO - Sync 1 DAGs
[2024-11-09T19:58:30.754+0000] {logging_mixin.py:190} INFO - [2024-11-09T19:58:30.753+0000] {dag.py:4180} INFO - Setting next_dagrun for example_xcom to 2021-01-01 00:00:00+00:00, run_after=2021-01-01 00:00:00+00:00
[2024-11-09T19:58:30.866+0000] {processor.py:208} INFO - Processing /home/chirag/airflow/lib/python3.12/site-packages/airflow/example_dags/example_xcom.py took 0.501 seconds
[2024-11-09T19:59:18.887+0000] {processor.py:186} INFO - Started process (PID=8572) to work on /home/chirag/airflow/lib/python3.12/site-packages/airflow/example_dags/example_xcom.py
[2024-11-09T19:59:18.891+0000] {processor.py:914} INFO - Processing file /home/chirag/airflow/lib/python3.12/site-packages/airflow/example_dags/example_xcom.py for tasks to queue
[2024-11-09T19:59:18.894+0000] {logging_mixin.py:190} INFO - [2024-11-09T19:59:18.893+0000] {dagbag.py:588} INFO - Filling up the DagBag from /home/chirag/airflow/lib/python3.12/site-packages/airflow/example_dags/example_xcom.py
[2024-11-09T19:59:18.910+0000] {processor.py:925} INFO - DAG(s) 'example_xcom' retrieved from /home/chirag/airflow/lib/python3.12/site-packages/airflow/example_dags/example_xcom.py
[2024-11-09T19:59:18.934+0000] {logging_mixin.py:190} INFO - [2024-11-09T19:59:18.934+0000] {dag.py:3239} INFO - Sync 1 DAGs
[2024-11-09T19:59:18.963+0000] {logging_mixin.py:190} INFO - [2024-11-09T19:59:18.963+0000] {dag.py:4180} INFO - Setting next_dagrun for example_xcom to 2021-01-01 00:00:00+00:00, run_after=2021-01-01 00:00:00+00:00
[2024-11-09T19:59:19.002+0000] {processor.py:208} INFO - Processing /home/chirag/airflow/lib/python3.12/site-packages/airflow/example_dags/example_xcom.py took 0.124 seconds
[2024-11-09T20:21:18.335+0000] {processor.py:186} INFO - Started process (PID=12005) to work on /home/chirag/airflow/lib/python3.12/site-packages/airflow/example_dags/example_xcom.py
[2024-11-09T20:21:18.342+0000] {processor.py:914} INFO - Processing file /home/chirag/airflow/lib/python3.12/site-packages/airflow/example_dags/example_xcom.py for tasks to queue
[2024-11-09T20:21:18.347+0000] {logging_mixin.py:190} INFO - [2024-11-09T20:21:18.345+0000] {dagbag.py:588} INFO - Filling up the DagBag from /home/chirag/airflow/lib/python3.12/site-packages/airflow/example_dags/example_xcom.py
[2024-11-09T20:21:18.367+0000] {processor.py:925} INFO - DAG(s) 'example_xcom' retrieved from /home/chirag/airflow/lib/python3.12/site-packages/airflow/example_dags/example_xcom.py
[2024-11-09T20:21:18.425+0000] {logging_mixin.py:190} INFO - [2024-11-09T20:21:18.424+0000] {dag.py:3239} INFO - Sync 1 DAGs
[2024-11-09T20:21:18.504+0000] {logging_mixin.py:190} INFO - [2024-11-09T20:21:18.504+0000] {dag.py:4180} INFO - Setting next_dagrun for example_xcom to 2021-01-01 00:00:00+00:00, run_after=2021-01-01 00:00:00+00:00
[2024-11-09T20:21:18.576+0000] {processor.py:208} INFO - Processing /home/chirag/airflow/lib/python3.12/site-packages/airflow/example_dags/example_xcom.py took 0.258 seconds
[2024-11-09T20:23:16.927+0000] {processor.py:186} INFO - Started process (PID=12787) to work on /home/chirag/airflow/lib/python3.12/site-packages/airflow/example_dags/example_xcom.py
[2024-11-09T20:23:16.930+0000] {processor.py:914} INFO - Processing file /home/chirag/airflow/lib/python3.12/site-packages/airflow/example_dags/example_xcom.py for tasks to queue
[2024-11-09T20:23:16.933+0000] {logging_mixin.py:190} INFO - [2024-11-09T20:23:16.932+0000] {dagbag.py:588} INFO - Filling up the DagBag from /home/chirag/airflow/lib/python3.12/site-packages/airflow/example_dags/example_xcom.py
[2024-11-09T20:23:16.946+0000] {processor.py:925} INFO - DAG(s) 'example_xcom' retrieved from /home/chirag/airflow/lib/python3.12/site-packages/airflow/example_dags/example_xcom.py
[2024-11-09T20:23:16.971+0000] {logging_mixin.py:190} INFO - [2024-11-09T20:23:16.970+0000] {dag.py:3239} INFO - Sync 1 DAGs
[2024-11-09T20:23:17.000+0000] {logging_mixin.py:190} INFO - [2024-11-09T20:23:17.000+0000] {dag.py:4180} INFO - Setting next_dagrun for example_xcom to 2021-01-01 00:00:00+00:00, run_after=2021-01-01 00:00:00+00:00
[2024-11-09T20:23:17.041+0000] {processor.py:208} INFO - Processing /home/chirag/airflow/lib/python3.12/site-packages/airflow/example_dags/example_xcom.py took 0.122 seconds
[2024-11-09T20:23:55.054+0000] {processor.py:186} INFO - Started process (PID=12897) to work on /home/chirag/airflow/lib/python3.12/site-packages/airflow/example_dags/example_xcom.py
[2024-11-09T20:23:55.057+0000] {processor.py:914} INFO - Processing file /home/chirag/airflow/lib/python3.12/site-packages/airflow/example_dags/example_xcom.py for tasks to queue
[2024-11-09T20:23:55.060+0000] {logging_mixin.py:190} INFO - [2024-11-09T20:23:55.060+0000] {dagbag.py:588} INFO - Filling up the DagBag from /home/chirag/airflow/lib/python3.12/site-packages/airflow/example_dags/example_xcom.py
[2024-11-09T20:23:55.076+0000] {processor.py:925} INFO - DAG(s) 'example_xcom' retrieved from /home/chirag/airflow/lib/python3.12/site-packages/airflow/example_dags/example_xcom.py
[2024-11-09T20:23:55.103+0000] {logging_mixin.py:190} INFO - [2024-11-09T20:23:55.103+0000] {dag.py:3239} INFO - Sync 1 DAGs
[2024-11-09T20:23:55.132+0000] {logging_mixin.py:190} INFO - [2024-11-09T20:23:55.132+0000] {dag.py:4180} INFO - Setting next_dagrun for example_xcom to 2021-01-01 00:00:00+00:00, run_after=2021-01-01 00:00:00+00:00
[2024-11-09T20:23:55.171+0000] {processor.py:208} INFO - Processing /home/chirag/airflow/lib/python3.12/site-packages/airflow/example_dags/example_xcom.py took 0.125 seconds
[2024-11-09T20:24:32.101+0000] {processor.py:186} INFO - Started process (PID=13001) to work on /home/chirag/airflow/lib/python3.12/site-packages/airflow/example_dags/example_xcom.py
[2024-11-09T20:24:32.104+0000] {processor.py:914} INFO - Processing file /home/chirag/airflow/lib/python3.12/site-packages/airflow/example_dags/example_xcom.py for tasks to queue
[2024-11-09T20:24:32.108+0000] {logging_mixin.py:190} INFO - [2024-11-09T20:24:32.108+0000] {dagbag.py:588} INFO - Filling up the DagBag from /home/chirag/airflow/lib/python3.12/site-packages/airflow/example_dags/example_xcom.py
[2024-11-09T20:24:32.123+0000] {processor.py:925} INFO - DAG(s) 'example_xcom' retrieved from /home/chirag/airflow/lib/python3.12/site-packages/airflow/example_dags/example_xcom.py
[2024-11-09T20:24:32.149+0000] {logging_mixin.py:190} INFO - [2024-11-09T20:24:32.148+0000] {dag.py:3239} INFO - Sync 1 DAGs
[2024-11-09T20:24:32.191+0000] {logging_mixin.py:190} INFO - [2024-11-09T20:24:32.190+0000] {dag.py:4180} INFO - Setting next_dagrun for example_xcom to 2021-01-01 00:00:00+00:00, run_after=2021-01-01 00:00:00+00:00
[2024-11-09T20:24:32.233+0000] {processor.py:208} INFO - Processing /home/chirag/airflow/lib/python3.12/site-packages/airflow/example_dags/example_xcom.py took 0.140 seconds
[2024-11-09T20:25:09.208+0000] {processor.py:186} INFO - Started process (PID=13111) to work on /home/chirag/airflow/lib/python3.12/site-packages/airflow/example_dags/example_xcom.py
[2024-11-09T20:25:09.211+0000] {processor.py:914} INFO - Processing file /home/chirag/airflow/lib/python3.12/site-packages/airflow/example_dags/example_xcom.py for tasks to queue
[2024-11-09T20:25:09.214+0000] {logging_mixin.py:190} INFO - [2024-11-09T20:25:09.214+0000] {dagbag.py:588} INFO - Filling up the DagBag from /home/chirag/airflow/lib/python3.12/site-packages/airflow/example_dags/example_xcom.py
[2024-11-09T20:25:09.228+0000] {processor.py:925} INFO - DAG(s) 'example_xcom' retrieved from /home/chirag/airflow/lib/python3.12/site-packages/airflow/example_dags/example_xcom.py
[2024-11-09T20:25:09.253+0000] {logging_mixin.py:190} INFO - [2024-11-09T20:25:09.253+0000] {dag.py:3239} INFO - Sync 1 DAGs
[2024-11-09T20:25:09.281+0000] {logging_mixin.py:190} INFO - [2024-11-09T20:25:09.280+0000] {dag.py:4180} INFO - Setting next_dagrun for example_xcom to 2021-01-01 00:00:00+00:00, run_after=2021-01-01 00:00:00+00:00
[2024-11-09T20:25:09.320+0000] {processor.py:208} INFO - Processing /home/chirag/airflow/lib/python3.12/site-packages/airflow/example_dags/example_xcom.py took 0.121 seconds
[2024-11-09T20:26:05.487+0000] {processor.py:186} INFO - Started process (PID=13432) to work on /home/chirag/airflow/lib/python3.12/site-packages/airflow/example_dags/example_xcom.py
[2024-11-09T20:26:05.490+0000] {processor.py:914} INFO - Processing file /home/chirag/airflow/lib/python3.12/site-packages/airflow/example_dags/example_xcom.py for tasks to queue
[2024-11-09T20:26:05.493+0000] {logging_mixin.py:190} INFO - [2024-11-09T20:26:05.493+0000] {dagbag.py:588} INFO - Filling up the DagBag from /home/chirag/airflow/lib/python3.12/site-packages/airflow/example_dags/example_xcom.py
[2024-11-09T20:26:05.507+0000] {processor.py:925} INFO - DAG(s) 'example_xcom' retrieved from /home/chirag/airflow/lib/python3.12/site-packages/airflow/example_dags/example_xcom.py
[2024-11-09T20:26:05.537+0000] {logging_mixin.py:190} INFO - [2024-11-09T20:26:05.536+0000] {dag.py:3239} INFO - Sync 1 DAGs
[2024-11-09T20:26:05.575+0000] {logging_mixin.py:190} INFO - [2024-11-09T20:26:05.575+0000] {dag.py:4180} INFO - Setting next_dagrun for example_xcom to 2021-01-01 00:00:00+00:00, run_after=2021-01-01 00:00:00+00:00
[2024-11-09T20:26:05.620+0000] {processor.py:208} INFO - Processing /home/chirag/airflow/lib/python3.12/site-packages/airflow/example_dags/example_xcom.py took 0.141 seconds
[2024-11-09T20:27:05.372+0000] {processor.py:186} INFO - Started process (PID=13788) to work on /home/chirag/airflow/lib/python3.12/site-packages/airflow/example_dags/example_xcom.py
[2024-11-09T20:27:05.375+0000] {processor.py:914} INFO - Processing file /home/chirag/airflow/lib/python3.12/site-packages/airflow/example_dags/example_xcom.py for tasks to queue
[2024-11-09T20:27:05.378+0000] {logging_mixin.py:190} INFO - [2024-11-09T20:27:05.377+0000] {dagbag.py:588} INFO - Filling up the DagBag from /home/chirag/airflow/lib/python3.12/site-packages/airflow/example_dags/example_xcom.py
[2024-11-09T20:27:05.392+0000] {processor.py:925} INFO - DAG(s) 'example_xcom' retrieved from /home/chirag/airflow/lib/python3.12/site-packages/airflow/example_dags/example_xcom.py
[2024-11-09T20:27:05.416+0000] {logging_mixin.py:190} INFO - [2024-11-09T20:27:05.416+0000] {dag.py:3239} INFO - Sync 1 DAGs
[2024-11-09T20:27:05.444+0000] {logging_mixin.py:190} INFO - [2024-11-09T20:27:05.443+0000] {dag.py:4180} INFO - Setting next_dagrun for example_xcom to 2021-01-01 00:00:00+00:00, run_after=2021-01-01 00:00:00+00:00
[2024-11-09T20:27:05.485+0000] {processor.py:208} INFO - Processing /home/chirag/airflow/lib/python3.12/site-packages/airflow/example_dags/example_xcom.py took 0.121 seconds
[2024-11-09T20:27:55.109+0000] {processor.py:186} INFO - Started process (PID=13945) to work on /home/chirag/airflow/lib/python3.12/site-packages/airflow/example_dags/example_xcom.py
[2024-11-09T20:27:55.113+0000] {processor.py:914} INFO - Processing file /home/chirag/airflow/lib/python3.12/site-packages/airflow/example_dags/example_xcom.py for tasks to queue
[2024-11-09T20:27:55.118+0000] {logging_mixin.py:190} INFO - [2024-11-09T20:27:55.117+0000] {dagbag.py:588} INFO - Filling up the DagBag from /home/chirag/airflow/lib/python3.12/site-packages/airflow/example_dags/example_xcom.py
[2024-11-09T20:27:55.162+0000] {processor.py:925} INFO - DAG(s) 'example_xcom' retrieved from /home/chirag/airflow/lib/python3.12/site-packages/airflow/example_dags/example_xcom.py
[2024-11-09T20:27:55.258+0000] {logging_mixin.py:190} INFO - [2024-11-09T20:27:55.257+0000] {dag.py:3239} INFO - Sync 1 DAGs
[2024-11-09T20:27:55.327+0000] {logging_mixin.py:190} INFO - [2024-11-09T20:27:55.326+0000] {dag.py:4180} INFO - Setting next_dagrun for example_xcom to 2021-01-01 00:00:00+00:00, run_after=2021-01-01 00:00:00+00:00
[2024-11-09T20:27:55.428+0000] {processor.py:208} INFO - Processing /home/chirag/airflow/lib/python3.12/site-packages/airflow/example_dags/example_xcom.py took 0.347 seconds
[2024-11-09T20:28:42.625+0000] {processor.py:186} INFO - Started process (PID=14443) to work on /home/chirag/airflow/lib/python3.12/site-packages/airflow/example_dags/example_xcom.py
[2024-11-09T20:28:42.629+0000] {processor.py:914} INFO - Processing file /home/chirag/airflow/lib/python3.12/site-packages/airflow/example_dags/example_xcom.py for tasks to queue
[2024-11-09T20:28:42.633+0000] {logging_mixin.py:190} INFO - [2024-11-09T20:28:42.632+0000] {dagbag.py:588} INFO - Filling up the DagBag from /home/chirag/airflow/lib/python3.12/site-packages/airflow/example_dags/example_xcom.py
[2024-11-09T20:28:42.654+0000] {processor.py:925} INFO - DAG(s) 'example_xcom' retrieved from /home/chirag/airflow/lib/python3.12/site-packages/airflow/example_dags/example_xcom.py
[2024-11-09T20:28:42.720+0000] {logging_mixin.py:190} INFO - [2024-11-09T20:28:42.720+0000] {dag.py:3239} INFO - Sync 1 DAGs
[2024-11-09T20:28:42.980+0000] {logging_mixin.py:190} INFO - [2024-11-09T20:28:42.980+0000] {dag.py:4180} INFO - Setting next_dagrun for example_xcom to 2021-01-01 00:00:00+00:00, run_after=2021-01-01 00:00:00+00:00
[2024-11-09T20:28:43.027+0000] {processor.py:208} INFO - Processing /home/chirag/airflow/lib/python3.12/site-packages/airflow/example_dags/example_xcom.py took 0.413 seconds
