[2024-11-09T19:16:52.205+0000] {processor.py:186} INFO - Started process (PID=94645) to work on /home/chirag/airflow/lib/python3.12/site-packages/airflow/example_dags/example_dag_decorator.py
[2024-11-09T19:16:52.207+0000] {processor.py:914} INFO - Processing file /home/chirag/airflow/lib/python3.12/site-packages/airflow/example_dags/example_dag_decorator.py for tasks to queue
[2024-11-09T19:16:52.210+0000] {logging_mixin.py:190} INFO - [2024-11-09T19:16:52.210+0000] {dagbag.py:588} INFO - Filling up the DagBag from /home/chirag/airflow/lib/python3.12/site-packages/airflow/example_dags/example_dag_decorator.py
[2024-11-09T19:16:52.238+0000] {processor.py:925} INFO - DAG(s) 'example_dag_decorator' retrieved from /home/chirag/airflow/lib/python3.12/site-packages/airflow/example_dags/example_dag_decorator.py
[2024-11-09T19:16:52.559+0000] {logging_mixin.py:190} INFO - [2024-11-09T19:16:52.558+0000] {override.py:1911} INFO - Created Permission View: can delete on DAG:example_dag_decorator
[2024-11-09T19:16:52.591+0000] {logging_mixin.py:190} INFO - [2024-11-09T19:16:52.591+0000] {override.py:1911} INFO - Created Permission View: can read on DAG:example_dag_decorator
[2024-11-09T19:16:52.610+0000] {logging_mixin.py:190} INFO - [2024-11-09T19:16:52.609+0000] {override.py:1911} INFO - Created Permission View: can edit on DAG:example_dag_decorator
[2024-11-09T19:16:52.665+0000] {logging_mixin.py:190} INFO - [2024-11-09T19:16:52.663+0000] {override.py:1911} INFO - Created Permission View: menu access on DAG Run:example_dag_decorator
[2024-11-09T19:16:52.688+0000] {logging_mixin.py:190} INFO - [2024-11-09T19:16:52.687+0000] {override.py:1911} INFO - Created Permission View: can delete on DAG Run:example_dag_decorator
[2024-11-09T19:16:52.714+0000] {logging_mixin.py:190} INFO - [2024-11-09T19:16:52.713+0000] {override.py:1911} INFO - Created Permission View: can read on DAG Run:example_dag_decorator
[2024-11-09T19:16:52.737+0000] {logging_mixin.py:190} INFO - [2024-11-09T19:16:52.736+0000] {override.py:1911} INFO - Created Permission View: can create on DAG Run:example_dag_decorator
[2024-11-09T19:16:52.738+0000] {logging_mixin.py:190} INFO - [2024-11-09T19:16:52.737+0000] {dag.py:3239} INFO - Sync 1 DAGs
[2024-11-09T19:16:52.759+0000] {logging_mixin.py:190} INFO - [2024-11-09T19:16:52.758+0000] {dag.py:3262} INFO - Creating ORM DAG for example_dag_decorator
[2024-11-09T19:16:52.761+0000] {logging_mixin.py:190} INFO - [2024-11-09T19:16:52.760+0000] {dag.py:4180} INFO - Setting next_dagrun for example_dag_decorator to None, run_after=None
[2024-11-09T19:16:52.825+0000] {processor.py:208} INFO - Processing /home/chirag/airflow/lib/python3.12/site-packages/airflow/example_dags/example_dag_decorator.py took 0.632 seconds
[2024-11-09T19:18:38.605+0000] {processor.py:186} INFO - Started process (PID=94848) to work on /home/chirag/airflow/lib/python3.12/site-packages/airflow/example_dags/example_dag_decorator.py
[2024-11-09T19:18:38.609+0000] {processor.py:914} INFO - Processing file /home/chirag/airflow/lib/python3.12/site-packages/airflow/example_dags/example_dag_decorator.py for tasks to queue
[2024-11-09T19:18:38.615+0000] {logging_mixin.py:190} INFO - [2024-11-09T19:18:38.614+0000] {dagbag.py:588} INFO - Filling up the DagBag from /home/chirag/airflow/lib/python3.12/site-packages/airflow/example_dags/example_dag_decorator.py
[2024-11-09T19:18:38.639+0000] {processor.py:925} INFO - DAG(s) 'example_dag_decorator' retrieved from /home/chirag/airflow/lib/python3.12/site-packages/airflow/example_dags/example_dag_decorator.py
[2024-11-09T19:18:38.673+0000] {logging_mixin.py:190} INFO - [2024-11-09T19:18:38.672+0000] {dag.py:3239} INFO - Sync 1 DAGs
[2024-11-09T19:18:38.697+0000] {logging_mixin.py:190} INFO - [2024-11-09T19:18:38.696+0000] {dag.py:4180} INFO - Setting next_dagrun for example_dag_decorator to None, run_after=None
[2024-11-09T19:18:38.740+0000] {processor.py:208} INFO - Processing /home/chirag/airflow/lib/python3.12/site-packages/airflow/example_dags/example_dag_decorator.py took 0.151 seconds
[2024-11-09T19:27:57.134+0000] {processor.py:186} INFO - Started process (PID=474) to work on /home/chirag/airflow/lib/python3.12/site-packages/airflow/example_dags/example_dag_decorator.py
[2024-11-09T19:27:57.136+0000] {processor.py:914} INFO - Processing file /home/chirag/airflow/lib/python3.12/site-packages/airflow/example_dags/example_dag_decorator.py for tasks to queue
[2024-11-09T19:27:57.139+0000] {logging_mixin.py:190} INFO - [2024-11-09T19:27:57.139+0000] {dagbag.py:588} INFO - Filling up the DagBag from /home/chirag/airflow/lib/python3.12/site-packages/airflow/example_dags/example_dag_decorator.py
[2024-11-09T19:27:57.158+0000] {processor.py:925} INFO - DAG(s) 'example_dag_decorator' retrieved from /home/chirag/airflow/lib/python3.12/site-packages/airflow/example_dags/example_dag_decorator.py
[2024-11-09T19:27:57.306+0000] {logging_mixin.py:190} INFO - [2024-11-09T19:27:57.306+0000] {dag.py:3239} INFO - Sync 1 DAGs
[2024-11-09T19:27:57.320+0000] {logging_mixin.py:190} INFO - [2024-11-09T19:27:57.320+0000] {dag.py:4180} INFO - Setting next_dagrun for example_dag_decorator to None, run_after=None
[2024-11-09T19:27:57.354+0000] {processor.py:208} INFO - Processing /home/chirag/airflow/lib/python3.12/site-packages/airflow/example_dags/example_dag_decorator.py took 0.228 seconds
[2024-11-09T19:29:04.919+0000] {processor.py:186} INFO - Started process (PID=557) to work on /home/chirag/airflow/lib/python3.12/site-packages/airflow/example_dags/example_dag_decorator.py
[2024-11-09T19:29:04.924+0000] {processor.py:914} INFO - Processing file /home/chirag/airflow/lib/python3.12/site-packages/airflow/example_dags/example_dag_decorator.py for tasks to queue
[2024-11-09T19:29:04.927+0000] {logging_mixin.py:190} INFO - [2024-11-09T19:29:04.927+0000] {dagbag.py:588} INFO - Filling up the DagBag from /home/chirag/airflow/lib/python3.12/site-packages/airflow/example_dags/example_dag_decorator.py
[2024-11-09T19:29:04.945+0000] {processor.py:925} INFO - DAG(s) 'example_dag_decorator' retrieved from /home/chirag/airflow/lib/python3.12/site-packages/airflow/example_dags/example_dag_decorator.py
[2024-11-09T19:29:05.088+0000] {logging_mixin.py:190} INFO - [2024-11-09T19:29:05.088+0000] {dag.py:3239} INFO - Sync 1 DAGs
[2024-11-09T19:29:05.102+0000] {logging_mixin.py:190} INFO - [2024-11-09T19:29:05.102+0000] {dag.py:4180} INFO - Setting next_dagrun for example_dag_decorator to None, run_after=None
[2024-11-09T19:29:05.138+0000] {processor.py:208} INFO - Processing /home/chirag/airflow/lib/python3.12/site-packages/airflow/example_dags/example_dag_decorator.py took 0.227 seconds
[2024-11-09T19:30:20.601+0000] {processor.py:186} INFO - Started process (PID=632) to work on /home/chirag/airflow/lib/python3.12/site-packages/airflow/example_dags/example_dag_decorator.py
[2024-11-09T19:30:20.603+0000] {processor.py:914} INFO - Processing file /home/chirag/airflow/lib/python3.12/site-packages/airflow/example_dags/example_dag_decorator.py for tasks to queue
[2024-11-09T19:30:20.606+0000] {logging_mixin.py:190} INFO - [2024-11-09T19:30:20.605+0000] {dagbag.py:588} INFO - Filling up the DagBag from /home/chirag/airflow/lib/python3.12/site-packages/airflow/example_dags/example_dag_decorator.py
[2024-11-09T19:30:20.625+0000] {processor.py:925} INFO - DAG(s) 'example_dag_decorator' retrieved from /home/chirag/airflow/lib/python3.12/site-packages/airflow/example_dags/example_dag_decorator.py
[2024-11-09T19:30:20.788+0000] {logging_mixin.py:190} INFO - [2024-11-09T19:30:20.788+0000] {dag.py:3239} INFO - Sync 1 DAGs
[2024-11-09T19:30:20.803+0000] {logging_mixin.py:190} INFO - [2024-11-09T19:30:20.802+0000] {dag.py:4180} INFO - Setting next_dagrun for example_dag_decorator to None, run_after=None
[2024-11-09T19:30:20.837+0000] {processor.py:208} INFO - Processing /home/chirag/airflow/lib/python3.12/site-packages/airflow/example_dags/example_dag_decorator.py took 0.244 seconds
[2024-11-09T19:31:38.069+0000] {processor.py:186} INFO - Started process (PID=699) to work on /home/chirag/airflow/lib/python3.12/site-packages/airflow/example_dags/example_dag_decorator.py
[2024-11-09T19:31:38.113+0000] {processor.py:914} INFO - Processing file /home/chirag/airflow/lib/python3.12/site-packages/airflow/example_dags/example_dag_decorator.py for tasks to queue
[2024-11-09T19:31:38.118+0000] {logging_mixin.py:190} INFO - [2024-11-09T19:31:38.117+0000] {dagbag.py:588} INFO - Filling up the DagBag from /home/chirag/airflow/lib/python3.12/site-packages/airflow/example_dags/example_dag_decorator.py
[2024-11-09T19:31:38.183+0000] {processor.py:925} INFO - DAG(s) 'example_dag_decorator' retrieved from /home/chirag/airflow/lib/python3.12/site-packages/airflow/example_dags/example_dag_decorator.py
[2024-11-09T19:31:39.416+0000] {logging_mixin.py:190} INFO - [2024-11-09T19:31:39.415+0000] {dag.py:3239} INFO - Sync 1 DAGs
[2024-11-09T19:31:39.496+0000] {logging_mixin.py:190} INFO - [2024-11-09T19:31:39.495+0000] {dag.py:4180} INFO - Setting next_dagrun for example_dag_decorator to None, run_after=None
[2024-11-09T19:31:39.988+0000] {processor.py:208} INFO - Processing /home/chirag/airflow/lib/python3.12/site-packages/airflow/example_dags/example_dag_decorator.py took 1.544 seconds
[2024-11-09T19:33:17.967+0000] {processor.py:186} INFO - Started process (PID=1815) to work on /home/chirag/airflow/lib/python3.12/site-packages/airflow/example_dags/example_dag_decorator.py
[2024-11-09T19:33:17.971+0000] {processor.py:914} INFO - Processing file /home/chirag/airflow/lib/python3.12/site-packages/airflow/example_dags/example_dag_decorator.py for tasks to queue
[2024-11-09T19:33:17.975+0000] {logging_mixin.py:190} INFO - [2024-11-09T19:33:17.974+0000] {dagbag.py:588} INFO - Filling up the DagBag from /home/chirag/airflow/lib/python3.12/site-packages/airflow/example_dags/example_dag_decorator.py
[2024-11-09T19:33:18.000+0000] {processor.py:925} INFO - DAG(s) 'example_dag_decorator' retrieved from /home/chirag/airflow/lib/python3.12/site-packages/airflow/example_dags/example_dag_decorator.py
[2024-11-09T19:33:18.362+0000] {logging_mixin.py:190} INFO - [2024-11-09T19:33:18.362+0000] {dag.py:3239} INFO - Sync 1 DAGs
[2024-11-09T19:33:18.378+0000] {logging_mixin.py:190} INFO - [2024-11-09T19:33:18.378+0000] {dag.py:4180} INFO - Setting next_dagrun for example_dag_decorator to None, run_after=None
[2024-11-09T19:33:18.416+0000] {processor.py:208} INFO - Processing /home/chirag/airflow/lib/python3.12/site-packages/airflow/example_dags/example_dag_decorator.py took 0.462 seconds
[2024-11-09T19:34:37.025+0000] {processor.py:186} INFO - Started process (PID=2352) to work on /home/chirag/airflow/lib/python3.12/site-packages/airflow/example_dags/example_dag_decorator.py
[2024-11-09T19:34:37.030+0000] {processor.py:914} INFO - Processing file /home/chirag/airflow/lib/python3.12/site-packages/airflow/example_dags/example_dag_decorator.py for tasks to queue
[2024-11-09T19:34:37.035+0000] {logging_mixin.py:190} INFO - [2024-11-09T19:34:37.034+0000] {dagbag.py:588} INFO - Filling up the DagBag from /home/chirag/airflow/lib/python3.12/site-packages/airflow/example_dags/example_dag_decorator.py
[2024-11-09T19:34:37.061+0000] {processor.py:925} INFO - DAG(s) 'example_dag_decorator' retrieved from /home/chirag/airflow/lib/python3.12/site-packages/airflow/example_dags/example_dag_decorator.py
[2024-11-09T19:34:37.426+0000] {logging_mixin.py:190} INFO - [2024-11-09T19:34:37.426+0000] {dag.py:3239} INFO - Sync 1 DAGs
[2024-11-09T19:34:37.439+0000] {logging_mixin.py:190} INFO - [2024-11-09T19:34:37.439+0000] {dag.py:4180} INFO - Setting next_dagrun for example_dag_decorator to None, run_after=None
[2024-11-09T19:34:37.479+0000] {processor.py:208} INFO - Processing /home/chirag/airflow/lib/python3.12/site-packages/airflow/example_dags/example_dag_decorator.py took 0.468 seconds
[2024-11-09T19:36:07.733+0000] {processor.py:186} INFO - Started process (PID=2761) to work on /home/chirag/airflow/lib/python3.12/site-packages/airflow/example_dags/example_dag_decorator.py
[2024-11-09T19:36:07.739+0000] {processor.py:914} INFO - Processing file /home/chirag/airflow/lib/python3.12/site-packages/airflow/example_dags/example_dag_decorator.py for tasks to queue
[2024-11-09T19:36:07.748+0000] {logging_mixin.py:190} INFO - [2024-11-09T19:36:07.747+0000] {dagbag.py:588} INFO - Filling up the DagBag from /home/chirag/airflow/lib/python3.12/site-packages/airflow/example_dags/example_dag_decorator.py
[2024-11-09T19:36:07.778+0000] {processor.py:925} INFO - DAG(s) 'example_dag_decorator' retrieved from /home/chirag/airflow/lib/python3.12/site-packages/airflow/example_dags/example_dag_decorator.py
[2024-11-09T19:36:08.348+0000] {logging_mixin.py:190} INFO - [2024-11-09T19:36:08.347+0000] {dag.py:3239} INFO - Sync 1 DAGs
[2024-11-09T19:36:08.378+0000] {logging_mixin.py:190} INFO - [2024-11-09T19:36:08.377+0000] {dag.py:4180} INFO - Setting next_dagrun for example_dag_decorator to None, run_after=None
[2024-11-09T19:36:08.446+0000] {processor.py:208} INFO - Processing /home/chirag/airflow/lib/python3.12/site-packages/airflow/example_dags/example_dag_decorator.py took 0.737 seconds
[2024-11-09T19:37:20.447+0000] {processor.py:186} INFO - Started process (PID=2963) to work on /home/chirag/airflow/lib/python3.12/site-packages/airflow/example_dags/example_dag_decorator.py
[2024-11-09T19:37:20.451+0000] {processor.py:914} INFO - Processing file /home/chirag/airflow/lib/python3.12/site-packages/airflow/example_dags/example_dag_decorator.py for tasks to queue
[2024-11-09T19:37:20.455+0000] {logging_mixin.py:190} INFO - [2024-11-09T19:37:20.454+0000] {dagbag.py:588} INFO - Filling up the DagBag from /home/chirag/airflow/lib/python3.12/site-packages/airflow/example_dags/example_dag_decorator.py
[2024-11-09T19:37:20.475+0000] {processor.py:925} INFO - DAG(s) 'example_dag_decorator' retrieved from /home/chirag/airflow/lib/python3.12/site-packages/airflow/example_dags/example_dag_decorator.py
[2024-11-09T19:37:20.730+0000] {logging_mixin.py:190} INFO - [2024-11-09T19:37:20.729+0000] {dag.py:3239} INFO - Sync 1 DAGs
[2024-11-09T19:37:20.747+0000] {logging_mixin.py:190} INFO - [2024-11-09T19:37:20.747+0000] {dag.py:4180} INFO - Setting next_dagrun for example_dag_decorator to None, run_after=None
[2024-11-09T19:37:20.780+0000] {processor.py:208} INFO - Processing /home/chirag/airflow/lib/python3.12/site-packages/airflow/example_dags/example_dag_decorator.py took 0.341 seconds
[2024-11-09T19:38:31.904+0000] {processor.py:186} INFO - Started process (PID=3310) to work on /home/chirag/airflow/lib/python3.12/site-packages/airflow/example_dags/example_dag_decorator.py
[2024-11-09T19:38:31.914+0000] {processor.py:914} INFO - Processing file /home/chirag/airflow/lib/python3.12/site-packages/airflow/example_dags/example_dag_decorator.py for tasks to queue
[2024-11-09T19:38:31.922+0000] {logging_mixin.py:190} INFO - [2024-11-09T19:38:31.919+0000] {dagbag.py:588} INFO - Filling up the DagBag from /home/chirag/airflow/lib/python3.12/site-packages/airflow/example_dags/example_dag_decorator.py
[2024-11-09T19:38:31.957+0000] {processor.py:925} INFO - DAG(s) 'example_dag_decorator' retrieved from /home/chirag/airflow/lib/python3.12/site-packages/airflow/example_dags/example_dag_decorator.py
[2024-11-09T19:38:32.219+0000] {logging_mixin.py:190} INFO - [2024-11-09T19:38:32.219+0000] {dag.py:3239} INFO - Sync 1 DAGs
[2024-11-09T19:38:32.244+0000] {logging_mixin.py:190} INFO - [2024-11-09T19:38:32.243+0000] {dag.py:4180} INFO - Setting next_dagrun for example_dag_decorator to None, run_after=None
[2024-11-09T19:38:32.292+0000] {processor.py:208} INFO - Processing /home/chirag/airflow/lib/python3.12/site-packages/airflow/example_dags/example_dag_decorator.py took 0.409 seconds
[2024-11-09T19:39:57.853+0000] {processor.py:186} INFO - Started process (PID=3578) to work on /home/chirag/airflow/lib/python3.12/site-packages/airflow/example_dags/example_dag_decorator.py
[2024-11-09T19:39:57.863+0000] {processor.py:914} INFO - Processing file /home/chirag/airflow/lib/python3.12/site-packages/airflow/example_dags/example_dag_decorator.py for tasks to queue
[2024-11-09T19:39:57.866+0000] {logging_mixin.py:190} INFO - [2024-11-09T19:39:57.865+0000] {dagbag.py:588} INFO - Filling up the DagBag from /home/chirag/airflow/lib/python3.12/site-packages/airflow/example_dags/example_dag_decorator.py
[2024-11-09T19:39:57.884+0000] {processor.py:925} INFO - DAG(s) 'example_dag_decorator' retrieved from /home/chirag/airflow/lib/python3.12/site-packages/airflow/example_dags/example_dag_decorator.py
[2024-11-09T19:39:58.089+0000] {logging_mixin.py:190} INFO - [2024-11-09T19:39:58.088+0000] {dag.py:3239} INFO - Sync 1 DAGs
[2024-11-09T19:39:58.121+0000] {logging_mixin.py:190} INFO - [2024-11-09T19:39:58.120+0000] {dag.py:4180} INFO - Setting next_dagrun for example_dag_decorator to None, run_after=None
[2024-11-09T19:39:58.181+0000] {processor.py:208} INFO - Processing /home/chirag/airflow/lib/python3.12/site-packages/airflow/example_dags/example_dag_decorator.py took 0.336 seconds
[2024-11-09T19:41:11.629+0000] {processor.py:186} INFO - Started process (PID=3787) to work on /home/chirag/airflow/lib/python3.12/site-packages/airflow/example_dags/example_dag_decorator.py
[2024-11-09T19:41:11.633+0000] {processor.py:914} INFO - Processing file /home/chirag/airflow/lib/python3.12/site-packages/airflow/example_dags/example_dag_decorator.py for tasks to queue
[2024-11-09T19:41:11.636+0000] {logging_mixin.py:190} INFO - [2024-11-09T19:41:11.636+0000] {dagbag.py:588} INFO - Filling up the DagBag from /home/chirag/airflow/lib/python3.12/site-packages/airflow/example_dags/example_dag_decorator.py
[2024-11-09T19:41:11.655+0000] {processor.py:925} INFO - DAG(s) 'example_dag_decorator' retrieved from /home/chirag/airflow/lib/python3.12/site-packages/airflow/example_dags/example_dag_decorator.py
[2024-11-09T19:41:11.866+0000] {logging_mixin.py:190} INFO - [2024-11-09T19:41:11.855+0000] {dag.py:3239} INFO - Sync 1 DAGs
[2024-11-09T19:41:11.919+0000] {logging_mixin.py:190} INFO - [2024-11-09T19:41:11.919+0000] {dag.py:4180} INFO - Setting next_dagrun for example_dag_decorator to None, run_after=None
[2024-11-09T19:41:11.954+0000] {processor.py:208} INFO - Processing /home/chirag/airflow/lib/python3.12/site-packages/airflow/example_dags/example_dag_decorator.py took 0.333 seconds
[2024-11-09T19:42:26.329+0000] {processor.py:186} INFO - Started process (PID=3996) to work on /home/chirag/airflow/lib/python3.12/site-packages/airflow/example_dags/example_dag_decorator.py
[2024-11-09T19:42:26.333+0000] {processor.py:914} INFO - Processing file /home/chirag/airflow/lib/python3.12/site-packages/airflow/example_dags/example_dag_decorator.py for tasks to queue
[2024-11-09T19:42:26.336+0000] {logging_mixin.py:190} INFO - [2024-11-09T19:42:26.335+0000] {dagbag.py:588} INFO - Filling up the DagBag from /home/chirag/airflow/lib/python3.12/site-packages/airflow/example_dags/example_dag_decorator.py
[2024-11-09T19:42:26.354+0000] {processor.py:925} INFO - DAG(s) 'example_dag_decorator' retrieved from /home/chirag/airflow/lib/python3.12/site-packages/airflow/example_dags/example_dag_decorator.py
[2024-11-09T19:42:26.509+0000] {logging_mixin.py:190} INFO - [2024-11-09T19:42:26.509+0000] {dag.py:3239} INFO - Sync 1 DAGs
[2024-11-09T19:42:26.523+0000] {logging_mixin.py:190} INFO - [2024-11-09T19:42:26.523+0000] {dag.py:4180} INFO - Setting next_dagrun for example_dag_decorator to None, run_after=None
[2024-11-09T19:42:26.561+0000] {processor.py:208} INFO - Processing /home/chirag/airflow/lib/python3.12/site-packages/airflow/example_dags/example_dag_decorator.py took 0.240 seconds
[2024-11-09T19:43:47.583+0000] {processor.py:186} INFO - Started process (PID=4229) to work on /home/chirag/airflow/lib/python3.12/site-packages/airflow/example_dags/example_dag_decorator.py
[2024-11-09T19:43:47.586+0000] {processor.py:914} INFO - Processing file /home/chirag/airflow/lib/python3.12/site-packages/airflow/example_dags/example_dag_decorator.py for tasks to queue
[2024-11-09T19:43:47.591+0000] {logging_mixin.py:190} INFO - [2024-11-09T19:43:47.590+0000] {dagbag.py:588} INFO - Filling up the DagBag from /home/chirag/airflow/lib/python3.12/site-packages/airflow/example_dags/example_dag_decorator.py
[2024-11-09T19:43:47.611+0000] {processor.py:925} INFO - DAG(s) 'example_dag_decorator' retrieved from /home/chirag/airflow/lib/python3.12/site-packages/airflow/example_dags/example_dag_decorator.py
[2024-11-09T19:43:47.780+0000] {logging_mixin.py:190} INFO - [2024-11-09T19:43:47.779+0000] {dag.py:3239} INFO - Sync 1 DAGs
[2024-11-09T19:43:47.799+0000] {logging_mixin.py:190} INFO - [2024-11-09T19:43:47.798+0000] {dag.py:4180} INFO - Setting next_dagrun for example_dag_decorator to None, run_after=None
[2024-11-09T19:43:47.850+0000] {processor.py:208} INFO - Processing /home/chirag/airflow/lib/python3.12/site-packages/airflow/example_dags/example_dag_decorator.py took 0.278 seconds
[2024-11-09T19:44:56.957+0000] {processor.py:186} INFO - Started process (PID=4431) to work on /home/chirag/airflow/lib/python3.12/site-packages/airflow/example_dags/example_dag_decorator.py
[2024-11-09T19:44:56.961+0000] {processor.py:914} INFO - Processing file /home/chirag/airflow/lib/python3.12/site-packages/airflow/example_dags/example_dag_decorator.py for tasks to queue
[2024-11-09T19:44:56.964+0000] {logging_mixin.py:190} INFO - [2024-11-09T19:44:56.963+0000] {dagbag.py:588} INFO - Filling up the DagBag from /home/chirag/airflow/lib/python3.12/site-packages/airflow/example_dags/example_dag_decorator.py
[2024-11-09T19:44:56.984+0000] {processor.py:925} INFO - DAG(s) 'example_dag_decorator' retrieved from /home/chirag/airflow/lib/python3.12/site-packages/airflow/example_dags/example_dag_decorator.py
[2024-11-09T19:44:57.136+0000] {logging_mixin.py:190} INFO - [2024-11-09T19:44:57.136+0000] {dag.py:3239} INFO - Sync 1 DAGs
[2024-11-09T19:44:57.150+0000] {logging_mixin.py:190} INFO - [2024-11-09T19:44:57.150+0000] {dag.py:4180} INFO - Setting next_dagrun for example_dag_decorator to None, run_after=None
[2024-11-09T19:44:57.188+0000] {processor.py:208} INFO - Processing /home/chirag/airflow/lib/python3.12/site-packages/airflow/example_dags/example_dag_decorator.py took 0.238 seconds
[2024-11-09T19:46:43.819+0000] {processor.py:186} INFO - Started process (PID=4741) to work on /home/chirag/airflow/lib/python3.12/site-packages/airflow/example_dags/example_dag_decorator.py
[2024-11-09T19:46:43.821+0000] {processor.py:914} INFO - Processing file /home/chirag/airflow/lib/python3.12/site-packages/airflow/example_dags/example_dag_decorator.py for tasks to queue
[2024-11-09T19:46:43.824+0000] {logging_mixin.py:190} INFO - [2024-11-09T19:46:43.824+0000] {dagbag.py:588} INFO - Filling up the DagBag from /home/chirag/airflow/lib/python3.12/site-packages/airflow/example_dags/example_dag_decorator.py
[2024-11-09T19:46:43.845+0000] {processor.py:925} INFO - DAG(s) 'example_dag_decorator' retrieved from /home/chirag/airflow/lib/python3.12/site-packages/airflow/example_dags/example_dag_decorator.py
[2024-11-09T19:46:44.583+0000] {logging_mixin.py:190} INFO - [2024-11-09T19:46:44.583+0000] {dag.py:3239} INFO - Sync 1 DAGs
[2024-11-09T19:46:44.601+0000] {logging_mixin.py:190} INFO - [2024-11-09T19:46:44.601+0000] {dag.py:4180} INFO - Setting next_dagrun for example_dag_decorator to None, run_after=None
[2024-11-09T19:46:44.884+0000] {processor.py:208} INFO - Processing /home/chirag/airflow/lib/python3.12/site-packages/airflow/example_dags/example_dag_decorator.py took 0.541 seconds
[2024-11-09T19:47:58.805+0000] {processor.py:186} INFO - Started process (PID=4991) to work on /home/chirag/airflow/lib/python3.12/site-packages/airflow/example_dags/example_dag_decorator.py
[2024-11-09T19:47:58.808+0000] {processor.py:914} INFO - Processing file /home/chirag/airflow/lib/python3.12/site-packages/airflow/example_dags/example_dag_decorator.py for tasks to queue
[2024-11-09T19:47:58.812+0000] {logging_mixin.py:190} INFO - [2024-11-09T19:47:58.811+0000] {dagbag.py:588} INFO - Filling up the DagBag from /home/chirag/airflow/lib/python3.12/site-packages/airflow/example_dags/example_dag_decorator.py
[2024-11-09T19:47:58.830+0000] {processor.py:925} INFO - DAG(s) 'example_dag_decorator' retrieved from /home/chirag/airflow/lib/python3.12/site-packages/airflow/example_dags/example_dag_decorator.py
[2024-11-09T19:47:58.980+0000] {logging_mixin.py:190} INFO - [2024-11-09T19:47:58.979+0000] {dag.py:3239} INFO - Sync 1 DAGs
[2024-11-09T19:47:58.994+0000] {logging_mixin.py:190} INFO - [2024-11-09T19:47:58.994+0000] {dag.py:4180} INFO - Setting next_dagrun for example_dag_decorator to None, run_after=None
[2024-11-09T19:47:59.033+0000] {processor.py:208} INFO - Processing /home/chirag/airflow/lib/python3.12/site-packages/airflow/example_dags/example_dag_decorator.py took 0.237 seconds
[2024-11-09T19:49:12.923+0000] {processor.py:186} INFO - Started process (PID=5210) to work on /home/chirag/airflow/lib/python3.12/site-packages/airflow/example_dags/example_dag_decorator.py
[2024-11-09T19:49:12.926+0000] {processor.py:914} INFO - Processing file /home/chirag/airflow/lib/python3.12/site-packages/airflow/example_dags/example_dag_decorator.py for tasks to queue
[2024-11-09T19:49:12.930+0000] {logging_mixin.py:190} INFO - [2024-11-09T19:49:12.929+0000] {dagbag.py:588} INFO - Filling up the DagBag from /home/chirag/airflow/lib/python3.12/site-packages/airflow/example_dags/example_dag_decorator.py
[2024-11-09T19:49:12.957+0000] {processor.py:925} INFO - DAG(s) 'example_dag_decorator' retrieved from /home/chirag/airflow/lib/python3.12/site-packages/airflow/example_dags/example_dag_decorator.py
[2024-11-09T19:49:13.139+0000] {logging_mixin.py:190} INFO - [2024-11-09T19:49:13.139+0000] {dag.py:3239} INFO - Sync 1 DAGs
[2024-11-09T19:49:13.156+0000] {logging_mixin.py:190} INFO - [2024-11-09T19:49:13.156+0000] {dag.py:4180} INFO - Setting next_dagrun for example_dag_decorator to None, run_after=None
[2024-11-09T19:49:13.194+0000] {processor.py:208} INFO - Processing /home/chirag/airflow/lib/python3.12/site-packages/airflow/example_dags/example_dag_decorator.py took 0.284 seconds
[2024-11-09T19:50:23.594+0000] {processor.py:186} INFO - Started process (PID=5588) to work on /home/chirag/airflow/lib/python3.12/site-packages/airflow/example_dags/example_dag_decorator.py
[2024-11-09T19:50:23.597+0000] {processor.py:914} INFO - Processing file /home/chirag/airflow/lib/python3.12/site-packages/airflow/example_dags/example_dag_decorator.py for tasks to queue
[2024-11-09T19:50:23.609+0000] {logging_mixin.py:190} INFO - [2024-11-09T19:50:23.605+0000] {dagbag.py:588} INFO - Filling up the DagBag from /home/chirag/airflow/lib/python3.12/site-packages/airflow/example_dags/example_dag_decorator.py
[2024-11-09T19:50:23.662+0000] {processor.py:925} INFO - DAG(s) 'example_dag_decorator' retrieved from /home/chirag/airflow/lib/python3.12/site-packages/airflow/example_dags/example_dag_decorator.py
[2024-11-09T19:50:23.876+0000] {logging_mixin.py:190} INFO - [2024-11-09T19:50:23.875+0000] {dag.py:3239} INFO - Sync 1 DAGs
[2024-11-09T19:50:23.891+0000] {logging_mixin.py:190} INFO - [2024-11-09T19:50:23.891+0000] {dag.py:4180} INFO - Setting next_dagrun for example_dag_decorator to None, run_after=None
[2024-11-09T19:50:23.926+0000] {processor.py:208} INFO - Processing /home/chirag/airflow/lib/python3.12/site-packages/airflow/example_dags/example_dag_decorator.py took 0.364 seconds
[2024-11-09T19:51:37.607+0000] {processor.py:186} INFO - Started process (PID=6209) to work on /home/chirag/airflow/lib/python3.12/site-packages/airflow/example_dags/example_dag_decorator.py
[2024-11-09T19:51:37.611+0000] {processor.py:914} INFO - Processing file /home/chirag/airflow/lib/python3.12/site-packages/airflow/example_dags/example_dag_decorator.py for tasks to queue
[2024-11-09T19:51:37.614+0000] {logging_mixin.py:190} INFO - [2024-11-09T19:51:37.613+0000] {dagbag.py:588} INFO - Filling up the DagBag from /home/chirag/airflow/lib/python3.12/site-packages/airflow/example_dags/example_dag_decorator.py
[2024-11-09T19:51:37.632+0000] {processor.py:925} INFO - DAG(s) 'example_dag_decorator' retrieved from /home/chirag/airflow/lib/python3.12/site-packages/airflow/example_dags/example_dag_decorator.py
[2024-11-09T19:51:37.659+0000] {logging_mixin.py:190} INFO - [2024-11-09T19:51:37.659+0000] {dag.py:3239} INFO - Sync 1 DAGs
[2024-11-09T19:51:37.677+0000] {logging_mixin.py:190} INFO - [2024-11-09T19:51:37.677+0000] {dag.py:4180} INFO - Setting next_dagrun for example_dag_decorator to None, run_after=None
[2024-11-09T19:51:37.714+0000] {processor.py:208} INFO - Processing /home/chirag/airflow/lib/python3.12/site-packages/airflow/example_dags/example_dag_decorator.py took 0.115 seconds
[2024-11-09T19:53:25.617+0000] {processor.py:186} INFO - Started process (PID=6708) to work on /home/chirag/airflow/lib/python3.12/site-packages/airflow/example_dags/example_dag_decorator.py
[2024-11-09T19:53:25.625+0000] {processor.py:914} INFO - Processing file /home/chirag/airflow/lib/python3.12/site-packages/airflow/example_dags/example_dag_decorator.py for tasks to queue
[2024-11-09T19:53:25.628+0000] {logging_mixin.py:190} INFO - [2024-11-09T19:53:25.628+0000] {dagbag.py:588} INFO - Filling up the DagBag from /home/chirag/airflow/lib/python3.12/site-packages/airflow/example_dags/example_dag_decorator.py
[2024-11-09T19:53:25.646+0000] {processor.py:925} INFO - DAG(s) 'example_dag_decorator' retrieved from /home/chirag/airflow/lib/python3.12/site-packages/airflow/example_dags/example_dag_decorator.py
[2024-11-09T19:53:25.673+0000] {logging_mixin.py:190} INFO - [2024-11-09T19:53:25.673+0000] {dag.py:3239} INFO - Sync 1 DAGs
[2024-11-09T19:53:25.692+0000] {logging_mixin.py:190} INFO - [2024-11-09T19:53:25.691+0000] {dag.py:4180} INFO - Setting next_dagrun for example_dag_decorator to None, run_after=None
[2024-11-09T19:53:25.735+0000] {processor.py:208} INFO - Processing /home/chirag/airflow/lib/python3.12/site-packages/airflow/example_dags/example_dag_decorator.py took 0.126 seconds
[2024-11-09T19:54:40.665+0000] {processor.py:186} INFO - Started process (PID=7285) to work on /home/chirag/airflow/lib/python3.12/site-packages/airflow/example_dags/example_dag_decorator.py
[2024-11-09T19:54:40.668+0000] {processor.py:914} INFO - Processing file /home/chirag/airflow/lib/python3.12/site-packages/airflow/example_dags/example_dag_decorator.py for tasks to queue
[2024-11-09T19:54:40.672+0000] {logging_mixin.py:190} INFO - [2024-11-09T19:54:40.671+0000] {dagbag.py:588} INFO - Filling up the DagBag from /home/chirag/airflow/lib/python3.12/site-packages/airflow/example_dags/example_dag_decorator.py
[2024-11-09T19:54:40.690+0000] {processor.py:925} INFO - DAG(s) 'example_dag_decorator' retrieved from /home/chirag/airflow/lib/python3.12/site-packages/airflow/example_dags/example_dag_decorator.py
[2024-11-09T19:54:40.839+0000] {logging_mixin.py:190} INFO - [2024-11-09T19:54:40.839+0000] {dag.py:3239} INFO - Sync 1 DAGs
[2024-11-09T19:54:40.854+0000] {logging_mixin.py:190} INFO - [2024-11-09T19:54:40.853+0000] {dag.py:4180} INFO - Setting next_dagrun for example_dag_decorator to None, run_after=None
[2024-11-09T19:54:40.890+0000] {processor.py:208} INFO - Processing /home/chirag/airflow/lib/python3.12/site-packages/airflow/example_dags/example_dag_decorator.py took 0.233 seconds
[2024-11-09T19:56:01.210+0000] {processor.py:186} INFO - Started process (PID=7872) to work on /home/chirag/airflow/lib/python3.12/site-packages/airflow/example_dags/example_dag_decorator.py
[2024-11-09T19:56:01.214+0000] {processor.py:914} INFO - Processing file /home/chirag/airflow/lib/python3.12/site-packages/airflow/example_dags/example_dag_decorator.py for tasks to queue
[2024-11-09T19:56:01.219+0000] {logging_mixin.py:190} INFO - [2024-11-09T19:56:01.218+0000] {dagbag.py:588} INFO - Filling up the DagBag from /home/chirag/airflow/lib/python3.12/site-packages/airflow/example_dags/example_dag_decorator.py
[2024-11-09T19:56:01.297+0000] {processor.py:925} INFO - DAG(s) 'example_dag_decorator' retrieved from /home/chirag/airflow/lib/python3.12/site-packages/airflow/example_dags/example_dag_decorator.py
[2024-11-09T19:56:01.480+0000] {logging_mixin.py:190} INFO - [2024-11-09T19:56:01.480+0000] {dag.py:3239} INFO - Sync 1 DAGs
[2024-11-09T19:56:01.498+0000] {logging_mixin.py:190} INFO - [2024-11-09T19:56:01.498+0000] {dag.py:4180} INFO - Setting next_dagrun for example_dag_decorator to None, run_after=None
[2024-11-09T19:56:01.547+0000] {processor.py:208} INFO - Processing /home/chirag/airflow/lib/python3.12/site-packages/airflow/example_dags/example_dag_decorator.py took 0.356 seconds
[2024-11-09T19:58:04.908+0000] {processor.py:186} INFO - Started process (PID=8321) to work on /home/chirag/airflow/lib/python3.12/site-packages/airflow/example_dags/example_dag_decorator.py
[2024-11-09T19:58:04.911+0000] {processor.py:914} INFO - Processing file /home/chirag/airflow/lib/python3.12/site-packages/airflow/example_dags/example_dag_decorator.py for tasks to queue
[2024-11-09T19:58:04.916+0000] {logging_mixin.py:190} INFO - [2024-11-09T19:58:04.915+0000] {dagbag.py:588} INFO - Filling up the DagBag from /home/chirag/airflow/lib/python3.12/site-packages/airflow/example_dags/example_dag_decorator.py
[2024-11-09T19:58:04.938+0000] {processor.py:925} INFO - DAG(s) 'example_dag_decorator' retrieved from /home/chirag/airflow/lib/python3.12/site-packages/airflow/example_dags/example_dag_decorator.py
[2024-11-09T19:58:05.102+0000] {logging_mixin.py:190} INFO - [2024-11-09T19:58:05.102+0000] {dag.py:3239} INFO - Sync 1 DAGs
[2024-11-09T19:58:05.120+0000] {logging_mixin.py:190} INFO - [2024-11-09T19:58:05.119+0000] {dag.py:4180} INFO - Setting next_dagrun for example_dag_decorator to None, run_after=None
[2024-11-09T19:58:05.157+0000] {processor.py:208} INFO - Processing /home/chirag/airflow/lib/python3.12/site-packages/airflow/example_dags/example_dag_decorator.py took 0.260 seconds
[2024-11-09T20:22:39.667+0000] {processor.py:186} INFO - Started process (PID=12680) to work on /home/chirag/airflow/lib/python3.12/site-packages/airflow/example_dags/example_dag_decorator.py
[2024-11-09T20:22:39.671+0000] {processor.py:914} INFO - Processing file /home/chirag/airflow/lib/python3.12/site-packages/airflow/example_dags/example_dag_decorator.py for tasks to queue
[2024-11-09T20:22:39.674+0000] {logging_mixin.py:190} INFO - [2024-11-09T20:22:39.673+0000] {dagbag.py:588} INFO - Filling up the DagBag from /home/chirag/airflow/lib/python3.12/site-packages/airflow/example_dags/example_dag_decorator.py
[2024-11-09T20:22:39.693+0000] {processor.py:925} INFO - DAG(s) 'example_dag_decorator' retrieved from /home/chirag/airflow/lib/python3.12/site-packages/airflow/example_dags/example_dag_decorator.py
[2024-11-09T20:22:39.965+0000] {logging_mixin.py:190} INFO - [2024-11-09T20:22:39.965+0000] {dag.py:3239} INFO - Sync 1 DAGs
[2024-11-09T20:22:39.987+0000] {logging_mixin.py:190} INFO - [2024-11-09T20:22:39.986+0000] {dag.py:4180} INFO - Setting next_dagrun for example_dag_decorator to None, run_after=None
[2024-11-09T20:22:40.047+0000] {processor.py:208} INFO - Processing /home/chirag/airflow/lib/python3.12/site-packages/airflow/example_dags/example_dag_decorator.py took 0.387 seconds
[2024-11-09T20:23:47.756+0000] {processor.py:186} INFO - Started process (PID=12878) to work on /home/chirag/airflow/lib/python3.12/site-packages/airflow/example_dags/example_dag_decorator.py
[2024-11-09T20:23:47.760+0000] {processor.py:914} INFO - Processing file /home/chirag/airflow/lib/python3.12/site-packages/airflow/example_dags/example_dag_decorator.py for tasks to queue
[2024-11-09T20:23:47.765+0000] {logging_mixin.py:190} INFO - [2024-11-09T20:23:47.764+0000] {dagbag.py:588} INFO - Filling up the DagBag from /home/chirag/airflow/lib/python3.12/site-packages/airflow/example_dags/example_dag_decorator.py
[2024-11-09T20:23:47.799+0000] {processor.py:925} INFO - DAG(s) 'example_dag_decorator' retrieved from /home/chirag/airflow/lib/python3.12/site-packages/airflow/example_dags/example_dag_decorator.py
[2024-11-09T20:23:48.131+0000] {logging_mixin.py:190} INFO - [2024-11-09T20:23:48.130+0000] {dag.py:3239} INFO - Sync 1 DAGs
[2024-11-09T20:23:48.161+0000] {logging_mixin.py:190} INFO - [2024-11-09T20:23:48.161+0000] {dag.py:4180} INFO - Setting next_dagrun for example_dag_decorator to None, run_after=None
[2024-11-09T20:23:48.202+0000] {processor.py:208} INFO - Processing /home/chirag/airflow/lib/python3.12/site-packages/airflow/example_dags/example_dag_decorator.py took 0.460 seconds
[2024-11-09T20:25:00.184+0000] {processor.py:186} INFO - Started process (PID=13086) to work on /home/chirag/airflow/lib/python3.12/site-packages/airflow/example_dags/example_dag_decorator.py
[2024-11-09T20:25:00.187+0000] {processor.py:914} INFO - Processing file /home/chirag/airflow/lib/python3.12/site-packages/airflow/example_dags/example_dag_decorator.py for tasks to queue
[2024-11-09T20:25:00.190+0000] {logging_mixin.py:190} INFO - [2024-11-09T20:25:00.189+0000] {dagbag.py:588} INFO - Filling up the DagBag from /home/chirag/airflow/lib/python3.12/site-packages/airflow/example_dags/example_dag_decorator.py
[2024-11-09T20:25:00.207+0000] {processor.py:925} INFO - DAG(s) 'example_dag_decorator' retrieved from /home/chirag/airflow/lib/python3.12/site-packages/airflow/example_dags/example_dag_decorator.py
[2024-11-09T20:25:00.403+0000] {logging_mixin.py:190} INFO - [2024-11-09T20:25:00.402+0000] {dag.py:3239} INFO - Sync 1 DAGs
[2024-11-09T20:25:00.423+0000] {logging_mixin.py:190} INFO - [2024-11-09T20:25:00.423+0000] {dag.py:4180} INFO - Setting next_dagrun for example_dag_decorator to None, run_after=None
[2024-11-09T20:25:00.507+0000] {processor.py:208} INFO - Processing /home/chirag/airflow/lib/python3.12/site-packages/airflow/example_dags/example_dag_decorator.py took 0.331 seconds
[2024-11-09T20:26:37.167+0000] {processor.py:186} INFO - Started process (PID=13638) to work on /home/chirag/airflow/lib/python3.12/site-packages/airflow/example_dags/example_dag_decorator.py
[2024-11-09T20:26:37.170+0000] {processor.py:914} INFO - Processing file /home/chirag/airflow/lib/python3.12/site-packages/airflow/example_dags/example_dag_decorator.py for tasks to queue
[2024-11-09T20:26:37.173+0000] {logging_mixin.py:190} INFO - [2024-11-09T20:26:37.172+0000] {dagbag.py:588} INFO - Filling up the DagBag from /home/chirag/airflow/lib/python3.12/site-packages/airflow/example_dags/example_dag_decorator.py
[2024-11-09T20:26:37.190+0000] {processor.py:925} INFO - DAG(s) 'example_dag_decorator' retrieved from /home/chirag/airflow/lib/python3.12/site-packages/airflow/example_dags/example_dag_decorator.py
[2024-11-09T20:26:37.337+0000] {logging_mixin.py:190} INFO - [2024-11-09T20:26:37.337+0000] {dag.py:3239} INFO - Sync 1 DAGs
[2024-11-09T20:26:37.354+0000] {logging_mixin.py:190} INFO - [2024-11-09T20:26:37.353+0000] {dag.py:4180} INFO - Setting next_dagrun for example_dag_decorator to None, run_after=None
[2024-11-09T20:26:37.542+0000] {processor.py:208} INFO - Processing /home/chirag/airflow/lib/python3.12/site-packages/airflow/example_dags/example_dag_decorator.py took 0.383 seconds
[2024-11-09T20:28:16.967+0000] {processor.py:186} INFO - Started process (PID=14058) to work on /home/chirag/airflow/lib/python3.12/site-packages/airflow/example_dags/example_dag_decorator.py
[2024-11-09T20:28:16.970+0000] {processor.py:914} INFO - Processing file /home/chirag/airflow/lib/python3.12/site-packages/airflow/example_dags/example_dag_decorator.py for tasks to queue
[2024-11-09T20:28:16.973+0000] {logging_mixin.py:190} INFO - [2024-11-09T20:28:16.973+0000] {dagbag.py:588} INFO - Filling up the DagBag from /home/chirag/airflow/lib/python3.12/site-packages/airflow/example_dags/example_dag_decorator.py
[2024-11-09T20:28:16.991+0000] {processor.py:925} INFO - DAG(s) 'example_dag_decorator' retrieved from /home/chirag/airflow/lib/python3.12/site-packages/airflow/example_dags/example_dag_decorator.py
[2024-11-09T20:28:17.275+0000] {logging_mixin.py:190} INFO - [2024-11-09T20:28:17.275+0000] {dag.py:3239} INFO - Sync 1 DAGs
[2024-11-09T20:28:17.289+0000] {logging_mixin.py:190} INFO - [2024-11-09T20:28:17.288+0000] {dag.py:4180} INFO - Setting next_dagrun for example_dag_decorator to None, run_after=None
[2024-11-09T20:28:17.322+0000] {processor.py:208} INFO - Processing /home/chirag/airflow/lib/python3.12/site-packages/airflow/example_dags/example_dag_decorator.py took 0.364 seconds
