[2024-11-09T19:15:59.096+0000] {processor.py:186} INFO - Started process (PID=94555) to work on /home/chirag/airflow/lib/python3.12/site-packages/airflow/example_dags/example_xcomargs.py
[2024-11-09T19:15:59.098+0000] {processor.py:914} INFO - Processing file /home/chirag/airflow/lib/python3.12/site-packages/airflow/example_dags/example_xcomargs.py for tasks to queue
[2024-11-09T19:15:59.112+0000] {logging_mixin.py:190} INFO - [2024-11-09T19:15:59.111+0000] {dagbag.py:588} INFO - Filling up the DagBag from /home/chirag/airflow/lib/python3.12/site-packages/airflow/example_dags/example_xcomargs.py
[2024-11-09T19:15:59.179+0000] {processor.py:925} INFO - DAG(s) 'example_xcom_args_with_operators', 'example_xcom_args' retrieved from /home/chirag/airflow/lib/python3.12/site-packages/airflow/example_dags/example_xcomargs.py
[2024-11-09T19:16:00.699+0000] {logging_mixin.py:190} INFO - [2024-11-09T19:16:00.697+0000] {override.py:1911} INFO - Created Permission View: can delete on DAG:example_xcom_args_with_operators
[2024-11-09T19:16:00.838+0000] {logging_mixin.py:190} INFO - [2024-11-09T19:16:00.837+0000] {override.py:1911} INFO - Created Permission View: can read on DAG:example_xcom_args_with_operators
[2024-11-09T19:16:00.860+0000] {logging_mixin.py:190} INFO - [2024-11-09T19:16:00.860+0000] {override.py:1911} INFO - Created Permission View: can edit on DAG:example_xcom_args_with_operators
[2024-11-09T19:16:00.951+0000] {logging_mixin.py:190} INFO - [2024-11-09T19:16:00.950+0000] {override.py:1911} INFO - Created Permission View: menu access on DAG Run:example_xcom_args_with_operators
[2024-11-09T19:16:00.979+0000] {logging_mixin.py:190} INFO - [2024-11-09T19:16:00.979+0000] {override.py:1911} INFO - Created Permission View: can delete on DAG Run:example_xcom_args_with_operators
[2024-11-09T19:16:01.013+0000] {logging_mixin.py:190} INFO - [2024-11-09T19:16:01.012+0000] {override.py:1911} INFO - Created Permission View: can read on DAG Run:example_xcom_args_with_operators
[2024-11-09T19:16:01.037+0000] {logging_mixin.py:190} INFO - [2024-11-09T19:16:01.036+0000] {override.py:1911} INFO - Created Permission View: can create on DAG Run:example_xcom_args_with_operators
[2024-11-09T19:16:01.104+0000] {logging_mixin.py:190} INFO - [2024-11-09T19:16:01.103+0000] {override.py:1911} INFO - Created Permission View: can delete on DAG:example_xcom_args
[2024-11-09T19:16:01.120+0000] {logging_mixin.py:190} INFO - [2024-11-09T19:16:01.119+0000] {override.py:1911} INFO - Created Permission View: can read on DAG:example_xcom_args
[2024-11-09T19:16:01.137+0000] {logging_mixin.py:190} INFO - [2024-11-09T19:16:01.136+0000] {override.py:1911} INFO - Created Permission View: can edit on DAG:example_xcom_args
[2024-11-09T19:16:01.163+0000] {logging_mixin.py:190} INFO - [2024-11-09T19:16:01.162+0000] {override.py:1911} INFO - Created Permission View: menu access on DAG Run:example_xcom_args
[2024-11-09T19:16:01.177+0000] {logging_mixin.py:190} INFO - [2024-11-09T19:16:01.177+0000] {override.py:1911} INFO - Created Permission View: can delete on DAG Run:example_xcom_args
[2024-11-09T19:16:01.201+0000] {logging_mixin.py:190} INFO - [2024-11-09T19:16:01.200+0000] {override.py:1911} INFO - Created Permission View: can read on DAG Run:example_xcom_args
[2024-11-09T19:16:01.225+0000] {logging_mixin.py:190} INFO - [2024-11-09T19:16:01.224+0000] {override.py:1911} INFO - Created Permission View: can create on DAG Run:example_xcom_args
[2024-11-09T19:16:01.226+0000] {logging_mixin.py:190} INFO - [2024-11-09T19:16:01.225+0000] {dag.py:3239} INFO - Sync 2 DAGs
[2024-11-09T19:16:01.270+0000] {logging_mixin.py:190} INFO - [2024-11-09T19:16:01.270+0000] {dag.py:3262} INFO - Creating ORM DAG for example_xcom_args_with_operators
[2024-11-09T19:16:01.272+0000] {logging_mixin.py:190} INFO - [2024-11-09T19:16:01.272+0000] {dag.py:3262} INFO - Creating ORM DAG for example_xcom_args
[2024-11-09T19:16:01.275+0000] {logging_mixin.py:190} INFO - [2024-11-09T19:16:01.274+0000] {dag.py:4180} INFO - Setting next_dagrun for example_xcom_args to None, run_after=None
[2024-11-09T19:16:01.284+0000] {logging_mixin.py:190} INFO - [2024-11-09T19:16:01.283+0000] {dag.py:4180} INFO - Setting next_dagrun for example_xcom_args_with_operators to None, run_after=None
[2024-11-09T19:16:01.387+0000] {processor.py:208} INFO - Processing /home/chirag/airflow/lib/python3.12/site-packages/airflow/example_dags/example_xcomargs.py took 2.329 seconds
[2024-11-09T19:17:58.989+0000] {processor.py:186} INFO - Started process (PID=94786) to work on /home/chirag/airflow/lib/python3.12/site-packages/airflow/example_dags/example_xcomargs.py
[2024-11-09T19:17:59.010+0000] {processor.py:914} INFO - Processing file /home/chirag/airflow/lib/python3.12/site-packages/airflow/example_dags/example_xcomargs.py for tasks to queue
[2024-11-09T19:17:59.018+0000] {logging_mixin.py:190} INFO - [2024-11-09T19:17:59.017+0000] {dagbag.py:588} INFO - Filling up the DagBag from /home/chirag/airflow/lib/python3.12/site-packages/airflow/example_dags/example_xcomargs.py
[2024-11-09T19:17:59.096+0000] {processor.py:925} INFO - DAG(s) 'example_xcom_args', 'example_xcom_args_with_operators' retrieved from /home/chirag/airflow/lib/python3.12/site-packages/airflow/example_dags/example_xcomargs.py
[2024-11-09T19:17:59.240+0000] {logging_mixin.py:190} INFO - [2024-11-09T19:17:59.239+0000] {dag.py:3239} INFO - Sync 2 DAGs
[2024-11-09T19:17:59.350+0000] {logging_mixin.py:190} INFO - [2024-11-09T19:17:59.350+0000] {dag.py:4180} INFO - Setting next_dagrun for example_xcom_args to None, run_after=None
[2024-11-09T19:17:59.372+0000] {logging_mixin.py:190} INFO - [2024-11-09T19:17:59.371+0000] {dag.py:4180} INFO - Setting next_dagrun for example_xcom_args_with_operators to None, run_after=None
[2024-11-09T19:17:59.768+0000] {processor.py:208} INFO - Processing /home/chirag/airflow/lib/python3.12/site-packages/airflow/example_dags/example_xcomargs.py took 0.829 seconds
[2024-11-09T19:19:00.441+0000] {processor.py:186} INFO - Started process (PID=94929) to work on /home/chirag/airflow/lib/python3.12/site-packages/airflow/example_dags/example_xcomargs.py
[2024-11-09T19:19:00.446+0000] {processor.py:914} INFO - Processing file /home/chirag/airflow/lib/python3.12/site-packages/airflow/example_dags/example_xcomargs.py for tasks to queue
[2024-11-09T19:19:00.451+0000] {logging_mixin.py:190} INFO - [2024-11-09T19:19:00.450+0000] {dagbag.py:588} INFO - Filling up the DagBag from /home/chirag/airflow/lib/python3.12/site-packages/airflow/example_dags/example_xcomargs.py
[2024-11-09T19:19:00.471+0000] {processor.py:925} INFO - DAG(s) 'example_xcom_args_with_operators', 'example_xcom_args' retrieved from /home/chirag/airflow/lib/python3.12/site-packages/airflow/example_dags/example_xcomargs.py
[2024-11-09T19:19:00.508+0000] {logging_mixin.py:190} INFO - [2024-11-09T19:19:00.507+0000] {dag.py:3239} INFO - Sync 2 DAGs
[2024-11-09T19:19:00.532+0000] {logging_mixin.py:190} INFO - [2024-11-09T19:19:00.532+0000] {dag.py:4180} INFO - Setting next_dagrun for example_xcom_args to None, run_after=None
[2024-11-09T19:19:00.537+0000] {logging_mixin.py:190} INFO - [2024-11-09T19:19:00.537+0000] {dag.py:4180} INFO - Setting next_dagrun for example_xcom_args_with_operators to None, run_after=None
[2024-11-09T19:19:00.581+0000] {processor.py:208} INFO - Processing /home/chirag/airflow/lib/python3.12/site-packages/airflow/example_dags/example_xcomargs.py took 0.155 seconds
[2024-11-09T19:27:31.607+0000] {processor.py:186} INFO - Started process (PID=448) to work on /home/chirag/airflow/lib/python3.12/site-packages/airflow/example_dags/example_xcomargs.py
[2024-11-09T19:27:31.610+0000] {processor.py:914} INFO - Processing file /home/chirag/airflow/lib/python3.12/site-packages/airflow/example_dags/example_xcomargs.py for tasks to queue
[2024-11-09T19:27:31.613+0000] {logging_mixin.py:190} INFO - [2024-11-09T19:27:31.613+0000] {dagbag.py:588} INFO - Filling up the DagBag from /home/chirag/airflow/lib/python3.12/site-packages/airflow/example_dags/example_xcomargs.py
[2024-11-09T19:27:31.630+0000] {processor.py:925} INFO - DAG(s) 'example_xcom_args', 'example_xcom_args_with_operators' retrieved from /home/chirag/airflow/lib/python3.12/site-packages/airflow/example_dags/example_xcomargs.py
[2024-11-09T19:27:31.666+0000] {logging_mixin.py:190} INFO - [2024-11-09T19:27:31.665+0000] {dag.py:3239} INFO - Sync 2 DAGs
[2024-11-09T19:27:31.683+0000] {logging_mixin.py:190} INFO - [2024-11-09T19:27:31.682+0000] {dag.py:4180} INFO - Setting next_dagrun for example_xcom_args to None, run_after=None
[2024-11-09T19:27:31.687+0000] {logging_mixin.py:190} INFO - [2024-11-09T19:27:31.687+0000] {dag.py:4180} INFO - Setting next_dagrun for example_xcom_args_with_operators to None, run_after=None
[2024-11-09T19:27:31.721+0000] {processor.py:208} INFO - Processing /home/chirag/airflow/lib/python3.12/site-packages/airflow/example_dags/example_xcomargs.py took 0.121 seconds
[2024-11-09T19:28:37.305+0000] {processor.py:186} INFO - Started process (PID=512) to work on /home/chirag/airflow/lib/python3.12/site-packages/airflow/example_dags/example_xcomargs.py
[2024-11-09T19:28:37.311+0000] {processor.py:914} INFO - Processing file /home/chirag/airflow/lib/python3.12/site-packages/airflow/example_dags/example_xcomargs.py for tasks to queue
[2024-11-09T19:28:37.314+0000] {logging_mixin.py:190} INFO - [2024-11-09T19:28:37.313+0000] {dagbag.py:588} INFO - Filling up the DagBag from /home/chirag/airflow/lib/python3.12/site-packages/airflow/example_dags/example_xcomargs.py
[2024-11-09T19:28:37.339+0000] {processor.py:925} INFO - DAG(s) 'example_xcom_args', 'example_xcom_args_with_operators' retrieved from /home/chirag/airflow/lib/python3.12/site-packages/airflow/example_dags/example_xcomargs.py
[2024-11-09T19:28:37.374+0000] {logging_mixin.py:190} INFO - [2024-11-09T19:28:37.373+0000] {dag.py:3239} INFO - Sync 2 DAGs
[2024-11-09T19:28:37.400+0000] {logging_mixin.py:190} INFO - [2024-11-09T19:28:37.398+0000] {dag.py:4180} INFO - Setting next_dagrun for example_xcom_args to None, run_after=None
[2024-11-09T19:28:37.408+0000] {logging_mixin.py:190} INFO - [2024-11-09T19:28:37.407+0000] {dag.py:4180} INFO - Setting next_dagrun for example_xcom_args_with_operators to None, run_after=None
[2024-11-09T19:28:37.452+0000] {processor.py:208} INFO - Processing /home/chirag/airflow/lib/python3.12/site-packages/airflow/example_dags/example_xcomargs.py took 0.159 seconds
[2024-11-09T19:29:14.918+0000] {processor.py:186} INFO - Started process (PID=568) to work on /home/chirag/airflow/lib/python3.12/site-packages/airflow/example_dags/example_xcomargs.py
[2024-11-09T19:29:14.924+0000] {processor.py:914} INFO - Processing file /home/chirag/airflow/lib/python3.12/site-packages/airflow/example_dags/example_xcomargs.py for tasks to queue
[2024-11-09T19:29:14.927+0000] {logging_mixin.py:190} INFO - [2024-11-09T19:29:14.927+0000] {dagbag.py:588} INFO - Filling up the DagBag from /home/chirag/airflow/lib/python3.12/site-packages/airflow/example_dags/example_xcomargs.py
[2024-11-09T19:29:14.942+0000] {processor.py:925} INFO - DAG(s) 'example_xcom_args', 'example_xcom_args_with_operators' retrieved from /home/chirag/airflow/lib/python3.12/site-packages/airflow/example_dags/example_xcomargs.py
[2024-11-09T19:29:14.967+0000] {logging_mixin.py:190} INFO - [2024-11-09T19:29:14.967+0000] {dag.py:3239} INFO - Sync 2 DAGs
[2024-11-09T19:29:14.984+0000] {logging_mixin.py:190} INFO - [2024-11-09T19:29:14.984+0000] {dag.py:4180} INFO - Setting next_dagrun for example_xcom_args to None, run_after=None
[2024-11-09T19:29:14.989+0000] {logging_mixin.py:190} INFO - [2024-11-09T19:29:14.988+0000] {dag.py:4180} INFO - Setting next_dagrun for example_xcom_args_with_operators to None, run_after=None
[2024-11-09T19:29:15.019+0000] {processor.py:208} INFO - Processing /home/chirag/airflow/lib/python3.12/site-packages/airflow/example_dags/example_xcomargs.py took 0.109 seconds
[2024-11-09T19:29:52.235+0000] {processor.py:186} INFO - Started process (PID=606) to work on /home/chirag/airflow/lib/python3.12/site-packages/airflow/example_dags/example_xcomargs.py
[2024-11-09T19:29:52.242+0000] {processor.py:914} INFO - Processing file /home/chirag/airflow/lib/python3.12/site-packages/airflow/example_dags/example_xcomargs.py for tasks to queue
[2024-11-09T19:29:52.246+0000] {logging_mixin.py:190} INFO - [2024-11-09T19:29:52.245+0000] {dagbag.py:588} INFO - Filling up the DagBag from /home/chirag/airflow/lib/python3.12/site-packages/airflow/example_dags/example_xcomargs.py
[2024-11-09T19:29:52.286+0000] {processor.py:925} INFO - DAG(s) 'example_xcom_args', 'example_xcom_args_with_operators' retrieved from /home/chirag/airflow/lib/python3.12/site-packages/airflow/example_dags/example_xcomargs.py
[2024-11-09T19:29:52.378+0000] {logging_mixin.py:190} INFO - [2024-11-09T19:29:52.378+0000] {dag.py:3239} INFO - Sync 2 DAGs
[2024-11-09T19:29:52.425+0000] {logging_mixin.py:190} INFO - [2024-11-09T19:29:52.425+0000] {dag.py:4180} INFO - Setting next_dagrun for example_xcom_args to None, run_after=None
[2024-11-09T19:29:52.437+0000] {logging_mixin.py:190} INFO - [2024-11-09T19:29:52.437+0000] {dag.py:4180} INFO - Setting next_dagrun for example_xcom_args_with_operators to None, run_after=None
[2024-11-09T19:29:52.545+0000] {processor.py:208} INFO - Processing /home/chirag/airflow/lib/python3.12/site-packages/airflow/example_dags/example_xcomargs.py took 0.330 seconds
[2024-11-09T19:30:30.608+0000] {processor.py:186} INFO - Started process (PID=641) to work on /home/chirag/airflow/lib/python3.12/site-packages/airflow/example_dags/example_xcomargs.py
[2024-11-09T19:30:30.611+0000] {processor.py:914} INFO - Processing file /home/chirag/airflow/lib/python3.12/site-packages/airflow/example_dags/example_xcomargs.py for tasks to queue
[2024-11-09T19:30:30.615+0000] {logging_mixin.py:190} INFO - [2024-11-09T19:30:30.613+0000] {dagbag.py:588} INFO - Filling up the DagBag from /home/chirag/airflow/lib/python3.12/site-packages/airflow/example_dags/example_xcomargs.py
[2024-11-09T19:30:30.629+0000] {processor.py:925} INFO - DAG(s) 'example_xcom_args_with_operators', 'example_xcom_args' retrieved from /home/chirag/airflow/lib/python3.12/site-packages/airflow/example_dags/example_xcomargs.py
[2024-11-09T19:30:30.682+0000] {logging_mixin.py:190} INFO - [2024-11-09T19:30:30.682+0000] {dag.py:3239} INFO - Sync 2 DAGs
[2024-11-09T19:30:30.705+0000] {logging_mixin.py:190} INFO - [2024-11-09T19:30:30.704+0000] {dag.py:4180} INFO - Setting next_dagrun for example_xcom_args to None, run_after=None
[2024-11-09T19:30:30.709+0000] {logging_mixin.py:190} INFO - [2024-11-09T19:30:30.709+0000] {dag.py:4180} INFO - Setting next_dagrun for example_xcom_args_with_operators to None, run_after=None
[2024-11-09T19:30:30.737+0000] {processor.py:208} INFO - Processing /home/chirag/airflow/lib/python3.12/site-packages/airflow/example_dags/example_xcomargs.py took 0.138 seconds
[2024-11-09T19:31:10.267+0000] {processor.py:186} INFO - Started process (PID=675) to work on /home/chirag/airflow/lib/python3.12/site-packages/airflow/example_dags/example_xcomargs.py
[2024-11-09T19:31:10.270+0000] {processor.py:914} INFO - Processing file /home/chirag/airflow/lib/python3.12/site-packages/airflow/example_dags/example_xcomargs.py for tasks to queue
[2024-11-09T19:31:10.273+0000] {logging_mixin.py:190} INFO - [2024-11-09T19:31:10.272+0000] {dagbag.py:588} INFO - Filling up the DagBag from /home/chirag/airflow/lib/python3.12/site-packages/airflow/example_dags/example_xcomargs.py
[2024-11-09T19:31:10.289+0000] {processor.py:925} INFO - DAG(s) 'example_xcom_args_with_operators', 'example_xcom_args' retrieved from /home/chirag/airflow/lib/python3.12/site-packages/airflow/example_dags/example_xcomargs.py
[2024-11-09T19:31:10.325+0000] {logging_mixin.py:190} INFO - [2024-11-09T19:31:10.325+0000] {dag.py:3239} INFO - Sync 2 DAGs
[2024-11-09T19:31:10.370+0000] {logging_mixin.py:190} INFO - [2024-11-09T19:31:10.370+0000] {dag.py:4180} INFO - Setting next_dagrun for example_xcom_args to None, run_after=None
[2024-11-09T19:31:10.375+0000] {logging_mixin.py:190} INFO - [2024-11-09T19:31:10.375+0000] {dag.py:4180} INFO - Setting next_dagrun for example_xcom_args_with_operators to None, run_after=None
[2024-11-09T19:31:10.416+0000] {processor.py:208} INFO - Processing /home/chirag/airflow/lib/python3.12/site-packages/airflow/example_dags/example_xcomargs.py took 0.158 seconds
[2024-11-09T19:31:55.950+0000] {processor.py:186} INFO - Started process (PID=849) to work on /home/chirag/airflow/lib/python3.12/site-packages/airflow/example_dags/example_xcomargs.py
[2024-11-09T19:31:55.956+0000] {processor.py:914} INFO - Processing file /home/chirag/airflow/lib/python3.12/site-packages/airflow/example_dags/example_xcomargs.py for tasks to queue
[2024-11-09T19:31:55.970+0000] {logging_mixin.py:190} INFO - [2024-11-09T19:31:55.968+0000] {dagbag.py:588} INFO - Filling up the DagBag from /home/chirag/airflow/lib/python3.12/site-packages/airflow/example_dags/example_xcomargs.py
[2024-11-09T19:31:56.092+0000] {processor.py:925} INFO - DAG(s) 'example_xcom_args', 'example_xcom_args_with_operators' retrieved from /home/chirag/airflow/lib/python3.12/site-packages/airflow/example_dags/example_xcomargs.py
[2024-11-09T19:31:56.224+0000] {logging_mixin.py:190} INFO - [2024-11-09T19:31:56.223+0000] {dag.py:3239} INFO - Sync 2 DAGs
[2024-11-09T19:31:56.339+0000] {logging_mixin.py:190} INFO - [2024-11-09T19:31:56.338+0000] {dag.py:4180} INFO - Setting next_dagrun for example_xcom_args to None, run_after=None
[2024-11-09T19:31:56.353+0000] {logging_mixin.py:190} INFO - [2024-11-09T19:31:56.353+0000] {dag.py:4180} INFO - Setting next_dagrun for example_xcom_args_with_operators to None, run_after=None
[2024-11-09T19:31:56.528+0000] {processor.py:208} INFO - Processing /home/chirag/airflow/lib/python3.12/site-packages/airflow/example_dags/example_xcomargs.py took 0.639 seconds
[2024-11-09T19:32:51.328+0000] {processor.py:186} INFO - Started process (PID=1623) to work on /home/chirag/airflow/lib/python3.12/site-packages/airflow/example_dags/example_xcomargs.py
[2024-11-09T19:32:51.331+0000] {processor.py:914} INFO - Processing file /home/chirag/airflow/lib/python3.12/site-packages/airflow/example_dags/example_xcomargs.py for tasks to queue
[2024-11-09T19:32:51.335+0000] {logging_mixin.py:190} INFO - [2024-11-09T19:32:51.334+0000] {dagbag.py:588} INFO - Filling up the DagBag from /home/chirag/airflow/lib/python3.12/site-packages/airflow/example_dags/example_xcomargs.py
[2024-11-09T19:32:51.350+0000] {processor.py:925} INFO - DAG(s) 'example_xcom_args', 'example_xcom_args_with_operators' retrieved from /home/chirag/airflow/lib/python3.12/site-packages/airflow/example_dags/example_xcomargs.py
[2024-11-09T19:32:51.377+0000] {logging_mixin.py:190} INFO - [2024-11-09T19:32:51.376+0000] {dag.py:3239} INFO - Sync 2 DAGs
[2024-11-09T19:32:51.395+0000] {logging_mixin.py:190} INFO - [2024-11-09T19:32:51.395+0000] {dag.py:4180} INFO - Setting next_dagrun for example_xcom_args to None, run_after=None
[2024-11-09T19:32:51.400+0000] {logging_mixin.py:190} INFO - [2024-11-09T19:32:51.400+0000] {dag.py:4180} INFO - Setting next_dagrun for example_xcom_args_with_operators to None, run_after=None
[2024-11-09T19:32:51.434+0000] {processor.py:208} INFO - Processing /home/chirag/airflow/lib/python3.12/site-packages/airflow/example_dags/example_xcomargs.py took 0.114 seconds
[2024-11-09T19:33:35.728+0000] {processor.py:186} INFO - Started process (PID=1907) to work on /home/chirag/airflow/lib/python3.12/site-packages/airflow/example_dags/example_xcomargs.py
[2024-11-09T19:33:35.749+0000] {processor.py:914} INFO - Processing file /home/chirag/airflow/lib/python3.12/site-packages/airflow/example_dags/example_xcomargs.py for tasks to queue
[2024-11-09T19:33:35.752+0000] {logging_mixin.py:190} INFO - [2024-11-09T19:33:35.751+0000] {dagbag.py:588} INFO - Filling up the DagBag from /home/chirag/airflow/lib/python3.12/site-packages/airflow/example_dags/example_xcomargs.py
[2024-11-09T19:33:35.770+0000] {processor.py:925} INFO - DAG(s) 'example_xcom_args', 'example_xcom_args_with_operators' retrieved from /home/chirag/airflow/lib/python3.12/site-packages/airflow/example_dags/example_xcomargs.py
[2024-11-09T19:33:35.800+0000] {logging_mixin.py:190} INFO - [2024-11-09T19:33:35.800+0000] {dag.py:3239} INFO - Sync 2 DAGs
[2024-11-09T19:33:35.832+0000] {logging_mixin.py:190} INFO - [2024-11-09T19:33:35.832+0000] {dag.py:4180} INFO - Setting next_dagrun for example_xcom_args to None, run_after=None
[2024-11-09T19:33:35.841+0000] {logging_mixin.py:190} INFO - [2024-11-09T19:33:35.840+0000] {dag.py:4180} INFO - Setting next_dagrun for example_xcom_args_with_operators to None, run_after=None
[2024-11-09T19:33:35.890+0000] {processor.py:208} INFO - Processing /home/chirag/airflow/lib/python3.12/site-packages/airflow/example_dags/example_xcomargs.py took 0.171 seconds
[2024-11-09T19:34:13.543+0000] {processor.py:186} INFO - Started process (PID=2190) to work on /home/chirag/airflow/lib/python3.12/site-packages/airflow/example_dags/example_xcomargs.py
[2024-11-09T19:34:13.545+0000] {processor.py:914} INFO - Processing file /home/chirag/airflow/lib/python3.12/site-packages/airflow/example_dags/example_xcomargs.py for tasks to queue
[2024-11-09T19:34:13.548+0000] {logging_mixin.py:190} INFO - [2024-11-09T19:34:13.548+0000] {dagbag.py:588} INFO - Filling up the DagBag from /home/chirag/airflow/lib/python3.12/site-packages/airflow/example_dags/example_xcomargs.py
[2024-11-09T19:34:13.564+0000] {processor.py:925} INFO - DAG(s) 'example_xcom_args_with_operators', 'example_xcom_args' retrieved from /home/chirag/airflow/lib/python3.12/site-packages/airflow/example_dags/example_xcomargs.py
[2024-11-09T19:34:13.591+0000] {logging_mixin.py:190} INFO - [2024-11-09T19:34:13.591+0000] {dag.py:3239} INFO - Sync 2 DAGs
[2024-11-09T19:34:13.610+0000] {logging_mixin.py:190} INFO - [2024-11-09T19:34:13.610+0000] {dag.py:4180} INFO - Setting next_dagrun for example_xcom_args to None, run_after=None
[2024-11-09T19:34:13.615+0000] {logging_mixin.py:190} INFO - [2024-11-09T19:34:13.615+0000] {dag.py:4180} INFO - Setting next_dagrun for example_xcom_args_with_operators to None, run_after=None
[2024-11-09T19:34:13.654+0000] {processor.py:208} INFO - Processing /home/chirag/airflow/lib/python3.12/site-packages/airflow/example_dags/example_xcomargs.py took 0.119 seconds
[2024-11-09T19:34:55.694+0000] {processor.py:186} INFO - Started process (PID=2495) to work on /home/chirag/airflow/lib/python3.12/site-packages/airflow/example_dags/example_xcomargs.py
[2024-11-09T19:34:55.697+0000] {processor.py:914} INFO - Processing file /home/chirag/airflow/lib/python3.12/site-packages/airflow/example_dags/example_xcomargs.py for tasks to queue
[2024-11-09T19:34:55.700+0000] {logging_mixin.py:190} INFO - [2024-11-09T19:34:55.700+0000] {dagbag.py:588} INFO - Filling up the DagBag from /home/chirag/airflow/lib/python3.12/site-packages/airflow/example_dags/example_xcomargs.py
[2024-11-09T19:34:55.716+0000] {processor.py:925} INFO - DAG(s) 'example_xcom_args_with_operators', 'example_xcom_args' retrieved from /home/chirag/airflow/lib/python3.12/site-packages/airflow/example_dags/example_xcomargs.py
[2024-11-09T19:34:55.887+0000] {logging_mixin.py:190} INFO - [2024-11-09T19:34:55.887+0000] {dag.py:3239} INFO - Sync 2 DAGs
[2024-11-09T19:34:55.901+0000] {logging_mixin.py:190} INFO - [2024-11-09T19:34:55.901+0000] {dag.py:4180} INFO - Setting next_dagrun for example_xcom_args to None, run_after=None
[2024-11-09T19:34:55.907+0000] {logging_mixin.py:190} INFO - [2024-11-09T19:34:55.907+0000] {dag.py:4180} INFO - Setting next_dagrun for example_xcom_args_with_operators to None, run_after=None
[2024-11-09T19:34:55.938+0000] {processor.py:208} INFO - Processing /home/chirag/airflow/lib/python3.12/site-packages/airflow/example_dags/example_xcomargs.py took 0.253 seconds
[2024-11-09T19:35:39.693+0000] {processor.py:186} INFO - Started process (PID=2687) to work on /home/chirag/airflow/lib/python3.12/site-packages/airflow/example_dags/example_xcomargs.py
[2024-11-09T19:35:39.697+0000] {processor.py:914} INFO - Processing file /home/chirag/airflow/lib/python3.12/site-packages/airflow/example_dags/example_xcomargs.py for tasks to queue
[2024-11-09T19:35:39.703+0000] {logging_mixin.py:190} INFO - [2024-11-09T19:35:39.702+0000] {dagbag.py:588} INFO - Filling up the DagBag from /home/chirag/airflow/lib/python3.12/site-packages/airflow/example_dags/example_xcomargs.py
[2024-11-09T19:35:39.724+0000] {processor.py:925} INFO - DAG(s) 'example_xcom_args_with_operators', 'example_xcom_args' retrieved from /home/chirag/airflow/lib/python3.12/site-packages/airflow/example_dags/example_xcomargs.py
[2024-11-09T19:35:39.790+0000] {logging_mixin.py:190} INFO - [2024-11-09T19:35:39.787+0000] {dag.py:3239} INFO - Sync 2 DAGs
[2024-11-09T19:35:39.854+0000] {logging_mixin.py:190} INFO - [2024-11-09T19:35:39.854+0000] {dag.py:4180} INFO - Setting next_dagrun for example_xcom_args to None, run_after=None
[2024-11-09T19:35:39.866+0000] {logging_mixin.py:190} INFO - [2024-11-09T19:35:39.865+0000] {dag.py:4180} INFO - Setting next_dagrun for example_xcom_args_with_operators to None, run_after=None
[2024-11-09T19:35:39.957+0000] {processor.py:208} INFO - Processing /home/chirag/airflow/lib/python3.12/site-packages/airflow/example_dags/example_xcomargs.py took 0.274 seconds
[2024-11-09T19:36:23.117+0000] {processor.py:186} INFO - Started process (PID=2801) to work on /home/chirag/airflow/lib/python3.12/site-packages/airflow/example_dags/example_xcomargs.py
[2024-11-09T19:36:23.121+0000] {processor.py:914} INFO - Processing file /home/chirag/airflow/lib/python3.12/site-packages/airflow/example_dags/example_xcomargs.py for tasks to queue
[2024-11-09T19:36:23.125+0000] {logging_mixin.py:190} INFO - [2024-11-09T19:36:23.124+0000] {dagbag.py:588} INFO - Filling up the DagBag from /home/chirag/airflow/lib/python3.12/site-packages/airflow/example_dags/example_xcomargs.py
[2024-11-09T19:36:23.141+0000] {processor.py:925} INFO - DAG(s) 'example_xcom_args', 'example_xcom_args_with_operators' retrieved from /home/chirag/airflow/lib/python3.12/site-packages/airflow/example_dags/example_xcomargs.py
[2024-11-09T19:36:23.176+0000] {logging_mixin.py:190} INFO - [2024-11-09T19:36:23.176+0000] {dag.py:3239} INFO - Sync 2 DAGs
[2024-11-09T19:36:23.195+0000] {logging_mixin.py:190} INFO - [2024-11-09T19:36:23.194+0000] {dag.py:4180} INFO - Setting next_dagrun for example_xcom_args to None, run_after=None
[2024-11-09T19:36:23.202+0000] {logging_mixin.py:190} INFO - [2024-11-09T19:36:23.201+0000] {dag.py:4180} INFO - Setting next_dagrun for example_xcom_args_with_operators to None, run_after=None
[2024-11-09T19:36:23.234+0000] {processor.py:208} INFO - Processing /home/chirag/airflow/lib/python3.12/site-packages/airflow/example_dags/example_xcomargs.py took 0.125 seconds
[2024-11-09T19:37:02.062+0000] {processor.py:186} INFO - Started process (PID=2911) to work on /home/chirag/airflow/lib/python3.12/site-packages/airflow/example_dags/example_xcomargs.py
[2024-11-09T19:37:02.065+0000] {processor.py:914} INFO - Processing file /home/chirag/airflow/lib/python3.12/site-packages/airflow/example_dags/example_xcomargs.py for tasks to queue
[2024-11-09T19:37:02.069+0000] {logging_mixin.py:190} INFO - [2024-11-09T19:37:02.069+0000] {dagbag.py:588} INFO - Filling up the DagBag from /home/chirag/airflow/lib/python3.12/site-packages/airflow/example_dags/example_xcomargs.py
[2024-11-09T19:37:02.085+0000] {processor.py:925} INFO - DAG(s) 'example_xcom_args', 'example_xcom_args_with_operators' retrieved from /home/chirag/airflow/lib/python3.12/site-packages/airflow/example_dags/example_xcomargs.py
[2024-11-09T19:37:02.111+0000] {logging_mixin.py:190} INFO - [2024-11-09T19:37:02.111+0000] {dag.py:3239} INFO - Sync 2 DAGs
[2024-11-09T19:37:02.131+0000] {logging_mixin.py:190} INFO - [2024-11-09T19:37:02.130+0000] {dag.py:4180} INFO - Setting next_dagrun for example_xcom_args to None, run_after=None
[2024-11-09T19:37:02.135+0000] {logging_mixin.py:190} INFO - [2024-11-09T19:37:02.135+0000] {dag.py:4180} INFO - Setting next_dagrun for example_xcom_args_with_operators to None, run_after=None
[2024-11-09T19:37:02.172+0000] {processor.py:208} INFO - Processing /home/chirag/airflow/lib/python3.12/site-packages/airflow/example_dags/example_xcomargs.py took 0.120 seconds
[2024-11-09T19:38:11.537+0000] {processor.py:186} INFO - Started process (PID=3209) to work on /home/chirag/airflow/lib/python3.12/site-packages/airflow/example_dags/example_xcomargs.py
[2024-11-09T19:38:11.540+0000] {processor.py:914} INFO - Processing file /home/chirag/airflow/lib/python3.12/site-packages/airflow/example_dags/example_xcomargs.py for tasks to queue
[2024-11-09T19:38:11.546+0000] {logging_mixin.py:190} INFO - [2024-11-09T19:38:11.545+0000] {dagbag.py:588} INFO - Filling up the DagBag from /home/chirag/airflow/lib/python3.12/site-packages/airflow/example_dags/example_xcomargs.py
[2024-11-09T19:38:11.584+0000] {processor.py:925} INFO - DAG(s) 'example_xcom_args', 'example_xcom_args_with_operators' retrieved from /home/chirag/airflow/lib/python3.12/site-packages/airflow/example_dags/example_xcomargs.py
[2024-11-09T19:38:11.654+0000] {logging_mixin.py:190} INFO - [2024-11-09T19:38:11.653+0000] {dag.py:3239} INFO - Sync 2 DAGs
[2024-11-09T19:38:11.688+0000] {logging_mixin.py:190} INFO - [2024-11-09T19:38:11.688+0000] {dag.py:4180} INFO - Setting next_dagrun for example_xcom_args to None, run_after=None
[2024-11-09T19:38:11.699+0000] {logging_mixin.py:190} INFO - [2024-11-09T19:38:11.696+0000] {dag.py:4180} INFO - Setting next_dagrun for example_xcom_args_with_operators to None, run_after=None
[2024-11-09T19:38:11.770+0000] {processor.py:208} INFO - Processing /home/chirag/airflow/lib/python3.12/site-packages/airflow/example_dags/example_xcomargs.py took 0.249 seconds
[2024-11-09T19:38:48.872+0000] {processor.py:186} INFO - Started process (PID=3388) to work on /home/chirag/airflow/lib/python3.12/site-packages/airflow/example_dags/example_xcomargs.py
[2024-11-09T19:38:48.874+0000] {processor.py:914} INFO - Processing file /home/chirag/airflow/lib/python3.12/site-packages/airflow/example_dags/example_xcomargs.py for tasks to queue
[2024-11-09T19:38:48.880+0000] {logging_mixin.py:190} INFO - [2024-11-09T19:38:48.879+0000] {dagbag.py:588} INFO - Filling up the DagBag from /home/chirag/airflow/lib/python3.12/site-packages/airflow/example_dags/example_xcomargs.py
[2024-11-09T19:38:48.912+0000] {processor.py:925} INFO - DAG(s) 'example_xcom_args_with_operators', 'example_xcom_args' retrieved from /home/chirag/airflow/lib/python3.12/site-packages/airflow/example_dags/example_xcomargs.py
[2024-11-09T19:38:48.972+0000] {logging_mixin.py:190} INFO - [2024-11-09T19:38:48.971+0000] {dag.py:3239} INFO - Sync 2 DAGs
[2024-11-09T19:38:49.014+0000] {logging_mixin.py:190} INFO - [2024-11-09T19:38:49.014+0000] {dag.py:4180} INFO - Setting next_dagrun for example_xcom_args to None, run_after=None
[2024-11-09T19:38:49.024+0000] {logging_mixin.py:190} INFO - [2024-11-09T19:38:49.023+0000] {dag.py:4180} INFO - Setting next_dagrun for example_xcom_args_with_operators to None, run_after=None
[2024-11-09T19:38:49.076+0000] {processor.py:208} INFO - Processing /home/chirag/airflow/lib/python3.12/site-packages/airflow/example_dags/example_xcomargs.py took 0.220 seconds
[2024-11-09T19:39:28.536+0000] {processor.py:186} INFO - Started process (PID=3504) to work on /home/chirag/airflow/lib/python3.12/site-packages/airflow/example_dags/example_xcomargs.py
[2024-11-09T19:39:28.551+0000] {processor.py:914} INFO - Processing file /home/chirag/airflow/lib/python3.12/site-packages/airflow/example_dags/example_xcomargs.py for tasks to queue
[2024-11-09T19:39:28.556+0000] {logging_mixin.py:190} INFO - [2024-11-09T19:39:28.555+0000] {dagbag.py:588} INFO - Filling up the DagBag from /home/chirag/airflow/lib/python3.12/site-packages/airflow/example_dags/example_xcomargs.py
[2024-11-09T19:39:28.621+0000] {processor.py:925} INFO - DAG(s) 'example_xcom_args', 'example_xcom_args_with_operators' retrieved from /home/chirag/airflow/lib/python3.12/site-packages/airflow/example_dags/example_xcomargs.py
[2024-11-09T19:39:28.733+0000] {logging_mixin.py:190} INFO - [2024-11-09T19:39:28.733+0000] {dag.py:3239} INFO - Sync 2 DAGs
[2024-11-09T19:39:28.832+0000] {logging_mixin.py:190} INFO - [2024-11-09T19:39:28.832+0000] {dag.py:4180} INFO - Setting next_dagrun for example_xcom_args to None, run_after=None
[2024-11-09T19:39:28.861+0000] {logging_mixin.py:190} INFO - [2024-11-09T19:39:28.861+0000] {dag.py:4180} INFO - Setting next_dagrun for example_xcom_args_with_operators to None, run_after=None
[2024-11-09T19:39:29.168+0000] {processor.py:208} INFO - Processing /home/chirag/airflow/lib/python3.12/site-packages/airflow/example_dags/example_xcomargs.py took 0.676 seconds
[2024-11-09T19:40:14.606+0000] {processor.py:186} INFO - Started process (PID=3622) to work on /home/chirag/airflow/lib/python3.12/site-packages/airflow/example_dags/example_xcomargs.py
[2024-11-09T19:40:14.610+0000] {processor.py:914} INFO - Processing file /home/chirag/airflow/lib/python3.12/site-packages/airflow/example_dags/example_xcomargs.py for tasks to queue
[2024-11-09T19:40:14.613+0000] {logging_mixin.py:190} INFO - [2024-11-09T19:40:14.612+0000] {dagbag.py:588} INFO - Filling up the DagBag from /home/chirag/airflow/lib/python3.12/site-packages/airflow/example_dags/example_xcomargs.py
[2024-11-09T19:40:14.629+0000] {processor.py:925} INFO - DAG(s) 'example_xcom_args_with_operators', 'example_xcom_args' retrieved from /home/chirag/airflow/lib/python3.12/site-packages/airflow/example_dags/example_xcomargs.py
[2024-11-09T19:40:14.656+0000] {logging_mixin.py:190} INFO - [2024-11-09T19:40:14.656+0000] {dag.py:3239} INFO - Sync 2 DAGs
[2024-11-09T19:40:14.674+0000] {logging_mixin.py:190} INFO - [2024-11-09T19:40:14.674+0000] {dag.py:4180} INFO - Setting next_dagrun for example_xcom_args to None, run_after=None
[2024-11-09T19:40:14.680+0000] {logging_mixin.py:190} INFO - [2024-11-09T19:40:14.680+0000] {dag.py:4180} INFO - Setting next_dagrun for example_xcom_args_with_operators to None, run_after=None
[2024-11-09T19:40:14.713+0000] {processor.py:208} INFO - Processing /home/chirag/airflow/lib/python3.12/site-packages/airflow/example_dags/example_xcomargs.py took 0.115 seconds
[2024-11-09T19:40:51.864+0000] {processor.py:186} INFO - Started process (PID=3728) to work on /home/chirag/airflow/lib/python3.12/site-packages/airflow/example_dags/example_xcomargs.py
[2024-11-09T19:40:51.867+0000] {processor.py:914} INFO - Processing file /home/chirag/airflow/lib/python3.12/site-packages/airflow/example_dags/example_xcomargs.py for tasks to queue
[2024-11-09T19:40:51.871+0000] {logging_mixin.py:190} INFO - [2024-11-09T19:40:51.870+0000] {dagbag.py:588} INFO - Filling up the DagBag from /home/chirag/airflow/lib/python3.12/site-packages/airflow/example_dags/example_xcomargs.py
[2024-11-09T19:40:51.887+0000] {processor.py:925} INFO - DAG(s) 'example_xcom_args_with_operators', 'example_xcom_args' retrieved from /home/chirag/airflow/lib/python3.12/site-packages/airflow/example_dags/example_xcomargs.py
[2024-11-09T19:40:51.921+0000] {logging_mixin.py:190} INFO - [2024-11-09T19:40:51.920+0000] {dag.py:3239} INFO - Sync 2 DAGs
[2024-11-09T19:40:51.940+0000] {logging_mixin.py:190} INFO - [2024-11-09T19:40:51.939+0000] {dag.py:4180} INFO - Setting next_dagrun for example_xcom_args to None, run_after=None
[2024-11-09T19:40:51.946+0000] {logging_mixin.py:190} INFO - [2024-11-09T19:40:51.945+0000] {dag.py:4180} INFO - Setting next_dagrun for example_xcom_args_with_operators to None, run_after=None
[2024-11-09T19:40:51.986+0000] {processor.py:208} INFO - Processing /home/chirag/airflow/lib/python3.12/site-packages/airflow/example_dags/example_xcomargs.py took 0.131 seconds
[2024-11-09T19:41:28.367+0000] {processor.py:186} INFO - Started process (PID=3831) to work on /home/chirag/airflow/lib/python3.12/site-packages/airflow/example_dags/example_xcomargs.py
[2024-11-09T19:41:28.369+0000] {processor.py:914} INFO - Processing file /home/chirag/airflow/lib/python3.12/site-packages/airflow/example_dags/example_xcomargs.py for tasks to queue
[2024-11-09T19:41:28.373+0000] {logging_mixin.py:190} INFO - [2024-11-09T19:41:28.372+0000] {dagbag.py:588} INFO - Filling up the DagBag from /home/chirag/airflow/lib/python3.12/site-packages/airflow/example_dags/example_xcomargs.py
[2024-11-09T19:41:28.388+0000] {processor.py:925} INFO - DAG(s) 'example_xcom_args', 'example_xcom_args_with_operators' retrieved from /home/chirag/airflow/lib/python3.12/site-packages/airflow/example_dags/example_xcomargs.py
[2024-11-09T19:41:28.415+0000] {logging_mixin.py:190} INFO - [2024-11-09T19:41:28.415+0000] {dag.py:3239} INFO - Sync 2 DAGs
[2024-11-09T19:41:28.434+0000] {logging_mixin.py:190} INFO - [2024-11-09T19:41:28.433+0000] {dag.py:4180} INFO - Setting next_dagrun for example_xcom_args to None, run_after=None
[2024-11-09T19:41:28.439+0000] {logging_mixin.py:190} INFO - [2024-11-09T19:41:28.439+0000] {dag.py:4180} INFO - Setting next_dagrun for example_xcom_args_with_operators to None, run_after=None
[2024-11-09T19:41:28.476+0000] {processor.py:208} INFO - Processing /home/chirag/airflow/lib/python3.12/site-packages/airflow/example_dags/example_xcomargs.py took 0.118 seconds
[2024-11-09T19:42:05.727+0000] {processor.py:186} INFO - Started process (PID=3936) to work on /home/chirag/airflow/lib/python3.12/site-packages/airflow/example_dags/example_xcomargs.py
[2024-11-09T19:42:05.729+0000] {processor.py:914} INFO - Processing file /home/chirag/airflow/lib/python3.12/site-packages/airflow/example_dags/example_xcomargs.py for tasks to queue
[2024-11-09T19:42:05.733+0000] {logging_mixin.py:190} INFO - [2024-11-09T19:42:05.732+0000] {dagbag.py:588} INFO - Filling up the DagBag from /home/chirag/airflow/lib/python3.12/site-packages/airflow/example_dags/example_xcomargs.py
[2024-11-09T19:42:05.749+0000] {processor.py:925} INFO - DAG(s) 'example_xcom_args', 'example_xcom_args_with_operators' retrieved from /home/chirag/airflow/lib/python3.12/site-packages/airflow/example_dags/example_xcomargs.py
[2024-11-09T19:42:05.776+0000] {logging_mixin.py:190} INFO - [2024-11-09T19:42:05.775+0000] {dag.py:3239} INFO - Sync 2 DAGs
[2024-11-09T19:42:05.794+0000] {logging_mixin.py:190} INFO - [2024-11-09T19:42:05.794+0000] {dag.py:4180} INFO - Setting next_dagrun for example_xcom_args to None, run_after=None
[2024-11-09T19:42:05.799+0000] {logging_mixin.py:190} INFO - [2024-11-09T19:42:05.799+0000] {dag.py:4180} INFO - Setting next_dagrun for example_xcom_args_with_operators to None, run_after=None
[2024-11-09T19:42:05.839+0000] {processor.py:208} INFO - Processing /home/chirag/airflow/lib/python3.12/site-packages/airflow/example_dags/example_xcomargs.py took 0.120 seconds
[2024-11-09T19:42:41.874+0000] {processor.py:186} INFO - Started process (PID=4040) to work on /home/chirag/airflow/lib/python3.12/site-packages/airflow/example_dags/example_xcomargs.py
[2024-11-09T19:42:41.879+0000] {processor.py:914} INFO - Processing file /home/chirag/airflow/lib/python3.12/site-packages/airflow/example_dags/example_xcomargs.py for tasks to queue
[2024-11-09T19:42:41.891+0000] {logging_mixin.py:190} INFO - [2024-11-09T19:42:41.890+0000] {dagbag.py:588} INFO - Filling up the DagBag from /home/chirag/airflow/lib/python3.12/site-packages/airflow/example_dags/example_xcomargs.py
[2024-11-09T19:42:41.946+0000] {processor.py:925} INFO - DAG(s) 'example_xcom_args_with_operators', 'example_xcom_args' retrieved from /home/chirag/airflow/lib/python3.12/site-packages/airflow/example_dags/example_xcomargs.py
[2024-11-09T19:42:42.056+0000] {logging_mixin.py:190} INFO - [2024-11-09T19:42:42.053+0000] {dag.py:3239} INFO - Sync 2 DAGs
[2024-11-09T19:42:42.121+0000] {logging_mixin.py:190} INFO - [2024-11-09T19:42:42.121+0000] {dag.py:4180} INFO - Setting next_dagrun for example_xcom_args to None, run_after=None
[2024-11-09T19:42:42.133+0000] {logging_mixin.py:190} INFO - [2024-11-09T19:42:42.133+0000] {dag.py:4180} INFO - Setting next_dagrun for example_xcom_args_with_operators to None, run_after=None
[2024-11-09T19:42:42.232+0000] {processor.py:208} INFO - Processing /home/chirag/airflow/lib/python3.12/site-packages/airflow/example_dags/example_xcomargs.py took 0.377 seconds
[2024-11-09T19:43:22.629+0000] {processor.py:186} INFO - Started process (PID=4157) to work on /home/chirag/airflow/lib/python3.12/site-packages/airflow/example_dags/example_xcomargs.py
[2024-11-09T19:43:22.633+0000] {processor.py:914} INFO - Processing file /home/chirag/airflow/lib/python3.12/site-packages/airflow/example_dags/example_xcomargs.py for tasks to queue
[2024-11-09T19:43:22.636+0000] {logging_mixin.py:190} INFO - [2024-11-09T19:43:22.636+0000] {dagbag.py:588} INFO - Filling up the DagBag from /home/chirag/airflow/lib/python3.12/site-packages/airflow/example_dags/example_xcomargs.py
[2024-11-09T19:43:22.652+0000] {processor.py:925} INFO - DAG(s) 'example_xcom_args_with_operators', 'example_xcom_args' retrieved from /home/chirag/airflow/lib/python3.12/site-packages/airflow/example_dags/example_xcomargs.py
[2024-11-09T19:43:22.678+0000] {logging_mixin.py:190} INFO - [2024-11-09T19:43:22.678+0000] {dag.py:3239} INFO - Sync 2 DAGs
[2024-11-09T19:43:22.697+0000] {logging_mixin.py:190} INFO - [2024-11-09T19:43:22.696+0000] {dag.py:4180} INFO - Setting next_dagrun for example_xcom_args to None, run_after=None
[2024-11-09T19:43:22.702+0000] {logging_mixin.py:190} INFO - [2024-11-09T19:43:22.701+0000] {dag.py:4180} INFO - Setting next_dagrun for example_xcom_args_with_operators to None, run_after=None
[2024-11-09T19:43:22.736+0000] {processor.py:208} INFO - Processing /home/chirag/airflow/lib/python3.12/site-packages/airflow/example_dags/example_xcomargs.py took 0.115 seconds
[2024-11-09T19:44:02.888+0000] {processor.py:186} INFO - Started process (PID=4273) to work on /home/chirag/airflow/lib/python3.12/site-packages/airflow/example_dags/example_xcomargs.py
[2024-11-09T19:44:02.892+0000] {processor.py:914} INFO - Processing file /home/chirag/airflow/lib/python3.12/site-packages/airflow/example_dags/example_xcomargs.py for tasks to queue
[2024-11-09T19:44:02.897+0000] {logging_mixin.py:190} INFO - [2024-11-09T19:44:02.896+0000] {dagbag.py:588} INFO - Filling up the DagBag from /home/chirag/airflow/lib/python3.12/site-packages/airflow/example_dags/example_xcomargs.py
[2024-11-09T19:44:02.925+0000] {processor.py:925} INFO - DAG(s) 'example_xcom_args_with_operators', 'example_xcom_args' retrieved from /home/chirag/airflow/lib/python3.12/site-packages/airflow/example_dags/example_xcomargs.py
[2024-11-09T19:44:02.970+0000] {logging_mixin.py:190} INFO - [2024-11-09T19:44:02.969+0000] {dag.py:3239} INFO - Sync 2 DAGs
[2024-11-09T19:44:03.003+0000] {logging_mixin.py:190} INFO - [2024-11-09T19:44:03.002+0000] {dag.py:4180} INFO - Setting next_dagrun for example_xcom_args to None, run_after=None
[2024-11-09T19:44:03.008+0000] {logging_mixin.py:190} INFO - [2024-11-09T19:44:03.007+0000] {dag.py:4180} INFO - Setting next_dagrun for example_xcom_args_with_operators to None, run_after=None
[2024-11-09T19:44:03.037+0000] {processor.py:208} INFO - Processing /home/chirag/airflow/lib/python3.12/site-packages/airflow/example_dags/example_xcomargs.py took 0.175 seconds
[2024-11-09T19:44:38.074+0000] {processor.py:186} INFO - Started process (PID=4377) to work on /home/chirag/airflow/lib/python3.12/site-packages/airflow/example_dags/example_xcomargs.py
[2024-11-09T19:44:38.075+0000] {processor.py:914} INFO - Processing file /home/chirag/airflow/lib/python3.12/site-packages/airflow/example_dags/example_xcomargs.py for tasks to queue
[2024-11-09T19:44:38.078+0000] {logging_mixin.py:190} INFO - [2024-11-09T19:44:38.078+0000] {dagbag.py:588} INFO - Filling up the DagBag from /home/chirag/airflow/lib/python3.12/site-packages/airflow/example_dags/example_xcomargs.py
[2024-11-09T19:44:38.094+0000] {processor.py:925} INFO - DAG(s) 'example_xcom_args', 'example_xcom_args_with_operators' retrieved from /home/chirag/airflow/lib/python3.12/site-packages/airflow/example_dags/example_xcomargs.py
[2024-11-09T19:44:38.120+0000] {logging_mixin.py:190} INFO - [2024-11-09T19:44:38.120+0000] {dag.py:3239} INFO - Sync 2 DAGs
[2024-11-09T19:44:38.139+0000] {logging_mixin.py:190} INFO - [2024-11-09T19:44:38.138+0000] {dag.py:4180} INFO - Setting next_dagrun for example_xcom_args to None, run_after=None
[2024-11-09T19:44:38.143+0000] {logging_mixin.py:190} INFO - [2024-11-09T19:44:38.143+0000] {dag.py:4180} INFO - Setting next_dagrun for example_xcom_args_with_operators to None, run_after=None
[2024-11-09T19:44:38.177+0000] {processor.py:208} INFO - Processing /home/chirag/airflow/lib/python3.12/site-packages/airflow/example_dags/example_xcomargs.py took 0.111 seconds
[2024-11-09T19:46:19.038+0000] {processor.py:186} INFO - Started process (PID=4663) to work on /home/chirag/airflow/lib/python3.12/site-packages/airflow/example_dags/example_xcomargs.py
[2024-11-09T19:46:19.041+0000] {processor.py:914} INFO - Processing file /home/chirag/airflow/lib/python3.12/site-packages/airflow/example_dags/example_xcomargs.py for tasks to queue
[2024-11-09T19:46:19.044+0000] {logging_mixin.py:190} INFO - [2024-11-09T19:46:19.044+0000] {dagbag.py:588} INFO - Filling up the DagBag from /home/chirag/airflow/lib/python3.12/site-packages/airflow/example_dags/example_xcomargs.py
[2024-11-09T19:46:19.061+0000] {processor.py:925} INFO - DAG(s) 'example_xcom_args', 'example_xcom_args_with_operators' retrieved from /home/chirag/airflow/lib/python3.12/site-packages/airflow/example_dags/example_xcomargs.py
[2024-11-09T19:46:19.096+0000] {logging_mixin.py:190} INFO - [2024-11-09T19:46:19.096+0000] {dag.py:3239} INFO - Sync 2 DAGs
[2024-11-09T19:46:19.152+0000] {logging_mixin.py:190} INFO - [2024-11-09T19:46:19.151+0000] {dag.py:4180} INFO - Setting next_dagrun for example_xcom_args to None, run_after=None
[2024-11-09T19:46:19.161+0000] {logging_mixin.py:190} INFO - [2024-11-09T19:46:19.160+0000] {dag.py:4180} INFO - Setting next_dagrun for example_xcom_args_with_operators to None, run_after=None
[2024-11-09T19:46:19.215+0000] {processor.py:208} INFO - Processing /home/chirag/airflow/lib/python3.12/site-packages/airflow/example_dags/example_xcomargs.py took 0.187 seconds
[2024-11-09T19:47:07.900+0000] {processor.py:186} INFO - Started process (PID=4841) to work on /home/chirag/airflow/lib/python3.12/site-packages/airflow/example_dags/example_xcomargs.py
[2024-11-09T19:47:07.903+0000] {processor.py:914} INFO - Processing file /home/chirag/airflow/lib/python3.12/site-packages/airflow/example_dags/example_xcomargs.py for tasks to queue
[2024-11-09T19:47:07.907+0000] {logging_mixin.py:190} INFO - [2024-11-09T19:47:07.907+0000] {dagbag.py:588} INFO - Filling up the DagBag from /home/chirag/airflow/lib/python3.12/site-packages/airflow/example_dags/example_xcomargs.py
[2024-11-09T19:47:07.923+0000] {processor.py:925} INFO - DAG(s) 'example_xcom_args', 'example_xcom_args_with_operators' retrieved from /home/chirag/airflow/lib/python3.12/site-packages/airflow/example_dags/example_xcomargs.py
[2024-11-09T19:47:07.950+0000] {logging_mixin.py:190} INFO - [2024-11-09T19:47:07.950+0000] {dag.py:3239} INFO - Sync 2 DAGs
[2024-11-09T19:47:07.968+0000] {logging_mixin.py:190} INFO - [2024-11-09T19:47:07.968+0000] {dag.py:4180} INFO - Setting next_dagrun for example_xcom_args to None, run_after=None
[2024-11-09T19:47:07.973+0000] {logging_mixin.py:190} INFO - [2024-11-09T19:47:07.973+0000] {dag.py:4180} INFO - Setting next_dagrun for example_xcom_args_with_operators to None, run_after=None
[2024-11-09T19:47:08.008+0000] {processor.py:208} INFO - Processing /home/chirag/airflow/lib/python3.12/site-packages/airflow/example_dags/example_xcomargs.py took 0.117 seconds
[2024-11-09T19:47:43.859+0000] {processor.py:186} INFO - Started process (PID=4947) to work on /home/chirag/airflow/lib/python3.12/site-packages/airflow/example_dags/example_xcomargs.py
[2024-11-09T19:47:43.865+0000] {processor.py:914} INFO - Processing file /home/chirag/airflow/lib/python3.12/site-packages/airflow/example_dags/example_xcomargs.py for tasks to queue
[2024-11-09T19:47:43.869+0000] {logging_mixin.py:190} INFO - [2024-11-09T19:47:43.869+0000] {dagbag.py:588} INFO - Filling up the DagBag from /home/chirag/airflow/lib/python3.12/site-packages/airflow/example_dags/example_xcomargs.py
[2024-11-09T19:47:43.891+0000] {processor.py:925} INFO - DAG(s) 'example_xcom_args_with_operators', 'example_xcom_args' retrieved from /home/chirag/airflow/lib/python3.12/site-packages/airflow/example_dags/example_xcomargs.py
[2024-11-09T19:47:43.934+0000] {logging_mixin.py:190} INFO - [2024-11-09T19:47:43.934+0000] {dag.py:3239} INFO - Sync 2 DAGs
[2024-11-09T19:47:43.971+0000] {logging_mixin.py:190} INFO - [2024-11-09T19:47:43.970+0000] {dag.py:4180} INFO - Setting next_dagrun for example_xcom_args to None, run_after=None
[2024-11-09T19:47:43.980+0000] {logging_mixin.py:190} INFO - [2024-11-09T19:47:43.979+0000] {dag.py:4180} INFO - Setting next_dagrun for example_xcom_args_with_operators to None, run_after=None
[2024-11-09T19:47:44.050+0000] {processor.py:208} INFO - Processing /home/chirag/airflow/lib/python3.12/site-packages/airflow/example_dags/example_xcomargs.py took 0.204 seconds
[2024-11-09T19:48:24.390+0000] {processor.py:186} INFO - Started process (PID=5064) to work on /home/chirag/airflow/lib/python3.12/site-packages/airflow/example_dags/example_xcomargs.py
[2024-11-09T19:48:24.393+0000] {processor.py:914} INFO - Processing file /home/chirag/airflow/lib/python3.12/site-packages/airflow/example_dags/example_xcomargs.py for tasks to queue
[2024-11-09T19:48:24.396+0000] {logging_mixin.py:190} INFO - [2024-11-09T19:48:24.396+0000] {dagbag.py:588} INFO - Filling up the DagBag from /home/chirag/airflow/lib/python3.12/site-packages/airflow/example_dags/example_xcomargs.py
[2024-11-09T19:48:24.417+0000] {processor.py:925} INFO - DAG(s) 'example_xcom_args_with_operators', 'example_xcom_args' retrieved from /home/chirag/airflow/lib/python3.12/site-packages/airflow/example_dags/example_xcomargs.py
[2024-11-09T19:48:24.459+0000] {logging_mixin.py:190} INFO - [2024-11-09T19:48:24.459+0000] {dag.py:3239} INFO - Sync 2 DAGs
[2024-11-09T19:48:24.495+0000] {logging_mixin.py:190} INFO - [2024-11-09T19:48:24.494+0000] {dag.py:4180} INFO - Setting next_dagrun for example_xcom_args to None, run_after=None
[2024-11-09T19:48:24.500+0000] {logging_mixin.py:190} INFO - [2024-11-09T19:48:24.500+0000] {dag.py:4180} INFO - Setting next_dagrun for example_xcom_args_with_operators to None, run_after=None
[2024-11-09T19:48:24.536+0000] {processor.py:208} INFO - Processing /home/chirag/airflow/lib/python3.12/site-packages/airflow/example_dags/example_xcomargs.py took 0.155 seconds
[2024-11-09T19:49:01.749+0000] {processor.py:186} INFO - Started process (PID=5175) to work on /home/chirag/airflow/lib/python3.12/site-packages/airflow/example_dags/example_xcomargs.py
[2024-11-09T19:49:01.753+0000] {processor.py:914} INFO - Processing file /home/chirag/airflow/lib/python3.12/site-packages/airflow/example_dags/example_xcomargs.py for tasks to queue
[2024-11-09T19:49:01.756+0000] {logging_mixin.py:190} INFO - [2024-11-09T19:49:01.755+0000] {dagbag.py:588} INFO - Filling up the DagBag from /home/chirag/airflow/lib/python3.12/site-packages/airflow/example_dags/example_xcomargs.py
[2024-11-09T19:49:01.777+0000] {processor.py:925} INFO - DAG(s) 'example_xcom_args_with_operators', 'example_xcom_args' retrieved from /home/chirag/airflow/lib/python3.12/site-packages/airflow/example_dags/example_xcomargs.py
[2024-11-09T19:49:01.816+0000] {logging_mixin.py:190} INFO - [2024-11-09T19:49:01.816+0000] {dag.py:3239} INFO - Sync 2 DAGs
[2024-11-09T19:49:01.839+0000] {logging_mixin.py:190} INFO - [2024-11-09T19:49:01.839+0000] {dag.py:4180} INFO - Setting next_dagrun for example_xcom_args to None, run_after=None
[2024-11-09T19:49:01.845+0000] {logging_mixin.py:190} INFO - [2024-11-09T19:49:01.844+0000] {dag.py:4180} INFO - Setting next_dagrun for example_xcom_args_with_operators to None, run_after=None
[2024-11-09T19:49:01.874+0000] {processor.py:208} INFO - Processing /home/chirag/airflow/lib/python3.12/site-packages/airflow/example_dags/example_xcomargs.py took 0.138 seconds
[2024-11-09T19:49:36.983+0000] {processor.py:186} INFO - Started process (PID=5282) to work on /home/chirag/airflow/lib/python3.12/site-packages/airflow/example_dags/example_xcomargs.py
[2024-11-09T19:49:36.986+0000] {processor.py:914} INFO - Processing file /home/chirag/airflow/lib/python3.12/site-packages/airflow/example_dags/example_xcomargs.py for tasks to queue
[2024-11-09T19:49:36.990+0000] {logging_mixin.py:190} INFO - [2024-11-09T19:49:36.989+0000] {dagbag.py:588} INFO - Filling up the DagBag from /home/chirag/airflow/lib/python3.12/site-packages/airflow/example_dags/example_xcomargs.py
[2024-11-09T19:49:37.006+0000] {processor.py:925} INFO - DAG(s) 'example_xcom_args_with_operators', 'example_xcom_args' retrieved from /home/chirag/airflow/lib/python3.12/site-packages/airflow/example_dags/example_xcomargs.py
[2024-11-09T19:49:37.033+0000] {logging_mixin.py:190} INFO - [2024-11-09T19:49:37.033+0000] {dag.py:3239} INFO - Sync 2 DAGs
[2024-11-09T19:49:37.051+0000] {logging_mixin.py:190} INFO - [2024-11-09T19:49:37.051+0000] {dag.py:4180} INFO - Setting next_dagrun for example_xcom_args to None, run_after=None
[2024-11-09T19:49:37.056+0000] {logging_mixin.py:190} INFO - [2024-11-09T19:49:37.056+0000] {dag.py:4180} INFO - Setting next_dagrun for example_xcom_args_with_operators to None, run_after=None
[2024-11-09T19:49:37.092+0000] {processor.py:208} INFO - Processing /home/chirag/airflow/lib/python3.12/site-packages/airflow/example_dags/example_xcomargs.py took 0.117 seconds
[2024-11-09T19:50:12.315+0000] {processor.py:186} INFO - Started process (PID=5531) to work on /home/chirag/airflow/lib/python3.12/site-packages/airflow/example_dags/example_xcomargs.py
[2024-11-09T19:50:12.320+0000] {processor.py:914} INFO - Processing file /home/chirag/airflow/lib/python3.12/site-packages/airflow/example_dags/example_xcomargs.py for tasks to queue
[2024-11-09T19:50:12.323+0000] {logging_mixin.py:190} INFO - [2024-11-09T19:50:12.323+0000] {dagbag.py:588} INFO - Filling up the DagBag from /home/chirag/airflow/lib/python3.12/site-packages/airflow/example_dags/example_xcomargs.py
[2024-11-09T19:50:12.344+0000] {processor.py:925} INFO - DAG(s) 'example_xcom_args_with_operators', 'example_xcom_args' retrieved from /home/chirag/airflow/lib/python3.12/site-packages/airflow/example_dags/example_xcomargs.py
[2024-11-09T19:50:12.385+0000] {logging_mixin.py:190} INFO - [2024-11-09T19:50:12.385+0000] {dag.py:3239} INFO - Sync 2 DAGs
[2024-11-09T19:50:12.420+0000] {logging_mixin.py:190} INFO - [2024-11-09T19:50:12.419+0000] {dag.py:4180} INFO - Setting next_dagrun for example_xcom_args to None, run_after=None
[2024-11-09T19:50:12.428+0000] {logging_mixin.py:190} INFO - [2024-11-09T19:50:12.428+0000] {dag.py:4180} INFO - Setting next_dagrun for example_xcom_args_with_operators to None, run_after=None
[2024-11-09T19:50:12.478+0000] {processor.py:208} INFO - Processing /home/chirag/airflow/lib/python3.12/site-packages/airflow/example_dags/example_xcomargs.py took 0.171 seconds
[2024-11-09T19:50:48.765+0000] {processor.py:186} INFO - Started process (PID=5761) to work on /home/chirag/airflow/lib/python3.12/site-packages/airflow/example_dags/example_xcomargs.py
[2024-11-09T19:50:48.771+0000] {processor.py:914} INFO - Processing file /home/chirag/airflow/lib/python3.12/site-packages/airflow/example_dags/example_xcomargs.py for tasks to queue
[2024-11-09T19:50:48.775+0000] {logging_mixin.py:190} INFO - [2024-11-09T19:50:48.774+0000] {dagbag.py:588} INFO - Filling up the DagBag from /home/chirag/airflow/lib/python3.12/site-packages/airflow/example_dags/example_xcomargs.py
[2024-11-09T19:50:48.792+0000] {processor.py:925} INFO - DAG(s) 'example_xcom_args_with_operators', 'example_xcom_args' retrieved from /home/chirag/airflow/lib/python3.12/site-packages/airflow/example_dags/example_xcomargs.py
[2024-11-09T19:50:48.818+0000] {logging_mixin.py:190} INFO - [2024-11-09T19:50:48.818+0000] {dag.py:3239} INFO - Sync 2 DAGs
[2024-11-09T19:50:48.839+0000] {logging_mixin.py:190} INFO - [2024-11-09T19:50:48.838+0000] {dag.py:4180} INFO - Setting next_dagrun for example_xcom_args to None, run_after=None
[2024-11-09T19:50:48.844+0000] {logging_mixin.py:190} INFO - [2024-11-09T19:50:48.843+0000] {dag.py:4180} INFO - Setting next_dagrun for example_xcom_args_with_operators to None, run_after=None
[2024-11-09T19:50:48.882+0000] {processor.py:208} INFO - Processing /home/chirag/airflow/lib/python3.12/site-packages/airflow/example_dags/example_xcomargs.py took 0.130 seconds
[2024-11-09T19:51:25.097+0000] {processor.py:186} INFO - Started process (PID=6169) to work on /home/chirag/airflow/lib/python3.12/site-packages/airflow/example_dags/example_xcomargs.py
[2024-11-09T19:51:25.101+0000] {processor.py:914} INFO - Processing file /home/chirag/airflow/lib/python3.12/site-packages/airflow/example_dags/example_xcomargs.py for tasks to queue
[2024-11-09T19:51:25.105+0000] {logging_mixin.py:190} INFO - [2024-11-09T19:51:25.104+0000] {dagbag.py:588} INFO - Filling up the DagBag from /home/chirag/airflow/lib/python3.12/site-packages/airflow/example_dags/example_xcomargs.py
[2024-11-09T19:51:25.127+0000] {processor.py:925} INFO - DAG(s) 'example_xcom_args_with_operators', 'example_xcom_args' retrieved from /home/chirag/airflow/lib/python3.12/site-packages/airflow/example_dags/example_xcomargs.py
[2024-11-09T19:51:25.190+0000] {logging_mixin.py:190} INFO - [2024-11-09T19:51:25.190+0000] {dag.py:3239} INFO - Sync 2 DAGs
[2024-11-09T19:51:25.332+0000] {logging_mixin.py:190} INFO - [2024-11-09T19:51:25.332+0000] {dag.py:4180} INFO - Setting next_dagrun for example_xcom_args to None, run_after=None
[2024-11-09T19:51:25.363+0000] {logging_mixin.py:190} INFO - [2024-11-09T19:51:25.362+0000] {dag.py:4180} INFO - Setting next_dagrun for example_xcom_args_with_operators to None, run_after=None
[2024-11-09T19:51:25.622+0000] {processor.py:208} INFO - Processing /home/chirag/airflow/lib/python3.12/site-packages/airflow/example_dags/example_xcomargs.py took 0.534 seconds
[2024-11-09T19:52:03.904+0000] {processor.py:186} INFO - Started process (PID=6283) to work on /home/chirag/airflow/lib/python3.12/site-packages/airflow/example_dags/example_xcomargs.py
[2024-11-09T19:52:03.910+0000] {processor.py:914} INFO - Processing file /home/chirag/airflow/lib/python3.12/site-packages/airflow/example_dags/example_xcomargs.py for tasks to queue
[2024-11-09T19:52:03.918+0000] {logging_mixin.py:190} INFO - [2024-11-09T19:52:03.916+0000] {dagbag.py:588} INFO - Filling up the DagBag from /home/chirag/airflow/lib/python3.12/site-packages/airflow/example_dags/example_xcomargs.py
[2024-11-09T19:52:03.947+0000] {processor.py:925} INFO - DAG(s) 'example_xcom_args_with_operators', 'example_xcom_args' retrieved from /home/chirag/airflow/lib/python3.12/site-packages/airflow/example_dags/example_xcomargs.py
[2024-11-09T19:52:03.987+0000] {logging_mixin.py:190} INFO - [2024-11-09T19:52:03.986+0000] {dag.py:3239} INFO - Sync 2 DAGs
[2024-11-09T19:52:04.024+0000] {logging_mixin.py:190} INFO - [2024-11-09T19:52:04.023+0000] {dag.py:4180} INFO - Setting next_dagrun for example_xcom_args to None, run_after=None
[2024-11-09T19:52:04.033+0000] {logging_mixin.py:190} INFO - [2024-11-09T19:52:04.032+0000] {dag.py:4180} INFO - Setting next_dagrun for example_xcom_args_with_operators to None, run_after=None
[2024-11-09T19:52:04.079+0000] {processor.py:208} INFO - Processing /home/chirag/airflow/lib/python3.12/site-packages/airflow/example_dags/example_xcomargs.py took 0.188 seconds
[2024-11-09T19:53:04.135+0000] {processor.py:186} INFO - Started process (PID=6574) to work on /home/chirag/airflow/lib/python3.12/site-packages/airflow/example_dags/example_xcomargs.py
[2024-11-09T19:53:04.139+0000] {processor.py:914} INFO - Processing file /home/chirag/airflow/lib/python3.12/site-packages/airflow/example_dags/example_xcomargs.py for tasks to queue
[2024-11-09T19:53:04.146+0000] {logging_mixin.py:190} INFO - [2024-11-09T19:53:04.145+0000] {dagbag.py:588} INFO - Filling up the DagBag from /home/chirag/airflow/lib/python3.12/site-packages/airflow/example_dags/example_xcomargs.py
[2024-11-09T19:53:04.180+0000] {processor.py:925} INFO - DAG(s) 'example_xcom_args_with_operators', 'example_xcom_args' retrieved from /home/chirag/airflow/lib/python3.12/site-packages/airflow/example_dags/example_xcomargs.py
[2024-11-09T19:53:04.243+0000] {logging_mixin.py:190} INFO - [2024-11-09T19:53:04.242+0000] {dag.py:3239} INFO - Sync 2 DAGs
[2024-11-09T19:53:04.270+0000] {logging_mixin.py:190} INFO - [2024-11-09T19:53:04.270+0000] {dag.py:4180} INFO - Setting next_dagrun for example_xcom_args to None, run_after=None
[2024-11-09T19:53:04.277+0000] {logging_mixin.py:190} INFO - [2024-11-09T19:53:04.277+0000] {dag.py:4180} INFO - Setting next_dagrun for example_xcom_args_with_operators to None, run_after=None
[2024-11-09T19:53:04.322+0000] {processor.py:208} INFO - Processing /home/chirag/airflow/lib/python3.12/site-packages/airflow/example_dags/example_xcomargs.py took 0.202 seconds
[2024-11-09T19:53:52.198+0000] {processor.py:186} INFO - Started process (PID=6878) to work on /home/chirag/airflow/lib/python3.12/site-packages/airflow/example_dags/example_xcomargs.py
[2024-11-09T19:53:52.201+0000] {processor.py:914} INFO - Processing file /home/chirag/airflow/lib/python3.12/site-packages/airflow/example_dags/example_xcomargs.py for tasks to queue
[2024-11-09T19:53:52.206+0000] {logging_mixin.py:190} INFO - [2024-11-09T19:53:52.205+0000] {dagbag.py:588} INFO - Filling up the DagBag from /home/chirag/airflow/lib/python3.12/site-packages/airflow/example_dags/example_xcomargs.py
[2024-11-09T19:53:52.225+0000] {processor.py:925} INFO - DAG(s) 'example_xcom_args_with_operators', 'example_xcom_args' retrieved from /home/chirag/airflow/lib/python3.12/site-packages/airflow/example_dags/example_xcomargs.py
[2024-11-09T19:53:52.254+0000] {logging_mixin.py:190} INFO - [2024-11-09T19:53:52.253+0000] {dag.py:3239} INFO - Sync 2 DAGs
[2024-11-09T19:53:52.276+0000] {logging_mixin.py:190} INFO - [2024-11-09T19:53:52.275+0000] {dag.py:4180} INFO - Setting next_dagrun for example_xcom_args to None, run_after=None
[2024-11-09T19:53:52.281+0000] {logging_mixin.py:190} INFO - [2024-11-09T19:53:52.280+0000] {dag.py:4180} INFO - Setting next_dagrun for example_xcom_args_with_operators to None, run_after=None
[2024-11-09T19:53:52.317+0000] {processor.py:208} INFO - Processing /home/chirag/airflow/lib/python3.12/site-packages/airflow/example_dags/example_xcomargs.py took 0.132 seconds
[2024-11-09T19:54:30.096+0000] {processor.py:186} INFO - Started process (PID=7209) to work on /home/chirag/airflow/lib/python3.12/site-packages/airflow/example_dags/example_xcomargs.py
[2024-11-09T19:54:30.100+0000] {processor.py:914} INFO - Processing file /home/chirag/airflow/lib/python3.12/site-packages/airflow/example_dags/example_xcomargs.py for tasks to queue
[2024-11-09T19:54:30.105+0000] {logging_mixin.py:190} INFO - [2024-11-09T19:54:30.104+0000] {dagbag.py:588} INFO - Filling up the DagBag from /home/chirag/airflow/lib/python3.12/site-packages/airflow/example_dags/example_xcomargs.py
[2024-11-09T19:54:30.131+0000] {processor.py:925} INFO - DAG(s) 'example_xcom_args_with_operators', 'example_xcom_args' retrieved from /home/chirag/airflow/lib/python3.12/site-packages/airflow/example_dags/example_xcomargs.py
[2024-11-09T19:54:30.172+0000] {logging_mixin.py:190} INFO - [2024-11-09T19:54:30.172+0000] {dag.py:3239} INFO - Sync 2 DAGs
[2024-11-09T19:54:30.201+0000] {logging_mixin.py:190} INFO - [2024-11-09T19:54:30.200+0000] {dag.py:4180} INFO - Setting next_dagrun for example_xcom_args to None, run_after=None
[2024-11-09T19:54:30.206+0000] {logging_mixin.py:190} INFO - [2024-11-09T19:54:30.206+0000] {dag.py:4180} INFO - Setting next_dagrun for example_xcom_args_with_operators to None, run_after=None
[2024-11-09T19:54:30.250+0000] {processor.py:208} INFO - Processing /home/chirag/airflow/lib/python3.12/site-packages/airflow/example_dags/example_xcomargs.py took 0.168 seconds
[2024-11-09T19:55:06.196+0000] {processor.py:186} INFO - Started process (PID=7481) to work on /home/chirag/airflow/lib/python3.12/site-packages/airflow/example_dags/example_xcomargs.py
[2024-11-09T19:55:06.199+0000] {processor.py:914} INFO - Processing file /home/chirag/airflow/lib/python3.12/site-packages/airflow/example_dags/example_xcomargs.py for tasks to queue
[2024-11-09T19:55:06.203+0000] {logging_mixin.py:190} INFO - [2024-11-09T19:55:06.202+0000] {dagbag.py:588} INFO - Filling up the DagBag from /home/chirag/airflow/lib/python3.12/site-packages/airflow/example_dags/example_xcomargs.py
[2024-11-09T19:55:06.220+0000] {processor.py:925} INFO - DAG(s) 'example_xcom_args_with_operators', 'example_xcom_args' retrieved from /home/chirag/airflow/lib/python3.12/site-packages/airflow/example_dags/example_xcomargs.py
[2024-11-09T19:55:06.250+0000] {logging_mixin.py:190} INFO - [2024-11-09T19:55:06.250+0000] {dag.py:3239} INFO - Sync 2 DAGs
[2024-11-09T19:55:06.271+0000] {logging_mixin.py:190} INFO - [2024-11-09T19:55:06.271+0000] {dag.py:4180} INFO - Setting next_dagrun for example_xcom_args to None, run_after=None
[2024-11-09T19:55:06.277+0000] {logging_mixin.py:190} INFO - [2024-11-09T19:55:06.277+0000] {dag.py:4180} INFO - Setting next_dagrun for example_xcom_args_with_operators to None, run_after=None
[2024-11-09T19:55:06.316+0000] {processor.py:208} INFO - Processing /home/chirag/airflow/lib/python3.12/site-packages/airflow/example_dags/example_xcomargs.py took 0.130 seconds
[2024-11-09T19:55:47.142+0000] {processor.py:186} INFO - Started process (PID=7788) to work on /home/chirag/airflow/lib/python3.12/site-packages/airflow/example_dags/example_xcomargs.py
[2024-11-09T19:55:47.146+0000] {processor.py:914} INFO - Processing file /home/chirag/airflow/lib/python3.12/site-packages/airflow/example_dags/example_xcomargs.py for tasks to queue
[2024-11-09T19:55:47.150+0000] {logging_mixin.py:190} INFO - [2024-11-09T19:55:47.149+0000] {dagbag.py:588} INFO - Filling up the DagBag from /home/chirag/airflow/lib/python3.12/site-packages/airflow/example_dags/example_xcomargs.py
[2024-11-09T19:55:47.168+0000] {processor.py:925} INFO - DAG(s) 'example_xcom_args', 'example_xcom_args_with_operators' retrieved from /home/chirag/airflow/lib/python3.12/site-packages/airflow/example_dags/example_xcomargs.py
[2024-11-09T19:55:47.197+0000] {logging_mixin.py:190} INFO - [2024-11-09T19:55:47.197+0000] {dag.py:3239} INFO - Sync 2 DAGs
[2024-11-09T19:55:47.222+0000] {logging_mixin.py:190} INFO - [2024-11-09T19:55:47.222+0000] {dag.py:4180} INFO - Setting next_dagrun for example_xcom_args to None, run_after=None
[2024-11-09T19:55:47.231+0000] {logging_mixin.py:190} INFO - [2024-11-09T19:55:47.230+0000] {dag.py:4180} INFO - Setting next_dagrun for example_xcom_args_with_operators to None, run_after=None
[2024-11-09T19:55:47.287+0000] {processor.py:208} INFO - Processing /home/chirag/airflow/lib/python3.12/site-packages/airflow/example_dags/example_xcomargs.py took 0.153 seconds
[2024-11-09T19:56:33.110+0000] {processor.py:186} INFO - Started process (PID=7962) to work on /home/chirag/airflow/lib/python3.12/site-packages/airflow/example_dags/example_xcomargs.py
[2024-11-09T19:56:33.113+0000] {processor.py:914} INFO - Processing file /home/chirag/airflow/lib/python3.12/site-packages/airflow/example_dags/example_xcomargs.py for tasks to queue
[2024-11-09T19:56:33.116+0000] {logging_mixin.py:190} INFO - [2024-11-09T19:56:33.115+0000] {dagbag.py:588} INFO - Filling up the DagBag from /home/chirag/airflow/lib/python3.12/site-packages/airflow/example_dags/example_xcomargs.py
[2024-11-09T19:56:33.136+0000] {processor.py:925} INFO - DAG(s) 'example_xcom_args', 'example_xcom_args_with_operators' retrieved from /home/chirag/airflow/lib/python3.12/site-packages/airflow/example_dags/example_xcomargs.py
[2024-11-09T19:56:33.177+0000] {logging_mixin.py:190} INFO - [2024-11-09T19:56:33.176+0000] {dag.py:3239} INFO - Sync 2 DAGs
[2024-11-09T19:56:33.212+0000] {logging_mixin.py:190} INFO - [2024-11-09T19:56:33.211+0000] {dag.py:4180} INFO - Setting next_dagrun for example_xcom_args to None, run_after=None
[2024-11-09T19:56:33.218+0000] {logging_mixin.py:190} INFO - [2024-11-09T19:56:33.217+0000] {dag.py:4180} INFO - Setting next_dagrun for example_xcom_args_with_operators to None, run_after=None
[2024-11-09T19:56:33.268+0000] {processor.py:208} INFO - Processing /home/chirag/airflow/lib/python3.12/site-packages/airflow/example_dags/example_xcomargs.py took 0.173 seconds
[2024-11-09T19:57:37.270+0000] {processor.py:186} INFO - Started process (PID=8143) to work on /home/chirag/airflow/lib/python3.12/site-packages/airflow/example_dags/example_xcomargs.py
[2024-11-09T19:57:37.273+0000] {processor.py:914} INFO - Processing file /home/chirag/airflow/lib/python3.12/site-packages/airflow/example_dags/example_xcomargs.py for tasks to queue
[2024-11-09T19:57:37.277+0000] {logging_mixin.py:190} INFO - [2024-11-09T19:57:37.277+0000] {dagbag.py:588} INFO - Filling up the DagBag from /home/chirag/airflow/lib/python3.12/site-packages/airflow/example_dags/example_xcomargs.py
[2024-11-09T19:57:37.294+0000] {processor.py:925} INFO - DAG(s) 'example_xcom_args', 'example_xcom_args_with_operators' retrieved from /home/chirag/airflow/lib/python3.12/site-packages/airflow/example_dags/example_xcomargs.py
[2024-11-09T19:57:37.322+0000] {logging_mixin.py:190} INFO - [2024-11-09T19:57:37.322+0000] {dag.py:3239} INFO - Sync 2 DAGs
[2024-11-09T19:57:37.341+0000] {logging_mixin.py:190} INFO - [2024-11-09T19:57:37.341+0000] {dag.py:4180} INFO - Setting next_dagrun for example_xcom_args to None, run_after=None
[2024-11-09T19:57:37.347+0000] {logging_mixin.py:190} INFO - [2024-11-09T19:57:37.347+0000] {dag.py:4180} INFO - Setting next_dagrun for example_xcom_args_with_operators to None, run_after=None
[2024-11-09T19:57:37.384+0000] {processor.py:208} INFO - Processing /home/chirag/airflow/lib/python3.12/site-packages/airflow/example_dags/example_xcomargs.py took 0.123 seconds
[2024-11-09T19:58:35.458+0000] {processor.py:186} INFO - Started process (PID=8455) to work on /home/chirag/airflow/lib/python3.12/site-packages/airflow/example_dags/example_xcomargs.py
[2024-11-09T19:58:35.462+0000] {processor.py:914} INFO - Processing file /home/chirag/airflow/lib/python3.12/site-packages/airflow/example_dags/example_xcomargs.py for tasks to queue
[2024-11-09T19:58:35.465+0000] {logging_mixin.py:190} INFO - [2024-11-09T19:58:35.465+0000] {dagbag.py:588} INFO - Filling up the DagBag from /home/chirag/airflow/lib/python3.12/site-packages/airflow/example_dags/example_xcomargs.py
[2024-11-09T19:58:35.486+0000] {processor.py:925} INFO - DAG(s) 'example_xcom_args', 'example_xcom_args_with_operators' retrieved from /home/chirag/airflow/lib/python3.12/site-packages/airflow/example_dags/example_xcomargs.py
[2024-11-09T19:58:35.527+0000] {logging_mixin.py:190} INFO - [2024-11-09T19:58:35.527+0000] {dag.py:3239} INFO - Sync 2 DAGs
[2024-11-09T19:58:35.554+0000] {logging_mixin.py:190} INFO - [2024-11-09T19:58:35.554+0000] {dag.py:4180} INFO - Setting next_dagrun for example_xcom_args to None, run_after=None
[2024-11-09T19:58:35.561+0000] {logging_mixin.py:190} INFO - [2024-11-09T19:58:35.560+0000] {dag.py:4180} INFO - Setting next_dagrun for example_xcom_args_with_operators to None, run_after=None
[2024-11-09T19:58:35.595+0000] {processor.py:208} INFO - Processing /home/chirag/airflow/lib/python3.12/site-packages/airflow/example_dags/example_xcomargs.py took 0.148 seconds
[2024-11-09T20:21:59.933+0000] {processor.py:186} INFO - Started process (PID=12387) to work on /home/chirag/airflow/lib/python3.12/site-packages/airflow/example_dags/example_xcomargs.py
[2024-11-09T20:21:59.936+0000] {processor.py:914} INFO - Processing file /home/chirag/airflow/lib/python3.12/site-packages/airflow/example_dags/example_xcomargs.py for tasks to queue
[2024-11-09T20:21:59.939+0000] {logging_mixin.py:190} INFO - [2024-11-09T20:21:59.938+0000] {dagbag.py:588} INFO - Filling up the DagBag from /home/chirag/airflow/lib/python3.12/site-packages/airflow/example_dags/example_xcomargs.py
[2024-11-09T20:21:59.960+0000] {processor.py:925} INFO - DAG(s) 'example_xcom_args', 'example_xcom_args_with_operators' retrieved from /home/chirag/airflow/lib/python3.12/site-packages/airflow/example_dags/example_xcomargs.py
[2024-11-09T20:22:00.016+0000] {logging_mixin.py:190} INFO - [2024-11-09T20:22:00.014+0000] {dag.py:3239} INFO - Sync 2 DAGs
[2024-11-09T20:22:00.049+0000] {logging_mixin.py:190} INFO - [2024-11-09T20:22:00.048+0000] {dag.py:4180} INFO - Setting next_dagrun for example_xcom_args to None, run_after=None
[2024-11-09T20:22:00.054+0000] {logging_mixin.py:190} INFO - [2024-11-09T20:22:00.054+0000] {dag.py:4180} INFO - Setting next_dagrun for example_xcom_args_with_operators to None, run_after=None
[2024-11-09T20:22:00.121+0000] {processor.py:208} INFO - Processing /home/chirag/airflow/lib/python3.12/site-packages/airflow/example_dags/example_xcomargs.py took 0.199 seconds
[2024-11-09T20:23:19.904+0000] {processor.py:186} INFO - Started process (PID=12798) to work on /home/chirag/airflow/lib/python3.12/site-packages/airflow/example_dags/example_xcomargs.py
[2024-11-09T20:23:19.909+0000] {processor.py:914} INFO - Processing file /home/chirag/airflow/lib/python3.12/site-packages/airflow/example_dags/example_xcomargs.py for tasks to queue
[2024-11-09T20:23:19.913+0000] {logging_mixin.py:190} INFO - [2024-11-09T20:23:19.912+0000] {dagbag.py:588} INFO - Filling up the DagBag from /home/chirag/airflow/lib/python3.12/site-packages/airflow/example_dags/example_xcomargs.py
[2024-11-09T20:23:19.929+0000] {processor.py:925} INFO - DAG(s) 'example_xcom_args', 'example_xcom_args_with_operators' retrieved from /home/chirag/airflow/lib/python3.12/site-packages/airflow/example_dags/example_xcomargs.py
[2024-11-09T20:23:19.957+0000] {logging_mixin.py:190} INFO - [2024-11-09T20:23:19.957+0000] {dag.py:3239} INFO - Sync 2 DAGs
[2024-11-09T20:23:19.976+0000] {logging_mixin.py:190} INFO - [2024-11-09T20:23:19.976+0000] {dag.py:4180} INFO - Setting next_dagrun for example_xcom_args to None, run_after=None
[2024-11-09T20:23:19.981+0000] {logging_mixin.py:190} INFO - [2024-11-09T20:23:19.980+0000] {dag.py:4180} INFO - Setting next_dagrun for example_xcom_args_with_operators to None, run_after=None
[2024-11-09T20:23:20.016+0000] {processor.py:208} INFO - Processing /home/chirag/airflow/lib/python3.12/site-packages/airflow/example_dags/example_xcomargs.py took 0.122 seconds
[2024-11-09T20:23:58.570+0000] {processor.py:186} INFO - Started process (PID=12912) to work on /home/chirag/airflow/lib/python3.12/site-packages/airflow/example_dags/example_xcomargs.py
[2024-11-09T20:23:58.574+0000] {processor.py:914} INFO - Processing file /home/chirag/airflow/lib/python3.12/site-packages/airflow/example_dags/example_xcomargs.py for tasks to queue
[2024-11-09T20:23:58.578+0000] {logging_mixin.py:190} INFO - [2024-11-09T20:23:58.577+0000] {dagbag.py:588} INFO - Filling up the DagBag from /home/chirag/airflow/lib/python3.12/site-packages/airflow/example_dags/example_xcomargs.py
[2024-11-09T20:23:58.593+0000] {processor.py:925} INFO - DAG(s) 'example_xcom_args', 'example_xcom_args_with_operators' retrieved from /home/chirag/airflow/lib/python3.12/site-packages/airflow/example_dags/example_xcomargs.py
[2024-11-09T20:23:58.618+0000] {logging_mixin.py:190} INFO - [2024-11-09T20:23:58.618+0000] {dag.py:3239} INFO - Sync 2 DAGs
[2024-11-09T20:23:58.638+0000] {logging_mixin.py:190} INFO - [2024-11-09T20:23:58.637+0000] {dag.py:4180} INFO - Setting next_dagrun for example_xcom_args to None, run_after=None
[2024-11-09T20:23:58.643+0000] {logging_mixin.py:190} INFO - [2024-11-09T20:23:58.642+0000] {dag.py:4180} INFO - Setting next_dagrun for example_xcom_args_with_operators to None, run_after=None
[2024-11-09T20:23:58.679+0000] {processor.py:208} INFO - Processing /home/chirag/airflow/lib/python3.12/site-packages/airflow/example_dags/example_xcomargs.py took 0.117 seconds
[2024-11-09T20:24:35.345+0000] {processor.py:186} INFO - Started process (PID=13016) to work on /home/chirag/airflow/lib/python3.12/site-packages/airflow/example_dags/example_xcomargs.py
[2024-11-09T20:24:35.350+0000] {processor.py:914} INFO - Processing file /home/chirag/airflow/lib/python3.12/site-packages/airflow/example_dags/example_xcomargs.py for tasks to queue
[2024-11-09T20:24:35.354+0000] {logging_mixin.py:190} INFO - [2024-11-09T20:24:35.353+0000] {dagbag.py:588} INFO - Filling up the DagBag from /home/chirag/airflow/lib/python3.12/site-packages/airflow/example_dags/example_xcomargs.py
[2024-11-09T20:24:35.369+0000] {processor.py:925} INFO - DAG(s) 'example_xcom_args_with_operators', 'example_xcom_args' retrieved from /home/chirag/airflow/lib/python3.12/site-packages/airflow/example_dags/example_xcomargs.py
[2024-11-09T20:24:35.395+0000] {logging_mixin.py:190} INFO - [2024-11-09T20:24:35.395+0000] {dag.py:3239} INFO - Sync 2 DAGs
[2024-11-09T20:24:35.413+0000] {logging_mixin.py:190} INFO - [2024-11-09T20:24:35.412+0000] {dag.py:4180} INFO - Setting next_dagrun for example_xcom_args to None, run_after=None
[2024-11-09T20:24:35.417+0000] {logging_mixin.py:190} INFO - [2024-11-09T20:24:35.417+0000] {dag.py:4180} INFO - Setting next_dagrun for example_xcom_args_with_operators to None, run_after=None
[2024-11-09T20:24:35.448+0000] {processor.py:208} INFO - Processing /home/chirag/airflow/lib/python3.12/site-packages/airflow/example_dags/example_xcomargs.py took 0.112 seconds
[2024-11-09T20:25:12.963+0000] {processor.py:186} INFO - Started process (PID=13120) to work on /home/chirag/airflow/lib/python3.12/site-packages/airflow/example_dags/example_xcomargs.py
[2024-11-09T20:25:12.965+0000] {processor.py:914} INFO - Processing file /home/chirag/airflow/lib/python3.12/site-packages/airflow/example_dags/example_xcomargs.py for tasks to queue
[2024-11-09T20:25:12.969+0000] {logging_mixin.py:190} INFO - [2024-11-09T20:25:12.969+0000] {dagbag.py:588} INFO - Filling up the DagBag from /home/chirag/airflow/lib/python3.12/site-packages/airflow/example_dags/example_xcomargs.py
[2024-11-09T20:25:12.984+0000] {processor.py:925} INFO - DAG(s) 'example_xcom_args_with_operators', 'example_xcom_args' retrieved from /home/chirag/airflow/lib/python3.12/site-packages/airflow/example_dags/example_xcomargs.py
[2024-11-09T20:25:13.010+0000] {logging_mixin.py:190} INFO - [2024-11-09T20:25:13.010+0000] {dag.py:3239} INFO - Sync 2 DAGs
[2024-11-09T20:25:13.030+0000] {logging_mixin.py:190} INFO - [2024-11-09T20:25:13.029+0000] {dag.py:4180} INFO - Setting next_dagrun for example_xcom_args to None, run_after=None
[2024-11-09T20:25:13.035+0000] {logging_mixin.py:190} INFO - [2024-11-09T20:25:13.035+0000] {dag.py:4180} INFO - Setting next_dagrun for example_xcom_args_with_operators to None, run_after=None
[2024-11-09T20:25:13.068+0000] {processor.py:208} INFO - Processing /home/chirag/airflow/lib/python3.12/site-packages/airflow/example_dags/example_xcomargs.py took 0.113 seconds
[2024-11-09T20:26:09.303+0000] {processor.py:186} INFO - Started process (PID=13465) to work on /home/chirag/airflow/lib/python3.12/site-packages/airflow/example_dags/example_xcomargs.py
[2024-11-09T20:26:09.309+0000] {processor.py:914} INFO - Processing file /home/chirag/airflow/lib/python3.12/site-packages/airflow/example_dags/example_xcomargs.py for tasks to queue
[2024-11-09T20:26:09.312+0000] {logging_mixin.py:190} INFO - [2024-11-09T20:26:09.312+0000] {dagbag.py:588} INFO - Filling up the DagBag from /home/chirag/airflow/lib/python3.12/site-packages/airflow/example_dags/example_xcomargs.py
[2024-11-09T20:26:09.328+0000] {processor.py:925} INFO - DAG(s) 'example_xcom_args', 'example_xcom_args_with_operators' retrieved from /home/chirag/airflow/lib/python3.12/site-packages/airflow/example_dags/example_xcomargs.py
[2024-11-09T20:26:09.354+0000] {logging_mixin.py:190} INFO - [2024-11-09T20:26:09.354+0000] {dag.py:3239} INFO - Sync 2 DAGs
[2024-11-09T20:26:09.373+0000] {logging_mixin.py:190} INFO - [2024-11-09T20:26:09.373+0000] {dag.py:4180} INFO - Setting next_dagrun for example_xcom_args to None, run_after=None
[2024-11-09T20:26:09.381+0000] {logging_mixin.py:190} INFO - [2024-11-09T20:26:09.381+0000] {dag.py:4180} INFO - Setting next_dagrun for example_xcom_args_with_operators to None, run_after=None
[2024-11-09T20:26:09.433+0000] {processor.py:208} INFO - Processing /home/chirag/airflow/lib/python3.12/site-packages/airflow/example_dags/example_xcomargs.py took 0.138 seconds
[2024-11-09T20:27:09.320+0000] {processor.py:186} INFO - Started process (PID=13797) to work on /home/chirag/airflow/lib/python3.12/site-packages/airflow/example_dags/example_xcomargs.py
[2024-11-09T20:27:09.323+0000] {processor.py:914} INFO - Processing file /home/chirag/airflow/lib/python3.12/site-packages/airflow/example_dags/example_xcomargs.py for tasks to queue
[2024-11-09T20:27:09.327+0000] {logging_mixin.py:190} INFO - [2024-11-09T20:27:09.326+0000] {dagbag.py:588} INFO - Filling up the DagBag from /home/chirag/airflow/lib/python3.12/site-packages/airflow/example_dags/example_xcomargs.py
[2024-11-09T20:27:09.343+0000] {processor.py:925} INFO - DAG(s) 'example_xcom_args', 'example_xcom_args_with_operators' retrieved from /home/chirag/airflow/lib/python3.12/site-packages/airflow/example_dags/example_xcomargs.py
[2024-11-09T20:27:09.378+0000] {logging_mixin.py:190} INFO - [2024-11-09T20:27:09.377+0000] {dag.py:3239} INFO - Sync 2 DAGs
[2024-11-09T20:27:09.418+0000] {logging_mixin.py:190} INFO - [2024-11-09T20:27:09.414+0000] {dag.py:4180} INFO - Setting next_dagrun for example_xcom_args to None, run_after=None
[2024-11-09T20:27:09.425+0000] {logging_mixin.py:190} INFO - [2024-11-09T20:27:09.424+0000] {dag.py:4180} INFO - Setting next_dagrun for example_xcom_args_with_operators to None, run_after=None
[2024-11-09T20:27:09.476+0000] {processor.py:208} INFO - Processing /home/chirag/airflow/lib/python3.12/site-packages/airflow/example_dags/example_xcomargs.py took 0.163 seconds
[2024-11-09T20:27:58.747+0000] {processor.py:186} INFO - Started process (PID=13957) to work on /home/chirag/airflow/lib/python3.12/site-packages/airflow/example_dags/example_xcomargs.py
[2024-11-09T20:27:58.749+0000] {processor.py:914} INFO - Processing file /home/chirag/airflow/lib/python3.12/site-packages/airflow/example_dags/example_xcomargs.py for tasks to queue
[2024-11-09T20:27:58.752+0000] {logging_mixin.py:190} INFO - [2024-11-09T20:27:58.752+0000] {dagbag.py:588} INFO - Filling up the DagBag from /home/chirag/airflow/lib/python3.12/site-packages/airflow/example_dags/example_xcomargs.py
[2024-11-09T20:27:58.770+0000] {processor.py:925} INFO - DAG(s) 'example_xcom_args_with_operators', 'example_xcom_args' retrieved from /home/chirag/airflow/lib/python3.12/site-packages/airflow/example_dags/example_xcomargs.py
[2024-11-09T20:27:58.801+0000] {logging_mixin.py:190} INFO - [2024-11-09T20:27:58.801+0000] {dag.py:3239} INFO - Sync 2 DAGs
[2024-11-09T20:27:58.821+0000] {logging_mixin.py:190} INFO - [2024-11-09T20:27:58.821+0000] {dag.py:4180} INFO - Setting next_dagrun for example_xcom_args to None, run_after=None
[2024-11-09T20:27:58.832+0000] {logging_mixin.py:190} INFO - [2024-11-09T20:27:58.831+0000] {dag.py:4180} INFO - Setting next_dagrun for example_xcom_args_with_operators to None, run_after=None
[2024-11-09T20:27:58.873+0000] {processor.py:208} INFO - Processing /home/chirag/airflow/lib/python3.12/site-packages/airflow/example_dags/example_xcomargs.py took 0.135 seconds
