[2024-11-09T19:17:00.720+0000] {processor.py:186} INFO - Started process (PID=94656) to work on /home/chirag/airflow/lib/python3.12/site-packages/airflow/example_dags/example_trigger_controller_dag.py
[2024-11-09T19:17:00.721+0000] {processor.py:914} INFO - Processing file /home/chirag/airflow/lib/python3.12/site-packages/airflow/example_dags/example_trigger_controller_dag.py for tasks to queue
[2024-11-09T19:17:00.725+0000] {logging_mixin.py:190} INFO - [2024-11-09T19:17:00.725+0000] {dagbag.py:588} INFO - Filling up the DagBag from /home/chirag/airflow/lib/python3.12/site-packages/airflow/example_dags/example_trigger_controller_dag.py
[2024-11-09T19:17:00.736+0000] {processor.py:925} INFO - DAG(s) 'example_trigger_controller_dag' retrieved from /home/chirag/airflow/lib/python3.12/site-packages/airflow/example_dags/example_trigger_controller_dag.py
[2024-11-09T19:17:00.926+0000] {logging_mixin.py:190} INFO - [2024-11-09T19:17:00.924+0000] {override.py:1911} INFO - Created Permission View: can delete on DAG:example_trigger_controller_dag
[2024-11-09T19:17:00.950+0000] {logging_mixin.py:190} INFO - [2024-11-09T19:17:00.949+0000] {override.py:1911} INFO - Created Permission View: can read on DAG:example_trigger_controller_dag
[2024-11-09T19:17:00.972+0000] {logging_mixin.py:190} INFO - [2024-11-09T19:17:00.971+0000] {override.py:1911} INFO - Created Permission View: can edit on DAG:example_trigger_controller_dag
[2024-11-09T19:17:01.007+0000] {logging_mixin.py:190} INFO - [2024-11-09T19:17:01.007+0000] {override.py:1911} INFO - Created Permission View: menu access on DAG Run:example_trigger_controller_dag
[2024-11-09T19:17:01.028+0000] {logging_mixin.py:190} INFO - [2024-11-09T19:17:01.028+0000] {override.py:1911} INFO - Created Permission View: can delete on DAG Run:example_trigger_controller_dag
[2024-11-09T19:17:01.048+0000] {logging_mixin.py:190} INFO - [2024-11-09T19:17:01.047+0000] {override.py:1911} INFO - Created Permission View: can read on DAG Run:example_trigger_controller_dag
[2024-11-09T19:17:01.066+0000] {logging_mixin.py:190} INFO - [2024-11-09T19:17:01.066+0000] {override.py:1911} INFO - Created Permission View: can create on DAG Run:example_trigger_controller_dag
[2024-11-09T19:17:01.067+0000] {logging_mixin.py:190} INFO - [2024-11-09T19:17:01.067+0000] {dag.py:3239} INFO - Sync 1 DAGs
[2024-11-09T19:17:01.084+0000] {logging_mixin.py:190} INFO - [2024-11-09T19:17:01.084+0000] {dag.py:3262} INFO - Creating ORM DAG for example_trigger_controller_dag
[2024-11-09T19:17:01.096+0000] {logging_mixin.py:190} INFO - [2024-11-09T19:17:01.095+0000] {dag.py:4180} INFO - Setting next_dagrun for example_trigger_controller_dag to 2021-01-01 00:00:00+00:00, run_after=2021-01-01 00:00:00+00:00
[2024-11-09T19:17:01.136+0000] {processor.py:208} INFO - Processing /home/chirag/airflow/lib/python3.12/site-packages/airflow/example_dags/example_trigger_controller_dag.py took 0.425 seconds
[2024-11-09T19:18:44.370+0000] {processor.py:186} INFO - Started process (PID=94861) to work on /home/chirag/airflow/lib/python3.12/site-packages/airflow/example_dags/example_trigger_controller_dag.py
[2024-11-09T19:18:44.374+0000] {processor.py:914} INFO - Processing file /home/chirag/airflow/lib/python3.12/site-packages/airflow/example_dags/example_trigger_controller_dag.py for tasks to queue
[2024-11-09T19:18:44.379+0000] {logging_mixin.py:190} INFO - [2024-11-09T19:18:44.378+0000] {dagbag.py:588} INFO - Filling up the DagBag from /home/chirag/airflow/lib/python3.12/site-packages/airflow/example_dags/example_trigger_controller_dag.py
[2024-11-09T19:18:44.406+0000] {processor.py:925} INFO - DAG(s) 'example_trigger_controller_dag' retrieved from /home/chirag/airflow/lib/python3.12/site-packages/airflow/example_dags/example_trigger_controller_dag.py
[2024-11-09T19:18:44.457+0000] {logging_mixin.py:190} INFO - [2024-11-09T19:18:44.456+0000] {dag.py:3239} INFO - Sync 1 DAGs
[2024-11-09T19:18:44.518+0000] {logging_mixin.py:190} INFO - [2024-11-09T19:18:44.517+0000] {dag.py:4180} INFO - Setting next_dagrun for example_trigger_controller_dag to 2021-01-01 00:00:00+00:00, run_after=2021-01-01 00:00:00+00:00
[2024-11-09T19:18:44.619+0000] {processor.py:208} INFO - Processing /home/chirag/airflow/lib/python3.12/site-packages/airflow/example_dags/example_trigger_controller_dag.py took 0.262 seconds
[2024-11-09T19:28:02.961+0000] {processor.py:186} INFO - Started process (PID=483) to work on /home/chirag/airflow/lib/python3.12/site-packages/airflow/example_dags/example_trigger_controller_dag.py
[2024-11-09T19:28:02.964+0000] {processor.py:914} INFO - Processing file /home/chirag/airflow/lib/python3.12/site-packages/airflow/example_dags/example_trigger_controller_dag.py for tasks to queue
[2024-11-09T19:28:02.970+0000] {logging_mixin.py:190} INFO - [2024-11-09T19:28:02.969+0000] {dagbag.py:588} INFO - Filling up the DagBag from /home/chirag/airflow/lib/python3.12/site-packages/airflow/example_dags/example_trigger_controller_dag.py
[2024-11-09T19:28:02.980+0000] {processor.py:925} INFO - DAG(s) 'example_trigger_controller_dag' retrieved from /home/chirag/airflow/lib/python3.12/site-packages/airflow/example_dags/example_trigger_controller_dag.py
[2024-11-09T19:28:03.001+0000] {logging_mixin.py:190} INFO - [2024-11-09T19:28:03.001+0000] {dag.py:3239} INFO - Sync 1 DAGs
[2024-11-09T19:28:03.030+0000] {logging_mixin.py:190} INFO - [2024-11-09T19:28:03.029+0000] {dag.py:4180} INFO - Setting next_dagrun for example_trigger_controller_dag to 2021-01-01 00:00:00+00:00, run_after=2021-01-01 00:00:00+00:00
[2024-11-09T19:28:03.092+0000] {processor.py:208} INFO - Processing /home/chirag/airflow/lib/python3.12/site-packages/airflow/example_dags/example_trigger_controller_dag.py took 0.144 seconds
[2024-11-09T19:29:18.073+0000] {processor.py:186} INFO - Started process (PID=571) to work on /home/chirag/airflow/lib/python3.12/site-packages/airflow/example_dags/example_trigger_controller_dag.py
[2024-11-09T19:29:18.076+0000] {processor.py:914} INFO - Processing file /home/chirag/airflow/lib/python3.12/site-packages/airflow/example_dags/example_trigger_controller_dag.py for tasks to queue
[2024-11-09T19:29:18.080+0000] {logging_mixin.py:190} INFO - [2024-11-09T19:29:18.079+0000] {dagbag.py:588} INFO - Filling up the DagBag from /home/chirag/airflow/lib/python3.12/site-packages/airflow/example_dags/example_trigger_controller_dag.py
[2024-11-09T19:29:18.089+0000] {processor.py:925} INFO - DAG(s) 'example_trigger_controller_dag' retrieved from /home/chirag/airflow/lib/python3.12/site-packages/airflow/example_dags/example_trigger_controller_dag.py
[2024-11-09T19:29:18.110+0000] {logging_mixin.py:190} INFO - [2024-11-09T19:29:18.110+0000] {dag.py:3239} INFO - Sync 1 DAGs
[2024-11-09T19:29:18.137+0000] {logging_mixin.py:190} INFO - [2024-11-09T19:29:18.136+0000] {dag.py:4180} INFO - Setting next_dagrun for example_trigger_controller_dag to 2021-01-01 00:00:00+00:00, run_after=2021-01-01 00:00:00+00:00
[2024-11-09T19:29:18.171+0000] {processor.py:208} INFO - Processing /home/chirag/airflow/lib/python3.12/site-packages/airflow/example_dags/example_trigger_controller_dag.py took 0.106 seconds
[2024-11-09T19:30:35.294+0000] {processor.py:186} INFO - Started process (PID=646) to work on /home/chirag/airflow/lib/python3.12/site-packages/airflow/example_dags/example_trigger_controller_dag.py
[2024-11-09T19:30:35.298+0000] {processor.py:914} INFO - Processing file /home/chirag/airflow/lib/python3.12/site-packages/airflow/example_dags/example_trigger_controller_dag.py for tasks to queue
[2024-11-09T19:30:35.302+0000] {logging_mixin.py:190} INFO - [2024-11-09T19:30:35.302+0000] {dagbag.py:588} INFO - Filling up the DagBag from /home/chirag/airflow/lib/python3.12/site-packages/airflow/example_dags/example_trigger_controller_dag.py
[2024-11-09T19:30:35.315+0000] {processor.py:925} INFO - DAG(s) 'example_trigger_controller_dag' retrieved from /home/chirag/airflow/lib/python3.12/site-packages/airflow/example_dags/example_trigger_controller_dag.py
[2024-11-09T19:30:35.339+0000] {logging_mixin.py:190} INFO - [2024-11-09T19:30:35.339+0000] {dag.py:3239} INFO - Sync 1 DAGs
[2024-11-09T19:30:35.369+0000] {logging_mixin.py:190} INFO - [2024-11-09T19:30:35.368+0000] {dag.py:4180} INFO - Setting next_dagrun for example_trigger_controller_dag to 2021-01-01 00:00:00+00:00, run_after=2021-01-01 00:00:00+00:00
[2024-11-09T19:30:35.403+0000] {processor.py:208} INFO - Processing /home/chirag/airflow/lib/python3.12/site-packages/airflow/example_dags/example_trigger_controller_dag.py took 0.117 seconds
[2024-11-09T19:32:08.444+0000] {processor.py:186} INFO - Started process (PID=1144) to work on /home/chirag/airflow/lib/python3.12/site-packages/airflow/example_dags/example_trigger_controller_dag.py
[2024-11-09T19:32:08.467+0000] {processor.py:914} INFO - Processing file /home/chirag/airflow/lib/python3.12/site-packages/airflow/example_dags/example_trigger_controller_dag.py for tasks to queue
[2024-11-09T19:32:08.484+0000] {logging_mixin.py:190} INFO - [2024-11-09T19:32:08.473+0000] {dagbag.py:588} INFO - Filling up the DagBag from /home/chirag/airflow/lib/python3.12/site-packages/airflow/example_dags/example_trigger_controller_dag.py
[2024-11-09T19:32:08.534+0000] {processor.py:925} INFO - DAG(s) 'example_trigger_controller_dag' retrieved from /home/chirag/airflow/lib/python3.12/site-packages/airflow/example_dags/example_trigger_controller_dag.py
[2024-11-09T19:32:08.644+0000] {logging_mixin.py:190} INFO - [2024-11-09T19:32:08.644+0000] {dag.py:3239} INFO - Sync 1 DAGs
[2024-11-09T19:32:08.796+0000] {logging_mixin.py:190} INFO - [2024-11-09T19:32:08.795+0000] {dag.py:4180} INFO - Setting next_dagrun for example_trigger_controller_dag to 2021-01-01 00:00:00+00:00, run_after=2021-01-01 00:00:00+00:00
[2024-11-09T19:32:09.067+0000] {processor.py:208} INFO - Processing /home/chirag/airflow/lib/python3.12/site-packages/airflow/example_dags/example_trigger_controller_dag.py took 0.684 seconds
[2024-11-09T19:33:23.547+0000] {processor.py:186} INFO - Started process (PID=1826) to work on /home/chirag/airflow/lib/python3.12/site-packages/airflow/example_dags/example_trigger_controller_dag.py
[2024-11-09T19:33:23.551+0000] {processor.py:914} INFO - Processing file /home/chirag/airflow/lib/python3.12/site-packages/airflow/example_dags/example_trigger_controller_dag.py for tasks to queue
[2024-11-09T19:33:23.555+0000] {logging_mixin.py:190} INFO - [2024-11-09T19:33:23.554+0000] {dagbag.py:588} INFO - Filling up the DagBag from /home/chirag/airflow/lib/python3.12/site-packages/airflow/example_dags/example_trigger_controller_dag.py
[2024-11-09T19:33:23.572+0000] {processor.py:925} INFO - DAG(s) 'example_trigger_controller_dag' retrieved from /home/chirag/airflow/lib/python3.12/site-packages/airflow/example_dags/example_trigger_controller_dag.py
[2024-11-09T19:33:23.598+0000] {logging_mixin.py:190} INFO - [2024-11-09T19:33:23.598+0000] {dag.py:3239} INFO - Sync 1 DAGs
[2024-11-09T19:33:23.629+0000] {logging_mixin.py:190} INFO - [2024-11-09T19:33:23.629+0000] {dag.py:4180} INFO - Setting next_dagrun for example_trigger_controller_dag to 2021-01-01 00:00:00+00:00, run_after=2021-01-01 00:00:00+00:00
[2024-11-09T19:33:23.675+0000] {processor.py:208} INFO - Processing /home/chirag/airflow/lib/python3.12/site-packages/airflow/example_dags/example_trigger_controller_dag.py took 0.141 seconds
[2024-11-09T19:34:43.363+0000] {processor.py:186} INFO - Started process (PID=2393) to work on /home/chirag/airflow/lib/python3.12/site-packages/airflow/example_dags/example_trigger_controller_dag.py
[2024-11-09T19:34:43.365+0000] {processor.py:914} INFO - Processing file /home/chirag/airflow/lib/python3.12/site-packages/airflow/example_dags/example_trigger_controller_dag.py for tasks to queue
[2024-11-09T19:34:43.368+0000] {logging_mixin.py:190} INFO - [2024-11-09T19:34:43.368+0000] {dagbag.py:588} INFO - Filling up the DagBag from /home/chirag/airflow/lib/python3.12/site-packages/airflow/example_dags/example_trigger_controller_dag.py
[2024-11-09T19:34:43.379+0000] {processor.py:925} INFO - DAG(s) 'example_trigger_controller_dag' retrieved from /home/chirag/airflow/lib/python3.12/site-packages/airflow/example_dags/example_trigger_controller_dag.py
[2024-11-09T19:34:43.548+0000] {logging_mixin.py:190} INFO - [2024-11-09T19:34:43.548+0000] {dag.py:3239} INFO - Sync 1 DAGs
[2024-11-09T19:34:43.573+0000] {logging_mixin.py:190} INFO - [2024-11-09T19:34:43.572+0000] {dag.py:4180} INFO - Setting next_dagrun for example_trigger_controller_dag to 2021-01-01 00:00:00+00:00, run_after=2021-01-01 00:00:00+00:00
[2024-11-09T19:34:43.612+0000] {processor.py:208} INFO - Processing /home/chirag/airflow/lib/python3.12/site-packages/airflow/example_dags/example_trigger_controller_dag.py took 0.259 seconds
[2024-11-09T19:36:13.834+0000] {processor.py:186} INFO - Started process (PID=2778) to work on /home/chirag/airflow/lib/python3.12/site-packages/airflow/example_dags/example_trigger_controller_dag.py
[2024-11-09T19:36:13.837+0000] {processor.py:914} INFO - Processing file /home/chirag/airflow/lib/python3.12/site-packages/airflow/example_dags/example_trigger_controller_dag.py for tasks to queue
[2024-11-09T19:36:13.841+0000] {logging_mixin.py:190} INFO - [2024-11-09T19:36:13.840+0000] {dagbag.py:588} INFO - Filling up the DagBag from /home/chirag/airflow/lib/python3.12/site-packages/airflow/example_dags/example_trigger_controller_dag.py
[2024-11-09T19:36:13.851+0000] {processor.py:925} INFO - DAG(s) 'example_trigger_controller_dag' retrieved from /home/chirag/airflow/lib/python3.12/site-packages/airflow/example_dags/example_trigger_controller_dag.py
[2024-11-09T19:36:13.871+0000] {logging_mixin.py:190} INFO - [2024-11-09T19:36:13.871+0000] {dag.py:3239} INFO - Sync 1 DAGs
[2024-11-09T19:36:13.899+0000] {logging_mixin.py:190} INFO - [2024-11-09T19:36:13.899+0000] {dag.py:4180} INFO - Setting next_dagrun for example_trigger_controller_dag to 2021-01-01 00:00:00+00:00, run_after=2021-01-01 00:00:00+00:00
[2024-11-09T19:36:13.936+0000] {processor.py:208} INFO - Processing /home/chirag/airflow/lib/python3.12/site-packages/airflow/example_dags/example_trigger_controller_dag.py took 0.110 seconds
[2024-11-09T19:37:25.486+0000] {processor.py:186} INFO - Started process (PID=2980) to work on /home/chirag/airflow/lib/python3.12/site-packages/airflow/example_dags/example_trigger_controller_dag.py
[2024-11-09T19:37:25.492+0000] {processor.py:914} INFO - Processing file /home/chirag/airflow/lib/python3.12/site-packages/airflow/example_dags/example_trigger_controller_dag.py for tasks to queue
[2024-11-09T19:37:25.496+0000] {logging_mixin.py:190} INFO - [2024-11-09T19:37:25.495+0000] {dagbag.py:588} INFO - Filling up the DagBag from /home/chirag/airflow/lib/python3.12/site-packages/airflow/example_dags/example_trigger_controller_dag.py
[2024-11-09T19:37:25.507+0000] {processor.py:925} INFO - DAG(s) 'example_trigger_controller_dag' retrieved from /home/chirag/airflow/lib/python3.12/site-packages/airflow/example_dags/example_trigger_controller_dag.py
[2024-11-09T19:37:25.529+0000] {logging_mixin.py:190} INFO - [2024-11-09T19:37:25.529+0000] {dag.py:3239} INFO - Sync 1 DAGs
[2024-11-09T19:37:25.557+0000] {logging_mixin.py:190} INFO - [2024-11-09T19:37:25.557+0000] {dag.py:4180} INFO - Setting next_dagrun for example_trigger_controller_dag to 2021-01-01 00:00:00+00:00, run_after=2021-01-01 00:00:00+00:00
[2024-11-09T19:37:25.598+0000] {processor.py:208} INFO - Processing /home/chirag/airflow/lib/python3.12/site-packages/airflow/example_dags/example_trigger_controller_dag.py took 0.120 seconds
[2024-11-09T19:38:38.196+0000] {processor.py:186} INFO - Started process (PID=3361) to work on /home/chirag/airflow/lib/python3.12/site-packages/airflow/example_dags/example_trigger_controller_dag.py
[2024-11-09T19:38:38.201+0000] {processor.py:914} INFO - Processing file /home/chirag/airflow/lib/python3.12/site-packages/airflow/example_dags/example_trigger_controller_dag.py for tasks to queue
[2024-11-09T19:38:38.206+0000] {logging_mixin.py:190} INFO - [2024-11-09T19:38:38.205+0000] {dagbag.py:588} INFO - Filling up the DagBag from /home/chirag/airflow/lib/python3.12/site-packages/airflow/example_dags/example_trigger_controller_dag.py
[2024-11-09T19:38:38.253+0000] {processor.py:925} INFO - DAG(s) 'example_trigger_controller_dag' retrieved from /home/chirag/airflow/lib/python3.12/site-packages/airflow/example_dags/example_trigger_controller_dag.py
[2024-11-09T19:38:38.376+0000] {logging_mixin.py:190} INFO - [2024-11-09T19:38:38.375+0000] {dag.py:3239} INFO - Sync 1 DAGs
[2024-11-09T19:38:38.456+0000] {logging_mixin.py:190} INFO - [2024-11-09T19:38:38.456+0000] {dag.py:4180} INFO - Setting next_dagrun for example_trigger_controller_dag to 2021-01-01 00:00:00+00:00, run_after=2021-01-01 00:00:00+00:00
[2024-11-09T19:38:38.575+0000] {processor.py:208} INFO - Processing /home/chirag/airflow/lib/python3.12/site-packages/airflow/example_dags/example_trigger_controller_dag.py took 0.395 seconds
[2024-11-09T19:40:04.270+0000] {processor.py:186} INFO - Started process (PID=3595) to work on /home/chirag/airflow/lib/python3.12/site-packages/airflow/example_dags/example_trigger_controller_dag.py
[2024-11-09T19:40:04.279+0000] {processor.py:914} INFO - Processing file /home/chirag/airflow/lib/python3.12/site-packages/airflow/example_dags/example_trigger_controller_dag.py for tasks to queue
[2024-11-09T19:40:04.282+0000] {logging_mixin.py:190} INFO - [2024-11-09T19:40:04.282+0000] {dagbag.py:588} INFO - Filling up the DagBag from /home/chirag/airflow/lib/python3.12/site-packages/airflow/example_dags/example_trigger_controller_dag.py
[2024-11-09T19:40:04.294+0000] {processor.py:925} INFO - DAG(s) 'example_trigger_controller_dag' retrieved from /home/chirag/airflow/lib/python3.12/site-packages/airflow/example_dags/example_trigger_controller_dag.py
[2024-11-09T19:40:04.315+0000] {logging_mixin.py:190} INFO - [2024-11-09T19:40:04.315+0000] {dag.py:3239} INFO - Sync 1 DAGs
[2024-11-09T19:40:04.344+0000] {logging_mixin.py:190} INFO - [2024-11-09T19:40:04.344+0000] {dag.py:4180} INFO - Setting next_dagrun for example_trigger_controller_dag to 2021-01-01 00:00:00+00:00, run_after=2021-01-01 00:00:00+00:00
[2024-11-09T19:40:04.403+0000] {processor.py:208} INFO - Processing /home/chirag/airflow/lib/python3.12/site-packages/airflow/example_dags/example_trigger_controller_dag.py took 0.143 seconds
[2024-11-09T19:41:18.048+0000] {processor.py:186} INFO - Started process (PID=3804) to work on /home/chirag/airflow/lib/python3.12/site-packages/airflow/example_dags/example_trigger_controller_dag.py
[2024-11-09T19:41:18.051+0000] {processor.py:914} INFO - Processing file /home/chirag/airflow/lib/python3.12/site-packages/airflow/example_dags/example_trigger_controller_dag.py for tasks to queue
[2024-11-09T19:41:18.054+0000] {logging_mixin.py:190} INFO - [2024-11-09T19:41:18.053+0000] {dagbag.py:588} INFO - Filling up the DagBag from /home/chirag/airflow/lib/python3.12/site-packages/airflow/example_dags/example_trigger_controller_dag.py
[2024-11-09T19:41:18.065+0000] {processor.py:925} INFO - DAG(s) 'example_trigger_controller_dag' retrieved from /home/chirag/airflow/lib/python3.12/site-packages/airflow/example_dags/example_trigger_controller_dag.py
[2024-11-09T19:41:18.087+0000] {logging_mixin.py:190} INFO - [2024-11-09T19:41:18.086+0000] {dag.py:3239} INFO - Sync 1 DAGs
[2024-11-09T19:41:18.122+0000] {logging_mixin.py:190} INFO - [2024-11-09T19:41:18.121+0000] {dag.py:4180} INFO - Setting next_dagrun for example_trigger_controller_dag to 2021-01-01 00:00:00+00:00, run_after=2021-01-01 00:00:00+00:00
[2024-11-09T19:41:18.161+0000] {processor.py:208} INFO - Processing /home/chirag/airflow/lib/python3.12/site-packages/airflow/example_dags/example_trigger_controller_dag.py took 0.122 seconds
[2024-11-09T19:42:31.699+0000] {processor.py:186} INFO - Started process (PID=4013) to work on /home/chirag/airflow/lib/python3.12/site-packages/airflow/example_dags/example_trigger_controller_dag.py
[2024-11-09T19:42:31.703+0000] {processor.py:914} INFO - Processing file /home/chirag/airflow/lib/python3.12/site-packages/airflow/example_dags/example_trigger_controller_dag.py for tasks to queue
[2024-11-09T19:42:31.706+0000] {logging_mixin.py:190} INFO - [2024-11-09T19:42:31.706+0000] {dagbag.py:588} INFO - Filling up the DagBag from /home/chirag/airflow/lib/python3.12/site-packages/airflow/example_dags/example_trigger_controller_dag.py
[2024-11-09T19:42:31.719+0000] {processor.py:925} INFO - DAG(s) 'example_trigger_controller_dag' retrieved from /home/chirag/airflow/lib/python3.12/site-packages/airflow/example_dags/example_trigger_controller_dag.py
[2024-11-09T19:42:31.740+0000] {logging_mixin.py:190} INFO - [2024-11-09T19:42:31.740+0000] {dag.py:3239} INFO - Sync 1 DAGs
[2024-11-09T19:42:31.769+0000] {logging_mixin.py:190} INFO - [2024-11-09T19:42:31.768+0000] {dag.py:4180} INFO - Setting next_dagrun for example_trigger_controller_dag to 2021-01-01 00:00:00+00:00, run_after=2021-01-01 00:00:00+00:00
[2024-11-09T19:42:31.808+0000] {processor.py:208} INFO - Processing /home/chirag/airflow/lib/python3.12/site-packages/airflow/example_dags/example_trigger_controller_dag.py took 0.118 seconds
[2024-11-09T19:43:52.578+0000] {processor.py:186} INFO - Started process (PID=4246) to work on /home/chirag/airflow/lib/python3.12/site-packages/airflow/example_dags/example_trigger_controller_dag.py
[2024-11-09T19:43:52.581+0000] {processor.py:914} INFO - Processing file /home/chirag/airflow/lib/python3.12/site-packages/airflow/example_dags/example_trigger_controller_dag.py for tasks to queue
[2024-11-09T19:43:52.585+0000] {logging_mixin.py:190} INFO - [2024-11-09T19:43:52.584+0000] {dagbag.py:588} INFO - Filling up the DagBag from /home/chirag/airflow/lib/python3.12/site-packages/airflow/example_dags/example_trigger_controller_dag.py
[2024-11-09T19:43:52.596+0000] {processor.py:925} INFO - DAG(s) 'example_trigger_controller_dag' retrieved from /home/chirag/airflow/lib/python3.12/site-packages/airflow/example_dags/example_trigger_controller_dag.py
[2024-11-09T19:43:52.618+0000] {logging_mixin.py:190} INFO - [2024-11-09T19:43:52.618+0000] {dag.py:3239} INFO - Sync 1 DAGs
[2024-11-09T19:43:52.646+0000] {logging_mixin.py:190} INFO - [2024-11-09T19:43:52.646+0000] {dag.py:4180} INFO - Setting next_dagrun for example_trigger_controller_dag to 2021-01-01 00:00:00+00:00, run_after=2021-01-01 00:00:00+00:00
[2024-11-09T19:43:52.681+0000] {processor.py:208} INFO - Processing /home/chirag/airflow/lib/python3.12/site-packages/airflow/example_dags/example_trigger_controller_dag.py took 0.111 seconds
[2024-11-09T19:45:02.325+0000] {processor.py:186} INFO - Started process (PID=4448) to work on /home/chirag/airflow/lib/python3.12/site-packages/airflow/example_dags/example_trigger_controller_dag.py
[2024-11-09T19:45:02.328+0000] {processor.py:914} INFO - Processing file /home/chirag/airflow/lib/python3.12/site-packages/airflow/example_dags/example_trigger_controller_dag.py for tasks to queue
[2024-11-09T19:45:02.331+0000] {logging_mixin.py:190} INFO - [2024-11-09T19:45:02.331+0000] {dagbag.py:588} INFO - Filling up the DagBag from /home/chirag/airflow/lib/python3.12/site-packages/airflow/example_dags/example_trigger_controller_dag.py
[2024-11-09T19:45:02.342+0000] {processor.py:925} INFO - DAG(s) 'example_trigger_controller_dag' retrieved from /home/chirag/airflow/lib/python3.12/site-packages/airflow/example_dags/example_trigger_controller_dag.py
[2024-11-09T19:45:02.364+0000] {logging_mixin.py:190} INFO - [2024-11-09T19:45:02.363+0000] {dag.py:3239} INFO - Sync 1 DAGs
[2024-11-09T19:45:02.392+0000] {logging_mixin.py:190} INFO - [2024-11-09T19:45:02.391+0000] {dag.py:4180} INFO - Setting next_dagrun for example_trigger_controller_dag to 2021-01-01 00:00:00+00:00, run_after=2021-01-01 00:00:00+00:00
[2024-11-09T19:45:02.432+0000] {processor.py:208} INFO - Processing /home/chirag/airflow/lib/python3.12/site-packages/airflow/example_dags/example_trigger_controller_dag.py took 0.116 seconds
[2024-11-09T19:46:50.035+0000] {processor.py:186} INFO - Started process (PID=4789) to work on /home/chirag/airflow/lib/python3.12/site-packages/airflow/example_dags/example_trigger_controller_dag.py
[2024-11-09T19:46:50.038+0000] {processor.py:914} INFO - Processing file /home/chirag/airflow/lib/python3.12/site-packages/airflow/example_dags/example_trigger_controller_dag.py for tasks to queue
[2024-11-09T19:46:50.041+0000] {logging_mixin.py:190} INFO - [2024-11-09T19:46:50.041+0000] {dagbag.py:588} INFO - Filling up the DagBag from /home/chirag/airflow/lib/python3.12/site-packages/airflow/example_dags/example_trigger_controller_dag.py
[2024-11-09T19:46:50.052+0000] {processor.py:925} INFO - DAG(s) 'example_trigger_controller_dag' retrieved from /home/chirag/airflow/lib/python3.12/site-packages/airflow/example_dags/example_trigger_controller_dag.py
[2024-11-09T19:46:50.074+0000] {logging_mixin.py:190} INFO - [2024-11-09T19:46:50.074+0000] {dag.py:3239} INFO - Sync 1 DAGs
[2024-11-09T19:46:50.105+0000] {logging_mixin.py:190} INFO - [2024-11-09T19:46:50.104+0000] {dag.py:4180} INFO - Setting next_dagrun for example_trigger_controller_dag to 2021-01-01 00:00:00+00:00, run_after=2021-01-01 00:00:00+00:00
[2024-11-09T19:46:50.143+0000] {processor.py:208} INFO - Processing /home/chirag/airflow/lib/python3.12/site-packages/airflow/example_dags/example_trigger_controller_dag.py took 0.117 seconds
[2024-11-09T19:48:04.088+0000] {processor.py:186} INFO - Started process (PID=5008) to work on /home/chirag/airflow/lib/python3.12/site-packages/airflow/example_dags/example_trigger_controller_dag.py
[2024-11-09T19:48:04.099+0000] {processor.py:914} INFO - Processing file /home/chirag/airflow/lib/python3.12/site-packages/airflow/example_dags/example_trigger_controller_dag.py for tasks to queue
[2024-11-09T19:48:04.103+0000] {logging_mixin.py:190} INFO - [2024-11-09T19:48:04.103+0000] {dagbag.py:588} INFO - Filling up the DagBag from /home/chirag/airflow/lib/python3.12/site-packages/airflow/example_dags/example_trigger_controller_dag.py
[2024-11-09T19:48:04.150+0000] {processor.py:925} INFO - DAG(s) 'example_trigger_controller_dag' retrieved from /home/chirag/airflow/lib/python3.12/site-packages/airflow/example_dags/example_trigger_controller_dag.py
[2024-11-09T19:48:04.272+0000] {logging_mixin.py:190} INFO - [2024-11-09T19:48:04.271+0000] {dag.py:3239} INFO - Sync 1 DAGs
[2024-11-09T19:48:04.376+0000] {logging_mixin.py:190} INFO - [2024-11-09T19:48:04.375+0000] {dag.py:4180} INFO - Setting next_dagrun for example_trigger_controller_dag to 2021-01-01 00:00:00+00:00, run_after=2021-01-01 00:00:00+00:00
[2024-11-09T19:48:04.513+0000] {processor.py:208} INFO - Processing /home/chirag/airflow/lib/python3.12/site-packages/airflow/example_dags/example_trigger_controller_dag.py took 0.461 seconds
[2024-11-09T19:49:18.296+0000] {processor.py:186} INFO - Started process (PID=5227) to work on /home/chirag/airflow/lib/python3.12/site-packages/airflow/example_dags/example_trigger_controller_dag.py
[2024-11-09T19:49:18.307+0000] {processor.py:914} INFO - Processing file /home/chirag/airflow/lib/python3.12/site-packages/airflow/example_dags/example_trigger_controller_dag.py for tasks to queue
[2024-11-09T19:49:18.310+0000] {logging_mixin.py:190} INFO - [2024-11-09T19:49:18.310+0000] {dagbag.py:588} INFO - Filling up the DagBag from /home/chirag/airflow/lib/python3.12/site-packages/airflow/example_dags/example_trigger_controller_dag.py
[2024-11-09T19:49:18.322+0000] {processor.py:925} INFO - DAG(s) 'example_trigger_controller_dag' retrieved from /home/chirag/airflow/lib/python3.12/site-packages/airflow/example_dags/example_trigger_controller_dag.py
[2024-11-09T19:49:18.345+0000] {logging_mixin.py:190} INFO - [2024-11-09T19:49:18.344+0000] {dag.py:3239} INFO - Sync 1 DAGs
[2024-11-09T19:49:18.374+0000] {logging_mixin.py:190} INFO - [2024-11-09T19:49:18.373+0000] {dag.py:4180} INFO - Setting next_dagrun for example_trigger_controller_dag to 2021-01-01 00:00:00+00:00, run_after=2021-01-01 00:00:00+00:00
[2024-11-09T19:49:18.410+0000] {processor.py:208} INFO - Processing /home/chirag/airflow/lib/python3.12/site-packages/airflow/example_dags/example_trigger_controller_dag.py took 0.125 seconds
[2024-11-09T19:50:29.517+0000] {processor.py:186} INFO - Started process (PID=5629) to work on /home/chirag/airflow/lib/python3.12/site-packages/airflow/example_dags/example_trigger_controller_dag.py
[2024-11-09T19:50:29.526+0000] {processor.py:914} INFO - Processing file /home/chirag/airflow/lib/python3.12/site-packages/airflow/example_dags/example_trigger_controller_dag.py for tasks to queue
[2024-11-09T19:50:29.530+0000] {logging_mixin.py:190} INFO - [2024-11-09T19:50:29.529+0000] {dagbag.py:588} INFO - Filling up the DagBag from /home/chirag/airflow/lib/python3.12/site-packages/airflow/example_dags/example_trigger_controller_dag.py
[2024-11-09T19:50:29.547+0000] {processor.py:925} INFO - DAG(s) 'example_trigger_controller_dag' retrieved from /home/chirag/airflow/lib/python3.12/site-packages/airflow/example_dags/example_trigger_controller_dag.py
[2024-11-09T19:50:29.568+0000] {logging_mixin.py:190} INFO - [2024-11-09T19:50:29.568+0000] {dag.py:3239} INFO - Sync 1 DAGs
[2024-11-09T19:50:29.628+0000] {logging_mixin.py:190} INFO - [2024-11-09T19:50:29.628+0000] {dag.py:4180} INFO - Setting next_dagrun for example_trigger_controller_dag to 2021-01-01 00:00:00+00:00, run_after=2021-01-01 00:00:00+00:00
[2024-11-09T19:50:29.689+0000] {processor.py:208} INFO - Processing /home/chirag/airflow/lib/python3.12/site-packages/airflow/example_dags/example_trigger_controller_dag.py took 0.182 seconds
[2024-11-09T19:51:44.130+0000] {processor.py:186} INFO - Started process (PID=6226) to work on /home/chirag/airflow/lib/python3.12/site-packages/airflow/example_dags/example_trigger_controller_dag.py
[2024-11-09T19:51:44.133+0000] {processor.py:914} INFO - Processing file /home/chirag/airflow/lib/python3.12/site-packages/airflow/example_dags/example_trigger_controller_dag.py for tasks to queue
[2024-11-09T19:51:44.141+0000] {logging_mixin.py:190} INFO - [2024-11-09T19:51:44.140+0000] {dagbag.py:588} INFO - Filling up the DagBag from /home/chirag/airflow/lib/python3.12/site-packages/airflow/example_dags/example_trigger_controller_dag.py
[2024-11-09T19:51:44.155+0000] {processor.py:925} INFO - DAG(s) 'example_trigger_controller_dag' retrieved from /home/chirag/airflow/lib/python3.12/site-packages/airflow/example_dags/example_trigger_controller_dag.py
[2024-11-09T19:51:44.185+0000] {logging_mixin.py:190} INFO - [2024-11-09T19:51:44.185+0000] {dag.py:3239} INFO - Sync 1 DAGs
[2024-11-09T19:51:44.233+0000] {logging_mixin.py:190} INFO - [2024-11-09T19:51:44.233+0000] {dag.py:4180} INFO - Setting next_dagrun for example_trigger_controller_dag to 2021-01-01 00:00:00+00:00, run_after=2021-01-01 00:00:00+00:00
[2024-11-09T19:51:44.282+0000] {processor.py:208} INFO - Processing /home/chirag/airflow/lib/python3.12/site-packages/airflow/example_dags/example_trigger_controller_dag.py took 0.171 seconds
[2024-11-09T19:53:31.667+0000] {processor.py:186} INFO - Started process (PID=6725) to work on /home/chirag/airflow/lib/python3.12/site-packages/airflow/example_dags/example_trigger_controller_dag.py
[2024-11-09T19:53:31.682+0000] {processor.py:914} INFO - Processing file /home/chirag/airflow/lib/python3.12/site-packages/airflow/example_dags/example_trigger_controller_dag.py for tasks to queue
[2024-11-09T19:53:31.687+0000] {logging_mixin.py:190} INFO - [2024-11-09T19:53:31.686+0000] {dagbag.py:588} INFO - Filling up the DagBag from /home/chirag/airflow/lib/python3.12/site-packages/airflow/example_dags/example_trigger_controller_dag.py
[2024-11-09T19:53:31.708+0000] {processor.py:925} INFO - DAG(s) 'example_trigger_controller_dag' retrieved from /home/chirag/airflow/lib/python3.12/site-packages/airflow/example_dags/example_trigger_controller_dag.py
[2024-11-09T19:53:31.740+0000] {logging_mixin.py:190} INFO - [2024-11-09T19:53:31.739+0000] {dag.py:3239} INFO - Sync 1 DAGs
[2024-11-09T19:53:31.802+0000] {logging_mixin.py:190} INFO - [2024-11-09T19:53:31.801+0000] {dag.py:4180} INFO - Setting next_dagrun for example_trigger_controller_dag to 2021-01-01 00:00:00+00:00, run_after=2021-01-01 00:00:00+00:00
[2024-11-09T19:53:31.932+0000] {processor.py:208} INFO - Processing /home/chirag/airflow/lib/python3.12/site-packages/airflow/example_dags/example_trigger_controller_dag.py took 0.276 seconds
[2024-11-09T19:54:48.202+0000] {processor.py:186} INFO - Started process (PID=7357) to work on /home/chirag/airflow/lib/python3.12/site-packages/airflow/example_dags/example_trigger_controller_dag.py
[2024-11-09T19:54:48.207+0000] {processor.py:914} INFO - Processing file /home/chirag/airflow/lib/python3.12/site-packages/airflow/example_dags/example_trigger_controller_dag.py for tasks to queue
[2024-11-09T19:54:48.210+0000] {logging_mixin.py:190} INFO - [2024-11-09T19:54:48.209+0000] {dagbag.py:588} INFO - Filling up the DagBag from /home/chirag/airflow/lib/python3.12/site-packages/airflow/example_dags/example_trigger_controller_dag.py
[2024-11-09T19:54:48.223+0000] {processor.py:925} INFO - DAG(s) 'example_trigger_controller_dag' retrieved from /home/chirag/airflow/lib/python3.12/site-packages/airflow/example_dags/example_trigger_controller_dag.py
[2024-11-09T19:54:48.247+0000] {logging_mixin.py:190} INFO - [2024-11-09T19:54:48.246+0000] {dag.py:3239} INFO - Sync 1 DAGs
[2024-11-09T19:54:48.279+0000] {logging_mixin.py:190} INFO - [2024-11-09T19:54:48.279+0000] {dag.py:4180} INFO - Setting next_dagrun for example_trigger_controller_dag to 2021-01-01 00:00:00+00:00, run_after=2021-01-01 00:00:00+00:00
[2024-11-09T19:54:48.342+0000] {processor.py:208} INFO - Processing /home/chirag/airflow/lib/python3.12/site-packages/airflow/example_dags/example_trigger_controller_dag.py took 0.151 seconds
[2024-11-09T19:56:07.305+0000] {processor.py:186} INFO - Started process (PID=7891) to work on /home/chirag/airflow/lib/python3.12/site-packages/airflow/example_dags/example_trigger_controller_dag.py
[2024-11-09T19:56:07.308+0000] {processor.py:914} INFO - Processing file /home/chirag/airflow/lib/python3.12/site-packages/airflow/example_dags/example_trigger_controller_dag.py for tasks to queue
[2024-11-09T19:56:07.312+0000] {logging_mixin.py:190} INFO - [2024-11-09T19:56:07.311+0000] {dagbag.py:588} INFO - Filling up the DagBag from /home/chirag/airflow/lib/python3.12/site-packages/airflow/example_dags/example_trigger_controller_dag.py
[2024-11-09T19:56:07.324+0000] {processor.py:925} INFO - DAG(s) 'example_trigger_controller_dag' retrieved from /home/chirag/airflow/lib/python3.12/site-packages/airflow/example_dags/example_trigger_controller_dag.py
[2024-11-09T19:56:07.346+0000] {logging_mixin.py:190} INFO - [2024-11-09T19:56:07.346+0000] {dag.py:3239} INFO - Sync 1 DAGs
[2024-11-09T19:56:07.376+0000] {logging_mixin.py:190} INFO - [2024-11-09T19:56:07.375+0000] {dag.py:4180} INFO - Setting next_dagrun for example_trigger_controller_dag to 2021-01-01 00:00:00+00:00, run_after=2021-01-01 00:00:00+00:00
[2024-11-09T19:56:07.415+0000] {processor.py:208} INFO - Processing /home/chirag/airflow/lib/python3.12/site-packages/airflow/example_dags/example_trigger_controller_dag.py took 0.119 seconds
[2024-11-09T19:58:10.259+0000] {processor.py:186} INFO - Started process (PID=8356) to work on /home/chirag/airflow/lib/python3.12/site-packages/airflow/example_dags/example_trigger_controller_dag.py
[2024-11-09T19:58:10.264+0000] {processor.py:914} INFO - Processing file /home/chirag/airflow/lib/python3.12/site-packages/airflow/example_dags/example_trigger_controller_dag.py for tasks to queue
[2024-11-09T19:58:10.268+0000] {logging_mixin.py:190} INFO - [2024-11-09T19:58:10.268+0000] {dagbag.py:588} INFO - Filling up the DagBag from /home/chirag/airflow/lib/python3.12/site-packages/airflow/example_dags/example_trigger_controller_dag.py
[2024-11-09T19:58:10.280+0000] {processor.py:925} INFO - DAG(s) 'example_trigger_controller_dag' retrieved from /home/chirag/airflow/lib/python3.12/site-packages/airflow/example_dags/example_trigger_controller_dag.py
[2024-11-09T19:58:10.302+0000] {logging_mixin.py:190} INFO - [2024-11-09T19:58:10.301+0000] {dag.py:3239} INFO - Sync 1 DAGs
[2024-11-09T19:58:10.330+0000] {logging_mixin.py:190} INFO - [2024-11-09T19:58:10.330+0000] {dag.py:4180} INFO - Setting next_dagrun for example_trigger_controller_dag to 2021-01-01 00:00:00+00:00, run_after=2021-01-01 00:00:00+00:00
[2024-11-09T19:58:10.368+0000] {processor.py:208} INFO - Processing /home/chirag/airflow/lib/python3.12/site-packages/airflow/example_dags/example_trigger_controller_dag.py took 0.119 seconds
[2024-11-09T20:22:46.296+0000] {processor.py:186} INFO - Started process (PID=12697) to work on /home/chirag/airflow/lib/python3.12/site-packages/airflow/example_dags/example_trigger_controller_dag.py
[2024-11-09T20:22:46.299+0000] {processor.py:914} INFO - Processing file /home/chirag/airflow/lib/python3.12/site-packages/airflow/example_dags/example_trigger_controller_dag.py for tasks to queue
[2024-11-09T20:22:46.307+0000] {logging_mixin.py:190} INFO - [2024-11-09T20:22:46.306+0000] {dagbag.py:588} INFO - Filling up the DagBag from /home/chirag/airflow/lib/python3.12/site-packages/airflow/example_dags/example_trigger_controller_dag.py
[2024-11-09T20:22:46.317+0000] {processor.py:925} INFO - DAG(s) 'example_trigger_controller_dag' retrieved from /home/chirag/airflow/lib/python3.12/site-packages/airflow/example_dags/example_trigger_controller_dag.py
[2024-11-09T20:22:46.345+0000] {logging_mixin.py:190} INFO - [2024-11-09T20:22:46.344+0000] {dag.py:3239} INFO - Sync 1 DAGs
[2024-11-09T20:22:46.392+0000] {logging_mixin.py:190} INFO - [2024-11-09T20:22:46.391+0000] {dag.py:4180} INFO - Setting next_dagrun for example_trigger_controller_dag to 2021-01-01 00:00:00+00:00, run_after=2021-01-01 00:00:00+00:00
[2024-11-09T20:22:46.437+0000] {processor.py:208} INFO - Processing /home/chirag/airflow/lib/python3.12/site-packages/airflow/example_dags/example_trigger_controller_dag.py took 0.150 seconds
[2024-11-09T20:23:53.317+0000] {processor.py:186} INFO - Started process (PID=12895) to work on /home/chirag/airflow/lib/python3.12/site-packages/airflow/example_dags/example_trigger_controller_dag.py
[2024-11-09T20:23:53.320+0000] {processor.py:914} INFO - Processing file /home/chirag/airflow/lib/python3.12/site-packages/airflow/example_dags/example_trigger_controller_dag.py for tasks to queue
[2024-11-09T20:23:53.323+0000] {logging_mixin.py:190} INFO - [2024-11-09T20:23:53.322+0000] {dagbag.py:588} INFO - Filling up the DagBag from /home/chirag/airflow/lib/python3.12/site-packages/airflow/example_dags/example_trigger_controller_dag.py
[2024-11-09T20:23:53.333+0000] {processor.py:925} INFO - DAG(s) 'example_trigger_controller_dag' retrieved from /home/chirag/airflow/lib/python3.12/site-packages/airflow/example_dags/example_trigger_controller_dag.py
[2024-11-09T20:23:53.354+0000] {logging_mixin.py:190} INFO - [2024-11-09T20:23:53.354+0000] {dag.py:3239} INFO - Sync 1 DAGs
[2024-11-09T20:23:53.386+0000] {logging_mixin.py:190} INFO - [2024-11-09T20:23:53.385+0000] {dag.py:4180} INFO - Setting next_dagrun for example_trigger_controller_dag to 2021-01-01 00:00:00+00:00, run_after=2021-01-01 00:00:00+00:00
[2024-11-09T20:23:53.444+0000] {processor.py:208} INFO - Processing /home/chirag/airflow/lib/python3.12/site-packages/airflow/example_dags/example_trigger_controller_dag.py took 0.135 seconds
[2024-11-09T20:25:06.669+0000] {processor.py:186} INFO - Started process (PID=13103) to work on /home/chirag/airflow/lib/python3.12/site-packages/airflow/example_dags/example_trigger_controller_dag.py
[2024-11-09T20:25:06.674+0000] {processor.py:914} INFO - Processing file /home/chirag/airflow/lib/python3.12/site-packages/airflow/example_dags/example_trigger_controller_dag.py for tasks to queue
[2024-11-09T20:25:06.677+0000] {logging_mixin.py:190} INFO - [2024-11-09T20:25:06.676+0000] {dagbag.py:588} INFO - Filling up the DagBag from /home/chirag/airflow/lib/python3.12/site-packages/airflow/example_dags/example_trigger_controller_dag.py
[2024-11-09T20:25:06.687+0000] {processor.py:925} INFO - DAG(s) 'example_trigger_controller_dag' retrieved from /home/chirag/airflow/lib/python3.12/site-packages/airflow/example_dags/example_trigger_controller_dag.py
[2024-11-09T20:25:06.708+0000] {logging_mixin.py:190} INFO - [2024-11-09T20:25:06.708+0000] {dag.py:3239} INFO - Sync 1 DAGs
[2024-11-09T20:25:06.736+0000] {logging_mixin.py:190} INFO - [2024-11-09T20:25:06.736+0000] {dag.py:4180} INFO - Setting next_dagrun for example_trigger_controller_dag to 2021-01-01 00:00:00+00:00, run_after=2021-01-01 00:00:00+00:00
[2024-11-09T20:25:06.772+0000] {processor.py:208} INFO - Processing /home/chirag/airflow/lib/python3.12/site-packages/airflow/example_dags/example_trigger_controller_dag.py took 0.112 seconds
[2024-11-09T20:26:43.617+0000] {processor.py:186} INFO - Started process (PID=13657) to work on /home/chirag/airflow/lib/python3.12/site-packages/airflow/example_dags/example_trigger_controller_dag.py
[2024-11-09T20:26:43.622+0000] {processor.py:914} INFO - Processing file /home/chirag/airflow/lib/python3.12/site-packages/airflow/example_dags/example_trigger_controller_dag.py for tasks to queue
[2024-11-09T20:26:43.627+0000] {logging_mixin.py:190} INFO - [2024-11-09T20:26:43.626+0000] {dagbag.py:588} INFO - Filling up the DagBag from /home/chirag/airflow/lib/python3.12/site-packages/airflow/example_dags/example_trigger_controller_dag.py
[2024-11-09T20:26:43.645+0000] {processor.py:925} INFO - DAG(s) 'example_trigger_controller_dag' retrieved from /home/chirag/airflow/lib/python3.12/site-packages/airflow/example_dags/example_trigger_controller_dag.py
[2024-11-09T20:26:43.680+0000] {logging_mixin.py:190} INFO - [2024-11-09T20:26:43.679+0000] {dag.py:3239} INFO - Sync 1 DAGs
[2024-11-09T20:26:43.760+0000] {logging_mixin.py:190} INFO - [2024-11-09T20:26:43.759+0000] {dag.py:4180} INFO - Setting next_dagrun for example_trigger_controller_dag to 2021-01-01 00:00:00+00:00, run_after=2021-01-01 00:00:00+00:00
[2024-11-09T20:26:43.835+0000] {processor.py:208} INFO - Processing /home/chirag/airflow/lib/python3.12/site-packages/airflow/example_dags/example_trigger_controller_dag.py took 0.230 seconds
[2024-11-09T20:28:23.917+0000] {processor.py:186} INFO - Started process (PID=14129) to work on /home/chirag/airflow/lib/python3.12/site-packages/airflow/example_dags/example_trigger_controller_dag.py
[2024-11-09T20:28:23.921+0000] {processor.py:914} INFO - Processing file /home/chirag/airflow/lib/python3.12/site-packages/airflow/example_dags/example_trigger_controller_dag.py for tasks to queue
[2024-11-09T20:28:23.925+0000] {logging_mixin.py:190} INFO - [2024-11-09T20:28:23.924+0000] {dagbag.py:588} INFO - Filling up the DagBag from /home/chirag/airflow/lib/python3.12/site-packages/airflow/example_dags/example_trigger_controller_dag.py
[2024-11-09T20:28:23.944+0000] {processor.py:925} INFO - DAG(s) 'example_trigger_controller_dag' retrieved from /home/chirag/airflow/lib/python3.12/site-packages/airflow/example_dags/example_trigger_controller_dag.py
[2024-11-09T20:28:23.972+0000] {logging_mixin.py:190} INFO - [2024-11-09T20:28:23.972+0000] {dag.py:3239} INFO - Sync 1 DAGs
[2024-11-09T20:28:24.021+0000] {logging_mixin.py:190} INFO - [2024-11-09T20:28:24.020+0000] {dag.py:4180} INFO - Setting next_dagrun for example_trigger_controller_dag to 2021-01-01 00:00:00+00:00, run_after=2021-01-01 00:00:00+00:00
[2024-11-09T20:28:24.091+0000] {processor.py:208} INFO - Processing /home/chirag/airflow/lib/python3.12/site-packages/airflow/example_dags/example_trigger_controller_dag.py took 0.188 seconds
