[2024-11-09T19:16:54.862+0000] {processor.py:186} INFO - Started process (PID=94647) to work on /home/chirag/airflow/lib/python3.12/site-packages/airflow/example_dags/example_sla_dag.py
[2024-11-09T19:16:54.864+0000] {processor.py:914} INFO - Processing file /home/chirag/airflow/lib/python3.12/site-packages/airflow/example_dags/example_sla_dag.py for tasks to queue
[2024-11-09T19:16:54.867+0000] {logging_mixin.py:190} INFO - [2024-11-09T19:16:54.866+0000] {dagbag.py:588} INFO - Filling up the DagBag from /home/chirag/airflow/lib/python3.12/site-packages/airflow/example_dags/example_sla_dag.py
[2024-11-09T19:16:54.884+0000] {processor.py:925} INFO - DAG(s) 'example_sla_dag' retrieved from /home/chirag/airflow/lib/python3.12/site-packages/airflow/example_dags/example_sla_dag.py
[2024-11-09T19:16:55.128+0000] {logging_mixin.py:190} INFO - [2024-11-09T19:16:55.127+0000] {override.py:1911} INFO - Created Permission View: can delete on DAG:example_sla_dag
[2024-11-09T19:16:55.179+0000] {logging_mixin.py:190} INFO - [2024-11-09T19:16:55.178+0000] {override.py:1911} INFO - Created Permission View: can read on DAG:example_sla_dag
[2024-11-09T19:16:55.251+0000] {logging_mixin.py:190} INFO - [2024-11-09T19:16:55.250+0000] {override.py:1911} INFO - Created Permission View: can edit on DAG:example_sla_dag
[2024-11-09T19:16:55.374+0000] {logging_mixin.py:190} INFO - [2024-11-09T19:16:55.374+0000] {override.py:1911} INFO - Created Permission View: menu access on DAG Run:example_sla_dag
[2024-11-09T19:16:55.427+0000] {logging_mixin.py:190} INFO - [2024-11-09T19:16:55.426+0000] {override.py:1911} INFO - Created Permission View: can delete on DAG Run:example_sla_dag
[2024-11-09T19:16:55.463+0000] {logging_mixin.py:190} INFO - [2024-11-09T19:16:55.462+0000] {override.py:1911} INFO - Created Permission View: can read on DAG Run:example_sla_dag
[2024-11-09T19:16:55.497+0000] {logging_mixin.py:190} INFO - [2024-11-09T19:16:55.496+0000] {override.py:1911} INFO - Created Permission View: can create on DAG Run:example_sla_dag
[2024-11-09T19:16:55.497+0000] {logging_mixin.py:190} INFO - [2024-11-09T19:16:55.497+0000] {dag.py:3239} INFO - Sync 1 DAGs
[2024-11-09T19:16:55.518+0000] {logging_mixin.py:190} INFO - [2024-11-09T19:16:55.517+0000] {dag.py:3262} INFO - Creating ORM DAG for example_sla_dag
[2024-11-09T19:16:55.546+0000] {logging_mixin.py:190} INFO - [2024-11-09T19:16:55.545+0000] {dag.py:4180} INFO - Setting next_dagrun for example_sla_dag to 2024-11-09 19:14:00+00:00, run_after=2024-11-09 19:16:00+00:00
[2024-11-09T19:16:55.617+0000] {processor.py:208} INFO - Processing /home/chirag/airflow/lib/python3.12/site-packages/airflow/example_dags/example_sla_dag.py took 0.764 seconds
[2024-11-09T19:18:41.143+0000] {processor.py:186} INFO - Started process (PID=94850) to work on /home/chirag/airflow/lib/python3.12/site-packages/airflow/example_dags/example_sla_dag.py
[2024-11-09T19:18:41.149+0000] {processor.py:914} INFO - Processing file /home/chirag/airflow/lib/python3.12/site-packages/airflow/example_dags/example_sla_dag.py for tasks to queue
[2024-11-09T19:18:41.155+0000] {logging_mixin.py:190} INFO - [2024-11-09T19:18:41.154+0000] {dagbag.py:588} INFO - Filling up the DagBag from /home/chirag/airflow/lib/python3.12/site-packages/airflow/example_dags/example_sla_dag.py
[2024-11-09T19:18:41.182+0000] {processor.py:925} INFO - DAG(s) 'example_sla_dag' retrieved from /home/chirag/airflow/lib/python3.12/site-packages/airflow/example_dags/example_sla_dag.py
[2024-11-09T19:18:41.211+0000] {logging_mixin.py:190} INFO - [2024-11-09T19:18:41.211+0000] {dag.py:3239} INFO - Sync 1 DAGs
[2024-11-09T19:18:41.247+0000] {logging_mixin.py:190} INFO - [2024-11-09T19:18:41.246+0000] {dag.py:4180} INFO - Setting next_dagrun for example_sla_dag to 2024-11-09 19:16:00+00:00, run_after=2024-11-09 19:18:00+00:00
[2024-11-09T19:18:41.286+0000] {processor.py:208} INFO - Processing /home/chirag/airflow/lib/python3.12/site-packages/airflow/example_dags/example_sla_dag.py took 0.156 seconds
[2024-11-09T19:27:59.000+0000] {processor.py:186} INFO - Started process (PID=478) to work on /home/chirag/airflow/lib/python3.12/site-packages/airflow/example_dags/example_sla_dag.py
[2024-11-09T19:27:59.005+0000] {processor.py:914} INFO - Processing file /home/chirag/airflow/lib/python3.12/site-packages/airflow/example_dags/example_sla_dag.py for tasks to queue
[2024-11-09T19:27:59.016+0000] {logging_mixin.py:190} INFO - [2024-11-09T19:27:59.016+0000] {dagbag.py:588} INFO - Filling up the DagBag from /home/chirag/airflow/lib/python3.12/site-packages/airflow/example_dags/example_sla_dag.py
[2024-11-09T19:27:59.099+0000] {processor.py:925} INFO - DAG(s) 'example_sla_dag' retrieved from /home/chirag/airflow/lib/python3.12/site-packages/airflow/example_dags/example_sla_dag.py
[2024-11-09T19:27:59.163+0000] {logging_mixin.py:190} INFO - [2024-11-09T19:27:59.162+0000] {dag.py:3239} INFO - Sync 1 DAGs
[2024-11-09T19:27:59.246+0000] {logging_mixin.py:190} INFO - [2024-11-09T19:27:59.246+0000] {dag.py:4180} INFO - Setting next_dagrun for example_sla_dag to 2024-11-09 19:24:00+00:00, run_after=2024-11-09 19:26:00+00:00
[2024-11-09T19:27:59.297+0000] {processor.py:208} INFO - Processing /home/chirag/airflow/lib/python3.12/site-packages/airflow/example_dags/example_sla_dag.py took 0.326 seconds
[2024-11-09T19:29:07.537+0000] {processor.py:186} INFO - Started process (PID=561) to work on /home/chirag/airflow/lib/python3.12/site-packages/airflow/example_dags/example_sla_dag.py
[2024-11-09T19:29:07.541+0000] {processor.py:914} INFO - Processing file /home/chirag/airflow/lib/python3.12/site-packages/airflow/example_dags/example_sla_dag.py for tasks to queue
[2024-11-09T19:29:07.543+0000] {logging_mixin.py:190} INFO - [2024-11-09T19:29:07.543+0000] {dagbag.py:588} INFO - Filling up the DagBag from /home/chirag/airflow/lib/python3.12/site-packages/airflow/example_dags/example_sla_dag.py
[2024-11-09T19:29:07.558+0000] {processor.py:925} INFO - DAG(s) 'example_sla_dag' retrieved from /home/chirag/airflow/lib/python3.12/site-packages/airflow/example_dags/example_sla_dag.py
[2024-11-09T19:29:07.578+0000] {logging_mixin.py:190} INFO - [2024-11-09T19:29:07.577+0000] {dag.py:3239} INFO - Sync 1 DAGs
[2024-11-09T19:29:07.607+0000] {logging_mixin.py:190} INFO - [2024-11-09T19:29:07.607+0000] {dag.py:4180} INFO - Setting next_dagrun for example_sla_dag to 2024-11-09 19:26:00+00:00, run_after=2024-11-09 19:28:00+00:00
[2024-11-09T19:29:07.640+0000] {processor.py:208} INFO - Processing /home/chirag/airflow/lib/python3.12/site-packages/airflow/example_dags/example_sla_dag.py took 0.110 seconds
[2024-11-09T19:30:22.046+0000] {processor.py:186} INFO - Started process (PID=634) to work on /home/chirag/airflow/lib/python3.12/site-packages/airflow/example_dags/example_sla_dag.py
[2024-11-09T19:30:22.049+0000] {processor.py:914} INFO - Processing file /home/chirag/airflow/lib/python3.12/site-packages/airflow/example_dags/example_sla_dag.py for tasks to queue
[2024-11-09T19:30:22.052+0000] {logging_mixin.py:190} INFO - [2024-11-09T19:30:22.051+0000] {dagbag.py:588} INFO - Filling up the DagBag from /home/chirag/airflow/lib/python3.12/site-packages/airflow/example_dags/example_sla_dag.py
[2024-11-09T19:30:22.067+0000] {processor.py:925} INFO - DAG(s) 'example_sla_dag' retrieved from /home/chirag/airflow/lib/python3.12/site-packages/airflow/example_dags/example_sla_dag.py
[2024-11-09T19:30:22.092+0000] {logging_mixin.py:190} INFO - [2024-11-09T19:30:22.091+0000] {dag.py:3239} INFO - Sync 1 DAGs
[2024-11-09T19:30:22.129+0000] {logging_mixin.py:190} INFO - [2024-11-09T19:30:22.129+0000] {dag.py:4180} INFO - Setting next_dagrun for example_sla_dag to 2024-11-09 19:28:00+00:00, run_after=2024-11-09 19:30:00+00:00
[2024-11-09T19:30:22.171+0000] {processor.py:208} INFO - Processing /home/chirag/airflow/lib/python3.12/site-packages/airflow/example_dags/example_sla_dag.py took 0.133 seconds
[2024-11-09T19:31:42.427+0000] {processor.py:186} INFO - Started process (PID=701) to work on /home/chirag/airflow/lib/python3.12/site-packages/airflow/example_dags/example_sla_dag.py
[2024-11-09T19:31:42.438+0000] {processor.py:914} INFO - Processing file /home/chirag/airflow/lib/python3.12/site-packages/airflow/example_dags/example_sla_dag.py for tasks to queue
[2024-11-09T19:31:42.448+0000] {logging_mixin.py:190} INFO - [2024-11-09T19:31:42.447+0000] {dagbag.py:588} INFO - Filling up the DagBag from /home/chirag/airflow/lib/python3.12/site-packages/airflow/example_dags/example_sla_dag.py
[2024-11-09T19:31:42.488+0000] {processor.py:925} INFO - DAG(s) 'example_sla_dag' retrieved from /home/chirag/airflow/lib/python3.12/site-packages/airflow/example_dags/example_sla_dag.py
[2024-11-09T19:31:42.542+0000] {logging_mixin.py:190} INFO - [2024-11-09T19:31:42.541+0000] {dag.py:3239} INFO - Sync 1 DAGs
[2024-11-09T19:31:42.646+0000] {logging_mixin.py:190} INFO - [2024-11-09T19:31:42.645+0000] {dag.py:4180} INFO - Setting next_dagrun for example_sla_dag to 2024-11-09 19:28:00+00:00, run_after=2024-11-09 19:30:00+00:00
[2024-11-09T19:31:42.770+0000] {processor.py:208} INFO - Processing /home/chirag/airflow/lib/python3.12/site-packages/airflow/example_dags/example_sla_dag.py took 0.363 seconds
[2024-11-09T19:33:20.118+0000] {processor.py:186} INFO - Started process (PID=1817) to work on /home/chirag/airflow/lib/python3.12/site-packages/airflow/example_dags/example_sla_dag.py
[2024-11-09T19:33:20.123+0000] {processor.py:914} INFO - Processing file /home/chirag/airflow/lib/python3.12/site-packages/airflow/example_dags/example_sla_dag.py for tasks to queue
[2024-11-09T19:33:20.135+0000] {logging_mixin.py:190} INFO - [2024-11-09T19:33:20.134+0000] {dagbag.py:588} INFO - Filling up the DagBag from /home/chirag/airflow/lib/python3.12/site-packages/airflow/example_dags/example_sla_dag.py
[2024-11-09T19:33:20.168+0000] {processor.py:925} INFO - DAG(s) 'example_sla_dag' retrieved from /home/chirag/airflow/lib/python3.12/site-packages/airflow/example_dags/example_sla_dag.py
[2024-11-09T19:33:20.221+0000] {logging_mixin.py:190} INFO - [2024-11-09T19:33:20.221+0000] {dag.py:3239} INFO - Sync 1 DAGs
[2024-11-09T19:33:20.262+0000] {logging_mixin.py:190} INFO - [2024-11-09T19:33:20.262+0000] {dag.py:4180} INFO - Setting next_dagrun for example_sla_dag to 2024-11-09 19:30:00+00:00, run_after=2024-11-09 19:32:00+00:00
[2024-11-09T19:33:20.335+0000] {processor.py:208} INFO - Processing /home/chirag/airflow/lib/python3.12/site-packages/airflow/example_dags/example_sla_dag.py took 0.244 seconds
[2024-11-09T19:34:39.453+0000] {processor.py:186} INFO - Started process (PID=2381) to work on /home/chirag/airflow/lib/python3.12/site-packages/airflow/example_dags/example_sla_dag.py
[2024-11-09T19:34:39.455+0000] {processor.py:914} INFO - Processing file /home/chirag/airflow/lib/python3.12/site-packages/airflow/example_dags/example_sla_dag.py for tasks to queue
[2024-11-09T19:34:39.459+0000] {logging_mixin.py:190} INFO - [2024-11-09T19:34:39.458+0000] {dagbag.py:588} INFO - Filling up the DagBag from /home/chirag/airflow/lib/python3.12/site-packages/airflow/example_dags/example_sla_dag.py
[2024-11-09T19:34:39.475+0000] {processor.py:925} INFO - DAG(s) 'example_sla_dag' retrieved from /home/chirag/airflow/lib/python3.12/site-packages/airflow/example_dags/example_sla_dag.py
[2024-11-09T19:34:39.694+0000] {logging_mixin.py:190} INFO - [2024-11-09T19:34:39.694+0000] {dag.py:3239} INFO - Sync 1 DAGs
[2024-11-09T19:34:39.733+0000] {logging_mixin.py:190} INFO - [2024-11-09T19:34:39.733+0000] {dag.py:4180} INFO - Setting next_dagrun for example_sla_dag to 2024-11-09 19:32:00+00:00, run_after=2024-11-09 19:34:00+00:00
[2024-11-09T19:34:39.789+0000] {processor.py:208} INFO - Processing /home/chirag/airflow/lib/python3.12/site-packages/airflow/example_dags/example_sla_dag.py took 0.345 seconds
[2024-11-09T19:36:10.868+0000] {processor.py:186} INFO - Started process (PID=2769) to work on /home/chirag/airflow/lib/python3.12/site-packages/airflow/example_dags/example_sla_dag.py
[2024-11-09T19:36:10.872+0000] {processor.py:914} INFO - Processing file /home/chirag/airflow/lib/python3.12/site-packages/airflow/example_dags/example_sla_dag.py for tasks to queue
[2024-11-09T19:36:10.877+0000] {logging_mixin.py:190} INFO - [2024-11-09T19:36:10.876+0000] {dagbag.py:588} INFO - Filling up the DagBag from /home/chirag/airflow/lib/python3.12/site-packages/airflow/example_dags/example_sla_dag.py
[2024-11-09T19:36:10.894+0000] {processor.py:925} INFO - DAG(s) 'example_sla_dag' retrieved from /home/chirag/airflow/lib/python3.12/site-packages/airflow/example_dags/example_sla_dag.py
[2024-11-09T19:36:10.915+0000] {logging_mixin.py:190} INFO - [2024-11-09T19:36:10.914+0000] {dag.py:3239} INFO - Sync 1 DAGs
[2024-11-09T19:36:10.952+0000] {logging_mixin.py:190} INFO - [2024-11-09T19:36:10.950+0000] {dag.py:4180} INFO - Setting next_dagrun for example_sla_dag to 2024-11-09 19:34:00+00:00, run_after=2024-11-09 19:36:00+00:00
[2024-11-09T19:36:10.991+0000] {processor.py:208} INFO - Processing /home/chirag/airflow/lib/python3.12/site-packages/airflow/example_dags/example_sla_dag.py took 0.131 seconds
[2024-11-09T19:37:21.595+0000] {processor.py:186} INFO - Started process (PID=2965) to work on /home/chirag/airflow/lib/python3.12/site-packages/airflow/example_dags/example_sla_dag.py
[2024-11-09T19:37:21.597+0000] {processor.py:914} INFO - Processing file /home/chirag/airflow/lib/python3.12/site-packages/airflow/example_dags/example_sla_dag.py for tasks to queue
[2024-11-09T19:37:21.601+0000] {logging_mixin.py:190} INFO - [2024-11-09T19:37:21.600+0000] {dagbag.py:588} INFO - Filling up the DagBag from /home/chirag/airflow/lib/python3.12/site-packages/airflow/example_dags/example_sla_dag.py
[2024-11-09T19:37:21.617+0000] {processor.py:925} INFO - DAG(s) 'example_sla_dag' retrieved from /home/chirag/airflow/lib/python3.12/site-packages/airflow/example_dags/example_sla_dag.py
[2024-11-09T19:37:21.640+0000] {logging_mixin.py:190} INFO - [2024-11-09T19:37:21.640+0000] {dag.py:3239} INFO - Sync 1 DAGs
[2024-11-09T19:37:21.675+0000] {logging_mixin.py:190} INFO - [2024-11-09T19:37:21.675+0000] {dag.py:4180} INFO - Setting next_dagrun for example_sla_dag to 2024-11-09 19:34:00+00:00, run_after=2024-11-09 19:36:00+00:00
[2024-11-09T19:37:21.710+0000] {processor.py:208} INFO - Processing /home/chirag/airflow/lib/python3.12/site-packages/airflow/example_dags/example_sla_dag.py took 0.124 seconds
[2024-11-09T19:38:34.665+0000] {processor.py:186} INFO - Started process (PID=3325) to work on /home/chirag/airflow/lib/python3.12/site-packages/airflow/example_dags/example_sla_dag.py
[2024-11-09T19:38:34.669+0000] {processor.py:914} INFO - Processing file /home/chirag/airflow/lib/python3.12/site-packages/airflow/example_dags/example_sla_dag.py for tasks to queue
[2024-11-09T19:38:34.674+0000] {logging_mixin.py:190} INFO - [2024-11-09T19:38:34.673+0000] {dagbag.py:588} INFO - Filling up the DagBag from /home/chirag/airflow/lib/python3.12/site-packages/airflow/example_dags/example_sla_dag.py
[2024-11-09T19:38:34.696+0000] {processor.py:925} INFO - DAG(s) 'example_sla_dag' retrieved from /home/chirag/airflow/lib/python3.12/site-packages/airflow/example_dags/example_sla_dag.py
[2024-11-09T19:38:34.726+0000] {logging_mixin.py:190} INFO - [2024-11-09T19:38:34.725+0000] {dag.py:3239} INFO - Sync 1 DAGs
[2024-11-09T19:38:34.789+0000] {logging_mixin.py:190} INFO - [2024-11-09T19:38:34.788+0000] {dag.py:4180} INFO - Setting next_dagrun for example_sla_dag to 2024-11-09 19:36:00+00:00, run_after=2024-11-09 19:38:00+00:00
[2024-11-09T19:38:34.865+0000] {processor.py:208} INFO - Processing /home/chirag/airflow/lib/python3.12/site-packages/airflow/example_dags/example_sla_dag.py took 0.214 seconds
[2024-11-09T19:40:00.268+0000] {processor.py:186} INFO - Started process (PID=3586) to work on /home/chirag/airflow/lib/python3.12/site-packages/airflow/example_dags/example_sla_dag.py
[2024-11-09T19:40:00.271+0000] {processor.py:914} INFO - Processing file /home/chirag/airflow/lib/python3.12/site-packages/airflow/example_dags/example_sla_dag.py for tasks to queue
[2024-11-09T19:40:00.274+0000] {logging_mixin.py:190} INFO - [2024-11-09T19:40:00.273+0000] {dagbag.py:588} INFO - Filling up the DagBag from /home/chirag/airflow/lib/python3.12/site-packages/airflow/example_dags/example_sla_dag.py
[2024-11-09T19:40:00.289+0000] {processor.py:925} INFO - DAG(s) 'example_sla_dag' retrieved from /home/chirag/airflow/lib/python3.12/site-packages/airflow/example_dags/example_sla_dag.py
[2024-11-09T19:40:00.326+0000] {logging_mixin.py:190} INFO - [2024-11-09T19:40:00.326+0000] {dag.py:3239} INFO - Sync 1 DAGs
[2024-11-09T19:40:00.450+0000] {logging_mixin.py:190} INFO - [2024-11-09T19:40:00.449+0000] {dag.py:4180} INFO - Setting next_dagrun for example_sla_dag to 2024-11-09 19:38:00+00:00, run_after=2024-11-09 19:40:00+00:00
[2024-11-09T19:40:00.582+0000] {processor.py:208} INFO - Processing /home/chirag/airflow/lib/python3.12/site-packages/airflow/example_dags/example_sla_dag.py took 0.323 seconds
[2024-11-09T19:41:14.306+0000] {processor.py:186} INFO - Started process (PID=3793) to work on /home/chirag/airflow/lib/python3.12/site-packages/airflow/example_dags/example_sla_dag.py
[2024-11-09T19:41:14.308+0000] {processor.py:914} INFO - Processing file /home/chirag/airflow/lib/python3.12/site-packages/airflow/example_dags/example_sla_dag.py for tasks to queue
[2024-11-09T19:41:14.311+0000] {logging_mixin.py:190} INFO - [2024-11-09T19:41:14.311+0000] {dagbag.py:588} INFO - Filling up the DagBag from /home/chirag/airflow/lib/python3.12/site-packages/airflow/example_dags/example_sla_dag.py
[2024-11-09T19:41:14.327+0000] {processor.py:925} INFO - DAG(s) 'example_sla_dag' retrieved from /home/chirag/airflow/lib/python3.12/site-packages/airflow/example_dags/example_sla_dag.py
[2024-11-09T19:41:14.349+0000] {logging_mixin.py:190} INFO - [2024-11-09T19:41:14.349+0000] {dag.py:3239} INFO - Sync 1 DAGs
[2024-11-09T19:41:14.383+0000] {logging_mixin.py:190} INFO - [2024-11-09T19:41:14.383+0000] {dag.py:4180} INFO - Setting next_dagrun for example_sla_dag to 2024-11-09 19:38:00+00:00, run_after=2024-11-09 19:40:00+00:00
[2024-11-09T19:41:14.424+0000] {processor.py:208} INFO - Processing /home/chirag/airflow/lib/python3.12/site-packages/airflow/example_dags/example_sla_dag.py took 0.129 seconds
[2024-11-09T19:42:28.320+0000] {processor.py:186} INFO - Started process (PID=4004) to work on /home/chirag/airflow/lib/python3.12/site-packages/airflow/example_dags/example_sla_dag.py
[2024-11-09T19:42:28.324+0000] {processor.py:914} INFO - Processing file /home/chirag/airflow/lib/python3.12/site-packages/airflow/example_dags/example_sla_dag.py for tasks to queue
[2024-11-09T19:42:28.327+0000] {logging_mixin.py:190} INFO - [2024-11-09T19:42:28.326+0000] {dagbag.py:588} INFO - Filling up the DagBag from /home/chirag/airflow/lib/python3.12/site-packages/airflow/example_dags/example_sla_dag.py
[2024-11-09T19:42:28.343+0000] {processor.py:925} INFO - DAG(s) 'example_sla_dag' retrieved from /home/chirag/airflow/lib/python3.12/site-packages/airflow/example_dags/example_sla_dag.py
[2024-11-09T19:42:28.364+0000] {logging_mixin.py:190} INFO - [2024-11-09T19:42:28.364+0000] {dag.py:3239} INFO - Sync 1 DAGs
[2024-11-09T19:42:28.396+0000] {logging_mixin.py:190} INFO - [2024-11-09T19:42:28.396+0000] {dag.py:4180} INFO - Setting next_dagrun for example_sla_dag to 2024-11-09 19:40:00+00:00, run_after=2024-11-09 19:42:00+00:00
[2024-11-09T19:42:28.434+0000] {processor.py:208} INFO - Processing /home/chirag/airflow/lib/python3.12/site-packages/airflow/example_dags/example_sla_dag.py took 0.122 seconds
[2024-11-09T19:43:48.827+0000] {processor.py:186} INFO - Started process (PID=4237) to work on /home/chirag/airflow/lib/python3.12/site-packages/airflow/example_dags/example_sla_dag.py
[2024-11-09T19:43:48.830+0000] {processor.py:914} INFO - Processing file /home/chirag/airflow/lib/python3.12/site-packages/airflow/example_dags/example_sla_dag.py for tasks to queue
[2024-11-09T19:43:48.834+0000] {logging_mixin.py:190} INFO - [2024-11-09T19:43:48.833+0000] {dagbag.py:588} INFO - Filling up the DagBag from /home/chirag/airflow/lib/python3.12/site-packages/airflow/example_dags/example_sla_dag.py
[2024-11-09T19:43:48.851+0000] {processor.py:925} INFO - DAG(s) 'example_sla_dag' retrieved from /home/chirag/airflow/lib/python3.12/site-packages/airflow/example_dags/example_sla_dag.py
[2024-11-09T19:43:48.872+0000] {logging_mixin.py:190} INFO - [2024-11-09T19:43:48.872+0000] {dag.py:3239} INFO - Sync 1 DAGs
[2024-11-09T19:43:48.903+0000] {logging_mixin.py:190} INFO - [2024-11-09T19:43:48.903+0000] {dag.py:4180} INFO - Setting next_dagrun for example_sla_dag to 2024-11-09 19:40:00+00:00, run_after=2024-11-09 19:42:00+00:00
[2024-11-09T19:43:48.941+0000] {processor.py:208} INFO - Processing /home/chirag/airflow/lib/python3.12/site-packages/airflow/example_dags/example_sla_dag.py took 0.122 seconds
[2024-11-09T19:44:59.574+0000] {processor.py:186} INFO - Started process (PID=4439) to work on /home/chirag/airflow/lib/python3.12/site-packages/airflow/example_dags/example_sla_dag.py
[2024-11-09T19:44:59.577+0000] {processor.py:914} INFO - Processing file /home/chirag/airflow/lib/python3.12/site-packages/airflow/example_dags/example_sla_dag.py for tasks to queue
[2024-11-09T19:44:59.581+0000] {logging_mixin.py:190} INFO - [2024-11-09T19:44:59.580+0000] {dagbag.py:588} INFO - Filling up the DagBag from /home/chirag/airflow/lib/python3.12/site-packages/airflow/example_dags/example_sla_dag.py
[2024-11-09T19:44:59.596+0000] {processor.py:925} INFO - DAG(s) 'example_sla_dag' retrieved from /home/chirag/airflow/lib/python3.12/site-packages/airflow/example_dags/example_sla_dag.py
[2024-11-09T19:44:59.618+0000] {logging_mixin.py:190} INFO - [2024-11-09T19:44:59.617+0000] {dag.py:3239} INFO - Sync 1 DAGs
[2024-11-09T19:44:59.649+0000] {logging_mixin.py:190} INFO - [2024-11-09T19:44:59.649+0000] {dag.py:4180} INFO - Setting next_dagrun for example_sla_dag to 2024-11-09 19:42:00+00:00, run_after=2024-11-09 19:44:00+00:00
[2024-11-09T19:44:59.691+0000] {processor.py:208} INFO - Processing /home/chirag/airflow/lib/python3.12/site-packages/airflow/example_dags/example_sla_dag.py took 0.125 seconds
[2024-11-09T19:46:47.300+0000] {processor.py:186} INFO - Started process (PID=4780) to work on /home/chirag/airflow/lib/python3.12/site-packages/airflow/example_dags/example_sla_dag.py
[2024-11-09T19:46:47.304+0000] {processor.py:914} INFO - Processing file /home/chirag/airflow/lib/python3.12/site-packages/airflow/example_dags/example_sla_dag.py for tasks to queue
[2024-11-09T19:46:47.307+0000] {logging_mixin.py:190} INFO - [2024-11-09T19:46:47.307+0000] {dagbag.py:588} INFO - Filling up the DagBag from /home/chirag/airflow/lib/python3.12/site-packages/airflow/example_dags/example_sla_dag.py
[2024-11-09T19:46:47.323+0000] {processor.py:925} INFO - DAG(s) 'example_sla_dag' retrieved from /home/chirag/airflow/lib/python3.12/site-packages/airflow/example_dags/example_sla_dag.py
[2024-11-09T19:46:47.344+0000] {logging_mixin.py:190} INFO - [2024-11-09T19:46:47.344+0000] {dag.py:3239} INFO - Sync 1 DAGs
[2024-11-09T19:46:47.375+0000] {logging_mixin.py:190} INFO - [2024-11-09T19:46:47.375+0000] {dag.py:4180} INFO - Setting next_dagrun for example_sla_dag to 2024-11-09 19:44:00+00:00, run_after=2024-11-09 19:46:00+00:00
[2024-11-09T19:46:47.414+0000] {processor.py:208} INFO - Processing /home/chirag/airflow/lib/python3.12/site-packages/airflow/example_dags/example_sla_dag.py took 0.122 seconds
[2024-11-09T19:48:01.232+0000] {processor.py:186} INFO - Started process (PID=4999) to work on /home/chirag/airflow/lib/python3.12/site-packages/airflow/example_dags/example_sla_dag.py
[2024-11-09T19:48:01.235+0000] {processor.py:914} INFO - Processing file /home/chirag/airflow/lib/python3.12/site-packages/airflow/example_dags/example_sla_dag.py for tasks to queue
[2024-11-09T19:48:01.238+0000] {logging_mixin.py:190} INFO - [2024-11-09T19:48:01.237+0000] {dagbag.py:588} INFO - Filling up the DagBag from /home/chirag/airflow/lib/python3.12/site-packages/airflow/example_dags/example_sla_dag.py
[2024-11-09T19:48:01.254+0000] {processor.py:925} INFO - DAG(s) 'example_sla_dag' retrieved from /home/chirag/airflow/lib/python3.12/site-packages/airflow/example_dags/example_sla_dag.py
[2024-11-09T19:48:01.276+0000] {logging_mixin.py:190} INFO - [2024-11-09T19:48:01.276+0000] {dag.py:3239} INFO - Sync 1 DAGs
[2024-11-09T19:48:01.314+0000] {logging_mixin.py:190} INFO - [2024-11-09T19:48:01.314+0000] {dag.py:4180} INFO - Setting next_dagrun for example_sla_dag to 2024-11-09 19:46:00+00:00, run_after=2024-11-09 19:48:00+00:00
[2024-11-09T19:48:01.358+0000] {processor.py:208} INFO - Processing /home/chirag/airflow/lib/python3.12/site-packages/airflow/example_dags/example_sla_dag.py took 0.134 seconds
[2024-11-09T19:49:15.115+0000] {processor.py:186} INFO - Started process (PID=5218) to work on /home/chirag/airflow/lib/python3.12/site-packages/airflow/example_dags/example_sla_dag.py
[2024-11-09T19:49:15.118+0000] {processor.py:914} INFO - Processing file /home/chirag/airflow/lib/python3.12/site-packages/airflow/example_dags/example_sla_dag.py for tasks to queue
[2024-11-09T19:49:15.123+0000] {logging_mixin.py:190} INFO - [2024-11-09T19:49:15.122+0000] {dagbag.py:588} INFO - Filling up the DagBag from /home/chirag/airflow/lib/python3.12/site-packages/airflow/example_dags/example_sla_dag.py
[2024-11-09T19:49:15.152+0000] {processor.py:925} INFO - DAG(s) 'example_sla_dag' retrieved from /home/chirag/airflow/lib/python3.12/site-packages/airflow/example_dags/example_sla_dag.py
[2024-11-09T19:49:15.187+0000] {logging_mixin.py:190} INFO - [2024-11-09T19:49:15.187+0000] {dag.py:3239} INFO - Sync 1 DAGs
[2024-11-09T19:49:15.247+0000] {logging_mixin.py:190} INFO - [2024-11-09T19:49:15.246+0000] {dag.py:4180} INFO - Setting next_dagrun for example_sla_dag to 2024-11-09 19:46:00+00:00, run_after=2024-11-09 19:48:00+00:00
[2024-11-09T19:49:15.288+0000] {processor.py:208} INFO - Processing /home/chirag/airflow/lib/python3.12/site-packages/airflow/example_dags/example_sla_dag.py took 0.185 seconds
[2024-11-09T19:50:26.282+0000] {processor.py:186} INFO - Started process (PID=5596) to work on /home/chirag/airflow/lib/python3.12/site-packages/airflow/example_dags/example_sla_dag.py
[2024-11-09T19:50:26.287+0000] {processor.py:914} INFO - Processing file /home/chirag/airflow/lib/python3.12/site-packages/airflow/example_dags/example_sla_dag.py for tasks to queue
[2024-11-09T19:50:26.291+0000] {logging_mixin.py:190} INFO - [2024-11-09T19:50:26.290+0000] {dagbag.py:588} INFO - Filling up the DagBag from /home/chirag/airflow/lib/python3.12/site-packages/airflow/example_dags/example_sla_dag.py
[2024-11-09T19:50:26.311+0000] {processor.py:925} INFO - DAG(s) 'example_sla_dag' retrieved from /home/chirag/airflow/lib/python3.12/site-packages/airflow/example_dags/example_sla_dag.py
[2024-11-09T19:50:26.341+0000] {logging_mixin.py:190} INFO - [2024-11-09T19:50:26.341+0000] {dag.py:3239} INFO - Sync 1 DAGs
[2024-11-09T19:50:26.398+0000] {logging_mixin.py:190} INFO - [2024-11-09T19:50:26.397+0000] {dag.py:4180} INFO - Setting next_dagrun for example_sla_dag to 2024-11-09 19:48:00+00:00, run_after=2024-11-09 19:50:00+00:00
[2024-11-09T19:50:26.429+0000] {processor.py:208} INFO - Processing /home/chirag/airflow/lib/python3.12/site-packages/airflow/example_dags/example_sla_dag.py took 0.164 seconds
[2024-11-09T19:51:40.146+0000] {processor.py:186} INFO - Started process (PID=6211) to work on /home/chirag/airflow/lib/python3.12/site-packages/airflow/example_dags/example_sla_dag.py
[2024-11-09T19:51:40.149+0000] {processor.py:914} INFO - Processing file /home/chirag/airflow/lib/python3.12/site-packages/airflow/example_dags/example_sla_dag.py for tasks to queue
[2024-11-09T19:51:40.153+0000] {logging_mixin.py:190} INFO - [2024-11-09T19:51:40.152+0000] {dagbag.py:588} INFO - Filling up the DagBag from /home/chirag/airflow/lib/python3.12/site-packages/airflow/example_dags/example_sla_dag.py
[2024-11-09T19:51:40.169+0000] {processor.py:925} INFO - DAG(s) 'example_sla_dag' retrieved from /home/chirag/airflow/lib/python3.12/site-packages/airflow/example_dags/example_sla_dag.py
[2024-11-09T19:51:40.190+0000] {logging_mixin.py:190} INFO - [2024-11-09T19:51:40.190+0000] {dag.py:3239} INFO - Sync 1 DAGs
[2024-11-09T19:51:40.236+0000] {logging_mixin.py:190} INFO - [2024-11-09T19:51:40.235+0000] {dag.py:4180} INFO - Setting next_dagrun for example_sla_dag to 2024-11-09 19:48:00+00:00, run_after=2024-11-09 19:50:00+00:00
[2024-11-09T19:51:40.271+0000] {processor.py:208} INFO - Processing /home/chirag/airflow/lib/python3.12/site-packages/airflow/example_dags/example_sla_dag.py took 0.133 seconds
[2024-11-09T19:53:28.258+0000] {processor.py:186} INFO - Started process (PID=6716) to work on /home/chirag/airflow/lib/python3.12/site-packages/airflow/example_dags/example_sla_dag.py
[2024-11-09T19:53:28.268+0000] {processor.py:914} INFO - Processing file /home/chirag/airflow/lib/python3.12/site-packages/airflow/example_dags/example_sla_dag.py for tasks to queue
[2024-11-09T19:53:28.302+0000] {logging_mixin.py:190} INFO - [2024-11-09T19:53:28.298+0000] {dagbag.py:588} INFO - Filling up the DagBag from /home/chirag/airflow/lib/python3.12/site-packages/airflow/example_dags/example_sla_dag.py
[2024-11-09T19:53:28.372+0000] {processor.py:925} INFO - DAG(s) 'example_sla_dag' retrieved from /home/chirag/airflow/lib/python3.12/site-packages/airflow/example_dags/example_sla_dag.py
[2024-11-09T19:53:28.427+0000] {logging_mixin.py:190} INFO - [2024-11-09T19:53:28.426+0000] {dag.py:3239} INFO - Sync 1 DAGs
[2024-11-09T19:53:28.490+0000] {logging_mixin.py:190} INFO - [2024-11-09T19:53:28.489+0000] {dag.py:4180} INFO - Setting next_dagrun for example_sla_dag to 2024-11-09 19:50:00+00:00, run_after=2024-11-09 19:52:00+00:00
[2024-11-09T19:53:28.554+0000] {processor.py:208} INFO - Processing /home/chirag/airflow/lib/python3.12/site-packages/airflow/example_dags/example_sla_dag.py took 0.313 seconds
[2024-11-09T19:54:44.248+0000] {processor.py:186} INFO - Started process (PID=7317) to work on /home/chirag/airflow/lib/python3.12/site-packages/airflow/example_dags/example_sla_dag.py
[2024-11-09T19:54:44.253+0000] {processor.py:914} INFO - Processing file /home/chirag/airflow/lib/python3.12/site-packages/airflow/example_dags/example_sla_dag.py for tasks to queue
[2024-11-09T19:54:44.257+0000] {logging_mixin.py:190} INFO - [2024-11-09T19:54:44.256+0000] {dagbag.py:588} INFO - Filling up the DagBag from /home/chirag/airflow/lib/python3.12/site-packages/airflow/example_dags/example_sla_dag.py
[2024-11-09T19:54:44.275+0000] {processor.py:925} INFO - DAG(s) 'example_sla_dag' retrieved from /home/chirag/airflow/lib/python3.12/site-packages/airflow/example_dags/example_sla_dag.py
[2024-11-09T19:54:44.297+0000] {logging_mixin.py:190} INFO - [2024-11-09T19:54:44.296+0000] {dag.py:3239} INFO - Sync 1 DAGs
[2024-11-09T19:54:44.337+0000] {logging_mixin.py:190} INFO - [2024-11-09T19:54:44.336+0000] {dag.py:4180} INFO - Setting next_dagrun for example_sla_dag to 2024-11-09 19:52:00+00:00, run_after=2024-11-09 19:54:00+00:00
[2024-11-09T19:54:44.375+0000] {processor.py:208} INFO - Processing /home/chirag/airflow/lib/python3.12/site-packages/airflow/example_dags/example_sla_dag.py took 0.135 seconds
[2024-11-09T19:56:03.970+0000] {processor.py:186} INFO - Started process (PID=7880) to work on /home/chirag/airflow/lib/python3.12/site-packages/airflow/example_dags/example_sla_dag.py
[2024-11-09T19:56:03.976+0000] {processor.py:914} INFO - Processing file /home/chirag/airflow/lib/python3.12/site-packages/airflow/example_dags/example_sla_dag.py for tasks to queue
[2024-11-09T19:56:03.980+0000] {logging_mixin.py:190} INFO - [2024-11-09T19:56:03.979+0000] {dagbag.py:588} INFO - Filling up the DagBag from /home/chirag/airflow/lib/python3.12/site-packages/airflow/example_dags/example_sla_dag.py
[2024-11-09T19:56:04.000+0000] {processor.py:925} INFO - DAG(s) 'example_sla_dag' retrieved from /home/chirag/airflow/lib/python3.12/site-packages/airflow/example_dags/example_sla_dag.py
[2024-11-09T19:56:04.029+0000] {logging_mixin.py:190} INFO - [2024-11-09T19:56:04.028+0000] {dag.py:3239} INFO - Sync 1 DAGs
[2024-11-09T19:56:04.088+0000] {logging_mixin.py:190} INFO - [2024-11-09T19:56:04.088+0000] {dag.py:4180} INFO - Setting next_dagrun for example_sla_dag to 2024-11-09 19:54:00+00:00, run_after=2024-11-09 19:56:00+00:00
[2024-11-09T19:56:04.141+0000] {processor.py:208} INFO - Processing /home/chirag/airflow/lib/python3.12/site-packages/airflow/example_dags/example_sla_dag.py took 0.180 seconds
[2024-11-09T19:58:07.508+0000] {processor.py:186} INFO - Started process (PID=8329) to work on /home/chirag/airflow/lib/python3.12/site-packages/airflow/example_dags/example_sla_dag.py
[2024-11-09T19:58:07.512+0000] {processor.py:914} INFO - Processing file /home/chirag/airflow/lib/python3.12/site-packages/airflow/example_dags/example_sla_dag.py for tasks to queue
[2024-11-09T19:58:07.515+0000] {logging_mixin.py:190} INFO - [2024-11-09T19:58:07.514+0000] {dagbag.py:588} INFO - Filling up the DagBag from /home/chirag/airflow/lib/python3.12/site-packages/airflow/example_dags/example_sla_dag.py
[2024-11-09T19:58:07.534+0000] {processor.py:925} INFO - DAG(s) 'example_sla_dag' retrieved from /home/chirag/airflow/lib/python3.12/site-packages/airflow/example_dags/example_sla_dag.py
[2024-11-09T19:58:07.558+0000] {logging_mixin.py:190} INFO - [2024-11-09T19:58:07.558+0000] {dag.py:3239} INFO - Sync 1 DAGs
[2024-11-09T19:58:07.598+0000] {logging_mixin.py:190} INFO - [2024-11-09T19:58:07.598+0000] {dag.py:4180} INFO - Setting next_dagrun for example_sla_dag to 2024-11-09 19:56:00+00:00, run_after=2024-11-09 19:58:00+00:00
[2024-11-09T19:58:07.644+0000] {processor.py:208} INFO - Processing /home/chirag/airflow/lib/python3.12/site-packages/airflow/example_dags/example_sla_dag.py took 0.144 seconds
[2024-11-09T20:22:42.409+0000] {processor.py:186} INFO - Started process (PID=12688) to work on /home/chirag/airflow/lib/python3.12/site-packages/airflow/example_dags/example_sla_dag.py
[2024-11-09T20:22:42.413+0000] {processor.py:914} INFO - Processing file /home/chirag/airflow/lib/python3.12/site-packages/airflow/example_dags/example_sla_dag.py for tasks to queue
[2024-11-09T20:22:42.416+0000] {logging_mixin.py:190} INFO - [2024-11-09T20:22:42.415+0000] {dagbag.py:588} INFO - Filling up the DagBag from /home/chirag/airflow/lib/python3.12/site-packages/airflow/example_dags/example_sla_dag.py
[2024-11-09T20:22:42.433+0000] {processor.py:925} INFO - DAG(s) 'example_sla_dag' retrieved from /home/chirag/airflow/lib/python3.12/site-packages/airflow/example_dags/example_sla_dag.py
[2024-11-09T20:22:42.455+0000] {logging_mixin.py:190} INFO - [2024-11-09T20:22:42.454+0000] {dag.py:3239} INFO - Sync 1 DAGs
[2024-11-09T20:22:42.488+0000] {logging_mixin.py:190} INFO - [2024-11-09T20:22:42.487+0000] {dag.py:4180} INFO - Setting next_dagrun for example_sla_dag to 2024-11-09 20:20:00+00:00, run_after=2024-11-09 20:22:00+00:00
[2024-11-09T20:22:42.536+0000] {processor.py:208} INFO - Processing /home/chirag/airflow/lib/python3.12/site-packages/airflow/example_dags/example_sla_dag.py took 0.135 seconds
[2024-11-09T20:23:50.123+0000] {processor.py:186} INFO - Started process (PID=12886) to work on /home/chirag/airflow/lib/python3.12/site-packages/airflow/example_dags/example_sla_dag.py
[2024-11-09T20:23:50.126+0000] {processor.py:914} INFO - Processing file /home/chirag/airflow/lib/python3.12/site-packages/airflow/example_dags/example_sla_dag.py for tasks to queue
[2024-11-09T20:23:50.129+0000] {logging_mixin.py:190} INFO - [2024-11-09T20:23:50.128+0000] {dagbag.py:588} INFO - Filling up the DagBag from /home/chirag/airflow/lib/python3.12/site-packages/airflow/example_dags/example_sla_dag.py
[2024-11-09T20:23:50.144+0000] {processor.py:925} INFO - DAG(s) 'example_sla_dag' retrieved from /home/chirag/airflow/lib/python3.12/site-packages/airflow/example_dags/example_sla_dag.py
[2024-11-09T20:23:50.166+0000] {logging_mixin.py:190} INFO - [2024-11-09T20:23:50.165+0000] {dag.py:3239} INFO - Sync 1 DAGs
[2024-11-09T20:23:50.202+0000] {logging_mixin.py:190} INFO - [2024-11-09T20:23:50.201+0000] {dag.py:4180} INFO - Setting next_dagrun for example_sla_dag to 2024-11-09 20:20:00+00:00, run_after=2024-11-09 20:22:00+00:00
[2024-11-09T20:23:50.243+0000] {processor.py:208} INFO - Processing /home/chirag/airflow/lib/python3.12/site-packages/airflow/example_dags/example_sla_dag.py took 0.128 seconds
[2024-11-09T20:25:02.908+0000] {processor.py:186} INFO - Started process (PID=13091) to work on /home/chirag/airflow/lib/python3.12/site-packages/airflow/example_dags/example_sla_dag.py
[2024-11-09T20:25:02.911+0000] {processor.py:914} INFO - Processing file /home/chirag/airflow/lib/python3.12/site-packages/airflow/example_dags/example_sla_dag.py for tasks to queue
[2024-11-09T20:25:02.915+0000] {logging_mixin.py:190} INFO - [2024-11-09T20:25:02.915+0000] {dagbag.py:588} INFO - Filling up the DagBag from /home/chirag/airflow/lib/python3.12/site-packages/airflow/example_dags/example_sla_dag.py
[2024-11-09T20:25:02.940+0000] {processor.py:925} INFO - DAG(s) 'example_sla_dag' retrieved from /home/chirag/airflow/lib/python3.12/site-packages/airflow/example_dags/example_sla_dag.py
[2024-11-09T20:25:02.964+0000] {logging_mixin.py:190} INFO - [2024-11-09T20:25:02.964+0000] {dag.py:3239} INFO - Sync 1 DAGs
[2024-11-09T20:25:03.007+0000] {logging_mixin.py:190} INFO - [2024-11-09T20:25:03.007+0000] {dag.py:4180} INFO - Setting next_dagrun for example_sla_dag to 2024-11-09 20:22:00+00:00, run_after=2024-11-09 20:24:00+00:00
[2024-11-09T20:25:03.043+0000] {processor.py:208} INFO - Processing /home/chirag/airflow/lib/python3.12/site-packages/airflow/example_dags/example_sla_dag.py took 0.146 seconds
[2024-11-09T20:26:39.881+0000] {processor.py:186} INFO - Started process (PID=13646) to work on /home/chirag/airflow/lib/python3.12/site-packages/airflow/example_dags/example_sla_dag.py
[2024-11-09T20:26:39.888+0000] {processor.py:914} INFO - Processing file /home/chirag/airflow/lib/python3.12/site-packages/airflow/example_dags/example_sla_dag.py for tasks to queue
[2024-11-09T20:26:39.891+0000] {logging_mixin.py:190} INFO - [2024-11-09T20:26:39.891+0000] {dagbag.py:588} INFO - Filling up the DagBag from /home/chirag/airflow/lib/python3.12/site-packages/airflow/example_dags/example_sla_dag.py
[2024-11-09T20:26:39.907+0000] {processor.py:925} INFO - DAG(s) 'example_sla_dag' retrieved from /home/chirag/airflow/lib/python3.12/site-packages/airflow/example_dags/example_sla_dag.py
[2024-11-09T20:26:39.928+0000] {logging_mixin.py:190} INFO - [2024-11-09T20:26:39.927+0000] {dag.py:3239} INFO - Sync 1 DAGs
[2024-11-09T20:26:39.967+0000] {logging_mixin.py:190} INFO - [2024-11-09T20:26:39.967+0000] {dag.py:4180} INFO - Setting next_dagrun for example_sla_dag to 2024-11-09 20:24:00+00:00, run_after=2024-11-09 20:26:00+00:00
[2024-11-09T20:26:40.007+0000] {processor.py:208} INFO - Processing /home/chirag/airflow/lib/python3.12/site-packages/airflow/example_dags/example_sla_dag.py took 0.135 seconds
[2024-11-09T20:28:19.803+0000] {processor.py:186} INFO - Started process (PID=14090) to work on /home/chirag/airflow/lib/python3.12/site-packages/airflow/example_dags/example_sla_dag.py
[2024-11-09T20:28:19.807+0000] {processor.py:914} INFO - Processing file /home/chirag/airflow/lib/python3.12/site-packages/airflow/example_dags/example_sla_dag.py for tasks to queue
[2024-11-09T20:28:19.810+0000] {logging_mixin.py:190} INFO - [2024-11-09T20:28:19.809+0000] {dagbag.py:588} INFO - Filling up the DagBag from /home/chirag/airflow/lib/python3.12/site-packages/airflow/example_dags/example_sla_dag.py
[2024-11-09T20:28:19.825+0000] {processor.py:925} INFO - DAG(s) 'example_sla_dag' retrieved from /home/chirag/airflow/lib/python3.12/site-packages/airflow/example_dags/example_sla_dag.py
[2024-11-09T20:28:19.847+0000] {logging_mixin.py:190} INFO - [2024-11-09T20:28:19.846+0000] {dag.py:3239} INFO - Sync 1 DAGs
[2024-11-09T20:28:19.895+0000] {logging_mixin.py:190} INFO - [2024-11-09T20:28:19.895+0000] {dag.py:4180} INFO - Setting next_dagrun for example_sla_dag to 2024-11-09 20:26:00+00:00, run_after=2024-11-09 20:28:00+00:00
[2024-11-09T20:28:19.947+0000] {processor.py:208} INFO - Processing /home/chirag/airflow/lib/python3.12/site-packages/airflow/example_dags/example_sla_dag.py took 0.152 seconds
