[2024-11-09T19:17:43.215+0000] {processor.py:186} INFO - Started process (PID=94762) to work on /home/chirag/airflow/lib/python3.12/site-packages/airflow/example_dags/example_sensor_decorator.py
[2024-11-09T19:17:43.217+0000] {processor.py:914} INFO - Processing file /home/chirag/airflow/lib/python3.12/site-packages/airflow/example_dags/example_sensor_decorator.py for tasks to queue
[2024-11-09T19:17:43.224+0000] {logging_mixin.py:190} INFO - [2024-11-09T19:17:43.223+0000] {dagbag.py:588} INFO - Filling up the DagBag from /home/chirag/airflow/lib/python3.12/site-packages/airflow/example_dags/example_sensor_decorator.py
[2024-11-09T19:17:43.256+0000] {processor.py:925} INFO - DAG(s) 'example_sensor_decorator' retrieved from /home/chirag/airflow/lib/python3.12/site-packages/airflow/example_dags/example_sensor_decorator.py
[2024-11-09T19:17:43.659+0000] {logging_mixin.py:190} INFO - [2024-11-09T19:17:43.658+0000] {override.py:1911} INFO - Created Permission View: can delete on DAG:example_sensor_decorator
[2024-11-09T19:17:43.705+0000] {logging_mixin.py:190} INFO - [2024-11-09T19:17:43.703+0000] {override.py:1911} INFO - Created Permission View: can read on DAG:example_sensor_decorator
[2024-11-09T19:17:43.741+0000] {logging_mixin.py:190} INFO - [2024-11-09T19:17:43.740+0000] {override.py:1911} INFO - Created Permission View: can edit on DAG:example_sensor_decorator
[2024-11-09T19:17:43.772+0000] {logging_mixin.py:190} INFO - [2024-11-09T19:17:43.770+0000] {override.py:1911} INFO - Created Permission View: menu access on DAG Run:example_sensor_decorator
[2024-11-09T19:17:43.794+0000] {logging_mixin.py:190} INFO - [2024-11-09T19:17:43.794+0000] {override.py:1911} INFO - Created Permission View: can delete on DAG Run:example_sensor_decorator
[2024-11-09T19:17:43.826+0000] {logging_mixin.py:190} INFO - [2024-11-09T19:17:43.825+0000] {override.py:1911} INFO - Created Permission View: can read on DAG Run:example_sensor_decorator
[2024-11-09T19:17:43.859+0000] {logging_mixin.py:190} INFO - [2024-11-09T19:17:43.858+0000] {override.py:1911} INFO - Created Permission View: can create on DAG Run:example_sensor_decorator
[2024-11-09T19:17:43.859+0000] {logging_mixin.py:190} INFO - [2024-11-09T19:17:43.859+0000] {dag.py:3239} INFO - Sync 1 DAGs
[2024-11-09T19:17:43.892+0000] {logging_mixin.py:190} INFO - [2024-11-09T19:17:43.892+0000] {dag.py:3262} INFO - Creating ORM DAG for example_sensor_decorator
[2024-11-09T19:17:43.897+0000] {logging_mixin.py:190} INFO - [2024-11-09T19:17:43.896+0000] {dag.py:4180} INFO - Setting next_dagrun for example_sensor_decorator to None, run_after=None
[2024-11-09T19:17:43.960+0000] {processor.py:208} INFO - Processing /home/chirag/airflow/lib/python3.12/site-packages/airflow/example_dags/example_sensor_decorator.py took 0.759 seconds
[2024-11-09T19:28:25.654+0000] {processor.py:186} INFO - Started process (PID=502) to work on /home/chirag/airflow/lib/python3.12/site-packages/airflow/example_dags/example_sensor_decorator.py
[2024-11-09T19:28:25.659+0000] {processor.py:914} INFO - Processing file /home/chirag/airflow/lib/python3.12/site-packages/airflow/example_dags/example_sensor_decorator.py for tasks to queue
[2024-11-09T19:28:25.671+0000] {logging_mixin.py:190} INFO - [2024-11-09T19:28:25.670+0000] {dagbag.py:588} INFO - Filling up the DagBag from /home/chirag/airflow/lib/python3.12/site-packages/airflow/example_dags/example_sensor_decorator.py
[2024-11-09T19:28:25.708+0000] {processor.py:925} INFO - DAG(s) 'example_sensor_decorator' retrieved from /home/chirag/airflow/lib/python3.12/site-packages/airflow/example_dags/example_sensor_decorator.py
[2024-11-09T19:28:25.773+0000] {logging_mixin.py:190} INFO - [2024-11-09T19:28:25.773+0000] {dag.py:3239} INFO - Sync 1 DAGs
[2024-11-09T19:28:25.804+0000] {logging_mixin.py:190} INFO - [2024-11-09T19:28:25.803+0000] {dag.py:4180} INFO - Setting next_dagrun for example_sensor_decorator to None, run_after=None
[2024-11-09T19:28:25.866+0000] {processor.py:208} INFO - Processing /home/chirag/airflow/lib/python3.12/site-packages/airflow/example_dags/example_sensor_decorator.py took 0.237 seconds
[2024-11-09T19:29:38.198+0000] {processor.py:186} INFO - Started process (PID=592) to work on /home/chirag/airflow/lib/python3.12/site-packages/airflow/example_dags/example_sensor_decorator.py
[2024-11-09T19:29:38.200+0000] {processor.py:914} INFO - Processing file /home/chirag/airflow/lib/python3.12/site-packages/airflow/example_dags/example_sensor_decorator.py for tasks to queue
[2024-11-09T19:29:38.206+0000] {logging_mixin.py:190} INFO - [2024-11-09T19:29:38.205+0000] {dagbag.py:588} INFO - Filling up the DagBag from /home/chirag/airflow/lib/python3.12/site-packages/airflow/example_dags/example_sensor_decorator.py
[2024-11-09T19:29:38.224+0000] {processor.py:925} INFO - DAG(s) 'example_sensor_decorator' retrieved from /home/chirag/airflow/lib/python3.12/site-packages/airflow/example_dags/example_sensor_decorator.py
[2024-11-09T19:29:38.254+0000] {logging_mixin.py:190} INFO - [2024-11-09T19:29:38.254+0000] {dag.py:3239} INFO - Sync 1 DAGs
[2024-11-09T19:29:38.280+0000] {logging_mixin.py:190} INFO - [2024-11-09T19:29:38.280+0000] {dag.py:4180} INFO - Setting next_dagrun for example_sensor_decorator to None, run_after=None
[2024-11-09T19:29:38.329+0000] {processor.py:208} INFO - Processing /home/chirag/airflow/lib/python3.12/site-packages/airflow/example_dags/example_sensor_decorator.py took 0.141 seconds
[2024-11-09T19:30:58.378+0000] {processor.py:186} INFO - Started process (PID=665) to work on /home/chirag/airflow/lib/python3.12/site-packages/airflow/example_dags/example_sensor_decorator.py
[2024-11-09T19:30:58.382+0000] {processor.py:914} INFO - Processing file /home/chirag/airflow/lib/python3.12/site-packages/airflow/example_dags/example_sensor_decorator.py for tasks to queue
[2024-11-09T19:30:58.385+0000] {logging_mixin.py:190} INFO - [2024-11-09T19:30:58.384+0000] {dagbag.py:588} INFO - Filling up the DagBag from /home/chirag/airflow/lib/python3.12/site-packages/airflow/example_dags/example_sensor_decorator.py
[2024-11-09T19:30:58.397+0000] {processor.py:925} INFO - DAG(s) 'example_sensor_decorator' retrieved from /home/chirag/airflow/lib/python3.12/site-packages/airflow/example_dags/example_sensor_decorator.py
[2024-11-09T19:30:58.418+0000] {logging_mixin.py:190} INFO - [2024-11-09T19:30:58.418+0000] {dag.py:3239} INFO - Sync 1 DAGs
[2024-11-09T19:30:58.435+0000] {logging_mixin.py:190} INFO - [2024-11-09T19:30:58.435+0000] {dag.py:4180} INFO - Setting next_dagrun for example_sensor_decorator to None, run_after=None
[2024-11-09T19:30:58.466+0000] {processor.py:208} INFO - Processing /home/chirag/airflow/lib/python3.12/site-packages/airflow/example_dags/example_sensor_decorator.py took 0.096 seconds
[2024-11-09T19:32:38.256+0000] {processor.py:186} INFO - Started process (PID=1517) to work on /home/chirag/airflow/lib/python3.12/site-packages/airflow/example_dags/example_sensor_decorator.py
[2024-11-09T19:32:38.264+0000] {processor.py:914} INFO - Processing file /home/chirag/airflow/lib/python3.12/site-packages/airflow/example_dags/example_sensor_decorator.py for tasks to queue
[2024-11-09T19:32:38.269+0000] {logging_mixin.py:190} INFO - [2024-11-09T19:32:38.268+0000] {dagbag.py:588} INFO - Filling up the DagBag from /home/chirag/airflow/lib/python3.12/site-packages/airflow/example_dags/example_sensor_decorator.py
[2024-11-09T19:32:38.284+0000] {processor.py:925} INFO - DAG(s) 'example_sensor_decorator' retrieved from /home/chirag/airflow/lib/python3.12/site-packages/airflow/example_dags/example_sensor_decorator.py
[2024-11-09T19:32:38.315+0000] {logging_mixin.py:190} INFO - [2024-11-09T19:32:38.315+0000] {dag.py:3239} INFO - Sync 1 DAGs
[2024-11-09T19:32:38.355+0000] {logging_mixin.py:190} INFO - [2024-11-09T19:32:38.354+0000] {dag.py:4180} INFO - Setting next_dagrun for example_sensor_decorator to None, run_after=None
[2024-11-09T19:32:38.487+0000] {processor.py:208} INFO - Processing /home/chirag/airflow/lib/python3.12/site-packages/airflow/example_dags/example_sensor_decorator.py took 0.248 seconds
[2024-11-09T19:34:01.558+0000] {processor.py:186} INFO - Started process (PID=2090) to work on /home/chirag/airflow/lib/python3.12/site-packages/airflow/example_dags/example_sensor_decorator.py
[2024-11-09T19:34:01.561+0000] {processor.py:914} INFO - Processing file /home/chirag/airflow/lib/python3.12/site-packages/airflow/example_dags/example_sensor_decorator.py for tasks to queue
[2024-11-09T19:34:01.564+0000] {logging_mixin.py:190} INFO - [2024-11-09T19:34:01.564+0000] {dagbag.py:588} INFO - Filling up the DagBag from /home/chirag/airflow/lib/python3.12/site-packages/airflow/example_dags/example_sensor_decorator.py
[2024-11-09T19:34:01.577+0000] {processor.py:925} INFO - DAG(s) 'example_sensor_decorator' retrieved from /home/chirag/airflow/lib/python3.12/site-packages/airflow/example_dags/example_sensor_decorator.py
[2024-11-09T19:34:01.599+0000] {logging_mixin.py:190} INFO - [2024-11-09T19:34:01.599+0000] {dag.py:3239} INFO - Sync 1 DAGs
[2024-11-09T19:34:01.617+0000] {logging_mixin.py:190} INFO - [2024-11-09T19:34:01.617+0000] {dag.py:4180} INFO - Setting next_dagrun for example_sensor_decorator to None, run_after=None
[2024-11-09T19:34:01.656+0000] {processor.py:208} INFO - Processing /home/chirag/airflow/lib/python3.12/site-packages/airflow/example_dags/example_sensor_decorator.py took 0.106 seconds
[2024-11-09T19:35:27.272+0000] {processor.py:186} INFO - Started process (PID=2659) to work on /home/chirag/airflow/lib/python3.12/site-packages/airflow/example_dags/example_sensor_decorator.py
[2024-11-09T19:35:27.276+0000] {processor.py:914} INFO - Processing file /home/chirag/airflow/lib/python3.12/site-packages/airflow/example_dags/example_sensor_decorator.py for tasks to queue
[2024-11-09T19:35:27.279+0000] {logging_mixin.py:190} INFO - [2024-11-09T19:35:27.278+0000] {dagbag.py:588} INFO - Filling up the DagBag from /home/chirag/airflow/lib/python3.12/site-packages/airflow/example_dags/example_sensor_decorator.py
[2024-11-09T19:35:27.291+0000] {processor.py:925} INFO - DAG(s) 'example_sensor_decorator' retrieved from /home/chirag/airflow/lib/python3.12/site-packages/airflow/example_dags/example_sensor_decorator.py
[2024-11-09T19:35:27.313+0000] {logging_mixin.py:190} INFO - [2024-11-09T19:35:27.313+0000] {dag.py:3239} INFO - Sync 1 DAGs
[2024-11-09T19:35:27.333+0000] {logging_mixin.py:190} INFO - [2024-11-09T19:35:27.332+0000] {dag.py:4180} INFO - Setting next_dagrun for example_sensor_decorator to None, run_after=None
[2024-11-09T19:35:27.372+0000] {processor.py:208} INFO - Processing /home/chirag/airflow/lib/python3.12/site-packages/airflow/example_dags/example_sensor_decorator.py took 0.109 seconds
[2024-11-09T19:36:50.053+0000] {processor.py:186} INFO - Started process (PID=2881) to work on /home/chirag/airflow/lib/python3.12/site-packages/airflow/example_dags/example_sensor_decorator.py
[2024-11-09T19:36:50.056+0000] {processor.py:914} INFO - Processing file /home/chirag/airflow/lib/python3.12/site-packages/airflow/example_dags/example_sensor_decorator.py for tasks to queue
[2024-11-09T19:36:50.060+0000] {logging_mixin.py:190} INFO - [2024-11-09T19:36:50.060+0000] {dagbag.py:588} INFO - Filling up the DagBag from /home/chirag/airflow/lib/python3.12/site-packages/airflow/example_dags/example_sensor_decorator.py
[2024-11-09T19:36:50.072+0000] {processor.py:925} INFO - DAG(s) 'example_sensor_decorator' retrieved from /home/chirag/airflow/lib/python3.12/site-packages/airflow/example_dags/example_sensor_decorator.py
[2024-11-09T19:36:50.096+0000] {logging_mixin.py:190} INFO - [2024-11-09T19:36:50.096+0000] {dag.py:3239} INFO - Sync 1 DAGs
[2024-11-09T19:36:50.114+0000] {logging_mixin.py:190} INFO - [2024-11-09T19:36:50.114+0000] {dag.py:4180} INFO - Setting next_dagrun for example_sensor_decorator to None, run_after=None
[2024-11-09T19:36:50.151+0000] {processor.py:208} INFO - Processing /home/chirag/airflow/lib/python3.12/site-packages/airflow/example_dags/example_sensor_decorator.py took 0.106 seconds
[2024-11-09T19:38:01.120+0000] {processor.py:186} INFO - Started process (PID=3174) to work on /home/chirag/airflow/lib/python3.12/site-packages/airflow/example_dags/example_sensor_decorator.py
[2024-11-09T19:38:01.123+0000] {processor.py:914} INFO - Processing file /home/chirag/airflow/lib/python3.12/site-packages/airflow/example_dags/example_sensor_decorator.py for tasks to queue
[2024-11-09T19:38:01.126+0000] {logging_mixin.py:190} INFO - [2024-11-09T19:38:01.125+0000] {dagbag.py:588} INFO - Filling up the DagBag from /home/chirag/airflow/lib/python3.12/site-packages/airflow/example_dags/example_sensor_decorator.py
[2024-11-09T19:38:01.138+0000] {processor.py:925} INFO - DAG(s) 'example_sensor_decorator' retrieved from /home/chirag/airflow/lib/python3.12/site-packages/airflow/example_dags/example_sensor_decorator.py
[2024-11-09T19:38:01.161+0000] {logging_mixin.py:190} INFO - [2024-11-09T19:38:01.161+0000] {dag.py:3239} INFO - Sync 1 DAGs
[2024-11-09T19:38:01.183+0000] {logging_mixin.py:190} INFO - [2024-11-09T19:38:01.182+0000] {dag.py:4180} INFO - Setting next_dagrun for example_sensor_decorator to None, run_after=None
[2024-11-09T19:38:01.220+0000] {processor.py:208} INFO - Processing /home/chirag/airflow/lib/python3.12/site-packages/airflow/example_dags/example_sensor_decorator.py took 0.108 seconds
[2024-11-09T19:39:15.215+0000] {processor.py:186} INFO - Started process (PID=3466) to work on /home/chirag/airflow/lib/python3.12/site-packages/airflow/example_dags/example_sensor_decorator.py
[2024-11-09T19:39:15.221+0000] {processor.py:914} INFO - Processing file /home/chirag/airflow/lib/python3.12/site-packages/airflow/example_dags/example_sensor_decorator.py for tasks to queue
[2024-11-09T19:39:15.229+0000] {logging_mixin.py:190} INFO - [2024-11-09T19:39:15.228+0000] {dagbag.py:588} INFO - Filling up the DagBag from /home/chirag/airflow/lib/python3.12/site-packages/airflow/example_dags/example_sensor_decorator.py
[2024-11-09T19:39:15.248+0000] {processor.py:925} INFO - DAG(s) 'example_sensor_decorator' retrieved from /home/chirag/airflow/lib/python3.12/site-packages/airflow/example_dags/example_sensor_decorator.py
[2024-11-09T19:39:15.281+0000] {logging_mixin.py:190} INFO - [2024-11-09T19:39:15.281+0000] {dag.py:3239} INFO - Sync 1 DAGs
[2024-11-09T19:39:15.323+0000] {logging_mixin.py:190} INFO - [2024-11-09T19:39:15.321+0000] {dag.py:4180} INFO - Setting next_dagrun for example_sensor_decorator to None, run_after=None
[2024-11-09T19:39:15.401+0000] {processor.py:208} INFO - Processing /home/chirag/airflow/lib/python3.12/site-packages/airflow/example_dags/example_sensor_decorator.py took 0.204 seconds
[2024-11-09T19:40:40.497+0000] {processor.py:186} INFO - Started process (PID=3700) to work on /home/chirag/airflow/lib/python3.12/site-packages/airflow/example_dags/example_sensor_decorator.py
[2024-11-09T19:40:40.500+0000] {processor.py:914} INFO - Processing file /home/chirag/airflow/lib/python3.12/site-packages/airflow/example_dags/example_sensor_decorator.py for tasks to queue
[2024-11-09T19:40:40.504+0000] {logging_mixin.py:190} INFO - [2024-11-09T19:40:40.503+0000] {dagbag.py:588} INFO - Filling up the DagBag from /home/chirag/airflow/lib/python3.12/site-packages/airflow/example_dags/example_sensor_decorator.py
[2024-11-09T19:40:40.517+0000] {processor.py:925} INFO - DAG(s) 'example_sensor_decorator' retrieved from /home/chirag/airflow/lib/python3.12/site-packages/airflow/example_dags/example_sensor_decorator.py
[2024-11-09T19:40:40.539+0000] {logging_mixin.py:190} INFO - [2024-11-09T19:40:40.538+0000] {dag.py:3239} INFO - Sync 1 DAGs
[2024-11-09T19:40:40.557+0000] {logging_mixin.py:190} INFO - [2024-11-09T19:40:40.556+0000] {dag.py:4180} INFO - Setting next_dagrun for example_sensor_decorator to None, run_after=None
[2024-11-09T19:40:40.593+0000] {processor.py:208} INFO - Processing /home/chirag/airflow/lib/python3.12/site-packages/airflow/example_dags/example_sensor_decorator.py took 0.104 seconds
[2024-11-09T19:41:54.226+0000] {processor.py:186} INFO - Started process (PID=3908) to work on /home/chirag/airflow/lib/python3.12/site-packages/airflow/example_dags/example_sensor_decorator.py
[2024-11-09T19:41:54.229+0000] {processor.py:914} INFO - Processing file /home/chirag/airflow/lib/python3.12/site-packages/airflow/example_dags/example_sensor_decorator.py for tasks to queue
[2024-11-09T19:41:54.233+0000] {logging_mixin.py:190} INFO - [2024-11-09T19:41:54.232+0000] {dagbag.py:588} INFO - Filling up the DagBag from /home/chirag/airflow/lib/python3.12/site-packages/airflow/example_dags/example_sensor_decorator.py
[2024-11-09T19:41:54.245+0000] {processor.py:925} INFO - DAG(s) 'example_sensor_decorator' retrieved from /home/chirag/airflow/lib/python3.12/site-packages/airflow/example_dags/example_sensor_decorator.py
[2024-11-09T19:41:54.268+0000] {logging_mixin.py:190} INFO - [2024-11-09T19:41:54.267+0000] {dag.py:3239} INFO - Sync 1 DAGs
[2024-11-09T19:41:54.286+0000] {logging_mixin.py:190} INFO - [2024-11-09T19:41:54.285+0000] {dag.py:4180} INFO - Setting next_dagrun for example_sensor_decorator to None, run_after=None
[2024-11-09T19:41:54.324+0000] {processor.py:208} INFO - Processing /home/chirag/airflow/lib/python3.12/site-packages/airflow/example_dags/example_sensor_decorator.py took 0.106 seconds
[2024-11-09T19:43:12.085+0000] {processor.py:186} INFO - Started process (PID=4129) to work on /home/chirag/airflow/lib/python3.12/site-packages/airflow/example_dags/example_sensor_decorator.py
[2024-11-09T19:43:12.089+0000] {processor.py:914} INFO - Processing file /home/chirag/airflow/lib/python3.12/site-packages/airflow/example_dags/example_sensor_decorator.py for tasks to queue
[2024-11-09T19:43:12.093+0000] {logging_mixin.py:190} INFO - [2024-11-09T19:43:12.092+0000] {dagbag.py:588} INFO - Filling up the DagBag from /home/chirag/airflow/lib/python3.12/site-packages/airflow/example_dags/example_sensor_decorator.py
[2024-11-09T19:43:12.108+0000] {processor.py:925} INFO - DAG(s) 'example_sensor_decorator' retrieved from /home/chirag/airflow/lib/python3.12/site-packages/airflow/example_dags/example_sensor_decorator.py
[2024-11-09T19:43:12.132+0000] {logging_mixin.py:190} INFO - [2024-11-09T19:43:12.132+0000] {dag.py:3239} INFO - Sync 1 DAGs
[2024-11-09T19:43:12.151+0000] {logging_mixin.py:190} INFO - [2024-11-09T19:43:12.150+0000] {dag.py:4180} INFO - Setting next_dagrun for example_sensor_decorator to None, run_after=None
[2024-11-09T19:43:12.190+0000] {processor.py:208} INFO - Processing /home/chirag/airflow/lib/python3.12/site-packages/airflow/example_dags/example_sensor_decorator.py took 0.114 seconds
[2024-11-09T19:44:27.352+0000] {processor.py:186} INFO - Started process (PID=4343) to work on /home/chirag/airflow/lib/python3.12/site-packages/airflow/example_dags/example_sensor_decorator.py
[2024-11-09T19:44:27.355+0000] {processor.py:914} INFO - Processing file /home/chirag/airflow/lib/python3.12/site-packages/airflow/example_dags/example_sensor_decorator.py for tasks to queue
[2024-11-09T19:44:27.358+0000] {logging_mixin.py:190} INFO - [2024-11-09T19:44:27.358+0000] {dagbag.py:588} INFO - Filling up the DagBag from /home/chirag/airflow/lib/python3.12/site-packages/airflow/example_dags/example_sensor_decorator.py
[2024-11-09T19:44:27.371+0000] {processor.py:925} INFO - DAG(s) 'example_sensor_decorator' retrieved from /home/chirag/airflow/lib/python3.12/site-packages/airflow/example_dags/example_sensor_decorator.py
[2024-11-09T19:44:27.393+0000] {logging_mixin.py:190} INFO - [2024-11-09T19:44:27.393+0000] {dag.py:3239} INFO - Sync 1 DAGs
[2024-11-09T19:44:27.412+0000] {logging_mixin.py:190} INFO - [2024-11-09T19:44:27.412+0000] {dag.py:4180} INFO - Setting next_dagrun for example_sensor_decorator to None, run_after=None
[2024-11-09T19:44:27.450+0000] {processor.py:208} INFO - Processing /home/chirag/airflow/lib/python3.12/site-packages/airflow/example_dags/example_sensor_decorator.py took 0.106 seconds
[2024-11-09T19:46:07.825+0000] {processor.py:186} INFO - Started process (PID=4635) to work on /home/chirag/airflow/lib/python3.12/site-packages/airflow/example_dags/example_sensor_decorator.py
[2024-11-09T19:46:07.829+0000] {processor.py:914} INFO - Processing file /home/chirag/airflow/lib/python3.12/site-packages/airflow/example_dags/example_sensor_decorator.py for tasks to queue
[2024-11-09T19:46:07.833+0000] {logging_mixin.py:190} INFO - [2024-11-09T19:46:07.833+0000] {dagbag.py:588} INFO - Filling up the DagBag from /home/chirag/airflow/lib/python3.12/site-packages/airflow/example_dags/example_sensor_decorator.py
[2024-11-09T19:46:07.850+0000] {processor.py:925} INFO - DAG(s) 'example_sensor_decorator' retrieved from /home/chirag/airflow/lib/python3.12/site-packages/airflow/example_dags/example_sensor_decorator.py
[2024-11-09T19:46:07.879+0000] {logging_mixin.py:190} INFO - [2024-11-09T19:46:07.878+0000] {dag.py:3239} INFO - Sync 1 DAGs
[2024-11-09T19:46:07.906+0000] {logging_mixin.py:190} INFO - [2024-11-09T19:46:07.906+0000] {dag.py:4180} INFO - Setting next_dagrun for example_sensor_decorator to None, run_after=None
[2024-11-09T19:46:07.956+0000] {processor.py:208} INFO - Processing /home/chirag/airflow/lib/python3.12/site-packages/airflow/example_dags/example_sensor_decorator.py took 0.144 seconds
[2024-11-09T19:47:31.006+0000] {processor.py:186} INFO - Started process (PID=4913) to work on /home/chirag/airflow/lib/python3.12/site-packages/airflow/example_dags/example_sensor_decorator.py
[2024-11-09T19:47:31.010+0000] {processor.py:914} INFO - Processing file /home/chirag/airflow/lib/python3.12/site-packages/airflow/example_dags/example_sensor_decorator.py for tasks to queue
[2024-11-09T19:47:31.013+0000] {logging_mixin.py:190} INFO - [2024-11-09T19:47:31.012+0000] {dagbag.py:588} INFO - Filling up the DagBag from /home/chirag/airflow/lib/python3.12/site-packages/airflow/example_dags/example_sensor_decorator.py
[2024-11-09T19:47:31.026+0000] {processor.py:925} INFO - DAG(s) 'example_sensor_decorator' retrieved from /home/chirag/airflow/lib/python3.12/site-packages/airflow/example_dags/example_sensor_decorator.py
[2024-11-09T19:47:31.048+0000] {logging_mixin.py:190} INFO - [2024-11-09T19:47:31.048+0000] {dag.py:3239} INFO - Sync 1 DAGs
[2024-11-09T19:47:31.066+0000] {logging_mixin.py:190} INFO - [2024-11-09T19:47:31.066+0000] {dag.py:4180} INFO - Setting next_dagrun for example_sensor_decorator to None, run_after=None
[2024-11-09T19:47:31.104+0000] {processor.py:208} INFO - Processing /home/chirag/airflow/lib/python3.12/site-packages/airflow/example_dags/example_sensor_decorator.py took 0.106 seconds
[2024-11-09T19:48:50.155+0000] {processor.py:186} INFO - Started process (PID=5141) to work on /home/chirag/airflow/lib/python3.12/site-packages/airflow/example_dags/example_sensor_decorator.py
[2024-11-09T19:48:50.160+0000] {processor.py:914} INFO - Processing file /home/chirag/airflow/lib/python3.12/site-packages/airflow/example_dags/example_sensor_decorator.py for tasks to queue
[2024-11-09T19:48:50.164+0000] {logging_mixin.py:190} INFO - [2024-11-09T19:48:50.163+0000] {dagbag.py:588} INFO - Filling up the DagBag from /home/chirag/airflow/lib/python3.12/site-packages/airflow/example_dags/example_sensor_decorator.py
[2024-11-09T19:48:50.177+0000] {processor.py:925} INFO - DAG(s) 'example_sensor_decorator' retrieved from /home/chirag/airflow/lib/python3.12/site-packages/airflow/example_dags/example_sensor_decorator.py
[2024-11-09T19:48:50.199+0000] {logging_mixin.py:190} INFO - [2024-11-09T19:48:50.199+0000] {dag.py:3239} INFO - Sync 1 DAGs
[2024-11-09T19:48:50.217+0000] {logging_mixin.py:190} INFO - [2024-11-09T19:48:50.216+0000] {dag.py:4180} INFO - Setting next_dagrun for example_sensor_decorator to None, run_after=None
[2024-11-09T19:48:50.254+0000] {processor.py:208} INFO - Processing /home/chirag/airflow/lib/python3.12/site-packages/airflow/example_dags/example_sensor_decorator.py took 0.108 seconds
[2024-11-09T19:50:02.696+0000] {processor.py:186} INFO - Started process (PID=5479) to work on /home/chirag/airflow/lib/python3.12/site-packages/airflow/example_dags/example_sensor_decorator.py
[2024-11-09T19:50:02.700+0000] {processor.py:914} INFO - Processing file /home/chirag/airflow/lib/python3.12/site-packages/airflow/example_dags/example_sensor_decorator.py for tasks to queue
[2024-11-09T19:50:02.703+0000] {logging_mixin.py:190} INFO - [2024-11-09T19:50:02.703+0000] {dagbag.py:588} INFO - Filling up the DagBag from /home/chirag/airflow/lib/python3.12/site-packages/airflow/example_dags/example_sensor_decorator.py
[2024-11-09T19:50:02.717+0000] {processor.py:925} INFO - DAG(s) 'example_sensor_decorator' retrieved from /home/chirag/airflow/lib/python3.12/site-packages/airflow/example_dags/example_sensor_decorator.py
[2024-11-09T19:50:02.741+0000] {logging_mixin.py:190} INFO - [2024-11-09T19:50:02.740+0000] {dag.py:3239} INFO - Sync 1 DAGs
[2024-11-09T19:50:02.759+0000] {logging_mixin.py:190} INFO - [2024-11-09T19:50:02.758+0000] {dag.py:4180} INFO - Setting next_dagrun for example_sensor_decorator to None, run_after=None
[2024-11-09T19:50:02.806+0000] {processor.py:208} INFO - Processing /home/chirag/airflow/lib/python3.12/site-packages/airflow/example_dags/example_sensor_decorator.py took 0.120 seconds
[2024-11-09T19:51:14.487+0000] {processor.py:186} INFO - Started process (PID=6081) to work on /home/chirag/airflow/lib/python3.12/site-packages/airflow/example_dags/example_sensor_decorator.py
[2024-11-09T19:51:14.490+0000] {processor.py:914} INFO - Processing file /home/chirag/airflow/lib/python3.12/site-packages/airflow/example_dags/example_sensor_decorator.py for tasks to queue
[2024-11-09T19:51:14.494+0000] {logging_mixin.py:190} INFO - [2024-11-09T19:51:14.493+0000] {dagbag.py:588} INFO - Filling up the DagBag from /home/chirag/airflow/lib/python3.12/site-packages/airflow/example_dags/example_sensor_decorator.py
[2024-11-09T19:51:14.513+0000] {processor.py:925} INFO - DAG(s) 'example_sensor_decorator' retrieved from /home/chirag/airflow/lib/python3.12/site-packages/airflow/example_dags/example_sensor_decorator.py
[2024-11-09T19:51:14.540+0000] {logging_mixin.py:190} INFO - [2024-11-09T19:51:14.539+0000] {dag.py:3239} INFO - Sync 1 DAGs
[2024-11-09T19:51:14.560+0000] {logging_mixin.py:190} INFO - [2024-11-09T19:51:14.559+0000] {dag.py:4180} INFO - Setting next_dagrun for example_sensor_decorator to None, run_after=None
[2024-11-09T19:51:14.599+0000] {processor.py:208} INFO - Processing /home/chirag/airflow/lib/python3.12/site-packages/airflow/example_dags/example_sensor_decorator.py took 0.123 seconds
[2024-11-09T19:52:48.092+0000] {processor.py:186} INFO - Started process (PID=6448) to work on /home/chirag/airflow/lib/python3.12/site-packages/airflow/example_dags/example_sensor_decorator.py
[2024-11-09T19:52:48.095+0000] {processor.py:914} INFO - Processing file /home/chirag/airflow/lib/python3.12/site-packages/airflow/example_dags/example_sensor_decorator.py for tasks to queue
[2024-11-09T19:52:48.100+0000] {logging_mixin.py:190} INFO - [2024-11-09T19:52:48.099+0000] {dagbag.py:588} INFO - Filling up the DagBag from /home/chirag/airflow/lib/python3.12/site-packages/airflow/example_dags/example_sensor_decorator.py
[2024-11-09T19:52:48.111+0000] {processor.py:925} INFO - DAG(s) 'example_sensor_decorator' retrieved from /home/chirag/airflow/lib/python3.12/site-packages/airflow/example_dags/example_sensor_decorator.py
[2024-11-09T19:52:48.133+0000] {logging_mixin.py:190} INFO - [2024-11-09T19:52:48.132+0000] {dag.py:3239} INFO - Sync 1 DAGs
[2024-11-09T19:52:48.151+0000] {logging_mixin.py:190} INFO - [2024-11-09T19:52:48.151+0000] {dag.py:4180} INFO - Setting next_dagrun for example_sensor_decorator to None, run_after=None
[2024-11-09T19:52:48.189+0000] {processor.py:208} INFO - Processing /home/chirag/airflow/lib/python3.12/site-packages/airflow/example_dags/example_sensor_decorator.py took 0.105 seconds
[2024-11-09T19:54:18.842+0000] {processor.py:186} INFO - Started process (PID=7127) to work on /home/chirag/airflow/lib/python3.12/site-packages/airflow/example_dags/example_sensor_decorator.py
[2024-11-09T19:54:18.848+0000] {processor.py:914} INFO - Processing file /home/chirag/airflow/lib/python3.12/site-packages/airflow/example_dags/example_sensor_decorator.py for tasks to queue
[2024-11-09T19:54:18.853+0000] {logging_mixin.py:190} INFO - [2024-11-09T19:54:18.853+0000] {dagbag.py:588} INFO - Filling up the DagBag from /home/chirag/airflow/lib/python3.12/site-packages/airflow/example_dags/example_sensor_decorator.py
[2024-11-09T19:54:18.867+0000] {processor.py:925} INFO - DAG(s) 'example_sensor_decorator' retrieved from /home/chirag/airflow/lib/python3.12/site-packages/airflow/example_dags/example_sensor_decorator.py
[2024-11-09T19:54:18.894+0000] {logging_mixin.py:190} INFO - [2024-11-09T19:54:18.894+0000] {dag.py:3239} INFO - Sync 1 DAGs
[2024-11-09T19:54:18.920+0000] {logging_mixin.py:190} INFO - [2024-11-09T19:54:18.919+0000] {dag.py:4180} INFO - Setting next_dagrun for example_sensor_decorator to None, run_after=None
[2024-11-09T19:54:18.982+0000] {processor.py:208} INFO - Processing /home/chirag/airflow/lib/python3.12/site-packages/airflow/example_dags/example_sensor_decorator.py took 0.152 seconds
[2024-11-09T19:55:35.346+0000] {processor.py:186} INFO - Started process (PID=7705) to work on /home/chirag/airflow/lib/python3.12/site-packages/airflow/example_dags/example_sensor_decorator.py
[2024-11-09T19:55:35.350+0000] {processor.py:914} INFO - Processing file /home/chirag/airflow/lib/python3.12/site-packages/airflow/example_dags/example_sensor_decorator.py for tasks to queue
[2024-11-09T19:55:35.354+0000] {logging_mixin.py:190} INFO - [2024-11-09T19:55:35.353+0000] {dagbag.py:588} INFO - Filling up the DagBag from /home/chirag/airflow/lib/python3.12/site-packages/airflow/example_dags/example_sensor_decorator.py
[2024-11-09T19:55:35.366+0000] {processor.py:925} INFO - DAG(s) 'example_sensor_decorator' retrieved from /home/chirag/airflow/lib/python3.12/site-packages/airflow/example_dags/example_sensor_decorator.py
[2024-11-09T19:55:35.395+0000] {logging_mixin.py:190} INFO - [2024-11-09T19:55:35.395+0000] {dag.py:3239} INFO - Sync 1 DAGs
[2024-11-09T19:55:35.425+0000] {logging_mixin.py:190} INFO - [2024-11-09T19:55:35.424+0000] {dag.py:4180} INFO - Setting next_dagrun for example_sensor_decorator to None, run_after=None
[2024-11-09T19:55:35.485+0000] {processor.py:208} INFO - Processing /home/chirag/airflow/lib/python3.12/site-packages/airflow/example_dags/example_sensor_decorator.py took 0.147 seconds
[2024-11-09T19:57:17.457+0000] {processor.py:186} INFO - Started process (PID=8083) to work on /home/chirag/airflow/lib/python3.12/site-packages/airflow/example_dags/example_sensor_decorator.py
[2024-11-09T19:57:17.464+0000] {processor.py:914} INFO - Processing file /home/chirag/airflow/lib/python3.12/site-packages/airflow/example_dags/example_sensor_decorator.py for tasks to queue
[2024-11-09T19:57:17.469+0000] {logging_mixin.py:190} INFO - [2024-11-09T19:57:17.468+0000] {dagbag.py:588} INFO - Filling up the DagBag from /home/chirag/airflow/lib/python3.12/site-packages/airflow/example_dags/example_sensor_decorator.py
[2024-11-09T19:57:17.488+0000] {processor.py:925} INFO - DAG(s) 'example_sensor_decorator' retrieved from /home/chirag/airflow/lib/python3.12/site-packages/airflow/example_dags/example_sensor_decorator.py
[2024-11-09T19:57:17.522+0000] {logging_mixin.py:190} INFO - [2024-11-09T19:57:17.522+0000] {dag.py:3239} INFO - Sync 1 DAGs
[2024-11-09T19:57:17.546+0000] {logging_mixin.py:190} INFO - [2024-11-09T19:57:17.546+0000] {dag.py:4180} INFO - Setting next_dagrun for example_sensor_decorator to None, run_after=None
[2024-11-09T19:57:17.588+0000] {processor.py:208} INFO - Processing /home/chirag/airflow/lib/python3.12/site-packages/airflow/example_dags/example_sensor_decorator.py took 0.141 seconds
[2024-11-09T19:59:09.654+0000] {processor.py:186} INFO - Started process (PID=8547) to work on /home/chirag/airflow/lib/python3.12/site-packages/airflow/example_dags/example_sensor_decorator.py
[2024-11-09T19:59:09.657+0000] {processor.py:914} INFO - Processing file /home/chirag/airflow/lib/python3.12/site-packages/airflow/example_dags/example_sensor_decorator.py for tasks to queue
[2024-11-09T19:59:09.662+0000] {logging_mixin.py:190} INFO - [2024-11-09T19:59:09.661+0000] {dagbag.py:588} INFO - Filling up the DagBag from /home/chirag/airflow/lib/python3.12/site-packages/airflow/example_dags/example_sensor_decorator.py
[2024-11-09T19:59:09.681+0000] {processor.py:925} INFO - DAG(s) 'example_sensor_decorator' retrieved from /home/chirag/airflow/lib/python3.12/site-packages/airflow/example_dags/example_sensor_decorator.py
[2024-11-09T19:59:09.725+0000] {logging_mixin.py:190} INFO - [2024-11-09T19:59:09.724+0000] {dag.py:3239} INFO - Sync 1 DAGs
[2024-11-09T19:59:09.773+0000] {logging_mixin.py:190} INFO - [2024-11-09T19:59:09.773+0000] {dag.py:4180} INFO - Setting next_dagrun for example_sensor_decorator to None, run_after=None
[2024-11-09T19:59:09.837+0000] {processor.py:208} INFO - Processing /home/chirag/airflow/lib/python3.12/site-packages/airflow/example_dags/example_sensor_decorator.py took 0.194 seconds
[2024-11-09T20:23:09.593+0000] {processor.py:186} INFO - Started process (PID=12766) to work on /home/chirag/airflow/lib/python3.12/site-packages/airflow/example_dags/example_sensor_decorator.py
[2024-11-09T20:23:09.604+0000] {processor.py:914} INFO - Processing file /home/chirag/airflow/lib/python3.12/site-packages/airflow/example_dags/example_sensor_decorator.py for tasks to queue
[2024-11-09T20:23:09.614+0000] {logging_mixin.py:190} INFO - [2024-11-09T20:23:09.613+0000] {dagbag.py:588} INFO - Filling up the DagBag from /home/chirag/airflow/lib/python3.12/site-packages/airflow/example_dags/example_sensor_decorator.py
[2024-11-09T20:23:09.646+0000] {processor.py:925} INFO - DAG(s) 'example_sensor_decorator' retrieved from /home/chirag/airflow/lib/python3.12/site-packages/airflow/example_dags/example_sensor_decorator.py
[2024-11-09T20:23:09.733+0000] {logging_mixin.py:190} INFO - [2024-11-09T20:23:09.732+0000] {dag.py:3239} INFO - Sync 1 DAGs
[2024-11-09T20:23:09.832+0000] {logging_mixin.py:190} INFO - [2024-11-09T20:23:09.832+0000] {dag.py:4180} INFO - Setting next_dagrun for example_sensor_decorator to None, run_after=None
[2024-11-09T20:23:10.098+0000] {processor.py:208} INFO - Processing /home/chirag/airflow/lib/python3.12/site-packages/airflow/example_dags/example_sensor_decorator.py took 0.535 seconds
[2024-11-09T20:24:23.829+0000] {processor.py:186} INFO - Started process (PID=12982) to work on /home/chirag/airflow/lib/python3.12/site-packages/airflow/example_dags/example_sensor_decorator.py
[2024-11-09T20:24:23.832+0000] {processor.py:914} INFO - Processing file /home/chirag/airflow/lib/python3.12/site-packages/airflow/example_dags/example_sensor_decorator.py for tasks to queue
[2024-11-09T20:24:23.835+0000] {logging_mixin.py:190} INFO - [2024-11-09T20:24:23.835+0000] {dagbag.py:588} INFO - Filling up the DagBag from /home/chirag/airflow/lib/python3.12/site-packages/airflow/example_dags/example_sensor_decorator.py
[2024-11-09T20:24:23.847+0000] {processor.py:925} INFO - DAG(s) 'example_sensor_decorator' retrieved from /home/chirag/airflow/lib/python3.12/site-packages/airflow/example_dags/example_sensor_decorator.py
[2024-11-09T20:24:23.870+0000] {logging_mixin.py:190} INFO - [2024-11-09T20:24:23.870+0000] {dag.py:3239} INFO - Sync 1 DAGs
[2024-11-09T20:24:23.887+0000] {logging_mixin.py:190} INFO - [2024-11-09T20:24:23.887+0000] {dag.py:4180} INFO - Setting next_dagrun for example_sensor_decorator to None, run_after=None
[2024-11-09T20:24:23.928+0000] {processor.py:208} INFO - Processing /home/chirag/airflow/lib/python3.12/site-packages/airflow/example_dags/example_sensor_decorator.py took 0.107 seconds
[2024-11-09T20:25:50.886+0000] {processor.py:186} INFO - Started process (PID=13283) to work on /home/chirag/airflow/lib/python3.12/site-packages/airflow/example_dags/example_sensor_decorator.py
[2024-11-09T20:25:50.889+0000] {processor.py:914} INFO - Processing file /home/chirag/airflow/lib/python3.12/site-packages/airflow/example_dags/example_sensor_decorator.py for tasks to queue
[2024-11-09T20:25:50.894+0000] {logging_mixin.py:190} INFO - [2024-11-09T20:25:50.893+0000] {dagbag.py:588} INFO - Filling up the DagBag from /home/chirag/airflow/lib/python3.12/site-packages/airflow/example_dags/example_sensor_decorator.py
[2024-11-09T20:25:50.911+0000] {processor.py:925} INFO - DAG(s) 'example_sensor_decorator' retrieved from /home/chirag/airflow/lib/python3.12/site-packages/airflow/example_dags/example_sensor_decorator.py
[2024-11-09T20:25:50.940+0000] {logging_mixin.py:190} INFO - [2024-11-09T20:25:50.940+0000] {dag.py:3239} INFO - Sync 1 DAGs
[2024-11-09T20:25:50.960+0000] {logging_mixin.py:190} INFO - [2024-11-09T20:25:50.960+0000] {dag.py:4180} INFO - Setting next_dagrun for example_sensor_decorator to None, run_after=None
[2024-11-09T20:25:51.003+0000] {processor.py:208} INFO - Processing /home/chirag/airflow/lib/python3.12/site-packages/airflow/example_dags/example_sensor_decorator.py took 0.131 seconds
[2024-11-09T20:27:47.089+0000] {processor.py:186} INFO - Started process (PID=13923) to work on /home/chirag/airflow/lib/python3.12/site-packages/airflow/example_dags/example_sensor_decorator.py
[2024-11-09T20:27:47.102+0000] {processor.py:914} INFO - Processing file /home/chirag/airflow/lib/python3.12/site-packages/airflow/example_dags/example_sensor_decorator.py for tasks to queue
[2024-11-09T20:27:47.109+0000] {logging_mixin.py:190} INFO - [2024-11-09T20:27:47.108+0000] {dagbag.py:588} INFO - Filling up the DagBag from /home/chirag/airflow/lib/python3.12/site-packages/airflow/example_dags/example_sensor_decorator.py
[2024-11-09T20:27:47.161+0000] {processor.py:925} INFO - DAG(s) 'example_sensor_decorator' retrieved from /home/chirag/airflow/lib/python3.12/site-packages/airflow/example_dags/example_sensor_decorator.py
[2024-11-09T20:27:47.237+0000] {logging_mixin.py:190} INFO - [2024-11-09T20:27:47.236+0000] {dag.py:3239} INFO - Sync 1 DAGs
[2024-11-09T20:27:47.276+0000] {logging_mixin.py:190} INFO - [2024-11-09T20:27:47.275+0000] {dag.py:4180} INFO - Setting next_dagrun for example_sensor_decorator to None, run_after=None
[2024-11-09T20:27:47.319+0000] {processor.py:208} INFO - Processing /home/chirag/airflow/lib/python3.12/site-packages/airflow/example_dags/example_sensor_decorator.py took 0.260 seconds
