[2024-11-09T19:16:48.436+0000] {processor.py:186} INFO - Started process (PID=94642) to work on /home/chirag/airflow/lib/python3.12/site-packages/airflow/example_dags/example_branch_operator_decorator.py
[2024-11-09T19:16:48.437+0000] {processor.py:914} INFO - Processing file /home/chirag/airflow/lib/python3.12/site-packages/airflow/example_dags/example_branch_operator_decorator.py for tasks to queue
[2024-11-09T19:16:48.441+0000] {logging_mixin.py:190} INFO - [2024-11-09T19:16:48.440+0000] {dagbag.py:588} INFO - Filling up the DagBag from /home/chirag/airflow/lib/python3.12/site-packages/airflow/example_dags/example_branch_operator_decorator.py
[2024-11-09T19:16:48.475+0000] {processor.py:925} INFO - DAG(s) 'example_branch_python_operator_decorator' retrieved from /home/chirag/airflow/lib/python3.12/site-packages/airflow/example_dags/example_branch_operator_decorator.py
[2024-11-09T19:16:48.676+0000] {logging_mixin.py:190} INFO - [2024-11-09T19:16:48.675+0000] {override.py:1911} INFO - Created Permission View: can delete on DAG:example_branch_python_operator_decorator
[2024-11-09T19:16:48.698+0000] {logging_mixin.py:190} INFO - [2024-11-09T19:16:48.698+0000] {override.py:1911} INFO - Created Permission View: can read on DAG:example_branch_python_operator_decorator
[2024-11-09T19:16:48.720+0000] {logging_mixin.py:190} INFO - [2024-11-09T19:16:48.720+0000] {override.py:1911} INFO - Created Permission View: can edit on DAG:example_branch_python_operator_decorator
[2024-11-09T19:16:48.751+0000] {logging_mixin.py:190} INFO - [2024-11-09T19:16:48.751+0000] {override.py:1911} INFO - Created Permission View: menu access on DAG Run:example_branch_python_operator_decorator
[2024-11-09T19:16:48.770+0000] {logging_mixin.py:190} INFO - [2024-11-09T19:16:48.769+0000] {override.py:1911} INFO - Created Permission View: can delete on DAG Run:example_branch_python_operator_decorator
[2024-11-09T19:16:48.788+0000] {logging_mixin.py:190} INFO - [2024-11-09T19:16:48.787+0000] {override.py:1911} INFO - Created Permission View: can read on DAG Run:example_branch_python_operator_decorator
[2024-11-09T19:16:48.806+0000] {logging_mixin.py:190} INFO - [2024-11-09T19:16:48.805+0000] {override.py:1911} INFO - Created Permission View: can create on DAG Run:example_branch_python_operator_decorator
[2024-11-09T19:16:48.806+0000] {logging_mixin.py:190} INFO - [2024-11-09T19:16:48.806+0000] {dag.py:3239} INFO - Sync 1 DAGs
[2024-11-09T19:16:48.823+0000] {logging_mixin.py:190} INFO - [2024-11-09T19:16:48.822+0000] {dag.py:3262} INFO - Creating ORM DAG for example_branch_python_operator_decorator
[2024-11-09T19:16:48.836+0000] {logging_mixin.py:190} INFO - [2024-11-09T19:16:48.836+0000] {dag.py:4180} INFO - Setting next_dagrun for example_branch_python_operator_decorator to 2024-11-08 00:00:00+00:00, run_after=2024-11-09 00:00:00+00:00
[2024-11-09T19:16:48.873+0000] {processor.py:208} INFO - Processing /home/chirag/airflow/lib/python3.12/site-packages/airflow/example_dags/example_branch_operator_decorator.py took 0.445 seconds
[2024-11-09T19:18:35.412+0000] {processor.py:186} INFO - Started process (PID=94845) to work on /home/chirag/airflow/lib/python3.12/site-packages/airflow/example_dags/example_branch_operator_decorator.py
[2024-11-09T19:18:35.417+0000] {processor.py:914} INFO - Processing file /home/chirag/airflow/lib/python3.12/site-packages/airflow/example_dags/example_branch_operator_decorator.py for tasks to queue
[2024-11-09T19:18:35.428+0000] {logging_mixin.py:190} INFO - [2024-11-09T19:18:35.427+0000] {dagbag.py:588} INFO - Filling up the DagBag from /home/chirag/airflow/lib/python3.12/site-packages/airflow/example_dags/example_branch_operator_decorator.py
[2024-11-09T19:18:35.490+0000] {processor.py:925} INFO - DAG(s) 'example_branch_python_operator_decorator' retrieved from /home/chirag/airflow/lib/python3.12/site-packages/airflow/example_dags/example_branch_operator_decorator.py
[2024-11-09T19:18:35.634+0000] {logging_mixin.py:190} INFO - [2024-11-09T19:18:35.634+0000] {dag.py:3239} INFO - Sync 1 DAGs
[2024-11-09T19:18:35.675+0000] {logging_mixin.py:190} INFO - [2024-11-09T19:18:35.675+0000] {dag.py:4180} INFO - Setting next_dagrun for example_branch_python_operator_decorator to 2024-11-08 00:00:00+00:00, run_after=2024-11-09 00:00:00+00:00
[2024-11-09T19:18:35.751+0000] {processor.py:208} INFO - Processing /home/chirag/airflow/lib/python3.12/site-packages/airflow/example_dags/example_branch_operator_decorator.py took 0.361 seconds
[2024-11-09T19:27:54.947+0000] {processor.py:186} INFO - Started process (PID=471) to work on /home/chirag/airflow/lib/python3.12/site-packages/airflow/example_dags/example_branch_operator_decorator.py
[2024-11-09T19:27:54.951+0000] {processor.py:914} INFO - Processing file /home/chirag/airflow/lib/python3.12/site-packages/airflow/example_dags/example_branch_operator_decorator.py for tasks to queue
[2024-11-09T19:27:54.953+0000] {logging_mixin.py:190} INFO - [2024-11-09T19:27:54.953+0000] {dagbag.py:588} INFO - Filling up the DagBag from /home/chirag/airflow/lib/python3.12/site-packages/airflow/example_dags/example_branch_operator_decorator.py
[2024-11-09T19:27:54.984+0000] {processor.py:925} INFO - DAG(s) 'example_branch_python_operator_decorator' retrieved from /home/chirag/airflow/lib/python3.12/site-packages/airflow/example_dags/example_branch_operator_decorator.py
[2024-11-09T19:27:55.240+0000] {logging_mixin.py:190} INFO - [2024-11-09T19:27:55.239+0000] {dag.py:3239} INFO - Sync 1 DAGs
[2024-11-09T19:27:55.276+0000] {logging_mixin.py:190} INFO - [2024-11-09T19:27:55.276+0000] {dag.py:4180} INFO - Setting next_dagrun for example_branch_python_operator_decorator to 2024-11-08 00:00:00+00:00, run_after=2024-11-09 00:00:00+00:00
[2024-11-09T19:27:55.315+0000] {processor.py:208} INFO - Processing /home/chirag/airflow/lib/python3.12/site-packages/airflow/example_dags/example_branch_operator_decorator.py took 0.375 seconds
[2024-11-09T19:29:01.156+0000] {processor.py:186} INFO - Started process (PID=554) to work on /home/chirag/airflow/lib/python3.12/site-packages/airflow/example_dags/example_branch_operator_decorator.py
[2024-11-09T19:29:01.158+0000] {processor.py:914} INFO - Processing file /home/chirag/airflow/lib/python3.12/site-packages/airflow/example_dags/example_branch_operator_decorator.py for tasks to queue
[2024-11-09T19:29:01.161+0000] {logging_mixin.py:190} INFO - [2024-11-09T19:29:01.161+0000] {dagbag.py:588} INFO - Filling up the DagBag from /home/chirag/airflow/lib/python3.12/site-packages/airflow/example_dags/example_branch_operator_decorator.py
[2024-11-09T19:29:01.191+0000] {processor.py:925} INFO - DAG(s) 'example_branch_python_operator_decorator' retrieved from /home/chirag/airflow/lib/python3.12/site-packages/airflow/example_dags/example_branch_operator_decorator.py
[2024-11-09T19:29:01.233+0000] {logging_mixin.py:190} INFO - [2024-11-09T19:29:01.232+0000] {dag.py:3239} INFO - Sync 1 DAGs
[2024-11-09T19:29:01.264+0000] {logging_mixin.py:190} INFO - [2024-11-09T19:29:01.263+0000] {dag.py:4180} INFO - Setting next_dagrun for example_branch_python_operator_decorator to 2024-11-08 00:00:00+00:00, run_after=2024-11-09 00:00:00+00:00
[2024-11-09T19:29:01.297+0000] {processor.py:208} INFO - Processing /home/chirag/airflow/lib/python3.12/site-packages/airflow/example_dags/example_branch_operator_decorator.py took 0.148 seconds
[2024-11-09T19:30:16.649+0000] {processor.py:186} INFO - Started process (PID=629) to work on /home/chirag/airflow/lib/python3.12/site-packages/airflow/example_dags/example_branch_operator_decorator.py
[2024-11-09T19:30:16.657+0000] {processor.py:914} INFO - Processing file /home/chirag/airflow/lib/python3.12/site-packages/airflow/example_dags/example_branch_operator_decorator.py for tasks to queue
[2024-11-09T19:30:16.662+0000] {logging_mixin.py:190} INFO - [2024-11-09T19:30:16.661+0000] {dagbag.py:588} INFO - Filling up the DagBag from /home/chirag/airflow/lib/python3.12/site-packages/airflow/example_dags/example_branch_operator_decorator.py
[2024-11-09T19:30:16.719+0000] {processor.py:925} INFO - DAG(s) 'example_branch_python_operator_decorator' retrieved from /home/chirag/airflow/lib/python3.12/site-packages/airflow/example_dags/example_branch_operator_decorator.py
[2024-11-09T19:30:16.767+0000] {logging_mixin.py:190} INFO - [2024-11-09T19:30:16.767+0000] {dag.py:3239} INFO - Sync 1 DAGs
[2024-11-09T19:30:16.816+0000] {logging_mixin.py:190} INFO - [2024-11-09T19:30:16.815+0000] {dag.py:4180} INFO - Setting next_dagrun for example_branch_python_operator_decorator to 2024-11-08 00:00:00+00:00, run_after=2024-11-09 00:00:00+00:00
[2024-11-09T19:30:16.852+0000] {processor.py:208} INFO - Processing /home/chirag/airflow/lib/python3.12/site-packages/airflow/example_dags/example_branch_operator_decorator.py took 0.215 seconds
[2024-11-09T19:31:32.787+0000] {processor.py:186} INFO - Started process (PID=696) to work on /home/chirag/airflow/lib/python3.12/site-packages/airflow/example_dags/example_branch_operator_decorator.py
[2024-11-09T19:31:32.790+0000] {processor.py:914} INFO - Processing file /home/chirag/airflow/lib/python3.12/site-packages/airflow/example_dags/example_branch_operator_decorator.py for tasks to queue
[2024-11-09T19:31:32.799+0000] {logging_mixin.py:190} INFO - [2024-11-09T19:31:32.796+0000] {dagbag.py:588} INFO - Filling up the DagBag from /home/chirag/airflow/lib/python3.12/site-packages/airflow/example_dags/example_branch_operator_decorator.py
[2024-11-09T19:31:32.886+0000] {processor.py:925} INFO - DAG(s) 'example_branch_python_operator_decorator' retrieved from /home/chirag/airflow/lib/python3.12/site-packages/airflow/example_dags/example_branch_operator_decorator.py
[2024-11-09T19:31:32.963+0000] {logging_mixin.py:190} INFO - [2024-11-09T19:31:32.962+0000] {dag.py:3239} INFO - Sync 1 DAGs
[2024-11-09T19:31:33.058+0000] {logging_mixin.py:190} INFO - [2024-11-09T19:31:33.058+0000] {dag.py:4180} INFO - Setting next_dagrun for example_branch_python_operator_decorator to 2024-11-08 00:00:00+00:00, run_after=2024-11-09 00:00:00+00:00
[2024-11-09T19:31:33.131+0000] {processor.py:208} INFO - Processing /home/chirag/airflow/lib/python3.12/site-packages/airflow/example_dags/example_branch_operator_decorator.py took 0.368 seconds
[2024-11-09T19:33:13.533+0000] {processor.py:186} INFO - Started process (PID=1779) to work on /home/chirag/airflow/lib/python3.12/site-packages/airflow/example_dags/example_branch_operator_decorator.py
[2024-11-09T19:33:13.537+0000] {processor.py:914} INFO - Processing file /home/chirag/airflow/lib/python3.12/site-packages/airflow/example_dags/example_branch_operator_decorator.py for tasks to queue
[2024-11-09T19:33:13.542+0000] {logging_mixin.py:190} INFO - [2024-11-09T19:33:13.541+0000] {dagbag.py:588} INFO - Filling up the DagBag from /home/chirag/airflow/lib/python3.12/site-packages/airflow/example_dags/example_branch_operator_decorator.py
[2024-11-09T19:33:13.593+0000] {processor.py:925} INFO - DAG(s) 'example_branch_python_operator_decorator' retrieved from /home/chirag/airflow/lib/python3.12/site-packages/airflow/example_dags/example_branch_operator_decorator.py
[2024-11-09T19:33:13.636+0000] {logging_mixin.py:190} INFO - [2024-11-09T19:33:13.636+0000] {dag.py:3239} INFO - Sync 1 DAGs
[2024-11-09T19:33:13.668+0000] {logging_mixin.py:190} INFO - [2024-11-09T19:33:13.667+0000] {dag.py:4180} INFO - Setting next_dagrun for example_branch_python_operator_decorator to 2024-11-08 00:00:00+00:00, run_after=2024-11-09 00:00:00+00:00
[2024-11-09T19:33:13.700+0000] {processor.py:208} INFO - Processing /home/chirag/airflow/lib/python3.12/site-packages/airflow/example_dags/example_branch_operator_decorator.py took 0.176 seconds
[2024-11-09T19:34:32.860+0000] {processor.py:186} INFO - Started process (PID=2316) to work on /home/chirag/airflow/lib/python3.12/site-packages/airflow/example_dags/example_branch_operator_decorator.py
[2024-11-09T19:34:32.863+0000] {processor.py:914} INFO - Processing file /home/chirag/airflow/lib/python3.12/site-packages/airflow/example_dags/example_branch_operator_decorator.py for tasks to queue
[2024-11-09T19:34:32.866+0000] {logging_mixin.py:190} INFO - [2024-11-09T19:34:32.866+0000] {dagbag.py:588} INFO - Filling up the DagBag from /home/chirag/airflow/lib/python3.12/site-packages/airflow/example_dags/example_branch_operator_decorator.py
[2024-11-09T19:34:32.902+0000] {processor.py:925} INFO - DAG(s) 'example_branch_python_operator_decorator' retrieved from /home/chirag/airflow/lib/python3.12/site-packages/airflow/example_dags/example_branch_operator_decorator.py
[2024-11-09T19:34:33.105+0000] {logging_mixin.py:190} INFO - [2024-11-09T19:34:33.105+0000] {dag.py:3239} INFO - Sync 1 DAGs
[2024-11-09T19:34:33.133+0000] {logging_mixin.py:190} INFO - [2024-11-09T19:34:33.133+0000] {dag.py:4180} INFO - Setting next_dagrun for example_branch_python_operator_decorator to 2024-11-08 00:00:00+00:00, run_after=2024-11-09 00:00:00+00:00
[2024-11-09T19:34:33.196+0000] {processor.py:208} INFO - Processing /home/chirag/airflow/lib/python3.12/site-packages/airflow/example_dags/example_branch_operator_decorator.py took 0.344 seconds
[2024-11-09T19:36:03.094+0000] {processor.py:186} INFO - Started process (PID=2746) to work on /home/chirag/airflow/lib/python3.12/site-packages/airflow/example_dags/example_branch_operator_decorator.py
[2024-11-09T19:36:03.098+0000] {processor.py:914} INFO - Processing file /home/chirag/airflow/lib/python3.12/site-packages/airflow/example_dags/example_branch_operator_decorator.py for tasks to queue
[2024-11-09T19:36:03.103+0000] {logging_mixin.py:190} INFO - [2024-11-09T19:36:03.102+0000] {dagbag.py:588} INFO - Filling up the DagBag from /home/chirag/airflow/lib/python3.12/site-packages/airflow/example_dags/example_branch_operator_decorator.py
[2024-11-09T19:36:03.192+0000] {processor.py:925} INFO - DAG(s) 'example_branch_python_operator_decorator' retrieved from /home/chirag/airflow/lib/python3.12/site-packages/airflow/example_dags/example_branch_operator_decorator.py
[2024-11-09T19:36:03.393+0000] {logging_mixin.py:190} INFO - [2024-11-09T19:36:03.392+0000] {dag.py:3239} INFO - Sync 1 DAGs
[2024-11-09T19:36:03.619+0000] {logging_mixin.py:190} INFO - [2024-11-09T19:36:03.618+0000] {dag.py:4180} INFO - Setting next_dagrun for example_branch_python_operator_decorator to 2024-11-08 00:00:00+00:00, run_after=2024-11-09 00:00:00+00:00
[2024-11-09T19:36:03.761+0000] {processor.py:208} INFO - Processing /home/chirag/airflow/lib/python3.12/site-packages/airflow/example_dags/example_branch_operator_decorator.py took 0.694 seconds
[2024-11-09T19:37:16.697+0000] {processor.py:186} INFO - Started process (PID=2954) to work on /home/chirag/airflow/lib/python3.12/site-packages/airflow/example_dags/example_branch_operator_decorator.py
[2024-11-09T19:37:16.700+0000] {processor.py:914} INFO - Processing file /home/chirag/airflow/lib/python3.12/site-packages/airflow/example_dags/example_branch_operator_decorator.py for tasks to queue
[2024-11-09T19:37:16.704+0000] {logging_mixin.py:190} INFO - [2024-11-09T19:37:16.703+0000] {dagbag.py:588} INFO - Filling up the DagBag from /home/chirag/airflow/lib/python3.12/site-packages/airflow/example_dags/example_branch_operator_decorator.py
[2024-11-09T19:37:16.734+0000] {processor.py:925} INFO - DAG(s) 'example_branch_python_operator_decorator' retrieved from /home/chirag/airflow/lib/python3.12/site-packages/airflow/example_dags/example_branch_operator_decorator.py
[2024-11-09T19:37:16.767+0000] {logging_mixin.py:190} INFO - [2024-11-09T19:37:16.767+0000] {dag.py:3239} INFO - Sync 1 DAGs
[2024-11-09T19:37:16.796+0000] {logging_mixin.py:190} INFO - [2024-11-09T19:37:16.796+0000] {dag.py:4180} INFO - Setting next_dagrun for example_branch_python_operator_decorator to 2024-11-08 00:00:00+00:00, run_after=2024-11-09 00:00:00+00:00
[2024-11-09T19:37:16.831+0000] {processor.py:208} INFO - Processing /home/chirag/airflow/lib/python3.12/site-packages/airflow/example_dags/example_branch_operator_decorator.py took 0.144 seconds
[2024-11-09T19:38:27.948+0000] {processor.py:186} INFO - Started process (PID=3277) to work on /home/chirag/airflow/lib/python3.12/site-packages/airflow/example_dags/example_branch_operator_decorator.py
[2024-11-09T19:38:27.951+0000] {processor.py:914} INFO - Processing file /home/chirag/airflow/lib/python3.12/site-packages/airflow/example_dags/example_branch_operator_decorator.py for tasks to queue
[2024-11-09T19:38:27.956+0000] {logging_mixin.py:190} INFO - [2024-11-09T19:38:27.955+0000] {dagbag.py:588} INFO - Filling up the DagBag from /home/chirag/airflow/lib/python3.12/site-packages/airflow/example_dags/example_branch_operator_decorator.py
[2024-11-09T19:38:27.994+0000] {processor.py:925} INFO - DAG(s) 'example_branch_python_operator_decorator' retrieved from /home/chirag/airflow/lib/python3.12/site-packages/airflow/example_dags/example_branch_operator_decorator.py
[2024-11-09T19:38:28.028+0000] {logging_mixin.py:190} INFO - [2024-11-09T19:38:28.028+0000] {dag.py:3239} INFO - Sync 1 DAGs
[2024-11-09T19:38:28.066+0000] {logging_mixin.py:190} INFO - [2024-11-09T19:38:28.066+0000] {dag.py:4180} INFO - Setting next_dagrun for example_branch_python_operator_decorator to 2024-11-08 00:00:00+00:00, run_after=2024-11-09 00:00:00+00:00
[2024-11-09T19:38:28.102+0000] {processor.py:208} INFO - Processing /home/chirag/airflow/lib/python3.12/site-packages/airflow/example_dags/example_branch_operator_decorator.py took 0.162 seconds
[2024-11-09T19:39:52.227+0000] {processor.py:186} INFO - Started process (PID=3563) to work on /home/chirag/airflow/lib/python3.12/site-packages/airflow/example_dags/example_branch_operator_decorator.py
[2024-11-09T19:39:52.604+0000] {processor.py:914} INFO - Processing file /home/chirag/airflow/lib/python3.12/site-packages/airflow/example_dags/example_branch_operator_decorator.py for tasks to queue
[2024-11-09T19:39:52.610+0000] {logging_mixin.py:190} INFO - [2024-11-09T19:39:52.609+0000] {dagbag.py:588} INFO - Filling up the DagBag from /home/chirag/airflow/lib/python3.12/site-packages/airflow/example_dags/example_branch_operator_decorator.py
[2024-11-09T19:39:52.671+0000] {processor.py:925} INFO - DAG(s) 'example_branch_python_operator_decorator' retrieved from /home/chirag/airflow/lib/python3.12/site-packages/airflow/example_dags/example_branch_operator_decorator.py
[2024-11-09T19:39:52.718+0000] {logging_mixin.py:190} INFO - [2024-11-09T19:39:52.718+0000] {dag.py:3239} INFO - Sync 1 DAGs
[2024-11-09T19:39:52.762+0000] {logging_mixin.py:190} INFO - [2024-11-09T19:39:52.762+0000] {dag.py:4180} INFO - Setting next_dagrun for example_branch_python_operator_decorator to 2024-11-08 00:00:00+00:00, run_after=2024-11-09 00:00:00+00:00
[2024-11-09T19:39:52.862+0000] {processor.py:208} INFO - Processing /home/chirag/airflow/lib/python3.12/site-packages/airflow/example_dags/example_branch_operator_decorator.py took 0.645 seconds
[2024-11-09T19:41:09.023+0000] {processor.py:186} INFO - Started process (PID=3778) to work on /home/chirag/airflow/lib/python3.12/site-packages/airflow/example_dags/example_branch_operator_decorator.py
[2024-11-09T19:41:09.026+0000] {processor.py:914} INFO - Processing file /home/chirag/airflow/lib/python3.12/site-packages/airflow/example_dags/example_branch_operator_decorator.py for tasks to queue
[2024-11-09T19:41:09.030+0000] {logging_mixin.py:190} INFO - [2024-11-09T19:41:09.029+0000] {dagbag.py:588} INFO - Filling up the DagBag from /home/chirag/airflow/lib/python3.12/site-packages/airflow/example_dags/example_branch_operator_decorator.py
[2024-11-09T19:41:09.062+0000] {processor.py:925} INFO - DAG(s) 'example_branch_python_operator_decorator' retrieved from /home/chirag/airflow/lib/python3.12/site-packages/airflow/example_dags/example_branch_operator_decorator.py
[2024-11-09T19:41:09.095+0000] {logging_mixin.py:190} INFO - [2024-11-09T19:41:09.095+0000] {dag.py:3239} INFO - Sync 1 DAGs
[2024-11-09T19:41:09.130+0000] {logging_mixin.py:190} INFO - [2024-11-09T19:41:09.130+0000] {dag.py:4180} INFO - Setting next_dagrun for example_branch_python_operator_decorator to 2024-11-08 00:00:00+00:00, run_after=2024-11-09 00:00:00+00:00
[2024-11-09T19:41:09.168+0000] {processor.py:208} INFO - Processing /home/chirag/airflow/lib/python3.12/site-packages/airflow/example_dags/example_branch_operator_decorator.py took 0.154 seconds
[2024-11-09T19:42:23.579+0000] {processor.py:186} INFO - Started process (PID=3987) to work on /home/chirag/airflow/lib/python3.12/site-packages/airflow/example_dags/example_branch_operator_decorator.py
[2024-11-09T19:42:23.583+0000] {processor.py:914} INFO - Processing file /home/chirag/airflow/lib/python3.12/site-packages/airflow/example_dags/example_branch_operator_decorator.py for tasks to queue
[2024-11-09T19:42:23.586+0000] {logging_mixin.py:190} INFO - [2024-11-09T19:42:23.586+0000] {dagbag.py:588} INFO - Filling up the DagBag from /home/chirag/airflow/lib/python3.12/site-packages/airflow/example_dags/example_branch_operator_decorator.py
[2024-11-09T19:42:23.623+0000] {processor.py:925} INFO - DAG(s) 'example_branch_python_operator_decorator' retrieved from /home/chirag/airflow/lib/python3.12/site-packages/airflow/example_dags/example_branch_operator_decorator.py
[2024-11-09T19:42:23.671+0000] {logging_mixin.py:190} INFO - [2024-11-09T19:42:23.671+0000] {dag.py:3239} INFO - Sync 1 DAGs
[2024-11-09T19:42:23.703+0000] {logging_mixin.py:190} INFO - [2024-11-09T19:42:23.703+0000] {dag.py:4180} INFO - Setting next_dagrun for example_branch_python_operator_decorator to 2024-11-08 00:00:00+00:00, run_after=2024-11-09 00:00:00+00:00
[2024-11-09T19:42:23.743+0000] {processor.py:208} INFO - Processing /home/chirag/airflow/lib/python3.12/site-packages/airflow/example_dags/example_branch_operator_decorator.py took 0.172 seconds
[2024-11-09T19:43:43.860+0000] {processor.py:186} INFO - Started process (PID=4220) to work on /home/chirag/airflow/lib/python3.12/site-packages/airflow/example_dags/example_branch_operator_decorator.py
[2024-11-09T19:43:43.863+0000] {processor.py:914} INFO - Processing file /home/chirag/airflow/lib/python3.12/site-packages/airflow/example_dags/example_branch_operator_decorator.py for tasks to queue
[2024-11-09T19:43:43.867+0000] {logging_mixin.py:190} INFO - [2024-11-09T19:43:43.866+0000] {dagbag.py:588} INFO - Filling up the DagBag from /home/chirag/airflow/lib/python3.12/site-packages/airflow/example_dags/example_branch_operator_decorator.py
[2024-11-09T19:43:43.900+0000] {processor.py:925} INFO - DAG(s) 'example_branch_python_operator_decorator' retrieved from /home/chirag/airflow/lib/python3.12/site-packages/airflow/example_dags/example_branch_operator_decorator.py
[2024-11-09T19:43:43.934+0000] {logging_mixin.py:190} INFO - [2024-11-09T19:43:43.934+0000] {dag.py:3239} INFO - Sync 1 DAGs
[2024-11-09T19:43:43.968+0000] {logging_mixin.py:190} INFO - [2024-11-09T19:43:43.967+0000] {dag.py:4180} INFO - Setting next_dagrun for example_branch_python_operator_decorator to 2024-11-08 00:00:00+00:00, run_after=2024-11-09 00:00:00+00:00
[2024-11-09T19:43:44.005+0000] {processor.py:208} INFO - Processing /home/chirag/airflow/lib/python3.12/site-packages/airflow/example_dags/example_branch_operator_decorator.py took 0.153 seconds
[2024-11-09T19:44:53.107+0000] {processor.py:186} INFO - Started process (PID=4422) to work on /home/chirag/airflow/lib/python3.12/site-packages/airflow/example_dags/example_branch_operator_decorator.py
[2024-11-09T19:44:53.110+0000] {processor.py:914} INFO - Processing file /home/chirag/airflow/lib/python3.12/site-packages/airflow/example_dags/example_branch_operator_decorator.py for tasks to queue
[2024-11-09T19:44:53.115+0000] {logging_mixin.py:190} INFO - [2024-11-09T19:44:53.115+0000] {dagbag.py:588} INFO - Filling up the DagBag from /home/chirag/airflow/lib/python3.12/site-packages/airflow/example_dags/example_branch_operator_decorator.py
[2024-11-09T19:44:53.166+0000] {processor.py:925} INFO - DAG(s) 'example_branch_python_operator_decorator' retrieved from /home/chirag/airflow/lib/python3.12/site-packages/airflow/example_dags/example_branch_operator_decorator.py
[2024-11-09T19:44:53.218+0000] {logging_mixin.py:190} INFO - [2024-11-09T19:44:53.217+0000] {dag.py:3239} INFO - Sync 1 DAGs
[2024-11-09T19:44:53.247+0000] {logging_mixin.py:190} INFO - [2024-11-09T19:44:53.247+0000] {dag.py:4180} INFO - Setting next_dagrun for example_branch_python_operator_decorator to 2024-11-08 00:00:00+00:00, run_after=2024-11-09 00:00:00+00:00
[2024-11-09T19:44:53.286+0000] {processor.py:208} INFO - Processing /home/chirag/airflow/lib/python3.12/site-packages/airflow/example_dags/example_branch_operator_decorator.py took 0.194 seconds
[2024-11-09T19:46:41.088+0000] {processor.py:186} INFO - Started process (PID=4732) to work on /home/chirag/airflow/lib/python3.12/site-packages/airflow/example_dags/example_branch_operator_decorator.py
[2024-11-09T19:46:41.091+0000] {processor.py:914} INFO - Processing file /home/chirag/airflow/lib/python3.12/site-packages/airflow/example_dags/example_branch_operator_decorator.py for tasks to queue
[2024-11-09T19:46:41.095+0000] {logging_mixin.py:190} INFO - [2024-11-09T19:46:41.094+0000] {dagbag.py:588} INFO - Filling up the DagBag from /home/chirag/airflow/lib/python3.12/site-packages/airflow/example_dags/example_branch_operator_decorator.py
[2024-11-09T19:46:41.137+0000] {processor.py:925} INFO - DAG(s) 'example_branch_python_operator_decorator' retrieved from /home/chirag/airflow/lib/python3.12/site-packages/airflow/example_dags/example_branch_operator_decorator.py
[2024-11-09T19:46:41.177+0000] {logging_mixin.py:190} INFO - [2024-11-09T19:46:41.177+0000] {dag.py:3239} INFO - Sync 1 DAGs
[2024-11-09T19:46:41.211+0000] {logging_mixin.py:190} INFO - [2024-11-09T19:46:41.210+0000] {dag.py:4180} INFO - Setting next_dagrun for example_branch_python_operator_decorator to 2024-11-08 00:00:00+00:00, run_after=2024-11-09 00:00:00+00:00
[2024-11-09T19:46:41.253+0000] {processor.py:208} INFO - Processing /home/chirag/airflow/lib/python3.12/site-packages/airflow/example_dags/example_branch_operator_decorator.py took 0.173 seconds
[2024-11-09T19:47:56.306+0000] {processor.py:186} INFO - Started process (PID=4982) to work on /home/chirag/airflow/lib/python3.12/site-packages/airflow/example_dags/example_branch_operator_decorator.py
[2024-11-09T19:47:56.309+0000] {processor.py:914} INFO - Processing file /home/chirag/airflow/lib/python3.12/site-packages/airflow/example_dags/example_branch_operator_decorator.py for tasks to queue
[2024-11-09T19:47:56.313+0000] {logging_mixin.py:190} INFO - [2024-11-09T19:47:56.312+0000] {dagbag.py:588} INFO - Filling up the DagBag from /home/chirag/airflow/lib/python3.12/site-packages/airflow/example_dags/example_branch_operator_decorator.py
[2024-11-09T19:47:56.345+0000] {processor.py:925} INFO - DAG(s) 'example_branch_python_operator_decorator' retrieved from /home/chirag/airflow/lib/python3.12/site-packages/airflow/example_dags/example_branch_operator_decorator.py
[2024-11-09T19:47:56.380+0000] {logging_mixin.py:190} INFO - [2024-11-09T19:47:56.380+0000] {dag.py:3239} INFO - Sync 1 DAGs
[2024-11-09T19:47:56.427+0000] {logging_mixin.py:190} INFO - [2024-11-09T19:47:56.426+0000] {dag.py:4180} INFO - Setting next_dagrun for example_branch_python_operator_decorator to 2024-11-08 00:00:00+00:00, run_after=2024-11-09 00:00:00+00:00
[2024-11-09T19:47:56.474+0000] {processor.py:208} INFO - Processing /home/chirag/airflow/lib/python3.12/site-packages/airflow/example_dags/example_branch_operator_decorator.py took 0.177 seconds
[2024-11-09T19:49:09.149+0000] {processor.py:186} INFO - Started process (PID=5201) to work on /home/chirag/airflow/lib/python3.12/site-packages/airflow/example_dags/example_branch_operator_decorator.py
[2024-11-09T19:49:09.155+0000] {processor.py:914} INFO - Processing file /home/chirag/airflow/lib/python3.12/site-packages/airflow/example_dags/example_branch_operator_decorator.py for tasks to queue
[2024-11-09T19:49:09.158+0000] {logging_mixin.py:190} INFO - [2024-11-09T19:49:09.157+0000] {dagbag.py:588} INFO - Filling up the DagBag from /home/chirag/airflow/lib/python3.12/site-packages/airflow/example_dags/example_branch_operator_decorator.py
[2024-11-09T19:49:09.192+0000] {processor.py:925} INFO - DAG(s) 'example_branch_python_operator_decorator' retrieved from /home/chirag/airflow/lib/python3.12/site-packages/airflow/example_dags/example_branch_operator_decorator.py
[2024-11-09T19:49:09.228+0000] {logging_mixin.py:190} INFO - [2024-11-09T19:49:09.228+0000] {dag.py:3239} INFO - Sync 1 DAGs
[2024-11-09T19:49:09.276+0000] {logging_mixin.py:190} INFO - [2024-11-09T19:49:09.276+0000] {dag.py:4180} INFO - Setting next_dagrun for example_branch_python_operator_decorator to 2024-11-08 00:00:00+00:00, run_after=2024-11-09 00:00:00+00:00
[2024-11-09T19:49:09.316+0000] {processor.py:208} INFO - Processing /home/chirag/airflow/lib/python3.12/site-packages/airflow/example_dags/example_branch_operator_decorator.py took 0.175 seconds
[2024-11-09T19:50:20.166+0000] {processor.py:186} INFO - Started process (PID=5555) to work on /home/chirag/airflow/lib/python3.12/site-packages/airflow/example_dags/example_branch_operator_decorator.py
[2024-11-09T19:50:20.170+0000] {processor.py:914} INFO - Processing file /home/chirag/airflow/lib/python3.12/site-packages/airflow/example_dags/example_branch_operator_decorator.py for tasks to queue
[2024-11-09T19:50:20.174+0000] {logging_mixin.py:190} INFO - [2024-11-09T19:50:20.173+0000] {dagbag.py:588} INFO - Filling up the DagBag from /home/chirag/airflow/lib/python3.12/site-packages/airflow/example_dags/example_branch_operator_decorator.py
[2024-11-09T19:50:20.210+0000] {processor.py:925} INFO - DAG(s) 'example_branch_python_operator_decorator' retrieved from /home/chirag/airflow/lib/python3.12/site-packages/airflow/example_dags/example_branch_operator_decorator.py
[2024-11-09T19:50:20.247+0000] {logging_mixin.py:190} INFO - [2024-11-09T19:50:20.247+0000] {dag.py:3239} INFO - Sync 1 DAGs
[2024-11-09T19:50:20.281+0000] {logging_mixin.py:190} INFO - [2024-11-09T19:50:20.281+0000] {dag.py:4180} INFO - Setting next_dagrun for example_branch_python_operator_decorator to 2024-11-08 00:00:00+00:00, run_after=2024-11-09 00:00:00+00:00
[2024-11-09T19:50:20.326+0000] {processor.py:208} INFO - Processing /home/chirag/airflow/lib/python3.12/site-packages/airflow/example_dags/example_branch_operator_decorator.py took 0.168 seconds
[2024-11-09T19:51:33.741+0000] {processor.py:186} INFO - Started process (PID=6194) to work on /home/chirag/airflow/lib/python3.12/site-packages/airflow/example_dags/example_branch_operator_decorator.py
[2024-11-09T19:51:33.744+0000] {processor.py:914} INFO - Processing file /home/chirag/airflow/lib/python3.12/site-packages/airflow/example_dags/example_branch_operator_decorator.py for tasks to queue
[2024-11-09T19:51:33.747+0000] {logging_mixin.py:190} INFO - [2024-11-09T19:51:33.747+0000] {dagbag.py:588} INFO - Filling up the DagBag from /home/chirag/airflow/lib/python3.12/site-packages/airflow/example_dags/example_branch_operator_decorator.py
[2024-11-09T19:51:33.779+0000] {processor.py:925} INFO - DAG(s) 'example_branch_python_operator_decorator' retrieved from /home/chirag/airflow/lib/python3.12/site-packages/airflow/example_dags/example_branch_operator_decorator.py
[2024-11-09T19:51:33.855+0000] {logging_mixin.py:190} INFO - [2024-11-09T19:51:33.855+0000] {dag.py:3239} INFO - Sync 1 DAGs
[2024-11-09T19:51:33.922+0000] {logging_mixin.py:190} INFO - [2024-11-09T19:51:33.922+0000] {dag.py:4180} INFO - Setting next_dagrun for example_branch_python_operator_decorator to 2024-11-08 00:00:00+00:00, run_after=2024-11-09 00:00:00+00:00
[2024-11-09T19:51:33.978+0000] {processor.py:208} INFO - Processing /home/chirag/airflow/lib/python3.12/site-packages/airflow/example_dags/example_branch_operator_decorator.py took 0.245 seconds
[2024-11-09T19:53:21.481+0000] {processor.py:186} INFO - Started process (PID=6699) to work on /home/chirag/airflow/lib/python3.12/site-packages/airflow/example_dags/example_branch_operator_decorator.py
[2024-11-09T19:53:21.486+0000] {processor.py:914} INFO - Processing file /home/chirag/airflow/lib/python3.12/site-packages/airflow/example_dags/example_branch_operator_decorator.py for tasks to queue
[2024-11-09T19:53:21.489+0000] {logging_mixin.py:190} INFO - [2024-11-09T19:53:21.489+0000] {dagbag.py:588} INFO - Filling up the DagBag from /home/chirag/airflow/lib/python3.12/site-packages/airflow/example_dags/example_branch_operator_decorator.py
[2024-11-09T19:53:21.527+0000] {processor.py:925} INFO - DAG(s) 'example_branch_python_operator_decorator' retrieved from /home/chirag/airflow/lib/python3.12/site-packages/airflow/example_dags/example_branch_operator_decorator.py
[2024-11-09T19:53:21.592+0000] {logging_mixin.py:190} INFO - [2024-11-09T19:53:21.592+0000] {dag.py:3239} INFO - Sync 1 DAGs
[2024-11-09T19:53:21.665+0000] {logging_mixin.py:190} INFO - [2024-11-09T19:53:21.664+0000] {dag.py:4180} INFO - Setting next_dagrun for example_branch_python_operator_decorator to 2024-11-08 00:00:00+00:00, run_after=2024-11-09 00:00:00+00:00
[2024-11-09T19:53:21.733+0000] {processor.py:208} INFO - Processing /home/chirag/airflow/lib/python3.12/site-packages/airflow/example_dags/example_branch_operator_decorator.py took 0.262 seconds
[2024-11-09T19:54:36.783+0000] {processor.py:186} INFO - Started process (PID=7275) to work on /home/chirag/airflow/lib/python3.12/site-packages/airflow/example_dags/example_branch_operator_decorator.py
[2024-11-09T19:54:36.790+0000] {processor.py:914} INFO - Processing file /home/chirag/airflow/lib/python3.12/site-packages/airflow/example_dags/example_branch_operator_decorator.py for tasks to queue
[2024-11-09T19:54:36.797+0000] {logging_mixin.py:190} INFO - [2024-11-09T19:54:36.796+0000] {dagbag.py:588} INFO - Filling up the DagBag from /home/chirag/airflow/lib/python3.12/site-packages/airflow/example_dags/example_branch_operator_decorator.py
[2024-11-09T19:54:36.907+0000] {processor.py:925} INFO - DAG(s) 'example_branch_python_operator_decorator' retrieved from /home/chirag/airflow/lib/python3.12/site-packages/airflow/example_dags/example_branch_operator_decorator.py
[2024-11-09T19:54:36.993+0000] {logging_mixin.py:190} INFO - [2024-11-09T19:54:36.993+0000] {dag.py:3239} INFO - Sync 1 DAGs
[2024-11-09T19:54:37.028+0000] {logging_mixin.py:190} INFO - [2024-11-09T19:54:37.028+0000] {dag.py:4180} INFO - Setting next_dagrun for example_branch_python_operator_decorator to 2024-11-08 00:00:00+00:00, run_after=2024-11-09 00:00:00+00:00
[2024-11-09T19:54:37.068+0000] {processor.py:208} INFO - Processing /home/chirag/airflow/lib/python3.12/site-packages/airflow/example_dags/example_branch_operator_decorator.py took 0.333 seconds
[2024-11-09T19:55:58.437+0000] {processor.py:186} INFO - Started process (PID=7863) to work on /home/chirag/airflow/lib/python3.12/site-packages/airflow/example_dags/example_branch_operator_decorator.py
[2024-11-09T19:55:58.440+0000] {processor.py:914} INFO - Processing file /home/chirag/airflow/lib/python3.12/site-packages/airflow/example_dags/example_branch_operator_decorator.py for tasks to queue
[2024-11-09T19:55:58.443+0000] {logging_mixin.py:190} INFO - [2024-11-09T19:55:58.443+0000] {dagbag.py:588} INFO - Filling up the DagBag from /home/chirag/airflow/lib/python3.12/site-packages/airflow/example_dags/example_branch_operator_decorator.py
[2024-11-09T19:55:58.479+0000] {processor.py:925} INFO - DAG(s) 'example_branch_python_operator_decorator' retrieved from /home/chirag/airflow/lib/python3.12/site-packages/airflow/example_dags/example_branch_operator_decorator.py
[2024-11-09T19:55:58.516+0000] {logging_mixin.py:190} INFO - [2024-11-09T19:55:58.515+0000] {dag.py:3239} INFO - Sync 1 DAGs
[2024-11-09T19:55:58.555+0000] {logging_mixin.py:190} INFO - [2024-11-09T19:55:58.555+0000] {dag.py:4180} INFO - Setting next_dagrun for example_branch_python_operator_decorator to 2024-11-08 00:00:00+00:00, run_after=2024-11-09 00:00:00+00:00
[2024-11-09T19:55:58.599+0000] {processor.py:208} INFO - Processing /home/chirag/airflow/lib/python3.12/site-packages/airflow/example_dags/example_branch_operator_decorator.py took 0.170 seconds
[2024-11-09T19:58:02.148+0000] {processor.py:186} INFO - Started process (PID=8288) to work on /home/chirag/airflow/lib/python3.12/site-packages/airflow/example_dags/example_branch_operator_decorator.py
[2024-11-09T19:58:02.154+0000] {processor.py:914} INFO - Processing file /home/chirag/airflow/lib/python3.12/site-packages/airflow/example_dags/example_branch_operator_decorator.py for tasks to queue
[2024-11-09T19:58:02.157+0000] {logging_mixin.py:190} INFO - [2024-11-09T19:58:02.156+0000] {dagbag.py:588} INFO - Filling up the DagBag from /home/chirag/airflow/lib/python3.12/site-packages/airflow/example_dags/example_branch_operator_decorator.py
[2024-11-09T19:58:02.189+0000] {processor.py:925} INFO - DAG(s) 'example_branch_python_operator_decorator' retrieved from /home/chirag/airflow/lib/python3.12/site-packages/airflow/example_dags/example_branch_operator_decorator.py
[2024-11-09T19:58:02.223+0000] {logging_mixin.py:190} INFO - [2024-11-09T19:58:02.223+0000] {dag.py:3239} INFO - Sync 1 DAGs
[2024-11-09T19:58:02.259+0000] {logging_mixin.py:190} INFO - [2024-11-09T19:58:02.258+0000] {dag.py:4180} INFO - Setting next_dagrun for example_branch_python_operator_decorator to 2024-11-08 00:00:00+00:00, run_after=2024-11-09 00:00:00+00:00
[2024-11-09T19:58:02.294+0000] {processor.py:208} INFO - Processing /home/chirag/airflow/lib/python3.12/site-packages/airflow/example_dags/example_branch_operator_decorator.py took 0.153 seconds
[2024-11-09T20:22:35.969+0000] {processor.py:186} INFO - Started process (PID=12671) to work on /home/chirag/airflow/lib/python3.12/site-packages/airflow/example_dags/example_branch_operator_decorator.py
[2024-11-09T20:22:35.972+0000] {processor.py:914} INFO - Processing file /home/chirag/airflow/lib/python3.12/site-packages/airflow/example_dags/example_branch_operator_decorator.py for tasks to queue
[2024-11-09T20:22:35.976+0000] {logging_mixin.py:190} INFO - [2024-11-09T20:22:35.975+0000] {dagbag.py:588} INFO - Filling up the DagBag from /home/chirag/airflow/lib/python3.12/site-packages/airflow/example_dags/example_branch_operator_decorator.py
[2024-11-09T20:22:36.014+0000] {processor.py:925} INFO - DAG(s) 'example_branch_python_operator_decorator' retrieved from /home/chirag/airflow/lib/python3.12/site-packages/airflow/example_dags/example_branch_operator_decorator.py
[2024-11-09T20:22:36.187+0000] {logging_mixin.py:190} INFO - [2024-11-09T20:22:36.187+0000] {dag.py:3239} INFO - Sync 1 DAGs
[2024-11-09T20:22:36.216+0000] {logging_mixin.py:190} INFO - [2024-11-09T20:22:36.215+0000] {dag.py:4180} INFO - Setting next_dagrun for example_branch_python_operator_decorator to 2024-11-08 00:00:00+00:00, run_after=2024-11-09 00:00:00+00:00
[2024-11-09T20:22:36.252+0000] {processor.py:208} INFO - Processing /home/chirag/airflow/lib/python3.12/site-packages/airflow/example_dags/example_branch_operator_decorator.py took 0.291 seconds
[2024-11-09T20:23:44.800+0000] {processor.py:186} INFO - Started process (PID=12869) to work on /home/chirag/airflow/lib/python3.12/site-packages/airflow/example_dags/example_branch_operator_decorator.py
[2024-11-09T20:23:44.802+0000] {processor.py:914} INFO - Processing file /home/chirag/airflow/lib/python3.12/site-packages/airflow/example_dags/example_branch_operator_decorator.py for tasks to queue
[2024-11-09T20:23:44.805+0000] {logging_mixin.py:190} INFO - [2024-11-09T20:23:44.805+0000] {dagbag.py:588} INFO - Filling up the DagBag from /home/chirag/airflow/lib/python3.12/site-packages/airflow/example_dags/example_branch_operator_decorator.py
[2024-11-09T20:23:44.837+0000] {processor.py:925} INFO - DAG(s) 'example_branch_python_operator_decorator' retrieved from /home/chirag/airflow/lib/python3.12/site-packages/airflow/example_dags/example_branch_operator_decorator.py
[2024-11-09T20:23:44.872+0000] {logging_mixin.py:190} INFO - [2024-11-09T20:23:44.872+0000] {dag.py:3239} INFO - Sync 1 DAGs
[2024-11-09T20:23:44.909+0000] {logging_mixin.py:190} INFO - [2024-11-09T20:23:44.908+0000] {dag.py:4180} INFO - Setting next_dagrun for example_branch_python_operator_decorator to 2024-11-08 00:00:00+00:00, run_after=2024-11-09 00:00:00+00:00
[2024-11-09T20:23:44.951+0000] {processor.py:208} INFO - Processing /home/chirag/airflow/lib/python3.12/site-packages/airflow/example_dags/example_branch_operator_decorator.py took 0.160 seconds
[2024-11-09T20:24:56.488+0000] {processor.py:186} INFO - Started process (PID=13071) to work on /home/chirag/airflow/lib/python3.12/site-packages/airflow/example_dags/example_branch_operator_decorator.py
[2024-11-09T20:24:56.491+0000] {processor.py:914} INFO - Processing file /home/chirag/airflow/lib/python3.12/site-packages/airflow/example_dags/example_branch_operator_decorator.py for tasks to queue
[2024-11-09T20:24:56.494+0000] {logging_mixin.py:190} INFO - [2024-11-09T20:24:56.494+0000] {dagbag.py:588} INFO - Filling up the DagBag from /home/chirag/airflow/lib/python3.12/site-packages/airflow/example_dags/example_branch_operator_decorator.py
[2024-11-09T20:24:56.525+0000] {processor.py:925} INFO - DAG(s) 'example_branch_python_operator_decorator' retrieved from /home/chirag/airflow/lib/python3.12/site-packages/airflow/example_dags/example_branch_operator_decorator.py
[2024-11-09T20:24:56.558+0000] {logging_mixin.py:190} INFO - [2024-11-09T20:24:56.558+0000] {dag.py:3239} INFO - Sync 1 DAGs
[2024-11-09T20:24:56.591+0000] {logging_mixin.py:190} INFO - [2024-11-09T20:24:56.591+0000] {dag.py:4180} INFO - Setting next_dagrun for example_branch_python_operator_decorator to 2024-11-08 00:00:00+00:00, run_after=2024-11-09 00:00:00+00:00
[2024-11-09T20:24:56.626+0000] {processor.py:208} INFO - Processing /home/chirag/airflow/lib/python3.12/site-packages/airflow/example_dags/example_branch_operator_decorator.py took 0.146 seconds
[2024-11-09T20:26:33.149+0000] {processor.py:186} INFO - Started process (PID=13629) to work on /home/chirag/airflow/lib/python3.12/site-packages/airflow/example_dags/example_branch_operator_decorator.py
[2024-11-09T20:26:33.159+0000] {processor.py:914} INFO - Processing file /home/chirag/airflow/lib/python3.12/site-packages/airflow/example_dags/example_branch_operator_decorator.py for tasks to queue
[2024-11-09T20:26:33.178+0000] {logging_mixin.py:190} INFO - [2024-11-09T20:26:33.164+0000] {dagbag.py:588} INFO - Filling up the DagBag from /home/chirag/airflow/lib/python3.12/site-packages/airflow/example_dags/example_branch_operator_decorator.py
[2024-11-09T20:26:33.240+0000] {processor.py:925} INFO - DAG(s) 'example_branch_python_operator_decorator' retrieved from /home/chirag/airflow/lib/python3.12/site-packages/airflow/example_dags/example_branch_operator_decorator.py
[2024-11-09T20:26:33.296+0000] {logging_mixin.py:190} INFO - [2024-11-09T20:26:33.295+0000] {dag.py:3239} INFO - Sync 1 DAGs
[2024-11-09T20:26:33.373+0000] {logging_mixin.py:190} INFO - [2024-11-09T20:26:33.373+0000] {dag.py:4180} INFO - Setting next_dagrun for example_branch_python_operator_decorator to 2024-11-08 00:00:00+00:00, run_after=2024-11-09 00:00:00+00:00
[2024-11-09T20:26:33.487+0000] {processor.py:208} INFO - Processing /home/chirag/airflow/lib/python3.12/site-packages/airflow/example_dags/example_branch_operator_decorator.py took 0.357 seconds
[2024-11-09T20:27:35.402+0000] {processor.py:186} INFO - Started process (PID=13868) to work on /home/chirag/airflow/lib/python3.12/site-packages/airflow/example_dags/example_branch_operator_decorator.py
[2024-11-09T20:27:35.406+0000] {processor.py:914} INFO - Processing file /home/chirag/airflow/lib/python3.12/site-packages/airflow/example_dags/example_branch_operator_decorator.py for tasks to queue
[2024-11-09T20:27:35.411+0000] {logging_mixin.py:190} INFO - [2024-11-09T20:27:35.410+0000] {dagbag.py:588} INFO - Filling up the DagBag from /home/chirag/airflow/lib/python3.12/site-packages/airflow/example_dags/example_branch_operator_decorator.py
[2024-11-09T20:27:35.596+0000] {processor.py:925} INFO - DAG(s) 'example_branch_python_operator_decorator' retrieved from /home/chirag/airflow/lib/python3.12/site-packages/airflow/example_dags/example_branch_operator_decorator.py
[2024-11-09T20:27:35.803+0000] {logging_mixin.py:190} INFO - [2024-11-09T20:27:35.792+0000] {dag.py:3239} INFO - Sync 1 DAGs
[2024-11-09T20:27:35.989+0000] {logging_mixin.py:190} INFO - [2024-11-09T20:27:35.989+0000] {dag.py:4180} INFO - Setting next_dagrun for example_branch_python_operator_decorator to 2024-11-08 00:00:00+00:00, run_after=2024-11-09 00:00:00+00:00
[2024-11-09T20:27:36.110+0000] {processor.py:208} INFO - Processing /home/chirag/airflow/lib/python3.12/site-packages/airflow/example_dags/example_branch_operator_decorator.py took 0.724 seconds
