[2024-11-09T19:16:39.443+0000] {processor.py:186} INFO - Started process (PID=94630) to work on /home/chirag/airflow/lib/python3.12/site-packages/airflow/example_dags/example_branch_day_of_week_operator.py
[2024-11-09T19:16:39.445+0000] {processor.py:914} INFO - Processing file /home/chirag/airflow/lib/python3.12/site-packages/airflow/example_dags/example_branch_day_of_week_operator.py for tasks to queue
[2024-11-09T19:16:39.450+0000] {logging_mixin.py:190} INFO - [2024-11-09T19:16:39.449+0000] {dagbag.py:588} INFO - Filling up the DagBag from /home/chirag/airflow/lib/python3.12/site-packages/airflow/example_dags/example_branch_day_of_week_operator.py
[2024-11-09T19:16:39.476+0000] {processor.py:925} INFO - DAG(s) 'example_weekday_branch_operator' retrieved from /home/chirag/airflow/lib/python3.12/site-packages/airflow/example_dags/example_branch_day_of_week_operator.py
[2024-11-09T19:16:39.919+0000] {logging_mixin.py:190} INFO - [2024-11-09T19:16:39.918+0000] {override.py:1911} INFO - Created Permission View: can delete on DAG:example_weekday_branch_operator
[2024-11-09T19:16:39.956+0000] {logging_mixin.py:190} INFO - [2024-11-09T19:16:39.955+0000] {override.py:1911} INFO - Created Permission View: can read on DAG:example_weekday_branch_operator
[2024-11-09T19:16:39.986+0000] {logging_mixin.py:190} INFO - [2024-11-09T19:16:39.985+0000] {override.py:1911} INFO - Created Permission View: can edit on DAG:example_weekday_branch_operator
[2024-11-09T19:16:40.019+0000] {logging_mixin.py:190} INFO - [2024-11-09T19:16:40.018+0000] {override.py:1911} INFO - Created Permission View: menu access on DAG Run:example_weekday_branch_operator
[2024-11-09T19:16:40.044+0000] {logging_mixin.py:190} INFO - [2024-11-09T19:16:40.043+0000] {override.py:1911} INFO - Created Permission View: can delete on DAG Run:example_weekday_branch_operator
[2024-11-09T19:16:40.179+0000] {logging_mixin.py:190} INFO - [2024-11-09T19:16:40.178+0000] {override.py:1911} INFO - Created Permission View: can read on DAG Run:example_weekday_branch_operator
[2024-11-09T19:16:40.246+0000] {logging_mixin.py:190} INFO - [2024-11-09T19:16:40.245+0000] {override.py:1911} INFO - Created Permission View: can create on DAG Run:example_weekday_branch_operator
[2024-11-09T19:16:40.248+0000] {logging_mixin.py:190} INFO - [2024-11-09T19:16:40.247+0000] {dag.py:3239} INFO - Sync 1 DAGs
[2024-11-09T19:16:40.272+0000] {logging_mixin.py:190} INFO - [2024-11-09T19:16:40.272+0000] {dag.py:3262} INFO - Creating ORM DAG for example_weekday_branch_operator
[2024-11-09T19:16:40.294+0000] {logging_mixin.py:190} INFO - [2024-11-09T19:16:40.294+0000] {dag.py:4180} INFO - Setting next_dagrun for example_weekday_branch_operator to 2024-11-08 00:00:00+00:00, run_after=2024-11-09 00:00:00+00:00
[2024-11-09T19:16:40.328+0000] {processor.py:208} INFO - Processing /home/chirag/airflow/lib/python3.12/site-packages/airflow/example_dags/example_branch_day_of_week_operator.py took 0.899 seconds
[2024-11-09T19:18:23.801+0000] {processor.py:186} INFO - Started process (PID=94828) to work on /home/chirag/airflow/lib/python3.12/site-packages/airflow/example_dags/example_branch_day_of_week_operator.py
[2024-11-09T19:18:23.805+0000] {processor.py:914} INFO - Processing file /home/chirag/airflow/lib/python3.12/site-packages/airflow/example_dags/example_branch_day_of_week_operator.py for tasks to queue
[2024-11-09T19:18:23.815+0000] {logging_mixin.py:190} INFO - [2024-11-09T19:18:23.813+0000] {dagbag.py:588} INFO - Filling up the DagBag from /home/chirag/airflow/lib/python3.12/site-packages/airflow/example_dags/example_branch_day_of_week_operator.py
[2024-11-09T19:18:23.848+0000] {processor.py:925} INFO - DAG(s) 'example_weekday_branch_operator' retrieved from /home/chirag/airflow/lib/python3.12/site-packages/airflow/example_dags/example_branch_day_of_week_operator.py
[2024-11-09T19:18:23.917+0000] {logging_mixin.py:190} INFO - [2024-11-09T19:18:23.915+0000] {dag.py:3239} INFO - Sync 1 DAGs
[2024-11-09T19:18:24.021+0000] {logging_mixin.py:190} INFO - [2024-11-09T19:18:24.020+0000] {dag.py:4180} INFO - Setting next_dagrun for example_weekday_branch_operator to 2024-11-08 00:00:00+00:00, run_after=2024-11-09 00:00:00+00:00
[2024-11-09T19:18:24.119+0000] {processor.py:208} INFO - Processing /home/chirag/airflow/lib/python3.12/site-packages/airflow/example_dags/example_branch_day_of_week_operator.py took 0.345 seconds
[2024-11-09T19:27:47.399+0000] {processor.py:186} INFO - Started process (PID=465) to work on /home/chirag/airflow/lib/python3.12/site-packages/airflow/example_dags/example_branch_day_of_week_operator.py
[2024-11-09T19:27:47.401+0000] {processor.py:914} INFO - Processing file /home/chirag/airflow/lib/python3.12/site-packages/airflow/example_dags/example_branch_day_of_week_operator.py for tasks to queue
[2024-11-09T19:27:47.404+0000] {logging_mixin.py:190} INFO - [2024-11-09T19:27:47.404+0000] {dagbag.py:588} INFO - Filling up the DagBag from /home/chirag/airflow/lib/python3.12/site-packages/airflow/example_dags/example_branch_day_of_week_operator.py
[2024-11-09T19:27:47.420+0000] {processor.py:925} INFO - DAG(s) 'example_weekday_branch_operator' retrieved from /home/chirag/airflow/lib/python3.12/site-packages/airflow/example_dags/example_branch_day_of_week_operator.py
[2024-11-09T19:27:47.451+0000] {logging_mixin.py:190} INFO - [2024-11-09T19:27:47.451+0000] {dag.py:3239} INFO - Sync 1 DAGs
[2024-11-09T19:27:47.497+0000] {logging_mixin.py:190} INFO - [2024-11-09T19:27:47.496+0000] {dag.py:4180} INFO - Setting next_dagrun for example_weekday_branch_operator to 2024-11-08 00:00:00+00:00, run_after=2024-11-09 00:00:00+00:00
[2024-11-09T19:27:47.536+0000] {processor.py:208} INFO - Processing /home/chirag/airflow/lib/python3.12/site-packages/airflow/example_dags/example_branch_day_of_week_operator.py took 0.145 seconds
[2024-11-09T19:28:54.706+0000] {processor.py:186} INFO - Started process (PID=548) to work on /home/chirag/airflow/lib/python3.12/site-packages/airflow/example_dags/example_branch_day_of_week_operator.py
[2024-11-09T19:28:54.709+0000] {processor.py:914} INFO - Processing file /home/chirag/airflow/lib/python3.12/site-packages/airflow/example_dags/example_branch_day_of_week_operator.py for tasks to queue
[2024-11-09T19:28:54.712+0000] {logging_mixin.py:190} INFO - [2024-11-09T19:28:54.712+0000] {dagbag.py:588} INFO - Filling up the DagBag from /home/chirag/airflow/lib/python3.12/site-packages/airflow/example_dags/example_branch_day_of_week_operator.py
[2024-11-09T19:28:54.726+0000] {processor.py:925} INFO - DAG(s) 'example_weekday_branch_operator' retrieved from /home/chirag/airflow/lib/python3.12/site-packages/airflow/example_dags/example_branch_day_of_week_operator.py
[2024-11-09T19:28:54.749+0000] {logging_mixin.py:190} INFO - [2024-11-09T19:28:54.748+0000] {dag.py:3239} INFO - Sync 1 DAGs
[2024-11-09T19:28:54.778+0000] {logging_mixin.py:190} INFO - [2024-11-09T19:28:54.778+0000] {dag.py:4180} INFO - Setting next_dagrun for example_weekday_branch_operator to 2024-11-08 00:00:00+00:00, run_after=2024-11-09 00:00:00+00:00
[2024-11-09T19:28:54.810+0000] {processor.py:208} INFO - Processing /home/chirag/airflow/lib/python3.12/site-packages/airflow/example_dags/example_branch_day_of_week_operator.py took 0.112 seconds
[2024-11-09T19:30:08.706+0000] {processor.py:186} INFO - Started process (PID=623) to work on /home/chirag/airflow/lib/python3.12/site-packages/airflow/example_dags/example_branch_day_of_week_operator.py
[2024-11-09T19:30:08.714+0000] {processor.py:914} INFO - Processing file /home/chirag/airflow/lib/python3.12/site-packages/airflow/example_dags/example_branch_day_of_week_operator.py for tasks to queue
[2024-11-09T19:30:08.721+0000] {logging_mixin.py:190} INFO - [2024-11-09T19:30:08.720+0000] {dagbag.py:588} INFO - Filling up the DagBag from /home/chirag/airflow/lib/python3.12/site-packages/airflow/example_dags/example_branch_day_of_week_operator.py
[2024-11-09T19:30:08.773+0000] {processor.py:925} INFO - DAG(s) 'example_weekday_branch_operator' retrieved from /home/chirag/airflow/lib/python3.12/site-packages/airflow/example_dags/example_branch_day_of_week_operator.py
[2024-11-09T19:30:08.831+0000] {logging_mixin.py:190} INFO - [2024-11-09T19:30:08.830+0000] {dag.py:3239} INFO - Sync 1 DAGs
[2024-11-09T19:30:08.929+0000] {logging_mixin.py:190} INFO - [2024-11-09T19:30:08.929+0000] {dag.py:4180} INFO - Setting next_dagrun for example_weekday_branch_operator to 2024-11-08 00:00:00+00:00, run_after=2024-11-09 00:00:00+00:00
[2024-11-09T19:30:09.035+0000] {processor.py:208} INFO - Processing /home/chirag/airflow/lib/python3.12/site-packages/airflow/example_dags/example_branch_day_of_week_operator.py took 0.348 seconds
[2024-11-09T19:31:26.140+0000] {processor.py:186} INFO - Started process (PID=690) to work on /home/chirag/airflow/lib/python3.12/site-packages/airflow/example_dags/example_branch_day_of_week_operator.py
[2024-11-09T19:31:26.144+0000] {processor.py:914} INFO - Processing file /home/chirag/airflow/lib/python3.12/site-packages/airflow/example_dags/example_branch_day_of_week_operator.py for tasks to queue
[2024-11-09T19:31:26.147+0000] {logging_mixin.py:190} INFO - [2024-11-09T19:31:26.146+0000] {dagbag.py:588} INFO - Filling up the DagBag from /home/chirag/airflow/lib/python3.12/site-packages/airflow/example_dags/example_branch_day_of_week_operator.py
[2024-11-09T19:31:26.164+0000] {processor.py:925} INFO - DAG(s) 'example_weekday_branch_operator' retrieved from /home/chirag/airflow/lib/python3.12/site-packages/airflow/example_dags/example_branch_day_of_week_operator.py
[2024-11-09T19:31:26.189+0000] {logging_mixin.py:190} INFO - [2024-11-09T19:31:26.189+0000] {dag.py:3239} INFO - Sync 1 DAGs
[2024-11-09T19:31:26.219+0000] {logging_mixin.py:190} INFO - [2024-11-09T19:31:26.219+0000] {dag.py:4180} INFO - Setting next_dagrun for example_weekday_branch_operator to 2024-11-08 00:00:00+00:00, run_after=2024-11-09 00:00:00+00:00
[2024-11-09T19:31:26.256+0000] {processor.py:208} INFO - Processing /home/chirag/airflow/lib/python3.12/site-packages/airflow/example_dags/example_branch_day_of_week_operator.py took 0.125 seconds
[2024-11-09T19:33:07.851+0000] {processor.py:186} INFO - Started process (PID=1740) to work on /home/chirag/airflow/lib/python3.12/site-packages/airflow/example_dags/example_branch_day_of_week_operator.py
[2024-11-09T19:33:07.855+0000] {processor.py:914} INFO - Processing file /home/chirag/airflow/lib/python3.12/site-packages/airflow/example_dags/example_branch_day_of_week_operator.py for tasks to queue
[2024-11-09T19:33:07.858+0000] {logging_mixin.py:190} INFO - [2024-11-09T19:33:07.857+0000] {dagbag.py:588} INFO - Filling up the DagBag from /home/chirag/airflow/lib/python3.12/site-packages/airflow/example_dags/example_branch_day_of_week_operator.py
[2024-11-09T19:33:07.872+0000] {processor.py:925} INFO - DAG(s) 'example_weekday_branch_operator' retrieved from /home/chirag/airflow/lib/python3.12/site-packages/airflow/example_dags/example_branch_day_of_week_operator.py
[2024-11-09T19:33:07.896+0000] {logging_mixin.py:190} INFO - [2024-11-09T19:33:07.895+0000] {dag.py:3239} INFO - Sync 1 DAGs
[2024-11-09T19:33:07.930+0000] {logging_mixin.py:190} INFO - [2024-11-09T19:33:07.930+0000] {dag.py:4180} INFO - Setting next_dagrun for example_weekday_branch_operator to 2024-11-08 00:00:00+00:00, run_after=2024-11-09 00:00:00+00:00
[2024-11-09T19:33:07.970+0000] {processor.py:208} INFO - Processing /home/chirag/airflow/lib/python3.12/site-packages/airflow/example_dags/example_branch_day_of_week_operator.py took 0.127 seconds
[2024-11-09T19:34:24.837+0000] {processor.py:186} INFO - Started process (PID=2274) to work on /home/chirag/airflow/lib/python3.12/site-packages/airflow/example_dags/example_branch_day_of_week_operator.py
[2024-11-09T19:34:24.841+0000] {processor.py:914} INFO - Processing file /home/chirag/airflow/lib/python3.12/site-packages/airflow/example_dags/example_branch_day_of_week_operator.py for tasks to queue
[2024-11-09T19:34:24.845+0000] {logging_mixin.py:190} INFO - [2024-11-09T19:34:24.844+0000] {dagbag.py:588} INFO - Filling up the DagBag from /home/chirag/airflow/lib/python3.12/site-packages/airflow/example_dags/example_branch_day_of_week_operator.py
[2024-11-09T19:34:24.862+0000] {processor.py:925} INFO - DAG(s) 'example_weekday_branch_operator' retrieved from /home/chirag/airflow/lib/python3.12/site-packages/airflow/example_dags/example_branch_day_of_week_operator.py
[2024-11-09T19:34:24.887+0000] {logging_mixin.py:190} INFO - [2024-11-09T19:34:24.887+0000] {dag.py:3239} INFO - Sync 1 DAGs
[2024-11-09T19:34:25.140+0000] {logging_mixin.py:190} INFO - [2024-11-09T19:34:25.139+0000] {dag.py:4180} INFO - Setting next_dagrun for example_weekday_branch_operator to 2024-11-08 00:00:00+00:00, run_after=2024-11-09 00:00:00+00:00
[2024-11-09T19:34:25.207+0000] {processor.py:208} INFO - Processing /home/chirag/airflow/lib/python3.12/site-packages/airflow/example_dags/example_branch_day_of_week_operator.py took 0.379 seconds
[2024-11-09T19:35:53.233+0000] {processor.py:186} INFO - Started process (PID=2728) to work on /home/chirag/airflow/lib/python3.12/site-packages/airflow/example_dags/example_branch_day_of_week_operator.py
[2024-11-09T19:35:53.239+0000] {processor.py:914} INFO - Processing file /home/chirag/airflow/lib/python3.12/site-packages/airflow/example_dags/example_branch_day_of_week_operator.py for tasks to queue
[2024-11-09T19:35:53.249+0000] {logging_mixin.py:190} INFO - [2024-11-09T19:35:53.248+0000] {dagbag.py:588} INFO - Filling up the DagBag from /home/chirag/airflow/lib/python3.12/site-packages/airflow/example_dags/example_branch_day_of_week_operator.py
[2024-11-09T19:35:53.307+0000] {processor.py:925} INFO - DAG(s) 'example_weekday_branch_operator' retrieved from /home/chirag/airflow/lib/python3.12/site-packages/airflow/example_dags/example_branch_day_of_week_operator.py
[2024-11-09T19:35:53.365+0000] {logging_mixin.py:190} INFO - [2024-11-09T19:35:53.365+0000] {dag.py:3239} INFO - Sync 1 DAGs
[2024-11-09T19:35:53.523+0000] {logging_mixin.py:190} INFO - [2024-11-09T19:35:53.522+0000] {dag.py:4180} INFO - Setting next_dagrun for example_weekday_branch_operator to 2024-11-08 00:00:00+00:00, run_after=2024-11-09 00:00:00+00:00
[2024-11-09T19:35:53.677+0000] {processor.py:208} INFO - Processing /home/chirag/airflow/lib/python3.12/site-packages/airflow/example_dags/example_branch_day_of_week_operator.py took 0.466 seconds
[2024-11-09T19:37:10.959+0000] {processor.py:186} INFO - Started process (PID=2936) to work on /home/chirag/airflow/lib/python3.12/site-packages/airflow/example_dags/example_branch_day_of_week_operator.py
[2024-11-09T19:37:10.963+0000] {processor.py:914} INFO - Processing file /home/chirag/airflow/lib/python3.12/site-packages/airflow/example_dags/example_branch_day_of_week_operator.py for tasks to queue
[2024-11-09T19:37:10.967+0000] {logging_mixin.py:190} INFO - [2024-11-09T19:37:10.966+0000] {dagbag.py:588} INFO - Filling up the DagBag from /home/chirag/airflow/lib/python3.12/site-packages/airflow/example_dags/example_branch_day_of_week_operator.py
[2024-11-09T19:37:10.982+0000] {processor.py:925} INFO - DAG(s) 'example_weekday_branch_operator' retrieved from /home/chirag/airflow/lib/python3.12/site-packages/airflow/example_dags/example_branch_day_of_week_operator.py
[2024-11-09T19:37:11.005+0000] {logging_mixin.py:190} INFO - [2024-11-09T19:37:11.005+0000] {dag.py:3239} INFO - Sync 1 DAGs
[2024-11-09T19:37:11.036+0000] {logging_mixin.py:190} INFO - [2024-11-09T19:37:11.035+0000] {dag.py:4180} INFO - Setting next_dagrun for example_weekday_branch_operator to 2024-11-08 00:00:00+00:00, run_after=2024-11-09 00:00:00+00:00
[2024-11-09T19:37:11.076+0000] {processor.py:208} INFO - Processing /home/chirag/airflow/lib/python3.12/site-packages/airflow/example_dags/example_branch_day_of_week_operator.py took 0.125 seconds
[2024-11-09T19:38:21.438+0000] {processor.py:186} INFO - Started process (PID=3259) to work on /home/chirag/airflow/lib/python3.12/site-packages/airflow/example_dags/example_branch_day_of_week_operator.py
[2024-11-09T19:38:21.441+0000] {processor.py:914} INFO - Processing file /home/chirag/airflow/lib/python3.12/site-packages/airflow/example_dags/example_branch_day_of_week_operator.py for tasks to queue
[2024-11-09T19:38:21.445+0000] {logging_mixin.py:190} INFO - [2024-11-09T19:38:21.445+0000] {dagbag.py:588} INFO - Filling up the DagBag from /home/chirag/airflow/lib/python3.12/site-packages/airflow/example_dags/example_branch_day_of_week_operator.py
[2024-11-09T19:38:21.463+0000] {processor.py:925} INFO - DAG(s) 'example_weekday_branch_operator' retrieved from /home/chirag/airflow/lib/python3.12/site-packages/airflow/example_dags/example_branch_day_of_week_operator.py
[2024-11-09T19:38:21.508+0000] {logging_mixin.py:190} INFO - [2024-11-09T19:38:21.508+0000] {dag.py:3239} INFO - Sync 1 DAGs
[2024-11-09T19:38:21.576+0000] {logging_mixin.py:190} INFO - [2024-11-09T19:38:21.576+0000] {dag.py:4180} INFO - Setting next_dagrun for example_weekday_branch_operator to 2024-11-08 00:00:00+00:00, run_after=2024-11-09 00:00:00+00:00
[2024-11-09T19:38:21.635+0000] {processor.py:208} INFO - Processing /home/chirag/airflow/lib/python3.12/site-packages/airflow/example_dags/example_branch_day_of_week_operator.py took 0.207 seconds
[2024-11-09T19:39:44.742+0000] {processor.py:186} INFO - Started process (PID=3545) to work on /home/chirag/airflow/lib/python3.12/site-packages/airflow/example_dags/example_branch_day_of_week_operator.py
[2024-11-09T19:39:44.748+0000] {processor.py:914} INFO - Processing file /home/chirag/airflow/lib/python3.12/site-packages/airflow/example_dags/example_branch_day_of_week_operator.py for tasks to queue
[2024-11-09T19:39:44.752+0000] {logging_mixin.py:190} INFO - [2024-11-09T19:39:44.751+0000] {dagbag.py:588} INFO - Filling up the DagBag from /home/chirag/airflow/lib/python3.12/site-packages/airflow/example_dags/example_branch_day_of_week_operator.py
[2024-11-09T19:39:44.773+0000] {processor.py:925} INFO - DAG(s) 'example_weekday_branch_operator' retrieved from /home/chirag/airflow/lib/python3.12/site-packages/airflow/example_dags/example_branch_day_of_week_operator.py
[2024-11-09T19:39:44.807+0000] {logging_mixin.py:190} INFO - [2024-11-09T19:39:44.807+0000] {dag.py:3239} INFO - Sync 1 DAGs
[2024-11-09T19:39:44.850+0000] {logging_mixin.py:190} INFO - [2024-11-09T19:39:44.850+0000] {dag.py:4180} INFO - Setting next_dagrun for example_weekday_branch_operator to 2024-11-08 00:00:00+00:00, run_after=2024-11-09 00:00:00+00:00
[2024-11-09T19:39:44.903+0000] {processor.py:208} INFO - Processing /home/chirag/airflow/lib/python3.12/site-packages/airflow/example_dags/example_branch_day_of_week_operator.py took 0.173 seconds
[2024-11-09T19:41:01.376+0000] {processor.py:186} INFO - Started process (PID=3754) to work on /home/chirag/airflow/lib/python3.12/site-packages/airflow/example_dags/example_branch_day_of_week_operator.py
[2024-11-09T19:41:01.379+0000] {processor.py:914} INFO - Processing file /home/chirag/airflow/lib/python3.12/site-packages/airflow/example_dags/example_branch_day_of_week_operator.py for tasks to queue
[2024-11-09T19:41:01.382+0000] {logging_mixin.py:190} INFO - [2024-11-09T19:41:01.382+0000] {dagbag.py:588} INFO - Filling up the DagBag from /home/chirag/airflow/lib/python3.12/site-packages/airflow/example_dags/example_branch_day_of_week_operator.py
[2024-11-09T19:41:01.398+0000] {processor.py:925} INFO - DAG(s) 'example_weekday_branch_operator' retrieved from /home/chirag/airflow/lib/python3.12/site-packages/airflow/example_dags/example_branch_day_of_week_operator.py
[2024-11-09T19:41:01.426+0000] {logging_mixin.py:190} INFO - [2024-11-09T19:41:01.425+0000] {dag.py:3239} INFO - Sync 1 DAGs
[2024-11-09T19:41:01.461+0000] {logging_mixin.py:190} INFO - [2024-11-09T19:41:01.461+0000] {dag.py:4180} INFO - Setting next_dagrun for example_weekday_branch_operator to 2024-11-08 00:00:00+00:00, run_after=2024-11-09 00:00:00+00:00
[2024-11-09T19:41:01.501+0000] {processor.py:208} INFO - Processing /home/chirag/airflow/lib/python3.12/site-packages/airflow/example_dags/example_branch_day_of_week_operator.py took 0.134 seconds
[2024-11-09T19:42:16.016+0000] {processor.py:186} INFO - Started process (PID=3969) to work on /home/chirag/airflow/lib/python3.12/site-packages/airflow/example_dags/example_branch_day_of_week_operator.py
[2024-11-09T19:42:16.018+0000] {processor.py:914} INFO - Processing file /home/chirag/airflow/lib/python3.12/site-packages/airflow/example_dags/example_branch_day_of_week_operator.py for tasks to queue
[2024-11-09T19:42:16.022+0000] {logging_mixin.py:190} INFO - [2024-11-09T19:42:16.021+0000] {dagbag.py:588} INFO - Filling up the DagBag from /home/chirag/airflow/lib/python3.12/site-packages/airflow/example_dags/example_branch_day_of_week_operator.py
[2024-11-09T19:42:16.037+0000] {processor.py:925} INFO - DAG(s) 'example_weekday_branch_operator' retrieved from /home/chirag/airflow/lib/python3.12/site-packages/airflow/example_dags/example_branch_day_of_week_operator.py
[2024-11-09T19:42:16.060+0000] {logging_mixin.py:190} INFO - [2024-11-09T19:42:16.059+0000] {dag.py:3239} INFO - Sync 1 DAGs
[2024-11-09T19:42:16.090+0000] {logging_mixin.py:190} INFO - [2024-11-09T19:42:16.090+0000] {dag.py:4180} INFO - Setting next_dagrun for example_weekday_branch_operator to 2024-11-08 00:00:00+00:00, run_after=2024-11-09 00:00:00+00:00
[2024-11-09T19:42:16.127+0000] {processor.py:208} INFO - Processing /home/chirag/airflow/lib/python3.12/site-packages/airflow/example_dags/example_branch_day_of_week_operator.py took 0.120 seconds
[2024-11-09T19:43:37.998+0000] {processor.py:186} INFO - Started process (PID=4202) to work on /home/chirag/airflow/lib/python3.12/site-packages/airflow/example_dags/example_branch_day_of_week_operator.py
[2024-11-09T19:43:38.004+0000] {processor.py:914} INFO - Processing file /home/chirag/airflow/lib/python3.12/site-packages/airflow/example_dags/example_branch_day_of_week_operator.py for tasks to queue
[2024-11-09T19:43:38.008+0000] {logging_mixin.py:190} INFO - [2024-11-09T19:43:38.007+0000] {dagbag.py:588} INFO - Filling up the DagBag from /home/chirag/airflow/lib/python3.12/site-packages/airflow/example_dags/example_branch_day_of_week_operator.py
[2024-11-09T19:43:38.024+0000] {processor.py:925} INFO - DAG(s) 'example_weekday_branch_operator' retrieved from /home/chirag/airflow/lib/python3.12/site-packages/airflow/example_dags/example_branch_day_of_week_operator.py
[2024-11-09T19:43:38.051+0000] {logging_mixin.py:190} INFO - [2024-11-09T19:43:38.050+0000] {dag.py:3239} INFO - Sync 1 DAGs
[2024-11-09T19:43:38.084+0000] {logging_mixin.py:190} INFO - [2024-11-09T19:43:38.083+0000] {dag.py:4180} INFO - Setting next_dagrun for example_weekday_branch_operator to 2024-11-08 00:00:00+00:00, run_after=2024-11-09 00:00:00+00:00
[2024-11-09T19:43:38.124+0000] {processor.py:208} INFO - Processing /home/chirag/airflow/lib/python3.12/site-packages/airflow/example_dags/example_branch_day_of_week_operator.py took 0.134 seconds
[2024-11-09T19:44:46.425+0000] {processor.py:186} INFO - Started process (PID=4404) to work on /home/chirag/airflow/lib/python3.12/site-packages/airflow/example_dags/example_branch_day_of_week_operator.py
[2024-11-09T19:44:46.429+0000] {processor.py:914} INFO - Processing file /home/chirag/airflow/lib/python3.12/site-packages/airflow/example_dags/example_branch_day_of_week_operator.py for tasks to queue
[2024-11-09T19:44:46.432+0000] {logging_mixin.py:190} INFO - [2024-11-09T19:44:46.431+0000] {dagbag.py:588} INFO - Filling up the DagBag from /home/chirag/airflow/lib/python3.12/site-packages/airflow/example_dags/example_branch_day_of_week_operator.py
[2024-11-09T19:44:46.447+0000] {processor.py:925} INFO - DAG(s) 'example_weekday_branch_operator' retrieved from /home/chirag/airflow/lib/python3.12/site-packages/airflow/example_dags/example_branch_day_of_week_operator.py
[2024-11-09T19:44:46.471+0000] {logging_mixin.py:190} INFO - [2024-11-09T19:44:46.471+0000] {dag.py:3239} INFO - Sync 1 DAGs
[2024-11-09T19:44:46.501+0000] {logging_mixin.py:190} INFO - [2024-11-09T19:44:46.501+0000] {dag.py:4180} INFO - Setting next_dagrun for example_weekday_branch_operator to 2024-11-08 00:00:00+00:00, run_after=2024-11-09 00:00:00+00:00
[2024-11-09T19:44:46.537+0000] {processor.py:208} INFO - Processing /home/chirag/airflow/lib/python3.12/site-packages/airflow/example_dags/example_branch_day_of_week_operator.py took 0.120 seconds
[2024-11-09T19:46:34.546+0000] {processor.py:186} INFO - Started process (PID=4714) to work on /home/chirag/airflow/lib/python3.12/site-packages/airflow/example_dags/example_branch_day_of_week_operator.py
[2024-11-09T19:46:34.552+0000] {processor.py:914} INFO - Processing file /home/chirag/airflow/lib/python3.12/site-packages/airflow/example_dags/example_branch_day_of_week_operator.py for tasks to queue
[2024-11-09T19:46:34.555+0000] {logging_mixin.py:190} INFO - [2024-11-09T19:46:34.554+0000] {dagbag.py:588} INFO - Filling up the DagBag from /home/chirag/airflow/lib/python3.12/site-packages/airflow/example_dags/example_branch_day_of_week_operator.py
[2024-11-09T19:46:34.570+0000] {processor.py:925} INFO - DAG(s) 'example_weekday_branch_operator' retrieved from /home/chirag/airflow/lib/python3.12/site-packages/airflow/example_dags/example_branch_day_of_week_operator.py
[2024-11-09T19:46:34.593+0000] {logging_mixin.py:190} INFO - [2024-11-09T19:46:34.592+0000] {dag.py:3239} INFO - Sync 1 DAGs
[2024-11-09T19:46:34.622+0000] {logging_mixin.py:190} INFO - [2024-11-09T19:46:34.622+0000] {dag.py:4180} INFO - Setting next_dagrun for example_weekday_branch_operator to 2024-11-08 00:00:00+00:00, run_after=2024-11-09 00:00:00+00:00
[2024-11-09T19:46:34.666+0000] {processor.py:208} INFO - Processing /home/chirag/airflow/lib/python3.12/site-packages/airflow/example_dags/example_branch_day_of_week_operator.py took 0.128 seconds
[2024-11-09T19:47:47.915+0000] {processor.py:186} INFO - Started process (PID=4956) to work on /home/chirag/airflow/lib/python3.12/site-packages/airflow/example_dags/example_branch_day_of_week_operator.py
[2024-11-09T19:47:47.921+0000] {processor.py:914} INFO - Processing file /home/chirag/airflow/lib/python3.12/site-packages/airflow/example_dags/example_branch_day_of_week_operator.py for tasks to queue
[2024-11-09T19:47:47.929+0000] {logging_mixin.py:190} INFO - [2024-11-09T19:47:47.928+0000] {dagbag.py:588} INFO - Filling up the DagBag from /home/chirag/airflow/lib/python3.12/site-packages/airflow/example_dags/example_branch_day_of_week_operator.py
[2024-11-09T19:47:47.958+0000] {processor.py:925} INFO - DAG(s) 'example_weekday_branch_operator' retrieved from /home/chirag/airflow/lib/python3.12/site-packages/airflow/example_dags/example_branch_day_of_week_operator.py
[2024-11-09T19:47:48.015+0000] {logging_mixin.py:190} INFO - [2024-11-09T19:47:48.014+0000] {dag.py:3239} INFO - Sync 1 DAGs
[2024-11-09T19:47:48.068+0000] {logging_mixin.py:190} INFO - [2024-11-09T19:47:48.068+0000] {dag.py:4180} INFO - Setting next_dagrun for example_weekday_branch_operator to 2024-11-08 00:00:00+00:00, run_after=2024-11-09 00:00:00+00:00
[2024-11-09T19:47:48.120+0000] {processor.py:208} INFO - Processing /home/chirag/airflow/lib/python3.12/site-packages/airflow/example_dags/example_branch_day_of_week_operator.py took 0.238 seconds
[2024-11-09T19:48:41.089+0000] {processor.py:186} INFO - Started process (PID=5115) to work on /home/chirag/airflow/lib/python3.12/site-packages/airflow/example_dags/example_branch_day_of_week_operator.py
[2024-11-09T19:48:41.092+0000] {processor.py:914} INFO - Processing file /home/chirag/airflow/lib/python3.12/site-packages/airflow/example_dags/example_branch_day_of_week_operator.py for tasks to queue
[2024-11-09T19:48:41.096+0000] {logging_mixin.py:190} INFO - [2024-11-09T19:48:41.096+0000] {dagbag.py:588} INFO - Filling up the DagBag from /home/chirag/airflow/lib/python3.12/site-packages/airflow/example_dags/example_branch_day_of_week_operator.py
[2024-11-09T19:48:41.118+0000] {processor.py:925} INFO - DAG(s) 'example_weekday_branch_operator' retrieved from /home/chirag/airflow/lib/python3.12/site-packages/airflow/example_dags/example_branch_day_of_week_operator.py
[2024-11-09T19:48:41.165+0000] {logging_mixin.py:190} INFO - [2024-11-09T19:48:41.165+0000] {dag.py:3239} INFO - Sync 1 DAGs
[2024-11-09T19:48:41.218+0000] {logging_mixin.py:190} INFO - [2024-11-09T19:48:41.217+0000] {dag.py:4180} INFO - Setting next_dagrun for example_weekday_branch_operator to 2024-11-08 00:00:00+00:00, run_after=2024-11-09 00:00:00+00:00
[2024-11-09T19:48:41.262+0000] {processor.py:208} INFO - Processing /home/chirag/airflow/lib/python3.12/site-packages/airflow/example_dags/example_branch_day_of_week_operator.py took 0.184 seconds
[2024-11-09T19:49:55.081+0000] {processor.py:186} INFO - Started process (PID=5405) to work on /home/chirag/airflow/lib/python3.12/site-packages/airflow/example_dags/example_branch_day_of_week_operator.py
[2024-11-09T19:49:55.084+0000] {processor.py:914} INFO - Processing file /home/chirag/airflow/lib/python3.12/site-packages/airflow/example_dags/example_branch_day_of_week_operator.py for tasks to queue
[2024-11-09T19:49:55.087+0000] {logging_mixin.py:190} INFO - [2024-11-09T19:49:55.087+0000] {dagbag.py:588} INFO - Filling up the DagBag from /home/chirag/airflow/lib/python3.12/site-packages/airflow/example_dags/example_branch_day_of_week_operator.py
[2024-11-09T19:49:55.102+0000] {processor.py:925} INFO - DAG(s) 'example_weekday_branch_operator' retrieved from /home/chirag/airflow/lib/python3.12/site-packages/airflow/example_dags/example_branch_day_of_week_operator.py
[2024-11-09T19:49:55.125+0000] {logging_mixin.py:190} INFO - [2024-11-09T19:49:55.125+0000] {dag.py:3239} INFO - Sync 1 DAGs
[2024-11-09T19:49:55.154+0000] {logging_mixin.py:190} INFO - [2024-11-09T19:49:55.153+0000] {dag.py:4180} INFO - Setting next_dagrun for example_weekday_branch_operator to 2024-11-08 00:00:00+00:00, run_after=2024-11-09 00:00:00+00:00
[2024-11-09T19:49:55.192+0000] {processor.py:208} INFO - Processing /home/chirag/airflow/lib/python3.12/site-packages/airflow/example_dags/example_branch_day_of_week_operator.py took 0.119 seconds
[2024-11-09T19:51:05.400+0000] {processor.py:186} INFO - Started process (PID=6010) to work on /home/chirag/airflow/lib/python3.12/site-packages/airflow/example_dags/example_branch_day_of_week_operator.py
[2024-11-09T19:51:05.402+0000] {processor.py:914} INFO - Processing file /home/chirag/airflow/lib/python3.12/site-packages/airflow/example_dags/example_branch_day_of_week_operator.py for tasks to queue
[2024-11-09T19:51:05.406+0000] {logging_mixin.py:190} INFO - [2024-11-09T19:51:05.405+0000] {dagbag.py:588} INFO - Filling up the DagBag from /home/chirag/airflow/lib/python3.12/site-packages/airflow/example_dags/example_branch_day_of_week_operator.py
[2024-11-09T19:51:05.432+0000] {processor.py:925} INFO - DAG(s) 'example_weekday_branch_operator' retrieved from /home/chirag/airflow/lib/python3.12/site-packages/airflow/example_dags/example_branch_day_of_week_operator.py
[2024-11-09T19:51:05.476+0000] {logging_mixin.py:190} INFO - [2024-11-09T19:51:05.475+0000] {dag.py:3239} INFO - Sync 1 DAGs
[2024-11-09T19:51:05.553+0000] {logging_mixin.py:190} INFO - [2024-11-09T19:51:05.552+0000] {dag.py:4180} INFO - Setting next_dagrun for example_weekday_branch_operator to 2024-11-08 00:00:00+00:00, run_after=2024-11-09 00:00:00+00:00
[2024-11-09T19:51:05.590+0000] {processor.py:208} INFO - Processing /home/chirag/airflow/lib/python3.12/site-packages/airflow/example_dags/example_branch_day_of_week_operator.py took 0.199 seconds
[2024-11-09T19:52:38.238+0000] {processor.py:186} INFO - Started process (PID=6394) to work on /home/chirag/airflow/lib/python3.12/site-packages/airflow/example_dags/example_branch_day_of_week_operator.py
[2024-11-09T19:52:38.241+0000] {processor.py:914} INFO - Processing file /home/chirag/airflow/lib/python3.12/site-packages/airflow/example_dags/example_branch_day_of_week_operator.py for tasks to queue
[2024-11-09T19:52:38.244+0000] {logging_mixin.py:190} INFO - [2024-11-09T19:52:38.243+0000] {dagbag.py:588} INFO - Filling up the DagBag from /home/chirag/airflow/lib/python3.12/site-packages/airflow/example_dags/example_branch_day_of_week_operator.py
[2024-11-09T19:52:38.263+0000] {processor.py:925} INFO - DAG(s) 'example_weekday_branch_operator' retrieved from /home/chirag/airflow/lib/python3.12/site-packages/airflow/example_dags/example_branch_day_of_week_operator.py
[2024-11-09T19:52:38.303+0000] {logging_mixin.py:190} INFO - [2024-11-09T19:52:38.302+0000] {dag.py:3239} INFO - Sync 1 DAGs
[2024-11-09T19:52:38.358+0000] {logging_mixin.py:190} INFO - [2024-11-09T19:52:38.357+0000] {dag.py:4180} INFO - Setting next_dagrun for example_weekday_branch_operator to 2024-11-08 00:00:00+00:00, run_after=2024-11-09 00:00:00+00:00
[2024-11-09T19:52:38.404+0000] {processor.py:208} INFO - Processing /home/chirag/airflow/lib/python3.12/site-packages/airflow/example_dags/example_branch_day_of_week_operator.py took 0.177 seconds
[2024-11-09T19:54:06.108+0000] {processor.py:186} INFO - Started process (PID=6992) to work on /home/chirag/airflow/lib/python3.12/site-packages/airflow/example_dags/example_branch_day_of_week_operator.py
[2024-11-09T19:54:06.119+0000] {processor.py:914} INFO - Processing file /home/chirag/airflow/lib/python3.12/site-packages/airflow/example_dags/example_branch_day_of_week_operator.py for tasks to queue
[2024-11-09T19:54:06.122+0000] {logging_mixin.py:190} INFO - [2024-11-09T19:54:06.122+0000] {dagbag.py:588} INFO - Filling up the DagBag from /home/chirag/airflow/lib/python3.12/site-packages/airflow/example_dags/example_branch_day_of_week_operator.py
[2024-11-09T19:54:06.139+0000] {processor.py:925} INFO - DAG(s) 'example_weekday_branch_operator' retrieved from /home/chirag/airflow/lib/python3.12/site-packages/airflow/example_dags/example_branch_day_of_week_operator.py
[2024-11-09T19:54:06.162+0000] {logging_mixin.py:190} INFO - [2024-11-09T19:54:06.162+0000] {dag.py:3239} INFO - Sync 1 DAGs
[2024-11-09T19:54:06.194+0000] {logging_mixin.py:190} INFO - [2024-11-09T19:54:06.194+0000] {dag.py:4180} INFO - Setting next_dagrun for example_weekday_branch_operator to 2024-11-08 00:00:00+00:00, run_after=2024-11-09 00:00:00+00:00
[2024-11-09T19:54:06.236+0000] {processor.py:208} INFO - Processing /home/chirag/airflow/lib/python3.12/site-packages/airflow/example_dags/example_branch_day_of_week_operator.py took 0.136 seconds
[2024-11-09T19:55:23.445+0000] {processor.py:186} INFO - Started process (PID=7599) to work on /home/chirag/airflow/lib/python3.12/site-packages/airflow/example_dags/example_branch_day_of_week_operator.py
[2024-11-09T19:55:23.448+0000] {processor.py:914} INFO - Processing file /home/chirag/airflow/lib/python3.12/site-packages/airflow/example_dags/example_branch_day_of_week_operator.py for tasks to queue
[2024-11-09T19:55:23.453+0000] {logging_mixin.py:190} INFO - [2024-11-09T19:55:23.452+0000] {dagbag.py:588} INFO - Filling up the DagBag from /home/chirag/airflow/lib/python3.12/site-packages/airflow/example_dags/example_branch_day_of_week_operator.py
[2024-11-09T19:55:23.474+0000] {processor.py:925} INFO - DAG(s) 'example_weekday_branch_operator' retrieved from /home/chirag/airflow/lib/python3.12/site-packages/airflow/example_dags/example_branch_day_of_week_operator.py
[2024-11-09T19:55:23.501+0000] {logging_mixin.py:190} INFO - [2024-11-09T19:55:23.501+0000] {dag.py:3239} INFO - Sync 1 DAGs
[2024-11-09T19:55:23.573+0000] {logging_mixin.py:190} INFO - [2024-11-09T19:55:23.573+0000] {dag.py:4180} INFO - Setting next_dagrun for example_weekday_branch_operator to 2024-11-08 00:00:00+00:00, run_after=2024-11-09 00:00:00+00:00
[2024-11-09T19:55:23.694+0000] {processor.py:208} INFO - Processing /home/chirag/airflow/lib/python3.12/site-packages/airflow/example_dags/example_branch_day_of_week_operator.py took 0.261 seconds
[2024-11-09T19:56:53.327+0000] {processor.py:186} INFO - Started process (PID=8015) to work on /home/chirag/airflow/lib/python3.12/site-packages/airflow/example_dags/example_branch_day_of_week_operator.py
[2024-11-09T19:56:53.336+0000] {processor.py:914} INFO - Processing file /home/chirag/airflow/lib/python3.12/site-packages/airflow/example_dags/example_branch_day_of_week_operator.py for tasks to queue
[2024-11-09T19:56:53.342+0000] {logging_mixin.py:190} INFO - [2024-11-09T19:56:53.341+0000] {dagbag.py:588} INFO - Filling up the DagBag from /home/chirag/airflow/lib/python3.12/site-packages/airflow/example_dags/example_branch_day_of_week_operator.py
[2024-11-09T19:56:53.370+0000] {processor.py:925} INFO - DAG(s) 'example_weekday_branch_operator' retrieved from /home/chirag/airflow/lib/python3.12/site-packages/airflow/example_dags/example_branch_day_of_week_operator.py
[2024-11-09T19:56:53.406+0000] {logging_mixin.py:190} INFO - [2024-11-09T19:56:53.406+0000] {dag.py:3239} INFO - Sync 1 DAGs
[2024-11-09T19:56:53.444+0000] {logging_mixin.py:190} INFO - [2024-11-09T19:56:53.444+0000] {dag.py:4180} INFO - Setting next_dagrun for example_weekday_branch_operator to 2024-11-08 00:00:00+00:00, run_after=2024-11-09 00:00:00+00:00
[2024-11-09T19:56:53.482+0000] {processor.py:208} INFO - Processing /home/chirag/airflow/lib/python3.12/site-packages/airflow/example_dags/example_branch_day_of_week_operator.py took 0.177 seconds
[2024-11-09T19:57:54.992+0000] {processor.py:186} INFO - Started process (PID=8246) to work on /home/chirag/airflow/lib/python3.12/site-packages/airflow/example_dags/example_branch_day_of_week_operator.py
[2024-11-09T19:57:54.995+0000] {processor.py:914} INFO - Processing file /home/chirag/airflow/lib/python3.12/site-packages/airflow/example_dags/example_branch_day_of_week_operator.py for tasks to queue
[2024-11-09T19:57:54.998+0000] {logging_mixin.py:190} INFO - [2024-11-09T19:57:54.998+0000] {dagbag.py:588} INFO - Filling up the DagBag from /home/chirag/airflow/lib/python3.12/site-packages/airflow/example_dags/example_branch_day_of_week_operator.py
[2024-11-09T19:57:55.014+0000] {processor.py:925} INFO - DAG(s) 'example_weekday_branch_operator' retrieved from /home/chirag/airflow/lib/python3.12/site-packages/airflow/example_dags/example_branch_day_of_week_operator.py
[2024-11-09T19:57:55.037+0000] {logging_mixin.py:190} INFO - [2024-11-09T19:57:55.037+0000] {dag.py:3239} INFO - Sync 1 DAGs
[2024-11-09T19:57:55.067+0000] {logging_mixin.py:190} INFO - [2024-11-09T19:57:55.066+0000] {dag.py:4180} INFO - Setting next_dagrun for example_weekday_branch_operator to 2024-11-08 00:00:00+00:00, run_after=2024-11-09 00:00:00+00:00
[2024-11-09T19:57:55.105+0000] {processor.py:208} INFO - Processing /home/chirag/airflow/lib/python3.12/site-packages/airflow/example_dags/example_branch_day_of_week_operator.py took 0.122 seconds
[2024-11-09T19:58:55.700+0000] {processor.py:186} INFO - Started process (PID=8510) to work on /home/chirag/airflow/lib/python3.12/site-packages/airflow/example_dags/example_branch_day_of_week_operator.py
[2024-11-09T19:58:55.705+0000] {processor.py:914} INFO - Processing file /home/chirag/airflow/lib/python3.12/site-packages/airflow/example_dags/example_branch_day_of_week_operator.py for tasks to queue
[2024-11-09T19:58:55.712+0000] {logging_mixin.py:190} INFO - [2024-11-09T19:58:55.711+0000] {dagbag.py:588} INFO - Filling up the DagBag from /home/chirag/airflow/lib/python3.12/site-packages/airflow/example_dags/example_branch_day_of_week_operator.py
[2024-11-09T19:58:55.748+0000] {processor.py:925} INFO - DAG(s) 'example_weekday_branch_operator' retrieved from /home/chirag/airflow/lib/python3.12/site-packages/airflow/example_dags/example_branch_day_of_week_operator.py
[2024-11-09T19:58:55.808+0000] {logging_mixin.py:190} INFO - [2024-11-09T19:58:55.808+0000] {dag.py:3239} INFO - Sync 1 DAGs
[2024-11-09T19:58:55.892+0000] {logging_mixin.py:190} INFO - [2024-11-09T19:58:55.891+0000] {dag.py:4180} INFO - Setting next_dagrun for example_weekday_branch_operator to 2024-11-08 00:00:00+00:00, run_after=2024-11-09 00:00:00+00:00
[2024-11-09T19:58:55.967+0000] {processor.py:208} INFO - Processing /home/chirag/airflow/lib/python3.12/site-packages/airflow/example_dags/example_branch_day_of_week_operator.py took 0.289 seconds
[2024-11-09T20:22:28.659+0000] {processor.py:186} INFO - Started process (PID=12653) to work on /home/chirag/airflow/lib/python3.12/site-packages/airflow/example_dags/example_branch_day_of_week_operator.py
[2024-11-09T20:22:28.662+0000] {processor.py:914} INFO - Processing file /home/chirag/airflow/lib/python3.12/site-packages/airflow/example_dags/example_branch_day_of_week_operator.py for tasks to queue
[2024-11-09T20:22:28.666+0000] {logging_mixin.py:190} INFO - [2024-11-09T20:22:28.665+0000] {dagbag.py:588} INFO - Filling up the DagBag from /home/chirag/airflow/lib/python3.12/site-packages/airflow/example_dags/example_branch_day_of_week_operator.py
[2024-11-09T20:22:28.681+0000] {processor.py:925} INFO - DAG(s) 'example_weekday_branch_operator' retrieved from /home/chirag/airflow/lib/python3.12/site-packages/airflow/example_dags/example_branch_day_of_week_operator.py
[2024-11-09T20:22:28.715+0000] {logging_mixin.py:190} INFO - [2024-11-09T20:22:28.715+0000] {dag.py:3239} INFO - Sync 1 DAGs
[2024-11-09T20:22:28.751+0000] {logging_mixin.py:190} INFO - [2024-11-09T20:22:28.751+0000] {dag.py:4180} INFO - Setting next_dagrun for example_weekday_branch_operator to 2024-11-08 00:00:00+00:00, run_after=2024-11-09 00:00:00+00:00
[2024-11-09T20:22:28.787+0000] {processor.py:208} INFO - Processing /home/chirag/airflow/lib/python3.12/site-packages/airflow/example_dags/example_branch_day_of_week_operator.py took 0.138 seconds
[2024-11-09T20:23:36.196+0000] {processor.py:186} INFO - Started process (PID=12851) to work on /home/chirag/airflow/lib/python3.12/site-packages/airflow/example_dags/example_branch_day_of_week_operator.py
[2024-11-09T20:23:36.200+0000] {processor.py:914} INFO - Processing file /home/chirag/airflow/lib/python3.12/site-packages/airflow/example_dags/example_branch_day_of_week_operator.py for tasks to queue
[2024-11-09T20:23:36.207+0000] {logging_mixin.py:190} INFO - [2024-11-09T20:23:36.206+0000] {dagbag.py:588} INFO - Filling up the DagBag from /home/chirag/airflow/lib/python3.12/site-packages/airflow/example_dags/example_branch_day_of_week_operator.py
[2024-11-09T20:23:36.240+0000] {processor.py:925} INFO - DAG(s) 'example_weekday_branch_operator' retrieved from /home/chirag/airflow/lib/python3.12/site-packages/airflow/example_dags/example_branch_day_of_week_operator.py
[2024-11-09T20:23:36.282+0000] {logging_mixin.py:190} INFO - [2024-11-09T20:23:36.281+0000] {dag.py:3239} INFO - Sync 1 DAGs
[2024-11-09T20:23:36.347+0000] {logging_mixin.py:190} INFO - [2024-11-09T20:23:36.345+0000] {dag.py:4180} INFO - Setting next_dagrun for example_weekday_branch_operator to 2024-11-08 00:00:00+00:00, run_after=2024-11-09 00:00:00+00:00
[2024-11-09T20:23:36.389+0000] {processor.py:208} INFO - Processing /home/chirag/airflow/lib/python3.12/site-packages/airflow/example_dags/example_branch_day_of_week_operator.py took 0.212 seconds
[2024-11-09T20:24:49.887+0000] {processor.py:186} INFO - Started process (PID=13053) to work on /home/chirag/airflow/lib/python3.12/site-packages/airflow/example_dags/example_branch_day_of_week_operator.py
[2024-11-09T20:24:49.890+0000] {processor.py:914} INFO - Processing file /home/chirag/airflow/lib/python3.12/site-packages/airflow/example_dags/example_branch_day_of_week_operator.py for tasks to queue
[2024-11-09T20:24:49.893+0000] {logging_mixin.py:190} INFO - [2024-11-09T20:24:49.893+0000] {dagbag.py:588} INFO - Filling up the DagBag from /home/chirag/airflow/lib/python3.12/site-packages/airflow/example_dags/example_branch_day_of_week_operator.py
[2024-11-09T20:24:49.908+0000] {processor.py:925} INFO - DAG(s) 'example_weekday_branch_operator' retrieved from /home/chirag/airflow/lib/python3.12/site-packages/airflow/example_dags/example_branch_day_of_week_operator.py
[2024-11-09T20:24:49.931+0000] {logging_mixin.py:190} INFO - [2024-11-09T20:24:49.931+0000] {dag.py:3239} INFO - Sync 1 DAGs
[2024-11-09T20:24:49.961+0000] {logging_mixin.py:190} INFO - [2024-11-09T20:24:49.960+0000] {dag.py:4180} INFO - Setting next_dagrun for example_weekday_branch_operator to 2024-11-08 00:00:00+00:00, run_after=2024-11-09 00:00:00+00:00
[2024-11-09T20:24:49.999+0000] {processor.py:208} INFO - Processing /home/chirag/airflow/lib/python3.12/site-packages/airflow/example_dags/example_branch_day_of_week_operator.py took 0.121 seconds
[2024-11-09T20:26:24.745+0000] {processor.py:186} INFO - Started process (PID=13603) to work on /home/chirag/airflow/lib/python3.12/site-packages/airflow/example_dags/example_branch_day_of_week_operator.py
[2024-11-09T20:26:24.752+0000] {processor.py:914} INFO - Processing file /home/chirag/airflow/lib/python3.12/site-packages/airflow/example_dags/example_branch_day_of_week_operator.py for tasks to queue
[2024-11-09T20:26:24.755+0000] {logging_mixin.py:190} INFO - [2024-11-09T20:26:24.754+0000] {dagbag.py:588} INFO - Filling up the DagBag from /home/chirag/airflow/lib/python3.12/site-packages/airflow/example_dags/example_branch_day_of_week_operator.py
[2024-11-09T20:26:24.770+0000] {processor.py:925} INFO - DAG(s) 'example_weekday_branch_operator' retrieved from /home/chirag/airflow/lib/python3.12/site-packages/airflow/example_dags/example_branch_day_of_week_operator.py
[2024-11-09T20:26:24.793+0000] {logging_mixin.py:190} INFO - [2024-11-09T20:26:24.793+0000] {dag.py:3239} INFO - Sync 1 DAGs
[2024-11-09T20:26:24.823+0000] {logging_mixin.py:190} INFO - [2024-11-09T20:26:24.822+0000] {dag.py:4180} INFO - Setting next_dagrun for example_weekday_branch_operator to 2024-11-08 00:00:00+00:00, run_after=2024-11-09 00:00:00+00:00
[2024-11-09T20:26:24.865+0000] {processor.py:208} INFO - Processing /home/chirag/airflow/lib/python3.12/site-packages/airflow/example_dags/example_branch_day_of_week_operator.py took 0.128 seconds
[2024-11-09T20:27:26.012+0000] {processor.py:186} INFO - Started process (PID=13842) to work on /home/chirag/airflow/lib/python3.12/site-packages/airflow/example_dags/example_branch_day_of_week_operator.py
[2024-11-09T20:27:26.016+0000] {processor.py:914} INFO - Processing file /home/chirag/airflow/lib/python3.12/site-packages/airflow/example_dags/example_branch_day_of_week_operator.py for tasks to queue
[2024-11-09T20:27:26.024+0000] {logging_mixin.py:190} INFO - [2024-11-09T20:27:26.023+0000] {dagbag.py:588} INFO - Filling up the DagBag from /home/chirag/airflow/lib/python3.12/site-packages/airflow/example_dags/example_branch_day_of_week_operator.py
[2024-11-09T20:27:26.066+0000] {processor.py:925} INFO - DAG(s) 'example_weekday_branch_operator' retrieved from /home/chirag/airflow/lib/python3.12/site-packages/airflow/example_dags/example_branch_day_of_week_operator.py
[2024-11-09T20:27:26.181+0000] {logging_mixin.py:190} INFO - [2024-11-09T20:27:26.181+0000] {dag.py:3239} INFO - Sync 1 DAGs
[2024-11-09T20:27:26.325+0000] {logging_mixin.py:190} INFO - [2024-11-09T20:27:26.324+0000] {dag.py:4180} INFO - Setting next_dagrun for example_weekday_branch_operator to 2024-11-08 00:00:00+00:00, run_after=2024-11-09 00:00:00+00:00
[2024-11-09T20:27:26.422+0000] {processor.py:208} INFO - Processing /home/chirag/airflow/lib/python3.12/site-packages/airflow/example_dags/example_branch_day_of_week_operator.py took 0.427 seconds
[2024-11-09T20:29:01.998+0000] {processor.py:186} INFO - Started process (PID=14739) to work on /home/chirag/airflow/lib/python3.12/site-packages/airflow/example_dags/example_branch_day_of_week_operator.py
[2024-11-09T20:29:02.001+0000] {processor.py:914} INFO - Processing file /home/chirag/airflow/lib/python3.12/site-packages/airflow/example_dags/example_branch_day_of_week_operator.py for tasks to queue
[2024-11-09T20:29:02.006+0000] {logging_mixin.py:190} INFO - [2024-11-09T20:29:02.005+0000] {dagbag.py:588} INFO - Filling up the DagBag from /home/chirag/airflow/lib/python3.12/site-packages/airflow/example_dags/example_branch_day_of_week_operator.py
[2024-11-09T20:29:02.038+0000] {processor.py:925} INFO - DAG(s) 'example_weekday_branch_operator' retrieved from /home/chirag/airflow/lib/python3.12/site-packages/airflow/example_dags/example_branch_day_of_week_operator.py
[2024-11-09T20:29:02.066+0000] {logging_mixin.py:190} INFO - [2024-11-09T20:29:02.065+0000] {dag.py:3239} INFO - Sync 1 DAGs
[2024-11-09T20:29:02.284+0000] {logging_mixin.py:190} INFO - [2024-11-09T20:29:02.284+0000] {dag.py:4180} INFO - Setting next_dagrun for example_weekday_branch_operator to 2024-11-08 00:00:00+00:00, run_after=2024-11-09 00:00:00+00:00
[2024-11-09T20:29:02.338+0000] {processor.py:208} INFO - Processing /home/chirag/airflow/lib/python3.12/site-packages/airflow/example_dags/example_branch_day_of_week_operator.py took 0.367 seconds
