[2024-11-09T19:16:45.190+0000] {processor.py:186} INFO - Started process (PID=94634) to work on /home/chirag/airflow/lib/python3.12/site-packages/airflow/example_dags/example_bash_operator.py
[2024-11-09T19:16:45.191+0000] {processor.py:914} INFO - Processing file /home/chirag/airflow/lib/python3.12/site-packages/airflow/example_dags/example_bash_operator.py for tasks to queue
[2024-11-09T19:16:45.194+0000] {logging_mixin.py:190} INFO - [2024-11-09T19:16:45.194+0000] {dagbag.py:588} INFO - Filling up the DagBag from /home/chirag/airflow/lib/python3.12/site-packages/airflow/example_dags/example_bash_operator.py
[2024-11-09T19:16:45.216+0000] {processor.py:925} INFO - DAG(s) 'example_bash_operator' retrieved from /home/chirag/airflow/lib/python3.12/site-packages/airflow/example_dags/example_bash_operator.py
[2024-11-09T19:16:45.423+0000] {logging_mixin.py:190} INFO - [2024-11-09T19:16:45.422+0000] {override.py:1911} INFO - Created Permission View: can delete on DAG:example_bash_operator
[2024-11-09T19:16:45.449+0000] {logging_mixin.py:190} INFO - [2024-11-09T19:16:45.449+0000] {override.py:1911} INFO - Created Permission View: can read on DAG:example_bash_operator
[2024-11-09T19:16:45.468+0000] {logging_mixin.py:190} INFO - [2024-11-09T19:16:45.467+0000] {override.py:1911} INFO - Created Permission View: can edit on DAG:example_bash_operator
[2024-11-09T19:16:45.509+0000] {logging_mixin.py:190} INFO - [2024-11-09T19:16:45.509+0000] {override.py:1911} INFO - Created Permission View: menu access on DAG Run:example_bash_operator
[2024-11-09T19:16:45.530+0000] {logging_mixin.py:190} INFO - [2024-11-09T19:16:45.530+0000] {override.py:1911} INFO - Created Permission View: can delete on DAG Run:example_bash_operator
[2024-11-09T19:16:45.549+0000] {logging_mixin.py:190} INFO - [2024-11-09T19:16:45.548+0000] {override.py:1911} INFO - Created Permission View: can read on DAG Run:example_bash_operator
[2024-11-09T19:16:45.566+0000] {logging_mixin.py:190} INFO - [2024-11-09T19:16:45.566+0000] {override.py:1911} INFO - Created Permission View: can create on DAG Run:example_bash_operator
[2024-11-09T19:16:45.567+0000] {logging_mixin.py:190} INFO - [2024-11-09T19:16:45.567+0000] {dag.py:3239} INFO - Sync 1 DAGs
[2024-11-09T19:16:45.583+0000] {logging_mixin.py:190} INFO - [2024-11-09T19:16:45.583+0000] {dag.py:3262} INFO - Creating ORM DAG for example_bash_operator
[2024-11-09T19:16:45.596+0000] {logging_mixin.py:190} INFO - [2024-11-09T19:16:45.596+0000] {dag.py:4180} INFO - Setting next_dagrun for example_bash_operator to 2024-11-08 00:00:00+00:00, run_after=2024-11-09 00:00:00+00:00
[2024-11-09T19:16:45.628+0000] {processor.py:208} INFO - Processing /home/chirag/airflow/lib/python3.12/site-packages/airflow/example_dags/example_bash_operator.py took 0.447 seconds
[2024-11-09T19:18:30.482+0000] {processor.py:186} INFO - Started process (PID=94832) to work on /home/chirag/airflow/lib/python3.12/site-packages/airflow/example_dags/example_bash_operator.py
[2024-11-09T19:18:30.496+0000] {processor.py:914} INFO - Processing file /home/chirag/airflow/lib/python3.12/site-packages/airflow/example_dags/example_bash_operator.py for tasks to queue
[2024-11-09T19:18:30.508+0000] {logging_mixin.py:190} INFO - [2024-11-09T19:18:30.506+0000] {dagbag.py:588} INFO - Filling up the DagBag from /home/chirag/airflow/lib/python3.12/site-packages/airflow/example_dags/example_bash_operator.py
[2024-11-09T19:18:30.583+0000] {processor.py:925} INFO - DAG(s) 'example_bash_operator' retrieved from /home/chirag/airflow/lib/python3.12/site-packages/airflow/example_dags/example_bash_operator.py
[2024-11-09T19:18:30.696+0000] {logging_mixin.py:190} INFO - [2024-11-09T19:18:30.696+0000] {dag.py:3239} INFO - Sync 1 DAGs
[2024-11-09T19:18:30.795+0000] {logging_mixin.py:190} INFO - [2024-11-09T19:18:30.794+0000] {dag.py:4180} INFO - Setting next_dagrun for example_bash_operator to 2024-11-08 00:00:00+00:00, run_after=2024-11-09 00:00:00+00:00
[2024-11-09T19:18:30.972+0000] {processor.py:208} INFO - Processing /home/chirag/airflow/lib/python3.12/site-packages/airflow/example_dags/example_bash_operator.py took 0.534 seconds
[2024-11-09T19:27:52.419+0000] {processor.py:186} INFO - Started process (PID=469) to work on /home/chirag/airflow/lib/python3.12/site-packages/airflow/example_dags/example_bash_operator.py
[2024-11-09T19:27:52.422+0000] {processor.py:914} INFO - Processing file /home/chirag/airflow/lib/python3.12/site-packages/airflow/example_dags/example_bash_operator.py for tasks to queue
[2024-11-09T19:27:52.425+0000] {logging_mixin.py:190} INFO - [2024-11-09T19:27:52.425+0000] {dagbag.py:588} INFO - Filling up the DagBag from /home/chirag/airflow/lib/python3.12/site-packages/airflow/example_dags/example_bash_operator.py
[2024-11-09T19:27:52.445+0000] {processor.py:925} INFO - DAG(s) 'example_bash_operator' retrieved from /home/chirag/airflow/lib/python3.12/site-packages/airflow/example_dags/example_bash_operator.py
[2024-11-09T19:27:52.488+0000] {logging_mixin.py:190} INFO - [2024-11-09T19:27:52.488+0000] {dag.py:3239} INFO - Sync 1 DAGs
[2024-11-09T19:27:52.519+0000] {logging_mixin.py:190} INFO - [2024-11-09T19:27:52.519+0000] {dag.py:4180} INFO - Setting next_dagrun for example_bash_operator to 2024-11-08 00:00:00+00:00, run_after=2024-11-09 00:00:00+00:00
[2024-11-09T19:27:52.559+0000] {processor.py:208} INFO - Processing /home/chirag/airflow/lib/python3.12/site-packages/airflow/example_dags/example_bash_operator.py took 0.147 seconds
[2024-11-09T19:28:59.176+0000] {processor.py:186} INFO - Started process (PID=552) to work on /home/chirag/airflow/lib/python3.12/site-packages/airflow/example_dags/example_bash_operator.py
[2024-11-09T19:28:59.178+0000] {processor.py:914} INFO - Processing file /home/chirag/airflow/lib/python3.12/site-packages/airflow/example_dags/example_bash_operator.py for tasks to queue
[2024-11-09T19:28:59.182+0000] {logging_mixin.py:190} INFO - [2024-11-09T19:28:59.181+0000] {dagbag.py:588} INFO - Filling up the DagBag from /home/chirag/airflow/lib/python3.12/site-packages/airflow/example_dags/example_bash_operator.py
[2024-11-09T19:28:59.201+0000] {processor.py:925} INFO - DAG(s) 'example_bash_operator' retrieved from /home/chirag/airflow/lib/python3.12/site-packages/airflow/example_dags/example_bash_operator.py
[2024-11-09T19:28:59.231+0000] {logging_mixin.py:190} INFO - [2024-11-09T19:28:59.231+0000] {dag.py:3239} INFO - Sync 1 DAGs
[2024-11-09T19:28:59.260+0000] {logging_mixin.py:190} INFO - [2024-11-09T19:28:59.260+0000] {dag.py:4180} INFO - Setting next_dagrun for example_bash_operator to 2024-11-08 00:00:00+00:00, run_after=2024-11-09 00:00:00+00:00
[2024-11-09T19:28:59.293+0000] {processor.py:208} INFO - Processing /home/chirag/airflow/lib/python3.12/site-packages/airflow/example_dags/example_bash_operator.py took 0.125 seconds
[2024-11-09T19:30:14.265+0000] {processor.py:186} INFO - Started process (PID=627) to work on /home/chirag/airflow/lib/python3.12/site-packages/airflow/example_dags/example_bash_operator.py
[2024-11-09T19:30:14.269+0000] {processor.py:914} INFO - Processing file /home/chirag/airflow/lib/python3.12/site-packages/airflow/example_dags/example_bash_operator.py for tasks to queue
[2024-11-09T19:30:14.275+0000] {logging_mixin.py:190} INFO - [2024-11-09T19:30:14.274+0000] {dagbag.py:588} INFO - Filling up the DagBag from /home/chirag/airflow/lib/python3.12/site-packages/airflow/example_dags/example_bash_operator.py
[2024-11-09T19:30:14.312+0000] {processor.py:925} INFO - DAG(s) 'example_bash_operator' retrieved from /home/chirag/airflow/lib/python3.12/site-packages/airflow/example_dags/example_bash_operator.py
[2024-11-09T19:30:14.422+0000] {logging_mixin.py:190} INFO - [2024-11-09T19:30:14.422+0000] {dag.py:3239} INFO - Sync 1 DAGs
[2024-11-09T19:30:14.474+0000] {logging_mixin.py:190} INFO - [2024-11-09T19:30:14.473+0000] {dag.py:4180} INFO - Setting next_dagrun for example_bash_operator to 2024-11-08 00:00:00+00:00, run_after=2024-11-09 00:00:00+00:00
[2024-11-09T19:30:14.533+0000] {processor.py:208} INFO - Processing /home/chirag/airflow/lib/python3.12/site-packages/airflow/example_dags/example_bash_operator.py took 0.283 seconds
[2024-11-09T19:31:30.145+0000] {processor.py:186} INFO - Started process (PID=694) to work on /home/chirag/airflow/lib/python3.12/site-packages/airflow/example_dags/example_bash_operator.py
[2024-11-09T19:31:30.146+0000] {processor.py:914} INFO - Processing file /home/chirag/airflow/lib/python3.12/site-packages/airflow/example_dags/example_bash_operator.py for tasks to queue
[2024-11-09T19:31:30.151+0000] {logging_mixin.py:190} INFO - [2024-11-09T19:31:30.150+0000] {dagbag.py:588} INFO - Filling up the DagBag from /home/chirag/airflow/lib/python3.12/site-packages/airflow/example_dags/example_bash_operator.py
[2024-11-09T19:31:30.180+0000] {processor.py:925} INFO - DAG(s) 'example_bash_operator' retrieved from /home/chirag/airflow/lib/python3.12/site-packages/airflow/example_dags/example_bash_operator.py
[2024-11-09T19:31:30.222+0000] {logging_mixin.py:190} INFO - [2024-11-09T19:31:30.222+0000] {dag.py:3239} INFO - Sync 1 DAGs
[2024-11-09T19:31:30.289+0000] {logging_mixin.py:190} INFO - [2024-11-09T19:31:30.288+0000] {dag.py:4180} INFO - Setting next_dagrun for example_bash_operator to 2024-11-08 00:00:00+00:00, run_after=2024-11-09 00:00:00+00:00
[2024-11-09T19:31:30.358+0000] {processor.py:208} INFO - Processing /home/chirag/airflow/lib/python3.12/site-packages/airflow/example_dags/example_bash_operator.py took 0.222 seconds
[2024-11-09T19:33:11.900+0000] {processor.py:186} INFO - Started process (PID=1774) to work on /home/chirag/airflow/lib/python3.12/site-packages/airflow/example_dags/example_bash_operator.py
[2024-11-09T19:33:11.903+0000] {processor.py:914} INFO - Processing file /home/chirag/airflow/lib/python3.12/site-packages/airflow/example_dags/example_bash_operator.py for tasks to queue
[2024-11-09T19:33:11.906+0000] {logging_mixin.py:190} INFO - [2024-11-09T19:33:11.905+0000] {dagbag.py:588} INFO - Filling up the DagBag from /home/chirag/airflow/lib/python3.12/site-packages/airflow/example_dags/example_bash_operator.py
[2024-11-09T19:33:11.926+0000] {processor.py:925} INFO - DAG(s) 'example_bash_operator' retrieved from /home/chirag/airflow/lib/python3.12/site-packages/airflow/example_dags/example_bash_operator.py
[2024-11-09T19:33:11.961+0000] {logging_mixin.py:190} INFO - [2024-11-09T19:33:11.961+0000] {dag.py:3239} INFO - Sync 1 DAGs
[2024-11-09T19:33:12.004+0000] {logging_mixin.py:190} INFO - [2024-11-09T19:33:12.003+0000] {dag.py:4180} INFO - Setting next_dagrun for example_bash_operator to 2024-11-08 00:00:00+00:00, run_after=2024-11-09 00:00:00+00:00
[2024-11-09T19:33:12.047+0000] {processor.py:208} INFO - Processing /home/chirag/airflow/lib/python3.12/site-packages/airflow/example_dags/example_bash_operator.py took 0.156 seconds
[2024-11-09T19:34:29.937+0000] {processor.py:186} INFO - Started process (PID=2308) to work on /home/chirag/airflow/lib/python3.12/site-packages/airflow/example_dags/example_bash_operator.py
[2024-11-09T19:34:29.939+0000] {processor.py:914} INFO - Processing file /home/chirag/airflow/lib/python3.12/site-packages/airflow/example_dags/example_bash_operator.py for tasks to queue
[2024-11-09T19:34:29.943+0000] {logging_mixin.py:190} INFO - [2024-11-09T19:34:29.942+0000] {dagbag.py:588} INFO - Filling up the DagBag from /home/chirag/airflow/lib/python3.12/site-packages/airflow/example_dags/example_bash_operator.py
[2024-11-09T19:34:29.964+0000] {processor.py:925} INFO - DAG(s) 'example_bash_operator' retrieved from /home/chirag/airflow/lib/python3.12/site-packages/airflow/example_dags/example_bash_operator.py
[2024-11-09T19:34:29.999+0000] {logging_mixin.py:190} INFO - [2024-11-09T19:34:29.999+0000] {dag.py:3239} INFO - Sync 1 DAGs
[2024-11-09T19:34:30.194+0000] {logging_mixin.py:190} INFO - [2024-11-09T19:34:30.193+0000] {dag.py:4180} INFO - Setting next_dagrun for example_bash_operator to 2024-11-08 00:00:00+00:00, run_after=2024-11-09 00:00:00+00:00
[2024-11-09T19:34:30.262+0000] {processor.py:208} INFO - Processing /home/chirag/airflow/lib/python3.12/site-packages/airflow/example_dags/example_bash_operator.py took 0.335 seconds
[2024-11-09T19:35:59.645+0000] {processor.py:186} INFO - Started process (PID=2744) to work on /home/chirag/airflow/lib/python3.12/site-packages/airflow/example_dags/example_bash_operator.py
[2024-11-09T19:35:59.647+0000] {processor.py:914} INFO - Processing file /home/chirag/airflow/lib/python3.12/site-packages/airflow/example_dags/example_bash_operator.py for tasks to queue
[2024-11-09T19:35:59.653+0000] {logging_mixin.py:190} INFO - [2024-11-09T19:35:59.652+0000] {dagbag.py:588} INFO - Filling up the DagBag from /home/chirag/airflow/lib/python3.12/site-packages/airflow/example_dags/example_bash_operator.py
[2024-11-09T19:35:59.720+0000] {processor.py:925} INFO - DAG(s) 'example_bash_operator' retrieved from /home/chirag/airflow/lib/python3.12/site-packages/airflow/example_dags/example_bash_operator.py
[2024-11-09T19:35:59.856+0000] {logging_mixin.py:190} INFO - [2024-11-09T19:35:59.855+0000] {dag.py:3239} INFO - Sync 1 DAGs
[2024-11-09T19:35:59.968+0000] {logging_mixin.py:190} INFO - [2024-11-09T19:35:59.967+0000] {dag.py:4180} INFO - Setting next_dagrun for example_bash_operator to 2024-11-08 00:00:00+00:00, run_after=2024-11-09 00:00:00+00:00
[2024-11-09T19:36:00.067+0000] {processor.py:208} INFO - Processing /home/chirag/airflow/lib/python3.12/site-packages/airflow/example_dags/example_bash_operator.py took 0.433 seconds
[2024-11-09T19:37:15.076+0000] {processor.py:186} INFO - Started process (PID=2946) to work on /home/chirag/airflow/lib/python3.12/site-packages/airflow/example_dags/example_bash_operator.py
[2024-11-09T19:37:15.081+0000] {processor.py:914} INFO - Processing file /home/chirag/airflow/lib/python3.12/site-packages/airflow/example_dags/example_bash_operator.py for tasks to queue
[2024-11-09T19:37:15.085+0000] {logging_mixin.py:190} INFO - [2024-11-09T19:37:15.084+0000] {dagbag.py:588} INFO - Filling up the DagBag from /home/chirag/airflow/lib/python3.12/site-packages/airflow/example_dags/example_bash_operator.py
[2024-11-09T19:37:15.107+0000] {processor.py:925} INFO - DAG(s) 'example_bash_operator' retrieved from /home/chirag/airflow/lib/python3.12/site-packages/airflow/example_dags/example_bash_operator.py
[2024-11-09T19:37:15.143+0000] {logging_mixin.py:190} INFO - [2024-11-09T19:37:15.142+0000] {dag.py:3239} INFO - Sync 1 DAGs
[2024-11-09T19:37:15.183+0000] {logging_mixin.py:190} INFO - [2024-11-09T19:37:15.182+0000] {dag.py:4180} INFO - Setting next_dagrun for example_bash_operator to 2024-11-08 00:00:00+00:00, run_after=2024-11-09 00:00:00+00:00
[2024-11-09T19:37:15.217+0000] {processor.py:208} INFO - Processing /home/chirag/airflow/lib/python3.12/site-packages/airflow/example_dags/example_bash_operator.py took 0.150 seconds
[2024-11-09T19:38:25.437+0000] {processor.py:186} INFO - Started process (PID=3269) to work on /home/chirag/airflow/lib/python3.12/site-packages/airflow/example_dags/example_bash_operator.py
[2024-11-09T19:38:25.443+0000] {processor.py:914} INFO - Processing file /home/chirag/airflow/lib/python3.12/site-packages/airflow/example_dags/example_bash_operator.py for tasks to queue
[2024-11-09T19:38:25.446+0000] {logging_mixin.py:190} INFO - [2024-11-09T19:38:25.446+0000] {dagbag.py:588} INFO - Filling up the DagBag from /home/chirag/airflow/lib/python3.12/site-packages/airflow/example_dags/example_bash_operator.py
[2024-11-09T19:38:25.472+0000] {processor.py:925} INFO - DAG(s) 'example_bash_operator' retrieved from /home/chirag/airflow/lib/python3.12/site-packages/airflow/example_dags/example_bash_operator.py
[2024-11-09T19:38:25.507+0000] {logging_mixin.py:190} INFO - [2024-11-09T19:38:25.507+0000] {dag.py:3239} INFO - Sync 1 DAGs
[2024-11-09T19:38:25.542+0000] {logging_mixin.py:190} INFO - [2024-11-09T19:38:25.542+0000] {dag.py:4180} INFO - Setting next_dagrun for example_bash_operator to 2024-11-08 00:00:00+00:00, run_after=2024-11-09 00:00:00+00:00
[2024-11-09T19:38:25.581+0000] {processor.py:208} INFO - Processing /home/chirag/airflow/lib/python3.12/site-packages/airflow/example_dags/example_bash_operator.py took 0.154 seconds
[2024-11-09T19:39:50.262+0000] {processor.py:186} INFO - Started process (PID=3561) to work on /home/chirag/airflow/lib/python3.12/site-packages/airflow/example_dags/example_bash_operator.py
[2024-11-09T19:39:50.265+0000] {processor.py:914} INFO - Processing file /home/chirag/airflow/lib/python3.12/site-packages/airflow/example_dags/example_bash_operator.py for tasks to queue
[2024-11-09T19:39:50.269+0000] {logging_mixin.py:190} INFO - [2024-11-09T19:39:50.269+0000] {dagbag.py:588} INFO - Filling up the DagBag from /home/chirag/airflow/lib/python3.12/site-packages/airflow/example_dags/example_bash_operator.py
[2024-11-09T19:39:50.302+0000] {processor.py:925} INFO - DAG(s) 'example_bash_operator' retrieved from /home/chirag/airflow/lib/python3.12/site-packages/airflow/example_dags/example_bash_operator.py
[2024-11-09T19:39:50.348+0000] {logging_mixin.py:190} INFO - [2024-11-09T19:39:50.347+0000] {dag.py:3239} INFO - Sync 1 DAGs
[2024-11-09T19:39:50.388+0000] {logging_mixin.py:190} INFO - [2024-11-09T19:39:50.388+0000] {dag.py:4180} INFO - Setting next_dagrun for example_bash_operator to 2024-11-08 00:00:00+00:00, run_after=2024-11-09 00:00:00+00:00
[2024-11-09T19:39:50.495+0000] {processor.py:208} INFO - Processing /home/chirag/airflow/lib/python3.12/site-packages/airflow/example_dags/example_bash_operator.py took 0.242 seconds
[2024-11-09T19:41:06.505+0000] {processor.py:186} INFO - Started process (PID=3770) to work on /home/chirag/airflow/lib/python3.12/site-packages/airflow/example_dags/example_bash_operator.py
[2024-11-09T19:41:06.508+0000] {processor.py:914} INFO - Processing file /home/chirag/airflow/lib/python3.12/site-packages/airflow/example_dags/example_bash_operator.py for tasks to queue
[2024-11-09T19:41:06.511+0000] {logging_mixin.py:190} INFO - [2024-11-09T19:41:06.510+0000] {dagbag.py:588} INFO - Filling up the DagBag from /home/chirag/airflow/lib/python3.12/site-packages/airflow/example_dags/example_bash_operator.py
[2024-11-09T19:41:06.531+0000] {processor.py:925} INFO - DAG(s) 'example_bash_operator' retrieved from /home/chirag/airflow/lib/python3.12/site-packages/airflow/example_dags/example_bash_operator.py
[2024-11-09T19:41:06.563+0000] {logging_mixin.py:190} INFO - [2024-11-09T19:41:06.562+0000] {dag.py:3239} INFO - Sync 1 DAGs
[2024-11-09T19:41:06.597+0000] {logging_mixin.py:190} INFO - [2024-11-09T19:41:06.597+0000] {dag.py:4180} INFO - Setting next_dagrun for example_bash_operator to 2024-11-08 00:00:00+00:00, run_after=2024-11-09 00:00:00+00:00
[2024-11-09T19:41:06.633+0000] {processor.py:208} INFO - Processing /home/chirag/airflow/lib/python3.12/site-packages/airflow/example_dags/example_bash_operator.py took 0.138 seconds
[2024-11-09T19:42:21.048+0000] {processor.py:186} INFO - Started process (PID=3979) to work on /home/chirag/airflow/lib/python3.12/site-packages/airflow/example_dags/example_bash_operator.py
[2024-11-09T19:42:21.051+0000] {processor.py:914} INFO - Processing file /home/chirag/airflow/lib/python3.12/site-packages/airflow/example_dags/example_bash_operator.py for tasks to queue
[2024-11-09T19:42:21.054+0000] {logging_mixin.py:190} INFO - [2024-11-09T19:42:21.053+0000] {dagbag.py:588} INFO - Filling up the DagBag from /home/chirag/airflow/lib/python3.12/site-packages/airflow/example_dags/example_bash_operator.py
[2024-11-09T19:42:21.079+0000] {processor.py:925} INFO - DAG(s) 'example_bash_operator' retrieved from /home/chirag/airflow/lib/python3.12/site-packages/airflow/example_dags/example_bash_operator.py
[2024-11-09T19:42:21.113+0000] {logging_mixin.py:190} INFO - [2024-11-09T19:42:21.113+0000] {dag.py:3239} INFO - Sync 1 DAGs
[2024-11-09T19:42:21.157+0000] {logging_mixin.py:190} INFO - [2024-11-09T19:42:21.156+0000] {dag.py:4180} INFO - Setting next_dagrun for example_bash_operator to 2024-11-08 00:00:00+00:00, run_after=2024-11-09 00:00:00+00:00
[2024-11-09T19:42:21.215+0000] {processor.py:208} INFO - Processing /home/chirag/airflow/lib/python3.12/site-packages/airflow/example_dags/example_bash_operator.py took 0.175 seconds
[2024-11-09T19:43:42.264+0000] {processor.py:186} INFO - Started process (PID=4218) to work on /home/chirag/airflow/lib/python3.12/site-packages/airflow/example_dags/example_bash_operator.py
[2024-11-09T19:43:42.270+0000] {processor.py:914} INFO - Processing file /home/chirag/airflow/lib/python3.12/site-packages/airflow/example_dags/example_bash_operator.py for tasks to queue
[2024-11-09T19:43:42.274+0000] {logging_mixin.py:190} INFO - [2024-11-09T19:43:42.273+0000] {dagbag.py:588} INFO - Filling up the DagBag from /home/chirag/airflow/lib/python3.12/site-packages/airflow/example_dags/example_bash_operator.py
[2024-11-09T19:43:42.295+0000] {processor.py:925} INFO - DAG(s) 'example_bash_operator' retrieved from /home/chirag/airflow/lib/python3.12/site-packages/airflow/example_dags/example_bash_operator.py
[2024-11-09T19:43:42.327+0000] {logging_mixin.py:190} INFO - [2024-11-09T19:43:42.326+0000] {dag.py:3239} INFO - Sync 1 DAGs
[2024-11-09T19:43:42.356+0000] {logging_mixin.py:190} INFO - [2024-11-09T19:43:42.356+0000] {dag.py:4180} INFO - Setting next_dagrun for example_bash_operator to 2024-11-08 00:00:00+00:00, run_after=2024-11-09 00:00:00+00:00
[2024-11-09T19:43:42.392+0000] {processor.py:208} INFO - Processing /home/chirag/airflow/lib/python3.12/site-packages/airflow/example_dags/example_bash_operator.py took 0.137 seconds
[2024-11-09T19:44:51.378+0000] {processor.py:186} INFO - Started process (PID=4414) to work on /home/chirag/airflow/lib/python3.12/site-packages/airflow/example_dags/example_bash_operator.py
[2024-11-09T19:44:51.381+0000] {processor.py:914} INFO - Processing file /home/chirag/airflow/lib/python3.12/site-packages/airflow/example_dags/example_bash_operator.py for tasks to queue
[2024-11-09T19:44:51.384+0000] {logging_mixin.py:190} INFO - [2024-11-09T19:44:51.384+0000] {dagbag.py:588} INFO - Filling up the DagBag from /home/chirag/airflow/lib/python3.12/site-packages/airflow/example_dags/example_bash_operator.py
[2024-11-09T19:44:51.404+0000] {processor.py:925} INFO - DAG(s) 'example_bash_operator' retrieved from /home/chirag/airflow/lib/python3.12/site-packages/airflow/example_dags/example_bash_operator.py
[2024-11-09T19:44:51.436+0000] {logging_mixin.py:190} INFO - [2024-11-09T19:44:51.435+0000] {dag.py:3239} INFO - Sync 1 DAGs
[2024-11-09T19:44:51.466+0000] {logging_mixin.py:190} INFO - [2024-11-09T19:44:51.466+0000] {dag.py:4180} INFO - Setting next_dagrun for example_bash_operator to 2024-11-08 00:00:00+00:00, run_after=2024-11-09 00:00:00+00:00
[2024-11-09T19:44:51.500+0000] {processor.py:208} INFO - Processing /home/chirag/airflow/lib/python3.12/site-packages/airflow/example_dags/example_bash_operator.py took 0.131 seconds
[2024-11-09T19:46:38.550+0000] {processor.py:186} INFO - Started process (PID=4724) to work on /home/chirag/airflow/lib/python3.12/site-packages/airflow/example_dags/example_bash_operator.py
[2024-11-09T19:46:38.555+0000] {processor.py:914} INFO - Processing file /home/chirag/airflow/lib/python3.12/site-packages/airflow/example_dags/example_bash_operator.py for tasks to queue
[2024-11-09T19:46:38.558+0000] {logging_mixin.py:190} INFO - [2024-11-09T19:46:38.558+0000] {dagbag.py:588} INFO - Filling up the DagBag from /home/chirag/airflow/lib/python3.12/site-packages/airflow/example_dags/example_bash_operator.py
[2024-11-09T19:46:38.579+0000] {processor.py:925} INFO - DAG(s) 'example_bash_operator' retrieved from /home/chirag/airflow/lib/python3.12/site-packages/airflow/example_dags/example_bash_operator.py
[2024-11-09T19:46:38.613+0000] {logging_mixin.py:190} INFO - [2024-11-09T19:46:38.612+0000] {dag.py:3239} INFO - Sync 1 DAGs
[2024-11-09T19:46:38.645+0000] {logging_mixin.py:190} INFO - [2024-11-09T19:46:38.645+0000] {dag.py:4180} INFO - Setting next_dagrun for example_bash_operator to 2024-11-08 00:00:00+00:00, run_after=2024-11-09 00:00:00+00:00
[2024-11-09T19:46:38.680+0000] {processor.py:208} INFO - Processing /home/chirag/airflow/lib/python3.12/site-packages/airflow/example_dags/example_bash_operator.py took 0.139 seconds
[2024-11-09T19:47:53.787+0000] {processor.py:186} INFO - Started process (PID=4974) to work on /home/chirag/airflow/lib/python3.12/site-packages/airflow/example_dags/example_bash_operator.py
[2024-11-09T19:47:53.790+0000] {processor.py:914} INFO - Processing file /home/chirag/airflow/lib/python3.12/site-packages/airflow/example_dags/example_bash_operator.py for tasks to queue
[2024-11-09T19:47:53.793+0000] {logging_mixin.py:190} INFO - [2024-11-09T19:47:53.793+0000] {dagbag.py:588} INFO - Filling up the DagBag from /home/chirag/airflow/lib/python3.12/site-packages/airflow/example_dags/example_bash_operator.py
[2024-11-09T19:47:53.814+0000] {processor.py:925} INFO - DAG(s) 'example_bash_operator' retrieved from /home/chirag/airflow/lib/python3.12/site-packages/airflow/example_dags/example_bash_operator.py
[2024-11-09T19:47:53.846+0000] {logging_mixin.py:190} INFO - [2024-11-09T19:47:53.845+0000] {dag.py:3239} INFO - Sync 1 DAGs
[2024-11-09T19:47:53.885+0000] {logging_mixin.py:190} INFO - [2024-11-09T19:47:53.884+0000] {dag.py:4180} INFO - Setting next_dagrun for example_bash_operator to 2024-11-08 00:00:00+00:00, run_after=2024-11-09 00:00:00+00:00
[2024-11-09T19:47:53.922+0000] {processor.py:208} INFO - Processing /home/chirag/airflow/lib/python3.12/site-packages/airflow/example_dags/example_bash_operator.py took 0.144 seconds
[2024-11-09T19:49:07.461+0000] {processor.py:186} INFO - Started process (PID=5193) to work on /home/chirag/airflow/lib/python3.12/site-packages/airflow/example_dags/example_bash_operator.py
[2024-11-09T19:49:07.464+0000] {processor.py:914} INFO - Processing file /home/chirag/airflow/lib/python3.12/site-packages/airflow/example_dags/example_bash_operator.py for tasks to queue
[2024-11-09T19:49:07.468+0000] {logging_mixin.py:190} INFO - [2024-11-09T19:49:07.467+0000] {dagbag.py:588} INFO - Filling up the DagBag from /home/chirag/airflow/lib/python3.12/site-packages/airflow/example_dags/example_bash_operator.py
[2024-11-09T19:49:07.487+0000] {processor.py:925} INFO - DAG(s) 'example_bash_operator' retrieved from /home/chirag/airflow/lib/python3.12/site-packages/airflow/example_dags/example_bash_operator.py
[2024-11-09T19:49:07.518+0000] {logging_mixin.py:190} INFO - [2024-11-09T19:49:07.518+0000] {dag.py:3239} INFO - Sync 1 DAGs
[2024-11-09T19:49:07.550+0000] {logging_mixin.py:190} INFO - [2024-11-09T19:49:07.550+0000] {dag.py:4180} INFO - Setting next_dagrun for example_bash_operator to 2024-11-08 00:00:00+00:00, run_after=2024-11-09 00:00:00+00:00
[2024-11-09T19:49:07.590+0000] {processor.py:208} INFO - Processing /home/chirag/airflow/lib/python3.12/site-packages/airflow/example_dags/example_bash_operator.py took 0.137 seconds
[2024-11-09T19:50:17.223+0000] {processor.py:186} INFO - Started process (PID=5547) to work on /home/chirag/airflow/lib/python3.12/site-packages/airflow/example_dags/example_bash_operator.py
[2024-11-09T19:50:17.225+0000] {processor.py:914} INFO - Processing file /home/chirag/airflow/lib/python3.12/site-packages/airflow/example_dags/example_bash_operator.py for tasks to queue
[2024-11-09T19:50:17.228+0000] {logging_mixin.py:190} INFO - [2024-11-09T19:50:17.228+0000] {dagbag.py:588} INFO - Filling up the DagBag from /home/chirag/airflow/lib/python3.12/site-packages/airflow/example_dags/example_bash_operator.py
[2024-11-09T19:50:17.250+0000] {processor.py:925} INFO - DAG(s) 'example_bash_operator' retrieved from /home/chirag/airflow/lib/python3.12/site-packages/airflow/example_dags/example_bash_operator.py
[2024-11-09T19:50:17.289+0000] {logging_mixin.py:190} INFO - [2024-11-09T19:50:17.288+0000] {dag.py:3239} INFO - Sync 1 DAGs
[2024-11-09T19:50:17.324+0000] {logging_mixin.py:190} INFO - [2024-11-09T19:50:17.323+0000] {dag.py:4180} INFO - Setting next_dagrun for example_bash_operator to 2024-11-08 00:00:00+00:00, run_after=2024-11-09 00:00:00+00:00
[2024-11-09T19:50:17.360+0000] {processor.py:208} INFO - Processing /home/chirag/airflow/lib/python3.12/site-packages/airflow/example_dags/example_bash_operator.py took 0.145 seconds
[2024-11-09T19:51:31.213+0000] {processor.py:186} INFO - Started process (PID=6186) to work on /home/chirag/airflow/lib/python3.12/site-packages/airflow/example_dags/example_bash_operator.py
[2024-11-09T19:51:31.216+0000] {processor.py:914} INFO - Processing file /home/chirag/airflow/lib/python3.12/site-packages/airflow/example_dags/example_bash_operator.py for tasks to queue
[2024-11-09T19:51:31.221+0000] {logging_mixin.py:190} INFO - [2024-11-09T19:51:31.220+0000] {dagbag.py:588} INFO - Filling up the DagBag from /home/chirag/airflow/lib/python3.12/site-packages/airflow/example_dags/example_bash_operator.py
[2024-11-09T19:51:31.246+0000] {processor.py:925} INFO - DAG(s) 'example_bash_operator' retrieved from /home/chirag/airflow/lib/python3.12/site-packages/airflow/example_dags/example_bash_operator.py
[2024-11-09T19:51:31.286+0000] {logging_mixin.py:190} INFO - [2024-11-09T19:51:31.286+0000] {dag.py:3239} INFO - Sync 1 DAGs
[2024-11-09T19:51:31.320+0000] {logging_mixin.py:190} INFO - [2024-11-09T19:51:31.320+0000] {dag.py:4180} INFO - Setting next_dagrun for example_bash_operator to 2024-11-08 00:00:00+00:00, run_after=2024-11-09 00:00:00+00:00
[2024-11-09T19:51:31.356+0000] {processor.py:208} INFO - Processing /home/chirag/airflow/lib/python3.12/site-packages/airflow/example_dags/example_bash_operator.py took 0.153 seconds
[2024-11-09T19:53:18.775+0000] {processor.py:186} INFO - Started process (PID=6689) to work on /home/chirag/airflow/lib/python3.12/site-packages/airflow/example_dags/example_bash_operator.py
[2024-11-09T19:53:18.791+0000] {processor.py:914} INFO - Processing file /home/chirag/airflow/lib/python3.12/site-packages/airflow/example_dags/example_bash_operator.py for tasks to queue
[2024-11-09T19:53:18.798+0000] {logging_mixin.py:190} INFO - [2024-11-09T19:53:18.796+0000] {dagbag.py:588} INFO - Filling up the DagBag from /home/chirag/airflow/lib/python3.12/site-packages/airflow/example_dags/example_bash_operator.py
[2024-11-09T19:53:18.846+0000] {processor.py:925} INFO - DAG(s) 'example_bash_operator' retrieved from /home/chirag/airflow/lib/python3.12/site-packages/airflow/example_dags/example_bash_operator.py
[2024-11-09T19:53:18.916+0000] {logging_mixin.py:190} INFO - [2024-11-09T19:53:18.915+0000] {dag.py:3239} INFO - Sync 1 DAGs
[2024-11-09T19:53:19.004+0000] {logging_mixin.py:190} INFO - [2024-11-09T19:53:19.004+0000] {dag.py:4180} INFO - Setting next_dagrun for example_bash_operator to 2024-11-08 00:00:00+00:00, run_after=2024-11-09 00:00:00+00:00
[2024-11-09T19:53:19.075+0000] {processor.py:208} INFO - Processing /home/chirag/airflow/lib/python3.12/site-packages/airflow/example_dags/example_bash_operator.py took 0.325 seconds
[2024-11-09T19:54:34.545+0000] {processor.py:186} INFO - Started process (PID=7243) to work on /home/chirag/airflow/lib/python3.12/site-packages/airflow/example_dags/example_bash_operator.py
[2024-11-09T19:54:34.549+0000] {processor.py:914} INFO - Processing file /home/chirag/airflow/lib/python3.12/site-packages/airflow/example_dags/example_bash_operator.py for tasks to queue
[2024-11-09T19:54:34.552+0000] {logging_mixin.py:190} INFO - [2024-11-09T19:54:34.552+0000] {dagbag.py:588} INFO - Filling up the DagBag from /home/chirag/airflow/lib/python3.12/site-packages/airflow/example_dags/example_bash_operator.py
[2024-11-09T19:54:34.574+0000] {processor.py:925} INFO - DAG(s) 'example_bash_operator' retrieved from /home/chirag/airflow/lib/python3.12/site-packages/airflow/example_dags/example_bash_operator.py
[2024-11-09T19:54:34.608+0000] {logging_mixin.py:190} INFO - [2024-11-09T19:54:34.607+0000] {dag.py:3239} INFO - Sync 1 DAGs
[2024-11-09T19:54:34.639+0000] {logging_mixin.py:190} INFO - [2024-11-09T19:54:34.638+0000] {dag.py:4180} INFO - Setting next_dagrun for example_bash_operator to 2024-11-08 00:00:00+00:00, run_after=2024-11-09 00:00:00+00:00
[2024-11-09T19:54:34.674+0000] {processor.py:208} INFO - Processing /home/chirag/airflow/lib/python3.12/site-packages/airflow/example_dags/example_bash_operator.py took 0.137 seconds
[2024-11-09T19:55:55.910+0000] {processor.py:186} INFO - Started process (PID=7837) to work on /home/chirag/airflow/lib/python3.12/site-packages/airflow/example_dags/example_bash_operator.py
[2024-11-09T19:55:55.913+0000] {processor.py:914} INFO - Processing file /home/chirag/airflow/lib/python3.12/site-packages/airflow/example_dags/example_bash_operator.py for tasks to queue
[2024-11-09T19:55:55.917+0000] {logging_mixin.py:190} INFO - [2024-11-09T19:55:55.916+0000] {dagbag.py:588} INFO - Filling up the DagBag from /home/chirag/airflow/lib/python3.12/site-packages/airflow/example_dags/example_bash_operator.py
[2024-11-09T19:55:55.937+0000] {processor.py:925} INFO - DAG(s) 'example_bash_operator' retrieved from /home/chirag/airflow/lib/python3.12/site-packages/airflow/example_dags/example_bash_operator.py
[2024-11-09T19:55:55.971+0000] {logging_mixin.py:190} INFO - [2024-11-09T19:55:55.971+0000] {dag.py:3239} INFO - Sync 1 DAGs
[2024-11-09T19:55:56.010+0000] {logging_mixin.py:190} INFO - [2024-11-09T19:55:56.010+0000] {dag.py:4180} INFO - Setting next_dagrun for example_bash_operator to 2024-11-08 00:00:00+00:00, run_after=2024-11-09 00:00:00+00:00
[2024-11-09T19:55:56.082+0000] {processor.py:208} INFO - Processing /home/chirag/airflow/lib/python3.12/site-packages/airflow/example_dags/example_bash_operator.py took 0.181 seconds
[2024-11-09T19:56:57.995+0000] {processor.py:186} INFO - Started process (PID=8031) to work on /home/chirag/airflow/lib/python3.12/site-packages/airflow/example_dags/example_bash_operator.py
[2024-11-09T19:56:58.001+0000] {processor.py:914} INFO - Processing file /home/chirag/airflow/lib/python3.12/site-packages/airflow/example_dags/example_bash_operator.py for tasks to queue
[2024-11-09T19:56:58.006+0000] {logging_mixin.py:190} INFO - [2024-11-09T19:56:58.005+0000] {dagbag.py:588} INFO - Filling up the DagBag from /home/chirag/airflow/lib/python3.12/site-packages/airflow/example_dags/example_bash_operator.py
[2024-11-09T19:56:58.076+0000] {processor.py:925} INFO - DAG(s) 'example_bash_operator' retrieved from /home/chirag/airflow/lib/python3.12/site-packages/airflow/example_dags/example_bash_operator.py
[2024-11-09T19:56:58.128+0000] {logging_mixin.py:190} INFO - [2024-11-09T19:56:58.128+0000] {dag.py:3239} INFO - Sync 1 DAGs
[2024-11-09T19:56:58.184+0000] {logging_mixin.py:190} INFO - [2024-11-09T19:56:58.184+0000] {dag.py:4180} INFO - Setting next_dagrun for example_bash_operator to 2024-11-08 00:00:00+00:00, run_after=2024-11-09 00:00:00+00:00
[2024-11-09T19:56:58.227+0000] {processor.py:208} INFO - Processing /home/chirag/airflow/lib/python3.12/site-packages/airflow/example_dags/example_bash_operator.py took 0.244 seconds
[2024-11-09T19:57:58.978+0000] {processor.py:186} INFO - Started process (PID=8280) to work on /home/chirag/airflow/lib/python3.12/site-packages/airflow/example_dags/example_bash_operator.py
[2024-11-09T19:57:58.981+0000] {processor.py:914} INFO - Processing file /home/chirag/airflow/lib/python3.12/site-packages/airflow/example_dags/example_bash_operator.py for tasks to queue
[2024-11-09T19:57:58.986+0000] {logging_mixin.py:190} INFO - [2024-11-09T19:57:58.985+0000] {dagbag.py:588} INFO - Filling up the DagBag from /home/chirag/airflow/lib/python3.12/site-packages/airflow/example_dags/example_bash_operator.py
[2024-11-09T19:57:59.016+0000] {processor.py:925} INFO - DAG(s) 'example_bash_operator' retrieved from /home/chirag/airflow/lib/python3.12/site-packages/airflow/example_dags/example_bash_operator.py
[2024-11-09T19:57:59.054+0000] {logging_mixin.py:190} INFO - [2024-11-09T19:57:59.053+0000] {dag.py:3239} INFO - Sync 1 DAGs
[2024-11-09T19:57:59.096+0000] {logging_mixin.py:190} INFO - [2024-11-09T19:57:59.096+0000] {dag.py:4180} INFO - Setting next_dagrun for example_bash_operator to 2024-11-08 00:00:00+00:00, run_after=2024-11-09 00:00:00+00:00
[2024-11-09T19:57:59.133+0000] {processor.py:208} INFO - Processing /home/chirag/airflow/lib/python3.12/site-packages/airflow/example_dags/example_bash_operator.py took 0.166 seconds
[2024-11-09T19:59:03.138+0000] {processor.py:186} INFO - Started process (PID=8533) to work on /home/chirag/airflow/lib/python3.12/site-packages/airflow/example_dags/example_bash_operator.py
[2024-11-09T19:59:03.142+0000] {processor.py:914} INFO - Processing file /home/chirag/airflow/lib/python3.12/site-packages/airflow/example_dags/example_bash_operator.py for tasks to queue
[2024-11-09T19:59:03.145+0000] {logging_mixin.py:190} INFO - [2024-11-09T19:59:03.145+0000] {dagbag.py:588} INFO - Filling up the DagBag from /home/chirag/airflow/lib/python3.12/site-packages/airflow/example_dags/example_bash_operator.py
[2024-11-09T19:59:03.168+0000] {processor.py:925} INFO - DAG(s) 'example_bash_operator' retrieved from /home/chirag/airflow/lib/python3.12/site-packages/airflow/example_dags/example_bash_operator.py
[2024-11-09T19:59:03.203+0000] {logging_mixin.py:190} INFO - [2024-11-09T19:59:03.203+0000] {dag.py:3239} INFO - Sync 1 DAGs
[2024-11-09T19:59:03.237+0000] {logging_mixin.py:190} INFO - [2024-11-09T19:59:03.237+0000] {dag.py:4180} INFO - Setting next_dagrun for example_bash_operator to 2024-11-08 00:00:00+00:00, run_after=2024-11-09 00:00:00+00:00
[2024-11-09T19:59:03.270+0000] {processor.py:208} INFO - Processing /home/chirag/airflow/lib/python3.12/site-packages/airflow/example_dags/example_bash_operator.py took 0.146 seconds
[2024-11-09T20:22:32.388+0000] {processor.py:186} INFO - Started process (PID=12663) to work on /home/chirag/airflow/lib/python3.12/site-packages/airflow/example_dags/example_bash_operator.py
[2024-11-09T20:22:32.392+0000] {processor.py:914} INFO - Processing file /home/chirag/airflow/lib/python3.12/site-packages/airflow/example_dags/example_bash_operator.py for tasks to queue
[2024-11-09T20:22:32.395+0000] {logging_mixin.py:190} INFO - [2024-11-09T20:22:32.394+0000] {dagbag.py:588} INFO - Filling up the DagBag from /home/chirag/airflow/lib/python3.12/site-packages/airflow/example_dags/example_bash_operator.py
[2024-11-09T20:22:32.442+0000] {processor.py:925} INFO - DAG(s) 'example_bash_operator' retrieved from /home/chirag/airflow/lib/python3.12/site-packages/airflow/example_dags/example_bash_operator.py
[2024-11-09T20:22:32.539+0000] {logging_mixin.py:190} INFO - [2024-11-09T20:22:32.538+0000] {dag.py:3239} INFO - Sync 1 DAGs
[2024-11-09T20:22:32.598+0000] {logging_mixin.py:190} INFO - [2024-11-09T20:22:32.598+0000] {dag.py:4180} INFO - Setting next_dagrun for example_bash_operator to 2024-11-08 00:00:00+00:00, run_after=2024-11-09 00:00:00+00:00
[2024-11-09T20:22:32.644+0000] {processor.py:208} INFO - Processing /home/chirag/airflow/lib/python3.12/site-packages/airflow/example_dags/example_bash_operator.py took 0.267 seconds
[2024-11-09T20:23:42.378+0000] {processor.py:186} INFO - Started process (PID=12861) to work on /home/chirag/airflow/lib/python3.12/site-packages/airflow/example_dags/example_bash_operator.py
[2024-11-09T20:23:42.382+0000] {processor.py:914} INFO - Processing file /home/chirag/airflow/lib/python3.12/site-packages/airflow/example_dags/example_bash_operator.py for tasks to queue
[2024-11-09T20:23:42.389+0000] {logging_mixin.py:190} INFO - [2024-11-09T20:23:42.388+0000] {dagbag.py:588} INFO - Filling up the DagBag from /home/chirag/airflow/lib/python3.12/site-packages/airflow/example_dags/example_bash_operator.py
[2024-11-09T20:23:42.417+0000] {processor.py:925} INFO - DAG(s) 'example_bash_operator' retrieved from /home/chirag/airflow/lib/python3.12/site-packages/airflow/example_dags/example_bash_operator.py
[2024-11-09T20:23:42.486+0000] {logging_mixin.py:190} INFO - [2024-11-09T20:23:42.485+0000] {dag.py:3239} INFO - Sync 1 DAGs
[2024-11-09T20:23:42.566+0000] {logging_mixin.py:190} INFO - [2024-11-09T20:23:42.565+0000] {dag.py:4180} INFO - Setting next_dagrun for example_bash_operator to 2024-11-08 00:00:00+00:00, run_after=2024-11-09 00:00:00+00:00
[2024-11-09T20:23:42.611+0000] {processor.py:208} INFO - Processing /home/chirag/airflow/lib/python3.12/site-packages/airflow/example_dags/example_bash_operator.py took 0.252 seconds
[2024-11-09T20:24:53.995+0000] {processor.py:186} INFO - Started process (PID=13069) to work on /home/chirag/airflow/lib/python3.12/site-packages/airflow/example_dags/example_bash_operator.py
[2024-11-09T20:24:53.998+0000] {processor.py:914} INFO - Processing file /home/chirag/airflow/lib/python3.12/site-packages/airflow/example_dags/example_bash_operator.py for tasks to queue
[2024-11-09T20:24:54.002+0000] {logging_mixin.py:190} INFO - [2024-11-09T20:24:54.001+0000] {dagbag.py:588} INFO - Filling up the DagBag from /home/chirag/airflow/lib/python3.12/site-packages/airflow/example_dags/example_bash_operator.py
[2024-11-09T20:24:54.023+0000] {processor.py:925} INFO - DAG(s) 'example_bash_operator' retrieved from /home/chirag/airflow/lib/python3.12/site-packages/airflow/example_dags/example_bash_operator.py
[2024-11-09T20:24:54.057+0000] {logging_mixin.py:190} INFO - [2024-11-09T20:24:54.057+0000] {dag.py:3239} INFO - Sync 1 DAGs
[2024-11-09T20:24:54.092+0000] {logging_mixin.py:190} INFO - [2024-11-09T20:24:54.092+0000] {dag.py:4180} INFO - Setting next_dagrun for example_bash_operator to 2024-11-08 00:00:00+00:00, run_after=2024-11-09 00:00:00+00:00
[2024-11-09T20:24:54.127+0000] {processor.py:208} INFO - Processing /home/chirag/airflow/lib/python3.12/site-packages/airflow/example_dags/example_bash_operator.py took 0.142 seconds
[2024-11-09T20:26:30.755+0000] {processor.py:186} INFO - Started process (PID=13621) to work on /home/chirag/airflow/lib/python3.12/site-packages/airflow/example_dags/example_bash_operator.py
[2024-11-09T20:26:30.759+0000] {processor.py:914} INFO - Processing file /home/chirag/airflow/lib/python3.12/site-packages/airflow/example_dags/example_bash_operator.py for tasks to queue
[2024-11-09T20:26:30.766+0000] {logging_mixin.py:190} INFO - [2024-11-09T20:26:30.764+0000] {dagbag.py:588} INFO - Filling up the DagBag from /home/chirag/airflow/lib/python3.12/site-packages/airflow/example_dags/example_bash_operator.py
[2024-11-09T20:26:30.826+0000] {processor.py:925} INFO - DAG(s) 'example_bash_operator' retrieved from /home/chirag/airflow/lib/python3.12/site-packages/airflow/example_dags/example_bash_operator.py
[2024-11-09T20:26:30.941+0000] {logging_mixin.py:190} INFO - [2024-11-09T20:26:30.940+0000] {dag.py:3239} INFO - Sync 1 DAGs
[2024-11-09T20:26:31.101+0000] {logging_mixin.py:190} INFO - [2024-11-09T20:26:31.100+0000] {dag.py:4180} INFO - Setting next_dagrun for example_bash_operator to 2024-11-08 00:00:00+00:00, run_after=2024-11-09 00:00:00+00:00
[2024-11-09T20:26:31.265+0000] {processor.py:208} INFO - Processing /home/chirag/airflow/lib/python3.12/site-packages/airflow/example_dags/example_bash_operator.py took 0.525 seconds
[2024-11-09T20:27:32.426+0000] {processor.py:186} INFO - Started process (PID=13860) to work on /home/chirag/airflow/lib/python3.12/site-packages/airflow/example_dags/example_bash_operator.py
[2024-11-09T20:27:32.446+0000] {processor.py:914} INFO - Processing file /home/chirag/airflow/lib/python3.12/site-packages/airflow/example_dags/example_bash_operator.py for tasks to queue
[2024-11-09T20:27:32.452+0000] {logging_mixin.py:190} INFO - [2024-11-09T20:27:32.451+0000] {dagbag.py:588} INFO - Filling up the DagBag from /home/chirag/airflow/lib/python3.12/site-packages/airflow/example_dags/example_bash_operator.py
[2024-11-09T20:27:32.530+0000] {processor.py:925} INFO - DAG(s) 'example_bash_operator' retrieved from /home/chirag/airflow/lib/python3.12/site-packages/airflow/example_dags/example_bash_operator.py
[2024-11-09T20:27:32.738+0000] {logging_mixin.py:190} INFO - [2024-11-09T20:27:32.737+0000] {dag.py:3239} INFO - Sync 1 DAGs
[2024-11-09T20:27:32.844+0000] {logging_mixin.py:190} INFO - [2024-11-09T20:27:32.843+0000] {dag.py:4180} INFO - Setting next_dagrun for example_bash_operator to 2024-11-08 00:00:00+00:00, run_after=2024-11-09 00:00:00+00:00
[2024-11-09T20:27:32.930+0000] {processor.py:208} INFO - Processing /home/chirag/airflow/lib/python3.12/site-packages/airflow/example_dags/example_bash_operator.py took 0.550 seconds
