[2024-11-09T19:16:05.404+0000] {processor.py:186} INFO - Started process (PID=94589) to work on /home/chirag/airflow/lib/python3.12/site-packages/airflow/example_dags/example_workday_timetable.py
[2024-11-09T19:16:05.415+0000] {processor.py:914} INFO - Processing file /home/chirag/airflow/lib/python3.12/site-packages/airflow/example_dags/example_workday_timetable.py for tasks to queue
[2024-11-09T19:16:05.431+0000] {logging_mixin.py:190} INFO - [2024-11-09T19:16:05.430+0000] {dagbag.py:588} INFO - Filling up the DagBag from /home/chirag/airflow/lib/python3.12/site-packages/airflow/example_dags/example_workday_timetable.py
[2024-11-09T19:16:05.481+0000] {processor.py:925} INFO - DAG(s) 'example_workday_timetable' retrieved from /home/chirag/airflow/lib/python3.12/site-packages/airflow/example_dags/example_workday_timetable.py
[2024-11-09T19:16:06.370+0000] {logging_mixin.py:190} INFO - [2024-11-09T19:16:06.368+0000] {override.py:1911} INFO - Created Permission View: can delete on DAG:example_workday_timetable
[2024-11-09T19:16:06.436+0000] {logging_mixin.py:190} INFO - [2024-11-09T19:16:06.435+0000] {override.py:1911} INFO - Created Permission View: can read on DAG:example_workday_timetable
[2024-11-09T19:16:06.471+0000] {logging_mixin.py:190} INFO - [2024-11-09T19:16:06.470+0000] {override.py:1911} INFO - Created Permission View: can edit on DAG:example_workday_timetable
[2024-11-09T19:16:07.806+0000] {logging_mixin.py:190} INFO - [2024-11-09T19:16:07.805+0000] {override.py:1911} INFO - Created Permission View: menu access on DAG Run:example_workday_timetable
[2024-11-09T19:16:08.007+0000] {logging_mixin.py:190} INFO - [2024-11-09T19:16:08.006+0000] {override.py:1911} INFO - Created Permission View: can delete on DAG Run:example_workday_timetable
[2024-11-09T19:16:08.179+0000] {logging_mixin.py:190} INFO - [2024-11-09T19:16:08.177+0000] {override.py:1911} INFO - Created Permission View: can read on DAG Run:example_workday_timetable
[2024-11-09T19:16:08.361+0000] {logging_mixin.py:190} INFO - [2024-11-09T19:16:08.359+0000] {override.py:1911} INFO - Created Permission View: can create on DAG Run:example_workday_timetable
[2024-11-09T19:16:08.362+0000] {logging_mixin.py:190} INFO - [2024-11-09T19:16:08.362+0000] {dag.py:3239} INFO - Sync 1 DAGs
[2024-11-09T19:16:08.444+0000] {logging_mixin.py:190} INFO - [2024-11-09T19:16:08.443+0000] {dag.py:3262} INFO - Creating ORM DAG for example_workday_timetable
[2024-11-09T19:16:08.521+0000] {logging_mixin.py:190} INFO - [2024-11-09T19:16:08.521+0000] {dag.py:4180} INFO - Setting next_dagrun for example_workday_timetable to 2021-01-01 00:00:00+00:00, run_after=2021-01-02 00:00:00+00:00
[2024-11-09T19:16:08.779+0000] {processor.py:208} INFO - Processing /home/chirag/airflow/lib/python3.12/site-packages/airflow/example_dags/example_workday_timetable.py took 3.411 seconds
[2024-11-09T19:18:02.972+0000] {processor.py:186} INFO - Started process (PID=94790) to work on /home/chirag/airflow/lib/python3.12/site-packages/airflow/example_dags/example_workday_timetable.py
[2024-11-09T19:18:02.987+0000] {processor.py:914} INFO - Processing file /home/chirag/airflow/lib/python3.12/site-packages/airflow/example_dags/example_workday_timetable.py for tasks to queue
[2024-11-09T19:18:02.996+0000] {logging_mixin.py:190} INFO - [2024-11-09T19:18:02.995+0000] {dagbag.py:588} INFO - Filling up the DagBag from /home/chirag/airflow/lib/python3.12/site-packages/airflow/example_dags/example_workday_timetable.py
[2024-11-09T19:18:03.034+0000] {processor.py:925} INFO - DAG(s) 'example_workday_timetable' retrieved from /home/chirag/airflow/lib/python3.12/site-packages/airflow/example_dags/example_workday_timetable.py
[2024-11-09T19:18:03.181+0000] {logging_mixin.py:190} INFO - [2024-11-09T19:18:03.180+0000] {dag.py:3239} INFO - Sync 1 DAGs
[2024-11-09T19:18:03.370+0000] {logging_mixin.py:190} INFO - [2024-11-09T19:18:03.370+0000] {dag.py:4180} INFO - Setting next_dagrun for example_workday_timetable to 2021-01-01 00:00:00+00:00, run_after=2021-01-02 00:00:00+00:00
[2024-11-09T19:18:03.631+0000] {processor.py:208} INFO - Processing /home/chirag/airflow/lib/python3.12/site-packages/airflow/example_dags/example_workday_timetable.py took 0.684 seconds
[2024-11-09T19:19:02.990+0000] {processor.py:186} INFO - Started process (PID=94937) to work on /home/chirag/airflow/lib/python3.12/site-packages/airflow/example_dags/example_workday_timetable.py
[2024-11-09T19:19:02.994+0000] {processor.py:914} INFO - Processing file /home/chirag/airflow/lib/python3.12/site-packages/airflow/example_dags/example_workday_timetable.py for tasks to queue
[2024-11-09T19:19:02.999+0000] {logging_mixin.py:190} INFO - [2024-11-09T19:19:02.998+0000] {dagbag.py:588} INFO - Filling up the DagBag from /home/chirag/airflow/lib/python3.12/site-packages/airflow/example_dags/example_workday_timetable.py
[2024-11-09T19:19:03.016+0000] {processor.py:925} INFO - DAG(s) 'example_workday_timetable' retrieved from /home/chirag/airflow/lib/python3.12/site-packages/airflow/example_dags/example_workday_timetable.py
[2024-11-09T19:19:03.045+0000] {logging_mixin.py:190} INFO - [2024-11-09T19:19:03.045+0000] {dag.py:3239} INFO - Sync 1 DAGs
[2024-11-09T19:19:03.080+0000] {logging_mixin.py:190} INFO - [2024-11-09T19:19:03.080+0000] {dag.py:4180} INFO - Setting next_dagrun for example_workday_timetable to 2021-01-01 00:00:00+00:00, run_after=2021-01-02 00:00:00+00:00
[2024-11-09T19:19:03.116+0000] {processor.py:208} INFO - Processing /home/chirag/airflow/lib/python3.12/site-packages/airflow/example_dags/example_workday_timetable.py took 0.138 seconds
[2024-11-09T19:27:34.238+0000] {processor.py:186} INFO - Started process (PID=450) to work on /home/chirag/airflow/lib/python3.12/site-packages/airflow/example_dags/example_workday_timetable.py
[2024-11-09T19:27:34.241+0000] {processor.py:914} INFO - Processing file /home/chirag/airflow/lib/python3.12/site-packages/airflow/example_dags/example_workday_timetable.py for tasks to queue
[2024-11-09T19:27:34.244+0000] {logging_mixin.py:190} INFO - [2024-11-09T19:27:34.243+0000] {dagbag.py:588} INFO - Filling up the DagBag from /home/chirag/airflow/lib/python3.12/site-packages/airflow/example_dags/example_workday_timetable.py
[2024-11-09T19:27:34.254+0000] {processor.py:925} INFO - DAG(s) 'example_workday_timetable' retrieved from /home/chirag/airflow/lib/python3.12/site-packages/airflow/example_dags/example_workday_timetable.py
[2024-11-09T19:27:34.288+0000] {logging_mixin.py:190} INFO - [2024-11-09T19:27:34.287+0000] {dag.py:3239} INFO - Sync 1 DAGs
[2024-11-09T19:27:34.319+0000] {logging_mixin.py:190} INFO - [2024-11-09T19:27:34.319+0000] {dag.py:4180} INFO - Setting next_dagrun for example_workday_timetable to 2021-01-01 00:00:00+00:00, run_after=2021-01-02 00:00:00+00:00
[2024-11-09T19:27:34.356+0000] {processor.py:208} INFO - Processing /home/chirag/airflow/lib/python3.12/site-packages/airflow/example_dags/example_workday_timetable.py took 0.126 seconds
[2024-11-09T19:28:39.694+0000] {processor.py:186} INFO - Started process (PID=514) to work on /home/chirag/airflow/lib/python3.12/site-packages/airflow/example_dags/example_workday_timetable.py
[2024-11-09T19:28:39.697+0000] {processor.py:914} INFO - Processing file /home/chirag/airflow/lib/python3.12/site-packages/airflow/example_dags/example_workday_timetable.py for tasks to queue
[2024-11-09T19:28:39.702+0000] {logging_mixin.py:190} INFO - [2024-11-09T19:28:39.701+0000] {dagbag.py:588} INFO - Filling up the DagBag from /home/chirag/airflow/lib/python3.12/site-packages/airflow/example_dags/example_workday_timetable.py
[2024-11-09T19:28:39.711+0000] {processor.py:925} INFO - DAG(s) 'example_workday_timetable' retrieved from /home/chirag/airflow/lib/python3.12/site-packages/airflow/example_dags/example_workday_timetable.py
[2024-11-09T19:28:39.739+0000] {logging_mixin.py:190} INFO - [2024-11-09T19:28:39.738+0000] {dag.py:3239} INFO - Sync 1 DAGs
[2024-11-09T19:28:39.804+0000] {logging_mixin.py:190} INFO - [2024-11-09T19:28:39.804+0000] {dag.py:4180} INFO - Setting next_dagrun for example_workday_timetable to 2021-01-01 00:00:00+00:00, run_after=2021-01-02 00:00:00+00:00
[2024-11-09T19:28:39.904+0000] {processor.py:208} INFO - Processing /home/chirag/airflow/lib/python3.12/site-packages/airflow/example_dags/example_workday_timetable.py took 0.223 seconds
[2024-11-09T19:29:16.804+0000] {processor.py:186} INFO - Started process (PID=570) to work on /home/chirag/airflow/lib/python3.12/site-packages/airflow/example_dags/example_workday_timetable.py
[2024-11-09T19:29:16.808+0000] {processor.py:914} INFO - Processing file /home/chirag/airflow/lib/python3.12/site-packages/airflow/example_dags/example_workday_timetable.py for tasks to queue
[2024-11-09T19:29:16.811+0000] {logging_mixin.py:190} INFO - [2024-11-09T19:29:16.811+0000] {dagbag.py:588} INFO - Filling up the DagBag from /home/chirag/airflow/lib/python3.12/site-packages/airflow/example_dags/example_workday_timetable.py
[2024-11-09T19:29:16.820+0000] {processor.py:925} INFO - DAG(s) 'example_workday_timetable' retrieved from /home/chirag/airflow/lib/python3.12/site-packages/airflow/example_dags/example_workday_timetable.py
[2024-11-09T19:29:16.841+0000] {logging_mixin.py:190} INFO - [2024-11-09T19:29:16.840+0000] {dag.py:3239} INFO - Sync 1 DAGs
[2024-11-09T19:29:16.868+0000] {logging_mixin.py:190} INFO - [2024-11-09T19:29:16.868+0000] {dag.py:4180} INFO - Setting next_dagrun for example_workday_timetable to 2021-01-01 00:00:00+00:00, run_after=2021-01-02 00:00:00+00:00
[2024-11-09T19:29:16.903+0000] {processor.py:208} INFO - Processing /home/chirag/airflow/lib/python3.12/site-packages/airflow/example_dags/example_workday_timetable.py took 0.106 seconds
[2024-11-09T19:30:31.916+0000] {processor.py:186} INFO - Started process (PID=643) to work on /home/chirag/airflow/lib/python3.12/site-packages/airflow/example_dags/example_workday_timetable.py
[2024-11-09T19:30:31.918+0000] {processor.py:914} INFO - Processing file /home/chirag/airflow/lib/python3.12/site-packages/airflow/example_dags/example_workday_timetable.py for tasks to queue
[2024-11-09T19:30:31.922+0000] {logging_mixin.py:190} INFO - [2024-11-09T19:30:31.921+0000] {dagbag.py:588} INFO - Filling up the DagBag from /home/chirag/airflow/lib/python3.12/site-packages/airflow/example_dags/example_workday_timetable.py
[2024-11-09T19:30:31.939+0000] {processor.py:925} INFO - DAG(s) 'example_workday_timetable' retrieved from /home/chirag/airflow/lib/python3.12/site-packages/airflow/example_dags/example_workday_timetable.py
[2024-11-09T19:30:31.981+0000] {logging_mixin.py:190} INFO - [2024-11-09T19:30:31.975+0000] {dag.py:3239} INFO - Sync 1 DAGs
[2024-11-09T19:30:32.032+0000] {logging_mixin.py:190} INFO - [2024-11-09T19:30:32.031+0000] {dag.py:4180} INFO - Setting next_dagrun for example_workday_timetable to 2021-01-01 00:00:00+00:00, run_after=2021-01-02 00:00:00+00:00
[2024-11-09T19:30:32.085+0000] {processor.py:208} INFO - Processing /home/chirag/airflow/lib/python3.12/site-packages/airflow/example_dags/example_workday_timetable.py took 0.179 seconds
[2024-11-09T19:31:12.778+0000] {processor.py:186} INFO - Started process (PID=677) to work on /home/chirag/airflow/lib/python3.12/site-packages/airflow/example_dags/example_workday_timetable.py
[2024-11-09T19:31:12.781+0000] {processor.py:914} INFO - Processing file /home/chirag/airflow/lib/python3.12/site-packages/airflow/example_dags/example_workday_timetable.py for tasks to queue
[2024-11-09T19:31:12.784+0000] {logging_mixin.py:190} INFO - [2024-11-09T19:31:12.783+0000] {dagbag.py:588} INFO - Filling up the DagBag from /home/chirag/airflow/lib/python3.12/site-packages/airflow/example_dags/example_workday_timetable.py
[2024-11-09T19:31:12.793+0000] {processor.py:925} INFO - DAG(s) 'example_workday_timetable' retrieved from /home/chirag/airflow/lib/python3.12/site-packages/airflow/example_dags/example_workday_timetable.py
[2024-11-09T19:31:12.818+0000] {logging_mixin.py:190} INFO - [2024-11-09T19:31:12.817+0000] {dag.py:3239} INFO - Sync 1 DAGs
[2024-11-09T19:31:12.851+0000] {logging_mixin.py:190} INFO - [2024-11-09T19:31:12.851+0000] {dag.py:4180} INFO - Setting next_dagrun for example_workday_timetable to 2021-01-01 00:00:00+00:00, run_after=2021-01-02 00:00:00+00:00
[2024-11-09T19:31:12.889+0000] {processor.py:208} INFO - Processing /home/chirag/airflow/lib/python3.12/site-packages/airflow/example_dags/example_workday_timetable.py took 0.120 seconds
[2024-11-09T19:31:59.631+0000] {processor.py:186} INFO - Started process (PID=883) to work on /home/chirag/airflow/lib/python3.12/site-packages/airflow/example_dags/example_workday_timetable.py
[2024-11-09T19:31:59.670+0000] {processor.py:914} INFO - Processing file /home/chirag/airflow/lib/python3.12/site-packages/airflow/example_dags/example_workday_timetable.py for tasks to queue
[2024-11-09T19:31:59.697+0000] {logging_mixin.py:190} INFO - [2024-11-09T19:31:59.695+0000] {dagbag.py:588} INFO - Filling up the DagBag from /home/chirag/airflow/lib/python3.12/site-packages/airflow/example_dags/example_workday_timetable.py
[2024-11-09T19:31:59.732+0000] {processor.py:925} INFO - DAG(s) 'example_workday_timetable' retrieved from /home/chirag/airflow/lib/python3.12/site-packages/airflow/example_dags/example_workday_timetable.py
[2024-11-09T19:31:59.793+0000] {logging_mixin.py:190} INFO - [2024-11-09T19:31:59.792+0000] {dag.py:3239} INFO - Sync 1 DAGs
[2024-11-09T19:31:59.925+0000] {logging_mixin.py:190} INFO - [2024-11-09T19:31:59.912+0000] {dag.py:4180} INFO - Setting next_dagrun for example_workday_timetable to 2021-01-01 00:00:00+00:00, run_after=2021-01-02 00:00:00+00:00
[2024-11-09T19:32:00.398+0000] {processor.py:208} INFO - Processing /home/chirag/airflow/lib/python3.12/site-packages/airflow/example_dags/example_workday_timetable.py took 0.840 seconds
[2024-11-09T19:32:53.852+0000] {processor.py:186} INFO - Started process (PID=1625) to work on /home/chirag/airflow/lib/python3.12/site-packages/airflow/example_dags/example_workday_timetable.py
[2024-11-09T19:32:53.855+0000] {processor.py:914} INFO - Processing file /home/chirag/airflow/lib/python3.12/site-packages/airflow/example_dags/example_workday_timetable.py for tasks to queue
[2024-11-09T19:32:53.859+0000] {logging_mixin.py:190} INFO - [2024-11-09T19:32:53.858+0000] {dagbag.py:588} INFO - Filling up the DagBag from /home/chirag/airflow/lib/python3.12/site-packages/airflow/example_dags/example_workday_timetable.py
[2024-11-09T19:32:53.869+0000] {processor.py:925} INFO - DAG(s) 'example_workday_timetable' retrieved from /home/chirag/airflow/lib/python3.12/site-packages/airflow/example_dags/example_workday_timetable.py
[2024-11-09T19:32:53.891+0000] {logging_mixin.py:190} INFO - [2024-11-09T19:32:53.891+0000] {dag.py:3239} INFO - Sync 1 DAGs
[2024-11-09T19:32:53.921+0000] {logging_mixin.py:190} INFO - [2024-11-09T19:32:53.920+0000] {dag.py:4180} INFO - Setting next_dagrun for example_workday_timetable to 2021-01-01 00:00:00+00:00, run_after=2021-01-02 00:00:00+00:00
[2024-11-09T19:32:53.957+0000] {processor.py:208} INFO - Processing /home/chirag/airflow/lib/python3.12/site-packages/airflow/example_dags/example_workday_timetable.py took 0.114 seconds
[2024-11-09T19:33:38.378+0000] {processor.py:186} INFO - Started process (PID=1933) to work on /home/chirag/airflow/lib/python3.12/site-packages/airflow/example_dags/example_workday_timetable.py
[2024-11-09T19:33:38.381+0000] {processor.py:914} INFO - Processing file /home/chirag/airflow/lib/python3.12/site-packages/airflow/example_dags/example_workday_timetable.py for tasks to queue
[2024-11-09T19:33:38.384+0000] {logging_mixin.py:190} INFO - [2024-11-09T19:33:38.383+0000] {dagbag.py:588} INFO - Filling up the DagBag from /home/chirag/airflow/lib/python3.12/site-packages/airflow/example_dags/example_workday_timetable.py
[2024-11-09T19:33:38.397+0000] {processor.py:925} INFO - DAG(s) 'example_workday_timetable' retrieved from /home/chirag/airflow/lib/python3.12/site-packages/airflow/example_dags/example_workday_timetable.py
[2024-11-09T19:33:38.428+0000] {logging_mixin.py:190} INFO - [2024-11-09T19:33:38.427+0000] {dag.py:3239} INFO - Sync 1 DAGs
[2024-11-09T19:33:38.472+0000] {logging_mixin.py:190} INFO - [2024-11-09T19:33:38.472+0000] {dag.py:4180} INFO - Setting next_dagrun for example_workday_timetable to 2021-01-01 00:00:00+00:00, run_after=2021-01-02 00:00:00+00:00
[2024-11-09T19:33:38.511+0000] {processor.py:208} INFO - Processing /home/chirag/airflow/lib/python3.12/site-packages/airflow/example_dags/example_workday_timetable.py took 0.141 seconds
[2024-11-09T19:34:56.836+0000] {processor.py:186} INFO - Started process (PID=2503) to work on /home/chirag/airflow/lib/python3.12/site-packages/airflow/example_dags/example_workday_timetable.py
[2024-11-09T19:34:56.839+0000] {processor.py:914} INFO - Processing file /home/chirag/airflow/lib/python3.12/site-packages/airflow/example_dags/example_workday_timetable.py for tasks to queue
[2024-11-09T19:34:56.850+0000] {logging_mixin.py:190} INFO - [2024-11-09T19:34:56.847+0000] {dagbag.py:588} INFO - Filling up the DagBag from /home/chirag/airflow/lib/python3.12/site-packages/airflow/example_dags/example_workday_timetable.py
[2024-11-09T19:34:56.874+0000] {processor.py:925} INFO - DAG(s) 'example_workday_timetable' retrieved from /home/chirag/airflow/lib/python3.12/site-packages/airflow/example_dags/example_workday_timetable.py
[2024-11-09T19:34:57.065+0000] {logging_mixin.py:190} INFO - [2024-11-09T19:34:57.064+0000] {dag.py:3239} INFO - Sync 1 DAGs
[2024-11-09T19:34:57.088+0000] {logging_mixin.py:190} INFO - [2024-11-09T19:34:57.088+0000] {dag.py:4180} INFO - Setting next_dagrun for example_workday_timetable to 2021-01-01 00:00:00+00:00, run_after=2021-01-02 00:00:00+00:00
[2024-11-09T19:34:57.122+0000] {processor.py:208} INFO - Processing /home/chirag/airflow/lib/python3.12/site-packages/airflow/example_dags/example_workday_timetable.py took 0.301 seconds
[2024-11-09T19:35:42.394+0000] {processor.py:186} INFO - Started process (PID=2695) to work on /home/chirag/airflow/lib/python3.12/site-packages/airflow/example_dags/example_workday_timetable.py
[2024-11-09T19:35:42.397+0000] {processor.py:914} INFO - Processing file /home/chirag/airflow/lib/python3.12/site-packages/airflow/example_dags/example_workday_timetable.py for tasks to queue
[2024-11-09T19:35:42.400+0000] {logging_mixin.py:190} INFO - [2024-11-09T19:35:42.400+0000] {dagbag.py:588} INFO - Filling up the DagBag from /home/chirag/airflow/lib/python3.12/site-packages/airflow/example_dags/example_workday_timetable.py
[2024-11-09T19:35:42.409+0000] {processor.py:925} INFO - DAG(s) 'example_workday_timetable' retrieved from /home/chirag/airflow/lib/python3.12/site-packages/airflow/example_dags/example_workday_timetable.py
[2024-11-09T19:35:42.431+0000] {logging_mixin.py:190} INFO - [2024-11-09T19:35:42.431+0000] {dag.py:3239} INFO - Sync 1 DAGs
[2024-11-09T19:35:42.460+0000] {logging_mixin.py:190} INFO - [2024-11-09T19:35:42.460+0000] {dag.py:4180} INFO - Setting next_dagrun for example_workday_timetable to 2021-01-01 00:00:00+00:00, run_after=2021-01-02 00:00:00+00:00
[2024-11-09T19:35:42.498+0000] {processor.py:208} INFO - Processing /home/chirag/airflow/lib/python3.12/site-packages/airflow/example_dags/example_workday_timetable.py took 0.114 seconds
[2024-11-09T19:36:25.644+0000] {processor.py:186} INFO - Started process (PID=2809) to work on /home/chirag/airflow/lib/python3.12/site-packages/airflow/example_dags/example_workday_timetable.py
[2024-11-09T19:36:25.648+0000] {processor.py:914} INFO - Processing file /home/chirag/airflow/lib/python3.12/site-packages/airflow/example_dags/example_workday_timetable.py for tasks to queue
[2024-11-09T19:36:25.652+0000] {logging_mixin.py:190} INFO - [2024-11-09T19:36:25.651+0000] {dagbag.py:588} INFO - Filling up the DagBag from /home/chirag/airflow/lib/python3.12/site-packages/airflow/example_dags/example_workday_timetable.py
[2024-11-09T19:36:25.661+0000] {processor.py:925} INFO - DAG(s) 'example_workday_timetable' retrieved from /home/chirag/airflow/lib/python3.12/site-packages/airflow/example_dags/example_workday_timetable.py
[2024-11-09T19:36:25.682+0000] {logging_mixin.py:190} INFO - [2024-11-09T19:36:25.682+0000] {dag.py:3239} INFO - Sync 1 DAGs
[2024-11-09T19:36:25.712+0000] {logging_mixin.py:190} INFO - [2024-11-09T19:36:25.711+0000] {dag.py:4180} INFO - Setting next_dagrun for example_workday_timetable to 2021-01-01 00:00:00+00:00, run_after=2021-01-02 00:00:00+00:00
[2024-11-09T19:36:25.748+0000] {processor.py:208} INFO - Processing /home/chirag/airflow/lib/python3.12/site-packages/airflow/example_dags/example_workday_timetable.py took 0.112 seconds
[2024-11-09T19:37:04.575+0000] {processor.py:186} INFO - Started process (PID=2919) to work on /home/chirag/airflow/lib/python3.12/site-packages/airflow/example_dags/example_workday_timetable.py
[2024-11-09T19:37:04.581+0000] {processor.py:914} INFO - Processing file /home/chirag/airflow/lib/python3.12/site-packages/airflow/example_dags/example_workday_timetable.py for tasks to queue
[2024-11-09T19:37:04.585+0000] {logging_mixin.py:190} INFO - [2024-11-09T19:37:04.585+0000] {dagbag.py:588} INFO - Filling up the DagBag from /home/chirag/airflow/lib/python3.12/site-packages/airflow/example_dags/example_workday_timetable.py
[2024-11-09T19:37:04.595+0000] {processor.py:925} INFO - DAG(s) 'example_workday_timetable' retrieved from /home/chirag/airflow/lib/python3.12/site-packages/airflow/example_dags/example_workday_timetable.py
[2024-11-09T19:37:04.616+0000] {logging_mixin.py:190} INFO - [2024-11-09T19:37:04.616+0000] {dag.py:3239} INFO - Sync 1 DAGs
[2024-11-09T19:37:04.645+0000] {logging_mixin.py:190} INFO - [2024-11-09T19:37:04.645+0000] {dag.py:4180} INFO - Setting next_dagrun for example_workday_timetable to 2021-01-01 00:00:00+00:00, run_after=2021-01-02 00:00:00+00:00
[2024-11-09T19:37:04.684+0000] {processor.py:208} INFO - Processing /home/chirag/airflow/lib/python3.12/site-packages/airflow/example_dags/example_workday_timetable.py took 0.119 seconds
[2024-11-09T19:38:14.927+0000] {processor.py:186} INFO - Started process (PID=3241) to work on /home/chirag/airflow/lib/python3.12/site-packages/airflow/example_dags/example_workday_timetable.py
[2024-11-09T19:38:14.929+0000] {processor.py:914} INFO - Processing file /home/chirag/airflow/lib/python3.12/site-packages/airflow/example_dags/example_workday_timetable.py for tasks to queue
[2024-11-09T19:38:14.933+0000] {logging_mixin.py:190} INFO - [2024-11-09T19:38:14.932+0000] {dagbag.py:588} INFO - Filling up the DagBag from /home/chirag/airflow/lib/python3.12/site-packages/airflow/example_dags/example_workday_timetable.py
[2024-11-09T19:38:14.949+0000] {processor.py:925} INFO - DAG(s) 'example_workday_timetable' retrieved from /home/chirag/airflow/lib/python3.12/site-packages/airflow/example_dags/example_workday_timetable.py
[2024-11-09T19:38:14.977+0000] {logging_mixin.py:190} INFO - [2024-11-09T19:38:14.977+0000] {dag.py:3239} INFO - Sync 1 DAGs
[2024-11-09T19:38:15.012+0000] {logging_mixin.py:190} INFO - [2024-11-09T19:38:15.012+0000] {dag.py:4180} INFO - Setting next_dagrun for example_workday_timetable to 2021-01-01 00:00:00+00:00, run_after=2021-01-02 00:00:00+00:00
[2024-11-09T19:38:15.052+0000] {processor.py:208} INFO - Processing /home/chirag/airflow/lib/python3.12/site-packages/airflow/example_dags/example_workday_timetable.py took 0.140 seconds
[2024-11-09T19:39:32.437+0000] {processor.py:186} INFO - Started process (PID=3512) to work on /home/chirag/airflow/lib/python3.12/site-packages/airflow/example_dags/example_workday_timetable.py
[2024-11-09T19:39:32.443+0000] {processor.py:914} INFO - Processing file /home/chirag/airflow/lib/python3.12/site-packages/airflow/example_dags/example_workday_timetable.py for tasks to queue
[2024-11-09T19:39:32.449+0000] {logging_mixin.py:190} INFO - [2024-11-09T19:39:32.448+0000] {dagbag.py:588} INFO - Filling up the DagBag from /home/chirag/airflow/lib/python3.12/site-packages/airflow/example_dags/example_workday_timetable.py
[2024-11-09T19:39:32.482+0000] {processor.py:925} INFO - DAG(s) 'example_workday_timetable' retrieved from /home/chirag/airflow/lib/python3.12/site-packages/airflow/example_dags/example_workday_timetable.py
[2024-11-09T19:39:32.566+0000] {logging_mixin.py:190} INFO - [2024-11-09T19:39:32.566+0000] {dag.py:3239} INFO - Sync 1 DAGs
[2024-11-09T19:39:32.696+0000] {logging_mixin.py:190} INFO - [2024-11-09T19:39:32.696+0000] {dag.py:4180} INFO - Setting next_dagrun for example_workday_timetable to 2021-01-01 00:00:00+00:00, run_after=2021-01-02 00:00:00+00:00
[2024-11-09T19:39:33.192+0000] {processor.py:208} INFO - Processing /home/chirag/airflow/lib/python3.12/site-packages/airflow/example_dags/example_workday_timetable.py took 0.778 seconds
[2024-11-09T19:40:17.128+0000] {processor.py:186} INFO - Started process (PID=3630) to work on /home/chirag/airflow/lib/python3.12/site-packages/airflow/example_dags/example_workday_timetable.py
[2024-11-09T19:40:17.134+0000] {processor.py:914} INFO - Processing file /home/chirag/airflow/lib/python3.12/site-packages/airflow/example_dags/example_workday_timetable.py for tasks to queue
[2024-11-09T19:40:17.137+0000] {logging_mixin.py:190} INFO - [2024-11-09T19:40:17.137+0000] {dagbag.py:588} INFO - Filling up the DagBag from /home/chirag/airflow/lib/python3.12/site-packages/airflow/example_dags/example_workday_timetable.py
[2024-11-09T19:40:17.147+0000] {processor.py:925} INFO - DAG(s) 'example_workday_timetable' retrieved from /home/chirag/airflow/lib/python3.12/site-packages/airflow/example_dags/example_workday_timetable.py
[2024-11-09T19:40:17.169+0000] {logging_mixin.py:190} INFO - [2024-11-09T19:40:17.168+0000] {dag.py:3239} INFO - Sync 1 DAGs
[2024-11-09T19:40:17.198+0000] {logging_mixin.py:190} INFO - [2024-11-09T19:40:17.197+0000] {dag.py:4180} INFO - Setting next_dagrun for example_workday_timetable to 2021-01-01 00:00:00+00:00, run_after=2021-01-02 00:00:00+00:00
[2024-11-09T19:40:17.232+0000] {processor.py:208} INFO - Processing /home/chirag/airflow/lib/python3.12/site-packages/airflow/example_dags/example_workday_timetable.py took 0.112 seconds
[2024-11-09T19:40:54.387+0000] {processor.py:186} INFO - Started process (PID=3736) to work on /home/chirag/airflow/lib/python3.12/site-packages/airflow/example_dags/example_workday_timetable.py
[2024-11-09T19:40:54.390+0000] {processor.py:914} INFO - Processing file /home/chirag/airflow/lib/python3.12/site-packages/airflow/example_dags/example_workday_timetable.py for tasks to queue
[2024-11-09T19:40:54.393+0000] {logging_mixin.py:190} INFO - [2024-11-09T19:40:54.392+0000] {dagbag.py:588} INFO - Filling up the DagBag from /home/chirag/airflow/lib/python3.12/site-packages/airflow/example_dags/example_workday_timetable.py
[2024-11-09T19:40:54.403+0000] {processor.py:925} INFO - DAG(s) 'example_workday_timetable' retrieved from /home/chirag/airflow/lib/python3.12/site-packages/airflow/example_dags/example_workday_timetable.py
[2024-11-09T19:40:54.425+0000] {logging_mixin.py:190} INFO - [2024-11-09T19:40:54.425+0000] {dag.py:3239} INFO - Sync 1 DAGs
[2024-11-09T19:40:54.455+0000] {logging_mixin.py:190} INFO - [2024-11-09T19:40:54.455+0000] {dag.py:4180} INFO - Setting next_dagrun for example_workday_timetable to 2021-01-01 00:00:00+00:00, run_after=2021-01-02 00:00:00+00:00
[2024-11-09T19:40:54.494+0000] {processor.py:208} INFO - Processing /home/chirag/airflow/lib/python3.12/site-packages/airflow/example_dags/example_workday_timetable.py took 0.116 seconds
[2024-11-09T19:42:08.249+0000] {processor.py:186} INFO - Started process (PID=3944) to work on /home/chirag/airflow/lib/python3.12/site-packages/airflow/example_dags/example_workday_timetable.py
[2024-11-09T19:42:08.253+0000] {processor.py:914} INFO - Processing file /home/chirag/airflow/lib/python3.12/site-packages/airflow/example_dags/example_workday_timetable.py for tasks to queue
[2024-11-09T19:42:08.256+0000] {logging_mixin.py:190} INFO - [2024-11-09T19:42:08.255+0000] {dagbag.py:588} INFO - Filling up the DagBag from /home/chirag/airflow/lib/python3.12/site-packages/airflow/example_dags/example_workday_timetable.py
[2024-11-09T19:42:08.266+0000] {processor.py:925} INFO - DAG(s) 'example_workday_timetable' retrieved from /home/chirag/airflow/lib/python3.12/site-packages/airflow/example_dags/example_workday_timetable.py
[2024-11-09T19:42:08.291+0000] {logging_mixin.py:190} INFO - [2024-11-09T19:42:08.290+0000] {dag.py:3239} INFO - Sync 1 DAGs
[2024-11-09T19:42:08.322+0000] {logging_mixin.py:190} INFO - [2024-11-09T19:42:08.322+0000] {dag.py:4180} INFO - Setting next_dagrun for example_workday_timetable to 2021-01-01 00:00:00+00:00, run_after=2021-01-02 00:00:00+00:00
[2024-11-09T19:42:08.364+0000] {processor.py:208} INFO - Processing /home/chirag/airflow/lib/python3.12/site-packages/airflow/example_dags/example_workday_timetable.py took 0.124 seconds
[2024-11-09T19:43:25.148+0000] {processor.py:186} INFO - Started process (PID=4165) to work on /home/chirag/airflow/lib/python3.12/site-packages/airflow/example_dags/example_workday_timetable.py
[2024-11-09T19:43:25.152+0000] {processor.py:914} INFO - Processing file /home/chirag/airflow/lib/python3.12/site-packages/airflow/example_dags/example_workday_timetable.py for tasks to queue
[2024-11-09T19:43:25.155+0000] {logging_mixin.py:190} INFO - [2024-11-09T19:43:25.155+0000] {dagbag.py:588} INFO - Filling up the DagBag from /home/chirag/airflow/lib/python3.12/site-packages/airflow/example_dags/example_workday_timetable.py
[2024-11-09T19:43:25.169+0000] {processor.py:925} INFO - DAG(s) 'example_workday_timetable' retrieved from /home/chirag/airflow/lib/python3.12/site-packages/airflow/example_dags/example_workday_timetable.py
[2024-11-09T19:43:25.197+0000] {logging_mixin.py:190} INFO - [2024-11-09T19:43:25.196+0000] {dag.py:3239} INFO - Sync 1 DAGs
[2024-11-09T19:43:25.238+0000] {logging_mixin.py:190} INFO - [2024-11-09T19:43:25.237+0000] {dag.py:4180} INFO - Setting next_dagrun for example_workday_timetable to 2021-01-01 00:00:00+00:00, run_after=2021-01-02 00:00:00+00:00
[2024-11-09T19:43:25.279+0000] {processor.py:208} INFO - Processing /home/chirag/airflow/lib/python3.12/site-packages/airflow/example_dags/example_workday_timetable.py took 0.142 seconds
[2024-11-09T19:44:05.096+0000] {processor.py:186} INFO - Started process (PID=4281) to work on /home/chirag/airflow/lib/python3.12/site-packages/airflow/example_dags/example_workday_timetable.py
[2024-11-09T19:44:05.100+0000] {processor.py:914} INFO - Processing file /home/chirag/airflow/lib/python3.12/site-packages/airflow/example_dags/example_workday_timetable.py for tasks to queue
[2024-11-09T19:44:05.105+0000] {logging_mixin.py:190} INFO - [2024-11-09T19:44:05.104+0000] {dagbag.py:588} INFO - Filling up the DagBag from /home/chirag/airflow/lib/python3.12/site-packages/airflow/example_dags/example_workday_timetable.py
[2024-11-09T19:44:05.119+0000] {processor.py:925} INFO - DAG(s) 'example_workday_timetable' retrieved from /home/chirag/airflow/lib/python3.12/site-packages/airflow/example_dags/example_workday_timetable.py
[2024-11-09T19:44:05.155+0000] {logging_mixin.py:190} INFO - [2024-11-09T19:44:05.154+0000] {dag.py:3239} INFO - Sync 1 DAGs
[2024-11-09T19:44:05.203+0000] {logging_mixin.py:190} INFO - [2024-11-09T19:44:05.203+0000] {dag.py:4180} INFO - Setting next_dagrun for example_workday_timetable to 2021-01-01 00:00:00+00:00, run_after=2021-01-02 00:00:00+00:00
[2024-11-09T19:44:05.260+0000] {processor.py:208} INFO - Processing /home/chirag/airflow/lib/python3.12/site-packages/airflow/example_dags/example_workday_timetable.py took 0.172 seconds
[2024-11-09T19:45:12.879+0000] {processor.py:186} INFO - Started process (PID=4482) to work on /home/chirag/airflow/lib/python3.12/site-packages/airflow/example_dags/example_workday_timetable.py
[2024-11-09T19:45:12.882+0000] {processor.py:914} INFO - Processing file /home/chirag/airflow/lib/python3.12/site-packages/airflow/example_dags/example_workday_timetable.py for tasks to queue
[2024-11-09T19:45:12.886+0000] {logging_mixin.py:190} INFO - [2024-11-09T19:45:12.885+0000] {dagbag.py:588} INFO - Filling up the DagBag from /home/chirag/airflow/lib/python3.12/site-packages/airflow/example_dags/example_workday_timetable.py
[2024-11-09T19:45:12.895+0000] {processor.py:925} INFO - DAG(s) 'example_workday_timetable' retrieved from /home/chirag/airflow/lib/python3.12/site-packages/airflow/example_dags/example_workday_timetable.py
[2024-11-09T19:45:12.918+0000] {logging_mixin.py:190} INFO - [2024-11-09T19:45:12.917+0000] {dag.py:3239} INFO - Sync 1 DAGs
[2024-11-09T19:45:12.964+0000] {logging_mixin.py:190} INFO - [2024-11-09T19:45:12.963+0000] {dag.py:4180} INFO - Setting next_dagrun for example_workday_timetable to 2021-01-01 00:00:00+00:00, run_after=2021-01-02 00:00:00+00:00
[2024-11-09T19:45:13.011+0000] {processor.py:208} INFO - Processing /home/chirag/airflow/lib/python3.12/site-packages/airflow/example_dags/example_workday_timetable.py took 0.140 seconds
[2024-11-09T19:46:21.565+0000] {processor.py:186} INFO - Started process (PID=4671) to work on /home/chirag/airflow/lib/python3.12/site-packages/airflow/example_dags/example_workday_timetable.py
[2024-11-09T19:46:21.571+0000] {processor.py:914} INFO - Processing file /home/chirag/airflow/lib/python3.12/site-packages/airflow/example_dags/example_workday_timetable.py for tasks to queue
[2024-11-09T19:46:21.575+0000] {logging_mixin.py:190} INFO - [2024-11-09T19:46:21.575+0000] {dagbag.py:588} INFO - Filling up the DagBag from /home/chirag/airflow/lib/python3.12/site-packages/airflow/example_dags/example_workday_timetable.py
[2024-11-09T19:46:21.586+0000] {processor.py:925} INFO - DAG(s) 'example_workday_timetable' retrieved from /home/chirag/airflow/lib/python3.12/site-packages/airflow/example_dags/example_workday_timetable.py
[2024-11-09T19:46:21.611+0000] {logging_mixin.py:190} INFO - [2024-11-09T19:46:21.611+0000] {dag.py:3239} INFO - Sync 1 DAGs
[2024-11-09T19:46:21.642+0000] {logging_mixin.py:190} INFO - [2024-11-09T19:46:21.642+0000] {dag.py:4180} INFO - Setting next_dagrun for example_workday_timetable to 2021-01-01 00:00:00+00:00, run_after=2021-01-02 00:00:00+00:00
[2024-11-09T19:46:21.680+0000] {processor.py:208} INFO - Processing /home/chirag/airflow/lib/python3.12/site-packages/airflow/example_dags/example_workday_timetable.py took 0.125 seconds
[2024-11-09T19:47:10.067+0000] {processor.py:186} INFO - Started process (PID=4849) to work on /home/chirag/airflow/lib/python3.12/site-packages/airflow/example_dags/example_workday_timetable.py
[2024-11-09T19:47:10.070+0000] {processor.py:914} INFO - Processing file /home/chirag/airflow/lib/python3.12/site-packages/airflow/example_dags/example_workday_timetable.py for tasks to queue
[2024-11-09T19:47:10.074+0000] {logging_mixin.py:190} INFO - [2024-11-09T19:47:10.073+0000] {dagbag.py:588} INFO - Filling up the DagBag from /home/chirag/airflow/lib/python3.12/site-packages/airflow/example_dags/example_workday_timetable.py
[2024-11-09T19:47:10.084+0000] {processor.py:925} INFO - DAG(s) 'example_workday_timetable' retrieved from /home/chirag/airflow/lib/python3.12/site-packages/airflow/example_dags/example_workday_timetable.py
[2024-11-09T19:47:10.107+0000] {logging_mixin.py:190} INFO - [2024-11-09T19:47:10.106+0000] {dag.py:3239} INFO - Sync 1 DAGs
[2024-11-09T19:47:10.228+0000] {logging_mixin.py:190} INFO - [2024-11-09T19:47:10.225+0000] {dag.py:4180} INFO - Setting next_dagrun for example_workday_timetable to 2021-01-01 00:00:00+00:00, run_after=2021-01-02 00:00:00+00:00
[2024-11-09T19:47:10.871+0000] {processor.py:208} INFO - Processing /home/chirag/airflow/lib/python3.12/site-packages/airflow/example_dags/example_workday_timetable.py took 0.813 seconds
[2024-11-09T19:48:27.081+0000] {processor.py:186} INFO - Started process (PID=5072) to work on /home/chirag/airflow/lib/python3.12/site-packages/airflow/example_dags/example_workday_timetable.py
[2024-11-09T19:48:27.084+0000] {processor.py:914} INFO - Processing file /home/chirag/airflow/lib/python3.12/site-packages/airflow/example_dags/example_workday_timetable.py for tasks to queue
[2024-11-09T19:48:27.088+0000] {logging_mixin.py:190} INFO - [2024-11-09T19:48:27.087+0000] {dagbag.py:588} INFO - Filling up the DagBag from /home/chirag/airflow/lib/python3.12/site-packages/airflow/example_dags/example_workday_timetable.py
[2024-11-09T19:48:27.102+0000] {processor.py:925} INFO - DAG(s) 'example_workday_timetable' retrieved from /home/chirag/airflow/lib/python3.12/site-packages/airflow/example_dags/example_workday_timetable.py
[2024-11-09T19:48:27.130+0000] {logging_mixin.py:190} INFO - [2024-11-09T19:48:27.129+0000] {dag.py:3239} INFO - Sync 1 DAGs
[2024-11-09T19:48:27.169+0000] {logging_mixin.py:190} INFO - [2024-11-09T19:48:27.168+0000] {dag.py:4180} INFO - Setting next_dagrun for example_workday_timetable to 2021-01-01 00:00:00+00:00, run_after=2021-01-02 00:00:00+00:00
[2024-11-09T19:48:27.208+0000] {processor.py:208} INFO - Processing /home/chirag/airflow/lib/python3.12/site-packages/airflow/example_dags/example_workday_timetable.py took 0.138 seconds
[2024-11-09T19:49:02.640+0000] {processor.py:186} INFO - Started process (PID=5183) to work on /home/chirag/airflow/lib/python3.12/site-packages/airflow/example_dags/example_workday_timetable.py
[2024-11-09T19:49:02.642+0000] {processor.py:914} INFO - Processing file /home/chirag/airflow/lib/python3.12/site-packages/airflow/example_dags/example_workday_timetable.py for tasks to queue
[2024-11-09T19:49:02.646+0000] {logging_mixin.py:190} INFO - [2024-11-09T19:49:02.645+0000] {dagbag.py:588} INFO - Filling up the DagBag from /home/chirag/airflow/lib/python3.12/site-packages/airflow/example_dags/example_workday_timetable.py
[2024-11-09T19:49:02.659+0000] {processor.py:925} INFO - DAG(s) 'example_workday_timetable' retrieved from /home/chirag/airflow/lib/python3.12/site-packages/airflow/example_dags/example_workday_timetable.py
[2024-11-09T19:49:02.685+0000] {logging_mixin.py:190} INFO - [2024-11-09T19:49:02.685+0000] {dag.py:3239} INFO - Sync 1 DAGs
[2024-11-09T19:49:02.720+0000] {logging_mixin.py:190} INFO - [2024-11-09T19:49:02.719+0000] {dag.py:4180} INFO - Setting next_dagrun for example_workday_timetable to 2021-01-01 00:00:00+00:00, run_after=2021-01-02 00:00:00+00:00
[2024-11-09T19:49:02.753+0000] {processor.py:208} INFO - Processing /home/chirag/airflow/lib/python3.12/site-packages/airflow/example_dags/example_workday_timetable.py took 0.123 seconds
[2024-11-09T19:49:39.166+0000] {processor.py:186} INFO - Started process (PID=5290) to work on /home/chirag/airflow/lib/python3.12/site-packages/airflow/example_dags/example_workday_timetable.py
[2024-11-09T19:49:39.170+0000] {processor.py:914} INFO - Processing file /home/chirag/airflow/lib/python3.12/site-packages/airflow/example_dags/example_workday_timetable.py for tasks to queue
[2024-11-09T19:49:39.174+0000] {logging_mixin.py:190} INFO - [2024-11-09T19:49:39.173+0000] {dagbag.py:588} INFO - Filling up the DagBag from /home/chirag/airflow/lib/python3.12/site-packages/airflow/example_dags/example_workday_timetable.py
[2024-11-09T19:49:39.187+0000] {processor.py:925} INFO - DAG(s) 'example_workday_timetable' retrieved from /home/chirag/airflow/lib/python3.12/site-packages/airflow/example_dags/example_workday_timetable.py
[2024-11-09T19:49:39.216+0000] {logging_mixin.py:190} INFO - [2024-11-09T19:49:39.216+0000] {dag.py:3239} INFO - Sync 1 DAGs
[2024-11-09T19:49:39.270+0000] {logging_mixin.py:190} INFO - [2024-11-09T19:49:39.269+0000] {dag.py:4180} INFO - Setting next_dagrun for example_workday_timetable to 2021-01-01 00:00:00+00:00, run_after=2021-01-02 00:00:00+00:00
[2024-11-09T19:49:39.310+0000] {processor.py:208} INFO - Processing /home/chirag/airflow/lib/python3.12/site-packages/airflow/example_dags/example_workday_timetable.py took 0.158 seconds
[2024-11-09T19:50:50.641+0000] {processor.py:186} INFO - Started process (PID=5793) to work on /home/chirag/airflow/lib/python3.12/site-packages/airflow/example_dags/example_workday_timetable.py
[2024-11-09T19:50:50.644+0000] {processor.py:914} INFO - Processing file /home/chirag/airflow/lib/python3.12/site-packages/airflow/example_dags/example_workday_timetable.py for tasks to queue
[2024-11-09T19:50:50.650+0000] {logging_mixin.py:190} INFO - [2024-11-09T19:50:50.649+0000] {dagbag.py:588} INFO - Filling up the DagBag from /home/chirag/airflow/lib/python3.12/site-packages/airflow/example_dags/example_workday_timetable.py
[2024-11-09T19:50:50.661+0000] {processor.py:925} INFO - DAG(s) 'example_workday_timetable' retrieved from /home/chirag/airflow/lib/python3.12/site-packages/airflow/example_dags/example_workday_timetable.py
[2024-11-09T19:50:50.689+0000] {logging_mixin.py:190} INFO - [2024-11-09T19:50:50.689+0000] {dag.py:3239} INFO - Sync 1 DAGs
[2024-11-09T19:50:51.407+0000] {logging_mixin.py:190} INFO - [2024-11-09T19:50:51.407+0000] {dag.py:4180} INFO - Setting next_dagrun for example_workday_timetable to 2021-01-01 00:00:00+00:00, run_after=2021-01-02 00:00:00+00:00
[2024-11-09T19:50:51.444+0000] {processor.py:208} INFO - Processing /home/chirag/airflow/lib/python3.12/site-packages/airflow/example_dags/example_workday_timetable.py took 0.136 seconds
[2024-11-09T19:52:06.005+0000] {processor.py:186} INFO - Started process (PID=6291) to work on /home/chirag/airflow/lib/python3.12/site-packages/airflow/example_dags/example_workday_timetable.py
[2024-11-09T19:52:06.008+0000] {processor.py:914} INFO - Processing file /home/chirag/airflow/lib/python3.12/site-packages/airflow/example_dags/example_workday_timetable.py for tasks to queue
[2024-11-09T19:52:06.012+0000] {logging_mixin.py:190} INFO - [2024-11-09T19:52:06.011+0000] {dagbag.py:588} INFO - Filling up the DagBag from /home/chirag/airflow/lib/python3.12/site-packages/airflow/example_dags/example_workday_timetable.py
[2024-11-09T19:52:06.023+0000] {processor.py:925} INFO - DAG(s) 'example_workday_timetable' retrieved from /home/chirag/airflow/lib/python3.12/site-packages/airflow/example_dags/example_workday_timetable.py
[2024-11-09T19:52:06.044+0000] {logging_mixin.py:190} INFO - [2024-11-09T19:52:06.044+0000] {dag.py:3239} INFO - Sync 1 DAGs
[2024-11-09T19:52:06.073+0000] {logging_mixin.py:190} INFO - [2024-11-09T19:52:06.073+0000] {dag.py:4180} INFO - Setting next_dagrun for example_workday_timetable to 2021-01-01 00:00:00+00:00, run_after=2021-01-02 00:00:00+00:00
[2024-11-09T19:52:06.106+0000] {processor.py:208} INFO - Processing /home/chirag/airflow/lib/python3.12/site-packages/airflow/example_dags/example_workday_timetable.py took 0.112 seconds
[2024-11-09T19:53:06.356+0000] {processor.py:186} INFO - Started process (PID=6606) to work on /home/chirag/airflow/lib/python3.12/site-packages/airflow/example_dags/example_workday_timetable.py
[2024-11-09T19:53:06.360+0000] {processor.py:914} INFO - Processing file /home/chirag/airflow/lib/python3.12/site-packages/airflow/example_dags/example_workday_timetable.py for tasks to queue
[2024-11-09T19:53:06.363+0000] {logging_mixin.py:190} INFO - [2024-11-09T19:53:06.362+0000] {dagbag.py:588} INFO - Filling up the DagBag from /home/chirag/airflow/lib/python3.12/site-packages/airflow/example_dags/example_workday_timetable.py
[2024-11-09T19:53:06.374+0000] {processor.py:925} INFO - DAG(s) 'example_workday_timetable' retrieved from /home/chirag/airflow/lib/python3.12/site-packages/airflow/example_dags/example_workday_timetable.py
[2024-11-09T19:53:06.401+0000] {logging_mixin.py:190} INFO - [2024-11-09T19:53:06.401+0000] {dag.py:3239} INFO - Sync 1 DAGs
[2024-11-09T19:53:06.457+0000] {logging_mixin.py:190} INFO - [2024-11-09T19:53:06.455+0000] {dag.py:4180} INFO - Setting next_dagrun for example_workday_timetable to 2021-01-01 00:00:00+00:00, run_after=2021-01-02 00:00:00+00:00
[2024-11-09T19:53:06.519+0000] {processor.py:208} INFO - Processing /home/chirag/airflow/lib/python3.12/site-packages/airflow/example_dags/example_workday_timetable.py took 0.172 seconds
[2024-11-09T19:53:54.296+0000] {processor.py:186} INFO - Started process (PID=6883) to work on /home/chirag/airflow/lib/python3.12/site-packages/airflow/example_dags/example_workday_timetable.py
[2024-11-09T19:53:54.299+0000] {processor.py:914} INFO - Processing file /home/chirag/airflow/lib/python3.12/site-packages/airflow/example_dags/example_workday_timetable.py for tasks to queue
[2024-11-09T19:53:54.304+0000] {logging_mixin.py:190} INFO - [2024-11-09T19:53:54.303+0000] {dagbag.py:588} INFO - Filling up the DagBag from /home/chirag/airflow/lib/python3.12/site-packages/airflow/example_dags/example_workday_timetable.py
[2024-11-09T19:53:54.314+0000] {processor.py:925} INFO - DAG(s) 'example_workday_timetable' retrieved from /home/chirag/airflow/lib/python3.12/site-packages/airflow/example_dags/example_workday_timetable.py
[2024-11-09T19:53:54.337+0000] {logging_mixin.py:190} INFO - [2024-11-09T19:53:54.337+0000] {dag.py:3239} INFO - Sync 1 DAGs
[2024-11-09T19:53:54.369+0000] {logging_mixin.py:190} INFO - [2024-11-09T19:53:54.369+0000] {dag.py:4180} INFO - Setting next_dagrun for example_workday_timetable to 2021-01-01 00:00:00+00:00, run_after=2021-01-02 00:00:00+00:00
[2024-11-09T19:53:54.412+0000] {processor.py:208} INFO - Processing /home/chirag/airflow/lib/python3.12/site-packages/airflow/example_dags/example_workday_timetable.py took 0.124 seconds
[2024-11-09T19:54:32.758+0000] {processor.py:186} INFO - Started process (PID=7241) to work on /home/chirag/airflow/lib/python3.12/site-packages/airflow/example_dags/example_workday_timetable.py
[2024-11-09T19:54:32.760+0000] {processor.py:914} INFO - Processing file /home/chirag/airflow/lib/python3.12/site-packages/airflow/example_dags/example_workday_timetable.py for tasks to queue
[2024-11-09T19:54:32.764+0000] {logging_mixin.py:190} INFO - [2024-11-09T19:54:32.764+0000] {dagbag.py:588} INFO - Filling up the DagBag from /home/chirag/airflow/lib/python3.12/site-packages/airflow/example_dags/example_workday_timetable.py
[2024-11-09T19:54:32.778+0000] {processor.py:925} INFO - DAG(s) 'example_workday_timetable' retrieved from /home/chirag/airflow/lib/python3.12/site-packages/airflow/example_dags/example_workday_timetable.py
[2024-11-09T19:54:32.810+0000] {logging_mixin.py:190} INFO - [2024-11-09T19:54:32.810+0000] {dag.py:3239} INFO - Sync 1 DAGs
[2024-11-09T19:54:32.863+0000] {logging_mixin.py:190} INFO - [2024-11-09T19:54:32.863+0000] {dag.py:4180} INFO - Setting next_dagrun for example_workday_timetable to 2021-01-01 00:00:00+00:00, run_after=2021-01-02 00:00:00+00:00
[2024-11-09T19:54:32.933+0000] {processor.py:208} INFO - Processing /home/chirag/airflow/lib/python3.12/site-packages/airflow/example_dags/example_workday_timetable.py took 0.187 seconds
[2024-11-09T19:55:49.846+0000] {processor.py:186} INFO - Started process (PID=7796) to work on /home/chirag/airflow/lib/python3.12/site-packages/airflow/example_dags/example_workday_timetable.py
[2024-11-09T19:55:49.850+0000] {processor.py:914} INFO - Processing file /home/chirag/airflow/lib/python3.12/site-packages/airflow/example_dags/example_workday_timetable.py for tasks to queue
[2024-11-09T19:55:49.864+0000] {logging_mixin.py:190} INFO - [2024-11-09T19:55:49.860+0000] {dagbag.py:588} INFO - Filling up the DagBag from /home/chirag/airflow/lib/python3.12/site-packages/airflow/example_dags/example_workday_timetable.py
[2024-11-09T19:55:49.899+0000] {processor.py:925} INFO - DAG(s) 'example_workday_timetable' retrieved from /home/chirag/airflow/lib/python3.12/site-packages/airflow/example_dags/example_workday_timetable.py
[2024-11-09T19:55:49.959+0000] {logging_mixin.py:190} INFO - [2024-11-09T19:55:49.958+0000] {dag.py:3239} INFO - Sync 1 DAGs
[2024-11-09T19:55:50.010+0000] {logging_mixin.py:190} INFO - [2024-11-09T19:55:50.010+0000] {dag.py:4180} INFO - Setting next_dagrun for example_workday_timetable to 2021-01-01 00:00:00+00:00, run_after=2021-01-02 00:00:00+00:00
[2024-11-09T19:55:50.116+0000] {processor.py:208} INFO - Processing /home/chirag/airflow/lib/python3.12/site-packages/airflow/example_dags/example_workday_timetable.py took 0.285 seconds
[2024-11-09T19:56:35.261+0000] {processor.py:186} INFO - Started process (PID=7970) to work on /home/chirag/airflow/lib/python3.12/site-packages/airflow/example_dags/example_workday_timetable.py
[2024-11-09T19:56:35.263+0000] {processor.py:914} INFO - Processing file /home/chirag/airflow/lib/python3.12/site-packages/airflow/example_dags/example_workday_timetable.py for tasks to queue
[2024-11-09T19:56:35.267+0000] {logging_mixin.py:190} INFO - [2024-11-09T19:56:35.267+0000] {dagbag.py:588} INFO - Filling up the DagBag from /home/chirag/airflow/lib/python3.12/site-packages/airflow/example_dags/example_workday_timetable.py
[2024-11-09T19:56:35.288+0000] {processor.py:925} INFO - DAG(s) 'example_workday_timetable' retrieved from /home/chirag/airflow/lib/python3.12/site-packages/airflow/example_dags/example_workday_timetable.py
[2024-11-09T19:56:35.327+0000] {logging_mixin.py:190} INFO - [2024-11-09T19:56:35.327+0000] {dag.py:3239} INFO - Sync 1 DAGs
[2024-11-09T19:56:35.399+0000] {logging_mixin.py:190} INFO - [2024-11-09T19:56:35.399+0000] {dag.py:4180} INFO - Setting next_dagrun for example_workday_timetable to 2021-01-01 00:00:00+00:00, run_after=2021-01-02 00:00:00+00:00
[2024-11-09T19:56:35.470+0000] {processor.py:208} INFO - Processing /home/chirag/airflow/lib/python3.12/site-packages/airflow/example_dags/example_workday_timetable.py took 0.220 seconds
[2024-11-09T19:57:39.808+0000] {processor.py:186} INFO - Started process (PID=8155) to work on /home/chirag/airflow/lib/python3.12/site-packages/airflow/example_dags/example_workday_timetable.py
[2024-11-09T19:57:39.811+0000] {processor.py:914} INFO - Processing file /home/chirag/airflow/lib/python3.12/site-packages/airflow/example_dags/example_workday_timetable.py for tasks to queue
[2024-11-09T19:57:39.814+0000] {logging_mixin.py:190} INFO - [2024-11-09T19:57:39.814+0000] {dagbag.py:588} INFO - Filling up the DagBag from /home/chirag/airflow/lib/python3.12/site-packages/airflow/example_dags/example_workday_timetable.py
[2024-11-09T19:57:39.825+0000] {processor.py:925} INFO - DAG(s) 'example_workday_timetable' retrieved from /home/chirag/airflow/lib/python3.12/site-packages/airflow/example_dags/example_workday_timetable.py
[2024-11-09T19:57:39.855+0000] {logging_mixin.py:190} INFO - [2024-11-09T19:57:39.854+0000] {dag.py:3239} INFO - Sync 1 DAGs
[2024-11-09T19:57:39.898+0000] {logging_mixin.py:190} INFO - [2024-11-09T19:57:39.898+0000] {dag.py:4180} INFO - Setting next_dagrun for example_workday_timetable to 2021-01-01 00:00:00+00:00, run_after=2021-01-02 00:00:00+00:00
[2024-11-09T19:57:39.961+0000] {processor.py:208} INFO - Processing /home/chirag/airflow/lib/python3.12/site-packages/airflow/example_dags/example_workday_timetable.py took 0.162 seconds
[2024-11-09T19:58:37.702+0000] {processor.py:186} INFO - Started process (PID=8465) to work on /home/chirag/airflow/lib/python3.12/site-packages/airflow/example_dags/example_workday_timetable.py
[2024-11-09T19:58:37.711+0000] {processor.py:914} INFO - Processing file /home/chirag/airflow/lib/python3.12/site-packages/airflow/example_dags/example_workday_timetable.py for tasks to queue
[2024-11-09T19:58:37.718+0000] {logging_mixin.py:190} INFO - [2024-11-09T19:58:37.718+0000] {dagbag.py:588} INFO - Filling up the DagBag from /home/chirag/airflow/lib/python3.12/site-packages/airflow/example_dags/example_workday_timetable.py
[2024-11-09T19:58:37.740+0000] {processor.py:925} INFO - DAG(s) 'example_workday_timetable' retrieved from /home/chirag/airflow/lib/python3.12/site-packages/airflow/example_dags/example_workday_timetable.py
[2024-11-09T19:58:37.801+0000] {logging_mixin.py:190} INFO - [2024-11-09T19:58:37.800+0000] {dag.py:3239} INFO - Sync 1 DAGs
[2024-11-09T19:58:37.947+0000] {logging_mixin.py:190} INFO - [2024-11-09T19:58:37.939+0000] {dag.py:4180} INFO - Setting next_dagrun for example_workday_timetable to 2021-01-01 00:00:00+00:00, run_after=2021-01-02 00:00:00+00:00
[2024-11-09T19:58:38.040+0000] {processor.py:208} INFO - Processing /home/chirag/airflow/lib/python3.12/site-packages/airflow/example_dags/example_workday_timetable.py took 0.376 seconds
[2024-11-09T20:22:15.336+0000] {processor.py:186} INFO - Started process (PID=12540) to work on /home/chirag/airflow/lib/python3.12/site-packages/airflow/example_dags/example_workday_timetable.py
[2024-11-09T20:22:15.339+0000] {processor.py:914} INFO - Processing file /home/chirag/airflow/lib/python3.12/site-packages/airflow/example_dags/example_workday_timetable.py for tasks to queue
[2024-11-09T20:22:15.343+0000] {logging_mixin.py:190} INFO - [2024-11-09T20:22:15.342+0000] {dagbag.py:588} INFO - Filling up the DagBag from /home/chirag/airflow/lib/python3.12/site-packages/airflow/example_dags/example_workday_timetable.py
[2024-11-09T20:22:15.355+0000] {processor.py:925} INFO - DAG(s) 'example_workday_timetable' retrieved from /home/chirag/airflow/lib/python3.12/site-packages/airflow/example_dags/example_workday_timetable.py
[2024-11-09T20:22:15.391+0000] {logging_mixin.py:190} INFO - [2024-11-09T20:22:15.391+0000] {dag.py:3239} INFO - Sync 1 DAGs
[2024-11-09T20:22:15.427+0000] {logging_mixin.py:190} INFO - [2024-11-09T20:22:15.426+0000] {dag.py:4180} INFO - Setting next_dagrun for example_workday_timetable to 2021-01-01 00:00:00+00:00, run_after=2021-01-02 00:00:00+00:00
[2024-11-09T20:22:15.470+0000] {processor.py:208} INFO - Processing /home/chirag/airflow/lib/python3.12/site-packages/airflow/example_dags/example_workday_timetable.py took 0.144 seconds
[2024-11-09T20:23:21.908+0000] {processor.py:186} INFO - Started process (PID=12806) to work on /home/chirag/airflow/lib/python3.12/site-packages/airflow/example_dags/example_workday_timetable.py
[2024-11-09T20:23:21.912+0000] {processor.py:914} INFO - Processing file /home/chirag/airflow/lib/python3.12/site-packages/airflow/example_dags/example_workday_timetable.py for tasks to queue
[2024-11-09T20:23:21.915+0000] {logging_mixin.py:190} INFO - [2024-11-09T20:23:21.915+0000] {dagbag.py:588} INFO - Filling up the DagBag from /home/chirag/airflow/lib/python3.12/site-packages/airflow/example_dags/example_workday_timetable.py
[2024-11-09T20:23:21.925+0000] {processor.py:925} INFO - DAG(s) 'example_workday_timetable' retrieved from /home/chirag/airflow/lib/python3.12/site-packages/airflow/example_dags/example_workday_timetable.py
[2024-11-09T20:23:21.946+0000] {logging_mixin.py:190} INFO - [2024-11-09T20:23:21.946+0000] {dag.py:3239} INFO - Sync 1 DAGs
[2024-11-09T20:23:21.973+0000] {logging_mixin.py:190} INFO - [2024-11-09T20:23:21.973+0000] {dag.py:4180} INFO - Setting next_dagrun for example_workday_timetable to 2021-01-01 00:00:00+00:00, run_after=2021-01-02 00:00:00+00:00
[2024-11-09T20:23:22.009+0000] {processor.py:208} INFO - Processing /home/chirag/airflow/lib/python3.12/site-packages/airflow/example_dags/example_workday_timetable.py took 0.110 seconds
[2024-11-09T20:24:01.278+0000] {processor.py:186} INFO - Started process (PID=12914) to work on /home/chirag/airflow/lib/python3.12/site-packages/airflow/example_dags/example_workday_timetable.py
[2024-11-09T20:24:01.280+0000] {processor.py:914} INFO - Processing file /home/chirag/airflow/lib/python3.12/site-packages/airflow/example_dags/example_workday_timetable.py for tasks to queue
[2024-11-09T20:24:01.285+0000] {logging_mixin.py:190} INFO - [2024-11-09T20:24:01.285+0000] {dagbag.py:588} INFO - Filling up the DagBag from /home/chirag/airflow/lib/python3.12/site-packages/airflow/example_dags/example_workday_timetable.py
[2024-11-09T20:24:01.294+0000] {processor.py:925} INFO - DAG(s) 'example_workday_timetable' retrieved from /home/chirag/airflow/lib/python3.12/site-packages/airflow/example_dags/example_workday_timetable.py
[2024-11-09T20:24:01.316+0000] {logging_mixin.py:190} INFO - [2024-11-09T20:24:01.316+0000] {dag.py:3239} INFO - Sync 1 DAGs
[2024-11-09T20:24:01.366+0000] {logging_mixin.py:190} INFO - [2024-11-09T20:24:01.364+0000] {dag.py:4180} INFO - Setting next_dagrun for example_workday_timetable to 2021-01-01 00:00:00+00:00, run_after=2021-01-02 00:00:00+00:00
[2024-11-09T20:24:01.463+0000] {processor.py:208} INFO - Processing /home/chirag/airflow/lib/python3.12/site-packages/airflow/example_dags/example_workday_timetable.py took 0.193 seconds
[2024-11-09T20:25:15.506+0000] {processor.py:186} INFO - Started process (PID=13128) to work on /home/chirag/airflow/lib/python3.12/site-packages/airflow/example_dags/example_workday_timetable.py
[2024-11-09T20:25:15.508+0000] {processor.py:914} INFO - Processing file /home/chirag/airflow/lib/python3.12/site-packages/airflow/example_dags/example_workday_timetable.py for tasks to queue
[2024-11-09T20:25:15.512+0000] {logging_mixin.py:190} INFO - [2024-11-09T20:25:15.512+0000] {dagbag.py:588} INFO - Filling up the DagBag from /home/chirag/airflow/lib/python3.12/site-packages/airflow/example_dags/example_workday_timetable.py
[2024-11-09T20:25:15.521+0000] {processor.py:925} INFO - DAG(s) 'example_workday_timetable' retrieved from /home/chirag/airflow/lib/python3.12/site-packages/airflow/example_dags/example_workday_timetable.py
[2024-11-09T20:25:15.544+0000] {logging_mixin.py:190} INFO - [2024-11-09T20:25:15.543+0000] {dag.py:3239} INFO - Sync 1 DAGs
[2024-11-09T20:25:15.574+0000] {logging_mixin.py:190} INFO - [2024-11-09T20:25:15.573+0000] {dag.py:4180} INFO - Setting next_dagrun for example_workday_timetable to 2021-01-01 00:00:00+00:00, run_after=2021-01-02 00:00:00+00:00
[2024-11-09T20:25:15.612+0000] {processor.py:208} INFO - Processing /home/chirag/airflow/lib/python3.12/site-packages/airflow/example_dags/example_workday_timetable.py took 0.115 seconds
[2024-11-09T20:26:11.858+0000] {processor.py:186} INFO - Started process (PID=13473) to work on /home/chirag/airflow/lib/python3.12/site-packages/airflow/example_dags/example_workday_timetable.py
[2024-11-09T20:26:11.861+0000] {processor.py:914} INFO - Processing file /home/chirag/airflow/lib/python3.12/site-packages/airflow/example_dags/example_workday_timetable.py for tasks to queue
[2024-11-09T20:26:11.865+0000] {logging_mixin.py:190} INFO - [2024-11-09T20:26:11.864+0000] {dagbag.py:588} INFO - Filling up the DagBag from /home/chirag/airflow/lib/python3.12/site-packages/airflow/example_dags/example_workday_timetable.py
[2024-11-09T20:26:11.877+0000] {processor.py:925} INFO - DAG(s) 'example_workday_timetable' retrieved from /home/chirag/airflow/lib/python3.12/site-packages/airflow/example_dags/example_workday_timetable.py
[2024-11-09T20:26:11.898+0000] {logging_mixin.py:190} INFO - [2024-11-09T20:26:11.898+0000] {dag.py:3239} INFO - Sync 1 DAGs
[2024-11-09T20:26:11.929+0000] {logging_mixin.py:190} INFO - [2024-11-09T20:26:11.928+0000] {dag.py:4180} INFO - Setting next_dagrun for example_workday_timetable to 2021-01-01 00:00:00+00:00, run_after=2021-01-02 00:00:00+00:00
[2024-11-09T20:26:11.963+0000] {processor.py:208} INFO - Processing /home/chirag/airflow/lib/python3.12/site-packages/airflow/example_dags/example_workday_timetable.py took 0.113 seconds
[2024-11-09T20:27:11.869+0000] {processor.py:186} INFO - Started process (PID=13805) to work on /home/chirag/airflow/lib/python3.12/site-packages/airflow/example_dags/example_workday_timetable.py
[2024-11-09T20:27:11.873+0000] {processor.py:914} INFO - Processing file /home/chirag/airflow/lib/python3.12/site-packages/airflow/example_dags/example_workday_timetable.py for tasks to queue
[2024-11-09T20:27:11.876+0000] {logging_mixin.py:190} INFO - [2024-11-09T20:27:11.875+0000] {dagbag.py:588} INFO - Filling up the DagBag from /home/chirag/airflow/lib/python3.12/site-packages/airflow/example_dags/example_workday_timetable.py
[2024-11-09T20:27:11.885+0000] {processor.py:925} INFO - DAG(s) 'example_workday_timetable' retrieved from /home/chirag/airflow/lib/python3.12/site-packages/airflow/example_dags/example_workday_timetable.py
[2024-11-09T20:27:11.908+0000] {logging_mixin.py:190} INFO - [2024-11-09T20:27:11.908+0000] {dag.py:3239} INFO - Sync 1 DAGs
[2024-11-09T20:27:11.939+0000] {logging_mixin.py:190} INFO - [2024-11-09T20:27:11.939+0000] {dag.py:4180} INFO - Setting next_dagrun for example_workday_timetable to 2021-01-01 00:00:00+00:00, run_after=2021-01-02 00:00:00+00:00
[2024-11-09T20:27:11.981+0000] {processor.py:208} INFO - Processing /home/chirag/airflow/lib/python3.12/site-packages/airflow/example_dags/example_workday_timetable.py took 0.120 seconds
[2024-11-09T20:28:00.585+0000] {processor.py:186} INFO - Started process (PID=13959) to work on /home/chirag/airflow/lib/python3.12/site-packages/airflow/example_dags/example_workday_timetable.py
[2024-11-09T20:28:00.588+0000] {processor.py:914} INFO - Processing file /home/chirag/airflow/lib/python3.12/site-packages/airflow/example_dags/example_workday_timetable.py for tasks to queue
[2024-11-09T20:28:00.591+0000] {logging_mixin.py:190} INFO - [2024-11-09T20:28:00.590+0000] {dagbag.py:588} INFO - Filling up the DagBag from /home/chirag/airflow/lib/python3.12/site-packages/airflow/example_dags/example_workday_timetable.py
[2024-11-09T20:28:00.601+0000] {processor.py:925} INFO - DAG(s) 'example_workday_timetable' retrieved from /home/chirag/airflow/lib/python3.12/site-packages/airflow/example_dags/example_workday_timetable.py
[2024-11-09T20:28:00.622+0000] {logging_mixin.py:190} INFO - [2024-11-09T20:28:00.622+0000] {dag.py:3239} INFO - Sync 1 DAGs
[2024-11-09T20:28:00.662+0000] {logging_mixin.py:190} INFO - [2024-11-09T20:28:00.661+0000] {dag.py:4180} INFO - Setting next_dagrun for example_workday_timetable to 2021-01-01 00:00:00+00:00, run_after=2021-01-02 00:00:00+00:00
[2024-11-09T20:28:00.703+0000] {processor.py:208} INFO - Processing /home/chirag/airflow/lib/python3.12/site-packages/airflow/example_dags/example_workday_timetable.py took 0.127 seconds
