[2024-11-09T19:17:03.075+0000] {processor.py:186} INFO - Started process (PID=94661) to work on /home/chirag/airflow/lib/python3.12/site-packages/airflow/example_dags/example_branch_labels.py
[2024-11-09T19:17:03.077+0000] {processor.py:914} INFO - Processing file /home/chirag/airflow/lib/python3.12/site-packages/airflow/example_dags/example_branch_labels.py for tasks to queue
[2024-11-09T19:17:03.082+0000] {logging_mixin.py:190} INFO - [2024-11-09T19:17:03.081+0000] {dagbag.py:588} INFO - Filling up the DagBag from /home/chirag/airflow/lib/python3.12/site-packages/airflow/example_dags/example_branch_labels.py
[2024-11-09T19:17:03.111+0000] {processor.py:925} INFO - DAG(s) 'example_branch_labels' retrieved from /home/chirag/airflow/lib/python3.12/site-packages/airflow/example_dags/example_branch_labels.py
[2024-11-09T19:17:03.371+0000] {logging_mixin.py:190} INFO - [2024-11-09T19:17:03.369+0000] {override.py:1911} INFO - Created Permission View: can delete on DAG:example_branch_labels
[2024-11-09T19:17:03.399+0000] {logging_mixin.py:190} INFO - [2024-11-09T19:17:03.398+0000] {override.py:1911} INFO - Created Permission View: can read on DAG:example_branch_labels
[2024-11-09T19:17:03.418+0000] {logging_mixin.py:190} INFO - [2024-11-09T19:17:03.417+0000] {override.py:1911} INFO - Created Permission View: can edit on DAG:example_branch_labels
[2024-11-09T19:17:03.448+0000] {logging_mixin.py:190} INFO - [2024-11-09T19:17:03.448+0000] {override.py:1911} INFO - Created Permission View: menu access on DAG Run:example_branch_labels
[2024-11-09T19:17:03.471+0000] {logging_mixin.py:190} INFO - [2024-11-09T19:17:03.470+0000] {override.py:1911} INFO - Created Permission View: can delete on DAG Run:example_branch_labels
[2024-11-09T19:17:03.492+0000] {logging_mixin.py:190} INFO - [2024-11-09T19:17:03.492+0000] {override.py:1911} INFO - Created Permission View: can read on DAG Run:example_branch_labels
[2024-11-09T19:17:03.519+0000] {logging_mixin.py:190} INFO - [2024-11-09T19:17:03.518+0000] {override.py:1911} INFO - Created Permission View: can create on DAG Run:example_branch_labels
[2024-11-09T19:17:03.520+0000] {logging_mixin.py:190} INFO - [2024-11-09T19:17:03.520+0000] {dag.py:3239} INFO - Sync 1 DAGs
[2024-11-09T19:17:03.549+0000] {logging_mixin.py:190} INFO - [2024-11-09T19:17:03.549+0000] {dag.py:3262} INFO - Creating ORM DAG for example_branch_labels
[2024-11-09T19:17:03.587+0000] {logging_mixin.py:190} INFO - [2024-11-09T19:17:03.586+0000] {dag.py:4180} INFO - Setting next_dagrun for example_branch_labels to 2024-11-08 00:00:00+00:00, run_after=2024-11-09 00:00:00+00:00
[2024-11-09T19:17:03.674+0000] {processor.py:208} INFO - Processing /home/chirag/airflow/lib/python3.12/site-packages/airflow/example_dags/example_branch_labels.py took 0.611 seconds
[2024-11-09T19:18:47.963+0000] {processor.py:186} INFO - Started process (PID=94863) to work on /home/chirag/airflow/lib/python3.12/site-packages/airflow/example_dags/example_branch_labels.py
[2024-11-09T19:18:47.967+0000] {processor.py:914} INFO - Processing file /home/chirag/airflow/lib/python3.12/site-packages/airflow/example_dags/example_branch_labels.py for tasks to queue
[2024-11-09T19:18:47.972+0000] {logging_mixin.py:190} INFO - [2024-11-09T19:18:47.971+0000] {dagbag.py:588} INFO - Filling up the DagBag from /home/chirag/airflow/lib/python3.12/site-packages/airflow/example_dags/example_branch_labels.py
[2024-11-09T19:18:47.989+0000] {processor.py:925} INFO - DAG(s) 'example_branch_labels' retrieved from /home/chirag/airflow/lib/python3.12/site-packages/airflow/example_dags/example_branch_labels.py
[2024-11-09T19:18:48.015+0000] {logging_mixin.py:190} INFO - [2024-11-09T19:18:48.015+0000] {dag.py:3239} INFO - Sync 1 DAGs
[2024-11-09T19:18:48.049+0000] {logging_mixin.py:190} INFO - [2024-11-09T19:18:48.049+0000] {dag.py:4180} INFO - Setting next_dagrun for example_branch_labels to 2024-11-08 00:00:00+00:00, run_after=2024-11-09 00:00:00+00:00
[2024-11-09T19:18:48.087+0000] {processor.py:208} INFO - Processing /home/chirag/airflow/lib/python3.12/site-packages/airflow/example_dags/example_branch_labels.py took 0.133 seconds
[2024-11-09T19:28:05.596+0000] {processor.py:186} INFO - Started process (PID=485) to work on /home/chirag/airflow/lib/python3.12/site-packages/airflow/example_dags/example_branch_labels.py
[2024-11-09T19:28:05.603+0000] {processor.py:914} INFO - Processing file /home/chirag/airflow/lib/python3.12/site-packages/airflow/example_dags/example_branch_labels.py for tasks to queue
[2024-11-09T19:28:05.606+0000] {logging_mixin.py:190} INFO - [2024-11-09T19:28:05.605+0000] {dagbag.py:588} INFO - Filling up the DagBag from /home/chirag/airflow/lib/python3.12/site-packages/airflow/example_dags/example_branch_labels.py
[2024-11-09T19:28:05.620+0000] {processor.py:925} INFO - DAG(s) 'example_branch_labels' retrieved from /home/chirag/airflow/lib/python3.12/site-packages/airflow/example_dags/example_branch_labels.py
[2024-11-09T19:28:05.643+0000] {logging_mixin.py:190} INFO - [2024-11-09T19:28:05.643+0000] {dag.py:3239} INFO - Sync 1 DAGs
[2024-11-09T19:28:05.672+0000] {logging_mixin.py:190} INFO - [2024-11-09T19:28:05.672+0000] {dag.py:4180} INFO - Setting next_dagrun for example_branch_labels to 2024-11-08 00:00:00+00:00, run_after=2024-11-09 00:00:00+00:00
[2024-11-09T19:28:05.719+0000] {processor.py:208} INFO - Processing /home/chirag/airflow/lib/python3.12/site-packages/airflow/example_dags/example_branch_labels.py took 0.131 seconds
[2024-11-09T19:29:19.685+0000] {processor.py:186} INFO - Started process (PID=573) to work on /home/chirag/airflow/lib/python3.12/site-packages/airflow/example_dags/example_branch_labels.py
[2024-11-09T19:29:19.689+0000] {processor.py:914} INFO - Processing file /home/chirag/airflow/lib/python3.12/site-packages/airflow/example_dags/example_branch_labels.py for tasks to queue
[2024-11-09T19:29:19.692+0000] {logging_mixin.py:190} INFO - [2024-11-09T19:29:19.691+0000] {dagbag.py:588} INFO - Filling up the DagBag from /home/chirag/airflow/lib/python3.12/site-packages/airflow/example_dags/example_branch_labels.py
[2024-11-09T19:29:19.706+0000] {processor.py:925} INFO - DAG(s) 'example_branch_labels' retrieved from /home/chirag/airflow/lib/python3.12/site-packages/airflow/example_dags/example_branch_labels.py
[2024-11-09T19:29:19.729+0000] {logging_mixin.py:190} INFO - [2024-11-09T19:29:19.729+0000] {dag.py:3239} INFO - Sync 1 DAGs
[2024-11-09T19:29:19.757+0000] {logging_mixin.py:190} INFO - [2024-11-09T19:29:19.757+0000] {dag.py:4180} INFO - Setting next_dagrun for example_branch_labels to 2024-11-08 00:00:00+00:00, run_after=2024-11-09 00:00:00+00:00
[2024-11-09T19:29:19.791+0000] {processor.py:208} INFO - Processing /home/chirag/airflow/lib/python3.12/site-packages/airflow/example_dags/example_branch_labels.py took 0.113 seconds
[2024-11-09T19:30:37.813+0000] {processor.py:186} INFO - Started process (PID=648) to work on /home/chirag/airflow/lib/python3.12/site-packages/airflow/example_dags/example_branch_labels.py
[2024-11-09T19:30:37.816+0000] {processor.py:914} INFO - Processing file /home/chirag/airflow/lib/python3.12/site-packages/airflow/example_dags/example_branch_labels.py for tasks to queue
[2024-11-09T19:30:37.819+0000] {logging_mixin.py:190} INFO - [2024-11-09T19:30:37.819+0000] {dagbag.py:588} INFO - Filling up the DagBag from /home/chirag/airflow/lib/python3.12/site-packages/airflow/example_dags/example_branch_labels.py
[2024-11-09T19:30:37.834+0000] {processor.py:925} INFO - DAG(s) 'example_branch_labels' retrieved from /home/chirag/airflow/lib/python3.12/site-packages/airflow/example_dags/example_branch_labels.py
[2024-11-09T19:30:37.858+0000] {logging_mixin.py:190} INFO - [2024-11-09T19:30:37.857+0000] {dag.py:3239} INFO - Sync 1 DAGs
[2024-11-09T19:30:37.902+0000] {logging_mixin.py:190} INFO - [2024-11-09T19:30:37.902+0000] {dag.py:4180} INFO - Setting next_dagrun for example_branch_labels to 2024-11-08 00:00:00+00:00, run_after=2024-11-09 00:00:00+00:00
[2024-11-09T19:30:37.937+0000] {processor.py:208} INFO - Processing /home/chirag/airflow/lib/python3.12/site-packages/airflow/example_dags/example_branch_labels.py took 0.133 seconds
[2024-11-09T19:32:11.744+0000] {processor.py:186} INFO - Started process (PID=1196) to work on /home/chirag/airflow/lib/python3.12/site-packages/airflow/example_dags/example_branch_labels.py
[2024-11-09T19:32:11.746+0000] {processor.py:914} INFO - Processing file /home/chirag/airflow/lib/python3.12/site-packages/airflow/example_dags/example_branch_labels.py for tasks to queue
[2024-11-09T19:32:11.752+0000] {logging_mixin.py:190} INFO - [2024-11-09T19:32:11.751+0000] {dagbag.py:588} INFO - Filling up the DagBag from /home/chirag/airflow/lib/python3.12/site-packages/airflow/example_dags/example_branch_labels.py
[2024-11-09T19:32:11.825+0000] {processor.py:925} INFO - DAG(s) 'example_branch_labels' retrieved from /home/chirag/airflow/lib/python3.12/site-packages/airflow/example_dags/example_branch_labels.py
[2024-11-09T19:32:11.943+0000] {logging_mixin.py:190} INFO - [2024-11-09T19:32:11.943+0000] {dag.py:3239} INFO - Sync 1 DAGs
[2024-11-09T19:32:12.082+0000] {logging_mixin.py:190} INFO - [2024-11-09T19:32:12.081+0000] {dag.py:4180} INFO - Setting next_dagrun for example_branch_labels to 2024-11-08 00:00:00+00:00, run_after=2024-11-09 00:00:00+00:00
[2024-11-09T19:32:12.248+0000] {processor.py:208} INFO - Processing /home/chirag/airflow/lib/python3.12/site-packages/airflow/example_dags/example_branch_labels.py took 0.524 seconds
[2024-11-09T19:33:26.688+0000] {processor.py:186} INFO - Started process (PID=1858) to work on /home/chirag/airflow/lib/python3.12/site-packages/airflow/example_dags/example_branch_labels.py
[2024-11-09T19:33:26.691+0000] {processor.py:914} INFO - Processing file /home/chirag/airflow/lib/python3.12/site-packages/airflow/example_dags/example_branch_labels.py for tasks to queue
[2024-11-09T19:33:26.695+0000] {logging_mixin.py:190} INFO - [2024-11-09T19:33:26.694+0000] {dagbag.py:588} INFO - Filling up the DagBag from /home/chirag/airflow/lib/python3.12/site-packages/airflow/example_dags/example_branch_labels.py
[2024-11-09T19:33:26.714+0000] {processor.py:925} INFO - DAG(s) 'example_branch_labels' retrieved from /home/chirag/airflow/lib/python3.12/site-packages/airflow/example_dags/example_branch_labels.py
[2024-11-09T19:33:26.741+0000] {logging_mixin.py:190} INFO - [2024-11-09T19:33:26.740+0000] {dag.py:3239} INFO - Sync 1 DAGs
[2024-11-09T19:33:26.782+0000] {logging_mixin.py:190} INFO - [2024-11-09T19:33:26.781+0000] {dag.py:4180} INFO - Setting next_dagrun for example_branch_labels to 2024-11-08 00:00:00+00:00, run_after=2024-11-09 00:00:00+00:00
[2024-11-09T19:33:26.835+0000] {processor.py:208} INFO - Processing /home/chirag/airflow/lib/python3.12/site-packages/airflow/example_dags/example_branch_labels.py took 0.156 seconds
[2024-11-09T19:34:46.260+0000] {processor.py:186} INFO - Started process (PID=2422) to work on /home/chirag/airflow/lib/python3.12/site-packages/airflow/example_dags/example_branch_labels.py
[2024-11-09T19:34:46.279+0000] {processor.py:914} INFO - Processing file /home/chirag/airflow/lib/python3.12/site-packages/airflow/example_dags/example_branch_labels.py for tasks to queue
[2024-11-09T19:34:46.282+0000] {logging_mixin.py:190} INFO - [2024-11-09T19:34:46.281+0000] {dagbag.py:588} INFO - Filling up the DagBag from /home/chirag/airflow/lib/python3.12/site-packages/airflow/example_dags/example_branch_labels.py
[2024-11-09T19:34:46.298+0000] {processor.py:925} INFO - DAG(s) 'example_branch_labels' retrieved from /home/chirag/airflow/lib/python3.12/site-packages/airflow/example_dags/example_branch_labels.py
[2024-11-09T19:34:46.477+0000] {logging_mixin.py:190} INFO - [2024-11-09T19:34:46.477+0000] {dag.py:3239} INFO - Sync 1 DAGs
[2024-11-09T19:34:46.502+0000] {logging_mixin.py:190} INFO - [2024-11-09T19:34:46.502+0000] {dag.py:4180} INFO - Setting next_dagrun for example_branch_labels to 2024-11-08 00:00:00+00:00, run_after=2024-11-09 00:00:00+00:00
[2024-11-09T19:34:46.592+0000] {processor.py:208} INFO - Processing /home/chirag/airflow/lib/python3.12/site-packages/airflow/example_dags/example_branch_labels.py took 0.349 seconds
[2024-11-09T19:36:15.546+0000] {processor.py:186} INFO - Started process (PID=2781) to work on /home/chirag/airflow/lib/python3.12/site-packages/airflow/example_dags/example_branch_labels.py
[2024-11-09T19:36:15.555+0000] {processor.py:914} INFO - Processing file /home/chirag/airflow/lib/python3.12/site-packages/airflow/example_dags/example_branch_labels.py for tasks to queue
[2024-11-09T19:36:15.560+0000] {logging_mixin.py:190} INFO - [2024-11-09T19:36:15.559+0000] {dagbag.py:588} INFO - Filling up the DagBag from /home/chirag/airflow/lib/python3.12/site-packages/airflow/example_dags/example_branch_labels.py
[2024-11-09T19:36:15.590+0000] {processor.py:925} INFO - DAG(s) 'example_branch_labels' retrieved from /home/chirag/airflow/lib/python3.12/site-packages/airflow/example_dags/example_branch_labels.py
[2024-11-09T19:36:15.637+0000] {logging_mixin.py:190} INFO - [2024-11-09T19:36:15.631+0000] {dag.py:3239} INFO - Sync 1 DAGs
[2024-11-09T19:36:15.676+0000] {logging_mixin.py:190} INFO - [2024-11-09T19:36:15.676+0000] {dag.py:4180} INFO - Setting next_dagrun for example_branch_labels to 2024-11-08 00:00:00+00:00, run_after=2024-11-09 00:00:00+00:00
[2024-11-09T19:36:15.716+0000] {processor.py:208} INFO - Processing /home/chirag/airflow/lib/python3.12/site-packages/airflow/example_dags/example_branch_labels.py took 0.188 seconds
[2024-11-09T19:37:28.050+0000] {processor.py:186} INFO - Started process (PID=2988) to work on /home/chirag/airflow/lib/python3.12/site-packages/airflow/example_dags/example_branch_labels.py
[2024-11-09T19:37:28.053+0000] {processor.py:914} INFO - Processing file /home/chirag/airflow/lib/python3.12/site-packages/airflow/example_dags/example_branch_labels.py for tasks to queue
[2024-11-09T19:37:28.056+0000] {logging_mixin.py:190} INFO - [2024-11-09T19:37:28.055+0000] {dagbag.py:588} INFO - Filling up the DagBag from /home/chirag/airflow/lib/python3.12/site-packages/airflow/example_dags/example_branch_labels.py
[2024-11-09T19:37:28.071+0000] {processor.py:925} INFO - DAG(s) 'example_branch_labels' retrieved from /home/chirag/airflow/lib/python3.12/site-packages/airflow/example_dags/example_branch_labels.py
[2024-11-09T19:37:28.095+0000] {logging_mixin.py:190} INFO - [2024-11-09T19:37:28.094+0000] {dag.py:3239} INFO - Sync 1 DAGs
[2024-11-09T19:37:28.124+0000] {logging_mixin.py:190} INFO - [2024-11-09T19:37:28.124+0000] {dag.py:4180} INFO - Setting next_dagrun for example_branch_labels to 2024-11-08 00:00:00+00:00, run_after=2024-11-09 00:00:00+00:00
[2024-11-09T19:37:28.166+0000] {processor.py:208} INFO - Processing /home/chirag/airflow/lib/python3.12/site-packages/airflow/example_dags/example_branch_labels.py took 0.124 seconds
[2024-11-09T19:38:40.966+0000] {processor.py:186} INFO - Started process (PID=3369) to work on /home/chirag/airflow/lib/python3.12/site-packages/airflow/example_dags/example_branch_labels.py
[2024-11-09T19:38:40.970+0000] {processor.py:914} INFO - Processing file /home/chirag/airflow/lib/python3.12/site-packages/airflow/example_dags/example_branch_labels.py for tasks to queue
[2024-11-09T19:38:40.975+0000] {logging_mixin.py:190} INFO - [2024-11-09T19:38:40.974+0000] {dagbag.py:588} INFO - Filling up the DagBag from /home/chirag/airflow/lib/python3.12/site-packages/airflow/example_dags/example_branch_labels.py
[2024-11-09T19:38:40.996+0000] {processor.py:925} INFO - DAG(s) 'example_branch_labels' retrieved from /home/chirag/airflow/lib/python3.12/site-packages/airflow/example_dags/example_branch_labels.py
[2024-11-09T19:38:41.029+0000] {logging_mixin.py:190} INFO - [2024-11-09T19:38:41.028+0000] {dag.py:3239} INFO - Sync 1 DAGs
[2024-11-09T19:38:41.080+0000] {logging_mixin.py:190} INFO - [2024-11-09T19:38:41.079+0000] {dag.py:4180} INFO - Setting next_dagrun for example_branch_labels to 2024-11-08 00:00:00+00:00, run_after=2024-11-09 00:00:00+00:00
[2024-11-09T19:38:41.123+0000] {processor.py:208} INFO - Processing /home/chirag/airflow/lib/python3.12/site-packages/airflow/example_dags/example_branch_labels.py took 0.168 seconds
[2024-11-09T19:40:06.829+0000] {processor.py:186} INFO - Started process (PID=3603) to work on /home/chirag/airflow/lib/python3.12/site-packages/airflow/example_dags/example_branch_labels.py
[2024-11-09T19:40:06.831+0000] {processor.py:914} INFO - Processing file /home/chirag/airflow/lib/python3.12/site-packages/airflow/example_dags/example_branch_labels.py for tasks to queue
[2024-11-09T19:40:06.834+0000] {logging_mixin.py:190} INFO - [2024-11-09T19:40:06.834+0000] {dagbag.py:588} INFO - Filling up the DagBag from /home/chirag/airflow/lib/python3.12/site-packages/airflow/example_dags/example_branch_labels.py
[2024-11-09T19:40:06.849+0000] {processor.py:925} INFO - DAG(s) 'example_branch_labels' retrieved from /home/chirag/airflow/lib/python3.12/site-packages/airflow/example_dags/example_branch_labels.py
[2024-11-09T19:40:06.873+0000] {logging_mixin.py:190} INFO - [2024-11-09T19:40:06.872+0000] {dag.py:3239} INFO - Sync 1 DAGs
[2024-11-09T19:40:06.903+0000] {logging_mixin.py:190} INFO - [2024-11-09T19:40:06.903+0000] {dag.py:4180} INFO - Setting next_dagrun for example_branch_labels to 2024-11-08 00:00:00+00:00, run_after=2024-11-09 00:00:00+00:00
[2024-11-09T19:40:06.950+0000] {processor.py:208} INFO - Processing /home/chirag/airflow/lib/python3.12/site-packages/airflow/example_dags/example_branch_labels.py took 0.129 seconds
[2024-11-09T19:41:20.569+0000] {processor.py:186} INFO - Started process (PID=3812) to work on /home/chirag/airflow/lib/python3.12/site-packages/airflow/example_dags/example_branch_labels.py
[2024-11-09T19:41:20.572+0000] {processor.py:914} INFO - Processing file /home/chirag/airflow/lib/python3.12/site-packages/airflow/example_dags/example_branch_labels.py for tasks to queue
[2024-11-09T19:41:20.576+0000] {logging_mixin.py:190} INFO - [2024-11-09T19:41:20.575+0000] {dagbag.py:588} INFO - Filling up the DagBag from /home/chirag/airflow/lib/python3.12/site-packages/airflow/example_dags/example_branch_labels.py
[2024-11-09T19:41:20.592+0000] {processor.py:925} INFO - DAG(s) 'example_branch_labels' retrieved from /home/chirag/airflow/lib/python3.12/site-packages/airflow/example_dags/example_branch_labels.py
[2024-11-09T19:41:20.615+0000] {logging_mixin.py:190} INFO - [2024-11-09T19:41:20.614+0000] {dag.py:3239} INFO - Sync 1 DAGs
[2024-11-09T19:41:20.646+0000] {logging_mixin.py:190} INFO - [2024-11-09T19:41:20.645+0000] {dag.py:4180} INFO - Setting next_dagrun for example_branch_labels to 2024-11-08 00:00:00+00:00, run_after=2024-11-09 00:00:00+00:00
[2024-11-09T19:41:20.688+0000] {processor.py:208} INFO - Processing /home/chirag/airflow/lib/python3.12/site-packages/airflow/example_dags/example_branch_labels.py took 0.127 seconds
[2024-11-09T19:42:34.228+0000] {processor.py:186} INFO - Started process (PID=4021) to work on /home/chirag/airflow/lib/python3.12/site-packages/airflow/example_dags/example_branch_labels.py
[2024-11-09T19:42:34.231+0000] {processor.py:914} INFO - Processing file /home/chirag/airflow/lib/python3.12/site-packages/airflow/example_dags/example_branch_labels.py for tasks to queue
[2024-11-09T19:42:34.234+0000] {logging_mixin.py:190} INFO - [2024-11-09T19:42:34.234+0000] {dagbag.py:588} INFO - Filling up the DagBag from /home/chirag/airflow/lib/python3.12/site-packages/airflow/example_dags/example_branch_labels.py
[2024-11-09T19:42:34.250+0000] {processor.py:925} INFO - DAG(s) 'example_branch_labels' retrieved from /home/chirag/airflow/lib/python3.12/site-packages/airflow/example_dags/example_branch_labels.py
[2024-11-09T19:42:34.277+0000] {logging_mixin.py:190} INFO - [2024-11-09T19:42:34.276+0000] {dag.py:3239} INFO - Sync 1 DAGs
[2024-11-09T19:42:34.310+0000] {logging_mixin.py:190} INFO - [2024-11-09T19:42:34.309+0000] {dag.py:4180} INFO - Setting next_dagrun for example_branch_labels to 2024-11-08 00:00:00+00:00, run_after=2024-11-09 00:00:00+00:00
[2024-11-09T19:42:34.348+0000] {processor.py:208} INFO - Processing /home/chirag/airflow/lib/python3.12/site-packages/airflow/example_dags/example_branch_labels.py took 0.128 seconds
[2024-11-09T19:43:54.651+0000] {processor.py:186} INFO - Started process (PID=4254) to work on /home/chirag/airflow/lib/python3.12/site-packages/airflow/example_dags/example_branch_labels.py
[2024-11-09T19:43:54.656+0000] {processor.py:914} INFO - Processing file /home/chirag/airflow/lib/python3.12/site-packages/airflow/example_dags/example_branch_labels.py for tasks to queue
[2024-11-09T19:43:54.660+0000] {logging_mixin.py:190} INFO - [2024-11-09T19:43:54.659+0000] {dagbag.py:588} INFO - Filling up the DagBag from /home/chirag/airflow/lib/python3.12/site-packages/airflow/example_dags/example_branch_labels.py
[2024-11-09T19:43:54.675+0000] {processor.py:925} INFO - DAG(s) 'example_branch_labels' retrieved from /home/chirag/airflow/lib/python3.12/site-packages/airflow/example_dags/example_branch_labels.py
[2024-11-09T19:43:54.698+0000] {logging_mixin.py:190} INFO - [2024-11-09T19:43:54.698+0000] {dag.py:3239} INFO - Sync 1 DAGs
[2024-11-09T19:43:54.728+0000] {logging_mixin.py:190} INFO - [2024-11-09T19:43:54.728+0000] {dag.py:4180} INFO - Setting next_dagrun for example_branch_labels to 2024-11-08 00:00:00+00:00, run_after=2024-11-09 00:00:00+00:00
[2024-11-09T19:43:54.768+0000] {processor.py:208} INFO - Processing /home/chirag/airflow/lib/python3.12/site-packages/airflow/example_dags/example_branch_labels.py took 0.125 seconds
[2024-11-09T19:45:04.774+0000] {processor.py:186} INFO - Started process (PID=4456) to work on /home/chirag/airflow/lib/python3.12/site-packages/airflow/example_dags/example_branch_labels.py
[2024-11-09T19:45:04.777+0000] {processor.py:914} INFO - Processing file /home/chirag/airflow/lib/python3.12/site-packages/airflow/example_dags/example_branch_labels.py for tasks to queue
[2024-11-09T19:45:04.780+0000] {logging_mixin.py:190} INFO - [2024-11-09T19:45:04.779+0000] {dagbag.py:588} INFO - Filling up the DagBag from /home/chirag/airflow/lib/python3.12/site-packages/airflow/example_dags/example_branch_labels.py
[2024-11-09T19:45:04.795+0000] {processor.py:925} INFO - DAG(s) 'example_branch_labels' retrieved from /home/chirag/airflow/lib/python3.12/site-packages/airflow/example_dags/example_branch_labels.py
[2024-11-09T19:45:04.818+0000] {logging_mixin.py:190} INFO - [2024-11-09T19:45:04.818+0000] {dag.py:3239} INFO - Sync 1 DAGs
[2024-11-09T19:45:04.850+0000] {logging_mixin.py:190} INFO - [2024-11-09T19:45:04.850+0000] {dag.py:4180} INFO - Setting next_dagrun for example_branch_labels to 2024-11-08 00:00:00+00:00, run_after=2024-11-09 00:00:00+00:00
[2024-11-09T19:45:04.890+0000] {processor.py:208} INFO - Processing /home/chirag/airflow/lib/python3.12/site-packages/airflow/example_dags/example_branch_labels.py took 0.125 seconds
[2024-11-09T19:46:52.558+0000] {processor.py:186} INFO - Started process (PID=4797) to work on /home/chirag/airflow/lib/python3.12/site-packages/airflow/example_dags/example_branch_labels.py
[2024-11-09T19:46:52.564+0000] {processor.py:914} INFO - Processing file /home/chirag/airflow/lib/python3.12/site-packages/airflow/example_dags/example_branch_labels.py for tasks to queue
[2024-11-09T19:46:52.567+0000] {logging_mixin.py:190} INFO - [2024-11-09T19:46:52.566+0000] {dagbag.py:588} INFO - Filling up the DagBag from /home/chirag/airflow/lib/python3.12/site-packages/airflow/example_dags/example_branch_labels.py
[2024-11-09T19:46:52.582+0000] {processor.py:925} INFO - DAG(s) 'example_branch_labels' retrieved from /home/chirag/airflow/lib/python3.12/site-packages/airflow/example_dags/example_branch_labels.py
[2024-11-09T19:46:52.605+0000] {logging_mixin.py:190} INFO - [2024-11-09T19:46:52.605+0000] {dag.py:3239} INFO - Sync 1 DAGs
[2024-11-09T19:46:52.634+0000] {logging_mixin.py:190} INFO - [2024-11-09T19:46:52.634+0000] {dag.py:4180} INFO - Setting next_dagrun for example_branch_labels to 2024-11-08 00:00:00+00:00, run_after=2024-11-09 00:00:00+00:00
[2024-11-09T19:46:52.674+0000] {processor.py:208} INFO - Processing /home/chirag/airflow/lib/python3.12/site-packages/airflow/example_dags/example_branch_labels.py took 0.124 seconds
[2024-11-09T19:48:06.912+0000] {processor.py:186} INFO - Started process (PID=5018) to work on /home/chirag/airflow/lib/python3.12/site-packages/airflow/example_dags/example_branch_labels.py
[2024-11-09T19:48:06.915+0000] {processor.py:914} INFO - Processing file /home/chirag/airflow/lib/python3.12/site-packages/airflow/example_dags/example_branch_labels.py for tasks to queue
[2024-11-09T19:48:06.919+0000] {logging_mixin.py:190} INFO - [2024-11-09T19:48:06.918+0000] {dagbag.py:588} INFO - Filling up the DagBag from /home/chirag/airflow/lib/python3.12/site-packages/airflow/example_dags/example_branch_labels.py
[2024-11-09T19:48:06.941+0000] {processor.py:925} INFO - DAG(s) 'example_branch_labels' retrieved from /home/chirag/airflow/lib/python3.12/site-packages/airflow/example_dags/example_branch_labels.py
[2024-11-09T19:48:06.978+0000] {logging_mixin.py:190} INFO - [2024-11-09T19:48:06.977+0000] {dag.py:3239} INFO - Sync 1 DAGs
[2024-11-09T19:48:07.026+0000] {logging_mixin.py:190} INFO - [2024-11-09T19:48:07.025+0000] {dag.py:4180} INFO - Setting next_dagrun for example_branch_labels to 2024-11-08 00:00:00+00:00, run_after=2024-11-09 00:00:00+00:00
[2024-11-09T19:48:07.065+0000] {processor.py:208} INFO - Processing /home/chirag/airflow/lib/python3.12/site-packages/airflow/example_dags/example_branch_labels.py took 0.167 seconds
[2024-11-09T19:49:20.828+0000] {processor.py:186} INFO - Started process (PID=5235) to work on /home/chirag/airflow/lib/python3.12/site-packages/airflow/example_dags/example_branch_labels.py
[2024-11-09T19:49:20.833+0000] {processor.py:914} INFO - Processing file /home/chirag/airflow/lib/python3.12/site-packages/airflow/example_dags/example_branch_labels.py for tasks to queue
[2024-11-09T19:49:20.836+0000] {logging_mixin.py:190} INFO - [2024-11-09T19:49:20.836+0000] {dagbag.py:588} INFO - Filling up the DagBag from /home/chirag/airflow/lib/python3.12/site-packages/airflow/example_dags/example_branch_labels.py
[2024-11-09T19:49:20.851+0000] {processor.py:925} INFO - DAG(s) 'example_branch_labels' retrieved from /home/chirag/airflow/lib/python3.12/site-packages/airflow/example_dags/example_branch_labels.py
[2024-11-09T19:49:20.875+0000] {logging_mixin.py:190} INFO - [2024-11-09T19:49:20.875+0000] {dag.py:3239} INFO - Sync 1 DAGs
[2024-11-09T19:49:20.905+0000] {logging_mixin.py:190} INFO - [2024-11-09T19:49:20.905+0000] {dag.py:4180} INFO - Setting next_dagrun for example_branch_labels to 2024-11-08 00:00:00+00:00, run_after=2024-11-09 00:00:00+00:00
[2024-11-09T19:49:20.946+0000] {processor.py:208} INFO - Processing /home/chirag/airflow/lib/python3.12/site-packages/airflow/example_dags/example_branch_labels.py took 0.126 seconds
[2024-11-09T19:50:32.328+0000] {processor.py:186} INFO - Started process (PID=5639) to work on /home/chirag/airflow/lib/python3.12/site-packages/airflow/example_dags/example_branch_labels.py
[2024-11-09T19:50:32.350+0000] {processor.py:914} INFO - Processing file /home/chirag/airflow/lib/python3.12/site-packages/airflow/example_dags/example_branch_labels.py for tasks to queue
[2024-11-09T19:50:32.357+0000] {logging_mixin.py:190} INFO - [2024-11-09T19:50:32.356+0000] {dagbag.py:588} INFO - Filling up the DagBag from /home/chirag/airflow/lib/python3.12/site-packages/airflow/example_dags/example_branch_labels.py
[2024-11-09T19:50:32.405+0000] {processor.py:925} INFO - DAG(s) 'example_branch_labels' retrieved from /home/chirag/airflow/lib/python3.12/site-packages/airflow/example_dags/example_branch_labels.py
[2024-11-09T19:50:32.462+0000] {logging_mixin.py:190} INFO - [2024-11-09T19:50:32.461+0000] {dag.py:3239} INFO - Sync 1 DAGs
[2024-11-09T19:50:32.512+0000] {logging_mixin.py:190} INFO - [2024-11-09T19:50:32.512+0000] {dag.py:4180} INFO - Setting next_dagrun for example_branch_labels to 2024-11-08 00:00:00+00:00, run_after=2024-11-09 00:00:00+00:00
[2024-11-09T19:50:32.553+0000] {processor.py:208} INFO - Processing /home/chirag/airflow/lib/python3.12/site-packages/airflow/example_dags/example_branch_labels.py took 0.255 seconds
[2024-11-09T19:51:47.442+0000] {processor.py:186} INFO - Started process (PID=6239) to work on /home/chirag/airflow/lib/python3.12/site-packages/airflow/example_dags/example_branch_labels.py
[2024-11-09T19:51:47.445+0000] {processor.py:914} INFO - Processing file /home/chirag/airflow/lib/python3.12/site-packages/airflow/example_dags/example_branch_labels.py for tasks to queue
[2024-11-09T19:51:47.449+0000] {logging_mixin.py:190} INFO - [2024-11-09T19:51:47.448+0000] {dagbag.py:588} INFO - Filling up the DagBag from /home/chirag/airflow/lib/python3.12/site-packages/airflow/example_dags/example_branch_labels.py
[2024-11-09T19:51:47.464+0000] {processor.py:925} INFO - DAG(s) 'example_branch_labels' retrieved from /home/chirag/airflow/lib/python3.12/site-packages/airflow/example_dags/example_branch_labels.py
[2024-11-09T19:51:47.488+0000] {logging_mixin.py:190} INFO - [2024-11-09T19:51:47.488+0000] {dag.py:3239} INFO - Sync 1 DAGs
[2024-11-09T19:51:47.541+0000] {logging_mixin.py:190} INFO - [2024-11-09T19:51:47.541+0000] {dag.py:4180} INFO - Setting next_dagrun for example_branch_labels to 2024-11-08 00:00:00+00:00, run_after=2024-11-09 00:00:00+00:00
[2024-11-09T19:51:47.597+0000] {processor.py:208} INFO - Processing /home/chirag/airflow/lib/python3.12/site-packages/airflow/example_dags/example_branch_labels.py took 0.163 seconds
[2024-11-09T19:53:34.869+0000] {processor.py:186} INFO - Started process (PID=6757) to work on /home/chirag/airflow/lib/python3.12/site-packages/airflow/example_dags/example_branch_labels.py
[2024-11-09T19:53:34.881+0000] {processor.py:914} INFO - Processing file /home/chirag/airflow/lib/python3.12/site-packages/airflow/example_dags/example_branch_labels.py for tasks to queue
[2024-11-09T19:53:34.886+0000] {logging_mixin.py:190} INFO - [2024-11-09T19:53:34.886+0000] {dagbag.py:588} INFO - Filling up the DagBag from /home/chirag/airflow/lib/python3.12/site-packages/airflow/example_dags/example_branch_labels.py
[2024-11-09T19:53:34.911+0000] {processor.py:925} INFO - DAG(s) 'example_branch_labels' retrieved from /home/chirag/airflow/lib/python3.12/site-packages/airflow/example_dags/example_branch_labels.py
[2024-11-09T19:53:34.971+0000] {logging_mixin.py:190} INFO - [2024-11-09T19:53:34.971+0000] {dag.py:3239} INFO - Sync 1 DAGs
[2024-11-09T19:53:35.059+0000] {logging_mixin.py:190} INFO - [2024-11-09T19:53:35.059+0000] {dag.py:4180} INFO - Setting next_dagrun for example_branch_labels to 2024-11-08 00:00:00+00:00, run_after=2024-11-09 00:00:00+00:00
[2024-11-09T19:53:35.221+0000] {processor.py:208} INFO - Processing /home/chirag/airflow/lib/python3.12/site-packages/airflow/example_dags/example_branch_labels.py took 0.370 seconds
[2024-11-09T19:54:49.955+0000] {processor.py:186} INFO - Started process (PID=7359) to work on /home/chirag/airflow/lib/python3.12/site-packages/airflow/example_dags/example_branch_labels.py
[2024-11-09T19:54:49.958+0000] {processor.py:914} INFO - Processing file /home/chirag/airflow/lib/python3.12/site-packages/airflow/example_dags/example_branch_labels.py for tasks to queue
[2024-11-09T19:54:49.961+0000] {logging_mixin.py:190} INFO - [2024-11-09T19:54:49.961+0000] {dagbag.py:588} INFO - Filling up the DagBag from /home/chirag/airflow/lib/python3.12/site-packages/airflow/example_dags/example_branch_labels.py
[2024-11-09T19:54:49.979+0000] {processor.py:925} INFO - DAG(s) 'example_branch_labels' retrieved from /home/chirag/airflow/lib/python3.12/site-packages/airflow/example_dags/example_branch_labels.py
[2024-11-09T19:54:50.022+0000] {logging_mixin.py:190} INFO - [2024-11-09T19:54:50.021+0000] {dag.py:3239} INFO - Sync 1 DAGs
[2024-11-09T19:54:50.064+0000] {logging_mixin.py:190} INFO - [2024-11-09T19:54:50.064+0000] {dag.py:4180} INFO - Setting next_dagrun for example_branch_labels to 2024-11-08 00:00:00+00:00, run_after=2024-11-09 00:00:00+00:00
[2024-11-09T19:54:50.104+0000] {processor.py:208} INFO - Processing /home/chirag/airflow/lib/python3.12/site-packages/airflow/example_dags/example_branch_labels.py took 0.160 seconds
[2024-11-09T19:56:08.991+0000] {processor.py:186} INFO - Started process (PID=7899) to work on /home/chirag/airflow/lib/python3.12/site-packages/airflow/example_dags/example_branch_labels.py
[2024-11-09T19:56:08.994+0000] {processor.py:914} INFO - Processing file /home/chirag/airflow/lib/python3.12/site-packages/airflow/example_dags/example_branch_labels.py for tasks to queue
[2024-11-09T19:56:08.999+0000] {logging_mixin.py:190} INFO - [2024-11-09T19:56:08.997+0000] {dagbag.py:588} INFO - Filling up the DagBag from /home/chirag/airflow/lib/python3.12/site-packages/airflow/example_dags/example_branch_labels.py
[2024-11-09T19:56:09.042+0000] {processor.py:925} INFO - DAG(s) 'example_branch_labels' retrieved from /home/chirag/airflow/lib/python3.12/site-packages/airflow/example_dags/example_branch_labels.py
[2024-11-09T19:56:09.080+0000] {logging_mixin.py:190} INFO - [2024-11-09T19:56:09.079+0000] {dag.py:3239} INFO - Sync 1 DAGs
[2024-11-09T19:56:09.142+0000] {logging_mixin.py:190} INFO - [2024-11-09T19:56:09.141+0000] {dag.py:4180} INFO - Setting next_dagrun for example_branch_labels to 2024-11-08 00:00:00+00:00, run_after=2024-11-09 00:00:00+00:00
[2024-11-09T19:56:09.195+0000] {processor.py:208} INFO - Processing /home/chirag/airflow/lib/python3.12/site-packages/airflow/example_dags/example_branch_labels.py took 0.218 seconds
[2024-11-09T19:58:11.971+0000] {processor.py:186} INFO - Started process (PID=8364) to work on /home/chirag/airflow/lib/python3.12/site-packages/airflow/example_dags/example_branch_labels.py
[2024-11-09T19:58:11.974+0000] {processor.py:914} INFO - Processing file /home/chirag/airflow/lib/python3.12/site-packages/airflow/example_dags/example_branch_labels.py for tasks to queue
[2024-11-09T19:58:11.977+0000] {logging_mixin.py:190} INFO - [2024-11-09T19:58:11.976+0000] {dagbag.py:588} INFO - Filling up the DagBag from /home/chirag/airflow/lib/python3.12/site-packages/airflow/example_dags/example_branch_labels.py
[2024-11-09T19:58:11.991+0000] {processor.py:925} INFO - DAG(s) 'example_branch_labels' retrieved from /home/chirag/airflow/lib/python3.12/site-packages/airflow/example_dags/example_branch_labels.py
[2024-11-09T19:58:12.015+0000] {logging_mixin.py:190} INFO - [2024-11-09T19:58:12.015+0000] {dag.py:3239} INFO - Sync 1 DAGs
[2024-11-09T19:58:12.046+0000] {logging_mixin.py:190} INFO - [2024-11-09T19:58:12.046+0000] {dag.py:4180} INFO - Setting next_dagrun for example_branch_labels to 2024-11-08 00:00:00+00:00, run_after=2024-11-09 00:00:00+00:00
[2024-11-09T19:58:12.082+0000] {processor.py:208} INFO - Processing /home/chirag/airflow/lib/python3.12/site-packages/airflow/example_dags/example_branch_labels.py took 0.119 seconds
[2024-11-09T20:22:47.674+0000] {processor.py:186} INFO - Started process (PID=12707) to work on /home/chirag/airflow/lib/python3.12/site-packages/airflow/example_dags/example_branch_labels.py
[2024-11-09T20:22:47.677+0000] {processor.py:914} INFO - Processing file /home/chirag/airflow/lib/python3.12/site-packages/airflow/example_dags/example_branch_labels.py for tasks to queue
[2024-11-09T20:22:47.683+0000] {logging_mixin.py:190} INFO - [2024-11-09T20:22:47.682+0000] {dagbag.py:588} INFO - Filling up the DagBag from /home/chirag/airflow/lib/python3.12/site-packages/airflow/example_dags/example_branch_labels.py
[2024-11-09T20:22:47.703+0000] {processor.py:925} INFO - DAG(s) 'example_branch_labels' retrieved from /home/chirag/airflow/lib/python3.12/site-packages/airflow/example_dags/example_branch_labels.py
[2024-11-09T20:22:47.729+0000] {logging_mixin.py:190} INFO - [2024-11-09T20:22:47.729+0000] {dag.py:3239} INFO - Sync 1 DAGs
[2024-11-09T20:22:47.760+0000] {logging_mixin.py:190} INFO - [2024-11-09T20:22:47.760+0000] {dag.py:4180} INFO - Setting next_dagrun for example_branch_labels to 2024-11-08 00:00:00+00:00, run_after=2024-11-09 00:00:00+00:00
[2024-11-09T20:22:47.801+0000] {processor.py:208} INFO - Processing /home/chirag/airflow/lib/python3.12/site-packages/airflow/example_dags/example_branch_labels.py took 0.139 seconds
[2024-11-09T20:24:05.074+0000] {processor.py:186} INFO - Started process (PID=12929) to work on /home/chirag/airflow/lib/python3.12/site-packages/airflow/example_dags/example_branch_labels.py
[2024-11-09T20:24:05.077+0000] {processor.py:914} INFO - Processing file /home/chirag/airflow/lib/python3.12/site-packages/airflow/example_dags/example_branch_labels.py for tasks to queue
[2024-11-09T20:24:05.080+0000] {logging_mixin.py:190} INFO - [2024-11-09T20:24:05.079+0000] {dagbag.py:588} INFO - Filling up the DagBag from /home/chirag/airflow/lib/python3.12/site-packages/airflow/example_dags/example_branch_labels.py
[2024-11-09T20:24:05.095+0000] {processor.py:925} INFO - DAG(s) 'example_branch_labels' retrieved from /home/chirag/airflow/lib/python3.12/site-packages/airflow/example_dags/example_branch_labels.py
[2024-11-09T20:24:05.122+0000] {logging_mixin.py:190} INFO - [2024-11-09T20:24:05.121+0000] {dag.py:3239} INFO - Sync 1 DAGs
[2024-11-09T20:24:05.153+0000] {logging_mixin.py:190} INFO - [2024-11-09T20:24:05.153+0000] {dag.py:4180} INFO - Setting next_dagrun for example_branch_labels to 2024-11-08 00:00:00+00:00, run_after=2024-11-09 00:00:00+00:00
[2024-11-09T20:24:05.193+0000] {processor.py:208} INFO - Processing /home/chirag/airflow/lib/python3.12/site-packages/airflow/example_dags/example_branch_labels.py took 0.127 seconds
[2024-11-09T20:25:19.730+0000] {processor.py:186} INFO - Started process (PID=13138) to work on /home/chirag/airflow/lib/python3.12/site-packages/airflow/example_dags/example_branch_labels.py
[2024-11-09T20:25:19.733+0000] {processor.py:914} INFO - Processing file /home/chirag/airflow/lib/python3.12/site-packages/airflow/example_dags/example_branch_labels.py for tasks to queue
[2024-11-09T20:25:19.736+0000] {logging_mixin.py:190} INFO - [2024-11-09T20:25:19.736+0000] {dagbag.py:588} INFO - Filling up the DagBag from /home/chirag/airflow/lib/python3.12/site-packages/airflow/example_dags/example_branch_labels.py
[2024-11-09T20:25:19.752+0000] {processor.py:925} INFO - DAG(s) 'example_branch_labels' retrieved from /home/chirag/airflow/lib/python3.12/site-packages/airflow/example_dags/example_branch_labels.py
[2024-11-09T20:25:19.779+0000] {logging_mixin.py:190} INFO - [2024-11-09T20:25:19.779+0000] {dag.py:3239} INFO - Sync 1 DAGs
[2024-11-09T20:25:19.811+0000] {logging_mixin.py:190} INFO - [2024-11-09T20:25:19.810+0000] {dag.py:4180} INFO - Setting next_dagrun for example_branch_labels to 2024-11-08 00:00:00+00:00, run_after=2024-11-09 00:00:00+00:00
[2024-11-09T20:25:19.845+0000] {processor.py:208} INFO - Processing /home/chirag/airflow/lib/python3.12/site-packages/airflow/example_dags/example_branch_labels.py took 0.123 seconds
[2024-11-09T20:26:46.461+0000] {processor.py:186} INFO - Started process (PID=13665) to work on /home/chirag/airflow/lib/python3.12/site-packages/airflow/example_dags/example_branch_labels.py
[2024-11-09T20:26:46.466+0000] {processor.py:914} INFO - Processing file /home/chirag/airflow/lib/python3.12/site-packages/airflow/example_dags/example_branch_labels.py for tasks to queue
[2024-11-09T20:26:46.472+0000] {logging_mixin.py:190} INFO - [2024-11-09T20:26:46.471+0000] {dagbag.py:588} INFO - Filling up the DagBag from /home/chirag/airflow/lib/python3.12/site-packages/airflow/example_dags/example_branch_labels.py
[2024-11-09T20:26:46.502+0000] {processor.py:925} INFO - DAG(s) 'example_branch_labels' retrieved from /home/chirag/airflow/lib/python3.12/site-packages/airflow/example_dags/example_branch_labels.py
[2024-11-09T20:26:46.548+0000] {logging_mixin.py:190} INFO - [2024-11-09T20:26:46.547+0000] {dag.py:3239} INFO - Sync 1 DAGs
[2024-11-09T20:26:46.614+0000] {logging_mixin.py:190} INFO - [2024-11-09T20:26:46.614+0000] {dag.py:4180} INFO - Setting next_dagrun for example_branch_labels to 2024-11-08 00:00:00+00:00, run_after=2024-11-09 00:00:00+00:00
[2024-11-09T20:26:46.684+0000] {processor.py:208} INFO - Processing /home/chirag/airflow/lib/python3.12/site-packages/airflow/example_dags/example_branch_labels.py took 0.241 seconds
[2024-11-09T20:28:26.070+0000] {processor.py:186} INFO - Started process (PID=14176) to work on /home/chirag/airflow/lib/python3.12/site-packages/airflow/example_dags/example_branch_labels.py
[2024-11-09T20:28:26.073+0000] {processor.py:914} INFO - Processing file /home/chirag/airflow/lib/python3.12/site-packages/airflow/example_dags/example_branch_labels.py for tasks to queue
[2024-11-09T20:28:26.076+0000] {logging_mixin.py:190} INFO - [2024-11-09T20:28:26.076+0000] {dagbag.py:588} INFO - Filling up the DagBag from /home/chirag/airflow/lib/python3.12/site-packages/airflow/example_dags/example_branch_labels.py
[2024-11-09T20:28:26.091+0000] {processor.py:925} INFO - DAG(s) 'example_branch_labels' retrieved from /home/chirag/airflow/lib/python3.12/site-packages/airflow/example_dags/example_branch_labels.py
[2024-11-09T20:28:26.114+0000] {logging_mixin.py:190} INFO - [2024-11-09T20:28:26.114+0000] {dag.py:3239} INFO - Sync 1 DAGs
[2024-11-09T20:28:26.145+0000] {logging_mixin.py:190} INFO - [2024-11-09T20:28:26.145+0000] {dag.py:4180} INFO - Setting next_dagrun for example_branch_labels to 2024-11-08 00:00:00+00:00, run_after=2024-11-09 00:00:00+00:00
[2024-11-09T20:28:26.372+0000] {processor.py:208} INFO - Processing /home/chirag/airflow/lib/python3.12/site-packages/airflow/example_dags/example_branch_labels.py took 0.310 seconds
