[2024-11-09T19:16:41.522+0000] {processor.py:186} INFO - Started process (PID=94631) to work on /home/chirag/airflow/lib/python3.12/site-packages/airflow/example_dags/example_task_group_decorator.py
[2024-11-09T19:16:41.524+0000] {processor.py:914} INFO - Processing file /home/chirag/airflow/lib/python3.12/site-packages/airflow/example_dags/example_task_group_decorator.py for tasks to queue
[2024-11-09T19:16:41.529+0000] {logging_mixin.py:190} INFO - [2024-11-09T19:16:41.527+0000] {dagbag.py:588} INFO - Filling up the DagBag from /home/chirag/airflow/lib/python3.12/site-packages/airflow/example_dags/example_task_group_decorator.py
[2024-11-09T19:16:41.584+0000] {processor.py:925} INFO - DAG(s) 'example_task_group_decorator' retrieved from /home/chirag/airflow/lib/python3.12/site-packages/airflow/example_dags/example_task_group_decorator.py
[2024-11-09T19:16:41.809+0000] {logging_mixin.py:190} INFO - [2024-11-09T19:16:41.807+0000] {override.py:1911} INFO - Created Permission View: can delete on DAG:example_task_group_decorator
[2024-11-09T19:16:41.863+0000] {logging_mixin.py:190} INFO - [2024-11-09T19:16:41.862+0000] {override.py:1911} INFO - Created Permission View: can read on DAG:example_task_group_decorator
[2024-11-09T19:16:41.885+0000] {logging_mixin.py:190} INFO - [2024-11-09T19:16:41.885+0000] {override.py:1911} INFO - Created Permission View: can edit on DAG:example_task_group_decorator
[2024-11-09T19:16:41.917+0000] {logging_mixin.py:190} INFO - [2024-11-09T19:16:41.916+0000] {override.py:1911} INFO - Created Permission View: menu access on DAG Run:example_task_group_decorator
[2024-11-09T19:16:41.941+0000] {logging_mixin.py:190} INFO - [2024-11-09T19:16:41.940+0000] {override.py:1911} INFO - Created Permission View: can delete on DAG Run:example_task_group_decorator
[2024-11-09T19:16:41.960+0000] {logging_mixin.py:190} INFO - [2024-11-09T19:16:41.959+0000] {override.py:1911} INFO - Created Permission View: can read on DAG Run:example_task_group_decorator
[2024-11-09T19:16:41.978+0000] {logging_mixin.py:190} INFO - [2024-11-09T19:16:41.978+0000] {override.py:1911} INFO - Created Permission View: can create on DAG Run:example_task_group_decorator
[2024-11-09T19:16:41.979+0000] {logging_mixin.py:190} INFO - [2024-11-09T19:16:41.979+0000] {dag.py:3239} INFO - Sync 1 DAGs
[2024-11-09T19:16:41.998+0000] {logging_mixin.py:190} INFO - [2024-11-09T19:16:41.998+0000] {dag.py:3262} INFO - Creating ORM DAG for example_task_group_decorator
[2024-11-09T19:16:41.999+0000] {logging_mixin.py:190} INFO - [2024-11-09T19:16:41.999+0000] {dag.py:4180} INFO - Setting next_dagrun for example_task_group_decorator to None, run_after=None
[2024-11-09T19:16:42.048+0000] {processor.py:208} INFO - Processing /home/chirag/airflow/lib/python3.12/site-packages/airflow/example_dags/example_task_group_decorator.py took 0.540 seconds
[2024-11-09T19:18:25.359+0000] {processor.py:186} INFO - Started process (PID=94829) to work on /home/chirag/airflow/lib/python3.12/site-packages/airflow/example_dags/example_task_group_decorator.py
[2024-11-09T19:18:25.381+0000] {processor.py:914} INFO - Processing file /home/chirag/airflow/lib/python3.12/site-packages/airflow/example_dags/example_task_group_decorator.py for tasks to queue
[2024-11-09T19:18:25.397+0000] {logging_mixin.py:190} INFO - [2024-11-09T19:18:25.396+0000] {dagbag.py:588} INFO - Filling up the DagBag from /home/chirag/airflow/lib/python3.12/site-packages/airflow/example_dags/example_task_group_decorator.py
[2024-11-09T19:18:25.545+0000] {processor.py:925} INFO - DAG(s) 'example_task_group_decorator' retrieved from /home/chirag/airflow/lib/python3.12/site-packages/airflow/example_dags/example_task_group_decorator.py
[2024-11-09T19:18:25.765+0000] {logging_mixin.py:190} INFO - [2024-11-09T19:18:25.764+0000] {dag.py:3239} INFO - Sync 1 DAGs
[2024-11-09T19:18:25.909+0000] {logging_mixin.py:190} INFO - [2024-11-09T19:18:25.908+0000] {dag.py:4180} INFO - Setting next_dagrun for example_task_group_decorator to None, run_after=None
[2024-11-09T19:18:26.078+0000] {processor.py:208} INFO - Processing /home/chirag/airflow/lib/python3.12/site-packages/airflow/example_dags/example_task_group_decorator.py took 0.770 seconds
[2024-11-09T19:27:48.674+0000] {processor.py:186} INFO - Started process (PID=466) to work on /home/chirag/airflow/lib/python3.12/site-packages/airflow/example_dags/example_task_group_decorator.py
[2024-11-09T19:27:48.678+0000] {processor.py:914} INFO - Processing file /home/chirag/airflow/lib/python3.12/site-packages/airflow/example_dags/example_task_group_decorator.py for tasks to queue
[2024-11-09T19:27:48.682+0000] {logging_mixin.py:190} INFO - [2024-11-09T19:27:48.682+0000] {dagbag.py:588} INFO - Filling up the DagBag from /home/chirag/airflow/lib/python3.12/site-packages/airflow/example_dags/example_task_group_decorator.py
[2024-11-09T19:27:48.709+0000] {processor.py:925} INFO - DAG(s) 'example_task_group_decorator' retrieved from /home/chirag/airflow/lib/python3.12/site-packages/airflow/example_dags/example_task_group_decorator.py
[2024-11-09T19:27:48.752+0000] {logging_mixin.py:190} INFO - [2024-11-09T19:27:48.751+0000] {dag.py:3239} INFO - Sync 1 DAGs
[2024-11-09T19:27:48.771+0000] {logging_mixin.py:190} INFO - [2024-11-09T19:27:48.771+0000] {dag.py:4180} INFO - Setting next_dagrun for example_task_group_decorator to None, run_after=None
[2024-11-09T19:27:48.806+0000] {processor.py:208} INFO - Processing /home/chirag/airflow/lib/python3.12/site-packages/airflow/example_dags/example_task_group_decorator.py took 0.139 seconds
[2024-11-09T19:28:55.889+0000] {processor.py:186} INFO - Started process (PID=549) to work on /home/chirag/airflow/lib/python3.12/site-packages/airflow/example_dags/example_task_group_decorator.py
[2024-11-09T19:28:55.892+0000] {processor.py:914} INFO - Processing file /home/chirag/airflow/lib/python3.12/site-packages/airflow/example_dags/example_task_group_decorator.py for tasks to queue
[2024-11-09T19:28:55.895+0000] {logging_mixin.py:190} INFO - [2024-11-09T19:28:55.894+0000] {dagbag.py:588} INFO - Filling up the DagBag from /home/chirag/airflow/lib/python3.12/site-packages/airflow/example_dags/example_task_group_decorator.py
[2024-11-09T19:28:55.918+0000] {processor.py:925} INFO - DAG(s) 'example_task_group_decorator' retrieved from /home/chirag/airflow/lib/python3.12/site-packages/airflow/example_dags/example_task_group_decorator.py
[2024-11-09T19:28:55.948+0000] {logging_mixin.py:190} INFO - [2024-11-09T19:28:55.948+0000] {dag.py:3239} INFO - Sync 1 DAGs
[2024-11-09T19:28:55.966+0000] {logging_mixin.py:190} INFO - [2024-11-09T19:28:55.966+0000] {dag.py:4180} INFO - Setting next_dagrun for example_task_group_decorator to None, run_after=None
[2024-11-09T19:28:55.999+0000] {processor.py:208} INFO - Processing /home/chirag/airflow/lib/python3.12/site-packages/airflow/example_dags/example_task_group_decorator.py took 0.118 seconds
[2024-11-09T19:30:10.238+0000] {processor.py:186} INFO - Started process (PID=624) to work on /home/chirag/airflow/lib/python3.12/site-packages/airflow/example_dags/example_task_group_decorator.py
[2024-11-09T19:30:10.241+0000] {processor.py:914} INFO - Processing file /home/chirag/airflow/lib/python3.12/site-packages/airflow/example_dags/example_task_group_decorator.py for tasks to queue
[2024-11-09T19:30:10.252+0000] {logging_mixin.py:190} INFO - [2024-11-09T19:30:10.251+0000] {dagbag.py:588} INFO - Filling up the DagBag from /home/chirag/airflow/lib/python3.12/site-packages/airflow/example_dags/example_task_group_decorator.py
[2024-11-09T19:30:10.318+0000] {processor.py:925} INFO - DAG(s) 'example_task_group_decorator' retrieved from /home/chirag/airflow/lib/python3.12/site-packages/airflow/example_dags/example_task_group_decorator.py
[2024-11-09T19:30:10.396+0000] {logging_mixin.py:190} INFO - [2024-11-09T19:30:10.395+0000] {dag.py:3239} INFO - Sync 1 DAGs
[2024-11-09T19:30:10.447+0000] {logging_mixin.py:190} INFO - [2024-11-09T19:30:10.446+0000] {dag.py:4180} INFO - Setting next_dagrun for example_task_group_decorator to None, run_after=None
[2024-11-09T19:30:10.511+0000] {processor.py:208} INFO - Processing /home/chirag/airflow/lib/python3.12/site-packages/airflow/example_dags/example_task_group_decorator.py took 0.294 seconds
[2024-11-09T19:31:27.389+0000] {processor.py:186} INFO - Started process (PID=691) to work on /home/chirag/airflow/lib/python3.12/site-packages/airflow/example_dags/example_task_group_decorator.py
[2024-11-09T19:31:27.392+0000] {processor.py:914} INFO - Processing file /home/chirag/airflow/lib/python3.12/site-packages/airflow/example_dags/example_task_group_decorator.py for tasks to queue
[2024-11-09T19:31:27.397+0000] {logging_mixin.py:190} INFO - [2024-11-09T19:31:27.396+0000] {dagbag.py:588} INFO - Filling up the DagBag from /home/chirag/airflow/lib/python3.12/site-packages/airflow/example_dags/example_task_group_decorator.py
[2024-11-09T19:31:27.428+0000] {processor.py:925} INFO - DAG(s) 'example_task_group_decorator' retrieved from /home/chirag/airflow/lib/python3.12/site-packages/airflow/example_dags/example_task_group_decorator.py
[2024-11-09T19:31:27.461+0000] {logging_mixin.py:190} INFO - [2024-11-09T19:31:27.461+0000] {dag.py:3239} INFO - Sync 1 DAGs
[2024-11-09T19:31:27.480+0000] {logging_mixin.py:190} INFO - [2024-11-09T19:31:27.480+0000] {dag.py:4180} INFO - Setting next_dagrun for example_task_group_decorator to None, run_after=None
[2024-11-09T19:31:27.518+0000] {processor.py:208} INFO - Processing /home/chirag/airflow/lib/python3.12/site-packages/airflow/example_dags/example_task_group_decorator.py took 0.137 seconds
[2024-11-09T19:33:09.102+0000] {processor.py:186} INFO - Started process (PID=1741) to work on /home/chirag/airflow/lib/python3.12/site-packages/airflow/example_dags/example_task_group_decorator.py
[2024-11-09T19:33:09.108+0000] {processor.py:914} INFO - Processing file /home/chirag/airflow/lib/python3.12/site-packages/airflow/example_dags/example_task_group_decorator.py for tasks to queue
[2024-11-09T19:33:09.111+0000] {logging_mixin.py:190} INFO - [2024-11-09T19:33:09.111+0000] {dagbag.py:588} INFO - Filling up the DagBag from /home/chirag/airflow/lib/python3.12/site-packages/airflow/example_dags/example_task_group_decorator.py
[2024-11-09T19:33:09.135+0000] {processor.py:925} INFO - DAG(s) 'example_task_group_decorator' retrieved from /home/chirag/airflow/lib/python3.12/site-packages/airflow/example_dags/example_task_group_decorator.py
[2024-11-09T19:33:09.172+0000] {logging_mixin.py:190} INFO - [2024-11-09T19:33:09.171+0000] {dag.py:3239} INFO - Sync 1 DAGs
[2024-11-09T19:33:09.207+0000] {logging_mixin.py:190} INFO - [2024-11-09T19:33:09.207+0000] {dag.py:4180} INFO - Setting next_dagrun for example_task_group_decorator to None, run_after=None
[2024-11-09T19:33:09.244+0000] {processor.py:208} INFO - Processing /home/chirag/airflow/lib/python3.12/site-packages/airflow/example_dags/example_task_group_decorator.py took 0.150 seconds
[2024-11-09T19:34:25.353+0000] {processor.py:186} INFO - Started process (PID=2275) to work on /home/chirag/airflow/lib/python3.12/site-packages/airflow/example_dags/example_task_group_decorator.py
[2024-11-09T19:34:25.362+0000] {processor.py:914} INFO - Processing file /home/chirag/airflow/lib/python3.12/site-packages/airflow/example_dags/example_task_group_decorator.py for tasks to queue
[2024-11-09T19:34:25.366+0000] {logging_mixin.py:190} INFO - [2024-11-09T19:34:25.365+0000] {dagbag.py:588} INFO - Filling up the DagBag from /home/chirag/airflow/lib/python3.12/site-packages/airflow/example_dags/example_task_group_decorator.py
[2024-11-09T19:34:25.393+0000] {processor.py:925} INFO - DAG(s) 'example_task_group_decorator' retrieved from /home/chirag/airflow/lib/python3.12/site-packages/airflow/example_dags/example_task_group_decorator.py
[2024-11-09T19:34:25.427+0000] {logging_mixin.py:190} INFO - [2024-11-09T19:34:25.427+0000] {dag.py:3239} INFO - Sync 1 DAGs
[2024-11-09T19:34:25.617+0000] {logging_mixin.py:190} INFO - [2024-11-09T19:34:25.616+0000] {dag.py:4180} INFO - Setting next_dagrun for example_task_group_decorator to None, run_after=None
[2024-11-09T19:34:25.671+0000] {processor.py:208} INFO - Processing /home/chirag/airflow/lib/python3.12/site-packages/airflow/example_dags/example_task_group_decorator.py took 0.327 seconds
[2024-11-09T19:35:54.935+0000] {processor.py:186} INFO - Started process (PID=2729) to work on /home/chirag/airflow/lib/python3.12/site-packages/airflow/example_dags/example_task_group_decorator.py
[2024-11-09T19:35:54.957+0000] {processor.py:914} INFO - Processing file /home/chirag/airflow/lib/python3.12/site-packages/airflow/example_dags/example_task_group_decorator.py for tasks to queue
[2024-11-09T19:35:54.965+0000] {logging_mixin.py:190} INFO - [2024-11-09T19:35:54.964+0000] {dagbag.py:588} INFO - Filling up the DagBag from /home/chirag/airflow/lib/python3.12/site-packages/airflow/example_dags/example_task_group_decorator.py
[2024-11-09T19:35:55.126+0000] {processor.py:925} INFO - DAG(s) 'example_task_group_decorator' retrieved from /home/chirag/airflow/lib/python3.12/site-packages/airflow/example_dags/example_task_group_decorator.py
[2024-11-09T19:35:55.302+0000] {logging_mixin.py:190} INFO - [2024-11-09T19:35:55.302+0000] {dag.py:3239} INFO - Sync 1 DAGs
[2024-11-09T19:35:55.411+0000] {logging_mixin.py:190} INFO - [2024-11-09T19:35:55.410+0000] {dag.py:4180} INFO - Setting next_dagrun for example_task_group_decorator to None, run_after=None
[2024-11-09T19:35:55.544+0000] {processor.py:208} INFO - Processing /home/chirag/airflow/lib/python3.12/site-packages/airflow/example_dags/example_task_group_decorator.py took 0.646 seconds
[2024-11-09T19:37:11.308+0000] {processor.py:186} INFO - Started process (PID=2937) to work on /home/chirag/airflow/lib/python3.12/site-packages/airflow/example_dags/example_task_group_decorator.py
[2024-11-09T19:37:11.311+0000] {processor.py:914} INFO - Processing file /home/chirag/airflow/lib/python3.12/site-packages/airflow/example_dags/example_task_group_decorator.py for tasks to queue
[2024-11-09T19:37:11.315+0000] {logging_mixin.py:190} INFO - [2024-11-09T19:37:11.314+0000] {dagbag.py:588} INFO - Filling up the DagBag from /home/chirag/airflow/lib/python3.12/site-packages/airflow/example_dags/example_task_group_decorator.py
[2024-11-09T19:37:11.342+0000] {processor.py:925} INFO - DAG(s) 'example_task_group_decorator' retrieved from /home/chirag/airflow/lib/python3.12/site-packages/airflow/example_dags/example_task_group_decorator.py
[2024-11-09T19:37:11.371+0000] {logging_mixin.py:190} INFO - [2024-11-09T19:37:11.371+0000] {dag.py:3239} INFO - Sync 1 DAGs
[2024-11-09T19:37:11.389+0000] {logging_mixin.py:190} INFO - [2024-11-09T19:37:11.389+0000] {dag.py:4180} INFO - Setting next_dagrun for example_task_group_decorator to None, run_after=None
[2024-11-09T19:37:11.425+0000] {processor.py:208} INFO - Processing /home/chirag/airflow/lib/python3.12/site-packages/airflow/example_dags/example_task_group_decorator.py took 0.126 seconds
[2024-11-09T19:38:22.783+0000] {processor.py:186} INFO - Started process (PID=3260) to work on /home/chirag/airflow/lib/python3.12/site-packages/airflow/example_dags/example_task_group_decorator.py
[2024-11-09T19:38:22.786+0000] {processor.py:914} INFO - Processing file /home/chirag/airflow/lib/python3.12/site-packages/airflow/example_dags/example_task_group_decorator.py for tasks to queue
[2024-11-09T19:38:22.789+0000] {logging_mixin.py:190} INFO - [2024-11-09T19:38:22.789+0000] {dagbag.py:588} INFO - Filling up the DagBag from /home/chirag/airflow/lib/python3.12/site-packages/airflow/example_dags/example_task_group_decorator.py
[2024-11-09T19:38:22.812+0000] {processor.py:925} INFO - DAG(s) 'example_task_group_decorator' retrieved from /home/chirag/airflow/lib/python3.12/site-packages/airflow/example_dags/example_task_group_decorator.py
[2024-11-09T19:38:22.840+0000] {logging_mixin.py:190} INFO - [2024-11-09T19:38:22.840+0000] {dag.py:3239} INFO - Sync 1 DAGs
[2024-11-09T19:38:22.857+0000] {logging_mixin.py:190} INFO - [2024-11-09T19:38:22.857+0000] {dag.py:4180} INFO - Setting next_dagrun for example_task_group_decorator to None, run_after=None
[2024-11-09T19:38:22.895+0000] {processor.py:208} INFO - Processing /home/chirag/airflow/lib/python3.12/site-packages/airflow/example_dags/example_task_group_decorator.py took 0.120 seconds
[2024-11-09T19:39:46.028+0000] {processor.py:186} INFO - Started process (PID=3549) to work on /home/chirag/airflow/lib/python3.12/site-packages/airflow/example_dags/example_task_group_decorator.py
[2024-11-09T19:39:46.036+0000] {processor.py:914} INFO - Processing file /home/chirag/airflow/lib/python3.12/site-packages/airflow/example_dags/example_task_group_decorator.py for tasks to queue
[2024-11-09T19:39:46.042+0000] {logging_mixin.py:190} INFO - [2024-11-09T19:39:46.041+0000] {dagbag.py:588} INFO - Filling up the DagBag from /home/chirag/airflow/lib/python3.12/site-packages/airflow/example_dags/example_task_group_decorator.py
[2024-11-09T19:39:46.084+0000] {processor.py:925} INFO - DAG(s) 'example_task_group_decorator' retrieved from /home/chirag/airflow/lib/python3.12/site-packages/airflow/example_dags/example_task_group_decorator.py
[2024-11-09T19:39:46.126+0000] {logging_mixin.py:190} INFO - [2024-11-09T19:39:46.125+0000] {dag.py:3239} INFO - Sync 1 DAGs
[2024-11-09T19:39:46.151+0000] {logging_mixin.py:190} INFO - [2024-11-09T19:39:46.150+0000] {dag.py:4180} INFO - Setting next_dagrun for example_task_group_decorator to None, run_after=None
[2024-11-09T19:39:46.217+0000] {processor.py:208} INFO - Processing /home/chirag/airflow/lib/python3.12/site-packages/airflow/example_dags/example_task_group_decorator.py took 0.206 seconds
[2024-11-09T19:41:02.629+0000] {processor.py:186} INFO - Started process (PID=3761) to work on /home/chirag/airflow/lib/python3.12/site-packages/airflow/example_dags/example_task_group_decorator.py
[2024-11-09T19:41:02.632+0000] {processor.py:914} INFO - Processing file /home/chirag/airflow/lib/python3.12/site-packages/airflow/example_dags/example_task_group_decorator.py for tasks to queue
[2024-11-09T19:41:02.636+0000] {logging_mixin.py:190} INFO - [2024-11-09T19:41:02.635+0000] {dagbag.py:588} INFO - Filling up the DagBag from /home/chirag/airflow/lib/python3.12/site-packages/airflow/example_dags/example_task_group_decorator.py
[2024-11-09T19:41:02.660+0000] {processor.py:925} INFO - DAG(s) 'example_task_group_decorator' retrieved from /home/chirag/airflow/lib/python3.12/site-packages/airflow/example_dags/example_task_group_decorator.py
[2024-11-09T19:41:02.690+0000] {logging_mixin.py:190} INFO - [2024-11-09T19:41:02.689+0000] {dag.py:3239} INFO - Sync 1 DAGs
[2024-11-09T19:41:02.708+0000] {logging_mixin.py:190} INFO - [2024-11-09T19:41:02.708+0000] {dag.py:4180} INFO - Setting next_dagrun for example_task_group_decorator to None, run_after=None
[2024-11-09T19:41:02.753+0000] {processor.py:208} INFO - Processing /home/chirag/airflow/lib/python3.12/site-packages/airflow/example_dags/example_task_group_decorator.py took 0.132 seconds
[2024-11-09T19:42:17.289+0000] {processor.py:186} INFO - Started process (PID=3970) to work on /home/chirag/airflow/lib/python3.12/site-packages/airflow/example_dags/example_task_group_decorator.py
[2024-11-09T19:42:17.292+0000] {processor.py:914} INFO - Processing file /home/chirag/airflow/lib/python3.12/site-packages/airflow/example_dags/example_task_group_decorator.py for tasks to queue
[2024-11-09T19:42:17.295+0000] {logging_mixin.py:190} INFO - [2024-11-09T19:42:17.295+0000] {dagbag.py:588} INFO - Filling up the DagBag from /home/chirag/airflow/lib/python3.12/site-packages/airflow/example_dags/example_task_group_decorator.py
[2024-11-09T19:42:17.319+0000] {processor.py:925} INFO - DAG(s) 'example_task_group_decorator' retrieved from /home/chirag/airflow/lib/python3.12/site-packages/airflow/example_dags/example_task_group_decorator.py
[2024-11-09T19:42:17.348+0000] {logging_mixin.py:190} INFO - [2024-11-09T19:42:17.348+0000] {dag.py:3239} INFO - Sync 1 DAGs
[2024-11-09T19:42:17.366+0000] {logging_mixin.py:190} INFO - [2024-11-09T19:42:17.366+0000] {dag.py:4180} INFO - Setting next_dagrun for example_task_group_decorator to None, run_after=None
[2024-11-09T19:42:17.405+0000] {processor.py:208} INFO - Processing /home/chirag/airflow/lib/python3.12/site-packages/airflow/example_dags/example_task_group_decorator.py took 0.124 seconds
[2024-11-09T19:43:39.249+0000] {processor.py:186} INFO - Started process (PID=4209) to work on /home/chirag/airflow/lib/python3.12/site-packages/airflow/example_dags/example_task_group_decorator.py
[2024-11-09T19:43:39.252+0000] {processor.py:914} INFO - Processing file /home/chirag/airflow/lib/python3.12/site-packages/airflow/example_dags/example_task_group_decorator.py for tasks to queue
[2024-11-09T19:43:39.255+0000] {logging_mixin.py:190} INFO - [2024-11-09T19:43:39.255+0000] {dagbag.py:588} INFO - Filling up the DagBag from /home/chirag/airflow/lib/python3.12/site-packages/airflow/example_dags/example_task_group_decorator.py
[2024-11-09T19:43:39.282+0000] {processor.py:925} INFO - DAG(s) 'example_task_group_decorator' retrieved from /home/chirag/airflow/lib/python3.12/site-packages/airflow/example_dags/example_task_group_decorator.py
[2024-11-09T19:43:39.314+0000] {logging_mixin.py:190} INFO - [2024-11-09T19:43:39.313+0000] {dag.py:3239} INFO - Sync 1 DAGs
[2024-11-09T19:43:39.333+0000] {logging_mixin.py:190} INFO - [2024-11-09T19:43:39.333+0000] {dag.py:4180} INFO - Setting next_dagrun for example_task_group_decorator to None, run_after=None
[2024-11-09T19:43:39.369+0000] {processor.py:208} INFO - Processing /home/chirag/airflow/lib/python3.12/site-packages/airflow/example_dags/example_task_group_decorator.py took 0.129 seconds
[2024-11-09T19:44:47.683+0000] {processor.py:186} INFO - Started process (PID=4405) to work on /home/chirag/airflow/lib/python3.12/site-packages/airflow/example_dags/example_task_group_decorator.py
[2024-11-09T19:44:47.686+0000] {processor.py:914} INFO - Processing file /home/chirag/airflow/lib/python3.12/site-packages/airflow/example_dags/example_task_group_decorator.py for tasks to queue
[2024-11-09T19:44:47.690+0000] {logging_mixin.py:190} INFO - [2024-11-09T19:44:47.689+0000] {dagbag.py:588} INFO - Filling up the DagBag from /home/chirag/airflow/lib/python3.12/site-packages/airflow/example_dags/example_task_group_decorator.py
[2024-11-09T19:44:47.713+0000] {processor.py:925} INFO - DAG(s) 'example_task_group_decorator' retrieved from /home/chirag/airflow/lib/python3.12/site-packages/airflow/example_dags/example_task_group_decorator.py
[2024-11-09T19:44:47.743+0000] {logging_mixin.py:190} INFO - [2024-11-09T19:44:47.742+0000] {dag.py:3239} INFO - Sync 1 DAGs
[2024-11-09T19:44:47.762+0000] {logging_mixin.py:190} INFO - [2024-11-09T19:44:47.761+0000] {dag.py:4180} INFO - Setting next_dagrun for example_task_group_decorator to None, run_after=None
[2024-11-09T19:44:47.805+0000] {processor.py:208} INFO - Processing /home/chirag/airflow/lib/python3.12/site-packages/airflow/example_dags/example_task_group_decorator.py took 0.130 seconds
[2024-11-09T19:46:35.795+0000] {processor.py:186} INFO - Started process (PID=4715) to work on /home/chirag/airflow/lib/python3.12/site-packages/airflow/example_dags/example_task_group_decorator.py
[2024-11-09T19:46:35.798+0000] {processor.py:914} INFO - Processing file /home/chirag/airflow/lib/python3.12/site-packages/airflow/example_dags/example_task_group_decorator.py for tasks to queue
[2024-11-09T19:46:35.801+0000] {logging_mixin.py:190} INFO - [2024-11-09T19:46:35.801+0000] {dagbag.py:588} INFO - Filling up the DagBag from /home/chirag/airflow/lib/python3.12/site-packages/airflow/example_dags/example_task_group_decorator.py
[2024-11-09T19:46:35.824+0000] {processor.py:925} INFO - DAG(s) 'example_task_group_decorator' retrieved from /home/chirag/airflow/lib/python3.12/site-packages/airflow/example_dags/example_task_group_decorator.py
[2024-11-09T19:46:35.853+0000] {logging_mixin.py:190} INFO - [2024-11-09T19:46:35.853+0000] {dag.py:3239} INFO - Sync 1 DAGs
[2024-11-09T19:46:35.873+0000] {logging_mixin.py:190} INFO - [2024-11-09T19:46:35.872+0000] {dag.py:4180} INFO - Setting next_dagrun for example_task_group_decorator to None, run_after=None
[2024-11-09T19:46:35.917+0000] {processor.py:208} INFO - Processing /home/chirag/airflow/lib/python3.12/site-packages/airflow/example_dags/example_task_group_decorator.py took 0.130 seconds
[2024-11-09T19:47:49.309+0000] {processor.py:186} INFO - Started process (PID=4963) to work on /home/chirag/airflow/lib/python3.12/site-packages/airflow/example_dags/example_task_group_decorator.py
[2024-11-09T19:47:49.315+0000] {processor.py:914} INFO - Processing file /home/chirag/airflow/lib/python3.12/site-packages/airflow/example_dags/example_task_group_decorator.py for tasks to queue
[2024-11-09T19:47:49.323+0000] {logging_mixin.py:190} INFO - [2024-11-09T19:47:49.322+0000] {dagbag.py:588} INFO - Filling up the DagBag from /home/chirag/airflow/lib/python3.12/site-packages/airflow/example_dags/example_task_group_decorator.py
[2024-11-09T19:47:49.362+0000] {processor.py:925} INFO - DAG(s) 'example_task_group_decorator' retrieved from /home/chirag/airflow/lib/python3.12/site-packages/airflow/example_dags/example_task_group_decorator.py
[2024-11-09T19:47:49.407+0000] {logging_mixin.py:190} INFO - [2024-11-09T19:47:49.407+0000] {dag.py:3239} INFO - Sync 1 DAGs
[2024-11-09T19:47:49.437+0000] {logging_mixin.py:190} INFO - [2024-11-09T19:47:49.437+0000] {dag.py:4180} INFO - Setting next_dagrun for example_task_group_decorator to None, run_after=None
[2024-11-09T19:47:49.476+0000] {processor.py:208} INFO - Processing /home/chirag/airflow/lib/python3.12/site-packages/airflow/example_dags/example_task_group_decorator.py took 0.197 seconds
[2024-11-09T19:49:03.903+0000] {processor.py:186} INFO - Started process (PID=5184) to work on /home/chirag/airflow/lib/python3.12/site-packages/airflow/example_dags/example_task_group_decorator.py
[2024-11-09T19:49:03.907+0000] {processor.py:914} INFO - Processing file /home/chirag/airflow/lib/python3.12/site-packages/airflow/example_dags/example_task_group_decorator.py for tasks to queue
[2024-11-09T19:49:03.911+0000] {logging_mixin.py:190} INFO - [2024-11-09T19:49:03.910+0000] {dagbag.py:588} INFO - Filling up the DagBag from /home/chirag/airflow/lib/python3.12/site-packages/airflow/example_dags/example_task_group_decorator.py
[2024-11-09T19:49:03.951+0000] {processor.py:925} INFO - DAG(s) 'example_task_group_decorator' retrieved from /home/chirag/airflow/lib/python3.12/site-packages/airflow/example_dags/example_task_group_decorator.py
[2024-11-09T19:49:04.036+0000] {logging_mixin.py:190} INFO - [2024-11-09T19:49:04.036+0000] {dag.py:3239} INFO - Sync 1 DAGs
[2024-11-09T19:49:04.079+0000] {logging_mixin.py:190} INFO - [2024-11-09T19:49:04.079+0000] {dag.py:4180} INFO - Setting next_dagrun for example_task_group_decorator to None, run_after=None
[2024-11-09T19:49:04.134+0000] {processor.py:208} INFO - Processing /home/chirag/airflow/lib/python3.12/site-packages/airflow/example_dags/example_task_group_decorator.py took 0.241 seconds
[2024-11-09T19:50:13.588+0000] {processor.py:186} INFO - Started process (PID=5538) to work on /home/chirag/airflow/lib/python3.12/site-packages/airflow/example_dags/example_task_group_decorator.py
[2024-11-09T19:50:13.592+0000] {processor.py:914} INFO - Processing file /home/chirag/airflow/lib/python3.12/site-packages/airflow/example_dags/example_task_group_decorator.py for tasks to queue
[2024-11-09T19:50:13.597+0000] {logging_mixin.py:190} INFO - [2024-11-09T19:50:13.596+0000] {dagbag.py:588} INFO - Filling up the DagBag from /home/chirag/airflow/lib/python3.12/site-packages/airflow/example_dags/example_task_group_decorator.py
[2024-11-09T19:50:13.637+0000] {processor.py:925} INFO - DAG(s) 'example_task_group_decorator' retrieved from /home/chirag/airflow/lib/python3.12/site-packages/airflow/example_dags/example_task_group_decorator.py
[2024-11-09T19:50:13.688+0000] {logging_mixin.py:190} INFO - [2024-11-09T19:50:13.687+0000] {dag.py:3239} INFO - Sync 1 DAGs
[2024-11-09T19:50:13.716+0000] {logging_mixin.py:190} INFO - [2024-11-09T19:50:13.716+0000] {dag.py:4180} INFO - Setting next_dagrun for example_task_group_decorator to None, run_after=None
[2024-11-09T19:50:13.780+0000] {processor.py:208} INFO - Processing /home/chirag/airflow/lib/python3.12/site-packages/airflow/example_dags/example_task_group_decorator.py took 0.204 seconds
[2024-11-09T19:51:27.428+0000] {processor.py:186} INFO - Started process (PID=6177) to work on /home/chirag/airflow/lib/python3.12/site-packages/airflow/example_dags/example_task_group_decorator.py
[2024-11-09T19:51:27.431+0000] {processor.py:914} INFO - Processing file /home/chirag/airflow/lib/python3.12/site-packages/airflow/example_dags/example_task_group_decorator.py for tasks to queue
[2024-11-09T19:51:27.435+0000] {logging_mixin.py:190} INFO - [2024-11-09T19:51:27.434+0000] {dagbag.py:588} INFO - Filling up the DagBag from /home/chirag/airflow/lib/python3.12/site-packages/airflow/example_dags/example_task_group_decorator.py
[2024-11-09T19:51:27.476+0000] {processor.py:925} INFO - DAG(s) 'example_task_group_decorator' retrieved from /home/chirag/airflow/lib/python3.12/site-packages/airflow/example_dags/example_task_group_decorator.py
[2024-11-09T19:51:27.514+0000] {logging_mixin.py:190} INFO - [2024-11-09T19:51:27.513+0000] {dag.py:3239} INFO - Sync 1 DAGs
[2024-11-09T19:51:27.533+0000] {logging_mixin.py:190} INFO - [2024-11-09T19:51:27.533+0000] {dag.py:4180} INFO - Setting next_dagrun for example_task_group_decorator to None, run_after=None
[2024-11-09T19:51:27.571+0000] {processor.py:208} INFO - Processing /home/chirag/airflow/lib/python3.12/site-packages/airflow/example_dags/example_task_group_decorator.py took 0.153 seconds
[2024-11-09T19:52:39.504+0000] {processor.py:186} INFO - Started process (PID=6397) to work on /home/chirag/airflow/lib/python3.12/site-packages/airflow/example_dags/example_task_group_decorator.py
[2024-11-09T19:52:39.511+0000] {processor.py:914} INFO - Processing file /home/chirag/airflow/lib/python3.12/site-packages/airflow/example_dags/example_task_group_decorator.py for tasks to queue
[2024-11-09T19:52:39.514+0000] {logging_mixin.py:190} INFO - [2024-11-09T19:52:39.514+0000] {dagbag.py:588} INFO - Filling up the DagBag from /home/chirag/airflow/lib/python3.12/site-packages/airflow/example_dags/example_task_group_decorator.py
[2024-11-09T19:52:39.542+0000] {processor.py:925} INFO - DAG(s) 'example_task_group_decorator' retrieved from /home/chirag/airflow/lib/python3.12/site-packages/airflow/example_dags/example_task_group_decorator.py
[2024-11-09T19:52:39.583+0000] {logging_mixin.py:190} INFO - [2024-11-09T19:52:39.583+0000] {dag.py:3239} INFO - Sync 1 DAGs
[2024-11-09T19:52:39.610+0000] {logging_mixin.py:190} INFO - [2024-11-09T19:52:39.610+0000] {dag.py:4180} INFO - Setting next_dagrun for example_task_group_decorator to None, run_after=None
[2024-11-09T19:52:39.651+0000] {processor.py:208} INFO - Processing /home/chirag/airflow/lib/python3.12/site-packages/airflow/example_dags/example_task_group_decorator.py took 0.157 seconds
[2024-11-09T19:54:07.208+0000] {processor.py:186} INFO - Started process (PID=7008) to work on /home/chirag/airflow/lib/python3.12/site-packages/airflow/example_dags/example_task_group_decorator.py
[2024-11-09T19:54:07.226+0000] {processor.py:914} INFO - Processing file /home/chirag/airflow/lib/python3.12/site-packages/airflow/example_dags/example_task_group_decorator.py for tasks to queue
[2024-11-09T19:54:07.230+0000] {logging_mixin.py:190} INFO - [2024-11-09T19:54:07.229+0000] {dagbag.py:588} INFO - Filling up the DagBag from /home/chirag/airflow/lib/python3.12/site-packages/airflow/example_dags/example_task_group_decorator.py
[2024-11-09T19:54:07.253+0000] {processor.py:925} INFO - DAG(s) 'example_task_group_decorator' retrieved from /home/chirag/airflow/lib/python3.12/site-packages/airflow/example_dags/example_task_group_decorator.py
[2024-11-09T19:54:07.289+0000] {logging_mixin.py:190} INFO - [2024-11-09T19:54:07.289+0000] {dag.py:3239} INFO - Sync 1 DAGs
[2024-11-09T19:54:07.311+0000] {logging_mixin.py:190} INFO - [2024-11-09T19:54:07.311+0000] {dag.py:4180} INFO - Setting next_dagrun for example_task_group_decorator to None, run_after=None
[2024-11-09T19:54:07.354+0000] {processor.py:208} INFO - Processing /home/chirag/airflow/lib/python3.12/site-packages/airflow/example_dags/example_task_group_decorator.py took 0.154 seconds
[2024-11-09T19:55:25.013+0000] {processor.py:186} INFO - Started process (PID=7630) to work on /home/chirag/airflow/lib/python3.12/site-packages/airflow/example_dags/example_task_group_decorator.py
[2024-11-09T19:55:25.016+0000] {processor.py:914} INFO - Processing file /home/chirag/airflow/lib/python3.12/site-packages/airflow/example_dags/example_task_group_decorator.py for tasks to queue
[2024-11-09T19:55:25.021+0000] {logging_mixin.py:190} INFO - [2024-11-09T19:55:25.020+0000] {dagbag.py:588} INFO - Filling up the DagBag from /home/chirag/airflow/lib/python3.12/site-packages/airflow/example_dags/example_task_group_decorator.py
[2024-11-09T19:55:25.052+0000] {processor.py:925} INFO - DAG(s) 'example_task_group_decorator' retrieved from /home/chirag/airflow/lib/python3.12/site-packages/airflow/example_dags/example_task_group_decorator.py
[2024-11-09T19:55:25.088+0000] {logging_mixin.py:190} INFO - [2024-11-09T19:55:25.087+0000] {dag.py:3239} INFO - Sync 1 DAGs
[2024-11-09T19:55:25.110+0000] {logging_mixin.py:190} INFO - [2024-11-09T19:55:25.109+0000] {dag.py:4180} INFO - Setting next_dagrun for example_task_group_decorator to None, run_after=None
[2024-11-09T19:55:25.146+0000] {processor.py:208} INFO - Processing /home/chirag/airflow/lib/python3.12/site-packages/airflow/example_dags/example_task_group_decorator.py took 0.141 seconds
[2024-11-09T19:56:55.222+0000] {processor.py:186} INFO - Started process (PID=8022) to work on /home/chirag/airflow/lib/python3.12/site-packages/airflow/example_dags/example_task_group_decorator.py
[2024-11-09T19:56:55.233+0000] {processor.py:914} INFO - Processing file /home/chirag/airflow/lib/python3.12/site-packages/airflow/example_dags/example_task_group_decorator.py for tasks to queue
[2024-11-09T19:56:55.236+0000] {logging_mixin.py:190} INFO - [2024-11-09T19:56:55.235+0000] {dagbag.py:588} INFO - Filling up the DagBag from /home/chirag/airflow/lib/python3.12/site-packages/airflow/example_dags/example_task_group_decorator.py
[2024-11-09T19:56:55.260+0000] {processor.py:925} INFO - DAG(s) 'example_task_group_decorator' retrieved from /home/chirag/airflow/lib/python3.12/site-packages/airflow/example_dags/example_task_group_decorator.py
[2024-11-09T19:56:55.290+0000] {logging_mixin.py:190} INFO - [2024-11-09T19:56:55.290+0000] {dag.py:3239} INFO - Sync 1 DAGs
[2024-11-09T19:56:55.308+0000] {logging_mixin.py:190} INFO - [2024-11-09T19:56:55.308+0000] {dag.py:4180} INFO - Setting next_dagrun for example_task_group_decorator to None, run_after=None
[2024-11-09T19:56:55.384+0000] {processor.py:208} INFO - Processing /home/chirag/airflow/lib/python3.12/site-packages/airflow/example_dags/example_task_group_decorator.py took 0.171 seconds
[2024-11-09T19:57:56.240+0000] {processor.py:186} INFO - Started process (PID=8247) to work on /home/chirag/airflow/lib/python3.12/site-packages/airflow/example_dags/example_task_group_decorator.py
[2024-11-09T19:57:56.244+0000] {processor.py:914} INFO - Processing file /home/chirag/airflow/lib/python3.12/site-packages/airflow/example_dags/example_task_group_decorator.py for tasks to queue
[2024-11-09T19:57:56.247+0000] {logging_mixin.py:190} INFO - [2024-11-09T19:57:56.247+0000] {dagbag.py:588} INFO - Filling up the DagBag from /home/chirag/airflow/lib/python3.12/site-packages/airflow/example_dags/example_task_group_decorator.py
[2024-11-09T19:57:56.271+0000] {processor.py:925} INFO - DAG(s) 'example_task_group_decorator' retrieved from /home/chirag/airflow/lib/python3.12/site-packages/airflow/example_dags/example_task_group_decorator.py
[2024-11-09T19:57:56.300+0000] {logging_mixin.py:190} INFO - [2024-11-09T19:57:56.300+0000] {dag.py:3239} INFO - Sync 1 DAGs
[2024-11-09T19:57:56.318+0000] {logging_mixin.py:190} INFO - [2024-11-09T19:57:56.318+0000] {dag.py:4180} INFO - Setting next_dagrun for example_task_group_decorator to None, run_after=None
[2024-11-09T19:57:56.356+0000] {processor.py:208} INFO - Processing /home/chirag/airflow/lib/python3.12/site-packages/airflow/example_dags/example_task_group_decorator.py took 0.124 seconds
[2024-11-09T19:58:57.101+0000] {processor.py:186} INFO - Started process (PID=8517) to work on /home/chirag/airflow/lib/python3.12/site-packages/airflow/example_dags/example_task_group_decorator.py
[2024-11-09T19:58:57.106+0000] {processor.py:914} INFO - Processing file /home/chirag/airflow/lib/python3.12/site-packages/airflow/example_dags/example_task_group_decorator.py for tasks to queue
[2024-11-09T19:58:57.122+0000] {logging_mixin.py:190} INFO - [2024-11-09T19:58:57.121+0000] {dagbag.py:588} INFO - Filling up the DagBag from /home/chirag/airflow/lib/python3.12/site-packages/airflow/example_dags/example_task_group_decorator.py
[2024-11-09T19:58:57.214+0000] {processor.py:925} INFO - DAG(s) 'example_task_group_decorator' retrieved from /home/chirag/airflow/lib/python3.12/site-packages/airflow/example_dags/example_task_group_decorator.py
[2024-11-09T19:58:57.335+0000] {logging_mixin.py:190} INFO - [2024-11-09T19:58:57.335+0000] {dag.py:3239} INFO - Sync 1 DAGs
[2024-11-09T19:58:57.434+0000] {logging_mixin.py:190} INFO - [2024-11-09T19:58:57.434+0000] {dag.py:4180} INFO - Setting next_dagrun for example_task_group_decorator to None, run_after=None
[2024-11-09T19:58:57.648+0000] {processor.py:208} INFO - Processing /home/chirag/airflow/lib/python3.12/site-packages/airflow/example_dags/example_task_group_decorator.py took 0.571 seconds
[2024-11-09T20:22:29.954+0000] {processor.py:186} INFO - Started process (PID=12654) to work on /home/chirag/airflow/lib/python3.12/site-packages/airflow/example_dags/example_task_group_decorator.py
[2024-11-09T20:22:29.957+0000] {processor.py:914} INFO - Processing file /home/chirag/airflow/lib/python3.12/site-packages/airflow/example_dags/example_task_group_decorator.py for tasks to queue
[2024-11-09T20:22:29.960+0000] {logging_mixin.py:190} INFO - [2024-11-09T20:22:29.960+0000] {dagbag.py:588} INFO - Filling up the DagBag from /home/chirag/airflow/lib/python3.12/site-packages/airflow/example_dags/example_task_group_decorator.py
[2024-11-09T20:22:29.986+0000] {processor.py:925} INFO - DAG(s) 'example_task_group_decorator' retrieved from /home/chirag/airflow/lib/python3.12/site-packages/airflow/example_dags/example_task_group_decorator.py
[2024-11-09T20:22:30.023+0000] {logging_mixin.py:190} INFO - [2024-11-09T20:22:30.023+0000] {dag.py:3239} INFO - Sync 1 DAGs
[2024-11-09T20:22:30.048+0000] {logging_mixin.py:190} INFO - [2024-11-09T20:22:30.048+0000] {dag.py:4180} INFO - Setting next_dagrun for example_task_group_decorator to None, run_after=None
[2024-11-09T20:22:30.083+0000] {processor.py:208} INFO - Processing /home/chirag/airflow/lib/python3.12/site-packages/airflow/example_dags/example_task_group_decorator.py took 0.137 seconds
[2024-11-09T20:23:37.545+0000] {processor.py:186} INFO - Started process (PID=12852) to work on /home/chirag/airflow/lib/python3.12/site-packages/airflow/example_dags/example_task_group_decorator.py
[2024-11-09T20:23:37.548+0000] {processor.py:914} INFO - Processing file /home/chirag/airflow/lib/python3.12/site-packages/airflow/example_dags/example_task_group_decorator.py for tasks to queue
[2024-11-09T20:23:37.552+0000] {logging_mixin.py:190} INFO - [2024-11-09T20:23:37.551+0000] {dagbag.py:588} INFO - Filling up the DagBag from /home/chirag/airflow/lib/python3.12/site-packages/airflow/example_dags/example_task_group_decorator.py
[2024-11-09T20:23:37.596+0000] {processor.py:925} INFO - DAG(s) 'example_task_group_decorator' retrieved from /home/chirag/airflow/lib/python3.12/site-packages/airflow/example_dags/example_task_group_decorator.py
[2024-11-09T20:23:37.664+0000] {logging_mixin.py:190} INFO - [2024-11-09T20:23:37.663+0000] {dag.py:3239} INFO - Sync 1 DAGs
[2024-11-09T20:23:37.798+0000] {logging_mixin.py:190} INFO - [2024-11-09T20:23:37.797+0000] {dag.py:4180} INFO - Setting next_dagrun for example_task_group_decorator to None, run_after=None
[2024-11-09T20:23:37.910+0000] {processor.py:208} INFO - Processing /home/chirag/airflow/lib/python3.12/site-packages/airflow/example_dags/example_task_group_decorator.py took 0.378 seconds
[2024-11-09T20:24:51.142+0000] {processor.py:186} INFO - Started process (PID=13060) to work on /home/chirag/airflow/lib/python3.12/site-packages/airflow/example_dags/example_task_group_decorator.py
[2024-11-09T20:24:51.145+0000] {processor.py:914} INFO - Processing file /home/chirag/airflow/lib/python3.12/site-packages/airflow/example_dags/example_task_group_decorator.py for tasks to queue
[2024-11-09T20:24:51.148+0000] {logging_mixin.py:190} INFO - [2024-11-09T20:24:51.147+0000] {dagbag.py:588} INFO - Filling up the DagBag from /home/chirag/airflow/lib/python3.12/site-packages/airflow/example_dags/example_task_group_decorator.py
[2024-11-09T20:24:51.172+0000] {processor.py:925} INFO - DAG(s) 'example_task_group_decorator' retrieved from /home/chirag/airflow/lib/python3.12/site-packages/airflow/example_dags/example_task_group_decorator.py
[2024-11-09T20:24:51.202+0000] {logging_mixin.py:190} INFO - [2024-11-09T20:24:51.202+0000] {dag.py:3239} INFO - Sync 1 DAGs
[2024-11-09T20:24:51.220+0000] {logging_mixin.py:190} INFO - [2024-11-09T20:24:51.220+0000] {dag.py:4180} INFO - Setting next_dagrun for example_task_group_decorator to None, run_after=None
[2024-11-09T20:24:51.257+0000] {processor.py:208} INFO - Processing /home/chirag/airflow/lib/python3.12/site-packages/airflow/example_dags/example_task_group_decorator.py took 0.124 seconds
[2024-11-09T20:26:26.013+0000] {processor.py:186} INFO - Started process (PID=13604) to work on /home/chirag/airflow/lib/python3.12/site-packages/airflow/example_dags/example_task_group_decorator.py
[2024-11-09T20:26:26.019+0000] {processor.py:914} INFO - Processing file /home/chirag/airflow/lib/python3.12/site-packages/airflow/example_dags/example_task_group_decorator.py for tasks to queue
[2024-11-09T20:26:26.024+0000] {logging_mixin.py:190} INFO - [2024-11-09T20:26:26.023+0000] {dagbag.py:588} INFO - Filling up the DagBag from /home/chirag/airflow/lib/python3.12/site-packages/airflow/example_dags/example_task_group_decorator.py
[2024-11-09T20:26:26.053+0000] {processor.py:925} INFO - DAG(s) 'example_task_group_decorator' retrieved from /home/chirag/airflow/lib/python3.12/site-packages/airflow/example_dags/example_task_group_decorator.py
[2024-11-09T20:26:26.109+0000] {logging_mixin.py:190} INFO - [2024-11-09T20:26:26.108+0000] {dag.py:3239} INFO - Sync 1 DAGs
[2024-11-09T20:26:26.140+0000] {logging_mixin.py:190} INFO - [2024-11-09T20:26:26.140+0000] {dag.py:4180} INFO - Setting next_dagrun for example_task_group_decorator to None, run_after=None
[2024-11-09T20:26:26.207+0000] {processor.py:208} INFO - Processing /home/chirag/airflow/lib/python3.12/site-packages/airflow/example_dags/example_task_group_decorator.py took 0.205 seconds
[2024-11-09T20:27:27.505+0000] {processor.py:186} INFO - Started process (PID=13851) to work on /home/chirag/airflow/lib/python3.12/site-packages/airflow/example_dags/example_task_group_decorator.py
[2024-11-09T20:27:27.543+0000] {processor.py:914} INFO - Processing file /home/chirag/airflow/lib/python3.12/site-packages/airflow/example_dags/example_task_group_decorator.py for tasks to queue
[2024-11-09T20:27:27.548+0000] {logging_mixin.py:190} INFO - [2024-11-09T20:27:27.547+0000] {dagbag.py:588} INFO - Filling up the DagBag from /home/chirag/airflow/lib/python3.12/site-packages/airflow/example_dags/example_task_group_decorator.py
[2024-11-09T20:27:27.642+0000] {processor.py:925} INFO - DAG(s) 'example_task_group_decorator' retrieved from /home/chirag/airflow/lib/python3.12/site-packages/airflow/example_dags/example_task_group_decorator.py
[2024-11-09T20:27:27.777+0000] {logging_mixin.py:190} INFO - [2024-11-09T20:27:27.776+0000] {dag.py:3239} INFO - Sync 1 DAGs
[2024-11-09T20:27:27.852+0000] {logging_mixin.py:190} INFO - [2024-11-09T20:27:27.852+0000] {dag.py:4180} INFO - Setting next_dagrun for example_task_group_decorator to None, run_after=None
[2024-11-09T20:27:27.959+0000] {processor.py:208} INFO - Processing /home/chirag/airflow/lib/python3.12/site-packages/airflow/example_dags/example_task_group_decorator.py took 0.475 seconds
[2024-11-09T20:29:03.442+0000] {processor.py:186} INFO - Started process (PID=14743) to work on /home/chirag/airflow/lib/python3.12/site-packages/airflow/example_dags/example_task_group_decorator.py
[2024-11-09T20:29:03.444+0000] {processor.py:914} INFO - Processing file /home/chirag/airflow/lib/python3.12/site-packages/airflow/example_dags/example_task_group_decorator.py for tasks to queue
[2024-11-09T20:29:03.448+0000] {logging_mixin.py:190} INFO - [2024-11-09T20:29:03.448+0000] {dagbag.py:588} INFO - Filling up the DagBag from /home/chirag/airflow/lib/python3.12/site-packages/airflow/example_dags/example_task_group_decorator.py
[2024-11-09T20:29:03.478+0000] {processor.py:925} INFO - DAG(s) 'example_task_group_decorator' retrieved from /home/chirag/airflow/lib/python3.12/site-packages/airflow/example_dags/example_task_group_decorator.py
[2024-11-09T20:29:03.518+0000] {logging_mixin.py:190} INFO - [2024-11-09T20:29:03.518+0000] {dag.py:3239} INFO - Sync 1 DAGs
[2024-11-09T20:29:03.790+0000] {logging_mixin.py:190} INFO - [2024-11-09T20:29:03.790+0000] {dag.py:4180} INFO - Setting next_dagrun for example_task_group_decorator to None, run_after=None
[2024-11-09T20:29:03.862+0000] {processor.py:208} INFO - Processing /home/chirag/airflow/lib/python3.12/site-packages/airflow/example_dags/example_task_group_decorator.py took 0.431 seconds
