[2024-11-09T19:17:17.070+0000] {processor.py:186} INFO - Started process (PID=94681) to work on /home/chirag/airflow/lib/python3.12/site-packages/airflow/example_dags/example_setup_teardown_taskflow.py
[2024-11-09T19:17:17.073+0000] {processor.py:914} INFO - Processing file /home/chirag/airflow/lib/python3.12/site-packages/airflow/example_dags/example_setup_teardown_taskflow.py for tasks to queue
[2024-11-09T19:17:17.083+0000] {logging_mixin.py:190} INFO - [2024-11-09T19:17:17.082+0000] {dagbag.py:588} INFO - Filling up the DagBag from /home/chirag/airflow/lib/python3.12/site-packages/airflow/example_dags/example_setup_teardown_taskflow.py
[2024-11-09T19:17:17.123+0000] {processor.py:925} INFO - DAG(s) 'example_setup_teardown_taskflow' retrieved from /home/chirag/airflow/lib/python3.12/site-packages/airflow/example_dags/example_setup_teardown_taskflow.py
[2024-11-09T19:17:17.767+0000] {logging_mixin.py:190} INFO - [2024-11-09T19:17:17.765+0000] {override.py:1911} INFO - Created Permission View: can delete on DAG:example_setup_teardown_taskflow
[2024-11-09T19:17:17.824+0000] {logging_mixin.py:190} INFO - [2024-11-09T19:17:17.823+0000] {override.py:1911} INFO - Created Permission View: can read on DAG:example_setup_teardown_taskflow
[2024-11-09T19:17:17.878+0000] {logging_mixin.py:190} INFO - [2024-11-09T19:17:17.875+0000] {override.py:1911} INFO - Created Permission View: can edit on DAG:example_setup_teardown_taskflow
[2024-11-09T19:17:17.960+0000] {logging_mixin.py:190} INFO - [2024-11-09T19:17:17.959+0000] {override.py:1911} INFO - Created Permission View: menu access on DAG Run:example_setup_teardown_taskflow
[2024-11-09T19:17:18.066+0000] {logging_mixin.py:190} INFO - [2024-11-09T19:17:18.065+0000] {override.py:1911} INFO - Created Permission View: can delete on DAG Run:example_setup_teardown_taskflow
[2024-11-09T19:17:18.505+0000] {logging_mixin.py:190} INFO - [2024-11-09T19:17:18.501+0000] {override.py:1911} INFO - Created Permission View: can read on DAG Run:example_setup_teardown_taskflow
[2024-11-09T19:17:18.636+0000] {logging_mixin.py:190} INFO - [2024-11-09T19:17:18.635+0000] {override.py:1911} INFO - Created Permission View: can create on DAG Run:example_setup_teardown_taskflow
[2024-11-09T19:17:18.637+0000] {logging_mixin.py:190} INFO - [2024-11-09T19:17:18.637+0000] {dag.py:3239} INFO - Sync 1 DAGs
[2024-11-09T19:17:18.738+0000] {logging_mixin.py:190} INFO - [2024-11-09T19:17:18.737+0000] {dag.py:3262} INFO - Creating ORM DAG for example_setup_teardown_taskflow
[2024-11-09T19:17:18.751+0000] {logging_mixin.py:190} INFO - [2024-11-09T19:17:18.750+0000] {dag.py:4180} INFO - Setting next_dagrun for example_setup_teardown_taskflow to None, run_after=None
[2024-11-09T19:17:18.961+0000] {processor.py:208} INFO - Processing /home/chirag/airflow/lib/python3.12/site-packages/airflow/example_dags/example_setup_teardown_taskflow.py took 1.911 seconds
[2024-11-09T19:18:55.152+0000] {processor.py:186} INFO - Started process (PID=94899) to work on /home/chirag/airflow/lib/python3.12/site-packages/airflow/example_dags/example_setup_teardown_taskflow.py
[2024-11-09T19:18:55.155+0000] {processor.py:914} INFO - Processing file /home/chirag/airflow/lib/python3.12/site-packages/airflow/example_dags/example_setup_teardown_taskflow.py for tasks to queue
[2024-11-09T19:18:55.159+0000] {logging_mixin.py:190} INFO - [2024-11-09T19:18:55.158+0000] {dagbag.py:588} INFO - Filling up the DagBag from /home/chirag/airflow/lib/python3.12/site-packages/airflow/example_dags/example_setup_teardown_taskflow.py
[2024-11-09T19:18:55.176+0000] {processor.py:925} INFO - DAG(s) 'example_setup_teardown_taskflow' retrieved from /home/chirag/airflow/lib/python3.12/site-packages/airflow/example_dags/example_setup_teardown_taskflow.py
[2024-11-09T19:18:55.202+0000] {logging_mixin.py:190} INFO - [2024-11-09T19:18:55.202+0000] {dag.py:3239} INFO - Sync 1 DAGs
[2024-11-09T19:18:55.220+0000] {logging_mixin.py:190} INFO - [2024-11-09T19:18:55.220+0000] {dag.py:4180} INFO - Setting next_dagrun for example_setup_teardown_taskflow to None, run_after=None
[2024-11-09T19:18:55.273+0000] {processor.py:208} INFO - Processing /home/chirag/airflow/lib/python3.12/site-packages/airflow/example_dags/example_setup_teardown_taskflow.py took 0.129 seconds
[2024-11-09T19:28:12.025+0000] {processor.py:186} INFO - Started process (PID=491) to work on /home/chirag/airflow/lib/python3.12/site-packages/airflow/example_dags/example_setup_teardown_taskflow.py
[2024-11-09T19:28:12.288+0000] {processor.py:914} INFO - Processing file /home/chirag/airflow/lib/python3.12/site-packages/airflow/example_dags/example_setup_teardown_taskflow.py for tasks to queue
[2024-11-09T19:28:12.292+0000] {logging_mixin.py:190} INFO - [2024-11-09T19:28:12.292+0000] {dagbag.py:588} INFO - Filling up the DagBag from /home/chirag/airflow/lib/python3.12/site-packages/airflow/example_dags/example_setup_teardown_taskflow.py
[2024-11-09T19:28:12.316+0000] {processor.py:925} INFO - DAG(s) 'example_setup_teardown_taskflow' retrieved from /home/chirag/airflow/lib/python3.12/site-packages/airflow/example_dags/example_setup_teardown_taskflow.py
[2024-11-09T19:28:12.369+0000] {logging_mixin.py:190} INFO - [2024-11-09T19:28:12.369+0000] {dag.py:3239} INFO - Sync 1 DAGs
[2024-11-09T19:28:12.396+0000] {logging_mixin.py:190} INFO - [2024-11-09T19:28:12.396+0000] {dag.py:4180} INFO - Setting next_dagrun for example_setup_teardown_taskflow to None, run_after=None
[2024-11-09T19:28:12.446+0000] {processor.py:208} INFO - Processing /home/chirag/airflow/lib/python3.12/site-packages/airflow/example_dags/example_setup_teardown_taskflow.py took 0.436 seconds
[2024-11-09T19:29:27.015+0000] {processor.py:186} INFO - Started process (PID=579) to work on /home/chirag/airflow/lib/python3.12/site-packages/airflow/example_dags/example_setup_teardown_taskflow.py
[2024-11-09T19:29:27.018+0000] {processor.py:914} INFO - Processing file /home/chirag/airflow/lib/python3.12/site-packages/airflow/example_dags/example_setup_teardown_taskflow.py for tasks to queue
[2024-11-09T19:29:27.021+0000] {logging_mixin.py:190} INFO - [2024-11-09T19:29:27.021+0000] {dagbag.py:588} INFO - Filling up the DagBag from /home/chirag/airflow/lib/python3.12/site-packages/airflow/example_dags/example_setup_teardown_taskflow.py
[2024-11-09T19:29:27.037+0000] {processor.py:925} INFO - DAG(s) 'example_setup_teardown_taskflow' retrieved from /home/chirag/airflow/lib/python3.12/site-packages/airflow/example_dags/example_setup_teardown_taskflow.py
[2024-11-09T19:29:27.061+0000] {logging_mixin.py:190} INFO - [2024-11-09T19:29:27.061+0000] {dag.py:3239} INFO - Sync 1 DAGs
[2024-11-09T19:29:27.525+0000] {logging_mixin.py:190} INFO - [2024-11-09T19:29:27.525+0000] {dag.py:4180} INFO - Setting next_dagrun for example_setup_teardown_taskflow to None, run_after=None
[2024-11-09T19:29:27.561+0000] {processor.py:208} INFO - Processing /home/chirag/airflow/lib/python3.12/site-packages/airflow/example_dags/example_setup_teardown_taskflow.py took 0.108 seconds
[2024-11-09T19:30:45.507+0000] {processor.py:186} INFO - Started process (PID=654) to work on /home/chirag/airflow/lib/python3.12/site-packages/airflow/example_dags/example_setup_teardown_taskflow.py
[2024-11-09T19:30:45.511+0000] {processor.py:914} INFO - Processing file /home/chirag/airflow/lib/python3.12/site-packages/airflow/example_dags/example_setup_teardown_taskflow.py for tasks to queue
[2024-11-09T19:30:45.515+0000] {logging_mixin.py:190} INFO - [2024-11-09T19:30:45.515+0000] {dagbag.py:588} INFO - Filling up the DagBag from /home/chirag/airflow/lib/python3.12/site-packages/airflow/example_dags/example_setup_teardown_taskflow.py
[2024-11-09T19:30:45.540+0000] {processor.py:925} INFO - DAG(s) 'example_setup_teardown_taskflow' retrieved from /home/chirag/airflow/lib/python3.12/site-packages/airflow/example_dags/example_setup_teardown_taskflow.py
[2024-11-09T19:30:45.574+0000] {logging_mixin.py:190} INFO - [2024-11-09T19:30:45.573+0000] {dag.py:3239} INFO - Sync 1 DAGs
[2024-11-09T19:30:45.610+0000] {logging_mixin.py:190} INFO - [2024-11-09T19:30:45.609+0000] {dag.py:4180} INFO - Setting next_dagrun for example_setup_teardown_taskflow to None, run_after=None
[2024-11-09T19:30:45.659+0000] {processor.py:208} INFO - Processing /home/chirag/airflow/lib/python3.12/site-packages/airflow/example_dags/example_setup_teardown_taskflow.py took 0.165 seconds
[2024-11-09T19:32:23.109+0000] {processor.py:186} INFO - Started process (PID=1398) to work on /home/chirag/airflow/lib/python3.12/site-packages/airflow/example_dags/example_setup_teardown_taskflow.py
[2024-11-09T19:32:23.112+0000] {processor.py:914} INFO - Processing file /home/chirag/airflow/lib/python3.12/site-packages/airflow/example_dags/example_setup_teardown_taskflow.py for tasks to queue
[2024-11-09T19:32:23.119+0000] {logging_mixin.py:190} INFO - [2024-11-09T19:32:23.118+0000] {dagbag.py:588} INFO - Filling up the DagBag from /home/chirag/airflow/lib/python3.12/site-packages/airflow/example_dags/example_setup_teardown_taskflow.py
[2024-11-09T19:32:23.158+0000] {processor.py:925} INFO - DAG(s) 'example_setup_teardown_taskflow' retrieved from /home/chirag/airflow/lib/python3.12/site-packages/airflow/example_dags/example_setup_teardown_taskflow.py
[2024-11-09T19:32:23.237+0000] {logging_mixin.py:190} INFO - [2024-11-09T19:32:23.236+0000] {dag.py:3239} INFO - Sync 1 DAGs
[2024-11-09T19:32:23.275+0000] {logging_mixin.py:190} INFO - [2024-11-09T19:32:23.275+0000] {dag.py:4180} INFO - Setting next_dagrun for example_setup_teardown_taskflow to None, run_after=None
[2024-11-09T19:32:23.422+0000] {processor.py:208} INFO - Processing /home/chirag/airflow/lib/python3.12/site-packages/airflow/example_dags/example_setup_teardown_taskflow.py took 0.325 seconds
[2024-11-09T19:33:48.051+0000] {processor.py:186} INFO - Started process (PID=2007) to work on /home/chirag/airflow/lib/python3.12/site-packages/airflow/example_dags/example_setup_teardown_taskflow.py
[2024-11-09T19:33:48.054+0000] {processor.py:914} INFO - Processing file /home/chirag/airflow/lib/python3.12/site-packages/airflow/example_dags/example_setup_teardown_taskflow.py for tasks to queue
[2024-11-09T19:33:48.057+0000] {logging_mixin.py:190} INFO - [2024-11-09T19:33:48.057+0000] {dagbag.py:588} INFO - Filling up the DagBag from /home/chirag/airflow/lib/python3.12/site-packages/airflow/example_dags/example_setup_teardown_taskflow.py
[2024-11-09T19:33:48.073+0000] {processor.py:925} INFO - DAG(s) 'example_setup_teardown_taskflow' retrieved from /home/chirag/airflow/lib/python3.12/site-packages/airflow/example_dags/example_setup_teardown_taskflow.py
[2024-11-09T19:33:48.099+0000] {logging_mixin.py:190} INFO - [2024-11-09T19:33:48.098+0000] {dag.py:3239} INFO - Sync 1 DAGs
[2024-11-09T19:33:48.116+0000] {logging_mixin.py:190} INFO - [2024-11-09T19:33:48.116+0000] {dag.py:4180} INFO - Setting next_dagrun for example_setup_teardown_taskflow to None, run_after=None
[2024-11-09T19:33:48.153+0000] {processor.py:208} INFO - Processing /home/chirag/airflow/lib/python3.12/site-packages/airflow/example_dags/example_setup_teardown_taskflow.py took 0.109 seconds
[2024-11-09T19:35:13.313+0000] {processor.py:186} INFO - Started process (PID=2618) to work on /home/chirag/airflow/lib/python3.12/site-packages/airflow/example_dags/example_setup_teardown_taskflow.py
[2024-11-09T19:35:13.316+0000] {processor.py:914} INFO - Processing file /home/chirag/airflow/lib/python3.12/site-packages/airflow/example_dags/example_setup_teardown_taskflow.py for tasks to queue
[2024-11-09T19:35:13.322+0000] {logging_mixin.py:190} INFO - [2024-11-09T19:35:13.322+0000] {dagbag.py:588} INFO - Filling up the DagBag from /home/chirag/airflow/lib/python3.12/site-packages/airflow/example_dags/example_setup_teardown_taskflow.py
[2024-11-09T19:35:13.347+0000] {processor.py:925} INFO - DAG(s) 'example_setup_teardown_taskflow' retrieved from /home/chirag/airflow/lib/python3.12/site-packages/airflow/example_dags/example_setup_teardown_taskflow.py
[2024-11-09T19:35:13.378+0000] {logging_mixin.py:190} INFO - [2024-11-09T19:35:13.378+0000] {dag.py:3239} INFO - Sync 1 DAGs
[2024-11-09T19:35:13.402+0000] {logging_mixin.py:190} INFO - [2024-11-09T19:35:13.401+0000] {dag.py:4180} INFO - Setting next_dagrun for example_setup_teardown_taskflow to None, run_after=None
[2024-11-09T19:35:13.445+0000] {processor.py:208} INFO - Processing /home/chirag/airflow/lib/python3.12/site-packages/airflow/example_dags/example_setup_teardown_taskflow.py took 0.146 seconds
[2024-11-09T19:36:39.227+0000] {processor.py:186} INFO - Started process (PID=2846) to work on /home/chirag/airflow/lib/python3.12/site-packages/airflow/example_dags/example_setup_teardown_taskflow.py
[2024-11-09T19:36:39.230+0000] {processor.py:914} INFO - Processing file /home/chirag/airflow/lib/python3.12/site-packages/airflow/example_dags/example_setup_teardown_taskflow.py for tasks to queue
[2024-11-09T19:36:39.234+0000] {logging_mixin.py:190} INFO - [2024-11-09T19:36:39.233+0000] {dagbag.py:588} INFO - Filling up the DagBag from /home/chirag/airflow/lib/python3.12/site-packages/airflow/example_dags/example_setup_teardown_taskflow.py
[2024-11-09T19:36:39.251+0000] {processor.py:925} INFO - DAG(s) 'example_setup_teardown_taskflow' retrieved from /home/chirag/airflow/lib/python3.12/site-packages/airflow/example_dags/example_setup_teardown_taskflow.py
[2024-11-09T19:36:39.277+0000] {logging_mixin.py:190} INFO - [2024-11-09T19:36:39.277+0000] {dag.py:3239} INFO - Sync 1 DAGs
[2024-11-09T19:36:39.298+0000] {logging_mixin.py:190} INFO - [2024-11-09T19:36:39.298+0000] {dag.py:4180} INFO - Setting next_dagrun for example_setup_teardown_taskflow to None, run_after=None
[2024-11-09T19:36:39.336+0000] {processor.py:208} INFO - Processing /home/chirag/airflow/lib/python3.12/site-packages/airflow/example_dags/example_setup_teardown_taskflow.py took 0.117 seconds
[2024-11-09T19:37:47.875+0000] {processor.py:186} INFO - Started process (PID=3090) to work on /home/chirag/airflow/lib/python3.12/site-packages/airflow/example_dags/example_setup_teardown_taskflow.py
[2024-11-09T19:37:47.878+0000] {processor.py:914} INFO - Processing file /home/chirag/airflow/lib/python3.12/site-packages/airflow/example_dags/example_setup_teardown_taskflow.py for tasks to queue
[2024-11-09T19:37:47.881+0000] {logging_mixin.py:190} INFO - [2024-11-09T19:37:47.880+0000] {dagbag.py:588} INFO - Filling up the DagBag from /home/chirag/airflow/lib/python3.12/site-packages/airflow/example_dags/example_setup_teardown_taskflow.py
[2024-11-09T19:37:47.896+0000] {processor.py:925} INFO - DAG(s) 'example_setup_teardown_taskflow' retrieved from /home/chirag/airflow/lib/python3.12/site-packages/airflow/example_dags/example_setup_teardown_taskflow.py
[2024-11-09T19:37:47.920+0000] {logging_mixin.py:190} INFO - [2024-11-09T19:37:47.920+0000] {dag.py:3239} INFO - Sync 1 DAGs
[2024-11-09T19:37:47.939+0000] {logging_mixin.py:190} INFO - [2024-11-09T19:37:47.938+0000] {dag.py:4180} INFO - Setting next_dagrun for example_setup_teardown_taskflow to None, run_after=None
[2024-11-09T19:37:47.974+0000] {processor.py:208} INFO - Processing /home/chirag/airflow/lib/python3.12/site-packages/airflow/example_dags/example_setup_teardown_taskflow.py took 0.108 seconds
[2024-11-09T19:39:00.717+0000] {processor.py:186} INFO - Started process (PID=3425) to work on /home/chirag/airflow/lib/python3.12/site-packages/airflow/example_dags/example_setup_teardown_taskflow.py
[2024-11-09T19:39:00.721+0000] {processor.py:914} INFO - Processing file /home/chirag/airflow/lib/python3.12/site-packages/airflow/example_dags/example_setup_teardown_taskflow.py for tasks to queue
[2024-11-09T19:39:00.724+0000] {logging_mixin.py:190} INFO - [2024-11-09T19:39:00.723+0000] {dagbag.py:588} INFO - Filling up the DagBag from /home/chirag/airflow/lib/python3.12/site-packages/airflow/example_dags/example_setup_teardown_taskflow.py
[2024-11-09T19:39:00.741+0000] {processor.py:925} INFO - DAG(s) 'example_setup_teardown_taskflow' retrieved from /home/chirag/airflow/lib/python3.12/site-packages/airflow/example_dags/example_setup_teardown_taskflow.py
[2024-11-09T19:39:00.783+0000] {logging_mixin.py:190} INFO - [2024-11-09T19:39:00.783+0000] {dag.py:3239} INFO - Sync 1 DAGs
[2024-11-09T19:39:00.842+0000] {logging_mixin.py:190} INFO - [2024-11-09T19:39:00.842+0000] {dag.py:4180} INFO - Setting next_dagrun for example_setup_teardown_taskflow to None, run_after=None
[2024-11-09T19:39:00.927+0000] {processor.py:208} INFO - Processing /home/chirag/airflow/lib/python3.12/site-packages/airflow/example_dags/example_setup_teardown_taskflow.py took 0.218 seconds
[2024-11-09T19:40:29.621+0000] {processor.py:186} INFO - Started process (PID=3665) to work on /home/chirag/airflow/lib/python3.12/site-packages/airflow/example_dags/example_setup_teardown_taskflow.py
[2024-11-09T19:40:29.624+0000] {processor.py:914} INFO - Processing file /home/chirag/airflow/lib/python3.12/site-packages/airflow/example_dags/example_setup_teardown_taskflow.py for tasks to queue
[2024-11-09T19:40:29.627+0000] {logging_mixin.py:190} INFO - [2024-11-09T19:40:29.627+0000] {dagbag.py:588} INFO - Filling up the DagBag from /home/chirag/airflow/lib/python3.12/site-packages/airflow/example_dags/example_setup_teardown_taskflow.py
[2024-11-09T19:40:29.643+0000] {processor.py:925} INFO - DAG(s) 'example_setup_teardown_taskflow' retrieved from /home/chirag/airflow/lib/python3.12/site-packages/airflow/example_dags/example_setup_teardown_taskflow.py
[2024-11-09T19:40:29.669+0000] {logging_mixin.py:190} INFO - [2024-11-09T19:40:29.668+0000] {dag.py:3239} INFO - Sync 1 DAGs
[2024-11-09T19:40:29.687+0000] {logging_mixin.py:190} INFO - [2024-11-09T19:40:29.687+0000] {dag.py:4180} INFO - Setting next_dagrun for example_setup_teardown_taskflow to None, run_after=None
[2024-11-09T19:40:29.722+0000] {processor.py:208} INFO - Processing /home/chirag/airflow/lib/python3.12/site-packages/airflow/example_dags/example_setup_teardown_taskflow.py took 0.110 seconds
[2024-11-09T19:41:42.204+0000] {processor.py:186} INFO - Started process (PID=3873) to work on /home/chirag/airflow/lib/python3.12/site-packages/airflow/example_dags/example_setup_teardown_taskflow.py
[2024-11-09T19:41:42.208+0000] {processor.py:914} INFO - Processing file /home/chirag/airflow/lib/python3.12/site-packages/airflow/example_dags/example_setup_teardown_taskflow.py for tasks to queue
[2024-11-09T19:41:42.212+0000] {logging_mixin.py:190} INFO - [2024-11-09T19:41:42.211+0000] {dagbag.py:588} INFO - Filling up the DagBag from /home/chirag/airflow/lib/python3.12/site-packages/airflow/example_dags/example_setup_teardown_taskflow.py
[2024-11-09T19:41:42.228+0000] {processor.py:925} INFO - DAG(s) 'example_setup_teardown_taskflow' retrieved from /home/chirag/airflow/lib/python3.12/site-packages/airflow/example_dags/example_setup_teardown_taskflow.py
[2024-11-09T19:41:42.257+0000] {logging_mixin.py:190} INFO - [2024-11-09T19:41:42.257+0000] {dag.py:3239} INFO - Sync 1 DAGs
[2024-11-09T19:41:42.278+0000] {logging_mixin.py:190} INFO - [2024-11-09T19:41:42.278+0000] {dag.py:4180} INFO - Setting next_dagrun for example_setup_teardown_taskflow to None, run_after=None
[2024-11-09T19:41:42.315+0000] {processor.py:208} INFO - Processing /home/chirag/airflow/lib/python3.12/site-packages/airflow/example_dags/example_setup_teardown_taskflow.py took 0.119 seconds
[2024-11-09T19:42:54.817+0000] {processor.py:186} INFO - Started process (PID=4080) to work on /home/chirag/airflow/lib/python3.12/site-packages/airflow/example_dags/example_setup_teardown_taskflow.py
[2024-11-09T19:42:54.843+0000] {processor.py:914} INFO - Processing file /home/chirag/airflow/lib/python3.12/site-packages/airflow/example_dags/example_setup_teardown_taskflow.py for tasks to queue
[2024-11-09T19:42:54.848+0000] {logging_mixin.py:190} INFO - [2024-11-09T19:42:54.847+0000] {dagbag.py:588} INFO - Filling up the DagBag from /home/chirag/airflow/lib/python3.12/site-packages/airflow/example_dags/example_setup_teardown_taskflow.py
[2024-11-09T19:42:54.882+0000] {processor.py:925} INFO - DAG(s) 'example_setup_teardown_taskflow' retrieved from /home/chirag/airflow/lib/python3.12/site-packages/airflow/example_dags/example_setup_teardown_taskflow.py
[2024-11-09T19:42:54.951+0000] {logging_mixin.py:190} INFO - [2024-11-09T19:42:54.950+0000] {dag.py:3239} INFO - Sync 1 DAGs
[2024-11-09T19:42:55.015+0000] {logging_mixin.py:190} INFO - [2024-11-09T19:42:55.015+0000] {dag.py:4180} INFO - Setting next_dagrun for example_setup_teardown_taskflow to None, run_after=None
[2024-11-09T19:42:55.177+0000] {processor.py:208} INFO - Processing /home/chirag/airflow/lib/python3.12/site-packages/airflow/example_dags/example_setup_teardown_taskflow.py took 0.365 seconds
[2024-11-09T19:44:13.207+0000] {processor.py:186} INFO - Started process (PID=4307) to work on /home/chirag/airflow/lib/python3.12/site-packages/airflow/example_dags/example_setup_teardown_taskflow.py
[2024-11-09T19:44:13.210+0000] {processor.py:914} INFO - Processing file /home/chirag/airflow/lib/python3.12/site-packages/airflow/example_dags/example_setup_teardown_taskflow.py for tasks to queue
[2024-11-09T19:44:13.214+0000] {logging_mixin.py:190} INFO - [2024-11-09T19:44:13.213+0000] {dagbag.py:588} INFO - Filling up the DagBag from /home/chirag/airflow/lib/python3.12/site-packages/airflow/example_dags/example_setup_teardown_taskflow.py
[2024-11-09T19:44:13.230+0000] {processor.py:925} INFO - DAG(s) 'example_setup_teardown_taskflow' retrieved from /home/chirag/airflow/lib/python3.12/site-packages/airflow/example_dags/example_setup_teardown_taskflow.py
[2024-11-09T19:44:13.255+0000] {logging_mixin.py:190} INFO - [2024-11-09T19:44:13.254+0000] {dag.py:3239} INFO - Sync 1 DAGs
[2024-11-09T19:44:13.273+0000] {logging_mixin.py:190} INFO - [2024-11-09T19:44:13.272+0000] {dag.py:4180} INFO - Setting next_dagrun for example_setup_teardown_taskflow to None, run_after=None
[2024-11-09T19:44:13.309+0000] {processor.py:208} INFO - Processing /home/chirag/airflow/lib/python3.12/site-packages/airflow/example_dags/example_setup_teardown_taskflow.py took 0.110 seconds
[2024-11-09T19:45:21.382+0000] {processor.py:186} INFO - Started process (PID=4508) to work on /home/chirag/airflow/lib/python3.12/site-packages/airflow/example_dags/example_setup_teardown_taskflow.py
[2024-11-09T19:45:21.386+0000] {processor.py:914} INFO - Processing file /home/chirag/airflow/lib/python3.12/site-packages/airflow/example_dags/example_setup_teardown_taskflow.py for tasks to queue
[2024-11-09T19:45:21.389+0000] {logging_mixin.py:190} INFO - [2024-11-09T19:45:21.388+0000] {dagbag.py:588} INFO - Filling up the DagBag from /home/chirag/airflow/lib/python3.12/site-packages/airflow/example_dags/example_setup_teardown_taskflow.py
[2024-11-09T19:45:21.406+0000] {processor.py:925} INFO - DAG(s) 'example_setup_teardown_taskflow' retrieved from /home/chirag/airflow/lib/python3.12/site-packages/airflow/example_dags/example_setup_teardown_taskflow.py
[2024-11-09T19:45:21.431+0000] {logging_mixin.py:190} INFO - [2024-11-09T19:45:21.431+0000] {dag.py:3239} INFO - Sync 1 DAGs
[2024-11-09T19:45:21.450+0000] {logging_mixin.py:190} INFO - [2024-11-09T19:45:21.449+0000] {dag.py:4180} INFO - Setting next_dagrun for example_setup_teardown_taskflow to None, run_after=None
[2024-11-09T19:45:21.592+0000] {processor.py:208} INFO - Processing /home/chirag/airflow/lib/python3.12/site-packages/airflow/example_dags/example_setup_teardown_taskflow.py took 0.218 seconds
[2024-11-09T19:46:58.558+0000] {processor.py:186} INFO - Started process (PID=4815) to work on /home/chirag/airflow/lib/python3.12/site-packages/airflow/example_dags/example_setup_teardown_taskflow.py
[2024-11-09T19:46:58.561+0000] {processor.py:914} INFO - Processing file /home/chirag/airflow/lib/python3.12/site-packages/airflow/example_dags/example_setup_teardown_taskflow.py for tasks to queue
[2024-11-09T19:46:58.564+0000] {logging_mixin.py:190} INFO - [2024-11-09T19:46:58.564+0000] {dagbag.py:588} INFO - Filling up the DagBag from /home/chirag/airflow/lib/python3.12/site-packages/airflow/example_dags/example_setup_teardown_taskflow.py
[2024-11-09T19:46:58.584+0000] {processor.py:925} INFO - DAG(s) 'example_setup_teardown_taskflow' retrieved from /home/chirag/airflow/lib/python3.12/site-packages/airflow/example_dags/example_setup_teardown_taskflow.py
[2024-11-09T19:46:58.613+0000] {logging_mixin.py:190} INFO - [2024-11-09T19:46:58.612+0000] {dag.py:3239} INFO - Sync 1 DAGs
[2024-11-09T19:46:58.634+0000] {logging_mixin.py:190} INFO - [2024-11-09T19:46:58.634+0000] {dag.py:4180} INFO - Setting next_dagrun for example_setup_teardown_taskflow to None, run_after=None
[2024-11-09T19:46:58.676+0000] {processor.py:208} INFO - Processing /home/chirag/airflow/lib/python3.12/site-packages/airflow/example_dags/example_setup_teardown_taskflow.py took 0.130 seconds
[2024-11-09T19:48:14.742+0000] {processor.py:186} INFO - Started process (PID=5038) to work on /home/chirag/airflow/lib/python3.12/site-packages/airflow/example_dags/example_setup_teardown_taskflow.py
[2024-11-09T19:48:14.748+0000] {processor.py:914} INFO - Processing file /home/chirag/airflow/lib/python3.12/site-packages/airflow/example_dags/example_setup_teardown_taskflow.py for tasks to queue
[2024-11-09T19:48:14.753+0000] {logging_mixin.py:190} INFO - [2024-11-09T19:48:14.752+0000] {dagbag.py:588} INFO - Filling up the DagBag from /home/chirag/airflow/lib/python3.12/site-packages/airflow/example_dags/example_setup_teardown_taskflow.py
[2024-11-09T19:48:14.781+0000] {processor.py:925} INFO - DAG(s) 'example_setup_teardown_taskflow' retrieved from /home/chirag/airflow/lib/python3.12/site-packages/airflow/example_dags/example_setup_teardown_taskflow.py
[2024-11-09T19:48:14.830+0000] {logging_mixin.py:190} INFO - [2024-11-09T19:48:14.825+0000] {dag.py:3239} INFO - Sync 1 DAGs
[2024-11-09T19:48:14.862+0000] {logging_mixin.py:190} INFO - [2024-11-09T19:48:14.862+0000] {dag.py:4180} INFO - Setting next_dagrun for example_setup_teardown_taskflow to None, run_after=None
[2024-11-09T19:48:14.914+0000] {processor.py:208} INFO - Processing /home/chirag/airflow/lib/python3.12/site-packages/airflow/example_dags/example_setup_teardown_taskflow.py took 0.186 seconds
[2024-11-09T19:49:27.974+0000] {processor.py:186} INFO - Started process (PID=5253) to work on /home/chirag/airflow/lib/python3.12/site-packages/airflow/example_dags/example_setup_teardown_taskflow.py
[2024-11-09T19:49:27.977+0000] {processor.py:914} INFO - Processing file /home/chirag/airflow/lib/python3.12/site-packages/airflow/example_dags/example_setup_teardown_taskflow.py for tasks to queue
[2024-11-09T19:49:27.980+0000] {logging_mixin.py:190} INFO - [2024-11-09T19:49:27.980+0000] {dagbag.py:588} INFO - Filling up the DagBag from /home/chirag/airflow/lib/python3.12/site-packages/airflow/example_dags/example_setup_teardown_taskflow.py
[2024-11-09T19:49:27.997+0000] {processor.py:925} INFO - DAG(s) 'example_setup_teardown_taskflow' retrieved from /home/chirag/airflow/lib/python3.12/site-packages/airflow/example_dags/example_setup_teardown_taskflow.py
[2024-11-09T19:49:28.022+0000] {logging_mixin.py:190} INFO - [2024-11-09T19:49:28.022+0000] {dag.py:3239} INFO - Sync 1 DAGs
[2024-11-09T19:49:28.042+0000] {logging_mixin.py:190} INFO - [2024-11-09T19:49:28.041+0000] {dag.py:4180} INFO - Setting next_dagrun for example_setup_teardown_taskflow to None, run_after=None
[2024-11-09T19:49:28.078+0000] {processor.py:208} INFO - Processing /home/chirag/airflow/lib/python3.12/site-packages/airflow/example_dags/example_setup_teardown_taskflow.py took 0.113 seconds
[2024-11-09T19:50:38.525+0000] {processor.py:186} INFO - Started process (PID=5681) to work on /home/chirag/airflow/lib/python3.12/site-packages/airflow/example_dags/example_setup_teardown_taskflow.py
[2024-11-09T19:50:38.528+0000] {processor.py:914} INFO - Processing file /home/chirag/airflow/lib/python3.12/site-packages/airflow/example_dags/example_setup_teardown_taskflow.py for tasks to queue
[2024-11-09T19:50:38.534+0000] {logging_mixin.py:190} INFO - [2024-11-09T19:50:38.532+0000] {dagbag.py:588} INFO - Filling up the DagBag from /home/chirag/airflow/lib/python3.12/site-packages/airflow/example_dags/example_setup_teardown_taskflow.py
[2024-11-09T19:50:38.564+0000] {processor.py:925} INFO - DAG(s) 'example_setup_teardown_taskflow' retrieved from /home/chirag/airflow/lib/python3.12/site-packages/airflow/example_dags/example_setup_teardown_taskflow.py
[2024-11-09T19:50:38.599+0000] {logging_mixin.py:190} INFO - [2024-11-09T19:50:38.599+0000] {dag.py:3239} INFO - Sync 1 DAGs
[2024-11-09T19:50:38.619+0000] {logging_mixin.py:190} INFO - [2024-11-09T19:50:38.618+0000] {dag.py:4180} INFO - Setting next_dagrun for example_setup_teardown_taskflow to None, run_after=None
[2024-11-09T19:50:38.662+0000] {processor.py:208} INFO - Processing /home/chirag/airflow/lib/python3.12/site-packages/airflow/example_dags/example_setup_teardown_taskflow.py took 0.152 seconds
[2024-11-09T19:51:53.401+0000] {processor.py:186} INFO - Started process (PID=6257) to work on /home/chirag/airflow/lib/python3.12/site-packages/airflow/example_dags/example_setup_teardown_taskflow.py
[2024-11-09T19:51:53.405+0000] {processor.py:914} INFO - Processing file /home/chirag/airflow/lib/python3.12/site-packages/airflow/example_dags/example_setup_teardown_taskflow.py for tasks to queue
[2024-11-09T19:51:53.409+0000] {logging_mixin.py:190} INFO - [2024-11-09T19:51:53.408+0000] {dagbag.py:588} INFO - Filling up the DagBag from /home/chirag/airflow/lib/python3.12/site-packages/airflow/example_dags/example_setup_teardown_taskflow.py
[2024-11-09T19:51:53.426+0000] {processor.py:925} INFO - DAG(s) 'example_setup_teardown_taskflow' retrieved from /home/chirag/airflow/lib/python3.12/site-packages/airflow/example_dags/example_setup_teardown_taskflow.py
[2024-11-09T19:51:53.453+0000] {logging_mixin.py:190} INFO - [2024-11-09T19:51:53.453+0000] {dag.py:3239} INFO - Sync 1 DAGs
[2024-11-09T19:51:53.473+0000] {logging_mixin.py:190} INFO - [2024-11-09T19:51:53.472+0000] {dag.py:4180} INFO - Setting next_dagrun for example_setup_teardown_taskflow to None, run_after=None
[2024-11-09T19:51:53.512+0000] {processor.py:208} INFO - Processing /home/chirag/airflow/lib/python3.12/site-packages/airflow/example_dags/example_setup_teardown_taskflow.py took 0.119 seconds
[2024-11-09T19:53:43.919+0000] {processor.py:186} INFO - Started process (PID=6807) to work on /home/chirag/airflow/lib/python3.12/site-packages/airflow/example_dags/example_setup_teardown_taskflow.py
[2024-11-09T19:53:43.923+0000] {processor.py:914} INFO - Processing file /home/chirag/airflow/lib/python3.12/site-packages/airflow/example_dags/example_setup_teardown_taskflow.py for tasks to queue
[2024-11-09T19:53:43.927+0000] {logging_mixin.py:190} INFO - [2024-11-09T19:53:43.926+0000] {dagbag.py:588} INFO - Filling up the DagBag from /home/chirag/airflow/lib/python3.12/site-packages/airflow/example_dags/example_setup_teardown_taskflow.py
[2024-11-09T19:53:43.943+0000] {processor.py:925} INFO - DAG(s) 'example_setup_teardown_taskflow' retrieved from /home/chirag/airflow/lib/python3.12/site-packages/airflow/example_dags/example_setup_teardown_taskflow.py
[2024-11-09T19:53:43.980+0000] {logging_mixin.py:190} INFO - [2024-11-09T19:53:43.980+0000] {dag.py:3239} INFO - Sync 1 DAGs
[2024-11-09T19:53:44.017+0000] {logging_mixin.py:190} INFO - [2024-11-09T19:53:44.017+0000] {dag.py:4180} INFO - Setting next_dagrun for example_setup_teardown_taskflow to None, run_after=None
[2024-11-09T19:53:44.060+0000] {processor.py:208} INFO - Processing /home/chirag/airflow/lib/python3.12/site-packages/airflow/example_dags/example_setup_teardown_taskflow.py took 0.149 seconds
[2024-11-09T19:54:57.206+0000] {processor.py:186} INFO - Started process (PID=7407) to work on /home/chirag/airflow/lib/python3.12/site-packages/airflow/example_dags/example_setup_teardown_taskflow.py
[2024-11-09T19:54:57.209+0000] {processor.py:914} INFO - Processing file /home/chirag/airflow/lib/python3.12/site-packages/airflow/example_dags/example_setup_teardown_taskflow.py for tasks to queue
[2024-11-09T19:54:57.213+0000] {logging_mixin.py:190} INFO - [2024-11-09T19:54:57.212+0000] {dagbag.py:588} INFO - Filling up the DagBag from /home/chirag/airflow/lib/python3.12/site-packages/airflow/example_dags/example_setup_teardown_taskflow.py
[2024-11-09T19:54:57.237+0000] {processor.py:925} INFO - DAG(s) 'example_setup_teardown_taskflow' retrieved from /home/chirag/airflow/lib/python3.12/site-packages/airflow/example_dags/example_setup_teardown_taskflow.py
[2024-11-09T19:54:57.272+0000] {logging_mixin.py:190} INFO - [2024-11-09T19:54:57.272+0000] {dag.py:3239} INFO - Sync 1 DAGs
[2024-11-09T19:54:57.295+0000] {logging_mixin.py:190} INFO - [2024-11-09T19:54:57.294+0000] {dag.py:4180} INFO - Setting next_dagrun for example_setup_teardown_taskflow to None, run_after=None
[2024-11-09T19:54:57.329+0000] {processor.py:208} INFO - Processing /home/chirag/airflow/lib/python3.12/site-packages/airflow/example_dags/example_setup_teardown_taskflow.py took 0.135 seconds
[2024-11-09T19:56:18.964+0000] {processor.py:186} INFO - Started process (PID=7923) to work on /home/chirag/airflow/lib/python3.12/site-packages/airflow/example_dags/example_setup_teardown_taskflow.py
[2024-11-09T19:56:18.966+0000] {processor.py:914} INFO - Processing file /home/chirag/airflow/lib/python3.12/site-packages/airflow/example_dags/example_setup_teardown_taskflow.py for tasks to queue
[2024-11-09T19:56:18.971+0000] {logging_mixin.py:190} INFO - [2024-11-09T19:56:18.969+0000] {dagbag.py:588} INFO - Filling up the DagBag from /home/chirag/airflow/lib/python3.12/site-packages/airflow/example_dags/example_setup_teardown_taskflow.py
[2024-11-09T19:56:18.999+0000] {processor.py:925} INFO - DAG(s) 'example_setup_teardown_taskflow' retrieved from /home/chirag/airflow/lib/python3.12/site-packages/airflow/example_dags/example_setup_teardown_taskflow.py
[2024-11-09T19:56:19.091+0000] {logging_mixin.py:190} INFO - [2024-11-09T19:56:19.090+0000] {dag.py:3239} INFO - Sync 1 DAGs
[2024-11-09T19:56:19.217+0000] {logging_mixin.py:190} INFO - [2024-11-09T19:56:19.216+0000] {dag.py:4180} INFO - Setting next_dagrun for example_setup_teardown_taskflow to None, run_after=None
[2024-11-09T19:56:19.497+0000] {processor.py:208} INFO - Processing /home/chirag/airflow/lib/python3.12/site-packages/airflow/example_dags/example_setup_teardown_taskflow.py took 0.546 seconds
[2024-11-09T19:58:19.649+0000] {processor.py:186} INFO - Started process (PID=8408) to work on /home/chirag/airflow/lib/python3.12/site-packages/airflow/example_dags/example_setup_teardown_taskflow.py
[2024-11-09T19:58:19.659+0000] {processor.py:914} INFO - Processing file /home/chirag/airflow/lib/python3.12/site-packages/airflow/example_dags/example_setup_teardown_taskflow.py for tasks to queue
[2024-11-09T19:58:19.668+0000] {logging_mixin.py:190} INFO - [2024-11-09T19:58:19.667+0000] {dagbag.py:588} INFO - Filling up the DagBag from /home/chirag/airflow/lib/python3.12/site-packages/airflow/example_dags/example_setup_teardown_taskflow.py
[2024-11-09T19:58:19.726+0000] {processor.py:925} INFO - DAG(s) 'example_setup_teardown_taskflow' retrieved from /home/chirag/airflow/lib/python3.12/site-packages/airflow/example_dags/example_setup_teardown_taskflow.py
[2024-11-09T19:58:19.879+0000] {logging_mixin.py:190} INFO - [2024-11-09T19:58:19.878+0000] {dag.py:3239} INFO - Sync 1 DAGs
[2024-11-09T19:58:19.986+0000] {logging_mixin.py:190} INFO - [2024-11-09T19:58:19.985+0000] {dag.py:4180} INFO - Setting next_dagrun for example_setup_teardown_taskflow to None, run_after=None
[2024-11-09T19:58:20.115+0000] {processor.py:208} INFO - Processing /home/chirag/airflow/lib/python3.12/site-packages/airflow/example_dags/example_setup_teardown_taskflow.py took 0.494 seconds
[2024-11-09T20:22:55.339+0000] {processor.py:186} INFO - Started process (PID=12725) to work on /home/chirag/airflow/lib/python3.12/site-packages/airflow/example_dags/example_setup_teardown_taskflow.py
[2024-11-09T20:22:55.343+0000] {processor.py:914} INFO - Processing file /home/chirag/airflow/lib/python3.12/site-packages/airflow/example_dags/example_setup_teardown_taskflow.py for tasks to queue
[2024-11-09T20:22:55.346+0000] {logging_mixin.py:190} INFO - [2024-11-09T20:22:55.345+0000] {dagbag.py:588} INFO - Filling up the DagBag from /home/chirag/airflow/lib/python3.12/site-packages/airflow/example_dags/example_setup_teardown_taskflow.py
[2024-11-09T20:22:55.362+0000] {processor.py:925} INFO - DAG(s) 'example_setup_teardown_taskflow' retrieved from /home/chirag/airflow/lib/python3.12/site-packages/airflow/example_dags/example_setup_teardown_taskflow.py
[2024-11-09T20:22:55.386+0000] {logging_mixin.py:190} INFO - [2024-11-09T20:22:55.386+0000] {dag.py:3239} INFO - Sync 1 DAGs
[2024-11-09T20:22:55.408+0000] {logging_mixin.py:190} INFO - [2024-11-09T20:22:55.408+0000] {dag.py:4180} INFO - Setting next_dagrun for example_setup_teardown_taskflow to None, run_after=None
[2024-11-09T20:22:55.449+0000] {processor.py:208} INFO - Processing /home/chirag/airflow/lib/python3.12/site-packages/airflow/example_dags/example_setup_teardown_taskflow.py took 0.117 seconds
[2024-11-09T20:24:11.721+0000] {processor.py:186} INFO - Started process (PID=12947) to work on /home/chirag/airflow/lib/python3.12/site-packages/airflow/example_dags/example_setup_teardown_taskflow.py
[2024-11-09T20:24:11.725+0000] {processor.py:914} INFO - Processing file /home/chirag/airflow/lib/python3.12/site-packages/airflow/example_dags/example_setup_teardown_taskflow.py for tasks to queue
[2024-11-09T20:24:11.729+0000] {logging_mixin.py:190} INFO - [2024-11-09T20:24:11.729+0000] {dagbag.py:588} INFO - Filling up the DagBag from /home/chirag/airflow/lib/python3.12/site-packages/airflow/example_dags/example_setup_teardown_taskflow.py
[2024-11-09T20:24:11.746+0000] {processor.py:925} INFO - DAG(s) 'example_setup_teardown_taskflow' retrieved from /home/chirag/airflow/lib/python3.12/site-packages/airflow/example_dags/example_setup_teardown_taskflow.py
[2024-11-09T20:24:11.772+0000] {logging_mixin.py:190} INFO - [2024-11-09T20:24:11.772+0000] {dag.py:3239} INFO - Sync 1 DAGs
[2024-11-09T20:24:11.790+0000] {logging_mixin.py:190} INFO - [2024-11-09T20:24:11.790+0000] {dag.py:4180} INFO - Setting next_dagrun for example_setup_teardown_taskflow to None, run_after=None
[2024-11-09T20:24:11.826+0000] {processor.py:208} INFO - Processing /home/chirag/airflow/lib/python3.12/site-packages/airflow/example_dags/example_setup_teardown_taskflow.py took 0.114 seconds
[2024-11-09T20:25:27.832+0000] {processor.py:186} INFO - Started process (PID=13163) to work on /home/chirag/airflow/lib/python3.12/site-packages/airflow/example_dags/example_setup_teardown_taskflow.py
[2024-11-09T20:25:27.836+0000] {processor.py:914} INFO - Processing file /home/chirag/airflow/lib/python3.12/site-packages/airflow/example_dags/example_setup_teardown_taskflow.py for tasks to queue
[2024-11-09T20:25:27.840+0000] {logging_mixin.py:190} INFO - [2024-11-09T20:25:27.840+0000] {dagbag.py:588} INFO - Filling up the DagBag from /home/chirag/airflow/lib/python3.12/site-packages/airflow/example_dags/example_setup_teardown_taskflow.py
[2024-11-09T20:25:27.860+0000] {processor.py:925} INFO - DAG(s) 'example_setup_teardown_taskflow' retrieved from /home/chirag/airflow/lib/python3.12/site-packages/airflow/example_dags/example_setup_teardown_taskflow.py
[2024-11-09T20:25:27.894+0000] {logging_mixin.py:190} INFO - [2024-11-09T20:25:27.893+0000] {dag.py:3239} INFO - Sync 1 DAGs
[2024-11-09T20:25:27.918+0000] {logging_mixin.py:190} INFO - [2024-11-09T20:25:27.918+0000] {dag.py:4180} INFO - Setting next_dagrun for example_setup_teardown_taskflow to None, run_after=None
[2024-11-09T20:25:27.967+0000] {processor.py:208} INFO - Processing /home/chirag/airflow/lib/python3.12/site-packages/airflow/example_dags/example_setup_teardown_taskflow.py took 0.145 seconds
[2024-11-09T20:26:56.925+0000] {processor.py:186} INFO - Started process (PID=13740) to work on /home/chirag/airflow/lib/python3.12/site-packages/airflow/example_dags/example_setup_teardown_taskflow.py
[2024-11-09T20:26:56.928+0000] {processor.py:914} INFO - Processing file /home/chirag/airflow/lib/python3.12/site-packages/airflow/example_dags/example_setup_teardown_taskflow.py for tasks to queue
[2024-11-09T20:26:56.932+0000] {logging_mixin.py:190} INFO - [2024-11-09T20:26:56.931+0000] {dagbag.py:588} INFO - Filling up the DagBag from /home/chirag/airflow/lib/python3.12/site-packages/airflow/example_dags/example_setup_teardown_taskflow.py
[2024-11-09T20:26:56.950+0000] {processor.py:925} INFO - DAG(s) 'example_setup_teardown_taskflow' retrieved from /home/chirag/airflow/lib/python3.12/site-packages/airflow/example_dags/example_setup_teardown_taskflow.py
[2024-11-09T20:26:56.982+0000] {logging_mixin.py:190} INFO - [2024-11-09T20:26:56.981+0000] {dag.py:3239} INFO - Sync 1 DAGs
[2024-11-09T20:26:57.012+0000] {logging_mixin.py:190} INFO - [2024-11-09T20:26:57.012+0000] {dag.py:4180} INFO - Setting next_dagrun for example_setup_teardown_taskflow to None, run_after=None
[2024-11-09T20:26:57.058+0000] {processor.py:208} INFO - Processing /home/chirag/airflow/lib/python3.12/site-packages/airflow/example_dags/example_setup_teardown_taskflow.py took 0.142 seconds
