[2024-11-09T19:17:28.515+0000] {processor.py:186} INFO - Started process (PID=94696) to work on /home/chirag/airflow/lib/python3.12/site-packages/airflow/example_dags/example_sensors.py
[2024-11-09T19:17:28.519+0000] {processor.py:914} INFO - Processing file /home/chirag/airflow/lib/python3.12/site-packages/airflow/example_dags/example_sensors.py for tasks to queue
[2024-11-09T19:17:28.527+0000] {logging_mixin.py:190} INFO - [2024-11-09T19:17:28.525+0000] {dagbag.py:588} INFO - Filling up the DagBag from /home/chirag/airflow/lib/python3.12/site-packages/airflow/example_dags/example_sensors.py
[2024-11-09T19:17:28.590+0000] {processor.py:925} INFO - DAG(s) 'example_sensors' retrieved from /home/chirag/airflow/lib/python3.12/site-packages/airflow/example_dags/example_sensors.py
[2024-11-09T19:17:29.117+0000] {logging_mixin.py:190} INFO - [2024-11-09T19:17:29.115+0000] {override.py:1911} INFO - Created Permission View: can delete on DAG:example_sensors
[2024-11-09T19:17:29.166+0000] {logging_mixin.py:190} INFO - [2024-11-09T19:17:29.165+0000] {override.py:1911} INFO - Created Permission View: can read on DAG:example_sensors
[2024-11-09T19:17:29.199+0000] {logging_mixin.py:190} INFO - [2024-11-09T19:17:29.198+0000] {override.py:1911} INFO - Created Permission View: can edit on DAG:example_sensors
[2024-11-09T19:17:29.238+0000] {logging_mixin.py:190} INFO - [2024-11-09T19:17:29.237+0000] {override.py:1911} INFO - Created Permission View: menu access on DAG Run:example_sensors
[2024-11-09T19:17:29.256+0000] {logging_mixin.py:190} INFO - [2024-11-09T19:17:29.256+0000] {override.py:1911} INFO - Created Permission View: can delete on DAG Run:example_sensors
[2024-11-09T19:17:29.276+0000] {logging_mixin.py:190} INFO - [2024-11-09T19:17:29.276+0000] {override.py:1911} INFO - Created Permission View: can read on DAG Run:example_sensors
[2024-11-09T19:17:29.295+0000] {logging_mixin.py:190} INFO - [2024-11-09T19:17:29.294+0000] {override.py:1911} INFO - Created Permission View: can create on DAG Run:example_sensors
[2024-11-09T19:17:29.296+0000] {logging_mixin.py:190} INFO - [2024-11-09T19:17:29.295+0000] {dag.py:3239} INFO - Sync 1 DAGs
[2024-11-09T19:17:29.316+0000] {logging_mixin.py:190} INFO - [2024-11-09T19:17:29.316+0000] {dag.py:3262} INFO - Creating ORM DAG for example_sensors
[2024-11-09T19:17:29.318+0000] {logging_mixin.py:190} INFO - [2024-11-09T19:17:29.317+0000] {dag.py:4180} INFO - Setting next_dagrun for example_sensors to None, run_after=None
[2024-11-09T19:17:29.375+0000] {processor.py:208} INFO - Processing /home/chirag/airflow/lib/python3.12/site-packages/airflow/example_dags/example_sensors.py took 0.923 seconds
[2024-11-09T19:28:16.247+0000] {processor.py:186} INFO - Started process (PID=494) to work on /home/chirag/airflow/lib/python3.12/site-packages/airflow/example_dags/example_sensors.py
[2024-11-09T19:28:16.249+0000] {processor.py:914} INFO - Processing file /home/chirag/airflow/lib/python3.12/site-packages/airflow/example_dags/example_sensors.py for tasks to queue
[2024-11-09T19:28:16.252+0000] {logging_mixin.py:190} INFO - [2024-11-09T19:28:16.252+0000] {dagbag.py:588} INFO - Filling up the DagBag from /home/chirag/airflow/lib/python3.12/site-packages/airflow/example_dags/example_sensors.py
[2024-11-09T19:28:16.268+0000] {processor.py:925} INFO - DAG(s) 'example_sensors' retrieved from /home/chirag/airflow/lib/python3.12/site-packages/airflow/example_dags/example_sensors.py
[2024-11-09T19:28:16.298+0000] {logging_mixin.py:190} INFO - [2024-11-09T19:28:16.298+0000] {dag.py:3239} INFO - Sync 1 DAGs
[2024-11-09T19:28:16.315+0000] {logging_mixin.py:190} INFO - [2024-11-09T19:28:16.315+0000] {dag.py:4180} INFO - Setting next_dagrun for example_sensors to None, run_after=None
[2024-11-09T19:28:16.348+0000] {processor.py:208} INFO - Processing /home/chirag/airflow/lib/python3.12/site-packages/airflow/example_dags/example_sensors.py took 0.109 seconds
[2024-11-09T19:29:29.367+0000] {processor.py:186} INFO - Started process (PID=583) to work on /home/chirag/airflow/lib/python3.12/site-packages/airflow/example_dags/example_sensors.py
[2024-11-09T19:29:29.369+0000] {processor.py:914} INFO - Processing file /home/chirag/airflow/lib/python3.12/site-packages/airflow/example_dags/example_sensors.py for tasks to queue
[2024-11-09T19:29:29.373+0000] {logging_mixin.py:190} INFO - [2024-11-09T19:29:29.372+0000] {dagbag.py:588} INFO - Filling up the DagBag from /home/chirag/airflow/lib/python3.12/site-packages/airflow/example_dags/example_sensors.py
[2024-11-09T19:29:29.389+0000] {processor.py:925} INFO - DAG(s) 'example_sensors' retrieved from /home/chirag/airflow/lib/python3.12/site-packages/airflow/example_dags/example_sensors.py
[2024-11-09T19:29:29.421+0000] {logging_mixin.py:190} INFO - [2024-11-09T19:29:29.420+0000] {dag.py:3239} INFO - Sync 1 DAGs
[2024-11-09T19:29:29.442+0000] {logging_mixin.py:190} INFO - [2024-11-09T19:29:29.442+0000] {dag.py:4180} INFO - Setting next_dagrun for example_sensors to None, run_after=None
[2024-11-09T19:29:29.482+0000] {processor.py:208} INFO - Processing /home/chirag/airflow/lib/python3.12/site-packages/airflow/example_dags/example_sensors.py took 0.125 seconds
[2024-11-09T19:30:49.302+0000] {processor.py:186} INFO - Started process (PID=657) to work on /home/chirag/airflow/lib/python3.12/site-packages/airflow/example_dags/example_sensors.py
[2024-11-09T19:30:49.304+0000] {processor.py:914} INFO - Processing file /home/chirag/airflow/lib/python3.12/site-packages/airflow/example_dags/example_sensors.py for tasks to queue
[2024-11-09T19:30:49.307+0000] {logging_mixin.py:190} INFO - [2024-11-09T19:30:49.307+0000] {dagbag.py:588} INFO - Filling up the DagBag from /home/chirag/airflow/lib/python3.12/site-packages/airflow/example_dags/example_sensors.py
[2024-11-09T19:30:49.334+0000] {processor.py:925} INFO - DAG(s) 'example_sensors' retrieved from /home/chirag/airflow/lib/python3.12/site-packages/airflow/example_dags/example_sensors.py
[2024-11-09T19:30:49.382+0000] {logging_mixin.py:190} INFO - [2024-11-09T19:30:49.381+0000] {dag.py:3239} INFO - Sync 1 DAGs
[2024-11-09T19:30:49.408+0000] {logging_mixin.py:190} INFO - [2024-11-09T19:30:49.407+0000] {dag.py:4180} INFO - Setting next_dagrun for example_sensors to None, run_after=None
[2024-11-09T19:30:49.444+0000] {processor.py:208} INFO - Processing /home/chirag/airflow/lib/python3.12/site-packages/airflow/example_dags/example_sensors.py took 0.151 seconds
[2024-11-09T19:32:28.227+0000] {processor.py:186} INFO - Started process (PID=1455) to work on /home/chirag/airflow/lib/python3.12/site-packages/airflow/example_dags/example_sensors.py
[2024-11-09T19:32:28.232+0000] {processor.py:914} INFO - Processing file /home/chirag/airflow/lib/python3.12/site-packages/airflow/example_dags/example_sensors.py for tasks to queue
[2024-11-09T19:32:28.237+0000] {logging_mixin.py:190} INFO - [2024-11-09T19:32:28.237+0000] {dagbag.py:588} INFO - Filling up the DagBag from /home/chirag/airflow/lib/python3.12/site-packages/airflow/example_dags/example_sensors.py
[2024-11-09T19:32:28.280+0000] {processor.py:925} INFO - DAG(s) 'example_sensors' retrieved from /home/chirag/airflow/lib/python3.12/site-packages/airflow/example_dags/example_sensors.py
[2024-11-09T19:32:28.328+0000] {logging_mixin.py:190} INFO - [2024-11-09T19:32:28.328+0000] {dag.py:3239} INFO - Sync 1 DAGs
[2024-11-09T19:32:28.354+0000] {logging_mixin.py:190} INFO - [2024-11-09T19:32:28.354+0000] {dag.py:4180} INFO - Setting next_dagrun for example_sensors to None, run_after=None
[2024-11-09T19:32:28.436+0000] {processor.py:208} INFO - Processing /home/chirag/airflow/lib/python3.12/site-packages/airflow/example_dags/example_sensors.py took 0.218 seconds
[2024-11-09T19:33:51.900+0000] {processor.py:186} INFO - Started process (PID=2016) to work on /home/chirag/airflow/lib/python3.12/site-packages/airflow/example_dags/example_sensors.py
[2024-11-09T19:33:51.903+0000] {processor.py:914} INFO - Processing file /home/chirag/airflow/lib/python3.12/site-packages/airflow/example_dags/example_sensors.py for tasks to queue
[2024-11-09T19:33:51.906+0000] {logging_mixin.py:190} INFO - [2024-11-09T19:33:51.905+0000] {dagbag.py:588} INFO - Filling up the DagBag from /home/chirag/airflow/lib/python3.12/site-packages/airflow/example_dags/example_sensors.py
[2024-11-09T19:33:51.922+0000] {processor.py:925} INFO - DAG(s) 'example_sensors' retrieved from /home/chirag/airflow/lib/python3.12/site-packages/airflow/example_dags/example_sensors.py
[2024-11-09T19:33:51.953+0000] {logging_mixin.py:190} INFO - [2024-11-09T19:33:51.952+0000] {dag.py:3239} INFO - Sync 1 DAGs
[2024-11-09T19:33:51.971+0000] {logging_mixin.py:190} INFO - [2024-11-09T19:33:51.970+0000] {dag.py:4180} INFO - Setting next_dagrun for example_sensors to None, run_after=None
[2024-11-09T19:33:52.010+0000] {processor.py:208} INFO - Processing /home/chirag/airflow/lib/python3.12/site-packages/airflow/example_dags/example_sensors.py took 0.117 seconds
[2024-11-09T19:35:17.098+0000] {processor.py:186} INFO - Started process (PID=2627) to work on /home/chirag/airflow/lib/python3.12/site-packages/airflow/example_dags/example_sensors.py
[2024-11-09T19:35:17.139+0000] {processor.py:914} INFO - Processing file /home/chirag/airflow/lib/python3.12/site-packages/airflow/example_dags/example_sensors.py for tasks to queue
[2024-11-09T19:35:17.143+0000] {logging_mixin.py:190} INFO - [2024-11-09T19:35:17.142+0000] {dagbag.py:588} INFO - Filling up the DagBag from /home/chirag/airflow/lib/python3.12/site-packages/airflow/example_dags/example_sensors.py
[2024-11-09T19:35:17.160+0000] {processor.py:925} INFO - DAG(s) 'example_sensors' retrieved from /home/chirag/airflow/lib/python3.12/site-packages/airflow/example_dags/example_sensors.py
[2024-11-09T19:35:17.191+0000] {logging_mixin.py:190} INFO - [2024-11-09T19:35:17.190+0000] {dag.py:3239} INFO - Sync 1 DAGs
[2024-11-09T19:35:17.209+0000] {logging_mixin.py:190} INFO - [2024-11-09T19:35:17.208+0000] {dag.py:4180} INFO - Setting next_dagrun for example_sensors to None, run_after=None
[2024-11-09T19:35:17.302+0000] {processor.py:208} INFO - Processing /home/chirag/airflow/lib/python3.12/site-packages/airflow/example_dags/example_sensors.py took 0.212 seconds
[2024-11-09T19:36:42.301+0000] {processor.py:186} INFO - Started process (PID=2855) to work on /home/chirag/airflow/lib/python3.12/site-packages/airflow/example_dags/example_sensors.py
[2024-11-09T19:36:42.307+0000] {processor.py:914} INFO - Processing file /home/chirag/airflow/lib/python3.12/site-packages/airflow/example_dags/example_sensors.py for tasks to queue
[2024-11-09T19:36:42.310+0000] {logging_mixin.py:190} INFO - [2024-11-09T19:36:42.309+0000] {dagbag.py:588} INFO - Filling up the DagBag from /home/chirag/airflow/lib/python3.12/site-packages/airflow/example_dags/example_sensors.py
[2024-11-09T19:36:42.326+0000] {processor.py:925} INFO - DAG(s) 'example_sensors' retrieved from /home/chirag/airflow/lib/python3.12/site-packages/airflow/example_dags/example_sensors.py
[2024-11-09T19:36:42.356+0000] {logging_mixin.py:190} INFO - [2024-11-09T19:36:42.355+0000] {dag.py:3239} INFO - Sync 1 DAGs
[2024-11-09T19:36:42.373+0000] {logging_mixin.py:190} INFO - [2024-11-09T19:36:42.372+0000] {dag.py:4180} INFO - Setting next_dagrun for example_sensors to None, run_after=None
[2024-11-09T19:36:42.409+0000] {processor.py:208} INFO - Processing /home/chirag/airflow/lib/python3.12/site-packages/airflow/example_dags/example_sensors.py took 0.115 seconds
[2024-11-09T19:37:51.106+0000] {processor.py:186} INFO - Started process (PID=3124) to work on /home/chirag/airflow/lib/python3.12/site-packages/airflow/example_dags/example_sensors.py
[2024-11-09T19:37:51.110+0000] {processor.py:914} INFO - Processing file /home/chirag/airflow/lib/python3.12/site-packages/airflow/example_dags/example_sensors.py for tasks to queue
[2024-11-09T19:37:51.113+0000] {logging_mixin.py:190} INFO - [2024-11-09T19:37:51.112+0000] {dagbag.py:588} INFO - Filling up the DagBag from /home/chirag/airflow/lib/python3.12/site-packages/airflow/example_dags/example_sensors.py
[2024-11-09T19:37:51.135+0000] {processor.py:925} INFO - DAG(s) 'example_sensors' retrieved from /home/chirag/airflow/lib/python3.12/site-packages/airflow/example_dags/example_sensors.py
[2024-11-09T19:37:51.194+0000] {logging_mixin.py:190} INFO - [2024-11-09T19:37:51.194+0000] {dag.py:3239} INFO - Sync 1 DAGs
[2024-11-09T19:37:51.222+0000] {logging_mixin.py:190} INFO - [2024-11-09T19:37:51.222+0000] {dag.py:4180} INFO - Setting next_dagrun for example_sensors to None, run_after=None
[2024-11-09T19:37:51.282+0000] {processor.py:208} INFO - Processing /home/chirag/airflow/lib/python3.12/site-packages/airflow/example_dags/example_sensors.py took 0.186 seconds
[2024-11-09T19:39:04.678+0000] {processor.py:186} INFO - Started process (PID=3434) to work on /home/chirag/airflow/lib/python3.12/site-packages/airflow/example_dags/example_sensors.py
[2024-11-09T19:39:04.682+0000] {processor.py:914} INFO - Processing file /home/chirag/airflow/lib/python3.12/site-packages/airflow/example_dags/example_sensors.py for tasks to queue
[2024-11-09T19:39:04.686+0000] {logging_mixin.py:190} INFO - [2024-11-09T19:39:04.685+0000] {dagbag.py:588} INFO - Filling up the DagBag from /home/chirag/airflow/lib/python3.12/site-packages/airflow/example_dags/example_sensors.py
[2024-11-09T19:39:04.706+0000] {processor.py:925} INFO - DAG(s) 'example_sensors' retrieved from /home/chirag/airflow/lib/python3.12/site-packages/airflow/example_dags/example_sensors.py
[2024-11-09T19:39:04.739+0000] {logging_mixin.py:190} INFO - [2024-11-09T19:39:04.738+0000] {dag.py:3239} INFO - Sync 1 DAGs
[2024-11-09T19:39:04.757+0000] {logging_mixin.py:190} INFO - [2024-11-09T19:39:04.757+0000] {dag.py:4180} INFO - Setting next_dagrun for example_sensors to None, run_after=None
[2024-11-09T19:39:04.797+0000] {processor.py:208} INFO - Processing /home/chirag/airflow/lib/python3.12/site-packages/airflow/example_dags/example_sensors.py took 0.127 seconds
[2024-11-09T19:40:32.288+0000] {processor.py:186} INFO - Started process (PID=3674) to work on /home/chirag/airflow/lib/python3.12/site-packages/airflow/example_dags/example_sensors.py
[2024-11-09T19:40:32.291+0000] {processor.py:914} INFO - Processing file /home/chirag/airflow/lib/python3.12/site-packages/airflow/example_dags/example_sensors.py for tasks to queue
[2024-11-09T19:40:32.295+0000] {logging_mixin.py:190} INFO - [2024-11-09T19:40:32.294+0000] {dagbag.py:588} INFO - Filling up the DagBag from /home/chirag/airflow/lib/python3.12/site-packages/airflow/example_dags/example_sensors.py
[2024-11-09T19:40:32.313+0000] {processor.py:925} INFO - DAG(s) 'example_sensors' retrieved from /home/chirag/airflow/lib/python3.12/site-packages/airflow/example_dags/example_sensors.py
[2024-11-09T19:40:32.378+0000] {logging_mixin.py:190} INFO - [2024-11-09T19:40:32.368+0000] {dag.py:3239} INFO - Sync 1 DAGs
[2024-11-09T19:40:32.403+0000] {logging_mixin.py:190} INFO - [2024-11-09T19:40:32.403+0000] {dag.py:4180} INFO - Setting next_dagrun for example_sensors to None, run_after=None
[2024-11-09T19:40:32.456+0000] {processor.py:208} INFO - Processing /home/chirag/airflow/lib/python3.12/site-packages/airflow/example_dags/example_sensors.py took 0.177 seconds
[2024-11-09T19:41:44.503+0000] {processor.py:186} INFO - Started process (PID=3876) to work on /home/chirag/airflow/lib/python3.12/site-packages/airflow/example_dags/example_sensors.py
[2024-11-09T19:41:44.506+0000] {processor.py:914} INFO - Processing file /home/chirag/airflow/lib/python3.12/site-packages/airflow/example_dags/example_sensors.py for tasks to queue
[2024-11-09T19:41:44.509+0000] {logging_mixin.py:190} INFO - [2024-11-09T19:41:44.509+0000] {dagbag.py:588} INFO - Filling up the DagBag from /home/chirag/airflow/lib/python3.12/site-packages/airflow/example_dags/example_sensors.py
[2024-11-09T19:41:44.526+0000] {processor.py:925} INFO - DAG(s) 'example_sensors' retrieved from /home/chirag/airflow/lib/python3.12/site-packages/airflow/example_dags/example_sensors.py
[2024-11-09T19:41:44.558+0000] {logging_mixin.py:190} INFO - [2024-11-09T19:41:44.558+0000] {dag.py:3239} INFO - Sync 1 DAGs
[2024-11-09T19:41:44.576+0000] {logging_mixin.py:190} INFO - [2024-11-09T19:41:44.576+0000] {dag.py:4180} INFO - Setting next_dagrun for example_sensors to None, run_after=None
[2024-11-09T19:41:44.615+0000] {processor.py:208} INFO - Processing /home/chirag/airflow/lib/python3.12/site-packages/airflow/example_dags/example_sensors.py took 0.121 seconds
[2024-11-09T19:42:58.759+0000] {processor.py:186} INFO - Started process (PID=4095) to work on /home/chirag/airflow/lib/python3.12/site-packages/airflow/example_dags/example_sensors.py
[2024-11-09T19:42:59.014+0000] {processor.py:914} INFO - Processing file /home/chirag/airflow/lib/python3.12/site-packages/airflow/example_dags/example_sensors.py for tasks to queue
[2024-11-09T19:42:59.019+0000] {logging_mixin.py:190} INFO - [2024-11-09T19:42:59.018+0000] {dagbag.py:588} INFO - Filling up the DagBag from /home/chirag/airflow/lib/python3.12/site-packages/airflow/example_dags/example_sensors.py
[2024-11-09T19:42:59.049+0000] {processor.py:925} INFO - DAG(s) 'example_sensors' retrieved from /home/chirag/airflow/lib/python3.12/site-packages/airflow/example_dags/example_sensors.py
[2024-11-09T19:42:59.101+0000] {logging_mixin.py:190} INFO - [2024-11-09T19:42:59.100+0000] {dag.py:3239} INFO - Sync 1 DAGs
[2024-11-09T19:42:59.131+0000] {logging_mixin.py:190} INFO - [2024-11-09T19:42:59.131+0000] {dag.py:4180} INFO - Setting next_dagrun for example_sensors to None, run_after=None
[2024-11-09T19:42:59.259+0000] {processor.py:208} INFO - Processing /home/chirag/airflow/lib/python3.12/site-packages/airflow/example_dags/example_sensors.py took 0.519 seconds
[2024-11-09T19:44:16.810+0000] {processor.py:186} INFO - Started process (PID=4316) to work on /home/chirag/airflow/lib/python3.12/site-packages/airflow/example_dags/example_sensors.py
[2024-11-09T19:44:16.816+0000] {processor.py:914} INFO - Processing file /home/chirag/airflow/lib/python3.12/site-packages/airflow/example_dags/example_sensors.py for tasks to queue
[2024-11-09T19:44:16.819+0000] {logging_mixin.py:190} INFO - [2024-11-09T19:44:16.819+0000] {dagbag.py:588} INFO - Filling up the DagBag from /home/chirag/airflow/lib/python3.12/site-packages/airflow/example_dags/example_sensors.py
[2024-11-09T19:44:16.836+0000] {processor.py:925} INFO - DAG(s) 'example_sensors' retrieved from /home/chirag/airflow/lib/python3.12/site-packages/airflow/example_dags/example_sensors.py
[2024-11-09T19:44:16.866+0000] {logging_mixin.py:190} INFO - [2024-11-09T19:44:16.866+0000] {dag.py:3239} INFO - Sync 1 DAGs
[2024-11-09T19:44:16.885+0000] {logging_mixin.py:190} INFO - [2024-11-09T19:44:16.884+0000] {dag.py:4180} INFO - Setting next_dagrun for example_sensors to None, run_after=None
[2024-11-09T19:44:16.926+0000] {processor.py:208} INFO - Processing /home/chirag/airflow/lib/python3.12/site-packages/airflow/example_dags/example_sensors.py took 0.123 seconds
[2024-11-09T19:45:34.471+0000] {processor.py:186} INFO - Started process (PID=4543) to work on /home/chirag/airflow/lib/python3.12/site-packages/airflow/example_dags/example_sensors.py
[2024-11-09T19:45:34.479+0000] {processor.py:914} INFO - Processing file /home/chirag/airflow/lib/python3.12/site-packages/airflow/example_dags/example_sensors.py for tasks to queue
[2024-11-09T19:45:34.485+0000] {logging_mixin.py:190} INFO - [2024-11-09T19:45:34.484+0000] {dagbag.py:588} INFO - Filling up the DagBag from /home/chirag/airflow/lib/python3.12/site-packages/airflow/example_dags/example_sensors.py
[2024-11-09T19:45:34.508+0000] {processor.py:925} INFO - DAG(s) 'example_sensors' retrieved from /home/chirag/airflow/lib/python3.12/site-packages/airflow/example_dags/example_sensors.py
[2024-11-09T19:45:34.555+0000] {logging_mixin.py:190} INFO - [2024-11-09T19:45:34.555+0000] {dag.py:3239} INFO - Sync 1 DAGs
[2024-11-09T19:45:34.579+0000] {logging_mixin.py:190} INFO - [2024-11-09T19:45:34.579+0000] {dag.py:4180} INFO - Setting next_dagrun for example_sensors to None, run_after=None
[2024-11-09T19:45:34.620+0000] {processor.py:208} INFO - Processing /home/chirag/airflow/lib/python3.12/site-packages/airflow/example_dags/example_sensors.py took 0.165 seconds
[2024-11-09T19:47:01.604+0000] {processor.py:186} INFO - Started process (PID=4824) to work on /home/chirag/airflow/lib/python3.12/site-packages/airflow/example_dags/example_sensors.py
[2024-11-09T19:47:01.607+0000] {processor.py:914} INFO - Processing file /home/chirag/airflow/lib/python3.12/site-packages/airflow/example_dags/example_sensors.py for tasks to queue
[2024-11-09T19:47:01.610+0000] {logging_mixin.py:190} INFO - [2024-11-09T19:47:01.610+0000] {dagbag.py:588} INFO - Filling up the DagBag from /home/chirag/airflow/lib/python3.12/site-packages/airflow/example_dags/example_sensors.py
[2024-11-09T19:47:01.627+0000] {processor.py:925} INFO - DAG(s) 'example_sensors' retrieved from /home/chirag/airflow/lib/python3.12/site-packages/airflow/example_dags/example_sensors.py
[2024-11-09T19:47:01.658+0000] {logging_mixin.py:190} INFO - [2024-11-09T19:47:01.657+0000] {dag.py:3239} INFO - Sync 1 DAGs
[2024-11-09T19:47:01.677+0000] {logging_mixin.py:190} INFO - [2024-11-09T19:47:01.677+0000] {dag.py:4180} INFO - Setting next_dagrun for example_sensors to None, run_after=None
[2024-11-09T19:47:01.720+0000] {processor.py:208} INFO - Processing /home/chirag/airflow/lib/python3.12/site-packages/airflow/example_dags/example_sensors.py took 0.125 seconds
[2024-11-09T19:48:17.773+0000] {processor.py:186} INFO - Started process (PID=5047) to work on /home/chirag/airflow/lib/python3.12/site-packages/airflow/example_dags/example_sensors.py
[2024-11-09T19:48:17.776+0000] {processor.py:914} INFO - Processing file /home/chirag/airflow/lib/python3.12/site-packages/airflow/example_dags/example_sensors.py for tasks to queue
[2024-11-09T19:48:17.780+0000] {logging_mixin.py:190} INFO - [2024-11-09T19:48:17.779+0000] {dagbag.py:588} INFO - Filling up the DagBag from /home/chirag/airflow/lib/python3.12/site-packages/airflow/example_dags/example_sensors.py
[2024-11-09T19:48:17.799+0000] {processor.py:925} INFO - DAG(s) 'example_sensors' retrieved from /home/chirag/airflow/lib/python3.12/site-packages/airflow/example_dags/example_sensors.py
[2024-11-09T19:48:17.835+0000] {logging_mixin.py:190} INFO - [2024-11-09T19:48:17.834+0000] {dag.py:3239} INFO - Sync 1 DAGs
[2024-11-09T19:48:17.858+0000] {logging_mixin.py:190} INFO - [2024-11-09T19:48:17.857+0000] {dag.py:4180} INFO - Setting next_dagrun for example_sensors to None, run_after=None
[2024-11-09T19:48:17.901+0000] {processor.py:208} INFO - Processing /home/chirag/airflow/lib/python3.12/site-packages/airflow/example_dags/example_sensors.py took 0.138 seconds
[2024-11-09T19:49:31.204+0000] {processor.py:186} INFO - Started process (PID=5262) to work on /home/chirag/airflow/lib/python3.12/site-packages/airflow/example_dags/example_sensors.py
[2024-11-09T19:49:31.228+0000] {processor.py:914} INFO - Processing file /home/chirag/airflow/lib/python3.12/site-packages/airflow/example_dags/example_sensors.py for tasks to queue
[2024-11-09T19:49:31.237+0000] {logging_mixin.py:190} INFO - [2024-11-09T19:49:31.236+0000] {dagbag.py:588} INFO - Filling up the DagBag from /home/chirag/airflow/lib/python3.12/site-packages/airflow/example_dags/example_sensors.py
[2024-11-09T19:49:31.361+0000] {processor.py:925} INFO - DAG(s) 'example_sensors' retrieved from /home/chirag/airflow/lib/python3.12/site-packages/airflow/example_dags/example_sensors.py
[2024-11-09T19:49:31.549+0000] {logging_mixin.py:190} INFO - [2024-11-09T19:49:31.548+0000] {dag.py:3239} INFO - Sync 1 DAGs
[2024-11-09T19:49:31.607+0000] {logging_mixin.py:190} INFO - [2024-11-09T19:49:31.606+0000] {dag.py:4180} INFO - Setting next_dagrun for example_sensors to None, run_after=None
[2024-11-09T19:49:31.657+0000] {processor.py:208} INFO - Processing /home/chirag/airflow/lib/python3.12/site-packages/airflow/example_dags/example_sensors.py took 0.488 seconds
[2024-11-09T19:50:42.637+0000] {processor.py:186} INFO - Started process (PID=5720) to work on /home/chirag/airflow/lib/python3.12/site-packages/airflow/example_dags/example_sensors.py
[2024-11-09T19:50:42.640+0000] {processor.py:914} INFO - Processing file /home/chirag/airflow/lib/python3.12/site-packages/airflow/example_dags/example_sensors.py for tasks to queue
[2024-11-09T19:50:42.655+0000] {logging_mixin.py:190} INFO - [2024-11-09T19:50:42.653+0000] {dagbag.py:588} INFO - Filling up the DagBag from /home/chirag/airflow/lib/python3.12/site-packages/airflow/example_dags/example_sensors.py
[2024-11-09T19:50:42.694+0000] {processor.py:925} INFO - DAG(s) 'example_sensors' retrieved from /home/chirag/airflow/lib/python3.12/site-packages/airflow/example_dags/example_sensors.py
[2024-11-09T19:50:42.763+0000] {logging_mixin.py:190} INFO - [2024-11-09T19:50:42.763+0000] {dag.py:3239} INFO - Sync 1 DAGs
[2024-11-09T19:50:42.798+0000] {logging_mixin.py:190} INFO - [2024-11-09T19:50:42.797+0000] {dag.py:4180} INFO - Setting next_dagrun for example_sensors to None, run_after=None
[2024-11-09T19:50:42.849+0000] {processor.py:208} INFO - Processing /home/chirag/airflow/lib/python3.12/site-packages/airflow/example_dags/example_sensors.py took 0.230 seconds
[2024-11-09T19:51:58.145+0000] {processor.py:186} INFO - Started process (PID=6266) to work on /home/chirag/airflow/lib/python3.12/site-packages/airflow/example_dags/example_sensors.py
[2024-11-09T19:51:58.149+0000] {processor.py:914} INFO - Processing file /home/chirag/airflow/lib/python3.12/site-packages/airflow/example_dags/example_sensors.py for tasks to queue
[2024-11-09T19:51:58.152+0000] {logging_mixin.py:190} INFO - [2024-11-09T19:51:58.151+0000] {dagbag.py:588} INFO - Filling up the DagBag from /home/chirag/airflow/lib/python3.12/site-packages/airflow/example_dags/example_sensors.py
[2024-11-09T19:51:58.169+0000] {processor.py:925} INFO - DAG(s) 'example_sensors' retrieved from /home/chirag/airflow/lib/python3.12/site-packages/airflow/example_dags/example_sensors.py
[2024-11-09T19:51:58.200+0000] {logging_mixin.py:190} INFO - [2024-11-09T19:51:58.200+0000] {dag.py:3239} INFO - Sync 1 DAGs
[2024-11-09T19:51:58.221+0000] {logging_mixin.py:190} INFO - [2024-11-09T19:51:58.221+0000] {dag.py:4180} INFO - Setting next_dagrun for example_sensors to None, run_after=None
[2024-11-09T19:51:58.262+0000] {processor.py:208} INFO - Processing /home/chirag/airflow/lib/python3.12/site-packages/airflow/example_dags/example_sensors.py took 0.125 seconds
[2024-11-09T19:53:46.886+0000] {processor.py:186} INFO - Started process (PID=6840) to work on /home/chirag/airflow/lib/python3.12/site-packages/airflow/example_dags/example_sensors.py
[2024-11-09T19:53:46.888+0000] {processor.py:914} INFO - Processing file /home/chirag/airflow/lib/python3.12/site-packages/airflow/example_dags/example_sensors.py for tasks to queue
[2024-11-09T19:53:46.892+0000] {logging_mixin.py:190} INFO - [2024-11-09T19:53:46.891+0000] {dagbag.py:588} INFO - Filling up the DagBag from /home/chirag/airflow/lib/python3.12/site-packages/airflow/example_dags/example_sensors.py
[2024-11-09T19:53:46.912+0000] {processor.py:925} INFO - DAG(s) 'example_sensors' retrieved from /home/chirag/airflow/lib/python3.12/site-packages/airflow/example_dags/example_sensors.py
[2024-11-09T19:53:46.959+0000] {logging_mixin.py:190} INFO - [2024-11-09T19:53:46.959+0000] {dag.py:3239} INFO - Sync 1 DAGs
[2024-11-09T19:53:46.987+0000] {logging_mixin.py:190} INFO - [2024-11-09T19:53:46.986+0000] {dag.py:4180} INFO - Setting next_dagrun for example_sensors to None, run_after=None
[2024-11-09T19:53:47.040+0000] {processor.py:208} INFO - Processing /home/chirag/airflow/lib/python3.12/site-packages/airflow/example_dags/example_sensors.py took 0.164 seconds
[2024-11-09T19:55:01.125+0000] {processor.py:186} INFO - Started process (PID=7440) to work on /home/chirag/airflow/lib/python3.12/site-packages/airflow/example_dags/example_sensors.py
[2024-11-09T19:55:01.129+0000] {processor.py:914} INFO - Processing file /home/chirag/airflow/lib/python3.12/site-packages/airflow/example_dags/example_sensors.py for tasks to queue
[2024-11-09T19:55:01.132+0000] {logging_mixin.py:190} INFO - [2024-11-09T19:55:01.132+0000] {dagbag.py:588} INFO - Filling up the DagBag from /home/chirag/airflow/lib/python3.12/site-packages/airflow/example_dags/example_sensors.py
[2024-11-09T19:55:01.155+0000] {processor.py:925} INFO - DAG(s) 'example_sensors' retrieved from /home/chirag/airflow/lib/python3.12/site-packages/airflow/example_dags/example_sensors.py
[2024-11-09T19:55:01.192+0000] {logging_mixin.py:190} INFO - [2024-11-09T19:55:01.192+0000] {dag.py:3239} INFO - Sync 1 DAGs
[2024-11-09T19:55:01.231+0000] {logging_mixin.py:190} INFO - [2024-11-09T19:55:01.230+0000] {dag.py:4180} INFO - Setting next_dagrun for example_sensors to None, run_after=None
[2024-11-09T19:55:01.270+0000] {processor.py:208} INFO - Processing /home/chirag/airflow/lib/python3.12/site-packages/airflow/example_dags/example_sensors.py took 0.154 seconds
[2024-11-09T19:56:25.902+0000] {processor.py:186} INFO - Started process (PID=7938) to work on /home/chirag/airflow/lib/python3.12/site-packages/airflow/example_dags/example_sensors.py
[2024-11-09T19:56:25.910+0000] {processor.py:914} INFO - Processing file /home/chirag/airflow/lib/python3.12/site-packages/airflow/example_dags/example_sensors.py for tasks to queue
[2024-11-09T19:56:25.916+0000] {logging_mixin.py:190} INFO - [2024-11-09T19:56:25.915+0000] {dagbag.py:588} INFO - Filling up the DagBag from /home/chirag/airflow/lib/python3.12/site-packages/airflow/example_dags/example_sensors.py
[2024-11-09T19:56:25.953+0000] {processor.py:925} INFO - DAG(s) 'example_sensors' retrieved from /home/chirag/airflow/lib/python3.12/site-packages/airflow/example_dags/example_sensors.py
[2024-11-09T19:56:26.027+0000] {logging_mixin.py:190} INFO - [2024-11-09T19:56:26.025+0000] {dag.py:3239} INFO - Sync 1 DAGs
[2024-11-09T19:56:26.074+0000] {logging_mixin.py:190} INFO - [2024-11-09T19:56:26.073+0000] {dag.py:4180} INFO - Setting next_dagrun for example_sensors to None, run_after=None
[2024-11-09T19:56:26.146+0000] {processor.py:208} INFO - Processing /home/chirag/airflow/lib/python3.12/site-packages/airflow/example_dags/example_sensors.py took 0.262 seconds
[2024-11-09T19:58:24.254+0000] {processor.py:186} INFO - Started process (PID=8425) to work on /home/chirag/airflow/lib/python3.12/site-packages/airflow/example_dags/example_sensors.py
[2024-11-09T19:58:24.262+0000] {processor.py:914} INFO - Processing file /home/chirag/airflow/lib/python3.12/site-packages/airflow/example_dags/example_sensors.py for tasks to queue
[2024-11-09T19:58:24.266+0000] {logging_mixin.py:190} INFO - [2024-11-09T19:58:24.266+0000] {dagbag.py:588} INFO - Filling up the DagBag from /home/chirag/airflow/lib/python3.12/site-packages/airflow/example_dags/example_sensors.py
[2024-11-09T19:58:24.302+0000] {processor.py:925} INFO - DAG(s) 'example_sensors' retrieved from /home/chirag/airflow/lib/python3.12/site-packages/airflow/example_dags/example_sensors.py
[2024-11-09T19:58:24.389+0000] {logging_mixin.py:190} INFO - [2024-11-09T19:58:24.388+0000] {dag.py:3239} INFO - Sync 1 DAGs
[2024-11-09T19:58:24.450+0000] {logging_mixin.py:190} INFO - [2024-11-09T19:58:24.449+0000] {dag.py:4180} INFO - Setting next_dagrun for example_sensors to None, run_after=None
[2024-11-09T19:58:24.569+0000] {processor.py:208} INFO - Processing /home/chirag/airflow/lib/python3.12/site-packages/airflow/example_dags/example_sensors.py took 0.336 seconds
[2024-11-09T20:22:59.486+0000] {processor.py:186} INFO - Started process (PID=12740) to work on /home/chirag/airflow/lib/python3.12/site-packages/airflow/example_dags/example_sensors.py
[2024-11-09T20:22:59.489+0000] {processor.py:914} INFO - Processing file /home/chirag/airflow/lib/python3.12/site-packages/airflow/example_dags/example_sensors.py for tasks to queue
[2024-11-09T20:22:59.493+0000] {logging_mixin.py:190} INFO - [2024-11-09T20:22:59.492+0000] {dagbag.py:588} INFO - Filling up the DagBag from /home/chirag/airflow/lib/python3.12/site-packages/airflow/example_dags/example_sensors.py
[2024-11-09T20:22:59.516+0000] {processor.py:925} INFO - DAG(s) 'example_sensors' retrieved from /home/chirag/airflow/lib/python3.12/site-packages/airflow/example_dags/example_sensors.py
[2024-11-09T20:22:59.554+0000] {logging_mixin.py:190} INFO - [2024-11-09T20:22:59.553+0000] {dag.py:3239} INFO - Sync 1 DAGs
[2024-11-09T20:22:59.576+0000] {logging_mixin.py:190} INFO - [2024-11-09T20:22:59.576+0000] {dag.py:4180} INFO - Setting next_dagrun for example_sensors to None, run_after=None
[2024-11-09T20:22:59.614+0000] {processor.py:208} INFO - Processing /home/chirag/airflow/lib/python3.12/site-packages/airflow/example_dags/example_sensors.py took 0.139 seconds
[2024-11-09T20:24:15.280+0000] {processor.py:186} INFO - Started process (PID=12956) to work on /home/chirag/airflow/lib/python3.12/site-packages/airflow/example_dags/example_sensors.py
[2024-11-09T20:24:15.282+0000] {processor.py:914} INFO - Processing file /home/chirag/airflow/lib/python3.12/site-packages/airflow/example_dags/example_sensors.py for tasks to queue
[2024-11-09T20:24:15.287+0000] {logging_mixin.py:190} INFO - [2024-11-09T20:24:15.286+0000] {dagbag.py:588} INFO - Filling up the DagBag from /home/chirag/airflow/lib/python3.12/site-packages/airflow/example_dags/example_sensors.py
[2024-11-09T20:24:15.311+0000] {processor.py:925} INFO - DAG(s) 'example_sensors' retrieved from /home/chirag/airflow/lib/python3.12/site-packages/airflow/example_dags/example_sensors.py
[2024-11-09T20:24:15.357+0000] {logging_mixin.py:190} INFO - [2024-11-09T20:24:15.356+0000] {dag.py:3239} INFO - Sync 1 DAGs
[2024-11-09T20:24:15.380+0000] {logging_mixin.py:190} INFO - [2024-11-09T20:24:15.379+0000] {dag.py:4180} INFO - Setting next_dagrun for example_sensors to None, run_after=None
[2024-11-09T20:24:15.428+0000] {processor.py:208} INFO - Processing /home/chirag/airflow/lib/python3.12/site-packages/airflow/example_dags/example_sensors.py took 0.158 seconds
[2024-11-09T20:25:31.655+0000] {processor.py:186} INFO - Started process (PID=13172) to work on /home/chirag/airflow/lib/python3.12/site-packages/airflow/example_dags/example_sensors.py
[2024-11-09T20:25:31.659+0000] {processor.py:914} INFO - Processing file /home/chirag/airflow/lib/python3.12/site-packages/airflow/example_dags/example_sensors.py for tasks to queue
[2024-11-09T20:25:31.662+0000] {logging_mixin.py:190} INFO - [2024-11-09T20:25:31.661+0000] {dagbag.py:588} INFO - Filling up the DagBag from /home/chirag/airflow/lib/python3.12/site-packages/airflow/example_dags/example_sensors.py
[2024-11-09T20:25:31.684+0000] {processor.py:925} INFO - DAG(s) 'example_sensors' retrieved from /home/chirag/airflow/lib/python3.12/site-packages/airflow/example_dags/example_sensors.py
[2024-11-09T20:25:31.725+0000] {logging_mixin.py:190} INFO - [2024-11-09T20:25:31.725+0000] {dag.py:3239} INFO - Sync 1 DAGs
[2024-11-09T20:25:31.756+0000] {logging_mixin.py:190} INFO - [2024-11-09T20:25:31.755+0000] {dag.py:4180} INFO - Setting next_dagrun for example_sensors to None, run_after=None
[2024-11-09T20:25:31.802+0000] {processor.py:208} INFO - Processing /home/chirag/airflow/lib/python3.12/site-packages/airflow/example_dags/example_sensors.py took 0.158 seconds
[2024-11-09T20:27:01.625+0000] {processor.py:186} INFO - Started process (PID=13773) to work on /home/chirag/airflow/lib/python3.12/site-packages/airflow/example_dags/example_sensors.py
[2024-11-09T20:27:01.630+0000] {processor.py:914} INFO - Processing file /home/chirag/airflow/lib/python3.12/site-packages/airflow/example_dags/example_sensors.py for tasks to queue
[2024-11-09T20:27:01.642+0000] {logging_mixin.py:190} INFO - [2024-11-09T20:27:01.641+0000] {dagbag.py:588} INFO - Filling up the DagBag from /home/chirag/airflow/lib/python3.12/site-packages/airflow/example_dags/example_sensors.py
[2024-11-09T20:27:01.675+0000] {processor.py:925} INFO - DAG(s) 'example_sensors' retrieved from /home/chirag/airflow/lib/python3.12/site-packages/airflow/example_dags/example_sensors.py
[2024-11-09T20:27:01.749+0000] {logging_mixin.py:190} INFO - [2024-11-09T20:27:01.747+0000] {dag.py:3239} INFO - Sync 1 DAGs
[2024-11-09T20:27:01.773+0000] {logging_mixin.py:190} INFO - [2024-11-09T20:27:01.773+0000] {dag.py:4180} INFO - Setting next_dagrun for example_sensors to None, run_after=None
[2024-11-09T20:27:01.815+0000] {processor.py:208} INFO - Processing /home/chirag/airflow/lib/python3.12/site-packages/airflow/example_dags/example_sensors.py took 0.210 seconds
