[2024-11-09T19:16:56.717+0000] {processor.py:186} INFO - Started process (PID=94648) to work on /home/chirag/airflow/lib/python3.12/site-packages/airflow/example_dags/example_dataset_alias_with_no_taskflow.py
[2024-11-09T19:16:56.719+0000] {processor.py:914} INFO - Processing file /home/chirag/airflow/lib/python3.12/site-packages/airflow/example_dags/example_dataset_alias_with_no_taskflow.py for tasks to queue
[2024-11-09T19:16:56.722+0000] {logging_mixin.py:190} INFO - [2024-11-09T19:16:56.721+0000] {dagbag.py:588} INFO - Filling up the DagBag from /home/chirag/airflow/lib/python3.12/site-packages/airflow/example_dags/example_dataset_alias_with_no_taskflow.py
[2024-11-09T19:16:56.753+0000] {processor.py:925} INFO - DAG(s) 'dataset_alias_example_alias_consumer_with_no_taskflow', 'dataset_s3_bucket_producer_with_no_taskflow', 'dataset_alias_example_alias_producer_with_no_taskflow', 'dataset_s3_bucket_consumer_with_no_taskflow' retrieved from /home/chirag/airflow/lib/python3.12/site-packages/airflow/example_dags/example_dataset_alias_with_no_taskflow.py
[2024-11-09T19:16:57.005+0000] {logging_mixin.py:190} INFO - [2024-11-09T19:16:57.004+0000] {override.py:1911} INFO - Created Permission View: can delete on DAG:dataset_alias_example_alias_consumer_with_no_taskflow
[2024-11-09T19:16:57.086+0000] {logging_mixin.py:190} INFO - [2024-11-09T19:16:57.085+0000] {override.py:1911} INFO - Created Permission View: can read on DAG:dataset_alias_example_alias_consumer_with_no_taskflow
[2024-11-09T19:16:57.144+0000] {logging_mixin.py:190} INFO - [2024-11-09T19:16:57.144+0000] {override.py:1911} INFO - Created Permission View: can edit on DAG:dataset_alias_example_alias_consumer_with_no_taskflow
[2024-11-09T19:16:57.218+0000] {logging_mixin.py:190} INFO - [2024-11-09T19:16:57.217+0000] {override.py:1911} INFO - Created Permission View: menu access on DAG Run:dataset_alias_example_alias_consumer_with_no_taskflow
[2024-11-09T19:16:57.256+0000] {logging_mixin.py:190} INFO - [2024-11-09T19:16:57.255+0000] {override.py:1911} INFO - Created Permission View: can delete on DAG Run:dataset_alias_example_alias_consumer_with_no_taskflow
[2024-11-09T19:16:57.292+0000] {logging_mixin.py:190} INFO - [2024-11-09T19:16:57.292+0000] {override.py:1911} INFO - Created Permission View: can read on DAG Run:dataset_alias_example_alias_consumer_with_no_taskflow
[2024-11-09T19:16:57.318+0000] {logging_mixin.py:190} INFO - [2024-11-09T19:16:57.317+0000] {override.py:1911} INFO - Created Permission View: can create on DAG Run:dataset_alias_example_alias_consumer_with_no_taskflow
[2024-11-09T19:16:57.358+0000] {logging_mixin.py:190} INFO - [2024-11-09T19:16:57.358+0000] {override.py:1911} INFO - Created Permission View: can delete on DAG:dataset_s3_bucket_producer_with_no_taskflow
[2024-11-09T19:16:57.376+0000] {logging_mixin.py:190} INFO - [2024-11-09T19:16:57.375+0000] {override.py:1911} INFO - Created Permission View: can read on DAG:dataset_s3_bucket_producer_with_no_taskflow
[2024-11-09T19:16:57.397+0000] {logging_mixin.py:190} INFO - [2024-11-09T19:16:57.396+0000] {override.py:1911} INFO - Created Permission View: can edit on DAG:dataset_s3_bucket_producer_with_no_taskflow
[2024-11-09T19:16:57.433+0000] {logging_mixin.py:190} INFO - [2024-11-09T19:16:57.433+0000] {override.py:1911} INFO - Created Permission View: menu access on DAG Run:dataset_s3_bucket_producer_with_no_taskflow
[2024-11-09T19:16:57.450+0000] {logging_mixin.py:190} INFO - [2024-11-09T19:16:57.449+0000] {override.py:1911} INFO - Created Permission View: can delete on DAG Run:dataset_s3_bucket_producer_with_no_taskflow
[2024-11-09T19:16:57.469+0000] {logging_mixin.py:190} INFO - [2024-11-09T19:16:57.468+0000] {override.py:1911} INFO - Created Permission View: can read on DAG Run:dataset_s3_bucket_producer_with_no_taskflow
[2024-11-09T19:16:57.492+0000] {logging_mixin.py:190} INFO - [2024-11-09T19:16:57.491+0000] {override.py:1911} INFO - Created Permission View: can create on DAG Run:dataset_s3_bucket_producer_with_no_taskflow
[2024-11-09T19:16:57.534+0000] {logging_mixin.py:190} INFO - [2024-11-09T19:16:57.533+0000] {override.py:1911} INFO - Created Permission View: can delete on DAG:dataset_alias_example_alias_producer_with_no_taskflow
[2024-11-09T19:16:57.555+0000] {logging_mixin.py:190} INFO - [2024-11-09T19:16:57.555+0000] {override.py:1911} INFO - Created Permission View: can read on DAG:dataset_alias_example_alias_producer_with_no_taskflow
[2024-11-09T19:16:57.574+0000] {logging_mixin.py:190} INFO - [2024-11-09T19:16:57.573+0000] {override.py:1911} INFO - Created Permission View: can edit on DAG:dataset_alias_example_alias_producer_with_no_taskflow
[2024-11-09T19:16:57.610+0000] {logging_mixin.py:190} INFO - [2024-11-09T19:16:57.609+0000] {override.py:1911} INFO - Created Permission View: menu access on DAG Run:dataset_alias_example_alias_producer_with_no_taskflow
[2024-11-09T19:16:57.629+0000] {logging_mixin.py:190} INFO - [2024-11-09T19:16:57.628+0000] {override.py:1911} INFO - Created Permission View: can delete on DAG Run:dataset_alias_example_alias_producer_with_no_taskflow
[2024-11-09T19:16:57.647+0000] {logging_mixin.py:190} INFO - [2024-11-09T19:16:57.646+0000] {override.py:1911} INFO - Created Permission View: can read on DAG Run:dataset_alias_example_alias_producer_with_no_taskflow
[2024-11-09T19:16:57.665+0000] {logging_mixin.py:190} INFO - [2024-11-09T19:16:57.664+0000] {override.py:1911} INFO - Created Permission View: can create on DAG Run:dataset_alias_example_alias_producer_with_no_taskflow
[2024-11-09T19:16:57.724+0000] {logging_mixin.py:190} INFO - [2024-11-09T19:16:57.723+0000] {override.py:1911} INFO - Created Permission View: can delete on DAG:dataset_s3_bucket_consumer_with_no_taskflow
[2024-11-09T19:16:57.750+0000] {logging_mixin.py:190} INFO - [2024-11-09T19:16:57.749+0000] {override.py:1911} INFO - Created Permission View: can read on DAG:dataset_s3_bucket_consumer_with_no_taskflow
[2024-11-09T19:16:57.772+0000] {logging_mixin.py:190} INFO - [2024-11-09T19:16:57.772+0000] {override.py:1911} INFO - Created Permission View: can edit on DAG:dataset_s3_bucket_consumer_with_no_taskflow
[2024-11-09T19:16:57.806+0000] {logging_mixin.py:190} INFO - [2024-11-09T19:16:57.805+0000] {override.py:1911} INFO - Created Permission View: menu access on DAG Run:dataset_s3_bucket_consumer_with_no_taskflow
[2024-11-09T19:16:57.826+0000] {logging_mixin.py:190} INFO - [2024-11-09T19:16:57.826+0000] {override.py:1911} INFO - Created Permission View: can delete on DAG Run:dataset_s3_bucket_consumer_with_no_taskflow
[2024-11-09T19:16:57.851+0000] {logging_mixin.py:190} INFO - [2024-11-09T19:16:57.850+0000] {override.py:1911} INFO - Created Permission View: can read on DAG Run:dataset_s3_bucket_consumer_with_no_taskflow
[2024-11-09T19:16:57.879+0000] {logging_mixin.py:190} INFO - [2024-11-09T19:16:57.878+0000] {override.py:1911} INFO - Created Permission View: can create on DAG Run:dataset_s3_bucket_consumer_with_no_taskflow
[2024-11-09T19:16:57.879+0000] {logging_mixin.py:190} INFO - [2024-11-09T19:16:57.879+0000] {dag.py:3239} INFO - Sync 4 DAGs
[2024-11-09T19:16:57.928+0000] {logging_mixin.py:190} INFO - [2024-11-09T19:16:57.928+0000] {dag.py:3262} INFO - Creating ORM DAG for dataset_alias_example_alias_producer_with_no_taskflow
[2024-11-09T19:16:57.929+0000] {logging_mixin.py:190} INFO - [2024-11-09T19:16:57.929+0000] {dag.py:3262} INFO - Creating ORM DAG for dataset_s3_bucket_consumer_with_no_taskflow
[2024-11-09T19:16:57.930+0000] {logging_mixin.py:190} INFO - [2024-11-09T19:16:57.930+0000] {dag.py:3262} INFO - Creating ORM DAG for dataset_s3_bucket_producer_with_no_taskflow
[2024-11-09T19:16:57.933+0000] {logging_mixin.py:190} INFO - [2024-11-09T19:16:57.931+0000] {dag.py:3262} INFO - Creating ORM DAG for dataset_alias_example_alias_consumer_with_no_taskflow
[2024-11-09T19:16:57.950+0000] {logging_mixin.py:190} INFO - [2024-11-09T19:16:57.950+0000] {dag.py:4180} INFO - Setting next_dagrun for dataset_alias_example_alias_consumer_with_no_taskflow to None, run_after=None
[2024-11-09T19:16:57.952+0000] {logging_mixin.py:190} INFO - [2024-11-09T19:16:57.951+0000] {dag.py:4180} INFO - Setting next_dagrun for dataset_alias_example_alias_producer_with_no_taskflow to None, run_after=None
[2024-11-09T19:16:57.953+0000] {logging_mixin.py:190} INFO - [2024-11-09T19:16:57.952+0000] {dag.py:4180} INFO - Setting next_dagrun for dataset_s3_bucket_consumer_with_no_taskflow to None, run_after=None
[2024-11-09T19:16:57.954+0000] {logging_mixin.py:190} INFO - [2024-11-09T19:16:57.954+0000] {dag.py:4180} INFO - Setting next_dagrun for dataset_s3_bucket_producer_with_no_taskflow to None, run_after=None
[2024-11-09T19:16:58.026+0000] {processor.py:208} INFO - Processing /home/chirag/airflow/lib/python3.12/site-packages/airflow/example_dags/example_dataset_alias_with_no_taskflow.py took 1.317 seconds
[2024-11-09T19:18:42.407+0000] {processor.py:186} INFO - Started process (PID=94859) to work on /home/chirag/airflow/lib/python3.12/site-packages/airflow/example_dags/example_dataset_alias_with_no_taskflow.py
[2024-11-09T19:18:42.413+0000] {processor.py:914} INFO - Processing file /home/chirag/airflow/lib/python3.12/site-packages/airflow/example_dags/example_dataset_alias_with_no_taskflow.py for tasks to queue
[2024-11-09T19:18:42.418+0000] {logging_mixin.py:190} INFO - [2024-11-09T19:18:42.417+0000] {dagbag.py:588} INFO - Filling up the DagBag from /home/chirag/airflow/lib/python3.12/site-packages/airflow/example_dags/example_dataset_alias_with_no_taskflow.py
[2024-11-09T19:18:42.484+0000] {processor.py:925} INFO - DAG(s) 'dataset_s3_bucket_consumer_with_no_taskflow', 'dataset_alias_example_alias_consumer_with_no_taskflow', 'dataset_alias_example_alias_producer_with_no_taskflow', 'dataset_s3_bucket_producer_with_no_taskflow' retrieved from /home/chirag/airflow/lib/python3.12/site-packages/airflow/example_dags/example_dataset_alias_with_no_taskflow.py
[2024-11-09T19:18:42.531+0000] {logging_mixin.py:190} INFO - [2024-11-09T19:18:42.531+0000] {dag.py:3239} INFO - Sync 4 DAGs
[2024-11-09T19:18:42.567+0000] {logging_mixin.py:190} INFO - [2024-11-09T19:18:42.567+0000] {dag.py:4180} INFO - Setting next_dagrun for dataset_alias_example_alias_consumer_with_no_taskflow to None, run_after=None
[2024-11-09T19:18:42.575+0000] {logging_mixin.py:190} INFO - [2024-11-09T19:18:42.573+0000] {dag.py:4180} INFO - Setting next_dagrun for dataset_alias_example_alias_producer_with_no_taskflow to None, run_after=None
[2024-11-09T19:18:42.579+0000] {logging_mixin.py:190} INFO - [2024-11-09T19:18:42.578+0000] {dag.py:4180} INFO - Setting next_dagrun for dataset_s3_bucket_consumer_with_no_taskflow to None, run_after=None
[2024-11-09T19:18:42.582+0000] {logging_mixin.py:190} INFO - [2024-11-09T19:18:42.582+0000] {dag.py:4180} INFO - Setting next_dagrun for dataset_s3_bucket_producer_with_no_taskflow to None, run_after=None
[2024-11-09T19:18:42.660+0000] {processor.py:208} INFO - Processing /home/chirag/airflow/lib/python3.12/site-packages/airflow/example_dags/example_dataset_alias_with_no_taskflow.py took 0.264 seconds
[2024-11-09T19:28:00.489+0000] {processor.py:186} INFO - Started process (PID=479) to work on /home/chirag/airflow/lib/python3.12/site-packages/airflow/example_dags/example_dataset_alias_with_no_taskflow.py
[2024-11-09T19:28:00.492+0000] {processor.py:914} INFO - Processing file /home/chirag/airflow/lib/python3.12/site-packages/airflow/example_dags/example_dataset_alias_with_no_taskflow.py for tasks to queue
[2024-11-09T19:28:00.495+0000] {logging_mixin.py:190} INFO - [2024-11-09T19:28:00.494+0000] {dagbag.py:588} INFO - Filling up the DagBag from /home/chirag/airflow/lib/python3.12/site-packages/airflow/example_dags/example_dataset_alias_with_no_taskflow.py
[2024-11-09T19:28:00.542+0000] {processor.py:925} INFO - DAG(s) 'dataset_alias_example_alias_consumer_with_no_taskflow', 'dataset_s3_bucket_consumer_with_no_taskflow', 'dataset_s3_bucket_producer_with_no_taskflow', 'dataset_alias_example_alias_producer_with_no_taskflow' retrieved from /home/chirag/airflow/lib/python3.12/site-packages/airflow/example_dags/example_dataset_alias_with_no_taskflow.py
[2024-11-09T19:28:00.583+0000] {logging_mixin.py:190} INFO - [2024-11-09T19:28:00.583+0000] {dag.py:3239} INFO - Sync 4 DAGs
[2024-11-09T19:28:00.623+0000] {logging_mixin.py:190} INFO - [2024-11-09T19:28:00.623+0000] {dag.py:4180} INFO - Setting next_dagrun for dataset_alias_example_alias_consumer_with_no_taskflow to None, run_after=None
[2024-11-09T19:28:00.627+0000] {logging_mixin.py:190} INFO - [2024-11-09T19:28:00.627+0000] {dag.py:4180} INFO - Setting next_dagrun for dataset_alias_example_alias_producer_with_no_taskflow to None, run_after=None
[2024-11-09T19:28:00.629+0000] {logging_mixin.py:190} INFO - [2024-11-09T19:28:00.628+0000] {dag.py:4180} INFO - Setting next_dagrun for dataset_s3_bucket_consumer_with_no_taskflow to None, run_after=None
[2024-11-09T19:28:00.631+0000] {logging_mixin.py:190} INFO - [2024-11-09T19:28:00.630+0000] {dag.py:4180} INFO - Setting next_dagrun for dataset_s3_bucket_producer_with_no_taskflow to None, run_after=None
[2024-11-09T19:28:00.683+0000] {processor.py:208} INFO - Processing /home/chirag/airflow/lib/python3.12/site-packages/airflow/example_dags/example_dataset_alias_with_no_taskflow.py took 0.212 seconds
[2024-11-09T19:29:08.785+0000] {processor.py:186} INFO - Started process (PID=562) to work on /home/chirag/airflow/lib/python3.12/site-packages/airflow/example_dags/example_dataset_alias_with_no_taskflow.py
[2024-11-09T19:29:08.790+0000] {processor.py:914} INFO - Processing file /home/chirag/airflow/lib/python3.12/site-packages/airflow/example_dags/example_dataset_alias_with_no_taskflow.py for tasks to queue
[2024-11-09T19:29:08.793+0000] {logging_mixin.py:190} INFO - [2024-11-09T19:29:08.793+0000] {dagbag.py:588} INFO - Filling up the DagBag from /home/chirag/airflow/lib/python3.12/site-packages/airflow/example_dags/example_dataset_alias_with_no_taskflow.py
[2024-11-09T19:29:08.825+0000] {processor.py:925} INFO - DAG(s) 'dataset_s3_bucket_producer_with_no_taskflow', 'dataset_alias_example_alias_producer_with_no_taskflow', 'dataset_alias_example_alias_consumer_with_no_taskflow', 'dataset_s3_bucket_consumer_with_no_taskflow' retrieved from /home/chirag/airflow/lib/python3.12/site-packages/airflow/example_dags/example_dataset_alias_with_no_taskflow.py
[2024-11-09T19:29:08.850+0000] {logging_mixin.py:190} INFO - [2024-11-09T19:29:08.850+0000] {dag.py:3239} INFO - Sync 4 DAGs
[2024-11-09T19:29:08.876+0000] {logging_mixin.py:190} INFO - [2024-11-09T19:29:08.876+0000] {dag.py:4180} INFO - Setting next_dagrun for dataset_alias_example_alias_consumer_with_no_taskflow to None, run_after=None
[2024-11-09T19:29:08.879+0000] {logging_mixin.py:190} INFO - [2024-11-09T19:29:08.879+0000] {dag.py:4180} INFO - Setting next_dagrun for dataset_alias_example_alias_producer_with_no_taskflow to None, run_after=None
[2024-11-09T19:29:08.880+0000] {logging_mixin.py:190} INFO - [2024-11-09T19:29:08.880+0000] {dag.py:4180} INFO - Setting next_dagrun for dataset_s3_bucket_consumer_with_no_taskflow to None, run_after=None
[2024-11-09T19:29:08.881+0000] {logging_mixin.py:190} INFO - [2024-11-09T19:29:08.881+0000] {dag.py:4180} INFO - Setting next_dagrun for dataset_s3_bucket_producer_with_no_taskflow to None, run_after=None
[2024-11-09T19:29:08.919+0000] {processor.py:208} INFO - Processing /home/chirag/airflow/lib/python3.12/site-packages/airflow/example_dags/example_dataset_alias_with_no_taskflow.py took 0.141 seconds
[2024-11-09T19:30:23.341+0000] {processor.py:186} INFO - Started process (PID=635) to work on /home/chirag/airflow/lib/python3.12/site-packages/airflow/example_dags/example_dataset_alias_with_no_taskflow.py
[2024-11-09T19:30:23.344+0000] {processor.py:914} INFO - Processing file /home/chirag/airflow/lib/python3.12/site-packages/airflow/example_dags/example_dataset_alias_with_no_taskflow.py for tasks to queue
[2024-11-09T19:30:23.347+0000] {logging_mixin.py:190} INFO - [2024-11-09T19:30:23.347+0000] {dagbag.py:588} INFO - Filling up the DagBag from /home/chirag/airflow/lib/python3.12/site-packages/airflow/example_dags/example_dataset_alias_with_no_taskflow.py
[2024-11-09T19:30:23.379+0000] {processor.py:925} INFO - DAG(s) 'dataset_s3_bucket_consumer_with_no_taskflow', 'dataset_alias_example_alias_consumer_with_no_taskflow', 'dataset_s3_bucket_producer_with_no_taskflow', 'dataset_alias_example_alias_producer_with_no_taskflow' retrieved from /home/chirag/airflow/lib/python3.12/site-packages/airflow/example_dags/example_dataset_alias_with_no_taskflow.py
[2024-11-09T19:30:23.406+0000] {logging_mixin.py:190} INFO - [2024-11-09T19:30:23.406+0000] {dag.py:3239} INFO - Sync 4 DAGs
[2024-11-09T19:30:23.433+0000] {logging_mixin.py:190} INFO - [2024-11-09T19:30:23.433+0000] {dag.py:4180} INFO - Setting next_dagrun for dataset_alias_example_alias_consumer_with_no_taskflow to None, run_after=None
[2024-11-09T19:30:23.436+0000] {logging_mixin.py:190} INFO - [2024-11-09T19:30:23.436+0000] {dag.py:4180} INFO - Setting next_dagrun for dataset_alias_example_alias_producer_with_no_taskflow to None, run_after=None
[2024-11-09T19:30:23.437+0000] {logging_mixin.py:190} INFO - [2024-11-09T19:30:23.437+0000] {dag.py:4180} INFO - Setting next_dagrun for dataset_s3_bucket_consumer_with_no_taskflow to None, run_after=None
[2024-11-09T19:30:23.439+0000] {logging_mixin.py:190} INFO - [2024-11-09T19:30:23.438+0000] {dag.py:4180} INFO - Setting next_dagrun for dataset_s3_bucket_producer_with_no_taskflow to None, run_after=None
[2024-11-09T19:30:23.495+0000] {processor.py:208} INFO - Processing /home/chirag/airflow/lib/python3.12/site-packages/airflow/example_dags/example_dataset_alias_with_no_taskflow.py took 0.162 seconds
[2024-11-09T19:31:43.943+0000] {processor.py:186} INFO - Started process (PID=735) to work on /home/chirag/airflow/lib/python3.12/site-packages/airflow/example_dags/example_dataset_alias_with_no_taskflow.py
[2024-11-09T19:31:43.948+0000] {processor.py:914} INFO - Processing file /home/chirag/airflow/lib/python3.12/site-packages/airflow/example_dags/example_dataset_alias_with_no_taskflow.py for tasks to queue
[2024-11-09T19:31:43.956+0000] {logging_mixin.py:190} INFO - [2024-11-09T19:31:43.952+0000] {dagbag.py:588} INFO - Filling up the DagBag from /home/chirag/airflow/lib/python3.12/site-packages/airflow/example_dags/example_dataset_alias_with_no_taskflow.py
[2024-11-09T19:31:44.006+0000] {processor.py:925} INFO - DAG(s) 'dataset_alias_example_alias_consumer_with_no_taskflow', 'dataset_s3_bucket_producer_with_no_taskflow', 'dataset_s3_bucket_consumer_with_no_taskflow', 'dataset_alias_example_alias_producer_with_no_taskflow' retrieved from /home/chirag/airflow/lib/python3.12/site-packages/airflow/example_dags/example_dataset_alias_with_no_taskflow.py
[2024-11-09T19:31:44.063+0000] {logging_mixin.py:190} INFO - [2024-11-09T19:31:44.063+0000] {dag.py:3239} INFO - Sync 4 DAGs
[2024-11-09T19:31:44.109+0000] {logging_mixin.py:190} INFO - [2024-11-09T19:31:44.108+0000] {dag.py:4180} INFO - Setting next_dagrun for dataset_alias_example_alias_consumer_with_no_taskflow to None, run_after=None
[2024-11-09T19:31:44.112+0000] {logging_mixin.py:190} INFO - [2024-11-09T19:31:44.112+0000] {dag.py:4180} INFO - Setting next_dagrun for dataset_alias_example_alias_producer_with_no_taskflow to None, run_after=None
[2024-11-09T19:31:44.115+0000] {logging_mixin.py:190} INFO - [2024-11-09T19:31:44.114+0000] {dag.py:4180} INFO - Setting next_dagrun for dataset_s3_bucket_consumer_with_no_taskflow to None, run_after=None
[2024-11-09T19:31:44.118+0000] {logging_mixin.py:190} INFO - [2024-11-09T19:31:44.117+0000] {dag.py:4180} INFO - Setting next_dagrun for dataset_s3_bucket_producer_with_no_taskflow to None, run_after=None
[2024-11-09T19:31:44.256+0000] {processor.py:208} INFO - Processing /home/chirag/airflow/lib/python3.12/site-packages/airflow/example_dags/example_dataset_alias_with_no_taskflow.py took 0.327 seconds
[2024-11-09T19:33:21.474+0000] {processor.py:186} INFO - Started process (PID=1824) to work on /home/chirag/airflow/lib/python3.12/site-packages/airflow/example_dags/example_dataset_alias_with_no_taskflow.py
[2024-11-09T19:33:21.478+0000] {processor.py:914} INFO - Processing file /home/chirag/airflow/lib/python3.12/site-packages/airflow/example_dags/example_dataset_alias_with_no_taskflow.py for tasks to queue
[2024-11-09T19:33:21.481+0000] {logging_mixin.py:190} INFO - [2024-11-09T19:33:21.480+0000] {dagbag.py:588} INFO - Filling up the DagBag from /home/chirag/airflow/lib/python3.12/site-packages/airflow/example_dags/example_dataset_alias_with_no_taskflow.py
[2024-11-09T19:33:21.514+0000] {processor.py:925} INFO - DAG(s) 'dataset_s3_bucket_consumer_with_no_taskflow', 'dataset_alias_example_alias_consumer_with_no_taskflow', 'dataset_alias_example_alias_producer_with_no_taskflow', 'dataset_s3_bucket_producer_with_no_taskflow' retrieved from /home/chirag/airflow/lib/python3.12/site-packages/airflow/example_dags/example_dataset_alias_with_no_taskflow.py
[2024-11-09T19:33:21.545+0000] {logging_mixin.py:190} INFO - [2024-11-09T19:33:21.544+0000] {dag.py:3239} INFO - Sync 4 DAGs
[2024-11-09T19:33:21.575+0000] {logging_mixin.py:190} INFO - [2024-11-09T19:33:21.575+0000] {dag.py:4180} INFO - Setting next_dagrun for dataset_alias_example_alias_consumer_with_no_taskflow to None, run_after=None
[2024-11-09T19:33:21.578+0000] {logging_mixin.py:190} INFO - [2024-11-09T19:33:21.578+0000] {dag.py:4180} INFO - Setting next_dagrun for dataset_alias_example_alias_producer_with_no_taskflow to None, run_after=None
[2024-11-09T19:33:21.580+0000] {logging_mixin.py:190} INFO - [2024-11-09T19:33:21.580+0000] {dag.py:4180} INFO - Setting next_dagrun for dataset_s3_bucket_consumer_with_no_taskflow to None, run_after=None
[2024-11-09T19:33:21.581+0000] {logging_mixin.py:190} INFO - [2024-11-09T19:33:21.581+0000] {dag.py:4180} INFO - Setting next_dagrun for dataset_s3_bucket_producer_with_no_taskflow to None, run_after=None
[2024-11-09T19:33:21.621+0000] {processor.py:208} INFO - Processing /home/chirag/airflow/lib/python3.12/site-packages/airflow/example_dags/example_dataset_alias_with_no_taskflow.py took 0.155 seconds
[2024-11-09T19:34:40.824+0000] {processor.py:186} INFO - Started process (PID=2388) to work on /home/chirag/airflow/lib/python3.12/site-packages/airflow/example_dags/example_dataset_alias_with_no_taskflow.py
[2024-11-09T19:34:40.841+0000] {processor.py:914} INFO - Processing file /home/chirag/airflow/lib/python3.12/site-packages/airflow/example_dags/example_dataset_alias_with_no_taskflow.py for tasks to queue
[2024-11-09T19:34:40.844+0000] {logging_mixin.py:190} INFO - [2024-11-09T19:34:40.843+0000] {dagbag.py:588} INFO - Filling up the DagBag from /home/chirag/airflow/lib/python3.12/site-packages/airflow/example_dags/example_dataset_alias_with_no_taskflow.py
[2024-11-09T19:34:40.877+0000] {processor.py:925} INFO - DAG(s) 'dataset_alias_example_alias_producer_with_no_taskflow', 'dataset_s3_bucket_consumer_with_no_taskflow', 'dataset_alias_example_alias_consumer_with_no_taskflow', 'dataset_s3_bucket_producer_with_no_taskflow' retrieved from /home/chirag/airflow/lib/python3.12/site-packages/airflow/example_dags/example_dataset_alias_with_no_taskflow.py
[2024-11-09T19:34:41.054+0000] {logging_mixin.py:190} INFO - [2024-11-09T19:34:41.054+0000] {dag.py:3239} INFO - Sync 4 DAGs
[2024-11-09T19:34:41.078+0000] {logging_mixin.py:190} INFO - [2024-11-09T19:34:41.078+0000] {dag.py:4180} INFO - Setting next_dagrun for dataset_alias_example_alias_consumer_with_no_taskflow to None, run_after=None
[2024-11-09T19:34:41.081+0000] {logging_mixin.py:190} INFO - [2024-11-09T19:34:41.081+0000] {dag.py:4180} INFO - Setting next_dagrun for dataset_alias_example_alias_producer_with_no_taskflow to None, run_after=None
[2024-11-09T19:34:41.084+0000] {logging_mixin.py:190} INFO - [2024-11-09T19:34:41.083+0000] {dag.py:4180} INFO - Setting next_dagrun for dataset_s3_bucket_consumer_with_no_taskflow to None, run_after=None
[2024-11-09T19:34:41.087+0000] {logging_mixin.py:190} INFO - [2024-11-09T19:34:41.087+0000] {dag.py:4180} INFO - Setting next_dagrun for dataset_s3_bucket_producer_with_no_taskflow to None, run_after=None
[2024-11-09T19:34:41.145+0000] {processor.py:208} INFO - Processing /home/chirag/airflow/lib/python3.12/site-packages/airflow/example_dags/example_dataset_alias_with_no_taskflow.py took 0.328 seconds
[2024-11-09T19:36:12.118+0000] {processor.py:186} INFO - Started process (PID=2770) to work on /home/chirag/airflow/lib/python3.12/site-packages/airflow/example_dags/example_dataset_alias_with_no_taskflow.py
[2024-11-09T19:36:12.123+0000] {processor.py:914} INFO - Processing file /home/chirag/airflow/lib/python3.12/site-packages/airflow/example_dags/example_dataset_alias_with_no_taskflow.py for tasks to queue
[2024-11-09T19:36:12.126+0000] {logging_mixin.py:190} INFO - [2024-11-09T19:36:12.125+0000] {dagbag.py:588} INFO - Filling up the DagBag from /home/chirag/airflow/lib/python3.12/site-packages/airflow/example_dags/example_dataset_alias_with_no_taskflow.py
[2024-11-09T19:36:12.161+0000] {processor.py:925} INFO - DAG(s) 'dataset_alias_example_alias_consumer_with_no_taskflow', 'dataset_s3_bucket_consumer_with_no_taskflow', 'dataset_alias_example_alias_producer_with_no_taskflow', 'dataset_s3_bucket_producer_with_no_taskflow' retrieved from /home/chirag/airflow/lib/python3.12/site-packages/airflow/example_dags/example_dataset_alias_with_no_taskflow.py
[2024-11-09T19:36:12.191+0000] {logging_mixin.py:190} INFO - [2024-11-09T19:36:12.191+0000] {dag.py:3239} INFO - Sync 4 DAGs
[2024-11-09T19:36:12.223+0000] {logging_mixin.py:190} INFO - [2024-11-09T19:36:12.223+0000] {dag.py:4180} INFO - Setting next_dagrun for dataset_alias_example_alias_consumer_with_no_taskflow to None, run_after=None
[2024-11-09T19:36:12.226+0000] {logging_mixin.py:190} INFO - [2024-11-09T19:36:12.226+0000] {dag.py:4180} INFO - Setting next_dagrun for dataset_alias_example_alias_producer_with_no_taskflow to None, run_after=None
[2024-11-09T19:36:12.228+0000] {logging_mixin.py:190} INFO - [2024-11-09T19:36:12.228+0000] {dag.py:4180} INFO - Setting next_dagrun for dataset_s3_bucket_consumer_with_no_taskflow to None, run_after=None
[2024-11-09T19:36:12.229+0000] {logging_mixin.py:190} INFO - [2024-11-09T19:36:12.229+0000] {dag.py:4180} INFO - Setting next_dagrun for dataset_s3_bucket_producer_with_no_taskflow to None, run_after=None
[2024-11-09T19:36:12.268+0000] {processor.py:208} INFO - Processing /home/chirag/airflow/lib/python3.12/site-packages/airflow/example_dags/example_dataset_alias_with_no_taskflow.py took 0.158 seconds
[2024-11-09T19:37:22.893+0000] {processor.py:186} INFO - Started process (PID=2972) to work on /home/chirag/airflow/lib/python3.12/site-packages/airflow/example_dags/example_dataset_alias_with_no_taskflow.py
[2024-11-09T19:37:22.896+0000] {processor.py:914} INFO - Processing file /home/chirag/airflow/lib/python3.12/site-packages/airflow/example_dags/example_dataset_alias_with_no_taskflow.py for tasks to queue
[2024-11-09T19:37:22.900+0000] {logging_mixin.py:190} INFO - [2024-11-09T19:37:22.899+0000] {dagbag.py:588} INFO - Filling up the DagBag from /home/chirag/airflow/lib/python3.12/site-packages/airflow/example_dags/example_dataset_alias_with_no_taskflow.py
[2024-11-09T19:37:22.947+0000] {processor.py:925} INFO - DAG(s) 'dataset_alias_example_alias_producer_with_no_taskflow', 'dataset_alias_example_alias_consumer_with_no_taskflow', 'dataset_s3_bucket_producer_with_no_taskflow', 'dataset_s3_bucket_consumer_with_no_taskflow' retrieved from /home/chirag/airflow/lib/python3.12/site-packages/airflow/example_dags/example_dataset_alias_with_no_taskflow.py
[2024-11-09T19:37:22.998+0000] {logging_mixin.py:190} INFO - [2024-11-09T19:37:22.998+0000] {dag.py:3239} INFO - Sync 4 DAGs
[2024-11-09T19:37:23.060+0000] {logging_mixin.py:190} INFO - [2024-11-09T19:37:23.059+0000] {dag.py:4180} INFO - Setting next_dagrun for dataset_alias_example_alias_consumer_with_no_taskflow to None, run_after=None
[2024-11-09T19:37:23.068+0000] {logging_mixin.py:190} INFO - [2024-11-09T19:37:23.065+0000] {dag.py:4180} INFO - Setting next_dagrun for dataset_alias_example_alias_producer_with_no_taskflow to None, run_after=None
[2024-11-09T19:37:23.072+0000] {logging_mixin.py:190} INFO - [2024-11-09T19:37:23.071+0000] {dag.py:4180} INFO - Setting next_dagrun for dataset_s3_bucket_consumer_with_no_taskflow to None, run_after=None
[2024-11-09T19:37:23.074+0000] {logging_mixin.py:190} INFO - [2024-11-09T19:37:23.074+0000] {dag.py:4180} INFO - Setting next_dagrun for dataset_s3_bucket_producer_with_no_taskflow to None, run_after=None
[2024-11-09T19:37:23.139+0000] {processor.py:208} INFO - Processing /home/chirag/airflow/lib/python3.12/site-packages/airflow/example_dags/example_dataset_alias_with_no_taskflow.py took 0.257 seconds
[2024-11-09T19:38:35.942+0000] {processor.py:186} INFO - Started process (PID=3329) to work on /home/chirag/airflow/lib/python3.12/site-packages/airflow/example_dags/example_dataset_alias_with_no_taskflow.py
[2024-11-09T19:38:35.950+0000] {processor.py:914} INFO - Processing file /home/chirag/airflow/lib/python3.12/site-packages/airflow/example_dags/example_dataset_alias_with_no_taskflow.py for tasks to queue
[2024-11-09T19:38:35.957+0000] {logging_mixin.py:190} INFO - [2024-11-09T19:38:35.956+0000] {dagbag.py:588} INFO - Filling up the DagBag from /home/chirag/airflow/lib/python3.12/site-packages/airflow/example_dags/example_dataset_alias_with_no_taskflow.py
[2024-11-09T19:38:36.093+0000] {processor.py:925} INFO - DAG(s) 'dataset_alias_example_alias_consumer_with_no_taskflow', 'dataset_s3_bucket_producer_with_no_taskflow', 'dataset_alias_example_alias_producer_with_no_taskflow', 'dataset_s3_bucket_consumer_with_no_taskflow' retrieved from /home/chirag/airflow/lib/python3.12/site-packages/airflow/example_dags/example_dataset_alias_with_no_taskflow.py
[2024-11-09T19:38:36.227+0000] {logging_mixin.py:190} INFO - [2024-11-09T19:38:36.226+0000] {dag.py:3239} INFO - Sync 4 DAGs
[2024-11-09T19:38:36.324+0000] {logging_mixin.py:190} INFO - [2024-11-09T19:38:36.323+0000] {dag.py:4180} INFO - Setting next_dagrun for dataset_alias_example_alias_consumer_with_no_taskflow to None, run_after=None
[2024-11-09T19:38:36.328+0000] {logging_mixin.py:190} INFO - [2024-11-09T19:38:36.328+0000] {dag.py:4180} INFO - Setting next_dagrun for dataset_alias_example_alias_producer_with_no_taskflow to None, run_after=None
[2024-11-09T19:38:36.331+0000] {logging_mixin.py:190} INFO - [2024-11-09T19:38:36.331+0000] {dag.py:4180} INFO - Setting next_dagrun for dataset_s3_bucket_consumer_with_no_taskflow to None, run_after=None
[2024-11-09T19:38:36.333+0000] {logging_mixin.py:190} INFO - [2024-11-09T19:38:36.333+0000] {dag.py:4180} INFO - Setting next_dagrun for dataset_s3_bucket_producer_with_no_taskflow to None, run_after=None
[2024-11-09T19:38:36.427+0000] {processor.py:208} INFO - Processing /home/chirag/airflow/lib/python3.12/site-packages/airflow/example_dags/example_dataset_alias_with_no_taskflow.py took 0.512 seconds
[2024-11-09T19:40:01.735+0000] {processor.py:186} INFO - Started process (PID=3587) to work on /home/chirag/airflow/lib/python3.12/site-packages/airflow/example_dags/example_dataset_alias_with_no_taskflow.py
[2024-11-09T19:40:01.738+0000] {processor.py:914} INFO - Processing file /home/chirag/airflow/lib/python3.12/site-packages/airflow/example_dags/example_dataset_alias_with_no_taskflow.py for tasks to queue
[2024-11-09T19:40:01.742+0000] {logging_mixin.py:190} INFO - [2024-11-09T19:40:01.741+0000] {dagbag.py:588} INFO - Filling up the DagBag from /home/chirag/airflow/lib/python3.12/site-packages/airflow/example_dags/example_dataset_alias_with_no_taskflow.py
[2024-11-09T19:40:01.782+0000] {processor.py:925} INFO - DAG(s) 'dataset_alias_example_alias_consumer_with_no_taskflow', 'dataset_s3_bucket_consumer_with_no_taskflow', 'dataset_alias_example_alias_producer_with_no_taskflow', 'dataset_s3_bucket_producer_with_no_taskflow' retrieved from /home/chirag/airflow/lib/python3.12/site-packages/airflow/example_dags/example_dataset_alias_with_no_taskflow.py
[2024-11-09T19:40:01.814+0000] {logging_mixin.py:190} INFO - [2024-11-09T19:40:01.813+0000] {dag.py:3239} INFO - Sync 4 DAGs
[2024-11-09T19:40:01.852+0000] {logging_mixin.py:190} INFO - [2024-11-09T19:40:01.852+0000] {dag.py:4180} INFO - Setting next_dagrun for dataset_alias_example_alias_consumer_with_no_taskflow to None, run_after=None
[2024-11-09T19:40:01.855+0000] {logging_mixin.py:190} INFO - [2024-11-09T19:40:01.855+0000] {dag.py:4180} INFO - Setting next_dagrun for dataset_alias_example_alias_producer_with_no_taskflow to None, run_after=None
[2024-11-09T19:40:01.857+0000] {logging_mixin.py:190} INFO - [2024-11-09T19:40:01.857+0000] {dag.py:4180} INFO - Setting next_dagrun for dataset_s3_bucket_consumer_with_no_taskflow to None, run_after=None
[2024-11-09T19:40:01.860+0000] {logging_mixin.py:190} INFO - [2024-11-09T19:40:01.859+0000] {dag.py:4180} INFO - Setting next_dagrun for dataset_s3_bucket_producer_with_no_taskflow to None, run_after=None
[2024-11-09T19:40:01.897+0000] {processor.py:208} INFO - Processing /home/chirag/airflow/lib/python3.12/site-packages/airflow/example_dags/example_dataset_alias_with_no_taskflow.py took 0.171 seconds
[2024-11-09T19:41:15.550+0000] {processor.py:186} INFO - Started process (PID=3796) to work on /home/chirag/airflow/lib/python3.12/site-packages/airflow/example_dags/example_dataset_alias_with_no_taskflow.py
[2024-11-09T19:41:15.553+0000] {processor.py:914} INFO - Processing file /home/chirag/airflow/lib/python3.12/site-packages/airflow/example_dags/example_dataset_alias_with_no_taskflow.py for tasks to queue
[2024-11-09T19:41:15.559+0000] {logging_mixin.py:190} INFO - [2024-11-09T19:41:15.558+0000] {dagbag.py:588} INFO - Filling up the DagBag from /home/chirag/airflow/lib/python3.12/site-packages/airflow/example_dags/example_dataset_alias_with_no_taskflow.py
[2024-11-09T19:41:15.594+0000] {processor.py:925} INFO - DAG(s) 'dataset_s3_bucket_producer_with_no_taskflow', 'dataset_s3_bucket_consumer_with_no_taskflow', 'dataset_alias_example_alias_producer_with_no_taskflow', 'dataset_alias_example_alias_consumer_with_no_taskflow' retrieved from /home/chirag/airflow/lib/python3.12/site-packages/airflow/example_dags/example_dataset_alias_with_no_taskflow.py
[2024-11-09T19:41:15.621+0000] {logging_mixin.py:190} INFO - [2024-11-09T19:41:15.621+0000] {dag.py:3239} INFO - Sync 4 DAGs
[2024-11-09T19:41:15.655+0000] {logging_mixin.py:190} INFO - [2024-11-09T19:41:15.654+0000] {dag.py:4180} INFO - Setting next_dagrun for dataset_alias_example_alias_consumer_with_no_taskflow to None, run_after=None
[2024-11-09T19:41:15.658+0000] {logging_mixin.py:190} INFO - [2024-11-09T19:41:15.658+0000] {dag.py:4180} INFO - Setting next_dagrun for dataset_alias_example_alias_producer_with_no_taskflow to None, run_after=None
[2024-11-09T19:41:15.659+0000] {logging_mixin.py:190} INFO - [2024-11-09T19:41:15.659+0000] {dag.py:4180} INFO - Setting next_dagrun for dataset_s3_bucket_consumer_with_no_taskflow to None, run_after=None
[2024-11-09T19:41:15.661+0000] {logging_mixin.py:190} INFO - [2024-11-09T19:41:15.661+0000] {dag.py:4180} INFO - Setting next_dagrun for dataset_s3_bucket_producer_with_no_taskflow to None, run_after=None
[2024-11-09T19:41:15.700+0000] {processor.py:208} INFO - Processing /home/chirag/airflow/lib/python3.12/site-packages/airflow/example_dags/example_dataset_alias_with_no_taskflow.py took 0.158 seconds
[2024-11-09T19:42:29.579+0000] {processor.py:186} INFO - Started process (PID=4005) to work on /home/chirag/airflow/lib/python3.12/site-packages/airflow/example_dags/example_dataset_alias_with_no_taskflow.py
[2024-11-09T19:42:29.581+0000] {processor.py:914} INFO - Processing file /home/chirag/airflow/lib/python3.12/site-packages/airflow/example_dags/example_dataset_alias_with_no_taskflow.py for tasks to queue
[2024-11-09T19:42:29.585+0000] {logging_mixin.py:190} INFO - [2024-11-09T19:42:29.584+0000] {dagbag.py:588} INFO - Filling up the DagBag from /home/chirag/airflow/lib/python3.12/site-packages/airflow/example_dags/example_dataset_alias_with_no_taskflow.py
[2024-11-09T19:42:29.620+0000] {processor.py:925} INFO - DAG(s) 'dataset_alias_example_alias_producer_with_no_taskflow', 'dataset_s3_bucket_consumer_with_no_taskflow', 'dataset_alias_example_alias_consumer_with_no_taskflow', 'dataset_s3_bucket_producer_with_no_taskflow' retrieved from /home/chirag/airflow/lib/python3.12/site-packages/airflow/example_dags/example_dataset_alias_with_no_taskflow.py
[2024-11-09T19:42:29.647+0000] {logging_mixin.py:190} INFO - [2024-11-09T19:42:29.647+0000] {dag.py:3239} INFO - Sync 4 DAGs
[2024-11-09T19:42:29.681+0000] {logging_mixin.py:190} INFO - [2024-11-09T19:42:29.681+0000] {dag.py:4180} INFO - Setting next_dagrun for dataset_alias_example_alias_consumer_with_no_taskflow to None, run_after=None
[2024-11-09T19:42:29.684+0000] {logging_mixin.py:190} INFO - [2024-11-09T19:42:29.684+0000] {dag.py:4180} INFO - Setting next_dagrun for dataset_alias_example_alias_producer_with_no_taskflow to None, run_after=None
[2024-11-09T19:42:29.686+0000] {logging_mixin.py:190} INFO - [2024-11-09T19:42:29.686+0000] {dag.py:4180} INFO - Setting next_dagrun for dataset_s3_bucket_consumer_with_no_taskflow to None, run_after=None
[2024-11-09T19:42:29.688+0000] {logging_mixin.py:190} INFO - [2024-11-09T19:42:29.688+0000] {dag.py:4180} INFO - Setting next_dagrun for dataset_s3_bucket_producer_with_no_taskflow to None, run_after=None
[2024-11-09T19:42:29.727+0000] {processor.py:208} INFO - Processing /home/chirag/airflow/lib/python3.12/site-packages/airflow/example_dags/example_dataset_alias_with_no_taskflow.py took 0.157 seconds
[2024-11-09T19:43:50.084+0000] {processor.py:186} INFO - Started process (PID=4238) to work on /home/chirag/airflow/lib/python3.12/site-packages/airflow/example_dags/example_dataset_alias_with_no_taskflow.py
[2024-11-09T19:43:50.087+0000] {processor.py:914} INFO - Processing file /home/chirag/airflow/lib/python3.12/site-packages/airflow/example_dags/example_dataset_alias_with_no_taskflow.py for tasks to queue
[2024-11-09T19:43:50.090+0000] {logging_mixin.py:190} INFO - [2024-11-09T19:43:50.089+0000] {dagbag.py:588} INFO - Filling up the DagBag from /home/chirag/airflow/lib/python3.12/site-packages/airflow/example_dags/example_dataset_alias_with_no_taskflow.py
[2024-11-09T19:43:50.132+0000] {processor.py:925} INFO - DAG(s) 'dataset_alias_example_alias_consumer_with_no_taskflow', 'dataset_s3_bucket_consumer_with_no_taskflow', 'dataset_s3_bucket_producer_with_no_taskflow', 'dataset_alias_example_alias_producer_with_no_taskflow' retrieved from /home/chirag/airflow/lib/python3.12/site-packages/airflow/example_dags/example_dataset_alias_with_no_taskflow.py
[2024-11-09T19:43:50.166+0000] {logging_mixin.py:190} INFO - [2024-11-09T19:43:50.165+0000] {dag.py:3239} INFO - Sync 4 DAGs
[2024-11-09T19:43:50.196+0000] {logging_mixin.py:190} INFO - [2024-11-09T19:43:50.195+0000] {dag.py:4180} INFO - Setting next_dagrun for dataset_alias_example_alias_consumer_with_no_taskflow to None, run_after=None
[2024-11-09T19:43:50.199+0000] {logging_mixin.py:190} INFO - [2024-11-09T19:43:50.198+0000] {dag.py:4180} INFO - Setting next_dagrun for dataset_alias_example_alias_producer_with_no_taskflow to None, run_after=None
[2024-11-09T19:43:50.200+0000] {logging_mixin.py:190} INFO - [2024-11-09T19:43:50.200+0000] {dag.py:4180} INFO - Setting next_dagrun for dataset_s3_bucket_consumer_with_no_taskflow to None, run_after=None
[2024-11-09T19:43:50.206+0000] {logging_mixin.py:190} INFO - [2024-11-09T19:43:50.205+0000] {dag.py:4180} INFO - Setting next_dagrun for dataset_s3_bucket_producer_with_no_taskflow to None, run_after=None
[2024-11-09T19:43:50.252+0000] {processor.py:208} INFO - Processing /home/chirag/airflow/lib/python3.12/site-packages/airflow/example_dags/example_dataset_alias_with_no_taskflow.py took 0.177 seconds
[2024-11-09T19:45:00.837+0000] {processor.py:186} INFO - Started process (PID=4446) to work on /home/chirag/airflow/lib/python3.12/site-packages/airflow/example_dags/example_dataset_alias_with_no_taskflow.py
[2024-11-09T19:45:00.840+0000] {processor.py:914} INFO - Processing file /home/chirag/airflow/lib/python3.12/site-packages/airflow/example_dags/example_dataset_alias_with_no_taskflow.py for tasks to queue
[2024-11-09T19:45:00.843+0000] {logging_mixin.py:190} INFO - [2024-11-09T19:45:00.842+0000] {dagbag.py:588} INFO - Filling up the DagBag from /home/chirag/airflow/lib/python3.12/site-packages/airflow/example_dags/example_dataset_alias_with_no_taskflow.py
[2024-11-09T19:45:00.876+0000] {processor.py:925} INFO - DAG(s) 'dataset_alias_example_alias_consumer_with_no_taskflow', 'dataset_alias_example_alias_producer_with_no_taskflow', 'dataset_s3_bucket_consumer_with_no_taskflow', 'dataset_s3_bucket_producer_with_no_taskflow' retrieved from /home/chirag/airflow/lib/python3.12/site-packages/airflow/example_dags/example_dataset_alias_with_no_taskflow.py
[2024-11-09T19:45:00.906+0000] {logging_mixin.py:190} INFO - [2024-11-09T19:45:00.905+0000] {dag.py:3239} INFO - Sync 4 DAGs
[2024-11-09T19:45:00.940+0000] {logging_mixin.py:190} INFO - [2024-11-09T19:45:00.940+0000] {dag.py:4180} INFO - Setting next_dagrun for dataset_alias_example_alias_consumer_with_no_taskflow to None, run_after=None
[2024-11-09T19:45:00.945+0000] {logging_mixin.py:190} INFO - [2024-11-09T19:45:00.944+0000] {dag.py:4180} INFO - Setting next_dagrun for dataset_alias_example_alias_producer_with_no_taskflow to None, run_after=None
[2024-11-09T19:45:00.948+0000] {logging_mixin.py:190} INFO - [2024-11-09T19:45:00.947+0000] {dag.py:4180} INFO - Setting next_dagrun for dataset_s3_bucket_consumer_with_no_taskflow to None, run_after=None
[2024-11-09T19:45:00.950+0000] {logging_mixin.py:190} INFO - [2024-11-09T19:45:00.950+0000] {dag.py:4180} INFO - Setting next_dagrun for dataset_s3_bucket_producer_with_no_taskflow to None, run_after=None
[2024-11-09T19:45:00.993+0000] {processor.py:208} INFO - Processing /home/chirag/airflow/lib/python3.12/site-packages/airflow/example_dags/example_dataset_alias_with_no_taskflow.py took 0.164 seconds
[2024-11-09T19:46:48.294+0000] {processor.py:186} INFO - Started process (PID=4781) to work on /home/chirag/airflow/lib/python3.12/site-packages/airflow/example_dags/example_dataset_alias_with_no_taskflow.py
[2024-11-09T19:46:48.298+0000] {processor.py:914} INFO - Processing file /home/chirag/airflow/lib/python3.12/site-packages/airflow/example_dags/example_dataset_alias_with_no_taskflow.py for tasks to queue
[2024-11-09T19:46:48.301+0000] {logging_mixin.py:190} INFO - [2024-11-09T19:46:48.300+0000] {dagbag.py:588} INFO - Filling up the DagBag from /home/chirag/airflow/lib/python3.12/site-packages/airflow/example_dags/example_dataset_alias_with_no_taskflow.py
[2024-11-09T19:46:48.334+0000] {processor.py:925} INFO - DAG(s) 'dataset_s3_bucket_producer_with_no_taskflow', 'dataset_alias_example_alias_consumer_with_no_taskflow', 'dataset_alias_example_alias_producer_with_no_taskflow', 'dataset_s3_bucket_consumer_with_no_taskflow' retrieved from /home/chirag/airflow/lib/python3.12/site-packages/airflow/example_dags/example_dataset_alias_with_no_taskflow.py
[2024-11-09T19:46:48.361+0000] {logging_mixin.py:190} INFO - [2024-11-09T19:46:48.361+0000] {dag.py:3239} INFO - Sync 4 DAGs
[2024-11-09T19:46:48.393+0000] {logging_mixin.py:190} INFO - [2024-11-09T19:46:48.393+0000] {dag.py:4180} INFO - Setting next_dagrun for dataset_alias_example_alias_consumer_with_no_taskflow to None, run_after=None
[2024-11-09T19:46:48.396+0000] {logging_mixin.py:190} INFO - [2024-11-09T19:46:48.396+0000] {dag.py:4180} INFO - Setting next_dagrun for dataset_alias_example_alias_producer_with_no_taskflow to None, run_after=None
[2024-11-09T19:46:48.398+0000] {logging_mixin.py:190} INFO - [2024-11-09T19:46:48.397+0000] {dag.py:4180} INFO - Setting next_dagrun for dataset_s3_bucket_consumer_with_no_taskflow to None, run_after=None
[2024-11-09T19:46:48.399+0000] {logging_mixin.py:190} INFO - [2024-11-09T19:46:48.399+0000] {dag.py:4180} INFO - Setting next_dagrun for dataset_s3_bucket_producer_with_no_taskflow to None, run_after=None
[2024-11-09T19:46:48.442+0000] {processor.py:208} INFO - Processing /home/chirag/airflow/lib/python3.12/site-packages/airflow/example_dags/example_dataset_alias_with_no_taskflow.py took 0.156 seconds
[2024-11-09T19:48:01.502+0000] {processor.py:186} INFO - Started process (PID=5000) to work on /home/chirag/airflow/lib/python3.12/site-packages/airflow/example_dags/example_dataset_alias_with_no_taskflow.py
[2024-11-09T19:48:01.505+0000] {processor.py:914} INFO - Processing file /home/chirag/airflow/lib/python3.12/site-packages/airflow/example_dags/example_dataset_alias_with_no_taskflow.py for tasks to queue
[2024-11-09T19:48:01.508+0000] {logging_mixin.py:190} INFO - [2024-11-09T19:48:01.508+0000] {dagbag.py:588} INFO - Filling up the DagBag from /home/chirag/airflow/lib/python3.12/site-packages/airflow/example_dags/example_dataset_alias_with_no_taskflow.py
[2024-11-09T19:48:01.541+0000] {processor.py:925} INFO - DAG(s) 'dataset_alias_example_alias_consumer_with_no_taskflow', 'dataset_alias_example_alias_producer_with_no_taskflow', 'dataset_s3_bucket_producer_with_no_taskflow', 'dataset_s3_bucket_consumer_with_no_taskflow' retrieved from /home/chirag/airflow/lib/python3.12/site-packages/airflow/example_dags/example_dataset_alias_with_no_taskflow.py
[2024-11-09T19:48:01.569+0000] {logging_mixin.py:190} INFO - [2024-11-09T19:48:01.569+0000] {dag.py:3239} INFO - Sync 4 DAGs
[2024-11-09T19:48:01.597+0000] {logging_mixin.py:190} INFO - [2024-11-09T19:48:01.597+0000] {dag.py:4180} INFO - Setting next_dagrun for dataset_alias_example_alias_consumer_with_no_taskflow to None, run_after=None
[2024-11-09T19:48:01.600+0000] {logging_mixin.py:190} INFO - [2024-11-09T19:48:01.600+0000] {dag.py:4180} INFO - Setting next_dagrun for dataset_alias_example_alias_producer_with_no_taskflow to None, run_after=None
[2024-11-09T19:48:01.602+0000] {logging_mixin.py:190} INFO - [2024-11-09T19:48:01.601+0000] {dag.py:4180} INFO - Setting next_dagrun for dataset_s3_bucket_consumer_with_no_taskflow to None, run_after=None
[2024-11-09T19:48:01.603+0000] {logging_mixin.py:190} INFO - [2024-11-09T19:48:01.603+0000] {dag.py:4180} INFO - Setting next_dagrun for dataset_s3_bucket_producer_with_no_taskflow to None, run_after=None
[2024-11-09T19:48:01.642+0000] {processor.py:208} INFO - Processing /home/chirag/airflow/lib/python3.12/site-packages/airflow/example_dags/example_dataset_alias_with_no_taskflow.py took 0.149 seconds
[2024-11-09T19:49:16.365+0000] {processor.py:186} INFO - Started process (PID=5219) to work on /home/chirag/airflow/lib/python3.12/site-packages/airflow/example_dags/example_dataset_alias_with_no_taskflow.py
[2024-11-09T19:49:16.368+0000] {processor.py:914} INFO - Processing file /home/chirag/airflow/lib/python3.12/site-packages/airflow/example_dags/example_dataset_alias_with_no_taskflow.py for tasks to queue
[2024-11-09T19:49:16.371+0000] {logging_mixin.py:190} INFO - [2024-11-09T19:49:16.371+0000] {dagbag.py:588} INFO - Filling up the DagBag from /home/chirag/airflow/lib/python3.12/site-packages/airflow/example_dags/example_dataset_alias_with_no_taskflow.py
[2024-11-09T19:49:16.405+0000] {processor.py:925} INFO - DAG(s) 'dataset_s3_bucket_consumer_with_no_taskflow', 'dataset_alias_example_alias_producer_with_no_taskflow', 'dataset_s3_bucket_producer_with_no_taskflow', 'dataset_alias_example_alias_consumer_with_no_taskflow' retrieved from /home/chirag/airflow/lib/python3.12/site-packages/airflow/example_dags/example_dataset_alias_with_no_taskflow.py
[2024-11-09T19:49:16.432+0000] {logging_mixin.py:190} INFO - [2024-11-09T19:49:16.432+0000] {dag.py:3239} INFO - Sync 4 DAGs
[2024-11-09T19:49:16.465+0000] {logging_mixin.py:190} INFO - [2024-11-09T19:49:16.464+0000] {dag.py:4180} INFO - Setting next_dagrun for dataset_alias_example_alias_consumer_with_no_taskflow to None, run_after=None
[2024-11-09T19:49:16.468+0000] {logging_mixin.py:190} INFO - [2024-11-09T19:49:16.467+0000] {dag.py:4180} INFO - Setting next_dagrun for dataset_alias_example_alias_producer_with_no_taskflow to None, run_after=None
[2024-11-09T19:49:16.469+0000] {logging_mixin.py:190} INFO - [2024-11-09T19:49:16.469+0000] {dag.py:4180} INFO - Setting next_dagrun for dataset_s3_bucket_consumer_with_no_taskflow to None, run_after=None
[2024-11-09T19:49:16.471+0000] {logging_mixin.py:190} INFO - [2024-11-09T19:49:16.471+0000] {dag.py:4180} INFO - Setting next_dagrun for dataset_s3_bucket_producer_with_no_taskflow to None, run_after=None
[2024-11-09T19:49:16.512+0000] {processor.py:208} INFO - Processing /home/chirag/airflow/lib/python3.12/site-packages/airflow/example_dags/example_dataset_alias_with_no_taskflow.py took 0.155 seconds
[2024-11-09T19:50:27.531+0000] {processor.py:186} INFO - Started process (PID=5603) to work on /home/chirag/airflow/lib/python3.12/site-packages/airflow/example_dags/example_dataset_alias_with_no_taskflow.py
[2024-11-09T19:50:27.535+0000] {processor.py:914} INFO - Processing file /home/chirag/airflow/lib/python3.12/site-packages/airflow/example_dags/example_dataset_alias_with_no_taskflow.py for tasks to queue
[2024-11-09T19:50:27.538+0000] {logging_mixin.py:190} INFO - [2024-11-09T19:50:27.538+0000] {dagbag.py:588} INFO - Filling up the DagBag from /home/chirag/airflow/lib/python3.12/site-packages/airflow/example_dags/example_dataset_alias_with_no_taskflow.py
[2024-11-09T19:50:27.572+0000] {processor.py:925} INFO - DAG(s) 'dataset_s3_bucket_consumer_with_no_taskflow', 'dataset_alias_example_alias_consumer_with_no_taskflow', 'dataset_s3_bucket_producer_with_no_taskflow', 'dataset_alias_example_alias_producer_with_no_taskflow' retrieved from /home/chirag/airflow/lib/python3.12/site-packages/airflow/example_dags/example_dataset_alias_with_no_taskflow.py
[2024-11-09T19:50:27.601+0000] {logging_mixin.py:190} INFO - [2024-11-09T19:50:27.600+0000] {dag.py:3239} INFO - Sync 4 DAGs
[2024-11-09T19:50:27.639+0000] {logging_mixin.py:190} INFO - [2024-11-09T19:50:27.639+0000] {dag.py:4180} INFO - Setting next_dagrun for dataset_alias_example_alias_consumer_with_no_taskflow to None, run_after=None
[2024-11-09T19:50:27.642+0000] {logging_mixin.py:190} INFO - [2024-11-09T19:50:27.642+0000] {dag.py:4180} INFO - Setting next_dagrun for dataset_alias_example_alias_producer_with_no_taskflow to None, run_after=None
[2024-11-09T19:50:27.644+0000] {logging_mixin.py:190} INFO - [2024-11-09T19:50:27.644+0000] {dag.py:4180} INFO - Setting next_dagrun for dataset_s3_bucket_consumer_with_no_taskflow to None, run_after=None
[2024-11-09T19:50:27.648+0000] {logging_mixin.py:190} INFO - [2024-11-09T19:50:27.648+0000] {dag.py:4180} INFO - Setting next_dagrun for dataset_s3_bucket_producer_with_no_taskflow to None, run_after=None
[2024-11-09T19:50:27.692+0000] {processor.py:208} INFO - Processing /home/chirag/airflow/lib/python3.12/site-packages/airflow/example_dags/example_dataset_alias_with_no_taskflow.py took 0.170 seconds
[2024-11-09T19:51:41.421+0000] {processor.py:186} INFO - Started process (PID=6218) to work on /home/chirag/airflow/lib/python3.12/site-packages/airflow/example_dags/example_dataset_alias_with_no_taskflow.py
[2024-11-09T19:51:41.425+0000] {processor.py:914} INFO - Processing file /home/chirag/airflow/lib/python3.12/site-packages/airflow/example_dags/example_dataset_alias_with_no_taskflow.py for tasks to queue
[2024-11-09T19:51:41.428+0000] {logging_mixin.py:190} INFO - [2024-11-09T19:51:41.428+0000] {dagbag.py:588} INFO - Filling up the DagBag from /home/chirag/airflow/lib/python3.12/site-packages/airflow/example_dags/example_dataset_alias_with_no_taskflow.py
[2024-11-09T19:51:41.464+0000] {processor.py:925} INFO - DAG(s) 'dataset_alias_example_alias_consumer_with_no_taskflow', 'dataset_s3_bucket_consumer_with_no_taskflow', 'dataset_s3_bucket_producer_with_no_taskflow', 'dataset_alias_example_alias_producer_with_no_taskflow' retrieved from /home/chirag/airflow/lib/python3.12/site-packages/airflow/example_dags/example_dataset_alias_with_no_taskflow.py
[2024-11-09T19:51:41.505+0000] {logging_mixin.py:190} INFO - [2024-11-09T19:51:41.505+0000] {dag.py:3239} INFO - Sync 4 DAGs
[2024-11-09T19:51:41.574+0000] {logging_mixin.py:190} INFO - [2024-11-09T19:51:41.572+0000] {dag.py:4180} INFO - Setting next_dagrun for dataset_alias_example_alias_consumer_with_no_taskflow to None, run_after=None
[2024-11-09T19:51:41.582+0000] {logging_mixin.py:190} INFO - [2024-11-09T19:51:41.581+0000] {dag.py:4180} INFO - Setting next_dagrun for dataset_alias_example_alias_producer_with_no_taskflow to None, run_after=None
[2024-11-09T19:51:41.585+0000] {logging_mixin.py:190} INFO - [2024-11-09T19:51:41.584+0000] {dag.py:4180} INFO - Setting next_dagrun for dataset_s3_bucket_consumer_with_no_taskflow to None, run_after=None
[2024-11-09T19:51:41.588+0000] {logging_mixin.py:190} INFO - [2024-11-09T19:51:41.588+0000] {dag.py:4180} INFO - Setting next_dagrun for dataset_s3_bucket_producer_with_no_taskflow to None, run_after=None
[2024-11-09T19:51:41.642+0000] {processor.py:208} INFO - Processing /home/chirag/airflow/lib/python3.12/site-packages/airflow/example_dags/example_dataset_alias_with_no_taskflow.py took 0.231 seconds
[2024-11-09T19:53:29.646+0000] {processor.py:186} INFO - Started process (PID=6717) to work on /home/chirag/airflow/lib/python3.12/site-packages/airflow/example_dags/example_dataset_alias_with_no_taskflow.py
[2024-11-09T19:53:29.650+0000] {processor.py:914} INFO - Processing file /home/chirag/airflow/lib/python3.12/site-packages/airflow/example_dags/example_dataset_alias_with_no_taskflow.py for tasks to queue
[2024-11-09T19:53:29.659+0000] {logging_mixin.py:190} INFO - [2024-11-09T19:53:29.658+0000] {dagbag.py:588} INFO - Filling up the DagBag from /home/chirag/airflow/lib/python3.12/site-packages/airflow/example_dags/example_dataset_alias_with_no_taskflow.py
[2024-11-09T19:53:29.737+0000] {processor.py:925} INFO - DAG(s) 'dataset_s3_bucket_producer_with_no_taskflow', 'dataset_alias_example_alias_producer_with_no_taskflow', 'dataset_alias_example_alias_consumer_with_no_taskflow', 'dataset_s3_bucket_consumer_with_no_taskflow' retrieved from /home/chirag/airflow/lib/python3.12/site-packages/airflow/example_dags/example_dataset_alias_with_no_taskflow.py
[2024-11-09T19:53:29.799+0000] {logging_mixin.py:190} INFO - [2024-11-09T19:53:29.798+0000] {dag.py:3239} INFO - Sync 4 DAGs
[2024-11-09T19:53:29.834+0000] {logging_mixin.py:190} INFO - [2024-11-09T19:53:29.834+0000] {dag.py:4180} INFO - Setting next_dagrun for dataset_alias_example_alias_consumer_with_no_taskflow to None, run_after=None
[2024-11-09T19:53:29.837+0000] {logging_mixin.py:190} INFO - [2024-11-09T19:53:29.837+0000] {dag.py:4180} INFO - Setting next_dagrun for dataset_alias_example_alias_producer_with_no_taskflow to None, run_after=None
[2024-11-09T19:53:29.839+0000] {logging_mixin.py:190} INFO - [2024-11-09T19:53:29.839+0000] {dag.py:4180} INFO - Setting next_dagrun for dataset_s3_bucket_consumer_with_no_taskflow to None, run_after=None
[2024-11-09T19:53:29.842+0000] {logging_mixin.py:190} INFO - [2024-11-09T19:53:29.842+0000] {dag.py:4180} INFO - Setting next_dagrun for dataset_s3_bucket_producer_with_no_taskflow to None, run_after=None
[2024-11-09T19:53:29.908+0000] {processor.py:208} INFO - Processing /home/chirag/airflow/lib/python3.12/site-packages/airflow/example_dags/example_dataset_alias_with_no_taskflow.py took 0.282 seconds
[2024-11-09T19:54:45.490+0000] {processor.py:186} INFO - Started process (PID=7324) to work on /home/chirag/airflow/lib/python3.12/site-packages/airflow/example_dags/example_dataset_alias_with_no_taskflow.py
[2024-11-09T19:54:45.497+0000] {processor.py:914} INFO - Processing file /home/chirag/airflow/lib/python3.12/site-packages/airflow/example_dags/example_dataset_alias_with_no_taskflow.py for tasks to queue
[2024-11-09T19:54:45.504+0000] {logging_mixin.py:190} INFO - [2024-11-09T19:54:45.503+0000] {dagbag.py:588} INFO - Filling up the DagBag from /home/chirag/airflow/lib/python3.12/site-packages/airflow/example_dags/example_dataset_alias_with_no_taskflow.py
[2024-11-09T19:54:45.589+0000] {processor.py:925} INFO - DAG(s) 'dataset_s3_bucket_consumer_with_no_taskflow', 'dataset_s3_bucket_producer_with_no_taskflow', 'dataset_alias_example_alias_producer_with_no_taskflow', 'dataset_alias_example_alias_consumer_with_no_taskflow' retrieved from /home/chirag/airflow/lib/python3.12/site-packages/airflow/example_dags/example_dataset_alias_with_no_taskflow.py
[2024-11-09T19:54:45.643+0000] {logging_mixin.py:190} INFO - [2024-11-09T19:54:45.643+0000] {dag.py:3239} INFO - Sync 4 DAGs
[2024-11-09T19:54:45.728+0000] {logging_mixin.py:190} INFO - [2024-11-09T19:54:45.727+0000] {dag.py:4180} INFO - Setting next_dagrun for dataset_alias_example_alias_consumer_with_no_taskflow to None, run_after=None
[2024-11-09T19:54:45.735+0000] {logging_mixin.py:190} INFO - [2024-11-09T19:54:45.734+0000] {dag.py:4180} INFO - Setting next_dagrun for dataset_alias_example_alias_producer_with_no_taskflow to None, run_after=None
[2024-11-09T19:54:45.739+0000] {logging_mixin.py:190} INFO - [2024-11-09T19:54:45.738+0000] {dag.py:4180} INFO - Setting next_dagrun for dataset_s3_bucket_consumer_with_no_taskflow to None, run_after=None
[2024-11-09T19:54:45.741+0000] {logging_mixin.py:190} INFO - [2024-11-09T19:54:45.741+0000] {dag.py:4180} INFO - Setting next_dagrun for dataset_s3_bucket_producer_with_no_taskflow to None, run_after=None
[2024-11-09T19:54:45.795+0000] {processor.py:208} INFO - Processing /home/chirag/airflow/lib/python3.12/site-packages/airflow/example_dags/example_dataset_alias_with_no_taskflow.py took 0.335 seconds
[2024-11-09T19:56:05.253+0000] {processor.py:186} INFO - Started process (PID=7887) to work on /home/chirag/airflow/lib/python3.12/site-packages/airflow/example_dags/example_dataset_alias_with_no_taskflow.py
[2024-11-09T19:56:05.259+0000] {processor.py:914} INFO - Processing file /home/chirag/airflow/lib/python3.12/site-packages/airflow/example_dags/example_dataset_alias_with_no_taskflow.py for tasks to queue
[2024-11-09T19:56:05.265+0000] {logging_mixin.py:190} INFO - [2024-11-09T19:56:05.264+0000] {dagbag.py:588} INFO - Filling up the DagBag from /home/chirag/airflow/lib/python3.12/site-packages/airflow/example_dags/example_dataset_alias_with_no_taskflow.py
[2024-11-09T19:56:05.318+0000] {processor.py:925} INFO - DAG(s) 'dataset_s3_bucket_producer_with_no_taskflow', 'dataset_alias_example_alias_producer_with_no_taskflow', 'dataset_s3_bucket_consumer_with_no_taskflow', 'dataset_alias_example_alias_consumer_with_no_taskflow' retrieved from /home/chirag/airflow/lib/python3.12/site-packages/airflow/example_dags/example_dataset_alias_with_no_taskflow.py
[2024-11-09T19:56:05.364+0000] {logging_mixin.py:190} INFO - [2024-11-09T19:56:05.364+0000] {dag.py:3239} INFO - Sync 4 DAGs
[2024-11-09T19:56:05.403+0000] {logging_mixin.py:190} INFO - [2024-11-09T19:56:05.402+0000] {dag.py:4180} INFO - Setting next_dagrun for dataset_alias_example_alias_consumer_with_no_taskflow to None, run_after=None
[2024-11-09T19:56:05.408+0000] {logging_mixin.py:190} INFO - [2024-11-09T19:56:05.407+0000] {dag.py:4180} INFO - Setting next_dagrun for dataset_alias_example_alias_producer_with_no_taskflow to None, run_after=None
[2024-11-09T19:56:05.410+0000] {logging_mixin.py:190} INFO - [2024-11-09T19:56:05.409+0000] {dag.py:4180} INFO - Setting next_dagrun for dataset_s3_bucket_consumer_with_no_taskflow to None, run_after=None
[2024-11-09T19:56:05.412+0000] {logging_mixin.py:190} INFO - [2024-11-09T19:56:05.412+0000] {dag.py:4180} INFO - Setting next_dagrun for dataset_s3_bucket_producer_with_no_taskflow to None, run_after=None
[2024-11-09T19:56:05.465+0000] {processor.py:208} INFO - Processing /home/chirag/airflow/lib/python3.12/site-packages/airflow/example_dags/example_dataset_alias_with_no_taskflow.py took 0.231 seconds
[2024-11-09T19:58:08.764+0000] {processor.py:186} INFO - Started process (PID=8330) to work on /home/chirag/airflow/lib/python3.12/site-packages/airflow/example_dags/example_dataset_alias_with_no_taskflow.py
[2024-11-09T19:58:08.767+0000] {processor.py:914} INFO - Processing file /home/chirag/airflow/lib/python3.12/site-packages/airflow/example_dags/example_dataset_alias_with_no_taskflow.py for tasks to queue
[2024-11-09T19:58:08.770+0000] {logging_mixin.py:190} INFO - [2024-11-09T19:58:08.770+0000] {dagbag.py:588} INFO - Filling up the DagBag from /home/chirag/airflow/lib/python3.12/site-packages/airflow/example_dags/example_dataset_alias_with_no_taskflow.py
[2024-11-09T19:58:08.809+0000] {processor.py:925} INFO - DAG(s) 'dataset_s3_bucket_consumer_with_no_taskflow', 'dataset_alias_example_alias_producer_with_no_taskflow', 'dataset_alias_example_alias_consumer_with_no_taskflow', 'dataset_s3_bucket_producer_with_no_taskflow' retrieved from /home/chirag/airflow/lib/python3.12/site-packages/airflow/example_dags/example_dataset_alias_with_no_taskflow.py
[2024-11-09T19:58:08.838+0000] {logging_mixin.py:190} INFO - [2024-11-09T19:58:08.838+0000] {dag.py:3239} INFO - Sync 4 DAGs
[2024-11-09T19:58:08.872+0000] {logging_mixin.py:190} INFO - [2024-11-09T19:58:08.872+0000] {dag.py:4180} INFO - Setting next_dagrun for dataset_alias_example_alias_consumer_with_no_taskflow to None, run_after=None
[2024-11-09T19:58:08.876+0000] {logging_mixin.py:190} INFO - [2024-11-09T19:58:08.875+0000] {dag.py:4180} INFO - Setting next_dagrun for dataset_alias_example_alias_producer_with_no_taskflow to None, run_after=None
[2024-11-09T19:58:08.877+0000] {logging_mixin.py:190} INFO - [2024-11-09T19:58:08.877+0000] {dag.py:4180} INFO - Setting next_dagrun for dataset_s3_bucket_consumer_with_no_taskflow to None, run_after=None
[2024-11-09T19:58:08.878+0000] {logging_mixin.py:190} INFO - [2024-11-09T19:58:08.878+0000] {dag.py:4180} INFO - Setting next_dagrun for dataset_s3_bucket_producer_with_no_taskflow to None, run_after=None
[2024-11-09T19:58:08.919+0000] {processor.py:208} INFO - Processing /home/chirag/airflow/lib/python3.12/site-packages/airflow/example_dags/example_dataset_alias_with_no_taskflow.py took 0.163 seconds
[2024-11-09T20:22:43.664+0000] {processor.py:186} INFO - Started process (PID=12689) to work on /home/chirag/airflow/lib/python3.12/site-packages/airflow/example_dags/example_dataset_alias_with_no_taskflow.py
[2024-11-09T20:22:43.668+0000] {processor.py:914} INFO - Processing file /home/chirag/airflow/lib/python3.12/site-packages/airflow/example_dags/example_dataset_alias_with_no_taskflow.py for tasks to queue
[2024-11-09T20:22:43.672+0000] {logging_mixin.py:190} INFO - [2024-11-09T20:22:43.671+0000] {dagbag.py:588} INFO - Filling up the DagBag from /home/chirag/airflow/lib/python3.12/site-packages/airflow/example_dags/example_dataset_alias_with_no_taskflow.py
[2024-11-09T20:22:43.766+0000] {processor.py:925} INFO - DAG(s) 'dataset_s3_bucket_consumer_with_no_taskflow', 'dataset_s3_bucket_producer_with_no_taskflow', 'dataset_alias_example_alias_consumer_with_no_taskflow', 'dataset_alias_example_alias_producer_with_no_taskflow' retrieved from /home/chirag/airflow/lib/python3.12/site-packages/airflow/example_dags/example_dataset_alias_with_no_taskflow.py
[2024-11-09T20:22:43.836+0000] {logging_mixin.py:190} INFO - [2024-11-09T20:22:43.836+0000] {dag.py:3239} INFO - Sync 4 DAGs
[2024-11-09T20:22:43.882+0000] {logging_mixin.py:190} INFO - [2024-11-09T20:22:43.882+0000] {dag.py:4180} INFO - Setting next_dagrun for dataset_alias_example_alias_consumer_with_no_taskflow to None, run_after=None
[2024-11-09T20:22:43.886+0000] {logging_mixin.py:190} INFO - [2024-11-09T20:22:43.886+0000] {dag.py:4180} INFO - Setting next_dagrun for dataset_alias_example_alias_producer_with_no_taskflow to None, run_after=None
[2024-11-09T20:22:43.888+0000] {logging_mixin.py:190} INFO - [2024-11-09T20:22:43.888+0000] {dag.py:4180} INFO - Setting next_dagrun for dataset_s3_bucket_consumer_with_no_taskflow to None, run_after=None
[2024-11-09T20:22:43.890+0000] {logging_mixin.py:190} INFO - [2024-11-09T20:22:43.889+0000] {dag.py:4180} INFO - Setting next_dagrun for dataset_s3_bucket_producer_with_no_taskflow to None, run_after=None
[2024-11-09T20:22:43.935+0000] {processor.py:208} INFO - Processing /home/chirag/airflow/lib/python3.12/site-packages/airflow/example_dags/example_dataset_alias_with_no_taskflow.py took 0.281 seconds
[2024-11-09T20:23:51.375+0000] {processor.py:186} INFO - Started process (PID=12887) to work on /home/chirag/airflow/lib/python3.12/site-packages/airflow/example_dags/example_dataset_alias_with_no_taskflow.py
[2024-11-09T20:23:51.378+0000] {processor.py:914} INFO - Processing file /home/chirag/airflow/lib/python3.12/site-packages/airflow/example_dags/example_dataset_alias_with_no_taskflow.py for tasks to queue
[2024-11-09T20:23:51.381+0000] {logging_mixin.py:190} INFO - [2024-11-09T20:23:51.381+0000] {dagbag.py:588} INFO - Filling up the DagBag from /home/chirag/airflow/lib/python3.12/site-packages/airflow/example_dags/example_dataset_alias_with_no_taskflow.py
[2024-11-09T20:23:51.419+0000] {processor.py:925} INFO - DAG(s) 'dataset_alias_example_alias_consumer_with_no_taskflow', 'dataset_s3_bucket_consumer_with_no_taskflow', 'dataset_alias_example_alias_producer_with_no_taskflow', 'dataset_s3_bucket_producer_with_no_taskflow' retrieved from /home/chirag/airflow/lib/python3.12/site-packages/airflow/example_dags/example_dataset_alias_with_no_taskflow.py
[2024-11-09T20:23:51.448+0000] {logging_mixin.py:190} INFO - [2024-11-09T20:23:51.448+0000] {dag.py:3239} INFO - Sync 4 DAGs
[2024-11-09T20:23:51.480+0000] {logging_mixin.py:190} INFO - [2024-11-09T20:23:51.480+0000] {dag.py:4180} INFO - Setting next_dagrun for dataset_alias_example_alias_consumer_with_no_taskflow to None, run_after=None
[2024-11-09T20:23:51.483+0000] {logging_mixin.py:190} INFO - [2024-11-09T20:23:51.483+0000] {dag.py:4180} INFO - Setting next_dagrun for dataset_alias_example_alias_producer_with_no_taskflow to None, run_after=None
[2024-11-09T20:23:51.485+0000] {logging_mixin.py:190} INFO - [2024-11-09T20:23:51.484+0000] {dag.py:4180} INFO - Setting next_dagrun for dataset_s3_bucket_consumer_with_no_taskflow to None, run_after=None
[2024-11-09T20:23:51.486+0000] {logging_mixin.py:190} INFO - [2024-11-09T20:23:51.486+0000] {dag.py:4180} INFO - Setting next_dagrun for dataset_s3_bucket_producer_with_no_taskflow to None, run_after=None
[2024-11-09T20:23:51.526+0000] {processor.py:208} INFO - Processing /home/chirag/airflow/lib/python3.12/site-packages/airflow/example_dags/example_dataset_alias_with_no_taskflow.py took 0.159 seconds
[2024-11-09T20:25:04.172+0000] {processor.py:186} INFO - Started process (PID=13095) to work on /home/chirag/airflow/lib/python3.12/site-packages/airflow/example_dags/example_dataset_alias_with_no_taskflow.py
[2024-11-09T20:25:04.175+0000] {processor.py:914} INFO - Processing file /home/chirag/airflow/lib/python3.12/site-packages/airflow/example_dags/example_dataset_alias_with_no_taskflow.py for tasks to queue
[2024-11-09T20:25:04.178+0000] {logging_mixin.py:190} INFO - [2024-11-09T20:25:04.178+0000] {dagbag.py:588} INFO - Filling up the DagBag from /home/chirag/airflow/lib/python3.12/site-packages/airflow/example_dags/example_dataset_alias_with_no_taskflow.py
[2024-11-09T20:25:04.211+0000] {processor.py:925} INFO - DAG(s) 'dataset_s3_bucket_producer_with_no_taskflow', 'dataset_alias_example_alias_producer_with_no_taskflow', 'dataset_alias_example_alias_consumer_with_no_taskflow', 'dataset_s3_bucket_consumer_with_no_taskflow' retrieved from /home/chirag/airflow/lib/python3.12/site-packages/airflow/example_dags/example_dataset_alias_with_no_taskflow.py
[2024-11-09T20:25:04.238+0000] {logging_mixin.py:190} INFO - [2024-11-09T20:25:04.237+0000] {dag.py:3239} INFO - Sync 4 DAGs
[2024-11-09T20:25:04.268+0000] {logging_mixin.py:190} INFO - [2024-11-09T20:25:04.268+0000] {dag.py:4180} INFO - Setting next_dagrun for dataset_alias_example_alias_consumer_with_no_taskflow to None, run_after=None
[2024-11-09T20:25:04.272+0000] {logging_mixin.py:190} INFO - [2024-11-09T20:25:04.271+0000] {dag.py:4180} INFO - Setting next_dagrun for dataset_alias_example_alias_producer_with_no_taskflow to None, run_after=None
[2024-11-09T20:25:04.273+0000] {logging_mixin.py:190} INFO - [2024-11-09T20:25:04.273+0000] {dag.py:4180} INFO - Setting next_dagrun for dataset_s3_bucket_consumer_with_no_taskflow to None, run_after=None
[2024-11-09T20:25:04.274+0000] {logging_mixin.py:190} INFO - [2024-11-09T20:25:04.274+0000] {dag.py:4180} INFO - Setting next_dagrun for dataset_s3_bucket_producer_with_no_taskflow to None, run_after=None
[2024-11-09T20:25:04.313+0000] {processor.py:208} INFO - Processing /home/chirag/airflow/lib/python3.12/site-packages/airflow/example_dags/example_dataset_alias_with_no_taskflow.py took 0.149 seconds
[2024-11-09T20:26:41.168+0000] {processor.py:186} INFO - Started process (PID=13649) to work on /home/chirag/airflow/lib/python3.12/site-packages/airflow/example_dags/example_dataset_alias_with_no_taskflow.py
[2024-11-09T20:26:41.174+0000] {processor.py:914} INFO - Processing file /home/chirag/airflow/lib/python3.12/site-packages/airflow/example_dags/example_dataset_alias_with_no_taskflow.py for tasks to queue
[2024-11-09T20:26:41.178+0000] {logging_mixin.py:190} INFO - [2024-11-09T20:26:41.177+0000] {dagbag.py:588} INFO - Filling up the DagBag from /home/chirag/airflow/lib/python3.12/site-packages/airflow/example_dags/example_dataset_alias_with_no_taskflow.py
[2024-11-09T20:26:41.214+0000] {processor.py:925} INFO - DAG(s) 'dataset_alias_example_alias_producer_with_no_taskflow', 'dataset_s3_bucket_producer_with_no_taskflow', 'dataset_s3_bucket_consumer_with_no_taskflow', 'dataset_alias_example_alias_consumer_with_no_taskflow' retrieved from /home/chirag/airflow/lib/python3.12/site-packages/airflow/example_dags/example_dataset_alias_with_no_taskflow.py
[2024-11-09T20:26:41.244+0000] {logging_mixin.py:190} INFO - [2024-11-09T20:26:41.244+0000] {dag.py:3239} INFO - Sync 4 DAGs
[2024-11-09T20:26:41.280+0000] {logging_mixin.py:190} INFO - [2024-11-09T20:26:41.280+0000] {dag.py:4180} INFO - Setting next_dagrun for dataset_alias_example_alias_consumer_with_no_taskflow to None, run_after=None
[2024-11-09T20:26:41.283+0000] {logging_mixin.py:190} INFO - [2024-11-09T20:26:41.283+0000] {dag.py:4180} INFO - Setting next_dagrun for dataset_alias_example_alias_producer_with_no_taskflow to None, run_after=None
[2024-11-09T20:26:41.285+0000] {logging_mixin.py:190} INFO - [2024-11-09T20:26:41.285+0000] {dag.py:4180} INFO - Setting next_dagrun for dataset_s3_bucket_consumer_with_no_taskflow to None, run_after=None
[2024-11-09T20:26:41.289+0000] {logging_mixin.py:190} INFO - [2024-11-09T20:26:41.288+0000] {dag.py:4180} INFO - Setting next_dagrun for dataset_s3_bucket_producer_with_no_taskflow to None, run_after=None
[2024-11-09T20:26:41.351+0000] {processor.py:208} INFO - Processing /home/chirag/airflow/lib/python3.12/site-packages/airflow/example_dags/example_dataset_alias_with_no_taskflow.py took 0.193 seconds
[2024-11-09T20:28:21.088+0000] {processor.py:186} INFO - Started process (PID=14097) to work on /home/chirag/airflow/lib/python3.12/site-packages/airflow/example_dags/example_dataset_alias_with_no_taskflow.py
[2024-11-09T20:28:21.090+0000] {processor.py:914} INFO - Processing file /home/chirag/airflow/lib/python3.12/site-packages/airflow/example_dags/example_dataset_alias_with_no_taskflow.py for tasks to queue
[2024-11-09T20:28:21.094+0000] {logging_mixin.py:190} INFO - [2024-11-09T20:28:21.093+0000] {dagbag.py:588} INFO - Filling up the DagBag from /home/chirag/airflow/lib/python3.12/site-packages/airflow/example_dags/example_dataset_alias_with_no_taskflow.py
[2024-11-09T20:28:21.130+0000] {processor.py:925} INFO - DAG(s) 'dataset_s3_bucket_consumer_with_no_taskflow', 'dataset_s3_bucket_producer_with_no_taskflow', 'dataset_alias_example_alias_producer_with_no_taskflow', 'dataset_alias_example_alias_consumer_with_no_taskflow' retrieved from /home/chirag/airflow/lib/python3.12/site-packages/airflow/example_dags/example_dataset_alias_with_no_taskflow.py
[2024-11-09T20:28:21.160+0000] {logging_mixin.py:190} INFO - [2024-11-09T20:28:21.160+0000] {dag.py:3239} INFO - Sync 4 DAGs
[2024-11-09T20:28:21.204+0000] {logging_mixin.py:190} INFO - [2024-11-09T20:28:21.203+0000] {dag.py:4180} INFO - Setting next_dagrun for dataset_alias_example_alias_consumer_with_no_taskflow to None, run_after=None
[2024-11-09T20:28:21.207+0000] {logging_mixin.py:190} INFO - [2024-11-09T20:28:21.206+0000] {dag.py:4180} INFO - Setting next_dagrun for dataset_alias_example_alias_producer_with_no_taskflow to None, run_after=None
[2024-11-09T20:28:21.209+0000] {logging_mixin.py:190} INFO - [2024-11-09T20:28:21.208+0000] {dag.py:4180} INFO - Setting next_dagrun for dataset_s3_bucket_consumer_with_no_taskflow to None, run_after=None
[2024-11-09T20:28:21.211+0000] {logging_mixin.py:190} INFO - [2024-11-09T20:28:21.210+0000] {dag.py:4180} INFO - Setting next_dagrun for dataset_s3_bucket_producer_with_no_taskflow to None, run_after=None
[2024-11-09T20:28:21.404+0000] {processor.py:208} INFO - Processing /home/chirag/airflow/lib/python3.12/site-packages/airflow/example_dags/example_dataset_alias_with_no_taskflow.py took 0.330 seconds
