[2024-11-09T19:17:07.073+0000] {processor.py:186} INFO - Started process (PID=94669) to work on /home/chirag/airflow/lib/python3.12/site-packages/airflow/example_dags/example_time_delta_sensor_async.py
[2024-11-09T19:17:07.075+0000] {processor.py:914} INFO - Processing file /home/chirag/airflow/lib/python3.12/site-packages/airflow/example_dags/example_time_delta_sensor_async.py for tasks to queue
[2024-11-09T19:17:07.079+0000] {logging_mixin.py:190} INFO - [2024-11-09T19:17:07.079+0000] {dagbag.py:588} INFO - Filling up the DagBag from /home/chirag/airflow/lib/python3.12/site-packages/airflow/example_dags/example_time_delta_sensor_async.py
[2024-11-09T19:17:07.093+0000] {processor.py:925} INFO - DAG(s) 'example_time_delta_sensor_async' retrieved from /home/chirag/airflow/lib/python3.12/site-packages/airflow/example_dags/example_time_delta_sensor_async.py
[2024-11-09T19:17:07.278+0000] {logging_mixin.py:190} INFO - [2024-11-09T19:17:07.277+0000] {override.py:1911} INFO - Created Permission View: can delete on DAG:example_time_delta_sensor_async
[2024-11-09T19:17:07.300+0000] {logging_mixin.py:190} INFO - [2024-11-09T19:17:07.300+0000] {override.py:1911} INFO - Created Permission View: can read on DAG:example_time_delta_sensor_async
[2024-11-09T19:17:07.318+0000] {logging_mixin.py:190} INFO - [2024-11-09T19:17:07.318+0000] {override.py:1911} INFO - Created Permission View: can edit on DAG:example_time_delta_sensor_async
[2024-11-09T19:17:07.353+0000] {logging_mixin.py:190} INFO - [2024-11-09T19:17:07.353+0000] {override.py:1911} INFO - Created Permission View: menu access on DAG Run:example_time_delta_sensor_async
[2024-11-09T19:17:07.373+0000] {logging_mixin.py:190} INFO - [2024-11-09T19:17:07.372+0000] {override.py:1911} INFO - Created Permission View: can delete on DAG Run:example_time_delta_sensor_async
[2024-11-09T19:17:07.397+0000] {logging_mixin.py:190} INFO - [2024-11-09T19:17:07.397+0000] {override.py:1911} INFO - Created Permission View: can read on DAG Run:example_time_delta_sensor_async
[2024-11-09T19:17:07.419+0000] {logging_mixin.py:190} INFO - [2024-11-09T19:17:07.419+0000] {override.py:1911} INFO - Created Permission View: can create on DAG Run:example_time_delta_sensor_async
[2024-11-09T19:17:07.420+0000] {logging_mixin.py:190} INFO - [2024-11-09T19:17:07.420+0000] {dag.py:3239} INFO - Sync 1 DAGs
[2024-11-09T19:17:07.436+0000] {logging_mixin.py:190} INFO - [2024-11-09T19:17:07.436+0000] {dag.py:3262} INFO - Creating ORM DAG for example_time_delta_sensor_async
[2024-11-09T19:17:07.438+0000] {logging_mixin.py:190} INFO - [2024-11-09T19:17:07.437+0000] {dag.py:4180} INFO - Setting next_dagrun for example_time_delta_sensor_async to None, run_after=None
[2024-11-09T19:17:07.481+0000] {processor.py:208} INFO - Processing /home/chirag/airflow/lib/python3.12/site-packages/airflow/example_dags/example_time_delta_sensor_async.py took 0.421 seconds
[2024-11-09T19:18:49.868+0000] {processor.py:186} INFO - Started process (PID=94865) to work on /home/chirag/airflow/lib/python3.12/site-packages/airflow/example_dags/example_time_delta_sensor_async.py
[2024-11-09T19:18:49.872+0000] {processor.py:914} INFO - Processing file /home/chirag/airflow/lib/python3.12/site-packages/airflow/example_dags/example_time_delta_sensor_async.py for tasks to queue
[2024-11-09T19:18:49.875+0000] {logging_mixin.py:190} INFO - [2024-11-09T19:18:49.875+0000] {dagbag.py:588} INFO - Filling up the DagBag from /home/chirag/airflow/lib/python3.12/site-packages/airflow/example_dags/example_time_delta_sensor_async.py
[2024-11-09T19:18:49.887+0000] {processor.py:925} INFO - DAG(s) 'example_time_delta_sensor_async' retrieved from /home/chirag/airflow/lib/python3.12/site-packages/airflow/example_dags/example_time_delta_sensor_async.py
[2024-11-09T19:18:49.912+0000] {logging_mixin.py:190} INFO - [2024-11-09T19:18:49.911+0000] {dag.py:3239} INFO - Sync 1 DAGs
[2024-11-09T19:18:49.931+0000] {logging_mixin.py:190} INFO - [2024-11-09T19:18:49.930+0000] {dag.py:4180} INFO - Setting next_dagrun for example_time_delta_sensor_async to None, run_after=None
[2024-11-09T19:18:49.971+0000] {processor.py:208} INFO - Processing /home/chirag/airflow/lib/python3.12/site-packages/airflow/example_dags/example_time_delta_sensor_async.py took 0.113 seconds
[2024-11-09T19:28:07.505+0000] {processor.py:186} INFO - Started process (PID=487) to work on /home/chirag/airflow/lib/python3.12/site-packages/airflow/example_dags/example_time_delta_sensor_async.py
[2024-11-09T19:28:07.507+0000] {processor.py:914} INFO - Processing file /home/chirag/airflow/lib/python3.12/site-packages/airflow/example_dags/example_time_delta_sensor_async.py for tasks to queue
[2024-11-09T19:28:07.511+0000] {logging_mixin.py:190} INFO - [2024-11-09T19:28:07.510+0000] {dagbag.py:588} INFO - Filling up the DagBag from /home/chirag/airflow/lib/python3.12/site-packages/airflow/example_dags/example_time_delta_sensor_async.py
[2024-11-09T19:28:07.525+0000] {processor.py:925} INFO - DAG(s) 'example_time_delta_sensor_async' retrieved from /home/chirag/airflow/lib/python3.12/site-packages/airflow/example_dags/example_time_delta_sensor_async.py
[2024-11-09T19:28:07.548+0000] {logging_mixin.py:190} INFO - [2024-11-09T19:28:07.547+0000] {dag.py:3239} INFO - Sync 1 DAGs
[2024-11-09T19:28:07.567+0000] {logging_mixin.py:190} INFO - [2024-11-09T19:28:07.566+0000] {dag.py:4180} INFO - Setting next_dagrun for example_time_delta_sensor_async to None, run_after=None
[2024-11-09T19:28:07.611+0000] {processor.py:208} INFO - Processing /home/chirag/airflow/lib/python3.12/site-packages/airflow/example_dags/example_time_delta_sensor_async.py took 0.113 seconds
[2024-11-09T19:29:22.073+0000] {processor.py:186} INFO - Started process (PID=575) to work on /home/chirag/airflow/lib/python3.12/site-packages/airflow/example_dags/example_time_delta_sensor_async.py
[2024-11-09T19:29:22.076+0000] {processor.py:914} INFO - Processing file /home/chirag/airflow/lib/python3.12/site-packages/airflow/example_dags/example_time_delta_sensor_async.py for tasks to queue
[2024-11-09T19:29:22.079+0000] {logging_mixin.py:190} INFO - [2024-11-09T19:29:22.078+0000] {dagbag.py:588} INFO - Filling up the DagBag from /home/chirag/airflow/lib/python3.12/site-packages/airflow/example_dags/example_time_delta_sensor_async.py
[2024-11-09T19:29:22.089+0000] {processor.py:925} INFO - DAG(s) 'example_time_delta_sensor_async' retrieved from /home/chirag/airflow/lib/python3.12/site-packages/airflow/example_dags/example_time_delta_sensor_async.py
[2024-11-09T19:29:22.110+0000] {logging_mixin.py:190} INFO - [2024-11-09T19:29:22.110+0000] {dag.py:3239} INFO - Sync 1 DAGs
[2024-11-09T19:29:22.127+0000] {logging_mixin.py:190} INFO - [2024-11-09T19:29:22.127+0000] {dag.py:4180} INFO - Setting next_dagrun for example_time_delta_sensor_async to None, run_after=None
[2024-11-09T19:29:22.162+0000] {processor.py:208} INFO - Processing /home/chirag/airflow/lib/python3.12/site-packages/airflow/example_dags/example_time_delta_sensor_async.py took 0.097 seconds
[2024-11-09T19:30:40.335+0000] {processor.py:186} INFO - Started process (PID=650) to work on /home/chirag/airflow/lib/python3.12/site-packages/airflow/example_dags/example_time_delta_sensor_async.py
[2024-11-09T19:30:40.338+0000] {processor.py:914} INFO - Processing file /home/chirag/airflow/lib/python3.12/site-packages/airflow/example_dags/example_time_delta_sensor_async.py for tasks to queue
[2024-11-09T19:30:40.341+0000] {logging_mixin.py:190} INFO - [2024-11-09T19:30:40.341+0000] {dagbag.py:588} INFO - Filling up the DagBag from /home/chirag/airflow/lib/python3.12/site-packages/airflow/example_dags/example_time_delta_sensor_async.py
[2024-11-09T19:30:40.352+0000] {processor.py:925} INFO - DAG(s) 'example_time_delta_sensor_async' retrieved from /home/chirag/airflow/lib/python3.12/site-packages/airflow/example_dags/example_time_delta_sensor_async.py
[2024-11-09T19:30:40.373+0000] {logging_mixin.py:190} INFO - [2024-11-09T19:30:40.372+0000] {dag.py:3239} INFO - Sync 1 DAGs
[2024-11-09T19:30:40.391+0000] {logging_mixin.py:190} INFO - [2024-11-09T19:30:40.390+0000] {dag.py:4180} INFO - Setting next_dagrun for example_time_delta_sensor_async to None, run_after=None
[2024-11-09T19:30:40.426+0000] {processor.py:208} INFO - Processing /home/chirag/airflow/lib/python3.12/site-packages/airflow/example_dags/example_time_delta_sensor_async.py took 0.099 seconds
[2024-11-09T19:32:15.764+0000] {processor.py:186} INFO - Started process (PID=1259) to work on /home/chirag/airflow/lib/python3.12/site-packages/airflow/example_dags/example_time_delta_sensor_async.py
[2024-11-09T19:32:15.925+0000] {processor.py:914} INFO - Processing file /home/chirag/airflow/lib/python3.12/site-packages/airflow/example_dags/example_time_delta_sensor_async.py for tasks to queue
[2024-11-09T19:32:15.930+0000] {logging_mixin.py:190} INFO - [2024-11-09T19:32:15.929+0000] {dagbag.py:588} INFO - Filling up the DagBag from /home/chirag/airflow/lib/python3.12/site-packages/airflow/example_dags/example_time_delta_sensor_async.py
[2024-11-09T19:32:15.959+0000] {processor.py:925} INFO - DAG(s) 'example_time_delta_sensor_async' retrieved from /home/chirag/airflow/lib/python3.12/site-packages/airflow/example_dags/example_time_delta_sensor_async.py
[2024-11-09T19:32:16.023+0000] {logging_mixin.py:190} INFO - [2024-11-09T19:32:16.022+0000] {dag.py:3239} INFO - Sync 1 DAGs
[2024-11-09T19:32:16.090+0000] {logging_mixin.py:190} INFO - [2024-11-09T19:32:16.089+0000] {dag.py:4180} INFO - Setting next_dagrun for example_time_delta_sensor_async to None, run_after=None
[2024-11-09T19:32:16.255+0000] {processor.py:208} INFO - Processing /home/chirag/airflow/lib/python3.12/site-packages/airflow/example_dags/example_time_delta_sensor_async.py took 0.504 seconds
[2024-11-09T19:33:28.851+0000] {processor.py:186} INFO - Started process (PID=1866) to work on /home/chirag/airflow/lib/python3.12/site-packages/airflow/example_dags/example_time_delta_sensor_async.py
[2024-11-09T19:33:28.854+0000] {processor.py:914} INFO - Processing file /home/chirag/airflow/lib/python3.12/site-packages/airflow/example_dags/example_time_delta_sensor_async.py for tasks to queue
[2024-11-09T19:33:28.859+0000] {logging_mixin.py:190} INFO - [2024-11-09T19:33:28.858+0000] {dagbag.py:588} INFO - Filling up the DagBag from /home/chirag/airflow/lib/python3.12/site-packages/airflow/example_dags/example_time_delta_sensor_async.py
[2024-11-09T19:33:28.873+0000] {processor.py:925} INFO - DAG(s) 'example_time_delta_sensor_async' retrieved from /home/chirag/airflow/lib/python3.12/site-packages/airflow/example_dags/example_time_delta_sensor_async.py
[2024-11-09T19:33:28.900+0000] {logging_mixin.py:190} INFO - [2024-11-09T19:33:28.899+0000] {dag.py:3239} INFO - Sync 1 DAGs
[2024-11-09T19:33:28.926+0000] {logging_mixin.py:190} INFO - [2024-11-09T19:33:28.926+0000] {dag.py:4180} INFO - Setting next_dagrun for example_time_delta_sensor_async to None, run_after=None
[2024-11-09T19:33:29.006+0000] {processor.py:208} INFO - Processing /home/chirag/airflow/lib/python3.12/site-packages/airflow/example_dags/example_time_delta_sensor_async.py took 0.165 seconds
[2024-11-09T19:34:49.051+0000] {processor.py:186} INFO - Started process (PID=2430) to work on /home/chirag/airflow/lib/python3.12/site-packages/airflow/example_dags/example_time_delta_sensor_async.py
[2024-11-09T19:34:49.053+0000] {processor.py:914} INFO - Processing file /home/chirag/airflow/lib/python3.12/site-packages/airflow/example_dags/example_time_delta_sensor_async.py for tasks to queue
[2024-11-09T19:34:49.057+0000] {logging_mixin.py:190} INFO - [2024-11-09T19:34:49.056+0000] {dagbag.py:588} INFO - Filling up the DagBag from /home/chirag/airflow/lib/python3.12/site-packages/airflow/example_dags/example_time_delta_sensor_async.py
[2024-11-09T19:34:49.074+0000] {processor.py:925} INFO - DAG(s) 'example_time_delta_sensor_async' retrieved from /home/chirag/airflow/lib/python3.12/site-packages/airflow/example_dags/example_time_delta_sensor_async.py
[2024-11-09T19:34:49.300+0000] {logging_mixin.py:190} INFO - [2024-11-09T19:34:49.300+0000] {dag.py:3239} INFO - Sync 1 DAGs
[2024-11-09T19:34:49.321+0000] {logging_mixin.py:190} INFO - [2024-11-09T19:34:49.321+0000] {dag.py:4180} INFO - Setting next_dagrun for example_time_delta_sensor_async to None, run_after=None
[2024-11-09T19:34:49.362+0000] {processor.py:208} INFO - Processing /home/chirag/airflow/lib/python3.12/site-packages/airflow/example_dags/example_time_delta_sensor_async.py took 0.322 seconds
[2024-11-09T19:36:17.848+0000] {processor.py:186} INFO - Started process (PID=2790) to work on /home/chirag/airflow/lib/python3.12/site-packages/airflow/example_dags/example_time_delta_sensor_async.py
[2024-11-09T19:36:17.851+0000] {processor.py:914} INFO - Processing file /home/chirag/airflow/lib/python3.12/site-packages/airflow/example_dags/example_time_delta_sensor_async.py for tasks to queue
[2024-11-09T19:36:17.855+0000] {logging_mixin.py:190} INFO - [2024-11-09T19:36:17.855+0000] {dagbag.py:588} INFO - Filling up the DagBag from /home/chirag/airflow/lib/python3.12/site-packages/airflow/example_dags/example_time_delta_sensor_async.py
[2024-11-09T19:36:17.874+0000] {processor.py:925} INFO - DAG(s) 'example_time_delta_sensor_async' retrieved from /home/chirag/airflow/lib/python3.12/site-packages/airflow/example_dags/example_time_delta_sensor_async.py
[2024-11-09T19:36:17.915+0000] {logging_mixin.py:190} INFO - [2024-11-09T19:36:17.914+0000] {dag.py:3239} INFO - Sync 1 DAGs
[2024-11-09T19:36:17.937+0000] {logging_mixin.py:190} INFO - [2024-11-09T19:36:17.937+0000] {dag.py:4180} INFO - Setting next_dagrun for example_time_delta_sensor_async to None, run_after=None
[2024-11-09T19:36:17.971+0000] {processor.py:208} INFO - Processing /home/chirag/airflow/lib/python3.12/site-packages/airflow/example_dags/example_time_delta_sensor_async.py took 0.134 seconds
[2024-11-09T19:37:30.556+0000] {processor.py:186} INFO - Started process (PID=2990) to work on /home/chirag/airflow/lib/python3.12/site-packages/airflow/example_dags/example_time_delta_sensor_async.py
[2024-11-09T19:37:30.559+0000] {processor.py:914} INFO - Processing file /home/chirag/airflow/lib/python3.12/site-packages/airflow/example_dags/example_time_delta_sensor_async.py for tasks to queue
[2024-11-09T19:37:30.562+0000] {logging_mixin.py:190} INFO - [2024-11-09T19:37:30.562+0000] {dagbag.py:588} INFO - Filling up the DagBag from /home/chirag/airflow/lib/python3.12/site-packages/airflow/example_dags/example_time_delta_sensor_async.py
[2024-11-09T19:37:30.573+0000] {processor.py:925} INFO - DAG(s) 'example_time_delta_sensor_async' retrieved from /home/chirag/airflow/lib/python3.12/site-packages/airflow/example_dags/example_time_delta_sensor_async.py
[2024-11-09T19:37:30.595+0000] {logging_mixin.py:190} INFO - [2024-11-09T19:37:30.594+0000] {dag.py:3239} INFO - Sync 1 DAGs
[2024-11-09T19:37:30.612+0000] {logging_mixin.py:190} INFO - [2024-11-09T19:37:30.612+0000] {dag.py:4180} INFO - Setting next_dagrun for example_time_delta_sensor_async to None, run_after=None
[2024-11-09T19:37:30.652+0000] {processor.py:208} INFO - Processing /home/chirag/airflow/lib/python3.12/site-packages/airflow/example_dags/example_time_delta_sensor_async.py took 0.104 seconds
[2024-11-09T19:38:42.948+0000] {processor.py:186} INFO - Started process (PID=3377) to work on /home/chirag/airflow/lib/python3.12/site-packages/airflow/example_dags/example_time_delta_sensor_async.py
[2024-11-09T19:38:42.954+0000] {processor.py:914} INFO - Processing file /home/chirag/airflow/lib/python3.12/site-packages/airflow/example_dags/example_time_delta_sensor_async.py for tasks to queue
[2024-11-09T19:38:42.960+0000] {logging_mixin.py:190} INFO - [2024-11-09T19:38:42.959+0000] {dagbag.py:588} INFO - Filling up the DagBag from /home/chirag/airflow/lib/python3.12/site-packages/airflow/example_dags/example_time_delta_sensor_async.py
[2024-11-09T19:38:42.974+0000] {processor.py:925} INFO - DAG(s) 'example_time_delta_sensor_async' retrieved from /home/chirag/airflow/lib/python3.12/site-packages/airflow/example_dags/example_time_delta_sensor_async.py
[2024-11-09T19:38:43.010+0000] {logging_mixin.py:190} INFO - [2024-11-09T19:38:43.010+0000] {dag.py:3239} INFO - Sync 1 DAGs
[2024-11-09T19:38:43.033+0000] {logging_mixin.py:190} INFO - [2024-11-09T19:38:43.032+0000] {dag.py:4180} INFO - Setting next_dagrun for example_time_delta_sensor_async to None, run_after=None
[2024-11-09T19:38:43.072+0000] {processor.py:208} INFO - Processing /home/chirag/airflow/lib/python3.12/site-packages/airflow/example_dags/example_time_delta_sensor_async.py took 0.145 seconds
[2024-11-09T19:40:09.129+0000] {processor.py:186} INFO - Started process (PID=3611) to work on /home/chirag/airflow/lib/python3.12/site-packages/airflow/example_dags/example_time_delta_sensor_async.py
[2024-11-09T19:40:09.132+0000] {processor.py:914} INFO - Processing file /home/chirag/airflow/lib/python3.12/site-packages/airflow/example_dags/example_time_delta_sensor_async.py for tasks to queue
[2024-11-09T19:40:09.136+0000] {logging_mixin.py:190} INFO - [2024-11-09T19:40:09.135+0000] {dagbag.py:588} INFO - Filling up the DagBag from /home/chirag/airflow/lib/python3.12/site-packages/airflow/example_dags/example_time_delta_sensor_async.py
[2024-11-09T19:40:09.148+0000] {processor.py:925} INFO - DAG(s) 'example_time_delta_sensor_async' retrieved from /home/chirag/airflow/lib/python3.12/site-packages/airflow/example_dags/example_time_delta_sensor_async.py
[2024-11-09T19:40:09.182+0000] {logging_mixin.py:190} INFO - [2024-11-09T19:40:09.182+0000] {dag.py:3239} INFO - Sync 1 DAGs
[2024-11-09T19:40:09.203+0000] {logging_mixin.py:190} INFO - [2024-11-09T19:40:09.203+0000] {dag.py:4180} INFO - Setting next_dagrun for example_time_delta_sensor_async to None, run_after=None
[2024-11-09T19:40:09.243+0000] {processor.py:208} INFO - Processing /home/chirag/airflow/lib/python3.12/site-packages/airflow/example_dags/example_time_delta_sensor_async.py took 0.123 seconds
[2024-11-09T19:41:23.092+0000] {processor.py:186} INFO - Started process (PID=3814) to work on /home/chirag/airflow/lib/python3.12/site-packages/airflow/example_dags/example_time_delta_sensor_async.py
[2024-11-09T19:41:23.095+0000] {processor.py:914} INFO - Processing file /home/chirag/airflow/lib/python3.12/site-packages/airflow/example_dags/example_time_delta_sensor_async.py for tasks to queue
[2024-11-09T19:41:23.098+0000] {logging_mixin.py:190} INFO - [2024-11-09T19:41:23.098+0000] {dagbag.py:588} INFO - Filling up the DagBag from /home/chirag/airflow/lib/python3.12/site-packages/airflow/example_dags/example_time_delta_sensor_async.py
[2024-11-09T19:41:23.109+0000] {processor.py:925} INFO - DAG(s) 'example_time_delta_sensor_async' retrieved from /home/chirag/airflow/lib/python3.12/site-packages/airflow/example_dags/example_time_delta_sensor_async.py
[2024-11-09T19:41:23.131+0000] {logging_mixin.py:190} INFO - [2024-11-09T19:41:23.130+0000] {dag.py:3239} INFO - Sync 1 DAGs
[2024-11-09T19:41:23.149+0000] {logging_mixin.py:190} INFO - [2024-11-09T19:41:23.149+0000] {dag.py:4180} INFO - Setting next_dagrun for example_time_delta_sensor_async to None, run_after=None
[2024-11-09T19:41:23.189+0000] {processor.py:208} INFO - Processing /home/chirag/airflow/lib/python3.12/site-packages/airflow/example_dags/example_time_delta_sensor_async.py took 0.105 seconds
[2024-11-09T19:42:35.874+0000] {processor.py:186} INFO - Started process (PID=4023) to work on /home/chirag/airflow/lib/python3.12/site-packages/airflow/example_dags/example_time_delta_sensor_async.py
[2024-11-09T19:42:35.880+0000] {processor.py:914} INFO - Processing file /home/chirag/airflow/lib/python3.12/site-packages/airflow/example_dags/example_time_delta_sensor_async.py for tasks to queue
[2024-11-09T19:42:35.885+0000] {logging_mixin.py:190} INFO - [2024-11-09T19:42:35.884+0000] {dagbag.py:588} INFO - Filling up the DagBag from /home/chirag/airflow/lib/python3.12/site-packages/airflow/example_dags/example_time_delta_sensor_async.py
[2024-11-09T19:42:35.915+0000] {processor.py:925} INFO - DAG(s) 'example_time_delta_sensor_async' retrieved from /home/chirag/airflow/lib/python3.12/site-packages/airflow/example_dags/example_time_delta_sensor_async.py
[2024-11-09T19:42:35.969+0000] {logging_mixin.py:190} INFO - [2024-11-09T19:42:35.967+0000] {dag.py:3239} INFO - Sync 1 DAGs
[2024-11-09T19:42:35.998+0000] {logging_mixin.py:190} INFO - [2024-11-09T19:42:35.998+0000] {dag.py:4180} INFO - Setting next_dagrun for example_time_delta_sensor_async to None, run_after=None
[2024-11-09T19:42:36.034+0000] {processor.py:208} INFO - Processing /home/chirag/airflow/lib/python3.12/site-packages/airflow/example_dags/example_time_delta_sensor_async.py took 0.170 seconds
[2024-11-09T19:43:57.196+0000] {processor.py:186} INFO - Started process (PID=4259) to work on /home/chirag/airflow/lib/python3.12/site-packages/airflow/example_dags/example_time_delta_sensor_async.py
[2024-11-09T19:43:57.200+0000] {processor.py:914} INFO - Processing file /home/chirag/airflow/lib/python3.12/site-packages/airflow/example_dags/example_time_delta_sensor_async.py for tasks to queue
[2024-11-09T19:43:57.205+0000] {logging_mixin.py:190} INFO - [2024-11-09T19:43:57.204+0000] {dagbag.py:588} INFO - Filling up the DagBag from /home/chirag/airflow/lib/python3.12/site-packages/airflow/example_dags/example_time_delta_sensor_async.py
[2024-11-09T19:43:57.235+0000] {processor.py:925} INFO - DAG(s) 'example_time_delta_sensor_async' retrieved from /home/chirag/airflow/lib/python3.12/site-packages/airflow/example_dags/example_time_delta_sensor_async.py
[2024-11-09T19:43:57.288+0000] {logging_mixin.py:190} INFO - [2024-11-09T19:43:57.287+0000] {dag.py:3239} INFO - Sync 1 DAGs
[2024-11-09T19:43:57.330+0000] {logging_mixin.py:190} INFO - [2024-11-09T19:43:57.330+0000] {dag.py:4180} INFO - Setting next_dagrun for example_time_delta_sensor_async to None, run_after=None
[2024-11-09T19:43:57.380+0000] {processor.py:208} INFO - Processing /home/chirag/airflow/lib/python3.12/site-packages/airflow/example_dags/example_time_delta_sensor_async.py took 0.205 seconds
[2024-11-09T19:45:07.269+0000] {processor.py:186} INFO - Started process (PID=4464) to work on /home/chirag/airflow/lib/python3.12/site-packages/airflow/example_dags/example_time_delta_sensor_async.py
[2024-11-09T19:45:07.275+0000] {processor.py:914} INFO - Processing file /home/chirag/airflow/lib/python3.12/site-packages/airflow/example_dags/example_time_delta_sensor_async.py for tasks to queue
[2024-11-09T19:45:07.279+0000] {logging_mixin.py:190} INFO - [2024-11-09T19:45:07.278+0000] {dagbag.py:588} INFO - Filling up the DagBag from /home/chirag/airflow/lib/python3.12/site-packages/airflow/example_dags/example_time_delta_sensor_async.py
[2024-11-09T19:45:07.289+0000] {processor.py:925} INFO - DAG(s) 'example_time_delta_sensor_async' retrieved from /home/chirag/airflow/lib/python3.12/site-packages/airflow/example_dags/example_time_delta_sensor_async.py
[2024-11-09T19:45:07.311+0000] {logging_mixin.py:190} INFO - [2024-11-09T19:45:07.311+0000] {dag.py:3239} INFO - Sync 1 DAGs
[2024-11-09T19:45:07.329+0000] {logging_mixin.py:190} INFO - [2024-11-09T19:45:07.329+0000] {dag.py:4180} INFO - Setting next_dagrun for example_time_delta_sensor_async to None, run_after=None
[2024-11-09T19:45:07.367+0000] {processor.py:208} INFO - Processing /home/chirag/airflow/lib/python3.12/site-packages/airflow/example_dags/example_time_delta_sensor_async.py took 0.106 seconds
[2024-11-09T19:46:55.060+0000] {processor.py:186} INFO - Started process (PID=4802) to work on /home/chirag/airflow/lib/python3.12/site-packages/airflow/example_dags/example_time_delta_sensor_async.py
[2024-11-09T19:46:55.065+0000] {processor.py:914} INFO - Processing file /home/chirag/airflow/lib/python3.12/site-packages/airflow/example_dags/example_time_delta_sensor_async.py for tasks to queue
[2024-11-09T19:46:55.070+0000] {logging_mixin.py:190} INFO - [2024-11-09T19:46:55.069+0000] {dagbag.py:588} INFO - Filling up the DagBag from /home/chirag/airflow/lib/python3.12/site-packages/airflow/example_dags/example_time_delta_sensor_async.py
[2024-11-09T19:46:55.085+0000] {processor.py:925} INFO - DAG(s) 'example_time_delta_sensor_async' retrieved from /home/chirag/airflow/lib/python3.12/site-packages/airflow/example_dags/example_time_delta_sensor_async.py
[2024-11-09T19:46:55.112+0000] {logging_mixin.py:190} INFO - [2024-11-09T19:46:55.112+0000] {dag.py:3239} INFO - Sync 1 DAGs
[2024-11-09T19:46:55.131+0000] {logging_mixin.py:190} INFO - [2024-11-09T19:46:55.130+0000] {dag.py:4180} INFO - Setting next_dagrun for example_time_delta_sensor_async to None, run_after=None
[2024-11-09T19:46:55.168+0000] {processor.py:208} INFO - Processing /home/chirag/airflow/lib/python3.12/site-packages/airflow/example_dags/example_time_delta_sensor_async.py took 0.117 seconds
[2024-11-09T19:48:09.444+0000] {processor.py:186} INFO - Started process (PID=5026) to work on /home/chirag/airflow/lib/python3.12/site-packages/airflow/example_dags/example_time_delta_sensor_async.py
[2024-11-09T19:48:09.448+0000] {processor.py:914} INFO - Processing file /home/chirag/airflow/lib/python3.12/site-packages/airflow/example_dags/example_time_delta_sensor_async.py for tasks to queue
[2024-11-09T19:48:09.452+0000] {logging_mixin.py:190} INFO - [2024-11-09T19:48:09.451+0000] {dagbag.py:588} INFO - Filling up the DagBag from /home/chirag/airflow/lib/python3.12/site-packages/airflow/example_dags/example_time_delta_sensor_async.py
[2024-11-09T19:48:09.462+0000] {processor.py:925} INFO - DAG(s) 'example_time_delta_sensor_async' retrieved from /home/chirag/airflow/lib/python3.12/site-packages/airflow/example_dags/example_time_delta_sensor_async.py
[2024-11-09T19:48:09.484+0000] {logging_mixin.py:190} INFO - [2024-11-09T19:48:09.484+0000] {dag.py:3239} INFO - Sync 1 DAGs
[2024-11-09T19:48:09.502+0000] {logging_mixin.py:190} INFO - [2024-11-09T19:48:09.501+0000] {dag.py:4180} INFO - Setting next_dagrun for example_time_delta_sensor_async to None, run_after=None
[2024-11-09T19:48:09.540+0000] {processor.py:208} INFO - Processing /home/chirag/airflow/lib/python3.12/site-packages/airflow/example_dags/example_time_delta_sensor_async.py took 0.104 seconds
[2024-11-09T19:49:23.334+0000] {processor.py:186} INFO - Started process (PID=5243) to work on /home/chirag/airflow/lib/python3.12/site-packages/airflow/example_dags/example_time_delta_sensor_async.py
[2024-11-09T19:49:23.337+0000] {processor.py:914} INFO - Processing file /home/chirag/airflow/lib/python3.12/site-packages/airflow/example_dags/example_time_delta_sensor_async.py for tasks to queue
[2024-11-09T19:49:23.340+0000] {logging_mixin.py:190} INFO - [2024-11-09T19:49:23.340+0000] {dagbag.py:588} INFO - Filling up the DagBag from /home/chirag/airflow/lib/python3.12/site-packages/airflow/example_dags/example_time_delta_sensor_async.py
[2024-11-09T19:49:23.351+0000] {processor.py:925} INFO - DAG(s) 'example_time_delta_sensor_async' retrieved from /home/chirag/airflow/lib/python3.12/site-packages/airflow/example_dags/example_time_delta_sensor_async.py
[2024-11-09T19:49:23.373+0000] {logging_mixin.py:190} INFO - [2024-11-09T19:49:23.372+0000] {dag.py:3239} INFO - Sync 1 DAGs
[2024-11-09T19:49:23.393+0000] {logging_mixin.py:190} INFO - [2024-11-09T19:49:23.393+0000] {dag.py:4180} INFO - Setting next_dagrun for example_time_delta_sensor_async to None, run_after=None
[2024-11-09T19:49:23.433+0000] {processor.py:208} INFO - Processing /home/chirag/airflow/lib/python3.12/site-packages/airflow/example_dags/example_time_delta_sensor_async.py took 0.108 seconds
[2024-11-09T19:50:34.132+0000] {processor.py:186} INFO - Started process (PID=5671) to work on /home/chirag/airflow/lib/python3.12/site-packages/airflow/example_dags/example_time_delta_sensor_async.py
[2024-11-09T19:50:34.135+0000] {processor.py:914} INFO - Processing file /home/chirag/airflow/lib/python3.12/site-packages/airflow/example_dags/example_time_delta_sensor_async.py for tasks to queue
[2024-11-09T19:50:34.143+0000] {logging_mixin.py:190} INFO - [2024-11-09T19:50:34.141+0000] {dagbag.py:588} INFO - Filling up the DagBag from /home/chirag/airflow/lib/python3.12/site-packages/airflow/example_dags/example_time_delta_sensor_async.py
[2024-11-09T19:50:34.155+0000] {processor.py:925} INFO - DAG(s) 'example_time_delta_sensor_async' retrieved from /home/chirag/airflow/lib/python3.12/site-packages/airflow/example_dags/example_time_delta_sensor_async.py
[2024-11-09T19:50:34.179+0000] {logging_mixin.py:190} INFO - [2024-11-09T19:50:34.178+0000] {dag.py:3239} INFO - Sync 1 DAGs
[2024-11-09T19:50:34.196+0000] {logging_mixin.py:190} INFO - [2024-11-09T19:50:34.196+0000] {dag.py:4180} INFO - Setting next_dagrun for example_time_delta_sensor_async to None, run_after=None
[2024-11-09T19:50:34.232+0000] {processor.py:208} INFO - Processing /home/chirag/airflow/lib/python3.12/site-packages/airflow/example_dags/example_time_delta_sensor_async.py took 0.124 seconds
[2024-11-09T19:51:49.616+0000] {processor.py:186} INFO - Started process (PID=6247) to work on /home/chirag/airflow/lib/python3.12/site-packages/airflow/example_dags/example_time_delta_sensor_async.py
[2024-11-09T19:51:49.627+0000] {processor.py:914} INFO - Processing file /home/chirag/airflow/lib/python3.12/site-packages/airflow/example_dags/example_time_delta_sensor_async.py for tasks to queue
[2024-11-09T19:51:49.634+0000] {logging_mixin.py:190} INFO - [2024-11-09T19:51:49.633+0000] {dagbag.py:588} INFO - Filling up the DagBag from /home/chirag/airflow/lib/python3.12/site-packages/airflow/example_dags/example_time_delta_sensor_async.py
[2024-11-09T19:51:49.696+0000] {processor.py:925} INFO - DAG(s) 'example_time_delta_sensor_async' retrieved from /home/chirag/airflow/lib/python3.12/site-packages/airflow/example_dags/example_time_delta_sensor_async.py
[2024-11-09T19:51:49.798+0000] {logging_mixin.py:190} INFO - [2024-11-09T19:51:49.797+0000] {dag.py:3239} INFO - Sync 1 DAGs
[2024-11-09T19:51:49.838+0000] {logging_mixin.py:190} INFO - [2024-11-09T19:51:49.838+0000] {dag.py:4180} INFO - Setting next_dagrun for example_time_delta_sensor_async to None, run_after=None
[2024-11-09T19:51:49.977+0000] {processor.py:208} INFO - Processing /home/chirag/airflow/lib/python3.12/site-packages/airflow/example_dags/example_time_delta_sensor_async.py took 0.421 seconds
[2024-11-09T19:53:38.769+0000] {processor.py:186} INFO - Started process (PID=6767) to work on /home/chirag/airflow/lib/python3.12/site-packages/airflow/example_dags/example_time_delta_sensor_async.py
[2024-11-09T19:53:38.772+0000] {processor.py:914} INFO - Processing file /home/chirag/airflow/lib/python3.12/site-packages/airflow/example_dags/example_time_delta_sensor_async.py for tasks to queue
[2024-11-09T19:53:38.776+0000] {logging_mixin.py:190} INFO - [2024-11-09T19:53:38.775+0000] {dagbag.py:588} INFO - Filling up the DagBag from /home/chirag/airflow/lib/python3.12/site-packages/airflow/example_dags/example_time_delta_sensor_async.py
[2024-11-09T19:53:38.792+0000] {processor.py:925} INFO - DAG(s) 'example_time_delta_sensor_async' retrieved from /home/chirag/airflow/lib/python3.12/site-packages/airflow/example_dags/example_time_delta_sensor_async.py
[2024-11-09T19:53:38.822+0000] {logging_mixin.py:190} INFO - [2024-11-09T19:53:38.822+0000] {dag.py:3239} INFO - Sync 1 DAGs
[2024-11-09T19:53:38.861+0000] {logging_mixin.py:190} INFO - [2024-11-09T19:53:38.860+0000] {dag.py:4180} INFO - Setting next_dagrun for example_time_delta_sensor_async to None, run_after=None
[2024-11-09T19:53:38.939+0000] {processor.py:208} INFO - Processing /home/chirag/airflow/lib/python3.12/site-packages/airflow/example_dags/example_time_delta_sensor_async.py took 0.181 seconds
[2024-11-09T19:54:52.190+0000] {processor.py:186} INFO - Started process (PID=7367) to work on /home/chirag/airflow/lib/python3.12/site-packages/airflow/example_dags/example_time_delta_sensor_async.py
[2024-11-09T19:54:52.193+0000] {processor.py:914} INFO - Processing file /home/chirag/airflow/lib/python3.12/site-packages/airflow/example_dags/example_time_delta_sensor_async.py for tasks to queue
[2024-11-09T19:54:52.196+0000] {logging_mixin.py:190} INFO - [2024-11-09T19:54:52.195+0000] {dagbag.py:588} INFO - Filling up the DagBag from /home/chirag/airflow/lib/python3.12/site-packages/airflow/example_dags/example_time_delta_sensor_async.py
[2024-11-09T19:54:52.206+0000] {processor.py:925} INFO - DAG(s) 'example_time_delta_sensor_async' retrieved from /home/chirag/airflow/lib/python3.12/site-packages/airflow/example_dags/example_time_delta_sensor_async.py
[2024-11-09T19:54:52.230+0000] {logging_mixin.py:190} INFO - [2024-11-09T19:54:52.230+0000] {dag.py:3239} INFO - Sync 1 DAGs
[2024-11-09T19:54:52.249+0000] {logging_mixin.py:190} INFO - [2024-11-09T19:54:52.248+0000] {dag.py:4180} INFO - Setting next_dagrun for example_time_delta_sensor_async to None, run_after=None
[2024-11-09T19:54:52.287+0000] {processor.py:208} INFO - Processing /home/chirag/airflow/lib/python3.12/site-packages/airflow/example_dags/example_time_delta_sensor_async.py took 0.106 seconds
[2024-11-09T19:56:13.601+0000] {processor.py:186} INFO - Started process (PID=7907) to work on /home/chirag/airflow/lib/python3.12/site-packages/airflow/example_dags/example_time_delta_sensor_async.py
[2024-11-09T19:56:13.605+0000] {processor.py:914} INFO - Processing file /home/chirag/airflow/lib/python3.12/site-packages/airflow/example_dags/example_time_delta_sensor_async.py for tasks to queue
[2024-11-09T19:56:13.614+0000] {logging_mixin.py:190} INFO - [2024-11-09T19:56:13.612+0000] {dagbag.py:588} INFO - Filling up the DagBag from /home/chirag/airflow/lib/python3.12/site-packages/airflow/example_dags/example_time_delta_sensor_async.py
[2024-11-09T19:56:13.632+0000] {processor.py:925} INFO - DAG(s) 'example_time_delta_sensor_async' retrieved from /home/chirag/airflow/lib/python3.12/site-packages/airflow/example_dags/example_time_delta_sensor_async.py
[2024-11-09T19:56:13.696+0000] {logging_mixin.py:190} INFO - [2024-11-09T19:56:13.696+0000] {dag.py:3239} INFO - Sync 1 DAGs
[2024-11-09T19:56:13.743+0000] {logging_mixin.py:190} INFO - [2024-11-09T19:56:13.742+0000] {dag.py:4180} INFO - Setting next_dagrun for example_time_delta_sensor_async to None, run_after=None
[2024-11-09T19:56:13.863+0000] {processor.py:208} INFO - Processing /home/chirag/airflow/lib/python3.12/site-packages/airflow/example_dags/example_time_delta_sensor_async.py took 0.279 seconds
[2024-11-09T19:58:14.499+0000] {processor.py:186} INFO - Started process (PID=8396) to work on /home/chirag/airflow/lib/python3.12/site-packages/airflow/example_dags/example_time_delta_sensor_async.py
[2024-11-09T19:58:14.502+0000] {processor.py:914} INFO - Processing file /home/chirag/airflow/lib/python3.12/site-packages/airflow/example_dags/example_time_delta_sensor_async.py for tasks to queue
[2024-11-09T19:58:14.505+0000] {logging_mixin.py:190} INFO - [2024-11-09T19:58:14.505+0000] {dagbag.py:588} INFO - Filling up the DagBag from /home/chirag/airflow/lib/python3.12/site-packages/airflow/example_dags/example_time_delta_sensor_async.py
[2024-11-09T19:58:14.518+0000] {processor.py:925} INFO - DAG(s) 'example_time_delta_sensor_async' retrieved from /home/chirag/airflow/lib/python3.12/site-packages/airflow/example_dags/example_time_delta_sensor_async.py
[2024-11-09T19:58:14.542+0000] {logging_mixin.py:190} INFO - [2024-11-09T19:58:14.541+0000] {dag.py:3239} INFO - Sync 1 DAGs
[2024-11-09T19:58:14.563+0000] {logging_mixin.py:190} INFO - [2024-11-09T19:58:14.563+0000] {dag.py:4180} INFO - Setting next_dagrun for example_time_delta_sensor_async to None, run_after=None
[2024-11-09T19:58:14.602+0000] {processor.py:208} INFO - Processing /home/chirag/airflow/lib/python3.12/site-packages/airflow/example_dags/example_time_delta_sensor_async.py took 0.115 seconds
[2024-11-09T20:22:50.182+0000] {processor.py:186} INFO - Started process (PID=12715) to work on /home/chirag/airflow/lib/python3.12/site-packages/airflow/example_dags/example_time_delta_sensor_async.py
[2024-11-09T20:22:50.186+0000] {processor.py:914} INFO - Processing file /home/chirag/airflow/lib/python3.12/site-packages/airflow/example_dags/example_time_delta_sensor_async.py for tasks to queue
[2024-11-09T20:22:50.191+0000] {logging_mixin.py:190} INFO - [2024-11-09T20:22:50.190+0000] {dagbag.py:588} INFO - Filling up the DagBag from /home/chirag/airflow/lib/python3.12/site-packages/airflow/example_dags/example_time_delta_sensor_async.py
[2024-11-09T20:22:50.202+0000] {processor.py:925} INFO - DAG(s) 'example_time_delta_sensor_async' retrieved from /home/chirag/airflow/lib/python3.12/site-packages/airflow/example_dags/example_time_delta_sensor_async.py
[2024-11-09T20:22:50.238+0000] {logging_mixin.py:190} INFO - [2024-11-09T20:22:50.236+0000] {dag.py:3239} INFO - Sync 1 DAGs
[2024-11-09T20:22:50.274+0000] {logging_mixin.py:190} INFO - [2024-11-09T20:22:50.273+0000] {dag.py:4180} INFO - Setting next_dagrun for example_time_delta_sensor_async to None, run_after=None
[2024-11-09T20:22:50.329+0000] {processor.py:208} INFO - Processing /home/chirag/airflow/lib/python3.12/site-packages/airflow/example_dags/example_time_delta_sensor_async.py took 0.157 seconds
[2024-11-09T20:24:06.626+0000] {processor.py:186} INFO - Started process (PID=12931) to work on /home/chirag/airflow/lib/python3.12/site-packages/airflow/example_dags/example_time_delta_sensor_async.py
[2024-11-09T20:24:06.632+0000] {processor.py:914} INFO - Processing file /home/chirag/airflow/lib/python3.12/site-packages/airflow/example_dags/example_time_delta_sensor_async.py for tasks to queue
[2024-11-09T20:24:06.635+0000] {logging_mixin.py:190} INFO - [2024-11-09T20:24:06.634+0000] {dagbag.py:588} INFO - Filling up the DagBag from /home/chirag/airflow/lib/python3.12/site-packages/airflow/example_dags/example_time_delta_sensor_async.py
[2024-11-09T20:24:06.646+0000] {processor.py:925} INFO - DAG(s) 'example_time_delta_sensor_async' retrieved from /home/chirag/airflow/lib/python3.12/site-packages/airflow/example_dags/example_time_delta_sensor_async.py
[2024-11-09T20:24:06.667+0000] {logging_mixin.py:190} INFO - [2024-11-09T20:24:06.666+0000] {dag.py:3239} INFO - Sync 1 DAGs
[2024-11-09T20:24:06.684+0000] {logging_mixin.py:190} INFO - [2024-11-09T20:24:06.684+0000] {dag.py:4180} INFO - Setting next_dagrun for example_time_delta_sensor_async to None, run_after=None
[2024-11-09T20:24:06.723+0000] {processor.py:208} INFO - Processing /home/chirag/airflow/lib/python3.12/site-packages/airflow/example_dags/example_time_delta_sensor_async.py took 0.105 seconds
[2024-11-09T20:25:23.059+0000] {processor.py:186} INFO - Started process (PID=13147) to work on /home/chirag/airflow/lib/python3.12/site-packages/airflow/example_dags/example_time_delta_sensor_async.py
[2024-11-09T20:25:23.063+0000] {processor.py:914} INFO - Processing file /home/chirag/airflow/lib/python3.12/site-packages/airflow/example_dags/example_time_delta_sensor_async.py for tasks to queue
[2024-11-09T20:25:23.067+0000] {logging_mixin.py:190} INFO - [2024-11-09T20:25:23.066+0000] {dagbag.py:588} INFO - Filling up the DagBag from /home/chirag/airflow/lib/python3.12/site-packages/airflow/example_dags/example_time_delta_sensor_async.py
[2024-11-09T20:25:23.081+0000] {processor.py:925} INFO - DAG(s) 'example_time_delta_sensor_async' retrieved from /home/chirag/airflow/lib/python3.12/site-packages/airflow/example_dags/example_time_delta_sensor_async.py
[2024-11-09T20:25:23.106+0000] {logging_mixin.py:190} INFO - [2024-11-09T20:25:23.106+0000] {dag.py:3239} INFO - Sync 1 DAGs
[2024-11-09T20:25:23.126+0000] {logging_mixin.py:190} INFO - [2024-11-09T20:25:23.126+0000] {dag.py:4180} INFO - Setting next_dagrun for example_time_delta_sensor_async to None, run_after=None
[2024-11-09T20:25:23.356+0000] {processor.py:208} INFO - Processing /home/chirag/airflow/lib/python3.12/site-packages/airflow/example_dags/example_time_delta_sensor_async.py took 0.307 seconds
[2024-11-09T20:26:49.903+0000] {processor.py:186} INFO - Started process (PID=13697) to work on /home/chirag/airflow/lib/python3.12/site-packages/airflow/example_dags/example_time_delta_sensor_async.py
[2024-11-09T20:26:49.931+0000] {processor.py:914} INFO - Processing file /home/chirag/airflow/lib/python3.12/site-packages/airflow/example_dags/example_time_delta_sensor_async.py for tasks to queue
[2024-11-09T20:26:49.938+0000] {logging_mixin.py:190} INFO - [2024-11-09T20:26:49.937+0000] {dagbag.py:588} INFO - Filling up the DagBag from /home/chirag/airflow/lib/python3.12/site-packages/airflow/example_dags/example_time_delta_sensor_async.py
[2024-11-09T20:26:49.986+0000] {processor.py:925} INFO - DAG(s) 'example_time_delta_sensor_async' retrieved from /home/chirag/airflow/lib/python3.12/site-packages/airflow/example_dags/example_time_delta_sensor_async.py
[2024-11-09T20:26:50.142+0000] {logging_mixin.py:190} INFO - [2024-11-09T20:26:50.142+0000] {dag.py:3239} INFO - Sync 1 DAGs
[2024-11-09T20:26:50.249+0000] {logging_mixin.py:190} INFO - [2024-11-09T20:26:50.249+0000] {dag.py:4180} INFO - Setting next_dagrun for example_time_delta_sensor_async to None, run_after=None
[2024-11-09T20:26:50.507+0000] {processor.py:208} INFO - Processing /home/chirag/airflow/lib/python3.12/site-packages/airflow/example_dags/example_time_delta_sensor_async.py took 0.653 seconds
[2024-11-09T20:28:27.914+0000] {processor.py:186} INFO - Started process (PID=14187) to work on /home/chirag/airflow/lib/python3.12/site-packages/airflow/example_dags/example_time_delta_sensor_async.py
[2024-11-09T20:28:27.918+0000] {processor.py:914} INFO - Processing file /home/chirag/airflow/lib/python3.12/site-packages/airflow/example_dags/example_time_delta_sensor_async.py for tasks to queue
[2024-11-09T20:28:27.922+0000] {logging_mixin.py:190} INFO - [2024-11-09T20:28:27.921+0000] {dagbag.py:588} INFO - Filling up the DagBag from /home/chirag/airflow/lib/python3.12/site-packages/airflow/example_dags/example_time_delta_sensor_async.py
[2024-11-09T20:28:27.937+0000] {processor.py:925} INFO - DAG(s) 'example_time_delta_sensor_async' retrieved from /home/chirag/airflow/lib/python3.12/site-packages/airflow/example_dags/example_time_delta_sensor_async.py
[2024-11-09T20:28:27.967+0000] {logging_mixin.py:190} INFO - [2024-11-09T20:28:27.967+0000] {dag.py:3239} INFO - Sync 1 DAGs
[2024-11-09T20:28:27.989+0000] {logging_mixin.py:190} INFO - [2024-11-09T20:28:27.989+0000] {dag.py:4180} INFO - Setting next_dagrun for example_time_delta_sensor_async to None, run_after=None
[2024-11-09T20:28:28.039+0000] {processor.py:208} INFO - Processing /home/chirag/airflow/lib/python3.12/site-packages/airflow/example_dags/example_time_delta_sensor_async.py took 0.136 seconds
