[2024-11-09T19:17:34.108+0000] {processor.py:186} INFO - Started process (PID=94701) to work on /home/chirag/airflow/lib/python3.12/site-packages/airflow/example_dags/example_dynamic_task_mapping_with_no_taskflow_operators.py
[2024-11-09T19:17:34.110+0000] {processor.py:914} INFO - Processing file /home/chirag/airflow/lib/python3.12/site-packages/airflow/example_dags/example_dynamic_task_mapping_with_no_taskflow_operators.py for tasks to queue
[2024-11-09T19:17:34.115+0000] {logging_mixin.py:190} INFO - [2024-11-09T19:17:34.114+0000] {dagbag.py:588} INFO - Filling up the DagBag from /home/chirag/airflow/lib/python3.12/site-packages/airflow/example_dags/example_dynamic_task_mapping_with_no_taskflow_operators.py
[2024-11-09T19:17:34.131+0000] {processor.py:925} INFO - DAG(s) 'example_dynamic_task_mapping_with_no_taskflow_operators' retrieved from /home/chirag/airflow/lib/python3.12/site-packages/airflow/example_dags/example_dynamic_task_mapping_with_no_taskflow_operators.py
[2024-11-09T19:17:34.489+0000] {logging_mixin.py:190} INFO - [2024-11-09T19:17:34.488+0000] {override.py:1911} INFO - Created Permission View: can delete on DAG:example_dynamic_task_mapping_with_no_taskflow_operators
[2024-11-09T19:17:34.513+0000] {logging_mixin.py:190} INFO - [2024-11-09T19:17:34.512+0000] {override.py:1911} INFO - Created Permission View: can read on DAG:example_dynamic_task_mapping_with_no_taskflow_operators
[2024-11-09T19:17:34.543+0000] {logging_mixin.py:190} INFO - [2024-11-09T19:17:34.542+0000] {override.py:1911} INFO - Created Permission View: can edit on DAG:example_dynamic_task_mapping_with_no_taskflow_operators
[2024-11-09T19:17:34.584+0000] {logging_mixin.py:190} INFO - [2024-11-09T19:17:34.583+0000] {override.py:1911} INFO - Created Permission View: menu access on DAG Run:example_dynamic_task_mapping_with_no_taskflow_operators
[2024-11-09T19:17:34.601+0000] {logging_mixin.py:190} INFO - [2024-11-09T19:17:34.600+0000] {override.py:1911} INFO - Created Permission View: can delete on DAG Run:example_dynamic_task_mapping_with_no_taskflow_operators
[2024-11-09T19:17:34.626+0000] {logging_mixin.py:190} INFO - [2024-11-09T19:17:34.625+0000] {override.py:1911} INFO - Created Permission View: can read on DAG Run:example_dynamic_task_mapping_with_no_taskflow_operators
[2024-11-09T19:17:34.670+0000] {logging_mixin.py:190} INFO - [2024-11-09T19:17:34.669+0000] {override.py:1911} INFO - Created Permission View: can create on DAG Run:example_dynamic_task_mapping_with_no_taskflow_operators
[2024-11-09T19:17:34.671+0000] {logging_mixin.py:190} INFO - [2024-11-09T19:17:34.671+0000] {dag.py:3239} INFO - Sync 1 DAGs
[2024-11-09T19:17:34.754+0000] {logging_mixin.py:190} INFO - [2024-11-09T19:17:34.754+0000] {dag.py:3262} INFO - Creating ORM DAG for example_dynamic_task_mapping_with_no_taskflow_operators
[2024-11-09T19:17:34.756+0000] {logging_mixin.py:190} INFO - [2024-11-09T19:17:34.755+0000] {dag.py:4180} INFO - Setting next_dagrun for example_dynamic_task_mapping_with_no_taskflow_operators to None, run_after=None
[2024-11-09T19:17:35.263+0000] {processor.py:208} INFO - Processing /home/chirag/airflow/lib/python3.12/site-packages/airflow/example_dags/example_dynamic_task_mapping_with_no_taskflow_operators.py took 1.163 seconds
[2024-11-09T19:28:18.939+0000] {processor.py:186} INFO - Started process (PID=497) to work on /home/chirag/airflow/lib/python3.12/site-packages/airflow/example_dags/example_dynamic_task_mapping_with_no_taskflow_operators.py
[2024-11-09T19:28:18.968+0000] {processor.py:914} INFO - Processing file /home/chirag/airflow/lib/python3.12/site-packages/airflow/example_dags/example_dynamic_task_mapping_with_no_taskflow_operators.py for tasks to queue
[2024-11-09T19:28:18.973+0000] {logging_mixin.py:190} INFO - [2024-11-09T19:28:18.972+0000] {dagbag.py:588} INFO - Filling up the DagBag from /home/chirag/airflow/lib/python3.12/site-packages/airflow/example_dags/example_dynamic_task_mapping_with_no_taskflow_operators.py
[2024-11-09T19:28:19.021+0000] {processor.py:925} INFO - DAG(s) 'example_dynamic_task_mapping_with_no_taskflow_operators' retrieved from /home/chirag/airflow/lib/python3.12/site-packages/airflow/example_dags/example_dynamic_task_mapping_with_no_taskflow_operators.py
[2024-11-09T19:28:19.109+0000] {logging_mixin.py:190} INFO - [2024-11-09T19:28:19.109+0000] {dag.py:3239} INFO - Sync 1 DAGs
[2024-11-09T19:28:19.193+0000] {logging_mixin.py:190} INFO - [2024-11-09T19:28:19.192+0000] {dag.py:4180} INFO - Setting next_dagrun for example_dynamic_task_mapping_with_no_taskflow_operators to None, run_after=None
[2024-11-09T19:28:19.235+0000] {processor.py:208} INFO - Processing /home/chirag/airflow/lib/python3.12/site-packages/airflow/example_dags/example_dynamic_task_mapping_with_no_taskflow_operators.py took 0.329 seconds
[2024-11-09T19:29:32.923+0000] {processor.py:186} INFO - Started process (PID=587) to work on /home/chirag/airflow/lib/python3.12/site-packages/airflow/example_dags/example_dynamic_task_mapping_with_no_taskflow_operators.py
[2024-11-09T19:29:32.926+0000] {processor.py:914} INFO - Processing file /home/chirag/airflow/lib/python3.12/site-packages/airflow/example_dags/example_dynamic_task_mapping_with_no_taskflow_operators.py for tasks to queue
[2024-11-09T19:29:32.929+0000] {logging_mixin.py:190} INFO - [2024-11-09T19:29:32.928+0000] {dagbag.py:588} INFO - Filling up the DagBag from /home/chirag/airflow/lib/python3.12/site-packages/airflow/example_dags/example_dynamic_task_mapping_with_no_taskflow_operators.py
[2024-11-09T19:29:32.940+0000] {processor.py:925} INFO - DAG(s) 'example_dynamic_task_mapping_with_no_taskflow_operators' retrieved from /home/chirag/airflow/lib/python3.12/site-packages/airflow/example_dags/example_dynamic_task_mapping_with_no_taskflow_operators.py
[2024-11-09T19:29:32.962+0000] {logging_mixin.py:190} INFO - [2024-11-09T19:29:32.961+0000] {dag.py:3239} INFO - Sync 1 DAGs
[2024-11-09T19:29:32.978+0000] {logging_mixin.py:190} INFO - [2024-11-09T19:29:32.978+0000] {dag.py:4180} INFO - Setting next_dagrun for example_dynamic_task_mapping_with_no_taskflow_operators to None, run_after=None
[2024-11-09T19:29:33.012+0000] {processor.py:208} INFO - Processing /home/chirag/airflow/lib/python3.12/site-packages/airflow/example_dags/example_dynamic_task_mapping_with_no_taskflow_operators.py took 0.097 seconds
[2024-11-09T19:30:53.099+0000] {processor.py:186} INFO - Started process (PID=660) to work on /home/chirag/airflow/lib/python3.12/site-packages/airflow/example_dags/example_dynamic_task_mapping_with_no_taskflow_operators.py
[2024-11-09T19:30:53.102+0000] {processor.py:914} INFO - Processing file /home/chirag/airflow/lib/python3.12/site-packages/airflow/example_dags/example_dynamic_task_mapping_with_no_taskflow_operators.py for tasks to queue
[2024-11-09T19:30:53.105+0000] {logging_mixin.py:190} INFO - [2024-11-09T19:30:53.105+0000] {dagbag.py:588} INFO - Filling up the DagBag from /home/chirag/airflow/lib/python3.12/site-packages/airflow/example_dags/example_dynamic_task_mapping_with_no_taskflow_operators.py
[2024-11-09T19:30:53.117+0000] {processor.py:925} INFO - DAG(s) 'example_dynamic_task_mapping_with_no_taskflow_operators' retrieved from /home/chirag/airflow/lib/python3.12/site-packages/airflow/example_dags/example_dynamic_task_mapping_with_no_taskflow_operators.py
[2024-11-09T19:30:53.138+0000] {logging_mixin.py:190} INFO - [2024-11-09T19:30:53.138+0000] {dag.py:3239} INFO - Sync 1 DAGs
[2024-11-09T19:30:53.155+0000] {logging_mixin.py:190} INFO - [2024-11-09T19:30:53.155+0000] {dag.py:4180} INFO - Setting next_dagrun for example_dynamic_task_mapping_with_no_taskflow_operators to None, run_after=None
[2024-11-09T19:30:53.188+0000] {processor.py:208} INFO - Processing /home/chirag/airflow/lib/python3.12/site-packages/airflow/example_dags/example_dynamic_task_mapping_with_no_taskflow_operators.py took 0.097 seconds
[2024-11-09T19:32:31.805+0000] {processor.py:186} INFO - Started process (PID=1482) to work on /home/chirag/airflow/lib/python3.12/site-packages/airflow/example_dags/example_dynamic_task_mapping_with_no_taskflow_operators.py
[2024-11-09T19:32:31.808+0000] {processor.py:914} INFO - Processing file /home/chirag/airflow/lib/python3.12/site-packages/airflow/example_dags/example_dynamic_task_mapping_with_no_taskflow_operators.py for tasks to queue
[2024-11-09T19:32:31.814+0000] {logging_mixin.py:190} INFO - [2024-11-09T19:32:31.813+0000] {dagbag.py:588} INFO - Filling up the DagBag from /home/chirag/airflow/lib/python3.12/site-packages/airflow/example_dags/example_dynamic_task_mapping_with_no_taskflow_operators.py
[2024-11-09T19:32:31.833+0000] {processor.py:925} INFO - DAG(s) 'example_dynamic_task_mapping_with_no_taskflow_operators' retrieved from /home/chirag/airflow/lib/python3.12/site-packages/airflow/example_dags/example_dynamic_task_mapping_with_no_taskflow_operators.py
[2024-11-09T19:32:31.867+0000] {logging_mixin.py:190} INFO - [2024-11-09T19:32:31.866+0000] {dag.py:3239} INFO - Sync 1 DAGs
[2024-11-09T19:32:31.901+0000] {logging_mixin.py:190} INFO - [2024-11-09T19:32:31.901+0000] {dag.py:4180} INFO - Setting next_dagrun for example_dynamic_task_mapping_with_no_taskflow_operators to None, run_after=None
[2024-11-09T19:32:31.970+0000] {processor.py:208} INFO - Processing /home/chirag/airflow/lib/python3.12/site-packages/airflow/example_dags/example_dynamic_task_mapping_with_no_taskflow_operators.py took 0.181 seconds
[2024-11-09T19:33:55.752+0000] {processor.py:186} INFO - Started process (PID=2049) to work on /home/chirag/airflow/lib/python3.12/site-packages/airflow/example_dags/example_dynamic_task_mapping_with_no_taskflow_operators.py
[2024-11-09T19:33:55.762+0000] {processor.py:914} INFO - Processing file /home/chirag/airflow/lib/python3.12/site-packages/airflow/example_dags/example_dynamic_task_mapping_with_no_taskflow_operators.py for tasks to queue
[2024-11-09T19:33:55.765+0000] {logging_mixin.py:190} INFO - [2024-11-09T19:33:55.765+0000] {dagbag.py:588} INFO - Filling up the DagBag from /home/chirag/airflow/lib/python3.12/site-packages/airflow/example_dags/example_dynamic_task_mapping_with_no_taskflow_operators.py
[2024-11-09T19:33:55.777+0000] {processor.py:925} INFO - DAG(s) 'example_dynamic_task_mapping_with_no_taskflow_operators' retrieved from /home/chirag/airflow/lib/python3.12/site-packages/airflow/example_dags/example_dynamic_task_mapping_with_no_taskflow_operators.py
[2024-11-09T19:33:55.803+0000] {logging_mixin.py:190} INFO - [2024-11-09T19:33:55.802+0000] {dag.py:3239} INFO - Sync 1 DAGs
[2024-11-09T19:33:55.852+0000] {logging_mixin.py:190} INFO - [2024-11-09T19:33:55.851+0000] {dag.py:4180} INFO - Setting next_dagrun for example_dynamic_task_mapping_with_no_taskflow_operators to None, run_after=None
[2024-11-09T19:33:55.918+0000] {processor.py:208} INFO - Processing /home/chirag/airflow/lib/python3.12/site-packages/airflow/example_dags/example_dynamic_task_mapping_with_no_taskflow_operators.py took 0.178 seconds
[2024-11-09T19:35:21.062+0000] {processor.py:186} INFO - Started process (PID=2639) to work on /home/chirag/airflow/lib/python3.12/site-packages/airflow/example_dags/example_dynamic_task_mapping_with_no_taskflow_operators.py
[2024-11-09T19:35:21.065+0000] {processor.py:914} INFO - Processing file /home/chirag/airflow/lib/python3.12/site-packages/airflow/example_dags/example_dynamic_task_mapping_with_no_taskflow_operators.py for tasks to queue
[2024-11-09T19:35:21.069+0000] {logging_mixin.py:190} INFO - [2024-11-09T19:35:21.068+0000] {dagbag.py:588} INFO - Filling up the DagBag from /home/chirag/airflow/lib/python3.12/site-packages/airflow/example_dags/example_dynamic_task_mapping_with_no_taskflow_operators.py
[2024-11-09T19:35:21.087+0000] {processor.py:925} INFO - DAG(s) 'example_dynamic_task_mapping_with_no_taskflow_operators' retrieved from /home/chirag/airflow/lib/python3.12/site-packages/airflow/example_dags/example_dynamic_task_mapping_with_no_taskflow_operators.py
[2024-11-09T19:35:21.121+0000] {logging_mixin.py:190} INFO - [2024-11-09T19:35:21.120+0000] {dag.py:3239} INFO - Sync 1 DAGs
[2024-11-09T19:35:21.173+0000] {logging_mixin.py:190} INFO - [2024-11-09T19:35:21.172+0000] {dag.py:4180} INFO - Setting next_dagrun for example_dynamic_task_mapping_with_no_taskflow_operators to None, run_after=None
[2024-11-09T19:35:21.237+0000] {processor.py:208} INFO - Processing /home/chirag/airflow/lib/python3.12/site-packages/airflow/example_dags/example_dynamic_task_mapping_with_no_taskflow_operators.py took 0.189 seconds
[2024-11-09T19:36:45.410+0000] {processor.py:186} INFO - Started process (PID=2864) to work on /home/chirag/airflow/lib/python3.12/site-packages/airflow/example_dags/example_dynamic_task_mapping_with_no_taskflow_operators.py
[2024-11-09T19:36:45.413+0000] {processor.py:914} INFO - Processing file /home/chirag/airflow/lib/python3.12/site-packages/airflow/example_dags/example_dynamic_task_mapping_with_no_taskflow_operators.py for tasks to queue
[2024-11-09T19:36:45.416+0000] {logging_mixin.py:190} INFO - [2024-11-09T19:36:45.416+0000] {dagbag.py:588} INFO - Filling up the DagBag from /home/chirag/airflow/lib/python3.12/site-packages/airflow/example_dags/example_dynamic_task_mapping_with_no_taskflow_operators.py
[2024-11-09T19:36:45.429+0000] {processor.py:925} INFO - DAG(s) 'example_dynamic_task_mapping_with_no_taskflow_operators' retrieved from /home/chirag/airflow/lib/python3.12/site-packages/airflow/example_dags/example_dynamic_task_mapping_with_no_taskflow_operators.py
[2024-11-09T19:36:45.450+0000] {logging_mixin.py:190} INFO - [2024-11-09T19:36:45.450+0000] {dag.py:3239} INFO - Sync 1 DAGs
[2024-11-09T19:36:45.470+0000] {logging_mixin.py:190} INFO - [2024-11-09T19:36:45.469+0000] {dag.py:4180} INFO - Setting next_dagrun for example_dynamic_task_mapping_with_no_taskflow_operators to None, run_after=None
[2024-11-09T19:36:45.506+0000] {processor.py:208} INFO - Processing /home/chirag/airflow/lib/python3.12/site-packages/airflow/example_dags/example_dynamic_task_mapping_with_no_taskflow_operators.py took 0.104 seconds
[2024-11-09T19:37:54.897+0000] {processor.py:186} INFO - Started process (PID=3133) to work on /home/chirag/airflow/lib/python3.12/site-packages/airflow/example_dags/example_dynamic_task_mapping_with_no_taskflow_operators.py
[2024-11-09T19:37:54.901+0000] {processor.py:914} INFO - Processing file /home/chirag/airflow/lib/python3.12/site-packages/airflow/example_dags/example_dynamic_task_mapping_with_no_taskflow_operators.py for tasks to queue
[2024-11-09T19:37:54.904+0000] {logging_mixin.py:190} INFO - [2024-11-09T19:37:54.904+0000] {dagbag.py:588} INFO - Filling up the DagBag from /home/chirag/airflow/lib/python3.12/site-packages/airflow/example_dags/example_dynamic_task_mapping_with_no_taskflow_operators.py
[2024-11-09T19:37:54.916+0000] {processor.py:925} INFO - DAG(s) 'example_dynamic_task_mapping_with_no_taskflow_operators' retrieved from /home/chirag/airflow/lib/python3.12/site-packages/airflow/example_dags/example_dynamic_task_mapping_with_no_taskflow_operators.py
[2024-11-09T19:37:54.938+0000] {logging_mixin.py:190} INFO - [2024-11-09T19:37:54.938+0000] {dag.py:3239} INFO - Sync 1 DAGs
[2024-11-09T19:37:54.957+0000] {logging_mixin.py:190} INFO - [2024-11-09T19:37:54.957+0000] {dag.py:4180} INFO - Setting next_dagrun for example_dynamic_task_mapping_with_no_taskflow_operators to None, run_after=None
[2024-11-09T19:37:55.018+0000] {processor.py:208} INFO - Processing /home/chirag/airflow/lib/python3.12/site-packages/airflow/example_dags/example_dynamic_task_mapping_with_no_taskflow_operators.py took 0.129 seconds
[2024-11-09T19:39:08.585+0000] {processor.py:186} INFO - Started process (PID=3449) to work on /home/chirag/airflow/lib/python3.12/site-packages/airflow/example_dags/example_dynamic_task_mapping_with_no_taskflow_operators.py
[2024-11-09T19:39:08.589+0000] {processor.py:914} INFO - Processing file /home/chirag/airflow/lib/python3.12/site-packages/airflow/example_dags/example_dynamic_task_mapping_with_no_taskflow_operators.py for tasks to queue
[2024-11-09T19:39:08.594+0000] {logging_mixin.py:190} INFO - [2024-11-09T19:39:08.593+0000] {dagbag.py:588} INFO - Filling up the DagBag from /home/chirag/airflow/lib/python3.12/site-packages/airflow/example_dags/example_dynamic_task_mapping_with_no_taskflow_operators.py
[2024-11-09T19:39:08.615+0000] {processor.py:925} INFO - DAG(s) 'example_dynamic_task_mapping_with_no_taskflow_operators' retrieved from /home/chirag/airflow/lib/python3.12/site-packages/airflow/example_dags/example_dynamic_task_mapping_with_no_taskflow_operators.py
[2024-11-09T19:39:08.639+0000] {logging_mixin.py:190} INFO - [2024-11-09T19:39:08.638+0000] {dag.py:3239} INFO - Sync 1 DAGs
[2024-11-09T19:39:08.672+0000] {logging_mixin.py:190} INFO - [2024-11-09T19:39:08.671+0000] {dag.py:4180} INFO - Setting next_dagrun for example_dynamic_task_mapping_with_no_taskflow_operators to None, run_after=None
[2024-11-09T19:39:08.776+0000] {processor.py:208} INFO - Processing /home/chirag/airflow/lib/python3.12/site-packages/airflow/example_dags/example_dynamic_task_mapping_with_no_taskflow_operators.py took 0.202 seconds
[2024-11-09T19:40:36.040+0000] {processor.py:186} INFO - Started process (PID=3683) to work on /home/chirag/airflow/lib/python3.12/site-packages/airflow/example_dags/example_dynamic_task_mapping_with_no_taskflow_operators.py
[2024-11-09T19:40:36.043+0000] {processor.py:914} INFO - Processing file /home/chirag/airflow/lib/python3.12/site-packages/airflow/example_dags/example_dynamic_task_mapping_with_no_taskflow_operators.py for tasks to queue
[2024-11-09T19:40:36.046+0000] {logging_mixin.py:190} INFO - [2024-11-09T19:40:36.045+0000] {dagbag.py:588} INFO - Filling up the DagBag from /home/chirag/airflow/lib/python3.12/site-packages/airflow/example_dags/example_dynamic_task_mapping_with_no_taskflow_operators.py
[2024-11-09T19:40:36.058+0000] {processor.py:925} INFO - DAG(s) 'example_dynamic_task_mapping_with_no_taskflow_operators' retrieved from /home/chirag/airflow/lib/python3.12/site-packages/airflow/example_dags/example_dynamic_task_mapping_with_no_taskflow_operators.py
[2024-11-09T19:40:36.080+0000] {logging_mixin.py:190} INFO - [2024-11-09T19:40:36.080+0000] {dag.py:3239} INFO - Sync 1 DAGs
[2024-11-09T19:40:36.098+0000] {logging_mixin.py:190} INFO - [2024-11-09T19:40:36.098+0000] {dag.py:4180} INFO - Setting next_dagrun for example_dynamic_task_mapping_with_no_taskflow_operators to None, run_after=None
[2024-11-09T19:40:36.136+0000] {processor.py:208} INFO - Processing /home/chirag/airflow/lib/python3.12/site-packages/airflow/example_dags/example_dynamic_task_mapping_with_no_taskflow_operators.py took 0.105 seconds
[2024-11-09T19:41:48.290+0000] {processor.py:186} INFO - Started process (PID=3891) to work on /home/chirag/airflow/lib/python3.12/site-packages/airflow/example_dags/example_dynamic_task_mapping_with_no_taskflow_operators.py
[2024-11-09T19:41:48.294+0000] {processor.py:914} INFO - Processing file /home/chirag/airflow/lib/python3.12/site-packages/airflow/example_dags/example_dynamic_task_mapping_with_no_taskflow_operators.py for tasks to queue
[2024-11-09T19:41:48.297+0000] {logging_mixin.py:190} INFO - [2024-11-09T19:41:48.296+0000] {dagbag.py:588} INFO - Filling up the DagBag from /home/chirag/airflow/lib/python3.12/site-packages/airflow/example_dags/example_dynamic_task_mapping_with_no_taskflow_operators.py
[2024-11-09T19:41:48.310+0000] {processor.py:925} INFO - DAG(s) 'example_dynamic_task_mapping_with_no_taskflow_operators' retrieved from /home/chirag/airflow/lib/python3.12/site-packages/airflow/example_dags/example_dynamic_task_mapping_with_no_taskflow_operators.py
[2024-11-09T19:41:48.332+0000] {logging_mixin.py:190} INFO - [2024-11-09T19:41:48.331+0000] {dag.py:3239} INFO - Sync 1 DAGs
[2024-11-09T19:41:48.350+0000] {logging_mixin.py:190} INFO - [2024-11-09T19:41:48.350+0000] {dag.py:4180} INFO - Setting next_dagrun for example_dynamic_task_mapping_with_no_taskflow_operators to None, run_after=None
[2024-11-09T19:41:48.387+0000] {processor.py:208} INFO - Processing /home/chirag/airflow/lib/python3.12/site-packages/airflow/example_dags/example_dynamic_task_mapping_with_no_taskflow_operators.py took 0.106 seconds
[2024-11-09T19:43:04.692+0000] {processor.py:186} INFO - Started process (PID=4107) to work on /home/chirag/airflow/lib/python3.12/site-packages/airflow/example_dags/example_dynamic_task_mapping_with_no_taskflow_operators.py
[2024-11-09T19:43:04.706+0000] {processor.py:914} INFO - Processing file /home/chirag/airflow/lib/python3.12/site-packages/airflow/example_dags/example_dynamic_task_mapping_with_no_taskflow_operators.py for tasks to queue
[2024-11-09T19:43:04.714+0000] {logging_mixin.py:190} INFO - [2024-11-09T19:43:04.713+0000] {dagbag.py:588} INFO - Filling up the DagBag from /home/chirag/airflow/lib/python3.12/site-packages/airflow/example_dags/example_dynamic_task_mapping_with_no_taskflow_operators.py
[2024-11-09T19:43:04.782+0000] {processor.py:925} INFO - DAG(s) 'example_dynamic_task_mapping_with_no_taskflow_operators' retrieved from /home/chirag/airflow/lib/python3.12/site-packages/airflow/example_dags/example_dynamic_task_mapping_with_no_taskflow_operators.py
[2024-11-09T19:43:04.872+0000] {logging_mixin.py:190} INFO - [2024-11-09T19:43:04.871+0000] {dag.py:3239} INFO - Sync 1 DAGs
[2024-11-09T19:43:04.918+0000] {logging_mixin.py:190} INFO - [2024-11-09T19:43:04.918+0000] {dag.py:4180} INFO - Setting next_dagrun for example_dynamic_task_mapping_with_no_taskflow_operators to None, run_after=None
[2024-11-09T19:43:05.024+0000] {processor.py:208} INFO - Processing /home/chirag/airflow/lib/python3.12/site-packages/airflow/example_dags/example_dynamic_task_mapping_with_no_taskflow_operators.py took 0.369 seconds
[2024-11-09T19:44:21.177+0000] {processor.py:186} INFO - Started process (PID=4325) to work on /home/chirag/airflow/lib/python3.12/site-packages/airflow/example_dags/example_dynamic_task_mapping_with_no_taskflow_operators.py
[2024-11-09T19:44:21.180+0000] {processor.py:914} INFO - Processing file /home/chirag/airflow/lib/python3.12/site-packages/airflow/example_dags/example_dynamic_task_mapping_with_no_taskflow_operators.py for tasks to queue
[2024-11-09T19:44:21.183+0000] {logging_mixin.py:190} INFO - [2024-11-09T19:44:21.183+0000] {dagbag.py:588} INFO - Filling up the DagBag from /home/chirag/airflow/lib/python3.12/site-packages/airflow/example_dags/example_dynamic_task_mapping_with_no_taskflow_operators.py
[2024-11-09T19:44:21.196+0000] {processor.py:925} INFO - DAG(s) 'example_dynamic_task_mapping_with_no_taskflow_operators' retrieved from /home/chirag/airflow/lib/python3.12/site-packages/airflow/example_dags/example_dynamic_task_mapping_with_no_taskflow_operators.py
[2024-11-09T19:44:21.217+0000] {logging_mixin.py:190} INFO - [2024-11-09T19:44:21.217+0000] {dag.py:3239} INFO - Sync 1 DAGs
[2024-11-09T19:44:21.236+0000] {logging_mixin.py:190} INFO - [2024-11-09T19:44:21.236+0000] {dag.py:4180} INFO - Setting next_dagrun for example_dynamic_task_mapping_with_no_taskflow_operators to None, run_after=None
[2024-11-09T19:44:21.279+0000] {processor.py:208} INFO - Processing /home/chirag/airflow/lib/python3.12/site-packages/airflow/example_dags/example_dynamic_task_mapping_with_no_taskflow_operators.py took 0.110 seconds
[2024-11-09T19:46:03.077+0000] {processor.py:186} INFO - Started process (PID=4618) to work on /home/chirag/airflow/lib/python3.12/site-packages/airflow/example_dags/example_dynamic_task_mapping_with_no_taskflow_operators.py
[2024-11-09T19:46:03.080+0000] {processor.py:914} INFO - Processing file /home/chirag/airflow/lib/python3.12/site-packages/airflow/example_dags/example_dynamic_task_mapping_with_no_taskflow_operators.py for tasks to queue
[2024-11-09T19:46:03.084+0000] {logging_mixin.py:190} INFO - [2024-11-09T19:46:03.084+0000] {dagbag.py:588} INFO - Filling up the DagBag from /home/chirag/airflow/lib/python3.12/site-packages/airflow/example_dags/example_dynamic_task_mapping_with_no_taskflow_operators.py
[2024-11-09T19:46:03.102+0000] {processor.py:925} INFO - DAG(s) 'example_dynamic_task_mapping_with_no_taskflow_operators' retrieved from /home/chirag/airflow/lib/python3.12/site-packages/airflow/example_dags/example_dynamic_task_mapping_with_no_taskflow_operators.py
[2024-11-09T19:46:03.132+0000] {logging_mixin.py:190} INFO - [2024-11-09T19:46:03.131+0000] {dag.py:3239} INFO - Sync 1 DAGs
[2024-11-09T19:46:03.156+0000] {logging_mixin.py:190} INFO - [2024-11-09T19:46:03.156+0000] {dag.py:4180} INFO - Setting next_dagrun for example_dynamic_task_mapping_with_no_taskflow_operators to None, run_after=None
[2024-11-09T19:46:03.207+0000] {processor.py:208} INFO - Processing /home/chirag/airflow/lib/python3.12/site-packages/airflow/example_dags/example_dynamic_task_mapping_with_no_taskflow_operators.py took 0.140 seconds
[2024-11-09T19:47:25.732+0000] {processor.py:186} INFO - Started process (PID=4896) to work on /home/chirag/airflow/lib/python3.12/site-packages/airflow/example_dags/example_dynamic_task_mapping_with_no_taskflow_operators.py
[2024-11-09T19:47:25.736+0000] {processor.py:914} INFO - Processing file /home/chirag/airflow/lib/python3.12/site-packages/airflow/example_dags/example_dynamic_task_mapping_with_no_taskflow_operators.py for tasks to queue
[2024-11-09T19:47:25.739+0000] {logging_mixin.py:190} INFO - [2024-11-09T19:47:25.738+0000] {dagbag.py:588} INFO - Filling up the DagBag from /home/chirag/airflow/lib/python3.12/site-packages/airflow/example_dags/example_dynamic_task_mapping_with_no_taskflow_operators.py
[2024-11-09T19:47:25.751+0000] {processor.py:925} INFO - DAG(s) 'example_dynamic_task_mapping_with_no_taskflow_operators' retrieved from /home/chirag/airflow/lib/python3.12/site-packages/airflow/example_dags/example_dynamic_task_mapping_with_no_taskflow_operators.py
[2024-11-09T19:47:25.773+0000] {logging_mixin.py:190} INFO - [2024-11-09T19:47:25.773+0000] {dag.py:3239} INFO - Sync 1 DAGs
[2024-11-09T19:47:25.797+0000] {logging_mixin.py:190} INFO - [2024-11-09T19:47:25.797+0000] {dag.py:4180} INFO - Setting next_dagrun for example_dynamic_task_mapping_with_no_taskflow_operators to None, run_after=None
[2024-11-09T19:47:25.833+0000] {processor.py:208} INFO - Processing /home/chirag/airflow/lib/python3.12/site-packages/airflow/example_dags/example_dynamic_task_mapping_with_no_taskflow_operators.py took 0.109 seconds
[2024-11-09T19:48:44.804+0000] {processor.py:186} INFO - Started process (PID=5130) to work on /home/chirag/airflow/lib/python3.12/site-packages/airflow/example_dags/example_dynamic_task_mapping_with_no_taskflow_operators.py
[2024-11-09T19:48:44.807+0000] {processor.py:914} INFO - Processing file /home/chirag/airflow/lib/python3.12/site-packages/airflow/example_dags/example_dynamic_task_mapping_with_no_taskflow_operators.py for tasks to queue
[2024-11-09T19:48:44.811+0000] {logging_mixin.py:190} INFO - [2024-11-09T19:48:44.810+0000] {dagbag.py:588} INFO - Filling up the DagBag from /home/chirag/airflow/lib/python3.12/site-packages/airflow/example_dags/example_dynamic_task_mapping_with_no_taskflow_operators.py
[2024-11-09T19:48:44.823+0000] {processor.py:925} INFO - DAG(s) 'example_dynamic_task_mapping_with_no_taskflow_operators' retrieved from /home/chirag/airflow/lib/python3.12/site-packages/airflow/example_dags/example_dynamic_task_mapping_with_no_taskflow_operators.py
[2024-11-09T19:48:44.846+0000] {logging_mixin.py:190} INFO - [2024-11-09T19:48:44.846+0000] {dag.py:3239} INFO - Sync 1 DAGs
[2024-11-09T19:48:44.864+0000] {logging_mixin.py:190} INFO - [2024-11-09T19:48:44.864+0000] {dag.py:4180} INFO - Setting next_dagrun for example_dynamic_task_mapping_with_no_taskflow_operators to None, run_after=None
[2024-11-09T19:48:44.902+0000] {processor.py:208} INFO - Processing /home/chirag/airflow/lib/python3.12/site-packages/airflow/example_dags/example_dynamic_task_mapping_with_no_taskflow_operators.py took 0.108 seconds
[2024-11-09T19:49:57.967+0000] {processor.py:186} INFO - Started process (PID=5438) to work on /home/chirag/airflow/lib/python3.12/site-packages/airflow/example_dags/example_dynamic_task_mapping_with_no_taskflow_operators.py
[2024-11-09T19:49:57.971+0000] {processor.py:914} INFO - Processing file /home/chirag/airflow/lib/python3.12/site-packages/airflow/example_dags/example_dynamic_task_mapping_with_no_taskflow_operators.py for tasks to queue
[2024-11-09T19:49:57.975+0000] {logging_mixin.py:190} INFO - [2024-11-09T19:49:57.974+0000] {dagbag.py:588} INFO - Filling up the DagBag from /home/chirag/airflow/lib/python3.12/site-packages/airflow/example_dags/example_dynamic_task_mapping_with_no_taskflow_operators.py
[2024-11-09T19:49:57.988+0000] {processor.py:925} INFO - DAG(s) 'example_dynamic_task_mapping_with_no_taskflow_operators' retrieved from /home/chirag/airflow/lib/python3.12/site-packages/airflow/example_dags/example_dynamic_task_mapping_with_no_taskflow_operators.py
[2024-11-09T19:49:58.009+0000] {logging_mixin.py:190} INFO - [2024-11-09T19:49:58.009+0000] {dag.py:3239} INFO - Sync 1 DAGs
[2024-11-09T19:49:58.027+0000] {logging_mixin.py:190} INFO - [2024-11-09T19:49:58.026+0000] {dag.py:4180} INFO - Setting next_dagrun for example_dynamic_task_mapping_with_no_taskflow_operators to None, run_after=None
[2024-11-09T19:49:58.065+0000] {processor.py:208} INFO - Processing /home/chirag/airflow/lib/python3.12/site-packages/airflow/example_dags/example_dynamic_task_mapping_with_no_taskflow_operators.py took 0.106 seconds
[2024-11-09T19:51:09.186+0000] {processor.py:186} INFO - Started process (PID=6025) to work on /home/chirag/airflow/lib/python3.12/site-packages/airflow/example_dags/example_dynamic_task_mapping_with_no_taskflow_operators.py
[2024-11-09T19:51:09.189+0000] {processor.py:914} INFO - Processing file /home/chirag/airflow/lib/python3.12/site-packages/airflow/example_dags/example_dynamic_task_mapping_with_no_taskflow_operators.py for tasks to queue
[2024-11-09T19:51:09.193+0000] {logging_mixin.py:190} INFO - [2024-11-09T19:51:09.192+0000] {dagbag.py:588} INFO - Filling up the DagBag from /home/chirag/airflow/lib/python3.12/site-packages/airflow/example_dags/example_dynamic_task_mapping_with_no_taskflow_operators.py
[2024-11-09T19:51:09.207+0000] {processor.py:925} INFO - DAG(s) 'example_dynamic_task_mapping_with_no_taskflow_operators' retrieved from /home/chirag/airflow/lib/python3.12/site-packages/airflow/example_dags/example_dynamic_task_mapping_with_no_taskflow_operators.py
[2024-11-09T19:51:09.229+0000] {logging_mixin.py:190} INFO - [2024-11-09T19:51:09.229+0000] {dag.py:3239} INFO - Sync 1 DAGs
[2024-11-09T19:51:09.248+0000] {logging_mixin.py:190} INFO - [2024-11-09T19:51:09.248+0000] {dag.py:4180} INFO - Setting next_dagrun for example_dynamic_task_mapping_with_no_taskflow_operators to None, run_after=None
[2024-11-09T19:51:09.283+0000] {processor.py:208} INFO - Processing /home/chirag/airflow/lib/python3.12/site-packages/airflow/example_dags/example_dynamic_task_mapping_with_no_taskflow_operators.py took 0.109 seconds
[2024-11-09T19:52:43.188+0000] {processor.py:186} INFO - Started process (PID=6410) to work on /home/chirag/airflow/lib/python3.12/site-packages/airflow/example_dags/example_dynamic_task_mapping_with_no_taskflow_operators.py
[2024-11-09T19:52:43.191+0000] {processor.py:914} INFO - Processing file /home/chirag/airflow/lib/python3.12/site-packages/airflow/example_dags/example_dynamic_task_mapping_with_no_taskflow_operators.py for tasks to queue
[2024-11-09T19:52:43.202+0000] {logging_mixin.py:190} INFO - [2024-11-09T19:52:43.196+0000] {dagbag.py:588} INFO - Filling up the DagBag from /home/chirag/airflow/lib/python3.12/site-packages/airflow/example_dags/example_dynamic_task_mapping_with_no_taskflow_operators.py
[2024-11-09T19:52:43.220+0000] {processor.py:925} INFO - DAG(s) 'example_dynamic_task_mapping_with_no_taskflow_operators' retrieved from /home/chirag/airflow/lib/python3.12/site-packages/airflow/example_dags/example_dynamic_task_mapping_with_no_taskflow_operators.py
[2024-11-09T19:52:43.255+0000] {logging_mixin.py:190} INFO - [2024-11-09T19:52:43.254+0000] {dag.py:3239} INFO - Sync 1 DAGs
[2024-11-09T19:52:43.293+0000] {logging_mixin.py:190} INFO - [2024-11-09T19:52:43.292+0000] {dag.py:4180} INFO - Setting next_dagrun for example_dynamic_task_mapping_with_no_taskflow_operators to None, run_after=None
[2024-11-09T19:52:43.336+0000] {processor.py:208} INFO - Processing /home/chirag/airflow/lib/python3.12/site-packages/airflow/example_dags/example_dynamic_task_mapping_with_no_taskflow_operators.py took 0.169 seconds
[2024-11-09T19:54:12.706+0000] {processor.py:186} INFO - Started process (PID=7060) to work on /home/chirag/airflow/lib/python3.12/site-packages/airflow/example_dags/example_dynamic_task_mapping_with_no_taskflow_operators.py
[2024-11-09T19:54:12.709+0000] {processor.py:914} INFO - Processing file /home/chirag/airflow/lib/python3.12/site-packages/airflow/example_dags/example_dynamic_task_mapping_with_no_taskflow_operators.py for tasks to queue
[2024-11-09T19:54:12.716+0000] {logging_mixin.py:190} INFO - [2024-11-09T19:54:12.715+0000] {dagbag.py:588} INFO - Filling up the DagBag from /home/chirag/airflow/lib/python3.12/site-packages/airflow/example_dags/example_dynamic_task_mapping_with_no_taskflow_operators.py
[2024-11-09T19:54:12.737+0000] {processor.py:925} INFO - DAG(s) 'example_dynamic_task_mapping_with_no_taskflow_operators' retrieved from /home/chirag/airflow/lib/python3.12/site-packages/airflow/example_dags/example_dynamic_task_mapping_with_no_taskflow_operators.py
[2024-11-09T19:54:12.768+0000] {logging_mixin.py:190} INFO - [2024-11-09T19:54:12.768+0000] {dag.py:3239} INFO - Sync 1 DAGs
[2024-11-09T19:54:12.795+0000] {logging_mixin.py:190} INFO - [2024-11-09T19:54:12.794+0000] {dag.py:4180} INFO - Setting next_dagrun for example_dynamic_task_mapping_with_no_taskflow_operators to None, run_after=None
[2024-11-09T19:54:12.851+0000] {processor.py:208} INFO - Processing /home/chirag/airflow/lib/python3.12/site-packages/airflow/example_dags/example_dynamic_task_mapping_with_no_taskflow_operators.py took 0.159 seconds
[2024-11-09T19:55:29.017+0000] {processor.py:186} INFO - Started process (PID=7640) to work on /home/chirag/airflow/lib/python3.12/site-packages/airflow/example_dags/example_dynamic_task_mapping_with_no_taskflow_operators.py
[2024-11-09T19:55:29.020+0000] {processor.py:914} INFO - Processing file /home/chirag/airflow/lib/python3.12/site-packages/airflow/example_dags/example_dynamic_task_mapping_with_no_taskflow_operators.py for tasks to queue
[2024-11-09T19:55:29.023+0000] {logging_mixin.py:190} INFO - [2024-11-09T19:55:29.023+0000] {dagbag.py:588} INFO - Filling up the DagBag from /home/chirag/airflow/lib/python3.12/site-packages/airflow/example_dags/example_dynamic_task_mapping_with_no_taskflow_operators.py
[2024-11-09T19:55:29.037+0000] {processor.py:925} INFO - DAG(s) 'example_dynamic_task_mapping_with_no_taskflow_operators' retrieved from /home/chirag/airflow/lib/python3.12/site-packages/airflow/example_dags/example_dynamic_task_mapping_with_no_taskflow_operators.py
[2024-11-09T19:55:29.061+0000] {logging_mixin.py:190} INFO - [2024-11-09T19:55:29.061+0000] {dag.py:3239} INFO - Sync 1 DAGs
[2024-11-09T19:55:29.080+0000] {logging_mixin.py:190} INFO - [2024-11-09T19:55:29.080+0000] {dag.py:4180} INFO - Setting next_dagrun for example_dynamic_task_mapping_with_no_taskflow_operators to None, run_after=None
[2024-11-09T19:55:29.114+0000] {processor.py:208} INFO - Processing /home/chirag/airflow/lib/python3.12/site-packages/airflow/example_dags/example_dynamic_task_mapping_with_no_taskflow_operators.py took 0.106 seconds
[2024-11-09T19:57:02.064+0000] {processor.py:186} INFO - Started process (PID=8040) to work on /home/chirag/airflow/lib/python3.12/site-packages/airflow/example_dags/example_dynamic_task_mapping_with_no_taskflow_operators.py
[2024-11-09T19:57:02.070+0000] {processor.py:914} INFO - Processing file /home/chirag/airflow/lib/python3.12/site-packages/airflow/example_dags/example_dynamic_task_mapping_with_no_taskflow_operators.py for tasks to queue
[2024-11-09T19:57:02.073+0000] {logging_mixin.py:190} INFO - [2024-11-09T19:57:02.073+0000] {dagbag.py:588} INFO - Filling up the DagBag from /home/chirag/airflow/lib/python3.12/site-packages/airflow/example_dags/example_dynamic_task_mapping_with_no_taskflow_operators.py
[2024-11-09T19:57:02.091+0000] {processor.py:925} INFO - DAG(s) 'example_dynamic_task_mapping_with_no_taskflow_operators' retrieved from /home/chirag/airflow/lib/python3.12/site-packages/airflow/example_dags/example_dynamic_task_mapping_with_no_taskflow_operators.py
[2024-11-09T19:57:02.122+0000] {logging_mixin.py:190} INFO - [2024-11-09T19:57:02.122+0000] {dag.py:3239} INFO - Sync 1 DAGs
[2024-11-09T19:57:02.146+0000] {logging_mixin.py:190} INFO - [2024-11-09T19:57:02.146+0000] {dag.py:4180} INFO - Setting next_dagrun for example_dynamic_task_mapping_with_no_taskflow_operators to None, run_after=None
[2024-11-09T19:57:02.191+0000] {processor.py:208} INFO - Processing /home/chirag/airflow/lib/python3.12/site-packages/airflow/example_dags/example_dynamic_task_mapping_with_no_taskflow_operators.py took 0.136 seconds
[2024-11-09T19:58:28.177+0000] {processor.py:186} INFO - Started process (PID=8434) to work on /home/chirag/airflow/lib/python3.12/site-packages/airflow/example_dags/example_dynamic_task_mapping_with_no_taskflow_operators.py
[2024-11-09T19:58:28.184+0000] {processor.py:914} INFO - Processing file /home/chirag/airflow/lib/python3.12/site-packages/airflow/example_dags/example_dynamic_task_mapping_with_no_taskflow_operators.py for tasks to queue
[2024-11-09T19:58:28.189+0000] {logging_mixin.py:190} INFO - [2024-11-09T19:58:28.188+0000] {dagbag.py:588} INFO - Filling up the DagBag from /home/chirag/airflow/lib/python3.12/site-packages/airflow/example_dags/example_dynamic_task_mapping_with_no_taskflow_operators.py
[2024-11-09T19:58:28.223+0000] {processor.py:925} INFO - DAG(s) 'example_dynamic_task_mapping_with_no_taskflow_operators' retrieved from /home/chirag/airflow/lib/python3.12/site-packages/airflow/example_dags/example_dynamic_task_mapping_with_no_taskflow_operators.py
[2024-11-09T19:58:28.279+0000] {logging_mixin.py:190} INFO - [2024-11-09T19:58:28.276+0000] {dag.py:3239} INFO - Sync 1 DAGs
[2024-11-09T19:58:28.328+0000] {logging_mixin.py:190} INFO - [2024-11-09T19:58:28.328+0000] {dag.py:4180} INFO - Setting next_dagrun for example_dynamic_task_mapping_with_no_taskflow_operators to None, run_after=None
[2024-11-09T19:58:28.442+0000] {processor.py:208} INFO - Processing /home/chirag/airflow/lib/python3.12/site-packages/airflow/example_dags/example_dynamic_task_mapping_with_no_taskflow_operators.py took 0.281 seconds
[2024-11-09T20:23:02.564+0000] {processor.py:186} INFO - Started process (PID=12749) to work on /home/chirag/airflow/lib/python3.12/site-packages/airflow/example_dags/example_dynamic_task_mapping_with_no_taskflow_operators.py
[2024-11-09T20:23:02.567+0000] {processor.py:914} INFO - Processing file /home/chirag/airflow/lib/python3.12/site-packages/airflow/example_dags/example_dynamic_task_mapping_with_no_taskflow_operators.py for tasks to queue
[2024-11-09T20:23:02.571+0000] {logging_mixin.py:190} INFO - [2024-11-09T20:23:02.570+0000] {dagbag.py:588} INFO - Filling up the DagBag from /home/chirag/airflow/lib/python3.12/site-packages/airflow/example_dags/example_dynamic_task_mapping_with_no_taskflow_operators.py
[2024-11-09T20:23:02.584+0000] {processor.py:925} INFO - DAG(s) 'example_dynamic_task_mapping_with_no_taskflow_operators' retrieved from /home/chirag/airflow/lib/python3.12/site-packages/airflow/example_dags/example_dynamic_task_mapping_with_no_taskflow_operators.py
[2024-11-09T20:23:02.606+0000] {logging_mixin.py:190} INFO - [2024-11-09T20:23:02.606+0000] {dag.py:3239} INFO - Sync 1 DAGs
[2024-11-09T20:23:02.623+0000] {logging_mixin.py:190} INFO - [2024-11-09T20:23:02.623+0000] {dag.py:4180} INFO - Setting next_dagrun for example_dynamic_task_mapping_with_no_taskflow_operators to None, run_after=None
[2024-11-09T20:23:02.659+0000] {processor.py:208} INFO - Processing /home/chirag/airflow/lib/python3.12/site-packages/airflow/example_dags/example_dynamic_task_mapping_with_no_taskflow_operators.py took 0.102 seconds
[2024-11-09T20:24:18.506+0000] {processor.py:186} INFO - Started process (PID=12965) to work on /home/chirag/airflow/lib/python3.12/site-packages/airflow/example_dags/example_dynamic_task_mapping_with_no_taskflow_operators.py
[2024-11-09T20:24:18.509+0000] {processor.py:914} INFO - Processing file /home/chirag/airflow/lib/python3.12/site-packages/airflow/example_dags/example_dynamic_task_mapping_with_no_taskflow_operators.py for tasks to queue
[2024-11-09T20:24:18.512+0000] {logging_mixin.py:190} INFO - [2024-11-09T20:24:18.512+0000] {dagbag.py:588} INFO - Filling up the DagBag from /home/chirag/airflow/lib/python3.12/site-packages/airflow/example_dags/example_dynamic_task_mapping_with_no_taskflow_operators.py
[2024-11-09T20:24:18.524+0000] {processor.py:925} INFO - DAG(s) 'example_dynamic_task_mapping_with_no_taskflow_operators' retrieved from /home/chirag/airflow/lib/python3.12/site-packages/airflow/example_dags/example_dynamic_task_mapping_with_no_taskflow_operators.py
[2024-11-09T20:24:18.545+0000] {logging_mixin.py:190} INFO - [2024-11-09T20:24:18.545+0000] {dag.py:3239} INFO - Sync 1 DAGs
[2024-11-09T20:24:18.562+0000] {logging_mixin.py:190} INFO - [2024-11-09T20:24:18.562+0000] {dag.py:4180} INFO - Setting next_dagrun for example_dynamic_task_mapping_with_no_taskflow_operators to None, run_after=None
[2024-11-09T20:24:18.599+0000] {processor.py:208} INFO - Processing /home/chirag/airflow/lib/python3.12/site-packages/airflow/example_dags/example_dynamic_task_mapping_with_no_taskflow_operators.py took 0.101 seconds
[2024-11-09T20:25:35.568+0000] {processor.py:186} INFO - Started process (PID=13181) to work on /home/chirag/airflow/lib/python3.12/site-packages/airflow/example_dags/example_dynamic_task_mapping_with_no_taskflow_operators.py
[2024-11-09T20:25:35.571+0000] {processor.py:914} INFO - Processing file /home/chirag/airflow/lib/python3.12/site-packages/airflow/example_dags/example_dynamic_task_mapping_with_no_taskflow_operators.py for tasks to queue
[2024-11-09T20:25:35.575+0000] {logging_mixin.py:190} INFO - [2024-11-09T20:25:35.574+0000] {dagbag.py:588} INFO - Filling up the DagBag from /home/chirag/airflow/lib/python3.12/site-packages/airflow/example_dags/example_dynamic_task_mapping_with_no_taskflow_operators.py
[2024-11-09T20:25:35.593+0000] {processor.py:925} INFO - DAG(s) 'example_dynamic_task_mapping_with_no_taskflow_operators' retrieved from /home/chirag/airflow/lib/python3.12/site-packages/airflow/example_dags/example_dynamic_task_mapping_with_no_taskflow_operators.py
[2024-11-09T20:25:35.627+0000] {logging_mixin.py:190} INFO - [2024-11-09T20:25:35.626+0000] {dag.py:3239} INFO - Sync 1 DAGs
[2024-11-09T20:25:35.664+0000] {logging_mixin.py:190} INFO - [2024-11-09T20:25:35.663+0000] {dag.py:4180} INFO - Setting next_dagrun for example_dynamic_task_mapping_with_no_taskflow_operators to None, run_after=None
[2024-11-09T20:25:35.715+0000] {processor.py:208} INFO - Processing /home/chirag/airflow/lib/python3.12/site-packages/airflow/example_dags/example_dynamic_task_mapping_with_no_taskflow_operators.py took 0.161 seconds
[2024-11-09T20:27:39.222+0000] {processor.py:186} INFO - Started process (PID=13876) to work on /home/chirag/airflow/lib/python3.12/site-packages/airflow/example_dags/example_dynamic_task_mapping_with_no_taskflow_operators.py
[2024-11-09T20:27:39.227+0000] {processor.py:914} INFO - Processing file /home/chirag/airflow/lib/python3.12/site-packages/airflow/example_dags/example_dynamic_task_mapping_with_no_taskflow_operators.py for tasks to queue
[2024-11-09T20:27:39.235+0000] {logging_mixin.py:190} INFO - [2024-11-09T20:27:39.233+0000] {dagbag.py:588} INFO - Filling up the DagBag from /home/chirag/airflow/lib/python3.12/site-packages/airflow/example_dags/example_dynamic_task_mapping_with_no_taskflow_operators.py
[2024-11-09T20:27:39.259+0000] {processor.py:925} INFO - DAG(s) 'example_dynamic_task_mapping_with_no_taskflow_operators' retrieved from /home/chirag/airflow/lib/python3.12/site-packages/airflow/example_dags/example_dynamic_task_mapping_with_no_taskflow_operators.py
[2024-11-09T20:27:39.336+0000] {logging_mixin.py:190} INFO - [2024-11-09T20:27:39.326+0000] {dag.py:3239} INFO - Sync 1 DAGs
[2024-11-09T20:27:39.403+0000] {logging_mixin.py:190} INFO - [2024-11-09T20:27:39.403+0000] {dag.py:4180} INFO - Setting next_dagrun for example_dynamic_task_mapping_with_no_taskflow_operators to None, run_after=None
[2024-11-09T20:27:39.543+0000] {processor.py:208} INFO - Processing /home/chirag/airflow/lib/python3.12/site-packages/airflow/example_dags/example_dynamic_task_mapping_with_no_taskflow_operators.py took 0.342 seconds
