[2024-11-09T19:17:48.776+0000] {processor.py:186} INFO - Started process (PID=94771) to work on /home/chirag/airflow/lib/python3.12/site-packages/airflow/example_dags/example_params_trigger_ui.py
[2024-11-09T19:17:48.777+0000] {processor.py:914} INFO - Processing file /home/chirag/airflow/lib/python3.12/site-packages/airflow/example_dags/example_params_trigger_ui.py for tasks to queue
[2024-11-09T19:17:48.780+0000] {logging_mixin.py:190} INFO - [2024-11-09T19:17:48.780+0000] {dagbag.py:588} INFO - Filling up the DagBag from /home/chirag/airflow/lib/python3.12/site-packages/airflow/example_dags/example_params_trigger_ui.py
[2024-11-09T19:17:48.797+0000] {processor.py:925} INFO - DAG(s) 'example_params_trigger_ui' retrieved from /home/chirag/airflow/lib/python3.12/site-packages/airflow/example_dags/example_params_trigger_ui.py
[2024-11-09T19:17:48.992+0000] {logging_mixin.py:190} INFO - [2024-11-09T19:17:48.991+0000] {override.py:1911} INFO - Created Permission View: can delete on DAG:example_params_trigger_ui
[2024-11-09T19:17:49.012+0000] {logging_mixin.py:190} INFO - [2024-11-09T19:17:49.012+0000] {override.py:1911} INFO - Created Permission View: can read on DAG:example_params_trigger_ui
[2024-11-09T19:17:49.030+0000] {logging_mixin.py:190} INFO - [2024-11-09T19:17:49.029+0000] {override.py:1911} INFO - Created Permission View: can edit on DAG:example_params_trigger_ui
[2024-11-09T19:17:49.058+0000] {logging_mixin.py:190} INFO - [2024-11-09T19:17:49.058+0000] {override.py:1911} INFO - Created Permission View: menu access on DAG Run:example_params_trigger_ui
[2024-11-09T19:17:49.075+0000] {logging_mixin.py:190} INFO - [2024-11-09T19:17:49.074+0000] {override.py:1911} INFO - Created Permission View: can delete on DAG Run:example_params_trigger_ui
[2024-11-09T19:17:49.093+0000] {logging_mixin.py:190} INFO - [2024-11-09T19:17:49.093+0000] {override.py:1911} INFO - Created Permission View: can read on DAG Run:example_params_trigger_ui
[2024-11-09T19:17:49.110+0000] {logging_mixin.py:190} INFO - [2024-11-09T19:17:49.109+0000] {override.py:1911} INFO - Created Permission View: can create on DAG Run:example_params_trigger_ui
[2024-11-09T19:17:49.110+0000] {logging_mixin.py:190} INFO - [2024-11-09T19:17:49.110+0000] {dag.py:3239} INFO - Sync 1 DAGs
[2024-11-09T19:17:49.127+0000] {logging_mixin.py:190} INFO - [2024-11-09T19:17:49.126+0000] {dag.py:3262} INFO - Creating ORM DAG for example_params_trigger_ui
[2024-11-09T19:17:49.128+0000] {logging_mixin.py:190} INFO - [2024-11-09T19:17:49.127+0000] {dag.py:4180} INFO - Setting next_dagrun for example_params_trigger_ui to None, run_after=None
[2024-11-09T19:17:49.167+0000] {processor.py:208} INFO - Processing /home/chirag/airflow/lib/python3.12/site-packages/airflow/example_dags/example_params_trigger_ui.py took 0.400 seconds
[2024-11-09T19:28:28.043+0000] {processor.py:186} INFO - Started process (PID=505) to work on /home/chirag/airflow/lib/python3.12/site-packages/airflow/example_dags/example_params_trigger_ui.py
[2024-11-09T19:28:28.049+0000] {processor.py:914} INFO - Processing file /home/chirag/airflow/lib/python3.12/site-packages/airflow/example_dags/example_params_trigger_ui.py for tasks to queue
[2024-11-09T19:28:28.052+0000] {logging_mixin.py:190} INFO - [2024-11-09T19:28:28.051+0000] {dagbag.py:588} INFO - Filling up the DagBag from /home/chirag/airflow/lib/python3.12/site-packages/airflow/example_dags/example_params_trigger_ui.py
[2024-11-09T19:28:28.070+0000] {processor.py:925} INFO - DAG(s) 'example_params_trigger_ui' retrieved from /home/chirag/airflow/lib/python3.12/site-packages/airflow/example_dags/example_params_trigger_ui.py
[2024-11-09T19:28:28.143+0000] {logging_mixin.py:190} INFO - [2024-11-09T19:28:28.142+0000] {dag.py:3239} INFO - Sync 1 DAGs
[2024-11-09T19:28:28.168+0000] {logging_mixin.py:190} INFO - [2024-11-09T19:28:28.168+0000] {dag.py:4180} INFO - Setting next_dagrun for example_params_trigger_ui to None, run_after=None
[2024-11-09T19:28:28.204+0000] {processor.py:208} INFO - Processing /home/chirag/airflow/lib/python3.12/site-packages/airflow/example_dags/example_params_trigger_ui.py took 0.182 seconds
[2024-11-09T19:29:41.997+0000] {processor.py:186} INFO - Started process (PID=597) to work on /home/chirag/airflow/lib/python3.12/site-packages/airflow/example_dags/example_params_trigger_ui.py
[2024-11-09T19:29:42.004+0000] {processor.py:914} INFO - Processing file /home/chirag/airflow/lib/python3.12/site-packages/airflow/example_dags/example_params_trigger_ui.py for tasks to queue
[2024-11-09T19:29:42.014+0000] {logging_mixin.py:190} INFO - [2024-11-09T19:29:42.013+0000] {dagbag.py:588} INFO - Filling up the DagBag from /home/chirag/airflow/lib/python3.12/site-packages/airflow/example_dags/example_params_trigger_ui.py
[2024-11-09T19:29:42.095+0000] {processor.py:925} INFO - DAG(s) 'example_params_trigger_ui' retrieved from /home/chirag/airflow/lib/python3.12/site-packages/airflow/example_dags/example_params_trigger_ui.py
[2024-11-09T19:29:42.440+0000] {logging_mixin.py:190} INFO - [2024-11-09T19:29:42.440+0000] {dag.py:3239} INFO - Sync 1 DAGs
[2024-11-09T19:29:42.524+0000] {logging_mixin.py:190} INFO - [2024-11-09T19:29:42.524+0000] {dag.py:4180} INFO - Setting next_dagrun for example_params_trigger_ui to None, run_after=None
[2024-11-09T19:29:42.679+0000] {processor.py:208} INFO - Processing /home/chirag/airflow/lib/python3.12/site-packages/airflow/example_dags/example_params_trigger_ui.py took 0.714 seconds
[2024-11-09T19:31:01.915+0000] {processor.py:186} INFO - Started process (PID=668) to work on /home/chirag/airflow/lib/python3.12/site-packages/airflow/example_dags/example_params_trigger_ui.py
[2024-11-09T19:31:01.920+0000] {processor.py:914} INFO - Processing file /home/chirag/airflow/lib/python3.12/site-packages/airflow/example_dags/example_params_trigger_ui.py for tasks to queue
[2024-11-09T19:31:01.925+0000] {logging_mixin.py:190} INFO - [2024-11-09T19:31:01.924+0000] {dagbag.py:588} INFO - Filling up the DagBag from /home/chirag/airflow/lib/python3.12/site-packages/airflow/example_dags/example_params_trigger_ui.py
[2024-11-09T19:31:01.947+0000] {processor.py:925} INFO - DAG(s) 'example_params_trigger_ui' retrieved from /home/chirag/airflow/lib/python3.12/site-packages/airflow/example_dags/example_params_trigger_ui.py
[2024-11-09T19:31:02.033+0000] {logging_mixin.py:190} INFO - [2024-11-09T19:31:02.032+0000] {dag.py:3239} INFO - Sync 1 DAGs
[2024-11-09T19:31:02.056+0000] {logging_mixin.py:190} INFO - [2024-11-09T19:31:02.056+0000] {dag.py:4180} INFO - Setting next_dagrun for example_params_trigger_ui to None, run_after=None
[2024-11-09T19:31:02.089+0000] {processor.py:208} INFO - Processing /home/chirag/airflow/lib/python3.12/site-packages/airflow/example_dags/example_params_trigger_ui.py took 0.184 seconds
[2024-11-09T19:32:42.409+0000] {processor.py:186} INFO - Started process (PID=1550) to work on /home/chirag/airflow/lib/python3.12/site-packages/airflow/example_dags/example_params_trigger_ui.py
[2024-11-09T19:32:42.413+0000] {processor.py:914} INFO - Processing file /home/chirag/airflow/lib/python3.12/site-packages/airflow/example_dags/example_params_trigger_ui.py for tasks to queue
[2024-11-09T19:32:42.427+0000] {logging_mixin.py:190} INFO - [2024-11-09T19:32:42.426+0000] {dagbag.py:588} INFO - Filling up the DagBag from /home/chirag/airflow/lib/python3.12/site-packages/airflow/example_dags/example_params_trigger_ui.py
[2024-11-09T19:32:42.495+0000] {processor.py:925} INFO - DAG(s) 'example_params_trigger_ui' retrieved from /home/chirag/airflow/lib/python3.12/site-packages/airflow/example_dags/example_params_trigger_ui.py
[2024-11-09T19:32:42.618+0000] {logging_mixin.py:190} INFO - [2024-11-09T19:32:42.618+0000] {dag.py:3239} INFO - Sync 1 DAGs
[2024-11-09T19:32:42.660+0000] {logging_mixin.py:190} INFO - [2024-11-09T19:32:42.660+0000] {dag.py:4180} INFO - Setting next_dagrun for example_params_trigger_ui to None, run_after=None
[2024-11-09T19:32:42.733+0000] {processor.py:208} INFO - Processing /home/chirag/airflow/lib/python3.12/site-packages/airflow/example_dags/example_params_trigger_ui.py took 0.357 seconds
[2024-11-09T19:34:04.735+0000] {processor.py:186} INFO - Started process (PID=2123) to work on /home/chirag/airflow/lib/python3.12/site-packages/airflow/example_dags/example_params_trigger_ui.py
[2024-11-09T19:34:04.739+0000] {processor.py:914} INFO - Processing file /home/chirag/airflow/lib/python3.12/site-packages/airflow/example_dags/example_params_trigger_ui.py for tasks to queue
[2024-11-09T19:34:04.742+0000] {logging_mixin.py:190} INFO - [2024-11-09T19:34:04.741+0000] {dagbag.py:588} INFO - Filling up the DagBag from /home/chirag/airflow/lib/python3.12/site-packages/airflow/example_dags/example_params_trigger_ui.py
[2024-11-09T19:34:04.758+0000] {processor.py:925} INFO - DAG(s) 'example_params_trigger_ui' retrieved from /home/chirag/airflow/lib/python3.12/site-packages/airflow/example_dags/example_params_trigger_ui.py
[2024-11-09T19:34:04.812+0000] {logging_mixin.py:190} INFO - [2024-11-09T19:34:04.812+0000] {dag.py:3239} INFO - Sync 1 DAGs
[2024-11-09T19:34:04.834+0000] {logging_mixin.py:190} INFO - [2024-11-09T19:34:04.833+0000] {dag.py:4180} INFO - Setting next_dagrun for example_params_trigger_ui to None, run_after=None
[2024-11-09T19:34:05.024+0000] {processor.py:208} INFO - Processing /home/chirag/airflow/lib/python3.12/site-packages/airflow/example_dags/example_params_trigger_ui.py took 0.297 seconds
[2024-11-09T19:35:30.651+0000] {processor.py:186} INFO - Started process (PID=2662) to work on /home/chirag/airflow/lib/python3.12/site-packages/airflow/example_dags/example_params_trigger_ui.py
[2024-11-09T19:35:30.657+0000] {processor.py:914} INFO - Processing file /home/chirag/airflow/lib/python3.12/site-packages/airflow/example_dags/example_params_trigger_ui.py for tasks to queue
[2024-11-09T19:35:30.661+0000] {logging_mixin.py:190} INFO - [2024-11-09T19:35:30.660+0000] {dagbag.py:588} INFO - Filling up the DagBag from /home/chirag/airflow/lib/python3.12/site-packages/airflow/example_dags/example_params_trigger_ui.py
[2024-11-09T19:35:30.681+0000] {processor.py:925} INFO - DAG(s) 'example_params_trigger_ui' retrieved from /home/chirag/airflow/lib/python3.12/site-packages/airflow/example_dags/example_params_trigger_ui.py
[2024-11-09T19:35:30.748+0000] {logging_mixin.py:190} INFO - [2024-11-09T19:35:30.748+0000] {dag.py:3239} INFO - Sync 1 DAGs
[2024-11-09T19:35:30.767+0000] {logging_mixin.py:190} INFO - [2024-11-09T19:35:30.767+0000] {dag.py:4180} INFO - Setting next_dagrun for example_params_trigger_ui to None, run_after=None
[2024-11-09T19:35:30.802+0000] {processor.py:208} INFO - Processing /home/chirag/airflow/lib/python3.12/site-packages/airflow/example_dags/example_params_trigger_ui.py took 0.161 seconds
[2024-11-09T19:36:53.817+0000] {processor.py:186} INFO - Started process (PID=2891) to work on /home/chirag/airflow/lib/python3.12/site-packages/airflow/example_dags/example_params_trigger_ui.py
[2024-11-09T19:36:53.819+0000] {processor.py:914} INFO - Processing file /home/chirag/airflow/lib/python3.12/site-packages/airflow/example_dags/example_params_trigger_ui.py for tasks to queue
[2024-11-09T19:36:53.823+0000] {logging_mixin.py:190} INFO - [2024-11-09T19:36:53.823+0000] {dagbag.py:588} INFO - Filling up the DagBag from /home/chirag/airflow/lib/python3.12/site-packages/airflow/example_dags/example_params_trigger_ui.py
[2024-11-09T19:36:53.841+0000] {processor.py:925} INFO - DAG(s) 'example_params_trigger_ui' retrieved from /home/chirag/airflow/lib/python3.12/site-packages/airflow/example_dags/example_params_trigger_ui.py
[2024-11-09T19:36:53.916+0000] {logging_mixin.py:190} INFO - [2024-11-09T19:36:53.916+0000] {dag.py:3239} INFO - Sync 1 DAGs
[2024-11-09T19:36:53.935+0000] {logging_mixin.py:190} INFO - [2024-11-09T19:36:53.934+0000] {dag.py:4180} INFO - Setting next_dagrun for example_params_trigger_ui to None, run_after=None
[2024-11-09T19:36:53.974+0000] {processor.py:208} INFO - Processing /home/chirag/airflow/lib/python3.12/site-packages/airflow/example_dags/example_params_trigger_ui.py took 0.165 seconds
[2024-11-09T19:38:03.127+0000] {processor.py:186} INFO - Started process (PID=3184) to work on /home/chirag/airflow/lib/python3.12/site-packages/airflow/example_dags/example_params_trigger_ui.py
[2024-11-09T19:38:03.130+0000] {processor.py:914} INFO - Processing file /home/chirag/airflow/lib/python3.12/site-packages/airflow/example_dags/example_params_trigger_ui.py for tasks to queue
[2024-11-09T19:38:03.134+0000] {logging_mixin.py:190} INFO - [2024-11-09T19:38:03.133+0000] {dagbag.py:588} INFO - Filling up the DagBag from /home/chirag/airflow/lib/python3.12/site-packages/airflow/example_dags/example_params_trigger_ui.py
[2024-11-09T19:38:03.150+0000] {processor.py:925} INFO - DAG(s) 'example_params_trigger_ui' retrieved from /home/chirag/airflow/lib/python3.12/site-packages/airflow/example_dags/example_params_trigger_ui.py
[2024-11-09T19:38:03.208+0000] {logging_mixin.py:190} INFO - [2024-11-09T19:38:03.207+0000] {dag.py:3239} INFO - Sync 1 DAGs
[2024-11-09T19:38:03.227+0000] {logging_mixin.py:190} INFO - [2024-11-09T19:38:03.227+0000] {dag.py:4180} INFO - Setting next_dagrun for example_params_trigger_ui to None, run_after=None
[2024-11-09T19:38:03.264+0000] {processor.py:208} INFO - Processing /home/chirag/airflow/lib/python3.12/site-packages/airflow/example_dags/example_params_trigger_ui.py took 0.146 seconds
[2024-11-09T19:39:19.128+0000] {processor.py:186} INFO - Started process (PID=3478) to work on /home/chirag/airflow/lib/python3.12/site-packages/airflow/example_dags/example_params_trigger_ui.py
[2024-11-09T19:39:19.131+0000] {processor.py:914} INFO - Processing file /home/chirag/airflow/lib/python3.12/site-packages/airflow/example_dags/example_params_trigger_ui.py for tasks to queue
[2024-11-09T19:39:19.136+0000] {logging_mixin.py:190} INFO - [2024-11-09T19:39:19.135+0000] {dagbag.py:588} INFO - Filling up the DagBag from /home/chirag/airflow/lib/python3.12/site-packages/airflow/example_dags/example_params_trigger_ui.py
[2024-11-09T19:39:19.169+0000] {processor.py:925} INFO - DAG(s) 'example_params_trigger_ui' retrieved from /home/chirag/airflow/lib/python3.12/site-packages/airflow/example_dags/example_params_trigger_ui.py
[2024-11-09T19:39:19.308+0000] {logging_mixin.py:190} INFO - [2024-11-09T19:39:19.308+0000] {dag.py:3239} INFO - Sync 1 DAGs
[2024-11-09T19:39:19.396+0000] {logging_mixin.py:190} INFO - [2024-11-09T19:39:19.396+0000] {dag.py:4180} INFO - Setting next_dagrun for example_params_trigger_ui to None, run_after=None
[2024-11-09T19:39:19.512+0000] {processor.py:208} INFO - Processing /home/chirag/airflow/lib/python3.12/site-packages/airflow/example_dags/example_params_trigger_ui.py took 0.413 seconds
[2024-11-09T19:40:44.476+0000] {processor.py:186} INFO - Started process (PID=3709) to work on /home/chirag/airflow/lib/python3.12/site-packages/airflow/example_dags/example_params_trigger_ui.py
[2024-11-09T19:40:44.484+0000] {processor.py:914} INFO - Processing file /home/chirag/airflow/lib/python3.12/site-packages/airflow/example_dags/example_params_trigger_ui.py for tasks to queue
[2024-11-09T19:40:44.487+0000] {logging_mixin.py:190} INFO - [2024-11-09T19:40:44.487+0000] {dagbag.py:588} INFO - Filling up the DagBag from /home/chirag/airflow/lib/python3.12/site-packages/airflow/example_dags/example_params_trigger_ui.py
[2024-11-09T19:40:44.505+0000] {processor.py:925} INFO - DAG(s) 'example_params_trigger_ui' retrieved from /home/chirag/airflow/lib/python3.12/site-packages/airflow/example_dags/example_params_trigger_ui.py
[2024-11-09T19:40:44.566+0000] {logging_mixin.py:190} INFO - [2024-11-09T19:40:44.565+0000] {dag.py:3239} INFO - Sync 1 DAGs
[2024-11-09T19:40:44.586+0000] {logging_mixin.py:190} INFO - [2024-11-09T19:40:44.586+0000] {dag.py:4180} INFO - Setting next_dagrun for example_params_trigger_ui to None, run_after=None
[2024-11-09T19:40:44.633+0000] {processor.py:208} INFO - Processing /home/chirag/airflow/lib/python3.12/site-packages/airflow/example_dags/example_params_trigger_ui.py took 0.165 seconds
[2024-11-09T19:41:57.357+0000] {processor.py:186} INFO - Started process (PID=3917) to work on /home/chirag/airflow/lib/python3.12/site-packages/airflow/example_dags/example_params_trigger_ui.py
[2024-11-09T19:41:57.363+0000] {processor.py:914} INFO - Processing file /home/chirag/airflow/lib/python3.12/site-packages/airflow/example_dags/example_params_trigger_ui.py for tasks to queue
[2024-11-09T19:41:57.367+0000] {logging_mixin.py:190} INFO - [2024-11-09T19:41:57.366+0000] {dagbag.py:588} INFO - Filling up the DagBag from /home/chirag/airflow/lib/python3.12/site-packages/airflow/example_dags/example_params_trigger_ui.py
[2024-11-09T19:41:57.382+0000] {processor.py:925} INFO - DAG(s) 'example_params_trigger_ui' retrieved from /home/chirag/airflow/lib/python3.12/site-packages/airflow/example_dags/example_params_trigger_ui.py
[2024-11-09T19:41:57.436+0000] {logging_mixin.py:190} INFO - [2024-11-09T19:41:57.436+0000] {dag.py:3239} INFO - Sync 1 DAGs
[2024-11-09T19:41:57.458+0000] {logging_mixin.py:190} INFO - [2024-11-09T19:41:57.457+0000] {dag.py:4180} INFO - Setting next_dagrun for example_params_trigger_ui to None, run_after=None
[2024-11-09T19:41:57.495+0000] {processor.py:208} INFO - Processing /home/chirag/airflow/lib/python3.12/site-packages/airflow/example_dags/example_params_trigger_ui.py took 0.146 seconds
[2024-11-09T19:43:15.199+0000] {processor.py:186} INFO - Started process (PID=4138) to work on /home/chirag/airflow/lib/python3.12/site-packages/airflow/example_dags/example_params_trigger_ui.py
[2024-11-09T19:43:15.201+0000] {processor.py:914} INFO - Processing file /home/chirag/airflow/lib/python3.12/site-packages/airflow/example_dags/example_params_trigger_ui.py for tasks to queue
[2024-11-09T19:43:15.205+0000] {logging_mixin.py:190} INFO - [2024-11-09T19:43:15.204+0000] {dagbag.py:588} INFO - Filling up the DagBag from /home/chirag/airflow/lib/python3.12/site-packages/airflow/example_dags/example_params_trigger_ui.py
[2024-11-09T19:43:15.221+0000] {processor.py:925} INFO - DAG(s) 'example_params_trigger_ui' retrieved from /home/chirag/airflow/lib/python3.12/site-packages/airflow/example_dags/example_params_trigger_ui.py
[2024-11-09T19:43:15.283+0000] {logging_mixin.py:190} INFO - [2024-11-09T19:43:15.283+0000] {dag.py:3239} INFO - Sync 1 DAGs
[2024-11-09T19:43:15.302+0000] {logging_mixin.py:190} INFO - [2024-11-09T19:43:15.302+0000] {dag.py:4180} INFO - Setting next_dagrun for example_params_trigger_ui to None, run_after=None
[2024-11-09T19:43:15.341+0000] {processor.py:208} INFO - Processing /home/chirag/airflow/lib/python3.12/site-packages/airflow/example_dags/example_params_trigger_ui.py took 0.151 seconds
[2024-11-09T19:44:30.179+0000] {processor.py:186} INFO - Started process (PID=4352) to work on /home/chirag/airflow/lib/python3.12/site-packages/airflow/example_dags/example_params_trigger_ui.py
[2024-11-09T19:44:30.182+0000] {processor.py:914} INFO - Processing file /home/chirag/airflow/lib/python3.12/site-packages/airflow/example_dags/example_params_trigger_ui.py for tasks to queue
[2024-11-09T19:44:30.187+0000] {logging_mixin.py:190} INFO - [2024-11-09T19:44:30.186+0000] {dagbag.py:588} INFO - Filling up the DagBag from /home/chirag/airflow/lib/python3.12/site-packages/airflow/example_dags/example_params_trigger_ui.py
[2024-11-09T19:44:30.211+0000] {processor.py:925} INFO - DAG(s) 'example_params_trigger_ui' retrieved from /home/chirag/airflow/lib/python3.12/site-packages/airflow/example_dags/example_params_trigger_ui.py
[2024-11-09T19:44:30.307+0000] {logging_mixin.py:190} INFO - [2024-11-09T19:44:30.307+0000] {dag.py:3239} INFO - Sync 1 DAGs
[2024-11-09T19:44:30.332+0000] {logging_mixin.py:190} INFO - [2024-11-09T19:44:30.331+0000] {dag.py:4180} INFO - Setting next_dagrun for example_params_trigger_ui to None, run_after=None
[2024-11-09T19:44:30.367+0000] {processor.py:208} INFO - Processing /home/chirag/airflow/lib/python3.12/site-packages/airflow/example_dags/example_params_trigger_ui.py took 0.196 seconds
[2024-11-09T19:46:11.643+0000] {processor.py:186} INFO - Started process (PID=4644) to work on /home/chirag/airflow/lib/python3.12/site-packages/airflow/example_dags/example_params_trigger_ui.py
[2024-11-09T19:46:11.647+0000] {processor.py:914} INFO - Processing file /home/chirag/airflow/lib/python3.12/site-packages/airflow/example_dags/example_params_trigger_ui.py for tasks to queue
[2024-11-09T19:46:11.651+0000] {logging_mixin.py:190} INFO - [2024-11-09T19:46:11.650+0000] {dagbag.py:588} INFO - Filling up the DagBag from /home/chirag/airflow/lib/python3.12/site-packages/airflow/example_dags/example_params_trigger_ui.py
[2024-11-09T19:46:11.671+0000] {processor.py:925} INFO - DAG(s) 'example_params_trigger_ui' retrieved from /home/chirag/airflow/lib/python3.12/site-packages/airflow/example_dags/example_params_trigger_ui.py
[2024-11-09T19:46:11.729+0000] {logging_mixin.py:190} INFO - [2024-11-09T19:46:11.728+0000] {dag.py:3239} INFO - Sync 1 DAGs
[2024-11-09T19:46:11.749+0000] {logging_mixin.py:190} INFO - [2024-11-09T19:46:11.748+0000] {dag.py:4180} INFO - Setting next_dagrun for example_params_trigger_ui to None, run_after=None
[2024-11-09T19:46:11.783+0000] {processor.py:208} INFO - Processing /home/chirag/airflow/lib/python3.12/site-packages/airflow/example_dags/example_params_trigger_ui.py took 0.151 seconds
[2024-11-09T19:47:34.772+0000] {processor.py:186} INFO - Started process (PID=4922) to work on /home/chirag/airflow/lib/python3.12/site-packages/airflow/example_dags/example_params_trigger_ui.py
[2024-11-09T19:47:34.776+0000] {processor.py:914} INFO - Processing file /home/chirag/airflow/lib/python3.12/site-packages/airflow/example_dags/example_params_trigger_ui.py for tasks to queue
[2024-11-09T19:47:34.779+0000] {logging_mixin.py:190} INFO - [2024-11-09T19:47:34.778+0000] {dagbag.py:588} INFO - Filling up the DagBag from /home/chirag/airflow/lib/python3.12/site-packages/airflow/example_dags/example_params_trigger_ui.py
[2024-11-09T19:47:34.796+0000] {processor.py:925} INFO - DAG(s) 'example_params_trigger_ui' retrieved from /home/chirag/airflow/lib/python3.12/site-packages/airflow/example_dags/example_params_trigger_ui.py
[2024-11-09T19:47:34.850+0000] {logging_mixin.py:190} INFO - [2024-11-09T19:47:34.849+0000] {dag.py:3239} INFO - Sync 1 DAGs
[2024-11-09T19:47:34.871+0000] {logging_mixin.py:190} INFO - [2024-11-09T19:47:34.871+0000] {dag.py:4180} INFO - Setting next_dagrun for example_params_trigger_ui to None, run_after=None
[2024-11-09T19:47:34.910+0000] {processor.py:208} INFO - Processing /home/chirag/airflow/lib/python3.12/site-packages/airflow/example_dags/example_params_trigger_ui.py took 0.146 seconds
[2024-11-09T19:48:53.804+0000] {processor.py:186} INFO - Started process (PID=5156) to work on /home/chirag/airflow/lib/python3.12/site-packages/airflow/example_dags/example_params_trigger_ui.py
[2024-11-09T19:48:53.808+0000] {processor.py:914} INFO - Processing file /home/chirag/airflow/lib/python3.12/site-packages/airflow/example_dags/example_params_trigger_ui.py for tasks to queue
[2024-11-09T19:48:53.811+0000] {logging_mixin.py:190} INFO - [2024-11-09T19:48:53.810+0000] {dagbag.py:588} INFO - Filling up the DagBag from /home/chirag/airflow/lib/python3.12/site-packages/airflow/example_dags/example_params_trigger_ui.py
[2024-11-09T19:48:53.829+0000] {processor.py:925} INFO - DAG(s) 'example_params_trigger_ui' retrieved from /home/chirag/airflow/lib/python3.12/site-packages/airflow/example_dags/example_params_trigger_ui.py
[2024-11-09T19:48:53.984+0000] {logging_mixin.py:190} INFO - [2024-11-09T19:48:53.983+0000] {dag.py:3239} INFO - Sync 1 DAGs
[2024-11-09T19:48:54.002+0000] {logging_mixin.py:190} INFO - [2024-11-09T19:48:54.002+0000] {dag.py:4180} INFO - Setting next_dagrun for example_params_trigger_ui to None, run_after=None
[2024-11-09T19:48:54.036+0000] {processor.py:208} INFO - Processing /home/chirag/airflow/lib/python3.12/site-packages/airflow/example_dags/example_params_trigger_ui.py took 0.240 seconds
[2024-11-09T19:50:05.482+0000] {processor.py:186} INFO - Started process (PID=5488) to work on /home/chirag/airflow/lib/python3.12/site-packages/airflow/example_dags/example_params_trigger_ui.py
[2024-11-09T19:50:05.485+0000] {processor.py:914} INFO - Processing file /home/chirag/airflow/lib/python3.12/site-packages/airflow/example_dags/example_params_trigger_ui.py for tasks to queue
[2024-11-09T19:50:05.488+0000] {logging_mixin.py:190} INFO - [2024-11-09T19:50:05.487+0000] {dagbag.py:588} INFO - Filling up the DagBag from /home/chirag/airflow/lib/python3.12/site-packages/airflow/example_dags/example_params_trigger_ui.py
[2024-11-09T19:50:05.505+0000] {processor.py:925} INFO - DAG(s) 'example_params_trigger_ui' retrieved from /home/chirag/airflow/lib/python3.12/site-packages/airflow/example_dags/example_params_trigger_ui.py
[2024-11-09T19:50:05.559+0000] {logging_mixin.py:190} INFO - [2024-11-09T19:50:05.559+0000] {dag.py:3239} INFO - Sync 1 DAGs
[2024-11-09T19:50:05.581+0000] {logging_mixin.py:190} INFO - [2024-11-09T19:50:05.580+0000] {dag.py:4180} INFO - Setting next_dagrun for example_params_trigger_ui to None, run_after=None
[2024-11-09T19:50:05.654+0000] {processor.py:208} INFO - Processing /home/chirag/airflow/lib/python3.12/site-packages/airflow/example_dags/example_params_trigger_ui.py took 0.181 seconds
[2024-11-09T19:51:17.326+0000] {processor.py:186} INFO - Started process (PID=6099) to work on /home/chirag/airflow/lib/python3.12/site-packages/airflow/example_dags/example_params_trigger_ui.py
[2024-11-09T19:51:17.329+0000] {processor.py:914} INFO - Processing file /home/chirag/airflow/lib/python3.12/site-packages/airflow/example_dags/example_params_trigger_ui.py for tasks to queue
[2024-11-09T19:51:17.332+0000] {logging_mixin.py:190} INFO - [2024-11-09T19:51:17.332+0000] {dagbag.py:588} INFO - Filling up the DagBag from /home/chirag/airflow/lib/python3.12/site-packages/airflow/example_dags/example_params_trigger_ui.py
[2024-11-09T19:51:17.349+0000] {processor.py:925} INFO - DAG(s) 'example_params_trigger_ui' retrieved from /home/chirag/airflow/lib/python3.12/site-packages/airflow/example_dags/example_params_trigger_ui.py
[2024-11-09T19:51:17.403+0000] {logging_mixin.py:190} INFO - [2024-11-09T19:51:17.403+0000] {dag.py:3239} INFO - Sync 1 DAGs
[2024-11-09T19:51:17.425+0000] {logging_mixin.py:190} INFO - [2024-11-09T19:51:17.424+0000] {dag.py:4180} INFO - Setting next_dagrun for example_params_trigger_ui to None, run_after=None
[2024-11-09T19:51:17.461+0000] {processor.py:208} INFO - Processing /home/chirag/airflow/lib/python3.12/site-packages/airflow/example_dags/example_params_trigger_ui.py took 0.144 seconds
[2024-11-09T19:52:50.973+0000] {processor.py:186} INFO - Started process (PID=6481) to work on /home/chirag/airflow/lib/python3.12/site-packages/airflow/example_dags/example_params_trigger_ui.py
[2024-11-09T19:52:50.976+0000] {processor.py:914} INFO - Processing file /home/chirag/airflow/lib/python3.12/site-packages/airflow/example_dags/example_params_trigger_ui.py for tasks to queue
[2024-11-09T19:52:50.990+0000] {logging_mixin.py:190} INFO - [2024-11-09T19:52:50.980+0000] {dagbag.py:588} INFO - Filling up the DagBag from /home/chirag/airflow/lib/python3.12/site-packages/airflow/example_dags/example_params_trigger_ui.py
[2024-11-09T19:52:51.022+0000] {processor.py:925} INFO - DAG(s) 'example_params_trigger_ui' retrieved from /home/chirag/airflow/lib/python3.12/site-packages/airflow/example_dags/example_params_trigger_ui.py
[2024-11-09T19:52:51.255+0000] {logging_mixin.py:190} INFO - [2024-11-09T19:52:51.253+0000] {dag.py:3239} INFO - Sync 1 DAGs
[2024-11-09T19:52:51.333+0000] {logging_mixin.py:190} INFO - [2024-11-09T19:52:51.331+0000] {dag.py:4180} INFO - Setting next_dagrun for example_params_trigger_ui to None, run_after=None
[2024-11-09T19:52:51.451+0000] {processor.py:208} INFO - Processing /home/chirag/airflow/lib/python3.12/site-packages/airflow/example_dags/example_params_trigger_ui.py took 0.494 seconds
[2024-11-09T19:54:22.050+0000] {processor.py:186} INFO - Started process (PID=7160) to work on /home/chirag/airflow/lib/python3.12/site-packages/airflow/example_dags/example_params_trigger_ui.py
[2024-11-09T19:54:22.054+0000] {processor.py:914} INFO - Processing file /home/chirag/airflow/lib/python3.12/site-packages/airflow/example_dags/example_params_trigger_ui.py for tasks to queue
[2024-11-09T19:54:22.057+0000] {logging_mixin.py:190} INFO - [2024-11-09T19:54:22.057+0000] {dagbag.py:588} INFO - Filling up the DagBag from /home/chirag/airflow/lib/python3.12/site-packages/airflow/example_dags/example_params_trigger_ui.py
[2024-11-09T19:54:22.074+0000] {processor.py:925} INFO - DAG(s) 'example_params_trigger_ui' retrieved from /home/chirag/airflow/lib/python3.12/site-packages/airflow/example_dags/example_params_trigger_ui.py
[2024-11-09T19:54:22.162+0000] {logging_mixin.py:190} INFO - [2024-11-09T19:54:22.162+0000] {dag.py:3239} INFO - Sync 1 DAGs
[2024-11-09T19:54:22.192+0000] {logging_mixin.py:190} INFO - [2024-11-09T19:54:22.192+0000] {dag.py:4180} INFO - Setting next_dagrun for example_params_trigger_ui to None, run_after=None
[2024-11-09T19:54:22.234+0000] {processor.py:208} INFO - Processing /home/chirag/airflow/lib/python3.12/site-packages/airflow/example_dags/example_params_trigger_ui.py took 0.192 seconds
[2024-11-09T19:55:38.922+0000] {processor.py:186} INFO - Started process (PID=7714) to work on /home/chirag/airflow/lib/python3.12/site-packages/airflow/example_dags/example_params_trigger_ui.py
[2024-11-09T19:55:38.927+0000] {processor.py:914} INFO - Processing file /home/chirag/airflow/lib/python3.12/site-packages/airflow/example_dags/example_params_trigger_ui.py for tasks to queue
[2024-11-09T19:55:38.931+0000] {logging_mixin.py:190} INFO - [2024-11-09T19:55:38.931+0000] {dagbag.py:588} INFO - Filling up the DagBag from /home/chirag/airflow/lib/python3.12/site-packages/airflow/example_dags/example_params_trigger_ui.py
[2024-11-09T19:55:38.950+0000] {processor.py:925} INFO - DAG(s) 'example_params_trigger_ui' retrieved from /home/chirag/airflow/lib/python3.12/site-packages/airflow/example_dags/example_params_trigger_ui.py
[2024-11-09T19:55:39.008+0000] {logging_mixin.py:190} INFO - [2024-11-09T19:55:39.007+0000] {dag.py:3239} INFO - Sync 1 DAGs
[2024-11-09T19:55:39.027+0000] {logging_mixin.py:190} INFO - [2024-11-09T19:55:39.027+0000] {dag.py:4180} INFO - Setting next_dagrun for example_params_trigger_ui to None, run_after=None
[2024-11-09T19:55:39.063+0000] {processor.py:208} INFO - Processing /home/chirag/airflow/lib/python3.12/site-packages/airflow/example_dags/example_params_trigger_ui.py took 0.151 seconds
[2024-11-09T19:57:29.983+0000] {processor.py:186} INFO - Started process (PID=8124) to work on /home/chirag/airflow/lib/python3.12/site-packages/airflow/example_dags/example_params_trigger_ui.py
[2024-11-09T19:57:29.986+0000] {processor.py:914} INFO - Processing file /home/chirag/airflow/lib/python3.12/site-packages/airflow/example_dags/example_params_trigger_ui.py for tasks to queue
[2024-11-09T19:57:29.991+0000] {logging_mixin.py:190} INFO - [2024-11-09T19:57:29.990+0000] {dagbag.py:588} INFO - Filling up the DagBag from /home/chirag/airflow/lib/python3.12/site-packages/airflow/example_dags/example_params_trigger_ui.py
[2024-11-09T19:57:30.011+0000] {processor.py:925} INFO - DAG(s) 'example_params_trigger_ui' retrieved from /home/chirag/airflow/lib/python3.12/site-packages/airflow/example_dags/example_params_trigger_ui.py
[2024-11-09T19:57:30.212+0000] {logging_mixin.py:190} INFO - [2024-11-09T19:57:30.212+0000] {dag.py:3239} INFO - Sync 1 DAGs
[2024-11-09T19:57:30.254+0000] {logging_mixin.py:190} INFO - [2024-11-09T19:57:30.253+0000] {dag.py:4180} INFO - Setting next_dagrun for example_params_trigger_ui to None, run_after=None
[2024-11-09T19:57:30.319+0000] {processor.py:208} INFO - Processing /home/chirag/airflow/lib/python3.12/site-packages/airflow/example_dags/example_params_trigger_ui.py took 0.347 seconds
[2024-11-09T19:59:13.598+0000] {processor.py:186} INFO - Started process (PID=8562) to work on /home/chirag/airflow/lib/python3.12/site-packages/airflow/example_dags/example_params_trigger_ui.py
[2024-11-09T19:59:13.603+0000] {processor.py:914} INFO - Processing file /home/chirag/airflow/lib/python3.12/site-packages/airflow/example_dags/example_params_trigger_ui.py for tasks to queue
[2024-11-09T19:59:13.617+0000] {logging_mixin.py:190} INFO - [2024-11-09T19:59:13.616+0000] {dagbag.py:588} INFO - Filling up the DagBag from /home/chirag/airflow/lib/python3.12/site-packages/airflow/example_dags/example_params_trigger_ui.py
[2024-11-09T19:59:13.667+0000] {processor.py:925} INFO - DAG(s) 'example_params_trigger_ui' retrieved from /home/chirag/airflow/lib/python3.12/site-packages/airflow/example_dags/example_params_trigger_ui.py
[2024-11-09T19:59:13.921+0000] {logging_mixin.py:190} INFO - [2024-11-09T19:59:13.920+0000] {dag.py:3239} INFO - Sync 1 DAGs
[2024-11-09T19:59:13.936+0000] {logging_mixin.py:190} INFO - [2024-11-09T19:59:13.936+0000] {dag.py:3262} INFO - Creating ORM DAG for example_params_trigger_ui
[2024-11-09T19:59:13.937+0000] {logging_mixin.py:190} INFO - [2024-11-09T19:59:13.937+0000] {dag.py:4180} INFO - Setting next_dagrun for example_params_trigger_ui to None, run_after=None
[2024-11-09T19:59:13.985+0000] {processor.py:208} INFO - Processing /home/chirag/airflow/lib/python3.12/site-packages/airflow/example_dags/example_params_trigger_ui.py took 0.411 seconds
[2024-11-09T20:23:13.126+0000] {processor.py:186} INFO - Started process (PID=12777) to work on /home/chirag/airflow/lib/python3.12/site-packages/airflow/example_dags/example_params_trigger_ui.py
[2024-11-09T20:23:13.129+0000] {processor.py:914} INFO - Processing file /home/chirag/airflow/lib/python3.12/site-packages/airflow/example_dags/example_params_trigger_ui.py for tasks to queue
[2024-11-09T20:23:13.133+0000] {logging_mixin.py:190} INFO - [2024-11-09T20:23:13.132+0000] {dagbag.py:588} INFO - Filling up the DagBag from /home/chirag/airflow/lib/python3.12/site-packages/airflow/example_dags/example_params_trigger_ui.py
[2024-11-09T20:23:13.149+0000] {processor.py:925} INFO - DAG(s) 'example_params_trigger_ui' retrieved from /home/chirag/airflow/lib/python3.12/site-packages/airflow/example_dags/example_params_trigger_ui.py
[2024-11-09T20:23:13.211+0000] {logging_mixin.py:190} INFO - [2024-11-09T20:23:13.211+0000] {dag.py:3239} INFO - Sync 1 DAGs
[2024-11-09T20:23:13.232+0000] {logging_mixin.py:190} INFO - [2024-11-09T20:23:13.232+0000] {dag.py:4180} INFO - Setting next_dagrun for example_params_trigger_ui to None, run_after=None
[2024-11-09T20:23:13.269+0000] {processor.py:208} INFO - Processing /home/chirag/airflow/lib/python3.12/site-packages/airflow/example_dags/example_params_trigger_ui.py took 0.151 seconds
[2024-11-09T20:24:27.053+0000] {processor.py:186} INFO - Started process (PID=12991) to work on /home/chirag/airflow/lib/python3.12/site-packages/airflow/example_dags/example_params_trigger_ui.py
[2024-11-09T20:24:27.056+0000] {processor.py:914} INFO - Processing file /home/chirag/airflow/lib/python3.12/site-packages/airflow/example_dags/example_params_trigger_ui.py for tasks to queue
[2024-11-09T20:24:27.059+0000] {logging_mixin.py:190} INFO - [2024-11-09T20:24:27.059+0000] {dagbag.py:588} INFO - Filling up the DagBag from /home/chirag/airflow/lib/python3.12/site-packages/airflow/example_dags/example_params_trigger_ui.py
[2024-11-09T20:24:27.075+0000] {processor.py:925} INFO - DAG(s) 'example_params_trigger_ui' retrieved from /home/chirag/airflow/lib/python3.12/site-packages/airflow/example_dags/example_params_trigger_ui.py
[2024-11-09T20:24:27.138+0000] {logging_mixin.py:190} INFO - [2024-11-09T20:24:27.137+0000] {dag.py:3239} INFO - Sync 1 DAGs
[2024-11-09T20:24:27.157+0000] {logging_mixin.py:190} INFO - [2024-11-09T20:24:27.156+0000] {dag.py:4180} INFO - Setting next_dagrun for example_params_trigger_ui to None, run_after=None
[2024-11-09T20:24:27.192+0000] {processor.py:208} INFO - Processing /home/chirag/airflow/lib/python3.12/site-packages/airflow/example_dags/example_params_trigger_ui.py took 0.147 seconds
[2024-11-09T20:26:00.987+0000] {processor.py:186} INFO - Started process (PID=13371) to work on /home/chirag/airflow/lib/python3.12/site-packages/airflow/example_dags/example_params_trigger_ui.py
[2024-11-09T20:26:00.989+0000] {processor.py:914} INFO - Processing file /home/chirag/airflow/lib/python3.12/site-packages/airflow/example_dags/example_params_trigger_ui.py for tasks to queue
[2024-11-09T20:26:00.992+0000] {logging_mixin.py:190} INFO - [2024-11-09T20:26:00.992+0000] {dagbag.py:588} INFO - Filling up the DagBag from /home/chirag/airflow/lib/python3.12/site-packages/airflow/example_dags/example_params_trigger_ui.py
[2024-11-09T20:26:01.008+0000] {processor.py:925} INFO - DAG(s) 'example_params_trigger_ui' retrieved from /home/chirag/airflow/lib/python3.12/site-packages/airflow/example_dags/example_params_trigger_ui.py
[2024-11-09T20:26:01.109+0000] {logging_mixin.py:190} INFO - [2024-11-09T20:26:01.109+0000] {dag.py:3239} INFO - Sync 1 DAGs
[2024-11-09T20:26:01.136+0000] {logging_mixin.py:190} INFO - [2024-11-09T20:26:01.135+0000] {dag.py:4180} INFO - Setting next_dagrun for example_params_trigger_ui to None, run_after=None
[2024-11-09T20:26:01.179+0000] {processor.py:208} INFO - Processing /home/chirag/airflow/lib/python3.12/site-packages/airflow/example_dags/example_params_trigger_ui.py took 0.200 seconds
[2024-11-09T20:27:51.038+0000] {processor.py:186} INFO - Started process (PID=13932) to work on /home/chirag/airflow/lib/python3.12/site-packages/airflow/example_dags/example_params_trigger_ui.py
[2024-11-09T20:27:51.045+0000] {processor.py:914} INFO - Processing file /home/chirag/airflow/lib/python3.12/site-packages/airflow/example_dags/example_params_trigger_ui.py for tasks to queue
[2024-11-09T20:27:51.048+0000] {logging_mixin.py:190} INFO - [2024-11-09T20:27:51.048+0000] {dagbag.py:588} INFO - Filling up the DagBag from /home/chirag/airflow/lib/python3.12/site-packages/airflow/example_dags/example_params_trigger_ui.py
[2024-11-09T20:27:51.065+0000] {processor.py:925} INFO - DAG(s) 'example_params_trigger_ui' retrieved from /home/chirag/airflow/lib/python3.12/site-packages/airflow/example_dags/example_params_trigger_ui.py
[2024-11-09T20:27:51.121+0000] {logging_mixin.py:190} INFO - [2024-11-09T20:27:51.121+0000] {dag.py:3239} INFO - Sync 1 DAGs
[2024-11-09T20:27:51.143+0000] {logging_mixin.py:190} INFO - [2024-11-09T20:27:51.142+0000] {dag.py:4180} INFO - Setting next_dagrun for example_params_trigger_ui to None, run_after=None
[2024-11-09T20:27:51.180+0000] {processor.py:208} INFO - Processing /home/chirag/airflow/lib/python3.12/site-packages/airflow/example_dags/example_params_trigger_ui.py took 0.150 seconds
