[2024-11-09T19:17:30.636+0000] {processor.py:186} INFO - Started process (PID=94697) to work on /home/chirag/airflow/lib/python3.12/site-packages/airflow/example_dags/example_branch_datetime_operator.py
[2024-11-09T19:17:30.638+0000] {processor.py:914} INFO - Processing file /home/chirag/airflow/lib/python3.12/site-packages/airflow/example_dags/example_branch_datetime_operator.py for tasks to queue
[2024-11-09T19:17:30.641+0000] {logging_mixin.py:190} INFO - [2024-11-09T19:17:30.641+0000] {dagbag.py:588} INFO - Filling up the DagBag from /home/chirag/airflow/lib/python3.12/site-packages/airflow/example_dags/example_branch_datetime_operator.py
[2024-11-09T19:17:30.662+0000] {processor.py:925} INFO - DAG(s) 'example_branch_datetime_operator_3', 'example_branch_datetime_operator', 'example_branch_datetime_operator_2' retrieved from /home/chirag/airflow/lib/python3.12/site-packages/airflow/example_dags/example_branch_datetime_operator.py
[2024-11-09T19:17:30.854+0000] {logging_mixin.py:190} INFO - [2024-11-09T19:17:30.853+0000] {override.py:1911} INFO - Created Permission View: can delete on DAG:example_branch_datetime_operator_3
[2024-11-09T19:17:30.884+0000] {logging_mixin.py:190} INFO - [2024-11-09T19:17:30.883+0000] {override.py:1911} INFO - Created Permission View: can read on DAG:example_branch_datetime_operator_3
[2024-11-09T19:17:30.905+0000] {logging_mixin.py:190} INFO - [2024-11-09T19:17:30.905+0000] {override.py:1911} INFO - Created Permission View: can edit on DAG:example_branch_datetime_operator_3
[2024-11-09T19:17:30.943+0000] {logging_mixin.py:190} INFO - [2024-11-09T19:17:30.942+0000] {override.py:1911} INFO - Created Permission View: menu access on DAG Run:example_branch_datetime_operator_3
[2024-11-09T19:17:30.981+0000] {logging_mixin.py:190} INFO - [2024-11-09T19:17:30.980+0000] {override.py:1911} INFO - Created Permission View: can delete on DAG Run:example_branch_datetime_operator_3
[2024-11-09T19:17:31.003+0000] {logging_mixin.py:190} INFO - [2024-11-09T19:17:31.002+0000] {override.py:1911} INFO - Created Permission View: can read on DAG Run:example_branch_datetime_operator_3
[2024-11-09T19:17:31.025+0000] {logging_mixin.py:190} INFO - [2024-11-09T19:17:31.024+0000] {override.py:1911} INFO - Created Permission View: can create on DAG Run:example_branch_datetime_operator_3
[2024-11-09T19:17:31.069+0000] {logging_mixin.py:190} INFO - [2024-11-09T19:17:31.069+0000] {override.py:1911} INFO - Created Permission View: can delete on DAG:example_branch_datetime_operator
[2024-11-09T19:17:31.090+0000] {logging_mixin.py:190} INFO - [2024-11-09T19:17:31.089+0000] {override.py:1911} INFO - Created Permission View: can read on DAG:example_branch_datetime_operator
[2024-11-09T19:17:31.108+0000] {logging_mixin.py:190} INFO - [2024-11-09T19:17:31.107+0000] {override.py:1911} INFO - Created Permission View: can edit on DAG:example_branch_datetime_operator
[2024-11-09T19:17:31.141+0000] {logging_mixin.py:190} INFO - [2024-11-09T19:17:31.141+0000] {override.py:1911} INFO - Created Permission View: menu access on DAG Run:example_branch_datetime_operator
[2024-11-09T19:17:31.162+0000] {logging_mixin.py:190} INFO - [2024-11-09T19:17:31.160+0000] {override.py:1911} INFO - Created Permission View: can delete on DAG Run:example_branch_datetime_operator
[2024-11-09T19:17:31.182+0000] {logging_mixin.py:190} INFO - [2024-11-09T19:17:31.181+0000] {override.py:1911} INFO - Created Permission View: can read on DAG Run:example_branch_datetime_operator
[2024-11-09T19:17:31.201+0000] {logging_mixin.py:190} INFO - [2024-11-09T19:17:31.200+0000] {override.py:1911} INFO - Created Permission View: can create on DAG Run:example_branch_datetime_operator
[2024-11-09T19:17:31.243+0000] {logging_mixin.py:190} INFO - [2024-11-09T19:17:31.242+0000] {override.py:1911} INFO - Created Permission View: can delete on DAG:example_branch_datetime_operator_2
[2024-11-09T19:17:31.261+0000] {logging_mixin.py:190} INFO - [2024-11-09T19:17:31.260+0000] {override.py:1911} INFO - Created Permission View: can read on DAG:example_branch_datetime_operator_2
[2024-11-09T19:17:31.281+0000] {logging_mixin.py:190} INFO - [2024-11-09T19:17:31.281+0000] {override.py:1911} INFO - Created Permission View: can edit on DAG:example_branch_datetime_operator_2
[2024-11-09T19:17:31.323+0000] {logging_mixin.py:190} INFO - [2024-11-09T19:17:31.322+0000] {override.py:1911} INFO - Created Permission View: menu access on DAG Run:example_branch_datetime_operator_2
[2024-11-09T19:17:31.342+0000] {logging_mixin.py:190} INFO - [2024-11-09T19:17:31.341+0000] {override.py:1911} INFO - Created Permission View: can delete on DAG Run:example_branch_datetime_operator_2
[2024-11-09T19:17:31.365+0000] {logging_mixin.py:190} INFO - [2024-11-09T19:17:31.365+0000] {override.py:1911} INFO - Created Permission View: can read on DAG Run:example_branch_datetime_operator_2
[2024-11-09T19:17:31.412+0000] {logging_mixin.py:190} INFO - [2024-11-09T19:17:31.411+0000] {override.py:1911} INFO - Created Permission View: can create on DAG Run:example_branch_datetime_operator_2
[2024-11-09T19:17:31.413+0000] {logging_mixin.py:190} INFO - [2024-11-09T19:17:31.413+0000] {dag.py:3239} INFO - Sync 3 DAGs
[2024-11-09T19:17:31.445+0000] {logging_mixin.py:190} INFO - [2024-11-09T19:17:31.445+0000] {dag.py:3262} INFO - Creating ORM DAG for example_branch_datetime_operator
[2024-11-09T19:17:31.447+0000] {logging_mixin.py:190} INFO - [2024-11-09T19:17:31.446+0000] {dag.py:3262} INFO - Creating ORM DAG for example_branch_datetime_operator_2
[2024-11-09T19:17:31.448+0000] {logging_mixin.py:190} INFO - [2024-11-09T19:17:31.447+0000] {dag.py:3262} INFO - Creating ORM DAG for example_branch_datetime_operator_3
[2024-11-09T19:17:31.470+0000] {logging_mixin.py:190} INFO - [2024-11-09T19:17:31.469+0000] {dag.py:4180} INFO - Setting next_dagrun for example_branch_datetime_operator to 2024-11-08 00:00:00+00:00, run_after=2024-11-09 00:00:00+00:00
[2024-11-09T19:17:31.474+0000] {logging_mixin.py:190} INFO - [2024-11-09T19:17:31.474+0000] {dag.py:4180} INFO - Setting next_dagrun for example_branch_datetime_operator_2 to 2024-11-08 00:00:00+00:00, run_after=2024-11-09 00:00:00+00:00
[2024-11-09T19:17:31.477+0000] {logging_mixin.py:190} INFO - [2024-11-09T19:17:31.476+0000] {dag.py:4180} INFO - Setting next_dagrun for example_branch_datetime_operator_3 to 2024-11-08 00:00:00+00:00, run_after=2024-11-09 00:00:00+00:00
[2024-11-09T19:17:31.544+0000] {processor.py:208} INFO - Processing /home/chirag/airflow/lib/python3.12/site-packages/airflow/example_dags/example_branch_datetime_operator.py took 0.917 seconds
[2024-11-09T19:28:17.505+0000] {processor.py:186} INFO - Started process (PID=495) to work on /home/chirag/airflow/lib/python3.12/site-packages/airflow/example_dags/example_branch_datetime_operator.py
[2024-11-09T19:28:17.507+0000] {processor.py:914} INFO - Processing file /home/chirag/airflow/lib/python3.12/site-packages/airflow/example_dags/example_branch_datetime_operator.py for tasks to queue
[2024-11-09T19:28:17.510+0000] {logging_mixin.py:190} INFO - [2024-11-09T19:28:17.510+0000] {dagbag.py:588} INFO - Filling up the DagBag from /home/chirag/airflow/lib/python3.12/site-packages/airflow/example_dags/example_branch_datetime_operator.py
[2024-11-09T19:28:17.529+0000] {processor.py:925} INFO - DAG(s) 'example_branch_datetime_operator_3', 'example_branch_datetime_operator', 'example_branch_datetime_operator_2' retrieved from /home/chirag/airflow/lib/python3.12/site-packages/airflow/example_dags/example_branch_datetime_operator.py
[2024-11-09T19:28:17.561+0000] {logging_mixin.py:190} INFO - [2024-11-09T19:28:17.560+0000] {dag.py:3239} INFO - Sync 3 DAGs
[2024-11-09T19:28:17.600+0000] {logging_mixin.py:190} INFO - [2024-11-09T19:28:17.599+0000] {dag.py:4180} INFO - Setting next_dagrun for example_branch_datetime_operator to 2024-11-08 00:00:00+00:00, run_after=2024-11-09 00:00:00+00:00
[2024-11-09T19:28:17.606+0000] {logging_mixin.py:190} INFO - [2024-11-09T19:28:17.605+0000] {dag.py:4180} INFO - Setting next_dagrun for example_branch_datetime_operator_2 to 2024-11-08 00:00:00+00:00, run_after=2024-11-09 00:00:00+00:00
[2024-11-09T19:28:17.609+0000] {logging_mixin.py:190} INFO - [2024-11-09T19:28:17.609+0000] {dag.py:4180} INFO - Setting next_dagrun for example_branch_datetime_operator_3 to 2024-11-08 00:00:00+00:00, run_after=2024-11-09 00:00:00+00:00
[2024-11-09T19:28:17.642+0000] {processor.py:208} INFO - Processing /home/chirag/airflow/lib/python3.12/site-packages/airflow/example_dags/example_branch_datetime_operator.py took 0.145 seconds
[2024-11-09T19:29:30.390+0000] {processor.py:186} INFO - Started process (PID=584) to work on /home/chirag/airflow/lib/python3.12/site-packages/airflow/example_dags/example_branch_datetime_operator.py
[2024-11-09T19:29:30.393+0000] {processor.py:914} INFO - Processing file /home/chirag/airflow/lib/python3.12/site-packages/airflow/example_dags/example_branch_datetime_operator.py for tasks to queue
[2024-11-09T19:29:30.397+0000] {logging_mixin.py:190} INFO - [2024-11-09T19:29:30.397+0000] {dagbag.py:588} INFO - Filling up the DagBag from /home/chirag/airflow/lib/python3.12/site-packages/airflow/example_dags/example_branch_datetime_operator.py
[2024-11-09T19:29:30.417+0000] {processor.py:925} INFO - DAG(s) 'example_branch_datetime_operator_3', 'example_branch_datetime_operator_2', 'example_branch_datetime_operator' retrieved from /home/chirag/airflow/lib/python3.12/site-packages/airflow/example_dags/example_branch_datetime_operator.py
[2024-11-09T19:29:30.450+0000] {logging_mixin.py:190} INFO - [2024-11-09T19:29:30.450+0000] {dag.py:3239} INFO - Sync 3 DAGs
[2024-11-09T19:29:30.489+0000] {logging_mixin.py:190} INFO - [2024-11-09T19:29:30.489+0000] {dag.py:4180} INFO - Setting next_dagrun for example_branch_datetime_operator to 2024-11-08 00:00:00+00:00, run_after=2024-11-09 00:00:00+00:00
[2024-11-09T19:29:30.500+0000] {logging_mixin.py:190} INFO - [2024-11-09T19:29:30.499+0000] {dag.py:4180} INFO - Setting next_dagrun for example_branch_datetime_operator_2 to 2024-11-08 00:00:00+00:00, run_after=2024-11-09 00:00:00+00:00
[2024-11-09T19:29:30.504+0000] {logging_mixin.py:190} INFO - [2024-11-09T19:29:30.504+0000] {dag.py:4180} INFO - Setting next_dagrun for example_branch_datetime_operator_3 to 2024-11-08 00:00:00+00:00, run_after=2024-11-09 00:00:00+00:00
[2024-11-09T19:29:30.537+0000] {processor.py:208} INFO - Processing /home/chirag/airflow/lib/python3.12/site-packages/airflow/example_dags/example_branch_datetime_operator.py took 0.158 seconds
[2024-11-09T19:30:50.560+0000] {processor.py:186} INFO - Started process (PID=658) to work on /home/chirag/airflow/lib/python3.12/site-packages/airflow/example_dags/example_branch_datetime_operator.py
[2024-11-09T19:30:50.563+0000] {processor.py:914} INFO - Processing file /home/chirag/airflow/lib/python3.12/site-packages/airflow/example_dags/example_branch_datetime_operator.py for tasks to queue
[2024-11-09T19:30:50.567+0000] {logging_mixin.py:190} INFO - [2024-11-09T19:30:50.566+0000] {dagbag.py:588} INFO - Filling up the DagBag from /home/chirag/airflow/lib/python3.12/site-packages/airflow/example_dags/example_branch_datetime_operator.py
[2024-11-09T19:30:50.597+0000] {processor.py:925} INFO - DAG(s) 'example_branch_datetime_operator', 'example_branch_datetime_operator_3', 'example_branch_datetime_operator_2' retrieved from /home/chirag/airflow/lib/python3.12/site-packages/airflow/example_dags/example_branch_datetime_operator.py
[2024-11-09T19:30:50.642+0000] {logging_mixin.py:190} INFO - [2024-11-09T19:30:50.642+0000] {dag.py:3239} INFO - Sync 3 DAGs
[2024-11-09T19:30:50.706+0000] {logging_mixin.py:190} INFO - [2024-11-09T19:30:50.705+0000] {dag.py:4180} INFO - Setting next_dagrun for example_branch_datetime_operator to 2024-11-08 00:00:00+00:00, run_after=2024-11-09 00:00:00+00:00
[2024-11-09T19:30:50.719+0000] {logging_mixin.py:190} INFO - [2024-11-09T19:30:50.718+0000] {dag.py:4180} INFO - Setting next_dagrun for example_branch_datetime_operator_2 to 2024-11-08 00:00:00+00:00, run_after=2024-11-09 00:00:00+00:00
[2024-11-09T19:30:50.725+0000] {logging_mixin.py:190} INFO - [2024-11-09T19:30:50.724+0000] {dag.py:4180} INFO - Setting next_dagrun for example_branch_datetime_operator_3 to 2024-11-08 00:00:00+00:00, run_after=2024-11-09 00:00:00+00:00
[2024-11-09T19:30:50.778+0000] {processor.py:208} INFO - Processing /home/chirag/airflow/lib/python3.12/site-packages/airflow/example_dags/example_branch_datetime_operator.py took 0.227 seconds
[2024-11-09T19:32:29.063+0000] {processor.py:186} INFO - Started process (PID=1456) to work on /home/chirag/airflow/lib/python3.12/site-packages/airflow/example_dags/example_branch_datetime_operator.py
[2024-11-09T19:32:29.071+0000] {processor.py:914} INFO - Processing file /home/chirag/airflow/lib/python3.12/site-packages/airflow/example_dags/example_branch_datetime_operator.py for tasks to queue
[2024-11-09T19:32:29.077+0000] {logging_mixin.py:190} INFO - [2024-11-09T19:32:29.076+0000] {dagbag.py:588} INFO - Filling up the DagBag from /home/chirag/airflow/lib/python3.12/site-packages/airflow/example_dags/example_branch_datetime_operator.py
[2024-11-09T19:32:29.117+0000] {processor.py:925} INFO - DAG(s) 'example_branch_datetime_operator_3', 'example_branch_datetime_operator_2', 'example_branch_datetime_operator' retrieved from /home/chirag/airflow/lib/python3.12/site-packages/airflow/example_dags/example_branch_datetime_operator.py
[2024-11-09T19:32:29.190+0000] {logging_mixin.py:190} INFO - [2024-11-09T19:32:29.189+0000] {dag.py:3239} INFO - Sync 3 DAGs
[2024-11-09T19:32:29.273+0000] {logging_mixin.py:190} INFO - [2024-11-09T19:32:29.273+0000] {dag.py:4180} INFO - Setting next_dagrun for example_branch_datetime_operator to 2024-11-08 00:00:00+00:00, run_after=2024-11-09 00:00:00+00:00
[2024-11-09T19:32:29.293+0000] {logging_mixin.py:190} INFO - [2024-11-09T19:32:29.292+0000] {dag.py:4180} INFO - Setting next_dagrun for example_branch_datetime_operator_2 to 2024-11-08 00:00:00+00:00, run_after=2024-11-09 00:00:00+00:00
[2024-11-09T19:32:29.301+0000] {logging_mixin.py:190} INFO - [2024-11-09T19:32:29.301+0000] {dag.py:4180} INFO - Setting next_dagrun for example_branch_datetime_operator_3 to 2024-11-08 00:00:00+00:00, run_after=2024-11-09 00:00:00+00:00
[2024-11-09T19:32:29.370+0000] {processor.py:208} INFO - Processing /home/chirag/airflow/lib/python3.12/site-packages/airflow/example_dags/example_branch_datetime_operator.py took 0.319 seconds
[2024-11-09T19:33:53.225+0000] {processor.py:186} INFO - Started process (PID=2041) to work on /home/chirag/airflow/lib/python3.12/site-packages/airflow/example_dags/example_branch_datetime_operator.py
[2024-11-09T19:33:53.229+0000] {processor.py:914} INFO - Processing file /home/chirag/airflow/lib/python3.12/site-packages/airflow/example_dags/example_branch_datetime_operator.py for tasks to queue
[2024-11-09T19:33:53.232+0000] {logging_mixin.py:190} INFO - [2024-11-09T19:33:53.231+0000] {dagbag.py:588} INFO - Filling up the DagBag from /home/chirag/airflow/lib/python3.12/site-packages/airflow/example_dags/example_branch_datetime_operator.py
[2024-11-09T19:33:53.249+0000] {processor.py:925} INFO - DAG(s) 'example_branch_datetime_operator_2', 'example_branch_datetime_operator_3', 'example_branch_datetime_operator' retrieved from /home/chirag/airflow/lib/python3.12/site-packages/airflow/example_dags/example_branch_datetime_operator.py
[2024-11-09T19:33:53.279+0000] {logging_mixin.py:190} INFO - [2024-11-09T19:33:53.279+0000] {dag.py:3239} INFO - Sync 3 DAGs
[2024-11-09T19:33:53.315+0000] {logging_mixin.py:190} INFO - [2024-11-09T19:33:53.315+0000] {dag.py:4180} INFO - Setting next_dagrun for example_branch_datetime_operator to 2024-11-08 00:00:00+00:00, run_after=2024-11-09 00:00:00+00:00
[2024-11-09T19:33:53.322+0000] {logging_mixin.py:190} INFO - [2024-11-09T19:33:53.321+0000] {dag.py:4180} INFO - Setting next_dagrun for example_branch_datetime_operator_2 to 2024-11-08 00:00:00+00:00, run_after=2024-11-09 00:00:00+00:00
[2024-11-09T19:33:53.325+0000] {logging_mixin.py:190} INFO - [2024-11-09T19:33:53.325+0000] {dag.py:4180} INFO - Setting next_dagrun for example_branch_datetime_operator_3 to 2024-11-08 00:00:00+00:00, run_after=2024-11-09 00:00:00+00:00
[2024-11-09T19:33:53.361+0000] {processor.py:208} INFO - Processing /home/chirag/airflow/lib/python3.12/site-packages/airflow/example_dags/example_branch_datetime_operator.py took 0.143 seconds
[2024-11-09T19:35:18.493+0000] {processor.py:186} INFO - Started process (PID=2634) to work on /home/chirag/airflow/lib/python3.12/site-packages/airflow/example_dags/example_branch_datetime_operator.py
[2024-11-09T19:35:18.495+0000] {processor.py:914} INFO - Processing file /home/chirag/airflow/lib/python3.12/site-packages/airflow/example_dags/example_branch_datetime_operator.py for tasks to queue
[2024-11-09T19:35:18.500+0000] {logging_mixin.py:190} INFO - [2024-11-09T19:35:18.500+0000] {dagbag.py:588} INFO - Filling up the DagBag from /home/chirag/airflow/lib/python3.12/site-packages/airflow/example_dags/example_branch_datetime_operator.py
[2024-11-09T19:35:18.523+0000] {processor.py:925} INFO - DAG(s) 'example_branch_datetime_operator_2', 'example_branch_datetime_operator', 'example_branch_datetime_operator_3' retrieved from /home/chirag/airflow/lib/python3.12/site-packages/airflow/example_dags/example_branch_datetime_operator.py
[2024-11-09T19:35:18.563+0000] {logging_mixin.py:190} INFO - [2024-11-09T19:35:18.563+0000] {dag.py:3239} INFO - Sync 3 DAGs
[2024-11-09T19:35:18.607+0000] {logging_mixin.py:190} INFO - [2024-11-09T19:35:18.607+0000] {dag.py:4180} INFO - Setting next_dagrun for example_branch_datetime_operator to 2024-11-08 00:00:00+00:00, run_after=2024-11-09 00:00:00+00:00
[2024-11-09T19:35:18.616+0000] {logging_mixin.py:190} INFO - [2024-11-09T19:35:18.616+0000] {dag.py:4180} INFO - Setting next_dagrun for example_branch_datetime_operator_2 to 2024-11-08 00:00:00+00:00, run_after=2024-11-09 00:00:00+00:00
[2024-11-09T19:35:18.621+0000] {logging_mixin.py:190} INFO - [2024-11-09T19:35:18.621+0000] {dag.py:4180} INFO - Setting next_dagrun for example_branch_datetime_operator_3 to 2024-11-08 00:00:00+00:00, run_after=2024-11-09 00:00:00+00:00
[2024-11-09T19:35:18.658+0000] {processor.py:208} INFO - Processing /home/chirag/airflow/lib/python3.12/site-packages/airflow/example_dags/example_branch_datetime_operator.py took 0.175 seconds
[2024-11-09T19:36:43.559+0000] {processor.py:186} INFO - Started process (PID=2859) to work on /home/chirag/airflow/lib/python3.12/site-packages/airflow/example_dags/example_branch_datetime_operator.py
[2024-11-09T19:36:43.563+0000] {processor.py:914} INFO - Processing file /home/chirag/airflow/lib/python3.12/site-packages/airflow/example_dags/example_branch_datetime_operator.py for tasks to queue
[2024-11-09T19:36:43.566+0000] {logging_mixin.py:190} INFO - [2024-11-09T19:36:43.566+0000] {dagbag.py:588} INFO - Filling up the DagBag from /home/chirag/airflow/lib/python3.12/site-packages/airflow/example_dags/example_branch_datetime_operator.py
[2024-11-09T19:36:43.593+0000] {processor.py:925} INFO - DAG(s) 'example_branch_datetime_operator', 'example_branch_datetime_operator_3', 'example_branch_datetime_operator_2' retrieved from /home/chirag/airflow/lib/python3.12/site-packages/airflow/example_dags/example_branch_datetime_operator.py
[2024-11-09T19:36:43.638+0000] {logging_mixin.py:190} INFO - [2024-11-09T19:36:43.638+0000] {dag.py:3239} INFO - Sync 3 DAGs
[2024-11-09T19:36:43.672+0000] {logging_mixin.py:190} INFO - [2024-11-09T19:36:43.672+0000] {dag.py:4180} INFO - Setting next_dagrun for example_branch_datetime_operator to 2024-11-08 00:00:00+00:00, run_after=2024-11-09 00:00:00+00:00
[2024-11-09T19:36:43.679+0000] {logging_mixin.py:190} INFO - [2024-11-09T19:36:43.679+0000] {dag.py:4180} INFO - Setting next_dagrun for example_branch_datetime_operator_2 to 2024-11-08 00:00:00+00:00, run_after=2024-11-09 00:00:00+00:00
[2024-11-09T19:36:43.682+0000] {logging_mixin.py:190} INFO - [2024-11-09T19:36:43.682+0000] {dag.py:4180} INFO - Setting next_dagrun for example_branch_datetime_operator_3 to 2024-11-08 00:00:00+00:00, run_after=2024-11-09 00:00:00+00:00
[2024-11-09T19:36:43.714+0000] {processor.py:208} INFO - Processing /home/chirag/airflow/lib/python3.12/site-packages/airflow/example_dags/example_branch_datetime_operator.py took 0.167 seconds
[2024-11-09T19:37:52.360+0000] {processor.py:186} INFO - Started process (PID=3125) to work on /home/chirag/airflow/lib/python3.12/site-packages/airflow/example_dags/example_branch_datetime_operator.py
[2024-11-09T19:37:52.364+0000] {processor.py:914} INFO - Processing file /home/chirag/airflow/lib/python3.12/site-packages/airflow/example_dags/example_branch_datetime_operator.py for tasks to queue
[2024-11-09T19:37:52.367+0000] {logging_mixin.py:190} INFO - [2024-11-09T19:37:52.366+0000] {dagbag.py:588} INFO - Filling up the DagBag from /home/chirag/airflow/lib/python3.12/site-packages/airflow/example_dags/example_branch_datetime_operator.py
[2024-11-09T19:37:52.385+0000] {processor.py:925} INFO - DAG(s) 'example_branch_datetime_operator_2', 'example_branch_datetime_operator_3', 'example_branch_datetime_operator' retrieved from /home/chirag/airflow/lib/python3.12/site-packages/airflow/example_dags/example_branch_datetime_operator.py
[2024-11-09T19:37:52.413+0000] {logging_mixin.py:190} INFO - [2024-11-09T19:37:52.412+0000] {dag.py:3239} INFO - Sync 3 DAGs
[2024-11-09T19:37:52.448+0000] {logging_mixin.py:190} INFO - [2024-11-09T19:37:52.448+0000] {dag.py:4180} INFO - Setting next_dagrun for example_branch_datetime_operator to 2024-11-08 00:00:00+00:00, run_after=2024-11-09 00:00:00+00:00
[2024-11-09T19:37:52.456+0000] {logging_mixin.py:190} INFO - [2024-11-09T19:37:52.456+0000] {dag.py:4180} INFO - Setting next_dagrun for example_branch_datetime_operator_2 to 2024-11-08 00:00:00+00:00, run_after=2024-11-09 00:00:00+00:00
[2024-11-09T19:37:52.460+0000] {logging_mixin.py:190} INFO - [2024-11-09T19:37:52.459+0000] {dag.py:4180} INFO - Setting next_dagrun for example_branch_datetime_operator_3 to 2024-11-08 00:00:00+00:00, run_after=2024-11-09 00:00:00+00:00
[2024-11-09T19:37:52.507+0000] {processor.py:208} INFO - Processing /home/chirag/airflow/lib/python3.12/site-packages/airflow/example_dags/example_branch_datetime_operator.py took 0.155 seconds
[2024-11-09T19:39:05.953+0000] {processor.py:186} INFO - Started process (PID=3441) to work on /home/chirag/airflow/lib/python3.12/site-packages/airflow/example_dags/example_branch_datetime_operator.py
[2024-11-09T19:39:05.956+0000] {processor.py:914} INFO - Processing file /home/chirag/airflow/lib/python3.12/site-packages/airflow/example_dags/example_branch_datetime_operator.py for tasks to queue
[2024-11-09T19:39:05.962+0000] {logging_mixin.py:190} INFO - [2024-11-09T19:39:05.962+0000] {dagbag.py:588} INFO - Filling up the DagBag from /home/chirag/airflow/lib/python3.12/site-packages/airflow/example_dags/example_branch_datetime_operator.py
[2024-11-09T19:39:06.004+0000] {processor.py:925} INFO - DAG(s) 'example_branch_datetime_operator', 'example_branch_datetime_operator_3', 'example_branch_datetime_operator_2' retrieved from /home/chirag/airflow/lib/python3.12/site-packages/airflow/example_dags/example_branch_datetime_operator.py
[2024-11-09T19:39:06.069+0000] {logging_mixin.py:190} INFO - [2024-11-09T19:39:06.068+0000] {dag.py:3239} INFO - Sync 3 DAGs
[2024-11-09T19:39:06.111+0000] {logging_mixin.py:190} INFO - [2024-11-09T19:39:06.111+0000] {dag.py:4180} INFO - Setting next_dagrun for example_branch_datetime_operator to 2024-11-08 00:00:00+00:00, run_after=2024-11-09 00:00:00+00:00
[2024-11-09T19:39:06.153+0000] {logging_mixin.py:190} INFO - [2024-11-09T19:39:06.152+0000] {dag.py:4180} INFO - Setting next_dagrun for example_branch_datetime_operator_2 to 2024-11-08 00:00:00+00:00, run_after=2024-11-09 00:00:00+00:00
[2024-11-09T19:39:06.160+0000] {logging_mixin.py:190} INFO - [2024-11-09T19:39:06.160+0000] {dag.py:4180} INFO - Setting next_dagrun for example_branch_datetime_operator_3 to 2024-11-08 00:00:00+00:00, run_after=2024-11-09 00:00:00+00:00
[2024-11-09T19:39:06.213+0000] {processor.py:208} INFO - Processing /home/chirag/airflow/lib/python3.12/site-packages/airflow/example_dags/example_branch_datetime_operator.py took 0.279 seconds
[2024-11-09T19:40:33.536+0000] {processor.py:186} INFO - Started process (PID=3675) to work on /home/chirag/airflow/lib/python3.12/site-packages/airflow/example_dags/example_branch_datetime_operator.py
[2024-11-09T19:40:33.542+0000] {processor.py:914} INFO - Processing file /home/chirag/airflow/lib/python3.12/site-packages/airflow/example_dags/example_branch_datetime_operator.py for tasks to queue
[2024-11-09T19:40:33.545+0000] {logging_mixin.py:190} INFO - [2024-11-09T19:40:33.544+0000] {dagbag.py:588} INFO - Filling up the DagBag from /home/chirag/airflow/lib/python3.12/site-packages/airflow/example_dags/example_branch_datetime_operator.py
[2024-11-09T19:40:33.563+0000] {processor.py:925} INFO - DAG(s) 'example_branch_datetime_operator', 'example_branch_datetime_operator_3', 'example_branch_datetime_operator_2' retrieved from /home/chirag/airflow/lib/python3.12/site-packages/airflow/example_dags/example_branch_datetime_operator.py
[2024-11-09T19:40:33.594+0000] {logging_mixin.py:190} INFO - [2024-11-09T19:40:33.594+0000] {dag.py:3239} INFO - Sync 3 DAGs
[2024-11-09T19:40:33.629+0000] {logging_mixin.py:190} INFO - [2024-11-09T19:40:33.628+0000] {dag.py:4180} INFO - Setting next_dagrun for example_branch_datetime_operator to 2024-11-08 00:00:00+00:00, run_after=2024-11-09 00:00:00+00:00
[2024-11-09T19:40:33.635+0000] {logging_mixin.py:190} INFO - [2024-11-09T19:40:33.635+0000] {dag.py:4180} INFO - Setting next_dagrun for example_branch_datetime_operator_2 to 2024-11-08 00:00:00+00:00, run_after=2024-11-09 00:00:00+00:00
[2024-11-09T19:40:33.639+0000] {logging_mixin.py:190} INFO - [2024-11-09T19:40:33.638+0000] {dag.py:4180} INFO - Setting next_dagrun for example_branch_datetime_operator_3 to 2024-11-08 00:00:00+00:00, run_after=2024-11-09 00:00:00+00:00
[2024-11-09T19:40:33.671+0000] {processor.py:208} INFO - Processing /home/chirag/airflow/lib/python3.12/site-packages/airflow/example_dags/example_branch_datetime_operator.py took 0.143 seconds
[2024-11-09T19:41:45.778+0000] {processor.py:186} INFO - Started process (PID=3883) to work on /home/chirag/airflow/lib/python3.12/site-packages/airflow/example_dags/example_branch_datetime_operator.py
[2024-11-09T19:41:45.781+0000] {processor.py:914} INFO - Processing file /home/chirag/airflow/lib/python3.12/site-packages/airflow/example_dags/example_branch_datetime_operator.py for tasks to queue
[2024-11-09T19:41:45.784+0000] {logging_mixin.py:190} INFO - [2024-11-09T19:41:45.783+0000] {dagbag.py:588} INFO - Filling up the DagBag from /home/chirag/airflow/lib/python3.12/site-packages/airflow/example_dags/example_branch_datetime_operator.py
[2024-11-09T19:41:45.802+0000] {processor.py:925} INFO - DAG(s) 'example_branch_datetime_operator_2', 'example_branch_datetime_operator', 'example_branch_datetime_operator_3' retrieved from /home/chirag/airflow/lib/python3.12/site-packages/airflow/example_dags/example_branch_datetime_operator.py
[2024-11-09T19:41:45.832+0000] {logging_mixin.py:190} INFO - [2024-11-09T19:41:45.831+0000] {dag.py:3239} INFO - Sync 3 DAGs
[2024-11-09T19:41:45.869+0000] {logging_mixin.py:190} INFO - [2024-11-09T19:41:45.868+0000] {dag.py:4180} INFO - Setting next_dagrun for example_branch_datetime_operator to 2024-11-08 00:00:00+00:00, run_after=2024-11-09 00:00:00+00:00
[2024-11-09T19:41:45.879+0000] {logging_mixin.py:190} INFO - [2024-11-09T19:41:45.879+0000] {dag.py:4180} INFO - Setting next_dagrun for example_branch_datetime_operator_2 to 2024-11-08 00:00:00+00:00, run_after=2024-11-09 00:00:00+00:00
[2024-11-09T19:41:45.885+0000] {logging_mixin.py:190} INFO - [2024-11-09T19:41:45.885+0000] {dag.py:4180} INFO - Setting next_dagrun for example_branch_datetime_operator_3 to 2024-11-08 00:00:00+00:00, run_after=2024-11-09 00:00:00+00:00
[2024-11-09T19:41:45.918+0000] {processor.py:208} INFO - Processing /home/chirag/airflow/lib/python3.12/site-packages/airflow/example_dags/example_branch_datetime_operator.py took 0.149 seconds
[2024-11-09T19:43:00.655+0000] {processor.py:186} INFO - Started process (PID=4096) to work on /home/chirag/airflow/lib/python3.12/site-packages/airflow/example_dags/example_branch_datetime_operator.py
[2024-11-09T19:43:00.669+0000] {processor.py:914} INFO - Processing file /home/chirag/airflow/lib/python3.12/site-packages/airflow/example_dags/example_branch_datetime_operator.py for tasks to queue
[2024-11-09T19:43:00.674+0000] {logging_mixin.py:190} INFO - [2024-11-09T19:43:00.673+0000] {dagbag.py:588} INFO - Filling up the DagBag from /home/chirag/airflow/lib/python3.12/site-packages/airflow/example_dags/example_branch_datetime_operator.py
[2024-11-09T19:43:00.726+0000] {processor.py:925} INFO - DAG(s) 'example_branch_datetime_operator_3', 'example_branch_datetime_operator_2', 'example_branch_datetime_operator' retrieved from /home/chirag/airflow/lib/python3.12/site-packages/airflow/example_dags/example_branch_datetime_operator.py
[2024-11-09T19:43:00.858+0000] {logging_mixin.py:190} INFO - [2024-11-09T19:43:00.857+0000] {dag.py:3239} INFO - Sync 3 DAGs
[2024-11-09T19:43:00.990+0000] {logging_mixin.py:190} INFO - [2024-11-09T19:43:00.989+0000] {dag.py:4180} INFO - Setting next_dagrun for example_branch_datetime_operator to 2024-11-08 00:00:00+00:00, run_after=2024-11-09 00:00:00+00:00
[2024-11-09T19:43:01.025+0000] {logging_mixin.py:190} INFO - [2024-11-09T19:43:01.025+0000] {dag.py:4180} INFO - Setting next_dagrun for example_branch_datetime_operator_2 to 2024-11-08 00:00:00+00:00, run_after=2024-11-09 00:00:00+00:00
[2024-11-09T19:43:01.041+0000] {logging_mixin.py:190} INFO - [2024-11-09T19:43:01.041+0000] {dag.py:4180} INFO - Setting next_dagrun for example_branch_datetime_operator_3 to 2024-11-08 00:00:00+00:00, run_after=2024-11-09 00:00:00+00:00
[2024-11-09T19:43:01.277+0000] {processor.py:208} INFO - Processing /home/chirag/airflow/lib/python3.12/site-packages/airflow/example_dags/example_branch_datetime_operator.py took 0.641 seconds
[2024-11-09T19:44:18.643+0000] {processor.py:186} INFO - Started process (PID=4317) to work on /home/chirag/airflow/lib/python3.12/site-packages/airflow/example_dags/example_branch_datetime_operator.py
[2024-11-09T19:44:18.647+0000] {processor.py:914} INFO - Processing file /home/chirag/airflow/lib/python3.12/site-packages/airflow/example_dags/example_branch_datetime_operator.py for tasks to queue
[2024-11-09T19:44:18.650+0000] {logging_mixin.py:190} INFO - [2024-11-09T19:44:18.650+0000] {dagbag.py:588} INFO - Filling up the DagBag from /home/chirag/airflow/lib/python3.12/site-packages/airflow/example_dags/example_branch_datetime_operator.py
[2024-11-09T19:44:18.669+0000] {processor.py:925} INFO - DAG(s) 'example_branch_datetime_operator_2', 'example_branch_datetime_operator', 'example_branch_datetime_operator_3' retrieved from /home/chirag/airflow/lib/python3.12/site-packages/airflow/example_dags/example_branch_datetime_operator.py
[2024-11-09T19:44:18.699+0000] {logging_mixin.py:190} INFO - [2024-11-09T19:44:18.699+0000] {dag.py:3239} INFO - Sync 3 DAGs
[2024-11-09T19:44:18.739+0000] {logging_mixin.py:190} INFO - [2024-11-09T19:44:18.739+0000] {dag.py:4180} INFO - Setting next_dagrun for example_branch_datetime_operator to 2024-11-08 00:00:00+00:00, run_after=2024-11-09 00:00:00+00:00
[2024-11-09T19:44:18.747+0000] {logging_mixin.py:190} INFO - [2024-11-09T19:44:18.747+0000] {dag.py:4180} INFO - Setting next_dagrun for example_branch_datetime_operator_2 to 2024-11-08 00:00:00+00:00, run_after=2024-11-09 00:00:00+00:00
[2024-11-09T19:44:18.753+0000] {logging_mixin.py:190} INFO - [2024-11-09T19:44:18.752+0000] {dag.py:4180} INFO - Setting next_dagrun for example_branch_datetime_operator_3 to 2024-11-08 00:00:00+00:00, run_after=2024-11-09 00:00:00+00:00
[2024-11-09T19:44:18.796+0000] {processor.py:208} INFO - Processing /home/chirag/airflow/lib/python3.12/site-packages/airflow/example_dags/example_branch_datetime_operator.py took 0.160 seconds
[2024-11-09T19:45:56.108+0000] {processor.py:186} INFO - Started process (PID=4594) to work on /home/chirag/airflow/lib/python3.12/site-packages/airflow/example_dags/example_branch_datetime_operator.py
[2024-11-09T19:45:56.111+0000] {processor.py:914} INFO - Processing file /home/chirag/airflow/lib/python3.12/site-packages/airflow/example_dags/example_branch_datetime_operator.py for tasks to queue
[2024-11-09T19:45:56.115+0000] {logging_mixin.py:190} INFO - [2024-11-09T19:45:56.115+0000] {dagbag.py:588} INFO - Filling up the DagBag from /home/chirag/airflow/lib/python3.12/site-packages/airflow/example_dags/example_branch_datetime_operator.py
[2024-11-09T19:45:56.150+0000] {processor.py:925} INFO - DAG(s) 'example_branch_datetime_operator_3', 'example_branch_datetime_operator', 'example_branch_datetime_operator_2' retrieved from /home/chirag/airflow/lib/python3.12/site-packages/airflow/example_dags/example_branch_datetime_operator.py
[2024-11-09T19:45:56.190+0000] {logging_mixin.py:190} INFO - [2024-11-09T19:45:56.190+0000] {dag.py:3239} INFO - Sync 3 DAGs
[2024-11-09T19:45:56.233+0000] {logging_mixin.py:190} INFO - [2024-11-09T19:45:56.232+0000] {dag.py:4180} INFO - Setting next_dagrun for example_branch_datetime_operator to 2024-11-08 00:00:00+00:00, run_after=2024-11-09 00:00:00+00:00
[2024-11-09T19:45:56.244+0000] {logging_mixin.py:190} INFO - [2024-11-09T19:45:56.244+0000] {dag.py:4180} INFO - Setting next_dagrun for example_branch_datetime_operator_2 to 2024-11-08 00:00:00+00:00, run_after=2024-11-09 00:00:00+00:00
[2024-11-09T19:45:56.247+0000] {logging_mixin.py:190} INFO - [2024-11-09T19:45:56.247+0000] {dag.py:4180} INFO - Setting next_dagrun for example_branch_datetime_operator_3 to 2024-11-08 00:00:00+00:00, run_after=2024-11-09 00:00:00+00:00
[2024-11-09T19:45:56.284+0000] {processor.py:208} INFO - Processing /home/chirag/airflow/lib/python3.12/site-packages/airflow/example_dags/example_branch_datetime_operator.py took 0.189 seconds
[2024-11-09T19:47:23.136+0000] {processor.py:186} INFO - Started process (PID=4888) to work on /home/chirag/airflow/lib/python3.12/site-packages/airflow/example_dags/example_branch_datetime_operator.py
[2024-11-09T19:47:23.139+0000] {processor.py:914} INFO - Processing file /home/chirag/airflow/lib/python3.12/site-packages/airflow/example_dags/example_branch_datetime_operator.py for tasks to queue
[2024-11-09T19:47:23.143+0000] {logging_mixin.py:190} INFO - [2024-11-09T19:47:23.143+0000] {dagbag.py:588} INFO - Filling up the DagBag from /home/chirag/airflow/lib/python3.12/site-packages/airflow/example_dags/example_branch_datetime_operator.py
[2024-11-09T19:47:23.165+0000] {processor.py:925} INFO - DAG(s) 'example_branch_datetime_operator_3', 'example_branch_datetime_operator_2', 'example_branch_datetime_operator' retrieved from /home/chirag/airflow/lib/python3.12/site-packages/airflow/example_dags/example_branch_datetime_operator.py
[2024-11-09T19:47:23.208+0000] {logging_mixin.py:190} INFO - [2024-11-09T19:47:23.207+0000] {dag.py:3239} INFO - Sync 3 DAGs
[2024-11-09T19:47:23.268+0000] {logging_mixin.py:190} INFO - [2024-11-09T19:47:23.267+0000] {dag.py:4180} INFO - Setting next_dagrun for example_branch_datetime_operator to 2024-11-08 00:00:00+00:00, run_after=2024-11-09 00:00:00+00:00
[2024-11-09T19:47:23.280+0000] {logging_mixin.py:190} INFO - [2024-11-09T19:47:23.279+0000] {dag.py:4180} INFO - Setting next_dagrun for example_branch_datetime_operator_2 to 2024-11-08 00:00:00+00:00, run_after=2024-11-09 00:00:00+00:00
[2024-11-09T19:47:23.284+0000] {logging_mixin.py:190} INFO - [2024-11-09T19:47:23.284+0000] {dag.py:4180} INFO - Setting next_dagrun for example_branch_datetime_operator_3 to 2024-11-08 00:00:00+00:00, run_after=2024-11-09 00:00:00+00:00
[2024-11-09T19:47:23.334+0000] {processor.py:208} INFO - Processing /home/chirag/airflow/lib/python3.12/site-packages/airflow/example_dags/example_branch_datetime_operator.py took 0.206 seconds
[2024-11-09T19:48:42.371+0000] {processor.py:186} INFO - Started process (PID=5122) to work on /home/chirag/airflow/lib/python3.12/site-packages/airflow/example_dags/example_branch_datetime_operator.py
[2024-11-09T19:48:42.375+0000] {processor.py:914} INFO - Processing file /home/chirag/airflow/lib/python3.12/site-packages/airflow/example_dags/example_branch_datetime_operator.py for tasks to queue
[2024-11-09T19:48:42.378+0000] {logging_mixin.py:190} INFO - [2024-11-09T19:48:42.378+0000] {dagbag.py:588} INFO - Filling up the DagBag from /home/chirag/airflow/lib/python3.12/site-packages/airflow/example_dags/example_branch_datetime_operator.py
[2024-11-09T19:48:42.399+0000] {processor.py:925} INFO - DAG(s) 'example_branch_datetime_operator_2', 'example_branch_datetime_operator_3', 'example_branch_datetime_operator' retrieved from /home/chirag/airflow/lib/python3.12/site-packages/airflow/example_dags/example_branch_datetime_operator.py
[2024-11-09T19:48:42.434+0000] {logging_mixin.py:190} INFO - [2024-11-09T19:48:42.433+0000] {dag.py:3239} INFO - Sync 3 DAGs
[2024-11-09T19:48:42.474+0000] {logging_mixin.py:190} INFO - [2024-11-09T19:48:42.473+0000] {dag.py:4180} INFO - Setting next_dagrun for example_branch_datetime_operator to 2024-11-08 00:00:00+00:00, run_after=2024-11-09 00:00:00+00:00
[2024-11-09T19:48:42.481+0000] {logging_mixin.py:190} INFO - [2024-11-09T19:48:42.481+0000] {dag.py:4180} INFO - Setting next_dagrun for example_branch_datetime_operator_2 to 2024-11-08 00:00:00+00:00, run_after=2024-11-09 00:00:00+00:00
[2024-11-09T19:48:42.485+0000] {logging_mixin.py:190} INFO - [2024-11-09T19:48:42.485+0000] {dag.py:4180} INFO - Setting next_dagrun for example_branch_datetime_operator_3 to 2024-11-08 00:00:00+00:00, run_after=2024-11-09 00:00:00+00:00
[2024-11-09T19:48:42.525+0000] {processor.py:208} INFO - Processing /home/chirag/airflow/lib/python3.12/site-packages/airflow/example_dags/example_branch_datetime_operator.py took 0.163 seconds
[2024-11-09T19:49:55.413+0000] {processor.py:186} INFO - Started process (PID=5412) to work on /home/chirag/airflow/lib/python3.12/site-packages/airflow/example_dags/example_branch_datetime_operator.py
[2024-11-09T19:49:55.419+0000] {processor.py:914} INFO - Processing file /home/chirag/airflow/lib/python3.12/site-packages/airflow/example_dags/example_branch_datetime_operator.py for tasks to queue
[2024-11-09T19:49:55.423+0000] {logging_mixin.py:190} INFO - [2024-11-09T19:49:55.423+0000] {dagbag.py:588} INFO - Filling up the DagBag from /home/chirag/airflow/lib/python3.12/site-packages/airflow/example_dags/example_branch_datetime_operator.py
[2024-11-09T19:49:55.442+0000] {processor.py:925} INFO - DAG(s) 'example_branch_datetime_operator', 'example_branch_datetime_operator_2', 'example_branch_datetime_operator_3' retrieved from /home/chirag/airflow/lib/python3.12/site-packages/airflow/example_dags/example_branch_datetime_operator.py
[2024-11-09T19:49:55.473+0000] {logging_mixin.py:190} INFO - [2024-11-09T19:49:55.473+0000] {dag.py:3239} INFO - Sync 3 DAGs
[2024-11-09T19:49:55.503+0000] {logging_mixin.py:190} INFO - [2024-11-09T19:49:55.503+0000] {dag.py:4180} INFO - Setting next_dagrun for example_branch_datetime_operator to 2024-11-08 00:00:00+00:00, run_after=2024-11-09 00:00:00+00:00
[2024-11-09T19:49:55.510+0000] {logging_mixin.py:190} INFO - [2024-11-09T19:49:55.510+0000] {dag.py:4180} INFO - Setting next_dagrun for example_branch_datetime_operator_2 to 2024-11-08 00:00:00+00:00, run_after=2024-11-09 00:00:00+00:00
[2024-11-09T19:49:55.513+0000] {logging_mixin.py:190} INFO - [2024-11-09T19:49:55.513+0000] {dag.py:4180} INFO - Setting next_dagrun for example_branch_datetime_operator_3 to 2024-11-08 00:00:00+00:00, run_after=2024-11-09 00:00:00+00:00
[2024-11-09T19:49:55.545+0000] {processor.py:208} INFO - Processing /home/chirag/airflow/lib/python3.12/site-packages/airflow/example_dags/example_branch_datetime_operator.py took 0.140 seconds
[2024-11-09T19:51:06.578+0000] {processor.py:186} INFO - Started process (PID=6017) to work on /home/chirag/airflow/lib/python3.12/site-packages/airflow/example_dags/example_branch_datetime_operator.py
[2024-11-09T19:51:06.581+0000] {processor.py:914} INFO - Processing file /home/chirag/airflow/lib/python3.12/site-packages/airflow/example_dags/example_branch_datetime_operator.py for tasks to queue
[2024-11-09T19:51:06.584+0000] {logging_mixin.py:190} INFO - [2024-11-09T19:51:06.584+0000] {dagbag.py:588} INFO - Filling up the DagBag from /home/chirag/airflow/lib/python3.12/site-packages/airflow/example_dags/example_branch_datetime_operator.py
[2024-11-09T19:51:06.606+0000] {processor.py:925} INFO - DAG(s) 'example_branch_datetime_operator', 'example_branch_datetime_operator_3', 'example_branch_datetime_operator_2' retrieved from /home/chirag/airflow/lib/python3.12/site-packages/airflow/example_dags/example_branch_datetime_operator.py
[2024-11-09T19:51:06.655+0000] {logging_mixin.py:190} INFO - [2024-11-09T19:51:06.655+0000] {dag.py:3239} INFO - Sync 3 DAGs
[2024-11-09T19:51:06.736+0000] {logging_mixin.py:190} INFO - [2024-11-09T19:51:06.735+0000] {dag.py:4180} INFO - Setting next_dagrun for example_branch_datetime_operator to 2024-11-08 00:00:00+00:00, run_after=2024-11-09 00:00:00+00:00
[2024-11-09T19:51:06.754+0000] {logging_mixin.py:190} INFO - [2024-11-09T19:51:06.754+0000] {dag.py:4180} INFO - Setting next_dagrun for example_branch_datetime_operator_2 to 2024-11-08 00:00:00+00:00, run_after=2024-11-09 00:00:00+00:00
[2024-11-09T19:51:06.761+0000] {logging_mixin.py:190} INFO - [2024-11-09T19:51:06.760+0000] {dag.py:4180} INFO - Setting next_dagrun for example_branch_datetime_operator_3 to 2024-11-08 00:00:00+00:00, run_after=2024-11-09 00:00:00+00:00
[2024-11-09T19:51:06.797+0000] {processor.py:208} INFO - Processing /home/chirag/airflow/lib/python3.12/site-packages/airflow/example_dags/example_branch_datetime_operator.py took 0.228 seconds
[2024-11-09T19:52:40.379+0000] {processor.py:186} INFO - Started process (PID=6399) to work on /home/chirag/airflow/lib/python3.12/site-packages/airflow/example_dags/example_branch_datetime_operator.py
[2024-11-09T19:52:40.385+0000] {processor.py:914} INFO - Processing file /home/chirag/airflow/lib/python3.12/site-packages/airflow/example_dags/example_branch_datetime_operator.py for tasks to queue
[2024-11-09T19:52:40.388+0000] {logging_mixin.py:190} INFO - [2024-11-09T19:52:40.388+0000] {dagbag.py:588} INFO - Filling up the DagBag from /home/chirag/airflow/lib/python3.12/site-packages/airflow/example_dags/example_branch_datetime_operator.py
[2024-11-09T19:52:40.412+0000] {processor.py:925} INFO - DAG(s) 'example_branch_datetime_operator', 'example_branch_datetime_operator_2', 'example_branch_datetime_operator_3' retrieved from /home/chirag/airflow/lib/python3.12/site-packages/airflow/example_dags/example_branch_datetime_operator.py
[2024-11-09T19:52:40.447+0000] {logging_mixin.py:190} INFO - [2024-11-09T19:52:40.447+0000] {dag.py:3239} INFO - Sync 3 DAGs
[2024-11-09T19:52:40.480+0000] {logging_mixin.py:190} INFO - [2024-11-09T19:52:40.480+0000] {dag.py:4180} INFO - Setting next_dagrun for example_branch_datetime_operator to 2024-11-08 00:00:00+00:00, run_after=2024-11-09 00:00:00+00:00
[2024-11-09T19:52:40.487+0000] {logging_mixin.py:190} INFO - [2024-11-09T19:52:40.487+0000] {dag.py:4180} INFO - Setting next_dagrun for example_branch_datetime_operator_2 to 2024-11-08 00:00:00+00:00, run_after=2024-11-09 00:00:00+00:00
[2024-11-09T19:52:40.490+0000] {logging_mixin.py:190} INFO - [2024-11-09T19:52:40.490+0000] {dag.py:4180} INFO - Setting next_dagrun for example_branch_datetime_operator_3 to 2024-11-08 00:00:00+00:00, run_after=2024-11-09 00:00:00+00:00
[2024-11-09T19:52:40.532+0000] {processor.py:208} INFO - Processing /home/chirag/airflow/lib/python3.12/site-packages/airflow/example_dags/example_branch_datetime_operator.py took 0.163 seconds
[2024-11-09T19:54:09.209+0000] {processor.py:186} INFO - Started process (PID=7016) to work on /home/chirag/airflow/lib/python3.12/site-packages/airflow/example_dags/example_branch_datetime_operator.py
[2024-11-09T19:54:09.216+0000] {processor.py:914} INFO - Processing file /home/chirag/airflow/lib/python3.12/site-packages/airflow/example_dags/example_branch_datetime_operator.py for tasks to queue
[2024-11-09T19:54:09.219+0000] {logging_mixin.py:190} INFO - [2024-11-09T19:54:09.219+0000] {dagbag.py:588} INFO - Filling up the DagBag from /home/chirag/airflow/lib/python3.12/site-packages/airflow/example_dags/example_branch_datetime_operator.py
[2024-11-09T19:54:09.244+0000] {processor.py:925} INFO - DAG(s) 'example_branch_datetime_operator_3', 'example_branch_datetime_operator_2', 'example_branch_datetime_operator' retrieved from /home/chirag/airflow/lib/python3.12/site-packages/airflow/example_dags/example_branch_datetime_operator.py
[2024-11-09T19:54:09.275+0000] {logging_mixin.py:190} INFO - [2024-11-09T19:54:09.275+0000] {dag.py:3239} INFO - Sync 3 DAGs
[2024-11-09T19:54:09.307+0000] {logging_mixin.py:190} INFO - [2024-11-09T19:54:09.307+0000] {dag.py:4180} INFO - Setting next_dagrun for example_branch_datetime_operator to 2024-11-08 00:00:00+00:00, run_after=2024-11-09 00:00:00+00:00
[2024-11-09T19:54:09.314+0000] {logging_mixin.py:190} INFO - [2024-11-09T19:54:09.314+0000] {dag.py:4180} INFO - Setting next_dagrun for example_branch_datetime_operator_2 to 2024-11-08 00:00:00+00:00, run_after=2024-11-09 00:00:00+00:00
[2024-11-09T19:54:09.317+0000] {logging_mixin.py:190} INFO - [2024-11-09T19:54:09.317+0000] {dag.py:4180} INFO - Setting next_dagrun for example_branch_datetime_operator_3 to 2024-11-08 00:00:00+00:00, run_after=2024-11-09 00:00:00+00:00
[2024-11-09T19:54:09.366+0000] {processor.py:208} INFO - Processing /home/chirag/airflow/lib/python3.12/site-packages/airflow/example_dags/example_branch_datetime_operator.py took 0.165 seconds
[2024-11-09T19:55:27.158+0000] {processor.py:186} INFO - Started process (PID=7632) to work on /home/chirag/airflow/lib/python3.12/site-packages/airflow/example_dags/example_branch_datetime_operator.py
[2024-11-09T19:55:27.160+0000] {processor.py:914} INFO - Processing file /home/chirag/airflow/lib/python3.12/site-packages/airflow/example_dags/example_branch_datetime_operator.py for tasks to queue
[2024-11-09T19:55:27.166+0000] {logging_mixin.py:190} INFO - [2024-11-09T19:55:27.164+0000] {dagbag.py:588} INFO - Filling up the DagBag from /home/chirag/airflow/lib/python3.12/site-packages/airflow/example_dags/example_branch_datetime_operator.py
[2024-11-09T19:55:27.189+0000] {processor.py:925} INFO - DAG(s) 'example_branch_datetime_operator_3', 'example_branch_datetime_operator_2', 'example_branch_datetime_operator' retrieved from /home/chirag/airflow/lib/python3.12/site-packages/airflow/example_dags/example_branch_datetime_operator.py
[2024-11-09T19:55:27.221+0000] {logging_mixin.py:190} INFO - [2024-11-09T19:55:27.221+0000] {dag.py:3239} INFO - Sync 3 DAGs
[2024-11-09T19:55:27.258+0000] {logging_mixin.py:190} INFO - [2024-11-09T19:55:27.258+0000] {dag.py:4180} INFO - Setting next_dagrun for example_branch_datetime_operator to 2024-11-08 00:00:00+00:00, run_after=2024-11-09 00:00:00+00:00
[2024-11-09T19:55:27.266+0000] {logging_mixin.py:190} INFO - [2024-11-09T19:55:27.265+0000] {dag.py:4180} INFO - Setting next_dagrun for example_branch_datetime_operator_2 to 2024-11-08 00:00:00+00:00, run_after=2024-11-09 00:00:00+00:00
[2024-11-09T19:55:27.270+0000] {logging_mixin.py:190} INFO - [2024-11-09T19:55:27.269+0000] {dag.py:4180} INFO - Setting next_dagrun for example_branch_datetime_operator_3 to 2024-11-08 00:00:00+00:00, run_after=2024-11-09 00:00:00+00:00
[2024-11-09T19:55:27.304+0000] {processor.py:208} INFO - Processing /home/chirag/airflow/lib/python3.12/site-packages/airflow/example_dags/example_branch_datetime_operator.py took 0.159 seconds
[2024-11-09T19:56:59.354+0000] {processor.py:186} INFO - Started process (PID=8032) to work on /home/chirag/airflow/lib/python3.12/site-packages/airflow/example_dags/example_branch_datetime_operator.py
[2024-11-09T19:56:59.356+0000] {processor.py:914} INFO - Processing file /home/chirag/airflow/lib/python3.12/site-packages/airflow/example_dags/example_branch_datetime_operator.py for tasks to queue
[2024-11-09T19:56:59.360+0000] {logging_mixin.py:190} INFO - [2024-11-09T19:56:59.359+0000] {dagbag.py:588} INFO - Filling up the DagBag from /home/chirag/airflow/lib/python3.12/site-packages/airflow/example_dags/example_branch_datetime_operator.py
[2024-11-09T19:56:59.385+0000] {processor.py:925} INFO - DAG(s) 'example_branch_datetime_operator', 'example_branch_datetime_operator_3', 'example_branch_datetime_operator_2' retrieved from /home/chirag/airflow/lib/python3.12/site-packages/airflow/example_dags/example_branch_datetime_operator.py
[2024-11-09T19:56:59.420+0000] {logging_mixin.py:190} INFO - [2024-11-09T19:56:59.420+0000] {dag.py:3239} INFO - Sync 3 DAGs
[2024-11-09T19:56:59.458+0000] {logging_mixin.py:190} INFO - [2024-11-09T19:56:59.458+0000] {dag.py:4180} INFO - Setting next_dagrun for example_branch_datetime_operator to 2024-11-08 00:00:00+00:00, run_after=2024-11-09 00:00:00+00:00
[2024-11-09T19:56:59.465+0000] {logging_mixin.py:190} INFO - [2024-11-09T19:56:59.465+0000] {dag.py:4180} INFO - Setting next_dagrun for example_branch_datetime_operator_2 to 2024-11-08 00:00:00+00:00, run_after=2024-11-09 00:00:00+00:00
[2024-11-09T19:56:59.469+0000] {logging_mixin.py:190} INFO - [2024-11-09T19:56:59.468+0000] {dag.py:4180} INFO - Setting next_dagrun for example_branch_datetime_operator_3 to 2024-11-08 00:00:00+00:00, run_after=2024-11-09 00:00:00+00:00
[2024-11-09T19:56:59.499+0000] {processor.py:208} INFO - Processing /home/chirag/airflow/lib/python3.12/site-packages/airflow/example_dags/example_branch_datetime_operator.py took 0.160 seconds
[2024-11-09T19:58:25.769+0000] {processor.py:186} INFO - Started process (PID=8426) to work on /home/chirag/airflow/lib/python3.12/site-packages/airflow/example_dags/example_branch_datetime_operator.py
[2024-11-09T19:58:25.772+0000] {processor.py:914} INFO - Processing file /home/chirag/airflow/lib/python3.12/site-packages/airflow/example_dags/example_branch_datetime_operator.py for tasks to queue
[2024-11-09T19:58:25.778+0000] {logging_mixin.py:190} INFO - [2024-11-09T19:58:25.777+0000] {dagbag.py:588} INFO - Filling up the DagBag from /home/chirag/airflow/lib/python3.12/site-packages/airflow/example_dags/example_branch_datetime_operator.py
[2024-11-09T19:58:25.816+0000] {processor.py:925} INFO - DAG(s) 'example_branch_datetime_operator_2', 'example_branch_datetime_operator', 'example_branch_datetime_operator_3' retrieved from /home/chirag/airflow/lib/python3.12/site-packages/airflow/example_dags/example_branch_datetime_operator.py
[2024-11-09T19:58:25.883+0000] {logging_mixin.py:190} INFO - [2024-11-09T19:58:25.883+0000] {dag.py:3239} INFO - Sync 3 DAGs
[2024-11-09T19:58:25.959+0000] {logging_mixin.py:190} INFO - [2024-11-09T19:58:25.959+0000] {dag.py:4180} INFO - Setting next_dagrun for example_branch_datetime_operator to 2024-11-08 00:00:00+00:00, run_after=2024-11-09 00:00:00+00:00
[2024-11-09T19:58:25.973+0000] {logging_mixin.py:190} INFO - [2024-11-09T19:58:25.972+0000] {dag.py:4180} INFO - Setting next_dagrun for example_branch_datetime_operator_2 to 2024-11-08 00:00:00+00:00, run_after=2024-11-09 00:00:00+00:00
[2024-11-09T19:58:25.980+0000] {logging_mixin.py:190} INFO - [2024-11-09T19:58:25.980+0000] {dag.py:4180} INFO - Setting next_dagrun for example_branch_datetime_operator_3 to 2024-11-08 00:00:00+00:00, run_after=2024-11-09 00:00:00+00:00
[2024-11-09T19:58:26.030+0000] {processor.py:208} INFO - Processing /home/chirag/airflow/lib/python3.12/site-packages/airflow/example_dags/example_branch_datetime_operator.py took 0.277 seconds
[2024-11-09T20:23:00.457+0000] {processor.py:186} INFO - Started process (PID=12741) to work on /home/chirag/airflow/lib/python3.12/site-packages/airflow/example_dags/example_branch_datetime_operator.py
[2024-11-09T20:23:00.461+0000] {processor.py:914} INFO - Processing file /home/chirag/airflow/lib/python3.12/site-packages/airflow/example_dags/example_branch_datetime_operator.py for tasks to queue
[2024-11-09T20:23:00.466+0000] {logging_mixin.py:190} INFO - [2024-11-09T20:23:00.465+0000] {dagbag.py:588} INFO - Filling up the DagBag from /home/chirag/airflow/lib/python3.12/site-packages/airflow/example_dags/example_branch_datetime_operator.py
[2024-11-09T20:23:00.493+0000] {processor.py:925} INFO - DAG(s) 'example_branch_datetime_operator_3', 'example_branch_datetime_operator', 'example_branch_datetime_operator_2' retrieved from /home/chirag/airflow/lib/python3.12/site-packages/airflow/example_dags/example_branch_datetime_operator.py
[2024-11-09T20:23:00.545+0000] {logging_mixin.py:190} INFO - [2024-11-09T20:23:00.544+0000] {dag.py:3239} INFO - Sync 3 DAGs
[2024-11-09T20:23:00.597+0000] {logging_mixin.py:190} INFO - [2024-11-09T20:23:00.597+0000] {dag.py:4180} INFO - Setting next_dagrun for example_branch_datetime_operator to 2024-11-08 00:00:00+00:00, run_after=2024-11-09 00:00:00+00:00
[2024-11-09T20:23:00.606+0000] {logging_mixin.py:190} INFO - [2024-11-09T20:23:00.606+0000] {dag.py:4180} INFO - Setting next_dagrun for example_branch_datetime_operator_2 to 2024-11-08 00:00:00+00:00, run_after=2024-11-09 00:00:00+00:00
[2024-11-09T20:23:00.613+0000] {logging_mixin.py:190} INFO - [2024-11-09T20:23:00.612+0000] {dag.py:4180} INFO - Setting next_dagrun for example_branch_datetime_operator_3 to 2024-11-08 00:00:00+00:00, run_after=2024-11-09 00:00:00+00:00
[2024-11-09T20:23:00.661+0000] {processor.py:208} INFO - Processing /home/chirag/airflow/lib/python3.12/site-packages/airflow/example_dags/example_branch_datetime_operator.py took 0.214 seconds
[2024-11-09T20:24:16.557+0000] {processor.py:186} INFO - Started process (PID=12957) to work on /home/chirag/airflow/lib/python3.12/site-packages/airflow/example_dags/example_branch_datetime_operator.py
[2024-11-09T20:24:16.561+0000] {processor.py:914} INFO - Processing file /home/chirag/airflow/lib/python3.12/site-packages/airflow/example_dags/example_branch_datetime_operator.py for tasks to queue
[2024-11-09T20:24:16.566+0000] {logging_mixin.py:190} INFO - [2024-11-09T20:24:16.566+0000] {dagbag.py:588} INFO - Filling up the DagBag from /home/chirag/airflow/lib/python3.12/site-packages/airflow/example_dags/example_branch_datetime_operator.py
[2024-11-09T20:24:16.595+0000] {processor.py:925} INFO - DAG(s) 'example_branch_datetime_operator', 'example_branch_datetime_operator_3', 'example_branch_datetime_operator_2' retrieved from /home/chirag/airflow/lib/python3.12/site-packages/airflow/example_dags/example_branch_datetime_operator.py
[2024-11-09T20:24:16.639+0000] {logging_mixin.py:190} INFO - [2024-11-09T20:24:16.638+0000] {dag.py:3239} INFO - Sync 3 DAGs
[2024-11-09T20:24:16.688+0000] {logging_mixin.py:190} INFO - [2024-11-09T20:24:16.687+0000] {dag.py:4180} INFO - Setting next_dagrun for example_branch_datetime_operator to 2024-11-08 00:00:00+00:00, run_after=2024-11-09 00:00:00+00:00
[2024-11-09T20:24:16.694+0000] {logging_mixin.py:190} INFO - [2024-11-09T20:24:16.694+0000] {dag.py:4180} INFO - Setting next_dagrun for example_branch_datetime_operator_2 to 2024-11-08 00:00:00+00:00, run_after=2024-11-09 00:00:00+00:00
[2024-11-09T20:24:16.697+0000] {logging_mixin.py:190} INFO - [2024-11-09T20:24:16.697+0000] {dag.py:4180} INFO - Setting next_dagrun for example_branch_datetime_operator_3 to 2024-11-08 00:00:00+00:00, run_after=2024-11-09 00:00:00+00:00
[2024-11-09T20:24:16.727+0000] {processor.py:208} INFO - Processing /home/chirag/airflow/lib/python3.12/site-packages/airflow/example_dags/example_branch_datetime_operator.py took 0.182 seconds
[2024-11-09T20:25:32.922+0000] {processor.py:186} INFO - Started process (PID=13173) to work on /home/chirag/airflow/lib/python3.12/site-packages/airflow/example_dags/example_branch_datetime_operator.py
[2024-11-09T20:25:32.927+0000] {processor.py:914} INFO - Processing file /home/chirag/airflow/lib/python3.12/site-packages/airflow/example_dags/example_branch_datetime_operator.py for tasks to queue
[2024-11-09T20:25:32.931+0000] {logging_mixin.py:190} INFO - [2024-11-09T20:25:32.930+0000] {dagbag.py:588} INFO - Filling up the DagBag from /home/chirag/airflow/lib/python3.12/site-packages/airflow/example_dags/example_branch_datetime_operator.py
[2024-11-09T20:25:32.962+0000] {processor.py:925} INFO - DAG(s) 'example_branch_datetime_operator_3', 'example_branch_datetime_operator', 'example_branch_datetime_operator_2' retrieved from /home/chirag/airflow/lib/python3.12/site-packages/airflow/example_dags/example_branch_datetime_operator.py
[2024-11-09T20:25:33.017+0000] {logging_mixin.py:190} INFO - [2024-11-09T20:25:33.016+0000] {dag.py:3239} INFO - Sync 3 DAGs
[2024-11-09T20:25:33.067+0000] {logging_mixin.py:190} INFO - [2024-11-09T20:25:33.067+0000] {dag.py:4180} INFO - Setting next_dagrun for example_branch_datetime_operator to 2024-11-08 00:00:00+00:00, run_after=2024-11-09 00:00:00+00:00
[2024-11-09T20:25:33.076+0000] {logging_mixin.py:190} INFO - [2024-11-09T20:25:33.076+0000] {dag.py:4180} INFO - Setting next_dagrun for example_branch_datetime_operator_2 to 2024-11-08 00:00:00+00:00, run_after=2024-11-09 00:00:00+00:00
[2024-11-09T20:25:33.080+0000] {logging_mixin.py:190} INFO - [2024-11-09T20:25:33.079+0000] {dag.py:4180} INFO - Setting next_dagrun for example_branch_datetime_operator_3 to 2024-11-08 00:00:00+00:00, run_after=2024-11-09 00:00:00+00:00
[2024-11-09T20:25:33.123+0000] {processor.py:208} INFO - Processing /home/chirag/airflow/lib/python3.12/site-packages/airflow/example_dags/example_branch_datetime_operator.py took 0.215 seconds
[2024-11-09T20:27:02.982+0000] {processor.py:186} INFO - Started process (PID=13780) to work on /home/chirag/airflow/lib/python3.12/site-packages/airflow/example_dags/example_branch_datetime_operator.py
[2024-11-09T20:27:02.989+0000] {processor.py:914} INFO - Processing file /home/chirag/airflow/lib/python3.12/site-packages/airflow/example_dags/example_branch_datetime_operator.py for tasks to queue
[2024-11-09T20:27:02.992+0000] {logging_mixin.py:190} INFO - [2024-11-09T20:27:02.991+0000] {dagbag.py:588} INFO - Filling up the DagBag from /home/chirag/airflow/lib/python3.12/site-packages/airflow/example_dags/example_branch_datetime_operator.py
[2024-11-09T20:27:03.009+0000] {processor.py:925} INFO - DAG(s) 'example_branch_datetime_operator', 'example_branch_datetime_operator_2', 'example_branch_datetime_operator_3' retrieved from /home/chirag/airflow/lib/python3.12/site-packages/airflow/example_dags/example_branch_datetime_operator.py
[2024-11-09T20:27:03.039+0000] {logging_mixin.py:190} INFO - [2024-11-09T20:27:03.039+0000] {dag.py:3239} INFO - Sync 3 DAGs
[2024-11-09T20:27:03.075+0000] {logging_mixin.py:190} INFO - [2024-11-09T20:27:03.074+0000] {dag.py:4180} INFO - Setting next_dagrun for example_branch_datetime_operator to 2024-11-08 00:00:00+00:00, run_after=2024-11-09 00:00:00+00:00
[2024-11-09T20:27:03.082+0000] {logging_mixin.py:190} INFO - [2024-11-09T20:27:03.081+0000] {dag.py:4180} INFO - Setting next_dagrun for example_branch_datetime_operator_2 to 2024-11-08 00:00:00+00:00, run_after=2024-11-09 00:00:00+00:00
[2024-11-09T20:27:03.085+0000] {logging_mixin.py:190} INFO - [2024-11-09T20:27:03.085+0000] {dag.py:4180} INFO - Setting next_dagrun for example_branch_datetime_operator_3 to 2024-11-08 00:00:00+00:00, run_after=2024-11-09 00:00:00+00:00
[2024-11-09T20:27:03.119+0000] {processor.py:208} INFO - Processing /home/chirag/airflow/lib/python3.12/site-packages/airflow/example_dags/example_branch_datetime_operator.py took 0.145 seconds
