[2024-11-09T19:16:59.222+0000] {processor.py:186} INFO - Started process (PID=94655) to work on /home/chirag/airflow/lib/python3.12/site-packages/airflow/example_dags/example_subdag_operator.py
[2024-11-09T19:16:59.223+0000] {processor.py:914} INFO - Processing file /home/chirag/airflow/lib/python3.12/site-packages/airflow/example_dags/example_subdag_operator.py for tasks to queue
[2024-11-09T19:16:59.228+0000] {logging_mixin.py:190} INFO - [2024-11-09T19:16:59.227+0000] {dagbag.py:588} INFO - Filling up the DagBag from /home/chirag/airflow/lib/python3.12/site-packages/airflow/example_dags/example_subdag_operator.py
[2024-11-09T19:16:59.274+0000] {processor.py:925} INFO - DAG(s) 'example_subdag_operator.section-1', 'example_subdag_operator.section-2', 'example_subdag_operator' retrieved from /home/chirag/airflow/lib/python3.12/site-packages/airflow/example_dags/example_subdag_operator.py
[2024-11-09T19:16:59.498+0000] {logging_mixin.py:190} INFO - [2024-11-09T19:16:59.497+0000] {override.py:1911} INFO - Created Permission View: can delete on DAG:example_subdag_operator
[2024-11-09T19:16:59.526+0000] {logging_mixin.py:190} INFO - [2024-11-09T19:16:59.525+0000] {override.py:1911} INFO - Created Permission View: can read on DAG:example_subdag_operator
[2024-11-09T19:16:59.550+0000] {logging_mixin.py:190} INFO - [2024-11-09T19:16:59.550+0000] {override.py:1911} INFO - Created Permission View: can edit on DAG:example_subdag_operator
[2024-11-09T19:16:59.579+0000] {logging_mixin.py:190} INFO - [2024-11-09T19:16:59.578+0000] {override.py:1911} INFO - Created Permission View: menu access on DAG Run:example_subdag_operator
[2024-11-09T19:16:59.595+0000] {logging_mixin.py:190} INFO - [2024-11-09T19:16:59.594+0000] {override.py:1911} INFO - Created Permission View: can delete on DAG Run:example_subdag_operator
[2024-11-09T19:16:59.613+0000] {logging_mixin.py:190} INFO - [2024-11-09T19:16:59.612+0000] {override.py:1911} INFO - Created Permission View: can read on DAG Run:example_subdag_operator
[2024-11-09T19:16:59.632+0000] {logging_mixin.py:190} INFO - [2024-11-09T19:16:59.632+0000] {override.py:1911} INFO - Created Permission View: can create on DAG Run:example_subdag_operator
[2024-11-09T19:16:59.633+0000] {logging_mixin.py:190} INFO - [2024-11-09T19:16:59.633+0000] {dag.py:3239} INFO - Sync 3 DAGs
[2024-11-09T19:16:59.650+0000] {logging_mixin.py:190} INFO - [2024-11-09T19:16:59.649+0000] {dag.py:3262} INFO - Creating ORM DAG for example_subdag_operator.section-2
[2024-11-09T19:16:59.651+0000] {logging_mixin.py:190} INFO - [2024-11-09T19:16:59.650+0000] {dag.py:3262} INFO - Creating ORM DAG for example_subdag_operator
[2024-11-09T19:16:59.652+0000] {logging_mixin.py:190} INFO - [2024-11-09T19:16:59.651+0000] {dag.py:3262} INFO - Creating ORM DAG for example_subdag_operator.section-1
[2024-11-09T19:16:59.664+0000] {logging_mixin.py:190} INFO - [2024-11-09T19:16:59.663+0000] {dag.py:4180} INFO - Setting next_dagrun for example_subdag_operator to 2022-01-01 00:00:00+00:00, run_after=2022-01-01 00:00:00+00:00
[2024-11-09T19:16:59.665+0000] {logging_mixin.py:190} INFO - [2024-11-09T19:16:59.664+0000] {dag.py:4180} INFO - Setting next_dagrun for example_subdag_operator.section-1 to None, run_after=None
[2024-11-09T19:16:59.665+0000] {logging_mixin.py:190} INFO - [2024-11-09T19:16:59.665+0000] {dag.py:4180} INFO - Setting next_dagrun for example_subdag_operator.section-2 to None, run_after=None
[2024-11-09T19:16:59.676+0000] {logging_mixin.py:190} INFO - [2024-11-09T19:16:59.676+0000] {dag.py:3239} INFO - Sync 2 DAGs
[2024-11-09T19:16:59.682+0000] {logging_mixin.py:190} INFO - [2024-11-09T19:16:59.682+0000] {dag.py:4180} INFO - Setting next_dagrun for example_subdag_operator.section-1 to None, run_after=None
[2024-11-09T19:16:59.685+0000] {logging_mixin.py:190} INFO - [2024-11-09T19:16:59.685+0000] {dag.py:4180} INFO - Setting next_dagrun for example_subdag_operator.section-2 to None, run_after=None
[2024-11-09T19:16:59.714+0000] {processor.py:208} INFO - Processing /home/chirag/airflow/lib/python3.12/site-packages/airflow/example_dags/example_subdag_operator.py took 0.504 seconds
[2024-11-09T19:18:43.807+0000] {processor.py:186} INFO - Started process (PID=94860) to work on /home/chirag/airflow/lib/python3.12/site-packages/airflow/example_dags/example_subdag_operator.py
[2024-11-09T19:18:43.809+0000] {processor.py:914} INFO - Processing file /home/chirag/airflow/lib/python3.12/site-packages/airflow/example_dags/example_subdag_operator.py for tasks to queue
[2024-11-09T19:18:43.814+0000] {logging_mixin.py:190} INFO - [2024-11-09T19:18:43.813+0000] {dagbag.py:588} INFO - Filling up the DagBag from /home/chirag/airflow/lib/python3.12/site-packages/airflow/example_dags/example_subdag_operator.py
[2024-11-09T19:18:43.871+0000] {processor.py:925} INFO - DAG(s) 'example_subdag_operator.section-1', 'example_subdag_operator.section-2', 'example_subdag_operator' retrieved from /home/chirag/airflow/lib/python3.12/site-packages/airflow/example_dags/example_subdag_operator.py
[2024-11-09T19:18:43.904+0000] {logging_mixin.py:190} INFO - [2024-11-09T19:18:43.903+0000] {dag.py:3239} INFO - Sync 3 DAGs
[2024-11-09T19:18:43.942+0000] {logging_mixin.py:190} INFO - [2024-11-09T19:18:43.942+0000] {dag.py:4180} INFO - Setting next_dagrun for example_subdag_operator to 2022-01-01 00:00:00+00:00, run_after=2022-01-01 00:00:00+00:00
[2024-11-09T19:18:43.950+0000] {logging_mixin.py:190} INFO - [2024-11-09T19:18:43.950+0000] {dag.py:4180} INFO - Setting next_dagrun for example_subdag_operator.section-1 to None, run_after=None
[2024-11-09T19:18:43.954+0000] {logging_mixin.py:190} INFO - [2024-11-09T19:18:43.953+0000] {dag.py:4180} INFO - Setting next_dagrun for example_subdag_operator.section-2 to None, run_after=None
[2024-11-09T19:18:43.970+0000] {logging_mixin.py:190} INFO - [2024-11-09T19:18:43.970+0000] {dag.py:3239} INFO - Sync 2 DAGs
[2024-11-09T19:18:43.978+0000] {logging_mixin.py:190} INFO - [2024-11-09T19:18:43.977+0000] {dag.py:4180} INFO - Setting next_dagrun for example_subdag_operator.section-1 to None, run_after=None
[2024-11-09T19:18:43.978+0000] {logging_mixin.py:190} INFO - [2024-11-09T19:18:43.978+0000] {dag.py:4180} INFO - Setting next_dagrun for example_subdag_operator.section-2 to None, run_after=None
[2024-11-09T19:18:44.019+0000] {processor.py:208} INFO - Processing /home/chirag/airflow/lib/python3.12/site-packages/airflow/example_dags/example_subdag_operator.py took 0.226 seconds
[2024-11-09T19:28:01.863+0000] {processor.py:186} INFO - Started process (PID=480) to work on /home/chirag/airflow/lib/python3.12/site-packages/airflow/example_dags/example_subdag_operator.py
[2024-11-09T19:28:01.870+0000] {processor.py:914} INFO - Processing file /home/chirag/airflow/lib/python3.12/site-packages/airflow/example_dags/example_subdag_operator.py for tasks to queue
[2024-11-09T19:28:01.874+0000] {logging_mixin.py:190} INFO - [2024-11-09T19:28:01.873+0000] {dagbag.py:588} INFO - Filling up the DagBag from /home/chirag/airflow/lib/python3.12/site-packages/airflow/example_dags/example_subdag_operator.py
[2024-11-09T19:28:01.950+0000] {processor.py:925} INFO - DAG(s) 'example_subdag_operator.section-1', 'example_subdag_operator.section-2', 'example_subdag_operator' retrieved from /home/chirag/airflow/lib/python3.12/site-packages/airflow/example_dags/example_subdag_operator.py
[2024-11-09T19:28:01.991+0000] {logging_mixin.py:190} INFO - [2024-11-09T19:28:01.990+0000] {dag.py:3239} INFO - Sync 3 DAGs
[2024-11-09T19:28:02.062+0000] {logging_mixin.py:190} INFO - [2024-11-09T19:28:02.061+0000] {dag.py:4180} INFO - Setting next_dagrun for example_subdag_operator to 2022-01-01 00:00:00+00:00, run_after=2022-01-01 00:00:00+00:00
[2024-11-09T19:28:02.071+0000] {logging_mixin.py:190} INFO - [2024-11-09T19:28:02.071+0000] {dag.py:4180} INFO - Setting next_dagrun for example_subdag_operator.section-1 to None, run_after=None
[2024-11-09T19:28:02.075+0000] {logging_mixin.py:190} INFO - [2024-11-09T19:28:02.074+0000] {dag.py:4180} INFO - Setting next_dagrun for example_subdag_operator.section-2 to None, run_after=None
[2024-11-09T19:28:02.096+0000] {logging_mixin.py:190} INFO - [2024-11-09T19:28:02.096+0000] {dag.py:3239} INFO - Sync 2 DAGs
[2024-11-09T19:28:02.107+0000] {logging_mixin.py:190} INFO - [2024-11-09T19:28:02.107+0000] {dag.py:4180} INFO - Setting next_dagrun for example_subdag_operator.section-1 to None, run_after=None
[2024-11-09T19:28:02.108+0000] {logging_mixin.py:190} INFO - [2024-11-09T19:28:02.108+0000] {dag.py:4180} INFO - Setting next_dagrun for example_subdag_operator.section-2 to None, run_after=None
[2024-11-09T19:28:02.202+0000] {processor.py:208} INFO - Processing /home/chirag/airflow/lib/python3.12/site-packages/airflow/example_dags/example_subdag_operator.py took 0.358 seconds
[2024-11-09T19:29:09.424+0000] {processor.py:186} INFO - Started process (PID=563) to work on /home/chirag/airflow/lib/python3.12/site-packages/airflow/example_dags/example_subdag_operator.py
[2024-11-09T19:29:09.428+0000] {processor.py:914} INFO - Processing file /home/chirag/airflow/lib/python3.12/site-packages/airflow/example_dags/example_subdag_operator.py for tasks to queue
[2024-11-09T19:29:09.430+0000] {logging_mixin.py:190} INFO - [2024-11-09T19:29:09.430+0000] {dagbag.py:588} INFO - Filling up the DagBag from /home/chirag/airflow/lib/python3.12/site-packages/airflow/example_dags/example_subdag_operator.py
[2024-11-09T19:29:09.461+0000] {processor.py:925} INFO - DAG(s) 'example_subdag_operator.section-1', 'example_subdag_operator.section-2', 'example_subdag_operator' retrieved from /home/chirag/airflow/lib/python3.12/site-packages/airflow/example_dags/example_subdag_operator.py
[2024-11-09T19:29:09.482+0000] {logging_mixin.py:190} INFO - [2024-11-09T19:29:09.481+0000] {dag.py:3239} INFO - Sync 3 DAGs
[2024-11-09T19:29:09.508+0000] {logging_mixin.py:190} INFO - [2024-11-09T19:29:09.508+0000] {dag.py:4180} INFO - Setting next_dagrun for example_subdag_operator to 2022-01-01 00:00:00+00:00, run_after=2022-01-01 00:00:00+00:00
[2024-11-09T19:29:09.513+0000] {logging_mixin.py:190} INFO - [2024-11-09T19:29:09.513+0000] {dag.py:4180} INFO - Setting next_dagrun for example_subdag_operator.section-1 to None, run_after=None
[2024-11-09T19:29:09.514+0000] {logging_mixin.py:190} INFO - [2024-11-09T19:29:09.514+0000] {dag.py:4180} INFO - Setting next_dagrun for example_subdag_operator.section-2 to None, run_after=None
[2024-11-09T19:29:09.522+0000] {logging_mixin.py:190} INFO - [2024-11-09T19:29:09.522+0000] {dag.py:3239} INFO - Sync 2 DAGs
[2024-11-09T19:29:09.527+0000] {logging_mixin.py:190} INFO - [2024-11-09T19:29:09.527+0000] {dag.py:4180} INFO - Setting next_dagrun for example_subdag_operator.section-1 to None, run_after=None
[2024-11-09T19:29:09.528+0000] {logging_mixin.py:190} INFO - [2024-11-09T19:29:09.528+0000] {dag.py:4180} INFO - Setting next_dagrun for example_subdag_operator.section-2 to None, run_after=None
[2024-11-09T19:29:09.557+0000] {processor.py:208} INFO - Processing /home/chirag/airflow/lib/python3.12/site-packages/airflow/example_dags/example_subdag_operator.py took 0.140 seconds
[2024-11-09T19:30:24.599+0000] {processor.py:186} INFO - Started process (PID=636) to work on /home/chirag/airflow/lib/python3.12/site-packages/airflow/example_dags/example_subdag_operator.py
[2024-11-09T19:30:24.602+0000] {processor.py:914} INFO - Processing file /home/chirag/airflow/lib/python3.12/site-packages/airflow/example_dags/example_subdag_operator.py for tasks to queue
[2024-11-09T19:30:24.605+0000] {logging_mixin.py:190} INFO - [2024-11-09T19:30:24.604+0000] {dagbag.py:588} INFO - Filling up the DagBag from /home/chirag/airflow/lib/python3.12/site-packages/airflow/example_dags/example_subdag_operator.py
[2024-11-09T19:30:24.639+0000] {processor.py:925} INFO - DAG(s) 'example_subdag_operator.section-1', 'example_subdag_operator.section-2', 'example_subdag_operator' retrieved from /home/chirag/airflow/lib/python3.12/site-packages/airflow/example_dags/example_subdag_operator.py
[2024-11-09T19:30:24.659+0000] {logging_mixin.py:190} INFO - [2024-11-09T19:30:24.659+0000] {dag.py:3239} INFO - Sync 3 DAGs
[2024-11-09T19:30:24.687+0000] {logging_mixin.py:190} INFO - [2024-11-09T19:30:24.686+0000] {dag.py:4180} INFO - Setting next_dagrun for example_subdag_operator to 2022-01-01 00:00:00+00:00, run_after=2022-01-01 00:00:00+00:00
[2024-11-09T19:30:24.691+0000] {logging_mixin.py:190} INFO - [2024-11-09T19:30:24.691+0000] {dag.py:4180} INFO - Setting next_dagrun for example_subdag_operator.section-1 to None, run_after=None
[2024-11-09T19:30:24.693+0000] {logging_mixin.py:190} INFO - [2024-11-09T19:30:24.692+0000] {dag.py:4180} INFO - Setting next_dagrun for example_subdag_operator.section-2 to None, run_after=None
[2024-11-09T19:30:24.702+0000] {logging_mixin.py:190} INFO - [2024-11-09T19:30:24.701+0000] {dag.py:3239} INFO - Sync 2 DAGs
[2024-11-09T19:30:24.707+0000] {logging_mixin.py:190} INFO - [2024-11-09T19:30:24.706+0000] {dag.py:4180} INFO - Setting next_dagrun for example_subdag_operator.section-1 to None, run_after=None
[2024-11-09T19:30:24.707+0000] {logging_mixin.py:190} INFO - [2024-11-09T19:30:24.707+0000] {dag.py:4180} INFO - Setting next_dagrun for example_subdag_operator.section-2 to None, run_after=None
[2024-11-09T19:30:24.732+0000] {processor.py:208} INFO - Processing /home/chirag/airflow/lib/python3.12/site-packages/airflow/example_dags/example_subdag_operator.py took 0.143 seconds
[2024-11-09T19:31:45.482+0000] {processor.py:186} INFO - Started process (PID=754) to work on /home/chirag/airflow/lib/python3.12/site-packages/airflow/example_dags/example_subdag_operator.py
[2024-11-09T19:31:45.511+0000] {processor.py:914} INFO - Processing file /home/chirag/airflow/lib/python3.12/site-packages/airflow/example_dags/example_subdag_operator.py for tasks to queue
[2024-11-09T19:31:45.516+0000] {logging_mixin.py:190} INFO - [2024-11-09T19:31:45.515+0000] {dagbag.py:588} INFO - Filling up the DagBag from /home/chirag/airflow/lib/python3.12/site-packages/airflow/example_dags/example_subdag_operator.py
[2024-11-09T19:31:45.673+0000] {processor.py:925} INFO - DAG(s) 'example_subdag_operator.section-1', 'example_subdag_operator.section-2', 'example_subdag_operator' retrieved from /home/chirag/airflow/lib/python3.12/site-packages/airflow/example_dags/example_subdag_operator.py
[2024-11-09T19:31:45.732+0000] {logging_mixin.py:190} INFO - [2024-11-09T19:31:45.731+0000] {dag.py:3239} INFO - Sync 3 DAGs
[2024-11-09T19:31:45.812+0000] {logging_mixin.py:190} INFO - [2024-11-09T19:31:45.811+0000] {dag.py:4180} INFO - Setting next_dagrun for example_subdag_operator to 2022-01-01 00:00:00+00:00, run_after=2022-01-01 00:00:00+00:00
[2024-11-09T19:31:45.827+0000] {logging_mixin.py:190} INFO - [2024-11-09T19:31:45.826+0000] {dag.py:4180} INFO - Setting next_dagrun for example_subdag_operator.section-1 to None, run_after=None
[2024-11-09T19:31:45.838+0000] {logging_mixin.py:190} INFO - [2024-11-09T19:31:45.838+0000] {dag.py:4180} INFO - Setting next_dagrun for example_subdag_operator.section-2 to None, run_after=None
[2024-11-09T19:31:45.862+0000] {logging_mixin.py:190} INFO - [2024-11-09T19:31:45.862+0000] {dag.py:3239} INFO - Sync 2 DAGs
[2024-11-09T19:31:45.875+0000] {logging_mixin.py:190} INFO - [2024-11-09T19:31:45.875+0000] {dag.py:4180} INFO - Setting next_dagrun for example_subdag_operator.section-1 to None, run_after=None
[2024-11-09T19:31:45.876+0000] {logging_mixin.py:190} INFO - [2024-11-09T19:31:45.876+0000] {dag.py:4180} INFO - Setting next_dagrun for example_subdag_operator.section-2 to None, run_after=None
[2024-11-09T19:31:45.962+0000] {processor.py:208} INFO - Processing /home/chirag/airflow/lib/python3.12/site-packages/airflow/example_dags/example_subdag_operator.py took 0.502 seconds
[2024-11-09T19:33:22.724+0000] {processor.py:186} INFO - Started process (PID=1825) to work on /home/chirag/airflow/lib/python3.12/site-packages/airflow/example_dags/example_subdag_operator.py
[2024-11-09T19:33:22.727+0000] {processor.py:914} INFO - Processing file /home/chirag/airflow/lib/python3.12/site-packages/airflow/example_dags/example_subdag_operator.py for tasks to queue
[2024-11-09T19:33:22.730+0000] {logging_mixin.py:190} INFO - [2024-11-09T19:33:22.730+0000] {dagbag.py:588} INFO - Filling up the DagBag from /home/chirag/airflow/lib/python3.12/site-packages/airflow/example_dags/example_subdag_operator.py
[2024-11-09T19:33:22.770+0000] {processor.py:925} INFO - DAG(s) 'example_subdag_operator.section-1', 'example_subdag_operator.section-2', 'example_subdag_operator' retrieved from /home/chirag/airflow/lib/python3.12/site-packages/airflow/example_dags/example_subdag_operator.py
[2024-11-09T19:33:22.800+0000] {logging_mixin.py:190} INFO - [2024-11-09T19:33:22.800+0000] {dag.py:3239} INFO - Sync 3 DAGs
[2024-11-09T19:33:22.870+0000] {logging_mixin.py:190} INFO - [2024-11-09T19:33:22.870+0000] {dag.py:4180} INFO - Setting next_dagrun for example_subdag_operator to 2022-01-01 00:00:00+00:00, run_after=2022-01-01 00:00:00+00:00
[2024-11-09T19:33:22.877+0000] {logging_mixin.py:190} INFO - [2024-11-09T19:33:22.877+0000] {dag.py:4180} INFO - Setting next_dagrun for example_subdag_operator.section-1 to None, run_after=None
[2024-11-09T19:33:22.879+0000] {logging_mixin.py:190} INFO - [2024-11-09T19:33:22.879+0000] {dag.py:4180} INFO - Setting next_dagrun for example_subdag_operator.section-2 to None, run_after=None
[2024-11-09T19:33:22.891+0000] {logging_mixin.py:190} INFO - [2024-11-09T19:33:22.891+0000] {dag.py:3239} INFO - Sync 2 DAGs
[2024-11-09T19:33:22.898+0000] {logging_mixin.py:190} INFO - [2024-11-09T19:33:22.897+0000] {dag.py:4180} INFO - Setting next_dagrun for example_subdag_operator.section-1 to None, run_after=None
[2024-11-09T19:33:22.898+0000] {logging_mixin.py:190} INFO - [2024-11-09T19:33:22.898+0000] {dag.py:4180} INFO - Setting next_dagrun for example_subdag_operator.section-2 to None, run_after=None
[2024-11-09T19:33:22.927+0000] {processor.py:208} INFO - Processing /home/chirag/airflow/lib/python3.12/site-packages/airflow/example_dags/example_subdag_operator.py took 0.212 seconds
[2024-11-09T19:34:42.319+0000] {processor.py:186} INFO - Started process (PID=2389) to work on /home/chirag/airflow/lib/python3.12/site-packages/airflow/example_dags/example_subdag_operator.py
[2024-11-09T19:34:42.324+0000] {processor.py:914} INFO - Processing file /home/chirag/airflow/lib/python3.12/site-packages/airflow/example_dags/example_subdag_operator.py for tasks to queue
[2024-11-09T19:34:42.333+0000] {logging_mixin.py:190} INFO - [2024-11-09T19:34:42.328+0000] {dagbag.py:588} INFO - Filling up the DagBag from /home/chirag/airflow/lib/python3.12/site-packages/airflow/example_dags/example_subdag_operator.py
[2024-11-09T19:34:42.413+0000] {processor.py:925} INFO - DAG(s) 'example_subdag_operator.section-1', 'example_subdag_operator.section-2', 'example_subdag_operator' retrieved from /home/chirag/airflow/lib/python3.12/site-packages/airflow/example_dags/example_subdag_operator.py
[2024-11-09T19:34:42.779+0000] {logging_mixin.py:190} INFO - [2024-11-09T19:34:42.779+0000] {dag.py:3239} INFO - Sync 3 DAGs
[2024-11-09T19:34:42.808+0000] {logging_mixin.py:190} INFO - [2024-11-09T19:34:42.807+0000] {dag.py:4180} INFO - Setting next_dagrun for example_subdag_operator to 2022-01-01 00:00:00+00:00, run_after=2022-01-01 00:00:00+00:00
[2024-11-09T19:34:42.817+0000] {logging_mixin.py:190} INFO - [2024-11-09T19:34:42.817+0000] {dag.py:4180} INFO - Setting next_dagrun for example_subdag_operator.section-1 to None, run_after=None
[2024-11-09T19:34:42.820+0000] {logging_mixin.py:190} INFO - [2024-11-09T19:34:42.819+0000] {dag.py:4180} INFO - Setting next_dagrun for example_subdag_operator.section-2 to None, run_after=None
[2024-11-09T19:34:42.846+0000] {logging_mixin.py:190} INFO - [2024-11-09T19:34:42.846+0000] {dag.py:3239} INFO - Sync 2 DAGs
[2024-11-09T19:34:42.867+0000] {logging_mixin.py:190} INFO - [2024-11-09T19:34:42.867+0000] {dag.py:4180} INFO - Setting next_dagrun for example_subdag_operator.section-1 to None, run_after=None
[2024-11-09T19:34:42.868+0000] {logging_mixin.py:190} INFO - [2024-11-09T19:34:42.868+0000] {dag.py:4180} INFO - Setting next_dagrun for example_subdag_operator.section-2 to None, run_after=None
[2024-11-09T19:34:42.924+0000] {processor.py:208} INFO - Processing /home/chirag/airflow/lib/python3.12/site-packages/airflow/example_dags/example_subdag_operator.py took 0.620 seconds
[2024-11-09T19:36:12.562+0000] {processor.py:186} INFO - Started process (PID=2771) to work on /home/chirag/airflow/lib/python3.12/site-packages/airflow/example_dags/example_subdag_operator.py
[2024-11-09T19:36:12.568+0000] {processor.py:914} INFO - Processing file /home/chirag/airflow/lib/python3.12/site-packages/airflow/example_dags/example_subdag_operator.py for tasks to queue
[2024-11-09T19:36:12.571+0000] {logging_mixin.py:190} INFO - [2024-11-09T19:36:12.570+0000] {dagbag.py:588} INFO - Filling up the DagBag from /home/chirag/airflow/lib/python3.12/site-packages/airflow/example_dags/example_subdag_operator.py
[2024-11-09T19:36:12.603+0000] {processor.py:925} INFO - DAG(s) 'example_subdag_operator.section-1', 'example_subdag_operator.section-2', 'example_subdag_operator' retrieved from /home/chirag/airflow/lib/python3.12/site-packages/airflow/example_dags/example_subdag_operator.py
[2024-11-09T19:36:12.623+0000] {logging_mixin.py:190} INFO - [2024-11-09T19:36:12.623+0000] {dag.py:3239} INFO - Sync 3 DAGs
[2024-11-09T19:36:12.651+0000] {logging_mixin.py:190} INFO - [2024-11-09T19:36:12.651+0000] {dag.py:4180} INFO - Setting next_dagrun for example_subdag_operator to 2022-01-01 00:00:00+00:00, run_after=2022-01-01 00:00:00+00:00
[2024-11-09T19:36:12.656+0000] {logging_mixin.py:190} INFO - [2024-11-09T19:36:12.656+0000] {dag.py:4180} INFO - Setting next_dagrun for example_subdag_operator.section-1 to None, run_after=None
[2024-11-09T19:36:12.658+0000] {logging_mixin.py:190} INFO - [2024-11-09T19:36:12.657+0000] {dag.py:4180} INFO - Setting next_dagrun for example_subdag_operator.section-2 to None, run_after=None
[2024-11-09T19:36:12.666+0000] {logging_mixin.py:190} INFO - [2024-11-09T19:36:12.666+0000] {dag.py:3239} INFO - Sync 2 DAGs
[2024-11-09T19:36:12.671+0000] {logging_mixin.py:190} INFO - [2024-11-09T19:36:12.671+0000] {dag.py:4180} INFO - Setting next_dagrun for example_subdag_operator.section-1 to None, run_after=None
[2024-11-09T19:36:12.672+0000] {logging_mixin.py:190} INFO - [2024-11-09T19:36:12.672+0000] {dag.py:4180} INFO - Setting next_dagrun for example_subdag_operator.section-2 to None, run_after=None
[2024-11-09T19:36:12.709+0000] {processor.py:208} INFO - Processing /home/chirag/airflow/lib/python3.12/site-packages/airflow/example_dags/example_subdag_operator.py took 0.155 seconds
[2024-11-09T19:37:24.237+0000] {processor.py:186} INFO - Started process (PID=2973) to work on /home/chirag/airflow/lib/python3.12/site-packages/airflow/example_dags/example_subdag_operator.py
[2024-11-09T19:37:24.243+0000] {processor.py:914} INFO - Processing file /home/chirag/airflow/lib/python3.12/site-packages/airflow/example_dags/example_subdag_operator.py for tasks to queue
[2024-11-09T19:37:24.246+0000] {logging_mixin.py:190} INFO - [2024-11-09T19:37:24.245+0000] {dagbag.py:588} INFO - Filling up the DagBag from /home/chirag/airflow/lib/python3.12/site-packages/airflow/example_dags/example_subdag_operator.py
[2024-11-09T19:37:24.280+0000] {processor.py:925} INFO - DAG(s) 'example_subdag_operator.section-1', 'example_subdag_operator.section-2', 'example_subdag_operator' retrieved from /home/chirag/airflow/lib/python3.12/site-packages/airflow/example_dags/example_subdag_operator.py
[2024-11-09T19:37:24.302+0000] {logging_mixin.py:190} INFO - [2024-11-09T19:37:24.302+0000] {dag.py:3239} INFO - Sync 3 DAGs
[2024-11-09T19:37:24.336+0000] {logging_mixin.py:190} INFO - [2024-11-09T19:37:24.335+0000] {dag.py:4180} INFO - Setting next_dagrun for example_subdag_operator to 2022-01-01 00:00:00+00:00, run_after=2022-01-01 00:00:00+00:00
[2024-11-09T19:37:24.342+0000] {logging_mixin.py:190} INFO - [2024-11-09T19:37:24.342+0000] {dag.py:4180} INFO - Setting next_dagrun for example_subdag_operator.section-1 to None, run_after=None
[2024-11-09T19:37:24.345+0000] {logging_mixin.py:190} INFO - [2024-11-09T19:37:24.345+0000] {dag.py:4180} INFO - Setting next_dagrun for example_subdag_operator.section-2 to None, run_after=None
[2024-11-09T19:37:24.353+0000] {logging_mixin.py:190} INFO - [2024-11-09T19:37:24.353+0000] {dag.py:3239} INFO - Sync 2 DAGs
[2024-11-09T19:37:24.359+0000] {logging_mixin.py:190} INFO - [2024-11-09T19:37:24.359+0000] {dag.py:4180} INFO - Setting next_dagrun for example_subdag_operator.section-1 to None, run_after=None
[2024-11-09T19:37:24.360+0000] {logging_mixin.py:190} INFO - [2024-11-09T19:37:24.360+0000] {dag.py:4180} INFO - Setting next_dagrun for example_subdag_operator.section-2 to None, run_after=None
[2024-11-09T19:37:24.386+0000] {processor.py:208} INFO - Processing /home/chirag/airflow/lib/python3.12/site-packages/airflow/example_dags/example_subdag_operator.py took 0.157 seconds
[2024-11-09T19:38:37.645+0000] {processor.py:186} INFO - Started process (PID=3360) to work on /home/chirag/airflow/lib/python3.12/site-packages/airflow/example_dags/example_subdag_operator.py
[2024-11-09T19:38:37.651+0000] {processor.py:914} INFO - Processing file /home/chirag/airflow/lib/python3.12/site-packages/airflow/example_dags/example_subdag_operator.py for tasks to queue
[2024-11-09T19:38:37.656+0000] {logging_mixin.py:190} INFO - [2024-11-09T19:38:37.655+0000] {dagbag.py:588} INFO - Filling up the DagBag from /home/chirag/airflow/lib/python3.12/site-packages/airflow/example_dags/example_subdag_operator.py
[2024-11-09T19:38:37.715+0000] {processor.py:925} INFO - DAG(s) 'example_subdag_operator.section-1', 'example_subdag_operator.section-2', 'example_subdag_operator' retrieved from /home/chirag/airflow/lib/python3.12/site-packages/airflow/example_dags/example_subdag_operator.py
[2024-11-09T19:38:37.792+0000] {logging_mixin.py:190} INFO - [2024-11-09T19:38:37.792+0000] {dag.py:3239} INFO - Sync 3 DAGs
[2024-11-09T19:38:37.905+0000] {logging_mixin.py:190} INFO - [2024-11-09T19:38:37.904+0000] {dag.py:4180} INFO - Setting next_dagrun for example_subdag_operator to 2022-01-01 00:00:00+00:00, run_after=2022-01-01 00:00:00+00:00
[2024-11-09T19:38:37.915+0000] {logging_mixin.py:190} INFO - [2024-11-09T19:38:37.914+0000] {dag.py:4180} INFO - Setting next_dagrun for example_subdag_operator.section-1 to None, run_after=None
[2024-11-09T19:38:37.919+0000] {logging_mixin.py:190} INFO - [2024-11-09T19:38:37.919+0000] {dag.py:4180} INFO - Setting next_dagrun for example_subdag_operator.section-2 to None, run_after=None
[2024-11-09T19:38:37.932+0000] {logging_mixin.py:190} INFO - [2024-11-09T19:38:37.931+0000] {dag.py:3239} INFO - Sync 2 DAGs
[2024-11-09T19:38:37.940+0000] {logging_mixin.py:190} INFO - [2024-11-09T19:38:37.940+0000] {dag.py:4180} INFO - Setting next_dagrun for example_subdag_operator.section-1 to None, run_after=None
[2024-11-09T19:38:37.941+0000] {logging_mixin.py:190} INFO - [2024-11-09T19:38:37.941+0000] {dag.py:4180} INFO - Setting next_dagrun for example_subdag_operator.section-2 to None, run_after=None
[2024-11-09T19:38:37.979+0000] {processor.py:208} INFO - Processing /home/chirag/airflow/lib/python3.12/site-packages/airflow/example_dags/example_subdag_operator.py took 0.344 seconds
[2024-11-09T19:40:02.986+0000] {processor.py:186} INFO - Started process (PID=3594) to work on /home/chirag/airflow/lib/python3.12/site-packages/airflow/example_dags/example_subdag_operator.py
[2024-11-09T19:40:02.999+0000] {processor.py:914} INFO - Processing file /home/chirag/airflow/lib/python3.12/site-packages/airflow/example_dags/example_subdag_operator.py for tasks to queue
[2024-11-09T19:40:03.002+0000] {logging_mixin.py:190} INFO - [2024-11-09T19:40:03.001+0000] {dagbag.py:588} INFO - Filling up the DagBag from /home/chirag/airflow/lib/python3.12/site-packages/airflow/example_dags/example_subdag_operator.py
[2024-11-09T19:40:03.036+0000] {processor.py:925} INFO - DAG(s) 'example_subdag_operator.section-1', 'example_subdag_operator.section-2', 'example_subdag_operator' retrieved from /home/chirag/airflow/lib/python3.12/site-packages/airflow/example_dags/example_subdag_operator.py
[2024-11-09T19:40:03.061+0000] {logging_mixin.py:190} INFO - [2024-11-09T19:40:03.060+0000] {dag.py:3239} INFO - Sync 3 DAGs
[2024-11-09T19:40:03.094+0000] {logging_mixin.py:190} INFO - [2024-11-09T19:40:03.094+0000] {dag.py:4180} INFO - Setting next_dagrun for example_subdag_operator to 2022-01-01 00:00:00+00:00, run_after=2022-01-01 00:00:00+00:00
[2024-11-09T19:40:03.099+0000] {logging_mixin.py:190} INFO - [2024-11-09T19:40:03.099+0000] {dag.py:4180} INFO - Setting next_dagrun for example_subdag_operator.section-1 to None, run_after=None
[2024-11-09T19:40:03.101+0000] {logging_mixin.py:190} INFO - [2024-11-09T19:40:03.101+0000] {dag.py:4180} INFO - Setting next_dagrun for example_subdag_operator.section-2 to None, run_after=None
[2024-11-09T19:40:03.109+0000] {logging_mixin.py:190} INFO - [2024-11-09T19:40:03.109+0000] {dag.py:3239} INFO - Sync 2 DAGs
[2024-11-09T19:40:03.115+0000] {logging_mixin.py:190} INFO - [2024-11-09T19:40:03.114+0000] {dag.py:4180} INFO - Setting next_dagrun for example_subdag_operator.section-1 to None, run_after=None
[2024-11-09T19:40:03.115+0000] {logging_mixin.py:190} INFO - [2024-11-09T19:40:03.115+0000] {dag.py:4180} INFO - Setting next_dagrun for example_subdag_operator.section-2 to None, run_after=None
[2024-11-09T19:40:03.217+0000] {processor.py:208} INFO - Processing /home/chirag/airflow/lib/python3.12/site-packages/airflow/example_dags/example_subdag_operator.py took 0.239 seconds
[2024-11-09T19:41:16.797+0000] {processor.py:186} INFO - Started process (PID=3797) to work on /home/chirag/airflow/lib/python3.12/site-packages/airflow/example_dags/example_subdag_operator.py
[2024-11-09T19:41:16.800+0000] {processor.py:914} INFO - Processing file /home/chirag/airflow/lib/python3.12/site-packages/airflow/example_dags/example_subdag_operator.py for tasks to queue
[2024-11-09T19:41:16.803+0000] {logging_mixin.py:190} INFO - [2024-11-09T19:41:16.802+0000] {dagbag.py:588} INFO - Filling up the DagBag from /home/chirag/airflow/lib/python3.12/site-packages/airflow/example_dags/example_subdag_operator.py
[2024-11-09T19:41:16.836+0000] {processor.py:925} INFO - DAG(s) 'example_subdag_operator.section-1', 'example_subdag_operator.section-2', 'example_subdag_operator' retrieved from /home/chirag/airflow/lib/python3.12/site-packages/airflow/example_dags/example_subdag_operator.py
[2024-11-09T19:41:16.857+0000] {logging_mixin.py:190} INFO - [2024-11-09T19:41:16.856+0000] {dag.py:3239} INFO - Sync 3 DAGs
[2024-11-09T19:41:16.890+0000] {logging_mixin.py:190} INFO - [2024-11-09T19:41:16.890+0000] {dag.py:4180} INFO - Setting next_dagrun for example_subdag_operator to 2022-01-01 00:00:00+00:00, run_after=2022-01-01 00:00:00+00:00
[2024-11-09T19:41:16.895+0000] {logging_mixin.py:190} INFO - [2024-11-09T19:41:16.894+0000] {dag.py:4180} INFO - Setting next_dagrun for example_subdag_operator.section-1 to None, run_after=None
[2024-11-09T19:41:16.897+0000] {logging_mixin.py:190} INFO - [2024-11-09T19:41:16.896+0000] {dag.py:4180} INFO - Setting next_dagrun for example_subdag_operator.section-2 to None, run_after=None
[2024-11-09T19:41:16.905+0000] {logging_mixin.py:190} INFO - [2024-11-09T19:41:16.905+0000] {dag.py:3239} INFO - Sync 2 DAGs
[2024-11-09T19:41:16.911+0000] {logging_mixin.py:190} INFO - [2024-11-09T19:41:16.911+0000] {dag.py:4180} INFO - Setting next_dagrun for example_subdag_operator.section-1 to None, run_after=None
[2024-11-09T19:41:16.912+0000] {logging_mixin.py:190} INFO - [2024-11-09T19:41:16.911+0000] {dag.py:4180} INFO - Setting next_dagrun for example_subdag_operator.section-2 to None, run_after=None
[2024-11-09T19:41:16.938+0000] {processor.py:208} INFO - Processing /home/chirag/airflow/lib/python3.12/site-packages/airflow/example_dags/example_subdag_operator.py took 0.149 seconds
[2024-11-09T19:42:30.828+0000] {processor.py:186} INFO - Started process (PID=4012) to work on /home/chirag/airflow/lib/python3.12/site-packages/airflow/example_dags/example_subdag_operator.py
[2024-11-09T19:42:30.831+0000] {processor.py:914} INFO - Processing file /home/chirag/airflow/lib/python3.12/site-packages/airflow/example_dags/example_subdag_operator.py for tasks to queue
[2024-11-09T19:42:30.834+0000] {logging_mixin.py:190} INFO - [2024-11-09T19:42:30.834+0000] {dagbag.py:588} INFO - Filling up the DagBag from /home/chirag/airflow/lib/python3.12/site-packages/airflow/example_dags/example_subdag_operator.py
[2024-11-09T19:42:30.870+0000] {processor.py:925} INFO - DAG(s) 'example_subdag_operator.section-1', 'example_subdag_operator.section-2', 'example_subdag_operator' retrieved from /home/chirag/airflow/lib/python3.12/site-packages/airflow/example_dags/example_subdag_operator.py
[2024-11-09T19:42:30.897+0000] {logging_mixin.py:190} INFO - [2024-11-09T19:42:30.897+0000] {dag.py:3239} INFO - Sync 3 DAGs
[2024-11-09T19:42:30.932+0000] {logging_mixin.py:190} INFO - [2024-11-09T19:42:30.932+0000] {dag.py:4180} INFO - Setting next_dagrun for example_subdag_operator to 2022-01-01 00:00:00+00:00, run_after=2022-01-01 00:00:00+00:00
[2024-11-09T19:42:30.937+0000] {logging_mixin.py:190} INFO - [2024-11-09T19:42:30.937+0000] {dag.py:4180} INFO - Setting next_dagrun for example_subdag_operator.section-1 to None, run_after=None
[2024-11-09T19:42:30.939+0000] {logging_mixin.py:190} INFO - [2024-11-09T19:42:30.938+0000] {dag.py:4180} INFO - Setting next_dagrun for example_subdag_operator.section-2 to None, run_after=None
[2024-11-09T19:42:30.947+0000] {logging_mixin.py:190} INFO - [2024-11-09T19:42:30.947+0000] {dag.py:3239} INFO - Sync 2 DAGs
[2024-11-09T19:42:30.953+0000] {logging_mixin.py:190} INFO - [2024-11-09T19:42:30.953+0000] {dag.py:4180} INFO - Setting next_dagrun for example_subdag_operator.section-1 to None, run_after=None
[2024-11-09T19:42:30.953+0000] {logging_mixin.py:190} INFO - [2024-11-09T19:42:30.953+0000] {dag.py:4180} INFO - Setting next_dagrun for example_subdag_operator.section-2 to None, run_after=None
[2024-11-09T19:42:30.981+0000] {processor.py:208} INFO - Processing /home/chirag/airflow/lib/python3.12/site-packages/airflow/example_dags/example_subdag_operator.py took 0.161 seconds
[2024-11-09T19:43:51.332+0000] {processor.py:186} INFO - Started process (PID=4245) to work on /home/chirag/airflow/lib/python3.12/site-packages/airflow/example_dags/example_subdag_operator.py
[2024-11-09T19:43:51.335+0000] {processor.py:914} INFO - Processing file /home/chirag/airflow/lib/python3.12/site-packages/airflow/example_dags/example_subdag_operator.py for tasks to queue
[2024-11-09T19:43:51.339+0000] {logging_mixin.py:190} INFO - [2024-11-09T19:43:51.338+0000] {dagbag.py:588} INFO - Filling up the DagBag from /home/chirag/airflow/lib/python3.12/site-packages/airflow/example_dags/example_subdag_operator.py
[2024-11-09T19:43:51.376+0000] {processor.py:925} INFO - DAG(s) 'example_subdag_operator.section-1', 'example_subdag_operator.section-2', 'example_subdag_operator' retrieved from /home/chirag/airflow/lib/python3.12/site-packages/airflow/example_dags/example_subdag_operator.py
[2024-11-09T19:43:51.397+0000] {logging_mixin.py:190} INFO - [2024-11-09T19:43:51.397+0000] {dag.py:3239} INFO - Sync 3 DAGs
[2024-11-09T19:43:51.430+0000] {logging_mixin.py:190} INFO - [2024-11-09T19:43:51.429+0000] {dag.py:4180} INFO - Setting next_dagrun for example_subdag_operator to 2022-01-01 00:00:00+00:00, run_after=2022-01-01 00:00:00+00:00
[2024-11-09T19:43:51.435+0000] {logging_mixin.py:190} INFO - [2024-11-09T19:43:51.435+0000] {dag.py:4180} INFO - Setting next_dagrun for example_subdag_operator.section-1 to None, run_after=None
[2024-11-09T19:43:51.437+0000] {logging_mixin.py:190} INFO - [2024-11-09T19:43:51.436+0000] {dag.py:4180} INFO - Setting next_dagrun for example_subdag_operator.section-2 to None, run_after=None
[2024-11-09T19:43:51.445+0000] {logging_mixin.py:190} INFO - [2024-11-09T19:43:51.445+0000] {dag.py:3239} INFO - Sync 2 DAGs
[2024-11-09T19:43:51.452+0000] {logging_mixin.py:190} INFO - [2024-11-09T19:43:51.452+0000] {dag.py:4180} INFO - Setting next_dagrun for example_subdag_operator.section-1 to None, run_after=None
[2024-11-09T19:43:51.453+0000] {logging_mixin.py:190} INFO - [2024-11-09T19:43:51.453+0000] {dag.py:4180} INFO - Setting next_dagrun for example_subdag_operator.section-2 to None, run_after=None
[2024-11-09T19:43:51.478+0000] {processor.py:208} INFO - Processing /home/chirag/airflow/lib/python3.12/site-packages/airflow/example_dags/example_subdag_operator.py took 0.156 seconds
[2024-11-09T19:45:01.650+0000] {processor.py:186} INFO - Started process (PID=4447) to work on /home/chirag/airflow/lib/python3.12/site-packages/airflow/example_dags/example_subdag_operator.py
[2024-11-09T19:45:01.653+0000] {processor.py:914} INFO - Processing file /home/chirag/airflow/lib/python3.12/site-packages/airflow/example_dags/example_subdag_operator.py for tasks to queue
[2024-11-09T19:45:01.656+0000] {logging_mixin.py:190} INFO - [2024-11-09T19:45:01.656+0000] {dagbag.py:588} INFO - Filling up the DagBag from /home/chirag/airflow/lib/python3.12/site-packages/airflow/example_dags/example_subdag_operator.py
[2024-11-09T19:45:01.689+0000] {processor.py:925} INFO - DAG(s) 'example_subdag_operator.section-1', 'example_subdag_operator.section-2', 'example_subdag_operator' retrieved from /home/chirag/airflow/lib/python3.12/site-packages/airflow/example_dags/example_subdag_operator.py
[2024-11-09T19:45:01.710+0000] {logging_mixin.py:190} INFO - [2024-11-09T19:45:01.710+0000] {dag.py:3239} INFO - Sync 3 DAGs
[2024-11-09T19:45:01.743+0000] {logging_mixin.py:190} INFO - [2024-11-09T19:45:01.743+0000] {dag.py:4180} INFO - Setting next_dagrun for example_subdag_operator to 2022-01-01 00:00:00+00:00, run_after=2022-01-01 00:00:00+00:00
[2024-11-09T19:45:01.748+0000] {logging_mixin.py:190} INFO - [2024-11-09T19:45:01.747+0000] {dag.py:4180} INFO - Setting next_dagrun for example_subdag_operator.section-1 to None, run_after=None
[2024-11-09T19:45:01.749+0000] {logging_mixin.py:190} INFO - [2024-11-09T19:45:01.749+0000] {dag.py:4180} INFO - Setting next_dagrun for example_subdag_operator.section-2 to None, run_after=None
[2024-11-09T19:45:01.758+0000] {logging_mixin.py:190} INFO - [2024-11-09T19:45:01.758+0000] {dag.py:3239} INFO - Sync 2 DAGs
[2024-11-09T19:45:01.763+0000] {logging_mixin.py:190} INFO - [2024-11-09T19:45:01.763+0000] {dag.py:4180} INFO - Setting next_dagrun for example_subdag_operator.section-1 to None, run_after=None
[2024-11-09T19:45:01.764+0000] {logging_mixin.py:190} INFO - [2024-11-09T19:45:01.764+0000] {dag.py:4180} INFO - Setting next_dagrun for example_subdag_operator.section-2 to None, run_after=None
[2024-11-09T19:45:01.792+0000] {processor.py:208} INFO - Processing /home/chirag/airflow/lib/python3.12/site-packages/airflow/example_dags/example_subdag_operator.py took 0.150 seconds
[2024-11-09T19:46:49.572+0000] {processor.py:186} INFO - Started process (PID=4788) to work on /home/chirag/airflow/lib/python3.12/site-packages/airflow/example_dags/example_subdag_operator.py
[2024-11-09T19:46:49.578+0000] {processor.py:914} INFO - Processing file /home/chirag/airflow/lib/python3.12/site-packages/airflow/example_dags/example_subdag_operator.py for tasks to queue
[2024-11-09T19:46:49.581+0000] {logging_mixin.py:190} INFO - [2024-11-09T19:46:49.580+0000] {dagbag.py:588} INFO - Filling up the DagBag from /home/chirag/airflow/lib/python3.12/site-packages/airflow/example_dags/example_subdag_operator.py
[2024-11-09T19:46:49.614+0000] {processor.py:925} INFO - DAG(s) 'example_subdag_operator.section-1', 'example_subdag_operator.section-2', 'example_subdag_operator' retrieved from /home/chirag/airflow/lib/python3.12/site-packages/airflow/example_dags/example_subdag_operator.py
[2024-11-09T19:46:49.635+0000] {logging_mixin.py:190} INFO - [2024-11-09T19:46:49.635+0000] {dag.py:3239} INFO - Sync 3 DAGs
[2024-11-09T19:46:49.667+0000] {logging_mixin.py:190} INFO - [2024-11-09T19:46:49.667+0000] {dag.py:4180} INFO - Setting next_dagrun for example_subdag_operator to 2022-01-01 00:00:00+00:00, run_after=2022-01-01 00:00:00+00:00
[2024-11-09T19:46:49.672+0000] {logging_mixin.py:190} INFO - [2024-11-09T19:46:49.672+0000] {dag.py:4180} INFO - Setting next_dagrun for example_subdag_operator.section-1 to None, run_after=None
[2024-11-09T19:46:49.673+0000] {logging_mixin.py:190} INFO - [2024-11-09T19:46:49.673+0000] {dag.py:4180} INFO - Setting next_dagrun for example_subdag_operator.section-2 to None, run_after=None
[2024-11-09T19:46:49.682+0000] {logging_mixin.py:190} INFO - [2024-11-09T19:46:49.682+0000] {dag.py:3239} INFO - Sync 2 DAGs
[2024-11-09T19:46:49.688+0000] {logging_mixin.py:190} INFO - [2024-11-09T19:46:49.687+0000] {dag.py:4180} INFO - Setting next_dagrun for example_subdag_operator.section-1 to None, run_after=None
[2024-11-09T19:46:49.688+0000] {logging_mixin.py:190} INFO - [2024-11-09T19:46:49.688+0000] {dag.py:4180} INFO - Setting next_dagrun for example_subdag_operator.section-2 to None, run_after=None
[2024-11-09T19:46:49.712+0000] {processor.py:208} INFO - Processing /home/chirag/airflow/lib/python3.12/site-packages/airflow/example_dags/example_subdag_operator.py took 0.162 seconds
[2024-11-09T19:48:02.753+0000] {processor.py:186} INFO - Started process (PID=5001) to work on /home/chirag/airflow/lib/python3.12/site-packages/airflow/example_dags/example_subdag_operator.py
[2024-11-09T19:48:02.757+0000] {processor.py:914} INFO - Processing file /home/chirag/airflow/lib/python3.12/site-packages/airflow/example_dags/example_subdag_operator.py for tasks to queue
[2024-11-09T19:48:02.760+0000] {logging_mixin.py:190} INFO - [2024-11-09T19:48:02.760+0000] {dagbag.py:588} INFO - Filling up the DagBag from /home/chirag/airflow/lib/python3.12/site-packages/airflow/example_dags/example_subdag_operator.py
[2024-11-09T19:48:02.793+0000] {processor.py:925} INFO - DAG(s) 'example_subdag_operator.section-1', 'example_subdag_operator.section-2', 'example_subdag_operator' retrieved from /home/chirag/airflow/lib/python3.12/site-packages/airflow/example_dags/example_subdag_operator.py
[2024-11-09T19:48:02.815+0000] {logging_mixin.py:190} INFO - [2024-11-09T19:48:02.814+0000] {dag.py:3239} INFO - Sync 3 DAGs
[2024-11-09T19:48:02.847+0000] {logging_mixin.py:190} INFO - [2024-11-09T19:48:02.847+0000] {dag.py:4180} INFO - Setting next_dagrun for example_subdag_operator to 2022-01-01 00:00:00+00:00, run_after=2022-01-01 00:00:00+00:00
[2024-11-09T19:48:02.852+0000] {logging_mixin.py:190} INFO - [2024-11-09T19:48:02.851+0000] {dag.py:4180} INFO - Setting next_dagrun for example_subdag_operator.section-1 to None, run_after=None
[2024-11-09T19:48:02.853+0000] {logging_mixin.py:190} INFO - [2024-11-09T19:48:02.853+0000] {dag.py:4180} INFO - Setting next_dagrun for example_subdag_operator.section-2 to None, run_after=None
[2024-11-09T19:48:02.862+0000] {logging_mixin.py:190} INFO - [2024-11-09T19:48:02.862+0000] {dag.py:3239} INFO - Sync 2 DAGs
[2024-11-09T19:48:02.868+0000] {logging_mixin.py:190} INFO - [2024-11-09T19:48:02.868+0000] {dag.py:4180} INFO - Setting next_dagrun for example_subdag_operator.section-1 to None, run_after=None
[2024-11-09T19:48:02.870+0000] {logging_mixin.py:190} INFO - [2024-11-09T19:48:02.869+0000] {dag.py:4180} INFO - Setting next_dagrun for example_subdag_operator.section-2 to None, run_after=None
[2024-11-09T19:48:02.904+0000] {processor.py:208} INFO - Processing /home/chirag/airflow/lib/python3.12/site-packages/airflow/example_dags/example_subdag_operator.py took 0.159 seconds
[2024-11-09T19:49:17.616+0000] {processor.py:186} INFO - Started process (PID=5226) to work on /home/chirag/airflow/lib/python3.12/site-packages/airflow/example_dags/example_subdag_operator.py
[2024-11-09T19:49:17.619+0000] {processor.py:914} INFO - Processing file /home/chirag/airflow/lib/python3.12/site-packages/airflow/example_dags/example_subdag_operator.py for tasks to queue
[2024-11-09T19:49:17.623+0000] {logging_mixin.py:190} INFO - [2024-11-09T19:49:17.623+0000] {dagbag.py:588} INFO - Filling up the DagBag from /home/chirag/airflow/lib/python3.12/site-packages/airflow/example_dags/example_subdag_operator.py
[2024-11-09T19:49:17.661+0000] {processor.py:925} INFO - DAG(s) 'example_subdag_operator.section-1', 'example_subdag_operator.section-2', 'example_subdag_operator' retrieved from /home/chirag/airflow/lib/python3.12/site-packages/airflow/example_dags/example_subdag_operator.py
[2024-11-09T19:49:17.684+0000] {logging_mixin.py:190} INFO - [2024-11-09T19:49:17.683+0000] {dag.py:3239} INFO - Sync 3 DAGs
[2024-11-09T19:49:17.721+0000] {logging_mixin.py:190} INFO - [2024-11-09T19:49:17.720+0000] {dag.py:4180} INFO - Setting next_dagrun for example_subdag_operator to 2022-01-01 00:00:00+00:00, run_after=2022-01-01 00:00:00+00:00
[2024-11-09T19:49:17.726+0000] {logging_mixin.py:190} INFO - [2024-11-09T19:49:17.725+0000] {dag.py:4180} INFO - Setting next_dagrun for example_subdag_operator.section-1 to None, run_after=None
[2024-11-09T19:49:17.727+0000] {logging_mixin.py:190} INFO - [2024-11-09T19:49:17.727+0000] {dag.py:4180} INFO - Setting next_dagrun for example_subdag_operator.section-2 to None, run_after=None
[2024-11-09T19:49:17.737+0000] {logging_mixin.py:190} INFO - [2024-11-09T19:49:17.736+0000] {dag.py:3239} INFO - Sync 2 DAGs
[2024-11-09T19:49:17.743+0000] {logging_mixin.py:190} INFO - [2024-11-09T19:49:17.742+0000] {dag.py:4180} INFO - Setting next_dagrun for example_subdag_operator.section-1 to None, run_after=None
[2024-11-09T19:49:17.743+0000] {logging_mixin.py:190} INFO - [2024-11-09T19:49:17.743+0000] {dag.py:4180} INFO - Setting next_dagrun for example_subdag_operator.section-2 to None, run_after=None
[2024-11-09T19:49:17.773+0000] {processor.py:208} INFO - Processing /home/chirag/airflow/lib/python3.12/site-packages/airflow/example_dags/example_subdag_operator.py took 0.165 seconds
[2024-11-09T19:50:28.159+0000] {processor.py:186} INFO - Started process (PID=5604) to work on /home/chirag/airflow/lib/python3.12/site-packages/airflow/example_dags/example_subdag_operator.py
[2024-11-09T19:50:28.162+0000] {processor.py:914} INFO - Processing file /home/chirag/airflow/lib/python3.12/site-packages/airflow/example_dags/example_subdag_operator.py for tasks to queue
[2024-11-09T19:50:28.165+0000] {logging_mixin.py:190} INFO - [2024-11-09T19:50:28.164+0000] {dagbag.py:588} INFO - Filling up the DagBag from /home/chirag/airflow/lib/python3.12/site-packages/airflow/example_dags/example_subdag_operator.py
[2024-11-09T19:50:28.202+0000] {processor.py:925} INFO - DAG(s) 'example_subdag_operator.section-1', 'example_subdag_operator.section-2', 'example_subdag_operator' retrieved from /home/chirag/airflow/lib/python3.12/site-packages/airflow/example_dags/example_subdag_operator.py
[2024-11-09T19:50:28.238+0000] {logging_mixin.py:190} INFO - [2024-11-09T19:50:28.238+0000] {dag.py:3239} INFO - Sync 3 DAGs
[2024-11-09T19:50:28.269+0000] {logging_mixin.py:190} INFO - [2024-11-09T19:50:28.268+0000] {dag.py:4180} INFO - Setting next_dagrun for example_subdag_operator to 2022-01-01 00:00:00+00:00, run_after=2022-01-01 00:00:00+00:00
[2024-11-09T19:50:28.277+0000] {logging_mixin.py:190} INFO - [2024-11-09T19:50:28.277+0000] {dag.py:4180} INFO - Setting next_dagrun for example_subdag_operator.section-1 to None, run_after=None
[2024-11-09T19:50:28.282+0000] {logging_mixin.py:190} INFO - [2024-11-09T19:50:28.281+0000] {dag.py:4180} INFO - Setting next_dagrun for example_subdag_operator.section-2 to None, run_after=None
[2024-11-09T19:50:28.293+0000] {logging_mixin.py:190} INFO - [2024-11-09T19:50:28.292+0000] {dag.py:3239} INFO - Sync 2 DAGs
[2024-11-09T19:50:28.321+0000] {logging_mixin.py:190} INFO - [2024-11-09T19:50:28.321+0000] {dag.py:4180} INFO - Setting next_dagrun for example_subdag_operator.section-1 to None, run_after=None
[2024-11-09T19:50:28.326+0000] {logging_mixin.py:190} INFO - [2024-11-09T19:50:28.326+0000] {dag.py:4180} INFO - Setting next_dagrun for example_subdag_operator.section-2 to None, run_after=None
[2024-11-09T19:50:28.365+0000] {processor.py:208} INFO - Processing /home/chirag/airflow/lib/python3.12/site-packages/airflow/example_dags/example_subdag_operator.py took 0.215 seconds
[2024-11-09T19:51:42.788+0000] {processor.py:186} INFO - Started process (PID=6219) to work on /home/chirag/airflow/lib/python3.12/site-packages/airflow/example_dags/example_subdag_operator.py
[2024-11-09T19:51:42.791+0000] {processor.py:914} INFO - Processing file /home/chirag/airflow/lib/python3.12/site-packages/airflow/example_dags/example_subdag_operator.py for tasks to queue
[2024-11-09T19:51:42.795+0000] {logging_mixin.py:190} INFO - [2024-11-09T19:51:42.794+0000] {dagbag.py:588} INFO - Filling up the DagBag from /home/chirag/airflow/lib/python3.12/site-packages/airflow/example_dags/example_subdag_operator.py
[2024-11-09T19:51:42.828+0000] {processor.py:925} INFO - DAG(s) 'example_subdag_operator.section-1', 'example_subdag_operator.section-2', 'example_subdag_operator' retrieved from /home/chirag/airflow/lib/python3.12/site-packages/airflow/example_dags/example_subdag_operator.py
[2024-11-09T19:51:42.848+0000] {logging_mixin.py:190} INFO - [2024-11-09T19:51:42.848+0000] {dag.py:3239} INFO - Sync 3 DAGs
[2024-11-09T19:51:42.880+0000] {logging_mixin.py:190} INFO - [2024-11-09T19:51:42.880+0000] {dag.py:4180} INFO - Setting next_dagrun for example_subdag_operator to 2022-01-01 00:00:00+00:00, run_after=2022-01-01 00:00:00+00:00
[2024-11-09T19:51:42.885+0000] {logging_mixin.py:190} INFO - [2024-11-09T19:51:42.885+0000] {dag.py:4180} INFO - Setting next_dagrun for example_subdag_operator.section-1 to None, run_after=None
[2024-11-09T19:51:42.887+0000] {logging_mixin.py:190} INFO - [2024-11-09T19:51:42.887+0000] {dag.py:4180} INFO - Setting next_dagrun for example_subdag_operator.section-2 to None, run_after=None
[2024-11-09T19:51:42.896+0000] {logging_mixin.py:190} INFO - [2024-11-09T19:51:42.896+0000] {dag.py:3239} INFO - Sync 2 DAGs
[2024-11-09T19:51:42.902+0000] {logging_mixin.py:190} INFO - [2024-11-09T19:51:42.902+0000] {dag.py:4180} INFO - Setting next_dagrun for example_subdag_operator.section-1 to None, run_after=None
[2024-11-09T19:51:42.903+0000] {logging_mixin.py:190} INFO - [2024-11-09T19:51:42.902+0000] {dag.py:4180} INFO - Setting next_dagrun for example_subdag_operator.section-2 to None, run_after=None
[2024-11-09T19:51:42.941+0000] {processor.py:208} INFO - Processing /home/chirag/airflow/lib/python3.12/site-packages/airflow/example_dags/example_subdag_operator.py took 0.162 seconds
[2024-11-09T19:53:31.036+0000] {processor.py:186} INFO - Started process (PID=6724) to work on /home/chirag/airflow/lib/python3.12/site-packages/airflow/example_dags/example_subdag_operator.py
[2024-11-09T19:53:31.040+0000] {processor.py:914} INFO - Processing file /home/chirag/airflow/lib/python3.12/site-packages/airflow/example_dags/example_subdag_operator.py for tasks to queue
[2024-11-09T19:53:31.044+0000] {logging_mixin.py:190} INFO - [2024-11-09T19:53:31.043+0000] {dagbag.py:588} INFO - Filling up the DagBag from /home/chirag/airflow/lib/python3.12/site-packages/airflow/example_dags/example_subdag_operator.py
[2024-11-09T19:53:31.092+0000] {processor.py:925} INFO - DAG(s) 'example_subdag_operator.section-1', 'example_subdag_operator.section-2', 'example_subdag_operator' retrieved from /home/chirag/airflow/lib/python3.12/site-packages/airflow/example_dags/example_subdag_operator.py
[2024-11-09T19:53:31.144+0000] {logging_mixin.py:190} INFO - [2024-11-09T19:53:31.144+0000] {dag.py:3239} INFO - Sync 3 DAGs
[2024-11-09T19:53:31.204+0000] {logging_mixin.py:190} INFO - [2024-11-09T19:53:31.204+0000] {dag.py:4180} INFO - Setting next_dagrun for example_subdag_operator to 2022-01-01 00:00:00+00:00, run_after=2022-01-01 00:00:00+00:00
[2024-11-09T19:53:31.216+0000] {logging_mixin.py:190} INFO - [2024-11-09T19:53:31.216+0000] {dag.py:4180} INFO - Setting next_dagrun for example_subdag_operator.section-1 to None, run_after=None
[2024-11-09T19:53:31.219+0000] {logging_mixin.py:190} INFO - [2024-11-09T19:53:31.219+0000] {dag.py:4180} INFO - Setting next_dagrun for example_subdag_operator.section-2 to None, run_after=None
[2024-11-09T19:53:31.238+0000] {logging_mixin.py:190} INFO - [2024-11-09T19:53:31.238+0000] {dag.py:3239} INFO - Sync 2 DAGs
[2024-11-09T19:53:31.244+0000] {logging_mixin.py:190} INFO - [2024-11-09T19:53:31.244+0000] {dag.py:4180} INFO - Setting next_dagrun for example_subdag_operator.section-1 to None, run_after=None
[2024-11-09T19:53:31.245+0000] {logging_mixin.py:190} INFO - [2024-11-09T19:53:31.245+0000] {dag.py:4180} INFO - Setting next_dagrun for example_subdag_operator.section-2 to None, run_after=None
[2024-11-09T19:53:31.290+0000] {processor.py:208} INFO - Processing /home/chirag/airflow/lib/python3.12/site-packages/airflow/example_dags/example_subdag_operator.py took 0.263 seconds
[2024-11-09T19:54:46.736+0000] {processor.py:186} INFO - Started process (PID=7325) to work on /home/chirag/airflow/lib/python3.12/site-packages/airflow/example_dags/example_subdag_operator.py
[2024-11-09T19:54:46.748+0000] {processor.py:914} INFO - Processing file /home/chirag/airflow/lib/python3.12/site-packages/airflow/example_dags/example_subdag_operator.py for tasks to queue
[2024-11-09T19:54:46.756+0000] {logging_mixin.py:190} INFO - [2024-11-09T19:54:46.752+0000] {dagbag.py:588} INFO - Filling up the DagBag from /home/chirag/airflow/lib/python3.12/site-packages/airflow/example_dags/example_subdag_operator.py
[2024-11-09T19:54:46.837+0000] {processor.py:925} INFO - DAG(s) 'example_subdag_operator.section-1', 'example_subdag_operator.section-2', 'example_subdag_operator' retrieved from /home/chirag/airflow/lib/python3.12/site-packages/airflow/example_dags/example_subdag_operator.py
[2024-11-09T19:54:46.930+0000] {logging_mixin.py:190} INFO - [2024-11-09T19:54:46.929+0000] {dag.py:3239} INFO - Sync 3 DAGs
[2024-11-09T19:54:46.987+0000] {logging_mixin.py:190} INFO - [2024-11-09T19:54:46.986+0000] {dag.py:4180} INFO - Setting next_dagrun for example_subdag_operator to 2022-01-01 00:00:00+00:00, run_after=2022-01-01 00:00:00+00:00
[2024-11-09T19:54:46.993+0000] {logging_mixin.py:190} INFO - [2024-11-09T19:54:46.993+0000] {dag.py:4180} INFO - Setting next_dagrun for example_subdag_operator.section-1 to None, run_after=None
[2024-11-09T19:54:46.995+0000] {logging_mixin.py:190} INFO - [2024-11-09T19:54:46.995+0000] {dag.py:4180} INFO - Setting next_dagrun for example_subdag_operator.section-2 to None, run_after=None
[2024-11-09T19:54:47.004+0000] {logging_mixin.py:190} INFO - [2024-11-09T19:54:47.003+0000] {dag.py:3239} INFO - Sync 2 DAGs
[2024-11-09T19:54:47.011+0000] {logging_mixin.py:190} INFO - [2024-11-09T19:54:47.011+0000] {dag.py:4180} INFO - Setting next_dagrun for example_subdag_operator.section-1 to None, run_after=None
[2024-11-09T19:54:47.012+0000] {logging_mixin.py:190} INFO - [2024-11-09T19:54:47.012+0000] {dag.py:4180} INFO - Setting next_dagrun for example_subdag_operator.section-2 to None, run_after=None
[2024-11-09T19:54:47.053+0000] {processor.py:208} INFO - Processing /home/chirag/airflow/lib/python3.12/site-packages/airflow/example_dags/example_subdag_operator.py took 0.341 seconds
[2024-11-09T19:56:06.713+0000] {processor.py:186} INFO - Started process (PID=7890) to work on /home/chirag/airflow/lib/python3.12/site-packages/airflow/example_dags/example_subdag_operator.py
[2024-11-09T19:56:06.716+0000] {processor.py:914} INFO - Processing file /home/chirag/airflow/lib/python3.12/site-packages/airflow/example_dags/example_subdag_operator.py for tasks to queue
[2024-11-09T19:56:06.721+0000] {logging_mixin.py:190} INFO - [2024-11-09T19:56:06.720+0000] {dagbag.py:588} INFO - Filling up the DagBag from /home/chirag/airflow/lib/python3.12/site-packages/airflow/example_dags/example_subdag_operator.py
[2024-11-09T19:56:06.759+0000] {processor.py:925} INFO - DAG(s) 'example_subdag_operator.section-1', 'example_subdag_operator.section-2', 'example_subdag_operator' retrieved from /home/chirag/airflow/lib/python3.12/site-packages/airflow/example_dags/example_subdag_operator.py
[2024-11-09T19:56:06.780+0000] {logging_mixin.py:190} INFO - [2024-11-09T19:56:06.780+0000] {dag.py:3239} INFO - Sync 3 DAGs
[2024-11-09T19:56:06.813+0000] {logging_mixin.py:190} INFO - [2024-11-09T19:56:06.813+0000] {dag.py:4180} INFO - Setting next_dagrun for example_subdag_operator to 2022-01-01 00:00:00+00:00, run_after=2022-01-01 00:00:00+00:00
[2024-11-09T19:56:06.817+0000] {logging_mixin.py:190} INFO - [2024-11-09T19:56:06.817+0000] {dag.py:4180} INFO - Setting next_dagrun for example_subdag_operator.section-1 to None, run_after=None
[2024-11-09T19:56:06.819+0000] {logging_mixin.py:190} INFO - [2024-11-09T19:56:06.819+0000] {dag.py:4180} INFO - Setting next_dagrun for example_subdag_operator.section-2 to None, run_after=None
[2024-11-09T19:56:06.828+0000] {logging_mixin.py:190} INFO - [2024-11-09T19:56:06.827+0000] {dag.py:3239} INFO - Sync 2 DAGs
[2024-11-09T19:56:06.833+0000] {logging_mixin.py:190} INFO - [2024-11-09T19:56:06.833+0000] {dag.py:4180} INFO - Setting next_dagrun for example_subdag_operator.section-1 to None, run_after=None
[2024-11-09T19:56:06.834+0000] {logging_mixin.py:190} INFO - [2024-11-09T19:56:06.833+0000] {dag.py:4180} INFO - Setting next_dagrun for example_subdag_operator.section-2 to None, run_after=None
[2024-11-09T19:56:06.860+0000] {processor.py:208} INFO - Processing /home/chirag/airflow/lib/python3.12/site-packages/airflow/example_dags/example_subdag_operator.py took 0.156 seconds
[2024-11-09T19:58:09.895+0000] {processor.py:186} INFO - Started process (PID=8355) to work on /home/chirag/airflow/lib/python3.12/site-packages/airflow/example_dags/example_subdag_operator.py
[2024-11-09T19:58:09.898+0000] {processor.py:914} INFO - Processing file /home/chirag/airflow/lib/python3.12/site-packages/airflow/example_dags/example_subdag_operator.py for tasks to queue
[2024-11-09T19:58:09.901+0000] {logging_mixin.py:190} INFO - [2024-11-09T19:58:09.901+0000] {dagbag.py:588} INFO - Filling up the DagBag from /home/chirag/airflow/lib/python3.12/site-packages/airflow/example_dags/example_subdag_operator.py
[2024-11-09T19:58:09.935+0000] {processor.py:925} INFO - DAG(s) 'example_subdag_operator.section-1', 'example_subdag_operator.section-2', 'example_subdag_operator' retrieved from /home/chirag/airflow/lib/python3.12/site-packages/airflow/example_dags/example_subdag_operator.py
[2024-11-09T19:58:09.956+0000] {logging_mixin.py:190} INFO - [2024-11-09T19:58:09.955+0000] {dag.py:3239} INFO - Sync 3 DAGs
[2024-11-09T19:58:09.989+0000] {logging_mixin.py:190} INFO - [2024-11-09T19:58:09.989+0000] {dag.py:4180} INFO - Setting next_dagrun for example_subdag_operator to 2022-01-01 00:00:00+00:00, run_after=2022-01-01 00:00:00+00:00
[2024-11-09T19:58:09.994+0000] {logging_mixin.py:190} INFO - [2024-11-09T19:58:09.994+0000] {dag.py:4180} INFO - Setting next_dagrun for example_subdag_operator.section-1 to None, run_after=None
[2024-11-09T19:58:09.996+0000] {logging_mixin.py:190} INFO - [2024-11-09T19:58:09.995+0000] {dag.py:4180} INFO - Setting next_dagrun for example_subdag_operator.section-2 to None, run_after=None
[2024-11-09T19:58:10.004+0000] {logging_mixin.py:190} INFO - [2024-11-09T19:58:10.004+0000] {dag.py:3239} INFO - Sync 2 DAGs
[2024-11-09T19:58:10.009+0000] {logging_mixin.py:190} INFO - [2024-11-09T19:58:10.009+0000] {dag.py:4180} INFO - Setting next_dagrun for example_subdag_operator.section-1 to None, run_after=None
[2024-11-09T19:58:10.010+0000] {logging_mixin.py:190} INFO - [2024-11-09T19:58:10.010+0000] {dag.py:4180} INFO - Setting next_dagrun for example_subdag_operator.section-2 to None, run_after=None
[2024-11-09T19:58:10.036+0000] {processor.py:208} INFO - Processing /home/chirag/airflow/lib/python3.12/site-packages/airflow/example_dags/example_subdag_operator.py took 0.150 seconds
[2024-11-09T20:22:45.019+0000] {processor.py:186} INFO - Started process (PID=12696) to work on /home/chirag/airflow/lib/python3.12/site-packages/airflow/example_dags/example_subdag_operator.py
[2024-11-09T20:22:45.022+0000] {processor.py:914} INFO - Processing file /home/chirag/airflow/lib/python3.12/site-packages/airflow/example_dags/example_subdag_operator.py for tasks to queue
[2024-11-09T20:22:45.026+0000] {logging_mixin.py:190} INFO - [2024-11-09T20:22:45.025+0000] {dagbag.py:588} INFO - Filling up the DagBag from /home/chirag/airflow/lib/python3.12/site-packages/airflow/example_dags/example_subdag_operator.py
[2024-11-09T20:22:45.060+0000] {processor.py:925} INFO - DAG(s) 'example_subdag_operator.section-1', 'example_subdag_operator.section-2', 'example_subdag_operator' retrieved from /home/chirag/airflow/lib/python3.12/site-packages/airflow/example_dags/example_subdag_operator.py
[2024-11-09T20:22:45.082+0000] {logging_mixin.py:190} INFO - [2024-11-09T20:22:45.082+0000] {dag.py:3239} INFO - Sync 3 DAGs
[2024-11-09T20:22:45.112+0000] {logging_mixin.py:190} INFO - [2024-11-09T20:22:45.112+0000] {dag.py:4180} INFO - Setting next_dagrun for example_subdag_operator to 2022-01-01 00:00:00+00:00, run_after=2022-01-01 00:00:00+00:00
[2024-11-09T20:22:45.117+0000] {logging_mixin.py:190} INFO - [2024-11-09T20:22:45.116+0000] {dag.py:4180} INFO - Setting next_dagrun for example_subdag_operator.section-1 to None, run_after=None
[2024-11-09T20:22:45.118+0000] {logging_mixin.py:190} INFO - [2024-11-09T20:22:45.118+0000] {dag.py:4180} INFO - Setting next_dagrun for example_subdag_operator.section-2 to None, run_after=None
[2024-11-09T20:22:45.126+0000] {logging_mixin.py:190} INFO - [2024-11-09T20:22:45.126+0000] {dag.py:3239} INFO - Sync 2 DAGs
[2024-11-09T20:22:45.132+0000] {logging_mixin.py:190} INFO - [2024-11-09T20:22:45.131+0000] {dag.py:4180} INFO - Setting next_dagrun for example_subdag_operator.section-1 to None, run_after=None
[2024-11-09T20:22:45.132+0000] {logging_mixin.py:190} INFO - [2024-11-09T20:22:45.132+0000] {dag.py:4180} INFO - Setting next_dagrun for example_subdag_operator.section-2 to None, run_after=None
[2024-11-09T20:22:45.170+0000] {processor.py:208} INFO - Processing /home/chirag/airflow/lib/python3.12/site-packages/airflow/example_dags/example_subdag_operator.py took 0.159 seconds
[2024-11-09T20:23:52.639+0000] {processor.py:186} INFO - Started process (PID=12894) to work on /home/chirag/airflow/lib/python3.12/site-packages/airflow/example_dags/example_subdag_operator.py
[2024-11-09T20:23:52.642+0000] {processor.py:914} INFO - Processing file /home/chirag/airflow/lib/python3.12/site-packages/airflow/example_dags/example_subdag_operator.py for tasks to queue
[2024-11-09T20:23:52.645+0000] {logging_mixin.py:190} INFO - [2024-11-09T20:23:52.645+0000] {dagbag.py:588} INFO - Filling up the DagBag from /home/chirag/airflow/lib/python3.12/site-packages/airflow/example_dags/example_subdag_operator.py
[2024-11-09T20:23:52.679+0000] {processor.py:925} INFO - DAG(s) 'example_subdag_operator.section-1', 'example_subdag_operator.section-2', 'example_subdag_operator' retrieved from /home/chirag/airflow/lib/python3.12/site-packages/airflow/example_dags/example_subdag_operator.py
[2024-11-09T20:23:52.700+0000] {logging_mixin.py:190} INFO - [2024-11-09T20:23:52.700+0000] {dag.py:3239} INFO - Sync 3 DAGs
[2024-11-09T20:23:52.732+0000] {logging_mixin.py:190} INFO - [2024-11-09T20:23:52.731+0000] {dag.py:4180} INFO - Setting next_dagrun for example_subdag_operator to 2022-01-01 00:00:00+00:00, run_after=2022-01-01 00:00:00+00:00
[2024-11-09T20:23:52.736+0000] {logging_mixin.py:190} INFO - [2024-11-09T20:23:52.736+0000] {dag.py:4180} INFO - Setting next_dagrun for example_subdag_operator.section-1 to None, run_after=None
[2024-11-09T20:23:52.738+0000] {logging_mixin.py:190} INFO - [2024-11-09T20:23:52.738+0000] {dag.py:4180} INFO - Setting next_dagrun for example_subdag_operator.section-2 to None, run_after=None
[2024-11-09T20:23:52.746+0000] {logging_mixin.py:190} INFO - [2024-11-09T20:23:52.746+0000] {dag.py:3239} INFO - Sync 2 DAGs
[2024-11-09T20:23:52.752+0000] {logging_mixin.py:190} INFO - [2024-11-09T20:23:52.752+0000] {dag.py:4180} INFO - Setting next_dagrun for example_subdag_operator.section-1 to None, run_after=None
[2024-11-09T20:23:52.752+0000] {logging_mixin.py:190} INFO - [2024-11-09T20:23:52.752+0000] {dag.py:4180} INFO - Setting next_dagrun for example_subdag_operator.section-2 to None, run_after=None
[2024-11-09T20:23:52.778+0000] {processor.py:208} INFO - Processing /home/chirag/airflow/lib/python3.12/site-packages/airflow/example_dags/example_subdag_operator.py took 0.147 seconds
[2024-11-09T20:25:05.421+0000] {processor.py:186} INFO - Started process (PID=13096) to work on /home/chirag/airflow/lib/python3.12/site-packages/airflow/example_dags/example_subdag_operator.py
[2024-11-09T20:25:05.424+0000] {processor.py:914} INFO - Processing file /home/chirag/airflow/lib/python3.12/site-packages/airflow/example_dags/example_subdag_operator.py for tasks to queue
[2024-11-09T20:25:05.427+0000] {logging_mixin.py:190} INFO - [2024-11-09T20:25:05.427+0000] {dagbag.py:588} INFO - Filling up the DagBag from /home/chirag/airflow/lib/python3.12/site-packages/airflow/example_dags/example_subdag_operator.py
[2024-11-09T20:25:05.461+0000] {processor.py:925} INFO - DAG(s) 'example_subdag_operator.section-1', 'example_subdag_operator.section-2', 'example_subdag_operator' retrieved from /home/chirag/airflow/lib/python3.12/site-packages/airflow/example_dags/example_subdag_operator.py
[2024-11-09T20:25:05.481+0000] {logging_mixin.py:190} INFO - [2024-11-09T20:25:05.481+0000] {dag.py:3239} INFO - Sync 3 DAGs
[2024-11-09T20:25:05.514+0000] {logging_mixin.py:190} INFO - [2024-11-09T20:25:05.514+0000] {dag.py:4180} INFO - Setting next_dagrun for example_subdag_operator to 2022-01-01 00:00:00+00:00, run_after=2022-01-01 00:00:00+00:00
[2024-11-09T20:25:05.520+0000] {logging_mixin.py:190} INFO - [2024-11-09T20:25:05.519+0000] {dag.py:4180} INFO - Setting next_dagrun for example_subdag_operator.section-1 to None, run_after=None
[2024-11-09T20:25:05.522+0000] {logging_mixin.py:190} INFO - [2024-11-09T20:25:05.521+0000] {dag.py:4180} INFO - Setting next_dagrun for example_subdag_operator.section-2 to None, run_after=None
[2024-11-09T20:25:05.530+0000] {logging_mixin.py:190} INFO - [2024-11-09T20:25:05.530+0000] {dag.py:3239} INFO - Sync 2 DAGs
[2024-11-09T20:25:05.536+0000] {logging_mixin.py:190} INFO - [2024-11-09T20:25:05.536+0000] {dag.py:4180} INFO - Setting next_dagrun for example_subdag_operator.section-1 to None, run_after=None
[2024-11-09T20:25:05.537+0000] {logging_mixin.py:190} INFO - [2024-11-09T20:25:05.537+0000] {dag.py:4180} INFO - Setting next_dagrun for example_subdag_operator.section-2 to None, run_after=None
[2024-11-09T20:25:05.564+0000] {processor.py:208} INFO - Processing /home/chirag/airflow/lib/python3.12/site-packages/airflow/example_dags/example_subdag_operator.py took 0.151 seconds
[2024-11-09T20:26:42.472+0000] {processor.py:186} INFO - Started process (PID=13656) to work on /home/chirag/airflow/lib/python3.12/site-packages/airflow/example_dags/example_subdag_operator.py
[2024-11-09T20:26:42.475+0000] {processor.py:914} INFO - Processing file /home/chirag/airflow/lib/python3.12/site-packages/airflow/example_dags/example_subdag_operator.py for tasks to queue
[2024-11-09T20:26:42.484+0000] {logging_mixin.py:190} INFO - [2024-11-09T20:26:42.483+0000] {dagbag.py:588} INFO - Filling up the DagBag from /home/chirag/airflow/lib/python3.12/site-packages/airflow/example_dags/example_subdag_operator.py
[2024-11-09T20:26:42.556+0000] {processor.py:925} INFO - DAG(s) 'example_subdag_operator.section-1', 'example_subdag_operator.section-2', 'example_subdag_operator' retrieved from /home/chirag/airflow/lib/python3.12/site-packages/airflow/example_dags/example_subdag_operator.py
[2024-11-09T20:26:42.607+0000] {logging_mixin.py:190} INFO - [2024-11-09T20:26:42.606+0000] {dag.py:3239} INFO - Sync 3 DAGs
[2024-11-09T20:26:42.766+0000] {logging_mixin.py:190} INFO - [2024-11-09T20:26:42.765+0000] {dag.py:4180} INFO - Setting next_dagrun for example_subdag_operator to 2022-01-01 00:00:00+00:00, run_after=2022-01-01 00:00:00+00:00
[2024-11-09T20:26:42.777+0000] {logging_mixin.py:190} INFO - [2024-11-09T20:26:42.776+0000] {dag.py:4180} INFO - Setting next_dagrun for example_subdag_operator.section-1 to None, run_after=None
[2024-11-09T20:26:42.780+0000] {logging_mixin.py:190} INFO - [2024-11-09T20:26:42.780+0000] {dag.py:4180} INFO - Setting next_dagrun for example_subdag_operator.section-2 to None, run_after=None
[2024-11-09T20:26:42.814+0000] {logging_mixin.py:190} INFO - [2024-11-09T20:26:42.813+0000] {dag.py:3239} INFO - Sync 2 DAGs
[2024-11-09T20:26:42.827+0000] {logging_mixin.py:190} INFO - [2024-11-09T20:26:42.827+0000] {dag.py:4180} INFO - Setting next_dagrun for example_subdag_operator.section-1 to None, run_after=None
[2024-11-09T20:26:42.828+0000] {logging_mixin.py:190} INFO - [2024-11-09T20:26:42.828+0000] {dag.py:4180} INFO - Setting next_dagrun for example_subdag_operator.section-2 to None, run_after=None
[2024-11-09T20:26:42.866+0000] {processor.py:208} INFO - Processing /home/chirag/airflow/lib/python3.12/site-packages/airflow/example_dags/example_subdag_operator.py took 0.407 seconds
[2024-11-09T20:28:22.437+0000] {processor.py:186} INFO - Started process (PID=14098) to work on /home/chirag/airflow/lib/python3.12/site-packages/airflow/example_dags/example_subdag_operator.py
[2024-11-09T20:28:22.439+0000] {processor.py:914} INFO - Processing file /home/chirag/airflow/lib/python3.12/site-packages/airflow/example_dags/example_subdag_operator.py for tasks to queue
[2024-11-09T20:28:22.443+0000] {logging_mixin.py:190} INFO - [2024-11-09T20:28:22.442+0000] {dagbag.py:588} INFO - Filling up the DagBag from /home/chirag/airflow/lib/python3.12/site-packages/airflow/example_dags/example_subdag_operator.py
[2024-11-09T20:28:22.476+0000] {processor.py:925} INFO - DAG(s) 'example_subdag_operator.section-1', 'example_subdag_operator.section-2', 'example_subdag_operator' retrieved from /home/chirag/airflow/lib/python3.12/site-packages/airflow/example_dags/example_subdag_operator.py
[2024-11-09T20:28:22.496+0000] {logging_mixin.py:190} INFO - [2024-11-09T20:28:22.496+0000] {dag.py:3239} INFO - Sync 3 DAGs
[2024-11-09T20:28:22.534+0000] {logging_mixin.py:190} INFO - [2024-11-09T20:28:22.534+0000] {dag.py:4180} INFO - Setting next_dagrun for example_subdag_operator to 2022-01-01 00:00:00+00:00, run_after=2022-01-01 00:00:00+00:00
[2024-11-09T20:28:22.539+0000] {logging_mixin.py:190} INFO - [2024-11-09T20:28:22.539+0000] {dag.py:4180} INFO - Setting next_dagrun for example_subdag_operator.section-1 to None, run_after=None
[2024-11-09T20:28:22.541+0000] {logging_mixin.py:190} INFO - [2024-11-09T20:28:22.540+0000] {dag.py:4180} INFO - Setting next_dagrun for example_subdag_operator.section-2 to None, run_after=None
[2024-11-09T20:28:22.552+0000] {logging_mixin.py:190} INFO - [2024-11-09T20:28:22.551+0000] {dag.py:3239} INFO - Sync 2 DAGs
[2024-11-09T20:28:22.699+0000] {logging_mixin.py:190} INFO - [2024-11-09T20:28:22.699+0000] {dag.py:4180} INFO - Setting next_dagrun for example_subdag_operator.section-1 to None, run_after=None
[2024-11-09T20:28:22.700+0000] {logging_mixin.py:190} INFO - [2024-11-09T20:28:22.700+0000] {dag.py:4180} INFO - Setting next_dagrun for example_subdag_operator.section-2 to None, run_after=None
[2024-11-09T20:28:22.724+0000] {processor.py:208} INFO - Processing /home/chirag/airflow/lib/python3.12/site-packages/airflow/example_dags/example_subdag_operator.py took 0.296 seconds
