[2024-11-09T19:16:42.340+0000] {processor.py:186} INFO - Started process (PID=94632) to work on /home/chirag/airflow/lib/python3.12/site-packages/airflow/example_dags/example_display_name.py
[2024-11-09T19:16:42.342+0000] {processor.py:914} INFO - Processing file /home/chirag/airflow/lib/python3.12/site-packages/airflow/example_dags/example_display_name.py for tasks to queue
[2024-11-09T19:16:42.346+0000] {logging_mixin.py:190} INFO - [2024-11-09T19:16:42.345+0000] {dagbag.py:588} INFO - Filling up the DagBag from /home/chirag/airflow/lib/python3.12/site-packages/airflow/example_dags/example_display_name.py
[2024-11-09T19:16:42.364+0000] {processor.py:925} INFO - DAG(s) 'example_display_name' retrieved from /home/chirag/airflow/lib/python3.12/site-packages/airflow/example_dags/example_display_name.py
[2024-11-09T19:16:42.612+0000] {logging_mixin.py:190} INFO - [2024-11-09T19:16:42.611+0000] {override.py:1911} INFO - Created Permission View: can delete on DAG:example_display_name
[2024-11-09T19:16:42.638+0000] {logging_mixin.py:190} INFO - [2024-11-09T19:16:42.637+0000] {override.py:1911} INFO - Created Permission View: can read on DAG:example_display_name
[2024-11-09T19:16:42.654+0000] {logging_mixin.py:190} INFO - [2024-11-09T19:16:42.654+0000] {override.py:1911} INFO - Created Permission View: can edit on DAG:example_display_name
[2024-11-09T19:16:42.684+0000] {logging_mixin.py:190} INFO - [2024-11-09T19:16:42.684+0000] {override.py:1911} INFO - Created Permission View: menu access on DAG Run:example_display_name
[2024-11-09T19:16:42.703+0000] {logging_mixin.py:190} INFO - [2024-11-09T19:16:42.702+0000] {override.py:1911} INFO - Created Permission View: can delete on DAG Run:example_display_name
[2024-11-09T19:16:42.722+0000] {logging_mixin.py:190} INFO - [2024-11-09T19:16:42.722+0000] {override.py:1911} INFO - Created Permission View: can read on DAG Run:example_display_name
[2024-11-09T19:16:42.742+0000] {logging_mixin.py:190} INFO - [2024-11-09T19:16:42.741+0000] {override.py:1911} INFO - Created Permission View: can create on DAG Run:example_display_name
[2024-11-09T19:16:42.743+0000] {logging_mixin.py:190} INFO - [2024-11-09T19:16:42.743+0000] {dag.py:3239} INFO - Sync 1 DAGs
[2024-11-09T19:16:42.771+0000] {logging_mixin.py:190} INFO - [2024-11-09T19:16:42.770+0000] {dag.py:3262} INFO - Creating ORM DAG for example_display_name
[2024-11-09T19:16:42.772+0000] {logging_mixin.py:190} INFO - [2024-11-09T19:16:42.772+0000] {dag.py:4180} INFO - Setting next_dagrun for example_display_name to None, run_after=None
[2024-11-09T19:16:42.813+0000] {processor.py:208} INFO - Processing /home/chirag/airflow/lib/python3.12/site-packages/airflow/example_dags/example_display_name.py took 0.482 seconds
[2024-11-09T19:18:26.528+0000] {processor.py:186} INFO - Started process (PID=94830) to work on /home/chirag/airflow/lib/python3.12/site-packages/airflow/example_dags/example_display_name.py
[2024-11-09T19:18:26.542+0000] {processor.py:914} INFO - Processing file /home/chirag/airflow/lib/python3.12/site-packages/airflow/example_dags/example_display_name.py for tasks to queue
[2024-11-09T19:18:26.548+0000] {logging_mixin.py:190} INFO - [2024-11-09T19:18:26.547+0000] {dagbag.py:588} INFO - Filling up the DagBag from /home/chirag/airflow/lib/python3.12/site-packages/airflow/example_dags/example_display_name.py
[2024-11-09T19:18:26.602+0000] {processor.py:925} INFO - DAG(s) 'example_display_name' retrieved from /home/chirag/airflow/lib/python3.12/site-packages/airflow/example_dags/example_display_name.py
[2024-11-09T19:18:26.680+0000] {logging_mixin.py:190} INFO - [2024-11-09T19:18:26.679+0000] {dag.py:3239} INFO - Sync 1 DAGs
[2024-11-09T19:18:26.746+0000] {logging_mixin.py:190} INFO - [2024-11-09T19:18:26.745+0000] {dag.py:4180} INFO - Setting next_dagrun for example_display_name to None, run_after=None
[2024-11-09T19:18:26.847+0000] {processor.py:208} INFO - Processing /home/chirag/airflow/lib/python3.12/site-packages/airflow/example_dags/example_display_name.py took 0.352 seconds
[2024-11-09T19:27:49.923+0000] {processor.py:186} INFO - Started process (PID=467) to work on /home/chirag/airflow/lib/python3.12/site-packages/airflow/example_dags/example_display_name.py
[2024-11-09T19:27:49.926+0000] {processor.py:914} INFO - Processing file /home/chirag/airflow/lib/python3.12/site-packages/airflow/example_dags/example_display_name.py for tasks to queue
[2024-11-09T19:27:49.930+0000] {logging_mixin.py:190} INFO - [2024-11-09T19:27:49.929+0000] {dagbag.py:588} INFO - Filling up the DagBag from /home/chirag/airflow/lib/python3.12/site-packages/airflow/example_dags/example_display_name.py
[2024-11-09T19:27:49.942+0000] {processor.py:925} INFO - DAG(s) 'example_display_name' retrieved from /home/chirag/airflow/lib/python3.12/site-packages/airflow/example_dags/example_display_name.py
[2024-11-09T19:27:49.974+0000] {logging_mixin.py:190} INFO - [2024-11-09T19:27:49.974+0000] {dag.py:3239} INFO - Sync 1 DAGs
[2024-11-09T19:27:49.995+0000] {logging_mixin.py:190} INFO - [2024-11-09T19:27:49.995+0000] {dag.py:4180} INFO - Setting next_dagrun for example_display_name to None, run_after=None
[2024-11-09T19:27:50.031+0000] {processor.py:208} INFO - Processing /home/chirag/airflow/lib/python3.12/site-packages/airflow/example_dags/example_display_name.py took 0.117 seconds
[2024-11-09T19:28:57.156+0000] {processor.py:186} INFO - Started process (PID=550) to work on /home/chirag/airflow/lib/python3.12/site-packages/airflow/example_dags/example_display_name.py
[2024-11-09T19:28:57.159+0000] {processor.py:914} INFO - Processing file /home/chirag/airflow/lib/python3.12/site-packages/airflow/example_dags/example_display_name.py for tasks to queue
[2024-11-09T19:28:57.162+0000] {logging_mixin.py:190} INFO - [2024-11-09T19:28:57.161+0000] {dagbag.py:588} INFO - Filling up the DagBag from /home/chirag/airflow/lib/python3.12/site-packages/airflow/example_dags/example_display_name.py
[2024-11-09T19:28:57.173+0000] {processor.py:925} INFO - DAG(s) 'example_display_name' retrieved from /home/chirag/airflow/lib/python3.12/site-packages/airflow/example_dags/example_display_name.py
[2024-11-09T19:28:57.194+0000] {logging_mixin.py:190} INFO - [2024-11-09T19:28:57.194+0000] {dag.py:3239} INFO - Sync 1 DAGs
[2024-11-09T19:28:57.213+0000] {logging_mixin.py:190} INFO - [2024-11-09T19:28:57.213+0000] {dag.py:4180} INFO - Setting next_dagrun for example_display_name to None, run_after=None
[2024-11-09T19:28:57.247+0000] {processor.py:208} INFO - Processing /home/chirag/airflow/lib/python3.12/site-packages/airflow/example_dags/example_display_name.py took 0.099 seconds
[2024-11-09T19:30:11.140+0000] {processor.py:186} INFO - Started process (PID=625) to work on /home/chirag/airflow/lib/python3.12/site-packages/airflow/example_dags/example_display_name.py
[2024-11-09T19:30:11.154+0000] {processor.py:914} INFO - Processing file /home/chirag/airflow/lib/python3.12/site-packages/airflow/example_dags/example_display_name.py for tasks to queue
[2024-11-09T19:30:11.158+0000] {logging_mixin.py:190} INFO - [2024-11-09T19:30:11.157+0000] {dagbag.py:588} INFO - Filling up the DagBag from /home/chirag/airflow/lib/python3.12/site-packages/airflow/example_dags/example_display_name.py
[2024-11-09T19:30:11.170+0000] {processor.py:925} INFO - DAG(s) 'example_display_name' retrieved from /home/chirag/airflow/lib/python3.12/site-packages/airflow/example_dags/example_display_name.py
[2024-11-09T19:30:11.196+0000] {logging_mixin.py:190} INFO - [2024-11-09T19:30:11.195+0000] {dag.py:3239} INFO - Sync 1 DAGs
[2024-11-09T19:30:11.227+0000] {logging_mixin.py:190} INFO - [2024-11-09T19:30:11.226+0000] {dag.py:4180} INFO - Setting next_dagrun for example_display_name to None, run_after=None
[2024-11-09T19:30:11.361+0000] {processor.py:208} INFO - Processing /home/chirag/airflow/lib/python3.12/site-packages/airflow/example_dags/example_display_name.py took 0.232 seconds
[2024-11-09T19:31:28.563+0000] {processor.py:186} INFO - Started process (PID=692) to work on /home/chirag/airflow/lib/python3.12/site-packages/airflow/example_dags/example_display_name.py
[2024-11-09T19:31:28.565+0000] {processor.py:914} INFO - Processing file /home/chirag/airflow/lib/python3.12/site-packages/airflow/example_dags/example_display_name.py for tasks to queue
[2024-11-09T19:31:28.568+0000] {logging_mixin.py:190} INFO - [2024-11-09T19:31:28.568+0000] {dagbag.py:588} INFO - Filling up the DagBag from /home/chirag/airflow/lib/python3.12/site-packages/airflow/example_dags/example_display_name.py
[2024-11-09T19:31:28.581+0000] {processor.py:925} INFO - DAG(s) 'example_display_name' retrieved from /home/chirag/airflow/lib/python3.12/site-packages/airflow/example_dags/example_display_name.py
[2024-11-09T19:31:28.607+0000] {logging_mixin.py:190} INFO - [2024-11-09T19:31:28.607+0000] {dag.py:3239} INFO - Sync 1 DAGs
[2024-11-09T19:31:28.639+0000] {logging_mixin.py:190} INFO - [2024-11-09T19:31:28.639+0000] {dag.py:4180} INFO - Setting next_dagrun for example_display_name to None, run_after=None
[2024-11-09T19:31:28.757+0000] {processor.py:208} INFO - Processing /home/chirag/airflow/lib/python3.12/site-packages/airflow/example_dags/example_display_name.py took 0.203 seconds
[2024-11-09T19:33:09.355+0000] {processor.py:186} INFO - Started process (PID=1742) to work on /home/chirag/airflow/lib/python3.12/site-packages/airflow/example_dags/example_display_name.py
[2024-11-09T19:33:09.358+0000] {processor.py:914} INFO - Processing file /home/chirag/airflow/lib/python3.12/site-packages/airflow/example_dags/example_display_name.py for tasks to queue
[2024-11-09T19:33:09.361+0000] {logging_mixin.py:190} INFO - [2024-11-09T19:33:09.361+0000] {dagbag.py:588} INFO - Filling up the DagBag from /home/chirag/airflow/lib/python3.12/site-packages/airflow/example_dags/example_display_name.py
[2024-11-09T19:33:09.374+0000] {processor.py:925} INFO - DAG(s) 'example_display_name' retrieved from /home/chirag/airflow/lib/python3.12/site-packages/airflow/example_dags/example_display_name.py
[2024-11-09T19:33:09.398+0000] {logging_mixin.py:190} INFO - [2024-11-09T19:33:09.397+0000] {dag.py:3239} INFO - Sync 1 DAGs
[2024-11-09T19:33:09.415+0000] {logging_mixin.py:190} INFO - [2024-11-09T19:33:09.415+0000] {dag.py:4180} INFO - Setting next_dagrun for example_display_name to None, run_after=None
[2024-11-09T19:33:09.450+0000] {processor.py:208} INFO - Processing /home/chirag/airflow/lib/python3.12/site-packages/airflow/example_dags/example_display_name.py took 0.103 seconds
[2024-11-09T19:34:26.828+0000] {processor.py:186} INFO - Started process (PID=2276) to work on /home/chirag/airflow/lib/python3.12/site-packages/airflow/example_dags/example_display_name.py
[2024-11-09T19:34:26.830+0000] {processor.py:914} INFO - Processing file /home/chirag/airflow/lib/python3.12/site-packages/airflow/example_dags/example_display_name.py for tasks to queue
[2024-11-09T19:34:26.834+0000] {logging_mixin.py:190} INFO - [2024-11-09T19:34:26.833+0000] {dagbag.py:588} INFO - Filling up the DagBag from /home/chirag/airflow/lib/python3.12/site-packages/airflow/example_dags/example_display_name.py
[2024-11-09T19:34:26.849+0000] {processor.py:925} INFO - DAG(s) 'example_display_name' retrieved from /home/chirag/airflow/lib/python3.12/site-packages/airflow/example_dags/example_display_name.py
[2024-11-09T19:34:26.873+0000] {logging_mixin.py:190} INFO - [2024-11-09T19:34:26.873+0000] {dag.py:3239} INFO - Sync 1 DAGs
[2024-11-09T19:34:26.893+0000] {logging_mixin.py:190} INFO - [2024-11-09T19:34:26.893+0000] {dag.py:4180} INFO - Setting next_dagrun for example_display_name to None, run_after=None
[2024-11-09T19:34:27.176+0000] {processor.py:208} INFO - Processing /home/chirag/airflow/lib/python3.12/site-packages/airflow/example_dags/example_display_name.py took 0.358 seconds
[2024-11-09T19:35:56.369+0000] {processor.py:186} INFO - Started process (PID=2736) to work on /home/chirag/airflow/lib/python3.12/site-packages/airflow/example_dags/example_display_name.py
[2024-11-09T19:35:56.372+0000] {processor.py:914} INFO - Processing file /home/chirag/airflow/lib/python3.12/site-packages/airflow/example_dags/example_display_name.py for tasks to queue
[2024-11-09T19:35:56.387+0000] {logging_mixin.py:190} INFO - [2024-11-09T19:35:56.386+0000] {dagbag.py:588} INFO - Filling up the DagBag from /home/chirag/airflow/lib/python3.12/site-packages/airflow/example_dags/example_display_name.py
[2024-11-09T19:35:56.436+0000] {processor.py:925} INFO - DAG(s) 'example_display_name' retrieved from /home/chirag/airflow/lib/python3.12/site-packages/airflow/example_dags/example_display_name.py
[2024-11-09T19:35:56.546+0000] {logging_mixin.py:190} INFO - [2024-11-09T19:35:56.546+0000] {dag.py:3239} INFO - Sync 1 DAGs
[2024-11-09T19:35:56.668+0000] {logging_mixin.py:190} INFO - [2024-11-09T19:35:56.668+0000] {dag.py:4180} INFO - Setting next_dagrun for example_display_name to None, run_after=None
[2024-11-09T19:35:56.835+0000] {processor.py:208} INFO - Processing /home/chirag/airflow/lib/python3.12/site-packages/airflow/example_dags/example_display_name.py took 0.511 seconds
[2024-11-09T19:37:12.571+0000] {processor.py:186} INFO - Started process (PID=2941) to work on /home/chirag/airflow/lib/python3.12/site-packages/airflow/example_dags/example_display_name.py
[2024-11-09T19:37:12.574+0000] {processor.py:914} INFO - Processing file /home/chirag/airflow/lib/python3.12/site-packages/airflow/example_dags/example_display_name.py for tasks to queue
[2024-11-09T19:37:12.579+0000] {logging_mixin.py:190} INFO - [2024-11-09T19:37:12.578+0000] {dagbag.py:588} INFO - Filling up the DagBag from /home/chirag/airflow/lib/python3.12/site-packages/airflow/example_dags/example_display_name.py
[2024-11-09T19:37:12.607+0000] {processor.py:925} INFO - DAG(s) 'example_display_name' retrieved from /home/chirag/airflow/lib/python3.12/site-packages/airflow/example_dags/example_display_name.py
[2024-11-09T19:37:12.633+0000] {logging_mixin.py:190} INFO - [2024-11-09T19:37:12.633+0000] {dag.py:3239} INFO - Sync 1 DAGs
[2024-11-09T19:37:12.651+0000] {logging_mixin.py:190} INFO - [2024-11-09T19:37:12.651+0000] {dag.py:4180} INFO - Setting next_dagrun for example_display_name to None, run_after=None
[2024-11-09T19:37:12.697+0000] {processor.py:208} INFO - Processing /home/chirag/airflow/lib/python3.12/site-packages/airflow/example_dags/example_display_name.py took 0.139 seconds
[2024-11-09T19:38:24.041+0000] {processor.py:186} INFO - Started process (PID=3267) to work on /home/chirag/airflow/lib/python3.12/site-packages/airflow/example_dags/example_display_name.py
[2024-11-09T19:38:24.045+0000] {processor.py:914} INFO - Processing file /home/chirag/airflow/lib/python3.12/site-packages/airflow/example_dags/example_display_name.py for tasks to queue
[2024-11-09T19:38:24.048+0000] {logging_mixin.py:190} INFO - [2024-11-09T19:38:24.047+0000] {dagbag.py:588} INFO - Filling up the DagBag from /home/chirag/airflow/lib/python3.12/site-packages/airflow/example_dags/example_display_name.py
[2024-11-09T19:38:24.060+0000] {processor.py:925} INFO - DAG(s) 'example_display_name' retrieved from /home/chirag/airflow/lib/python3.12/site-packages/airflow/example_dags/example_display_name.py
[2024-11-09T19:38:24.081+0000] {logging_mixin.py:190} INFO - [2024-11-09T19:38:24.081+0000] {dag.py:3239} INFO - Sync 1 DAGs
[2024-11-09T19:38:24.099+0000] {logging_mixin.py:190} INFO - [2024-11-09T19:38:24.098+0000] {dag.py:4180} INFO - Setting next_dagrun for example_display_name to None, run_after=None
[2024-11-09T19:38:24.141+0000] {processor.py:208} INFO - Processing /home/chirag/airflow/lib/python3.12/site-packages/airflow/example_dags/example_display_name.py took 0.111 seconds
[2024-11-09T19:39:47.412+0000] {processor.py:186} INFO - Started process (PID=3553) to work on /home/chirag/airflow/lib/python3.12/site-packages/airflow/example_dags/example_display_name.py
[2024-11-09T19:39:47.415+0000] {processor.py:914} INFO - Processing file /home/chirag/airflow/lib/python3.12/site-packages/airflow/example_dags/example_display_name.py for tasks to queue
[2024-11-09T19:39:47.420+0000] {logging_mixin.py:190} INFO - [2024-11-09T19:39:47.420+0000] {dagbag.py:588} INFO - Filling up the DagBag from /home/chirag/airflow/lib/python3.12/site-packages/airflow/example_dags/example_display_name.py
[2024-11-09T19:39:47.456+0000] {processor.py:925} INFO - DAG(s) 'example_display_name' retrieved from /home/chirag/airflow/lib/python3.12/site-packages/airflow/example_dags/example_display_name.py
[2024-11-09T19:39:47.488+0000] {logging_mixin.py:190} INFO - [2024-11-09T19:39:47.487+0000] {dag.py:3239} INFO - Sync 1 DAGs
[2024-11-09T19:39:47.517+0000] {logging_mixin.py:190} INFO - [2024-11-09T19:39:47.517+0000] {dag.py:4180} INFO - Setting next_dagrun for example_display_name to None, run_after=None
[2024-11-09T19:39:47.596+0000] {processor.py:208} INFO - Processing /home/chirag/airflow/lib/python3.12/site-packages/airflow/example_dags/example_display_name.py took 0.199 seconds
[2024-11-09T19:41:03.898+0000] {processor.py:186} INFO - Started process (PID=3762) to work on /home/chirag/airflow/lib/python3.12/site-packages/airflow/example_dags/example_display_name.py
[2024-11-09T19:41:03.901+0000] {processor.py:914} INFO - Processing file /home/chirag/airflow/lib/python3.12/site-packages/airflow/example_dags/example_display_name.py for tasks to queue
[2024-11-09T19:41:03.905+0000] {logging_mixin.py:190} INFO - [2024-11-09T19:41:03.905+0000] {dagbag.py:588} INFO - Filling up the DagBag from /home/chirag/airflow/lib/python3.12/site-packages/airflow/example_dags/example_display_name.py
[2024-11-09T19:41:03.918+0000] {processor.py:925} INFO - DAG(s) 'example_display_name' retrieved from /home/chirag/airflow/lib/python3.12/site-packages/airflow/example_dags/example_display_name.py
[2024-11-09T19:41:03.940+0000] {logging_mixin.py:190} INFO - [2024-11-09T19:41:03.940+0000] {dag.py:3239} INFO - Sync 1 DAGs
[2024-11-09T19:41:03.960+0000] {logging_mixin.py:190} INFO - [2024-11-09T19:41:03.959+0000] {dag.py:4180} INFO - Setting next_dagrun for example_display_name to None, run_after=None
[2024-11-09T19:41:03.997+0000] {processor.py:208} INFO - Processing /home/chirag/airflow/lib/python3.12/site-packages/airflow/example_dags/example_display_name.py took 0.106 seconds
[2024-11-09T19:42:18.550+0000] {processor.py:186} INFO - Started process (PID=3974) to work on /home/chirag/airflow/lib/python3.12/site-packages/airflow/example_dags/example_display_name.py
[2024-11-09T19:42:18.554+0000] {processor.py:914} INFO - Processing file /home/chirag/airflow/lib/python3.12/site-packages/airflow/example_dags/example_display_name.py for tasks to queue
[2024-11-09T19:42:18.559+0000] {logging_mixin.py:190} INFO - [2024-11-09T19:42:18.558+0000] {dagbag.py:588} INFO - Filling up the DagBag from /home/chirag/airflow/lib/python3.12/site-packages/airflow/example_dags/example_display_name.py
[2024-11-09T19:42:18.579+0000] {processor.py:925} INFO - DAG(s) 'example_display_name' retrieved from /home/chirag/airflow/lib/python3.12/site-packages/airflow/example_dags/example_display_name.py
[2024-11-09T19:42:18.608+0000] {logging_mixin.py:190} INFO - [2024-11-09T19:42:18.607+0000] {dag.py:3239} INFO - Sync 1 DAGs
[2024-11-09T19:42:18.628+0000] {logging_mixin.py:190} INFO - [2024-11-09T19:42:18.627+0000] {dag.py:4180} INFO - Setting next_dagrun for example_display_name to None, run_after=None
[2024-11-09T19:42:18.665+0000] {processor.py:208} INFO - Processing /home/chirag/airflow/lib/python3.12/site-packages/airflow/example_dags/example_display_name.py took 0.128 seconds
[2024-11-09T19:43:40.519+0000] {processor.py:186} INFO - Started process (PID=4210) to work on /home/chirag/airflow/lib/python3.12/site-packages/airflow/example_dags/example_display_name.py
[2024-11-09T19:43:40.523+0000] {processor.py:914} INFO - Processing file /home/chirag/airflow/lib/python3.12/site-packages/airflow/example_dags/example_display_name.py for tasks to queue
[2024-11-09T19:43:40.526+0000] {logging_mixin.py:190} INFO - [2024-11-09T19:43:40.526+0000] {dagbag.py:588} INFO - Filling up the DagBag from /home/chirag/airflow/lib/python3.12/site-packages/airflow/example_dags/example_display_name.py
[2024-11-09T19:43:40.540+0000] {processor.py:925} INFO - DAG(s) 'example_display_name' retrieved from /home/chirag/airflow/lib/python3.12/site-packages/airflow/example_dags/example_display_name.py
[2024-11-09T19:43:40.561+0000] {logging_mixin.py:190} INFO - [2024-11-09T19:43:40.561+0000] {dag.py:3239} INFO - Sync 1 DAGs
[2024-11-09T19:43:40.582+0000] {logging_mixin.py:190} INFO - [2024-11-09T19:43:40.581+0000] {dag.py:4180} INFO - Setting next_dagrun for example_display_name to None, run_after=None
[2024-11-09T19:43:40.620+0000] {processor.py:208} INFO - Processing /home/chirag/airflow/lib/python3.12/site-packages/airflow/example_dags/example_display_name.py took 0.113 seconds
[2024-11-09T19:44:48.937+0000] {processor.py:186} INFO - Started process (PID=4412) to work on /home/chirag/airflow/lib/python3.12/site-packages/airflow/example_dags/example_display_name.py
[2024-11-09T19:44:48.940+0000] {processor.py:914} INFO - Processing file /home/chirag/airflow/lib/python3.12/site-packages/airflow/example_dags/example_display_name.py for tasks to queue
[2024-11-09T19:44:48.944+0000] {logging_mixin.py:190} INFO - [2024-11-09T19:44:48.943+0000] {dagbag.py:588} INFO - Filling up the DagBag from /home/chirag/airflow/lib/python3.12/site-packages/airflow/example_dags/example_display_name.py
[2024-11-09T19:44:48.957+0000] {processor.py:925} INFO - DAG(s) 'example_display_name' retrieved from /home/chirag/airflow/lib/python3.12/site-packages/airflow/example_dags/example_display_name.py
[2024-11-09T19:44:48.978+0000] {logging_mixin.py:190} INFO - [2024-11-09T19:44:48.978+0000] {dag.py:3239} INFO - Sync 1 DAGs
[2024-11-09T19:44:48.997+0000] {logging_mixin.py:190} INFO - [2024-11-09T19:44:48.996+0000] {dag.py:4180} INFO - Setting next_dagrun for example_display_name to None, run_after=None
[2024-11-09T19:44:49.034+0000] {processor.py:208} INFO - Processing /home/chirag/airflow/lib/python3.12/site-packages/airflow/example_dags/example_display_name.py took 0.107 seconds
[2024-11-09T19:46:37.042+0000] {processor.py:186} INFO - Started process (PID=4722) to work on /home/chirag/airflow/lib/python3.12/site-packages/airflow/example_dags/example_display_name.py
[2024-11-09T19:46:37.045+0000] {processor.py:914} INFO - Processing file /home/chirag/airflow/lib/python3.12/site-packages/airflow/example_dags/example_display_name.py for tasks to queue
[2024-11-09T19:46:37.048+0000] {logging_mixin.py:190} INFO - [2024-11-09T19:46:37.048+0000] {dagbag.py:588} INFO - Filling up the DagBag from /home/chirag/airflow/lib/python3.12/site-packages/airflow/example_dags/example_display_name.py
[2024-11-09T19:46:37.060+0000] {processor.py:925} INFO - DAG(s) 'example_display_name' retrieved from /home/chirag/airflow/lib/python3.12/site-packages/airflow/example_dags/example_display_name.py
[2024-11-09T19:46:37.081+0000] {logging_mixin.py:190} INFO - [2024-11-09T19:46:37.081+0000] {dag.py:3239} INFO - Sync 1 DAGs
[2024-11-09T19:46:37.099+0000] {logging_mixin.py:190} INFO - [2024-11-09T19:46:37.099+0000] {dag.py:4180} INFO - Setting next_dagrun for example_display_name to None, run_after=None
[2024-11-09T19:46:37.142+0000] {processor.py:208} INFO - Processing /home/chirag/airflow/lib/python3.12/site-packages/airflow/example_dags/example_display_name.py took 0.108 seconds
[2024-11-09T19:47:51.126+0000] {processor.py:186} INFO - Started process (PID=4964) to work on /home/chirag/airflow/lib/python3.12/site-packages/airflow/example_dags/example_display_name.py
[2024-11-09T19:47:51.130+0000] {processor.py:914} INFO - Processing file /home/chirag/airflow/lib/python3.12/site-packages/airflow/example_dags/example_display_name.py for tasks to queue
[2024-11-09T19:47:51.154+0000] {logging_mixin.py:190} INFO - [2024-11-09T19:47:51.144+0000] {dagbag.py:588} INFO - Filling up the DagBag from /home/chirag/airflow/lib/python3.12/site-packages/airflow/example_dags/example_display_name.py
[2024-11-09T19:47:51.209+0000] {processor.py:925} INFO - DAG(s) 'example_display_name' retrieved from /home/chirag/airflow/lib/python3.12/site-packages/airflow/example_dags/example_display_name.py
[2024-11-09T19:47:51.274+0000] {logging_mixin.py:190} INFO - [2024-11-09T19:47:51.274+0000] {dag.py:3239} INFO - Sync 1 DAGs
[2024-11-09T19:47:51.307+0000] {logging_mixin.py:190} INFO - [2024-11-09T19:47:51.307+0000] {dag.py:4180} INFO - Setting next_dagrun for example_display_name to None, run_after=None
[2024-11-09T19:47:51.370+0000] {processor.py:208} INFO - Processing /home/chirag/airflow/lib/python3.12/site-packages/airflow/example_dags/example_display_name.py took 0.262 seconds
[2024-11-09T19:49:04.856+0000] {processor.py:186} INFO - Started process (PID=5185) to work on /home/chirag/airflow/lib/python3.12/site-packages/airflow/example_dags/example_display_name.py
[2024-11-09T19:49:04.860+0000] {processor.py:914} INFO - Processing file /home/chirag/airflow/lib/python3.12/site-packages/airflow/example_dags/example_display_name.py for tasks to queue
[2024-11-09T19:49:04.864+0000] {logging_mixin.py:190} INFO - [2024-11-09T19:49:04.863+0000] {dagbag.py:588} INFO - Filling up the DagBag from /home/chirag/airflow/lib/python3.12/site-packages/airflow/example_dags/example_display_name.py
[2024-11-09T19:49:04.877+0000] {processor.py:925} INFO - DAG(s) 'example_display_name' retrieved from /home/chirag/airflow/lib/python3.12/site-packages/airflow/example_dags/example_display_name.py
[2024-11-09T19:49:04.901+0000] {logging_mixin.py:190} INFO - [2024-11-09T19:49:04.901+0000] {dag.py:3239} INFO - Sync 1 DAGs
[2024-11-09T19:49:04.921+0000] {logging_mixin.py:190} INFO - [2024-11-09T19:49:04.921+0000] {dag.py:4180} INFO - Setting next_dagrun for example_display_name to None, run_after=None
[2024-11-09T19:49:04.961+0000] {processor.py:208} INFO - Processing /home/chirag/airflow/lib/python3.12/site-packages/airflow/example_dags/example_display_name.py took 0.117 seconds
[2024-11-09T19:50:14.941+0000] {processor.py:186} INFO - Started process (PID=5539) to work on /home/chirag/airflow/lib/python3.12/site-packages/airflow/example_dags/example_display_name.py
[2024-11-09T19:50:14.952+0000] {processor.py:914} INFO - Processing file /home/chirag/airflow/lib/python3.12/site-packages/airflow/example_dags/example_display_name.py for tasks to queue
[2024-11-09T19:50:14.955+0000] {logging_mixin.py:190} INFO - [2024-11-09T19:50:14.955+0000] {dagbag.py:588} INFO - Filling up the DagBag from /home/chirag/airflow/lib/python3.12/site-packages/airflow/example_dags/example_display_name.py
[2024-11-09T19:50:14.967+0000] {processor.py:925} INFO - DAG(s) 'example_display_name' retrieved from /home/chirag/airflow/lib/python3.12/site-packages/airflow/example_dags/example_display_name.py
[2024-11-09T19:50:14.989+0000] {logging_mixin.py:190} INFO - [2024-11-09T19:50:14.989+0000] {dag.py:3239} INFO - Sync 1 DAGs
[2024-11-09T19:50:15.006+0000] {logging_mixin.py:190} INFO - [2024-11-09T19:50:15.006+0000] {dag.py:4180} INFO - Setting next_dagrun for example_display_name to None, run_after=None
[2024-11-09T19:50:15.045+0000] {processor.py:208} INFO - Processing /home/chirag/airflow/lib/python3.12/site-packages/airflow/example_dags/example_display_name.py took 0.112 seconds
[2024-11-09T19:51:28.708+0000] {processor.py:186} INFO - Started process (PID=6178) to work on /home/chirag/airflow/lib/python3.12/site-packages/airflow/example_dags/example_display_name.py
[2024-11-09T19:51:28.711+0000] {processor.py:914} INFO - Processing file /home/chirag/airflow/lib/python3.12/site-packages/airflow/example_dags/example_display_name.py for tasks to queue
[2024-11-09T19:51:28.715+0000] {logging_mixin.py:190} INFO - [2024-11-09T19:51:28.714+0000] {dagbag.py:588} INFO - Filling up the DagBag from /home/chirag/airflow/lib/python3.12/site-packages/airflow/example_dags/example_display_name.py
[2024-11-09T19:51:28.729+0000] {processor.py:925} INFO - DAG(s) 'example_display_name' retrieved from /home/chirag/airflow/lib/python3.12/site-packages/airflow/example_dags/example_display_name.py
[2024-11-09T19:51:28.755+0000] {logging_mixin.py:190} INFO - [2024-11-09T19:51:28.754+0000] {dag.py:3239} INFO - Sync 1 DAGs
[2024-11-09T19:51:28.774+0000] {logging_mixin.py:190} INFO - [2024-11-09T19:51:28.774+0000] {dag.py:4180} INFO - Setting next_dagrun for example_display_name to None, run_after=None
[2024-11-09T19:51:28.813+0000] {processor.py:208} INFO - Processing /home/chirag/airflow/lib/python3.12/site-packages/airflow/example_dags/example_display_name.py took 0.117 seconds
[2024-11-09T19:52:39.876+0000] {processor.py:186} INFO - Started process (PID=6398) to work on /home/chirag/airflow/lib/python3.12/site-packages/airflow/example_dags/example_display_name.py
[2024-11-09T19:52:39.882+0000] {processor.py:914} INFO - Processing file /home/chirag/airflow/lib/python3.12/site-packages/airflow/example_dags/example_display_name.py for tasks to queue
[2024-11-09T19:52:39.887+0000] {logging_mixin.py:190} INFO - [2024-11-09T19:52:39.886+0000] {dagbag.py:588} INFO - Filling up the DagBag from /home/chirag/airflow/lib/python3.12/site-packages/airflow/example_dags/example_display_name.py
[2024-11-09T19:52:39.899+0000] {processor.py:925} INFO - DAG(s) 'example_display_name' retrieved from /home/chirag/airflow/lib/python3.12/site-packages/airflow/example_dags/example_display_name.py
[2024-11-09T19:52:39.923+0000] {logging_mixin.py:190} INFO - [2024-11-09T19:52:39.923+0000] {dag.py:3239} INFO - Sync 1 DAGs
[2024-11-09T19:52:39.942+0000] {logging_mixin.py:190} INFO - [2024-11-09T19:52:39.941+0000] {dag.py:4180} INFO - Setting next_dagrun for example_display_name to None, run_after=None
[2024-11-09T19:52:39.979+0000] {processor.py:208} INFO - Processing /home/chirag/airflow/lib/python3.12/site-packages/airflow/example_dags/example_display_name.py took 0.114 seconds
[2024-11-09T19:54:07.931+0000] {processor.py:186} INFO - Started process (PID=7012) to work on /home/chirag/airflow/lib/python3.12/site-packages/airflow/example_dags/example_display_name.py
[2024-11-09T19:54:07.937+0000] {processor.py:914} INFO - Processing file /home/chirag/airflow/lib/python3.12/site-packages/airflow/example_dags/example_display_name.py for tasks to queue
[2024-11-09T19:54:07.941+0000] {logging_mixin.py:190} INFO - [2024-11-09T19:54:07.940+0000] {dagbag.py:588} INFO - Filling up the DagBag from /home/chirag/airflow/lib/python3.12/site-packages/airflow/example_dags/example_display_name.py
[2024-11-09T19:54:07.953+0000] {processor.py:925} INFO - DAG(s) 'example_display_name' retrieved from /home/chirag/airflow/lib/python3.12/site-packages/airflow/example_dags/example_display_name.py
[2024-11-09T19:54:07.974+0000] {logging_mixin.py:190} INFO - [2024-11-09T19:54:07.973+0000] {dag.py:3239} INFO - Sync 1 DAGs
[2024-11-09T19:54:07.992+0000] {logging_mixin.py:190} INFO - [2024-11-09T19:54:07.991+0000] {dag.py:4180} INFO - Setting next_dagrun for example_display_name to None, run_after=None
[2024-11-09T19:54:08.036+0000] {processor.py:208} INFO - Processing /home/chirag/airflow/lib/python3.12/site-packages/airflow/example_dags/example_display_name.py took 0.113 seconds
[2024-11-09T19:55:26.321+0000] {processor.py:186} INFO - Started process (PID=7631) to work on /home/chirag/airflow/lib/python3.12/site-packages/airflow/example_dags/example_display_name.py
[2024-11-09T19:55:26.323+0000] {processor.py:914} INFO - Processing file /home/chirag/airflow/lib/python3.12/site-packages/airflow/example_dags/example_display_name.py for tasks to queue
[2024-11-09T19:55:26.332+0000] {logging_mixin.py:190} INFO - [2024-11-09T19:55:26.332+0000] {dagbag.py:588} INFO - Filling up the DagBag from /home/chirag/airflow/lib/python3.12/site-packages/airflow/example_dags/example_display_name.py
[2024-11-09T19:55:26.352+0000] {processor.py:925} INFO - DAG(s) 'example_display_name' retrieved from /home/chirag/airflow/lib/python3.12/site-packages/airflow/example_dags/example_display_name.py
[2024-11-09T19:55:26.388+0000] {logging_mixin.py:190} INFO - [2024-11-09T19:55:26.387+0000] {dag.py:3239} INFO - Sync 1 DAGs
[2024-11-09T19:55:26.425+0000] {logging_mixin.py:190} INFO - [2024-11-09T19:55:26.425+0000] {dag.py:4180} INFO - Setting next_dagrun for example_display_name to None, run_after=None
[2024-11-09T19:55:26.505+0000] {processor.py:208} INFO - Processing /home/chirag/airflow/lib/python3.12/site-packages/airflow/example_dags/example_display_name.py took 0.204 seconds
[2024-11-09T19:56:56.206+0000] {processor.py:186} INFO - Started process (PID=8023) to work on /home/chirag/airflow/lib/python3.12/site-packages/airflow/example_dags/example_display_name.py
[2024-11-09T19:56:56.217+0000] {processor.py:914} INFO - Processing file /home/chirag/airflow/lib/python3.12/site-packages/airflow/example_dags/example_display_name.py for tasks to queue
[2024-11-09T19:56:56.223+0000] {logging_mixin.py:190} INFO - [2024-11-09T19:56:56.221+0000] {dagbag.py:588} INFO - Filling up the DagBag from /home/chirag/airflow/lib/python3.12/site-packages/airflow/example_dags/example_display_name.py
[2024-11-09T19:56:56.241+0000] {processor.py:925} INFO - DAG(s) 'example_display_name' retrieved from /home/chirag/airflow/lib/python3.12/site-packages/airflow/example_dags/example_display_name.py
[2024-11-09T19:56:56.266+0000] {logging_mixin.py:190} INFO - [2024-11-09T19:56:56.266+0000] {dag.py:3239} INFO - Sync 1 DAGs
[2024-11-09T19:56:56.285+0000] {logging_mixin.py:190} INFO - [2024-11-09T19:56:56.285+0000] {dag.py:4180} INFO - Setting next_dagrun for example_display_name to None, run_after=None
[2024-11-09T19:56:56.377+0000] {processor.py:208} INFO - Processing /home/chirag/airflow/lib/python3.12/site-packages/airflow/example_dags/example_display_name.py took 0.184 seconds
[2024-11-09T19:57:57.489+0000] {processor.py:186} INFO - Started process (PID=8254) to work on /home/chirag/airflow/lib/python3.12/site-packages/airflow/example_dags/example_display_name.py
[2024-11-09T19:57:57.492+0000] {processor.py:914} INFO - Processing file /home/chirag/airflow/lib/python3.12/site-packages/airflow/example_dags/example_display_name.py for tasks to queue
[2024-11-09T19:57:57.495+0000] {logging_mixin.py:190} INFO - [2024-11-09T19:57:57.494+0000] {dagbag.py:588} INFO - Filling up the DagBag from /home/chirag/airflow/lib/python3.12/site-packages/airflow/example_dags/example_display_name.py
[2024-11-09T19:57:57.507+0000] {processor.py:925} INFO - DAG(s) 'example_display_name' retrieved from /home/chirag/airflow/lib/python3.12/site-packages/airflow/example_dags/example_display_name.py
[2024-11-09T19:57:57.528+0000] {logging_mixin.py:190} INFO - [2024-11-09T19:57:57.527+0000] {dag.py:3239} INFO - Sync 1 DAGs
[2024-11-09T19:57:57.546+0000] {logging_mixin.py:190} INFO - [2024-11-09T19:57:57.545+0000] {dag.py:4180} INFO - Setting next_dagrun for example_display_name to None, run_after=None
[2024-11-09T19:57:57.586+0000] {processor.py:208} INFO - Processing /home/chirag/airflow/lib/python3.12/site-packages/airflow/example_dags/example_display_name.py took 0.105 seconds
[2024-11-09T19:58:58.919+0000] {processor.py:186} INFO - Started process (PID=8518) to work on /home/chirag/airflow/lib/python3.12/site-packages/airflow/example_dags/example_display_name.py
[2024-11-09T19:58:58.946+0000] {processor.py:914} INFO - Processing file /home/chirag/airflow/lib/python3.12/site-packages/airflow/example_dags/example_display_name.py for tasks to queue
[2024-11-09T19:58:58.953+0000] {logging_mixin.py:190} INFO - [2024-11-09T19:58:58.952+0000] {dagbag.py:588} INFO - Filling up the DagBag from /home/chirag/airflow/lib/python3.12/site-packages/airflow/example_dags/example_display_name.py
[2024-11-09T19:58:59.003+0000] {processor.py:925} INFO - DAG(s) 'example_display_name' retrieved from /home/chirag/airflow/lib/python3.12/site-packages/airflow/example_dags/example_display_name.py
[2024-11-09T19:58:59.144+0000] {logging_mixin.py:190} INFO - [2024-11-09T19:58:59.143+0000] {dag.py:3239} INFO - Sync 1 DAGs
[2024-11-09T19:58:59.299+0000] {logging_mixin.py:190} INFO - [2024-11-09T19:58:59.298+0000] {dag.py:4180} INFO - Setting next_dagrun for example_display_name to None, run_after=None
[2024-11-09T19:58:59.646+0000] {processor.py:208} INFO - Processing /home/chirag/airflow/lib/python3.12/site-packages/airflow/example_dags/example_display_name.py took 0.762 seconds
[2024-11-09T20:22:30.636+0000] {processor.py:186} INFO - Started process (PID=12655) to work on /home/chirag/airflow/lib/python3.12/site-packages/airflow/example_dags/example_display_name.py
[2024-11-09T20:22:30.640+0000] {processor.py:914} INFO - Processing file /home/chirag/airflow/lib/python3.12/site-packages/airflow/example_dags/example_display_name.py for tasks to queue
[2024-11-09T20:22:30.643+0000] {logging_mixin.py:190} INFO - [2024-11-09T20:22:30.642+0000] {dagbag.py:588} INFO - Filling up the DagBag from /home/chirag/airflow/lib/python3.12/site-packages/airflow/example_dags/example_display_name.py
[2024-11-09T20:22:30.655+0000] {processor.py:925} INFO - DAG(s) 'example_display_name' retrieved from /home/chirag/airflow/lib/python3.12/site-packages/airflow/example_dags/example_display_name.py
[2024-11-09T20:22:30.691+0000] {logging_mixin.py:190} INFO - [2024-11-09T20:22:30.690+0000] {dag.py:3239} INFO - Sync 1 DAGs
[2024-11-09T20:22:30.722+0000] {logging_mixin.py:190} INFO - [2024-11-09T20:22:30.722+0000] {dag.py:4180} INFO - Setting next_dagrun for example_display_name to None, run_after=None
[2024-11-09T20:22:30.767+0000] {processor.py:208} INFO - Processing /home/chirag/airflow/lib/python3.12/site-packages/airflow/example_dags/example_display_name.py took 0.139 seconds
[2024-11-09T20:23:38.998+0000] {processor.py:186} INFO - Started process (PID=12853) to work on /home/chirag/airflow/lib/python3.12/site-packages/airflow/example_dags/example_display_name.py
[2024-11-09T20:23:39.004+0000] {processor.py:914} INFO - Processing file /home/chirag/airflow/lib/python3.12/site-packages/airflow/example_dags/example_display_name.py for tasks to queue
[2024-11-09T20:23:39.007+0000] {logging_mixin.py:190} INFO - [2024-11-09T20:23:39.006+0000] {dagbag.py:588} INFO - Filling up the DagBag from /home/chirag/airflow/lib/python3.12/site-packages/airflow/example_dags/example_display_name.py
[2024-11-09T20:23:39.020+0000] {processor.py:925} INFO - DAG(s) 'example_display_name' retrieved from /home/chirag/airflow/lib/python3.12/site-packages/airflow/example_dags/example_display_name.py
[2024-11-09T20:23:39.050+0000] {logging_mixin.py:190} INFO - [2024-11-09T20:23:39.049+0000] {dag.py:3239} INFO - Sync 1 DAGs
[2024-11-09T20:23:39.108+0000] {logging_mixin.py:190} INFO - [2024-11-09T20:23:39.107+0000] {dag.py:4180} INFO - Setting next_dagrun for example_display_name to None, run_after=None
[2024-11-09T20:23:39.226+0000] {processor.py:208} INFO - Processing /home/chirag/airflow/lib/python3.12/site-packages/airflow/example_dags/example_display_name.py took 0.236 seconds
[2024-11-09T20:24:52.387+0000] {processor.py:186} INFO - Started process (PID=13061) to work on /home/chirag/airflow/lib/python3.12/site-packages/airflow/example_dags/example_display_name.py
[2024-11-09T20:24:52.390+0000] {processor.py:914} INFO - Processing file /home/chirag/airflow/lib/python3.12/site-packages/airflow/example_dags/example_display_name.py for tasks to queue
[2024-11-09T20:24:52.393+0000] {logging_mixin.py:190} INFO - [2024-11-09T20:24:52.392+0000] {dagbag.py:588} INFO - Filling up the DagBag from /home/chirag/airflow/lib/python3.12/site-packages/airflow/example_dags/example_display_name.py
[2024-11-09T20:24:52.407+0000] {processor.py:925} INFO - DAG(s) 'example_display_name' retrieved from /home/chirag/airflow/lib/python3.12/site-packages/airflow/example_dags/example_display_name.py
[2024-11-09T20:24:52.430+0000] {logging_mixin.py:190} INFO - [2024-11-09T20:24:52.430+0000] {dag.py:3239} INFO - Sync 1 DAGs
[2024-11-09T20:24:52.447+0000] {logging_mixin.py:190} INFO - [2024-11-09T20:24:52.447+0000] {dag.py:4180} INFO - Setting next_dagrun for example_display_name to None, run_after=None
[2024-11-09T20:24:52.483+0000] {processor.py:208} INFO - Processing /home/chirag/airflow/lib/python3.12/site-packages/airflow/example_dags/example_display_name.py took 0.103 seconds
[2024-11-09T20:26:28.112+0000] {processor.py:186} INFO - Started process (PID=13611) to work on /home/chirag/airflow/lib/python3.12/site-packages/airflow/example_dags/example_display_name.py
[2024-11-09T20:26:28.118+0000] {processor.py:914} INFO - Processing file /home/chirag/airflow/lib/python3.12/site-packages/airflow/example_dags/example_display_name.py for tasks to queue
[2024-11-09T20:26:28.123+0000] {logging_mixin.py:190} INFO - [2024-11-09T20:26:28.122+0000] {dagbag.py:588} INFO - Filling up the DagBag from /home/chirag/airflow/lib/python3.12/site-packages/airflow/example_dags/example_display_name.py
[2024-11-09T20:26:28.137+0000] {processor.py:925} INFO - DAG(s) 'example_display_name' retrieved from /home/chirag/airflow/lib/python3.12/site-packages/airflow/example_dags/example_display_name.py
[2024-11-09T20:26:28.162+0000] {logging_mixin.py:190} INFO - [2024-11-09T20:26:28.162+0000] {dag.py:3239} INFO - Sync 1 DAGs
[2024-11-09T20:26:28.183+0000] {logging_mixin.py:190} INFO - [2024-11-09T20:26:28.182+0000] {dag.py:4180} INFO - Setting next_dagrun for example_display_name to None, run_after=None
[2024-11-09T20:26:28.225+0000] {processor.py:208} INFO - Processing /home/chirag/airflow/lib/python3.12/site-packages/airflow/example_dags/example_display_name.py took 0.127 seconds
[2024-11-09T20:27:29.187+0000] {processor.py:186} INFO - Started process (PID=13852) to work on /home/chirag/airflow/lib/python3.12/site-packages/airflow/example_dags/example_display_name.py
[2024-11-09T20:27:29.204+0000] {processor.py:914} INFO - Processing file /home/chirag/airflow/lib/python3.12/site-packages/airflow/example_dags/example_display_name.py for tasks to queue
[2024-11-09T20:27:29.210+0000] {logging_mixin.py:190} INFO - [2024-11-09T20:27:29.208+0000] {dagbag.py:588} INFO - Filling up the DagBag from /home/chirag/airflow/lib/python3.12/site-packages/airflow/example_dags/example_display_name.py
[2024-11-09T20:27:29.245+0000] {processor.py:925} INFO - DAG(s) 'example_display_name' retrieved from /home/chirag/airflow/lib/python3.12/site-packages/airflow/example_dags/example_display_name.py
[2024-11-09T20:27:29.368+0000] {logging_mixin.py:190} INFO - [2024-11-09T20:27:29.367+0000] {dag.py:3239} INFO - Sync 1 DAGs
[2024-11-09T20:27:29.460+0000] {logging_mixin.py:190} INFO - [2024-11-09T20:27:29.459+0000] {dag.py:4180} INFO - Setting next_dagrun for example_display_name to None, run_after=None
[2024-11-09T20:27:29.570+0000] {processor.py:208} INFO - Processing /home/chirag/airflow/lib/python3.12/site-packages/airflow/example_dags/example_display_name.py took 0.411 seconds
