[2024-11-09T19:16:53.997+0000] {processor.py:186} INFO - Started process (PID=94646) to work on /home/chirag/airflow/lib/python3.12/site-packages/airflow/example_dags/example_short_circuit_decorator.py
[2024-11-09T19:16:53.998+0000] {processor.py:914} INFO - Processing file /home/chirag/airflow/lib/python3.12/site-packages/airflow/example_dags/example_short_circuit_decorator.py for tasks to queue
[2024-11-09T19:16:54.001+0000] {logging_mixin.py:190} INFO - [2024-11-09T19:16:54.001+0000] {dagbag.py:588} INFO - Filling up the DagBag from /home/chirag/airflow/lib/python3.12/site-packages/airflow/example_dags/example_short_circuit_decorator.py
[2024-11-09T19:16:54.019+0000] {processor.py:925} INFO - DAG(s) 'example_short_circuit_decorator' retrieved from /home/chirag/airflow/lib/python3.12/site-packages/airflow/example_dags/example_short_circuit_decorator.py
[2024-11-09T19:16:54.216+0000] {logging_mixin.py:190} INFO - [2024-11-09T19:16:54.215+0000] {override.py:1911} INFO - Created Permission View: can delete on DAG:example_short_circuit_decorator
[2024-11-09T19:16:54.241+0000] {logging_mixin.py:190} INFO - [2024-11-09T19:16:54.240+0000] {override.py:1911} INFO - Created Permission View: can read on DAG:example_short_circuit_decorator
[2024-11-09T19:16:54.259+0000] {logging_mixin.py:190} INFO - [2024-11-09T19:16:54.258+0000] {override.py:1911} INFO - Created Permission View: can edit on DAG:example_short_circuit_decorator
[2024-11-09T19:16:54.285+0000] {logging_mixin.py:190} INFO - [2024-11-09T19:16:54.284+0000] {override.py:1911} INFO - Created Permission View: menu access on DAG Run:example_short_circuit_decorator
[2024-11-09T19:16:54.301+0000] {logging_mixin.py:190} INFO - [2024-11-09T19:16:54.300+0000] {override.py:1911} INFO - Created Permission View: can delete on DAG Run:example_short_circuit_decorator
[2024-11-09T19:16:54.319+0000] {logging_mixin.py:190} INFO - [2024-11-09T19:16:54.319+0000] {override.py:1911} INFO - Created Permission View: can read on DAG Run:example_short_circuit_decorator
[2024-11-09T19:16:54.343+0000] {logging_mixin.py:190} INFO - [2024-11-09T19:16:54.342+0000] {override.py:1911} INFO - Created Permission View: can create on DAG Run:example_short_circuit_decorator
[2024-11-09T19:16:54.343+0000] {logging_mixin.py:190} INFO - [2024-11-09T19:16:54.343+0000] {dag.py:3239} INFO - Sync 1 DAGs
[2024-11-09T19:16:54.361+0000] {logging_mixin.py:190} INFO - [2024-11-09T19:16:54.361+0000] {dag.py:3262} INFO - Creating ORM DAG for example_short_circuit_decorator
[2024-11-09T19:16:54.362+0000] {logging_mixin.py:190} INFO - [2024-11-09T19:16:54.362+0000] {dag.py:4180} INFO - Setting next_dagrun for example_short_circuit_decorator to None, run_after=None
[2024-11-09T19:16:54.404+0000] {processor.py:208} INFO - Processing /home/chirag/airflow/lib/python3.12/site-packages/airflow/example_dags/example_short_circuit_decorator.py took 0.416 seconds
[2024-11-09T19:18:39.884+0000] {processor.py:186} INFO - Started process (PID=94849) to work on /home/chirag/airflow/lib/python3.12/site-packages/airflow/example_dags/example_short_circuit_decorator.py
[2024-11-09T19:18:39.889+0000] {processor.py:914} INFO - Processing file /home/chirag/airflow/lib/python3.12/site-packages/airflow/example_dags/example_short_circuit_decorator.py for tasks to queue
[2024-11-09T19:18:39.893+0000] {logging_mixin.py:190} INFO - [2024-11-09T19:18:39.892+0000] {dagbag.py:588} INFO - Filling up the DagBag from /home/chirag/airflow/lib/python3.12/site-packages/airflow/example_dags/example_short_circuit_decorator.py
[2024-11-09T19:18:39.911+0000] {processor.py:925} INFO - DAG(s) 'example_short_circuit_decorator' retrieved from /home/chirag/airflow/lib/python3.12/site-packages/airflow/example_dags/example_short_circuit_decorator.py
[2024-11-09T19:18:39.942+0000] {logging_mixin.py:190} INFO - [2024-11-09T19:18:39.941+0000] {dag.py:3239} INFO - Sync 1 DAGs
[2024-11-09T19:18:39.961+0000] {logging_mixin.py:190} INFO - [2024-11-09T19:18:39.960+0000] {dag.py:4180} INFO - Setting next_dagrun for example_short_circuit_decorator to None, run_after=None
[2024-11-09T19:18:39.998+0000] {processor.py:208} INFO - Processing /home/chirag/airflow/lib/python3.12/site-packages/airflow/example_dags/example_short_circuit_decorator.py took 0.136 seconds
[2024-11-09T19:27:57.686+0000] {processor.py:186} INFO - Started process (PID=475) to work on /home/chirag/airflow/lib/python3.12/site-packages/airflow/example_dags/example_short_circuit_decorator.py
[2024-11-09T19:27:57.689+0000] {processor.py:914} INFO - Processing file /home/chirag/airflow/lib/python3.12/site-packages/airflow/example_dags/example_short_circuit_decorator.py for tasks to queue
[2024-11-09T19:27:57.692+0000] {logging_mixin.py:190} INFO - [2024-11-09T19:27:57.692+0000] {dagbag.py:588} INFO - Filling up the DagBag from /home/chirag/airflow/lib/python3.12/site-packages/airflow/example_dags/example_short_circuit_decorator.py
[2024-11-09T19:27:57.712+0000] {processor.py:925} INFO - DAG(s) 'example_short_circuit_decorator' retrieved from /home/chirag/airflow/lib/python3.12/site-packages/airflow/example_dags/example_short_circuit_decorator.py
[2024-11-09T19:27:57.751+0000] {logging_mixin.py:190} INFO - [2024-11-09T19:27:57.751+0000] {dag.py:3239} INFO - Sync 1 DAGs
[2024-11-09T19:27:57.771+0000] {logging_mixin.py:190} INFO - [2024-11-09T19:27:57.770+0000] {dag.py:4180} INFO - Setting next_dagrun for example_short_circuit_decorator to None, run_after=None
[2024-11-09T19:27:57.805+0000] {processor.py:208} INFO - Processing /home/chirag/airflow/lib/python3.12/site-packages/airflow/example_dags/example_short_circuit_decorator.py took 0.127 seconds
[2024-11-09T19:29:06.271+0000] {processor.py:186} INFO - Started process (PID=560) to work on /home/chirag/airflow/lib/python3.12/site-packages/airflow/example_dags/example_short_circuit_decorator.py
[2024-11-09T19:29:06.277+0000] {processor.py:914} INFO - Processing file /home/chirag/airflow/lib/python3.12/site-packages/airflow/example_dags/example_short_circuit_decorator.py for tasks to queue
[2024-11-09T19:29:06.280+0000] {logging_mixin.py:190} INFO - [2024-11-09T19:29:06.279+0000] {dagbag.py:588} INFO - Filling up the DagBag from /home/chirag/airflow/lib/python3.12/site-packages/airflow/example_dags/example_short_circuit_decorator.py
[2024-11-09T19:29:06.294+0000] {processor.py:925} INFO - DAG(s) 'example_short_circuit_decorator' retrieved from /home/chirag/airflow/lib/python3.12/site-packages/airflow/example_dags/example_short_circuit_decorator.py
[2024-11-09T19:29:06.321+0000] {logging_mixin.py:190} INFO - [2024-11-09T19:29:06.321+0000] {dag.py:3239} INFO - Sync 1 DAGs
[2024-11-09T19:29:06.339+0000] {logging_mixin.py:190} INFO - [2024-11-09T19:29:06.339+0000] {dag.py:4180} INFO - Setting next_dagrun for example_short_circuit_decorator to None, run_after=None
[2024-11-09T19:29:06.374+0000] {processor.py:208} INFO - Processing /home/chirag/airflow/lib/python3.12/site-packages/airflow/example_dags/example_short_circuit_decorator.py took 0.111 seconds
[2024-11-09T19:30:21.656+0000] {processor.py:186} INFO - Started process (PID=633) to work on /home/chirag/airflow/lib/python3.12/site-packages/airflow/example_dags/example_short_circuit_decorator.py
[2024-11-09T19:30:21.659+0000] {processor.py:914} INFO - Processing file /home/chirag/airflow/lib/python3.12/site-packages/airflow/example_dags/example_short_circuit_decorator.py for tasks to queue
[2024-11-09T19:30:21.662+0000] {logging_mixin.py:190} INFO - [2024-11-09T19:30:21.661+0000] {dagbag.py:588} INFO - Filling up the DagBag from /home/chirag/airflow/lib/python3.12/site-packages/airflow/example_dags/example_short_circuit_decorator.py
[2024-11-09T19:30:21.680+0000] {processor.py:925} INFO - DAG(s) 'example_short_circuit_decorator' retrieved from /home/chirag/airflow/lib/python3.12/site-packages/airflow/example_dags/example_short_circuit_decorator.py
[2024-11-09T19:30:21.711+0000] {logging_mixin.py:190} INFO - [2024-11-09T19:30:21.711+0000] {dag.py:3239} INFO - Sync 1 DAGs
[2024-11-09T19:30:21.729+0000] {logging_mixin.py:190} INFO - [2024-11-09T19:30:21.729+0000] {dag.py:4180} INFO - Setting next_dagrun for example_short_circuit_decorator to None, run_after=None
[2024-11-09T19:30:21.772+0000] {processor.py:208} INFO - Processing /home/chirag/airflow/lib/python3.12/site-packages/airflow/example_dags/example_short_circuit_decorator.py took 0.126 seconds
[2024-11-09T19:31:41.263+0000] {processor.py:186} INFO - Started process (PID=700) to work on /home/chirag/airflow/lib/python3.12/site-packages/airflow/example_dags/example_short_circuit_decorator.py
[2024-11-09T19:31:41.316+0000] {processor.py:914} INFO - Processing file /home/chirag/airflow/lib/python3.12/site-packages/airflow/example_dags/example_short_circuit_decorator.py for tasks to queue
[2024-11-09T19:31:41.320+0000] {logging_mixin.py:190} INFO - [2024-11-09T19:31:41.320+0000] {dagbag.py:588} INFO - Filling up the DagBag from /home/chirag/airflow/lib/python3.12/site-packages/airflow/example_dags/example_short_circuit_decorator.py
[2024-11-09T19:31:41.387+0000] {processor.py:925} INFO - DAG(s) 'example_short_circuit_decorator' retrieved from /home/chirag/airflow/lib/python3.12/site-packages/airflow/example_dags/example_short_circuit_decorator.py
[2024-11-09T19:31:41.546+0000] {logging_mixin.py:190} INFO - [2024-11-09T19:31:41.545+0000] {dag.py:3239} INFO - Sync 1 DAGs
[2024-11-09T19:31:41.670+0000] {logging_mixin.py:190} INFO - [2024-11-09T19:31:41.670+0000] {dag.py:4180} INFO - Setting next_dagrun for example_short_circuit_decorator to None, run_after=None
[2024-11-09T19:31:41.849+0000] {processor.py:208} INFO - Processing /home/chirag/airflow/lib/python3.12/site-packages/airflow/example_dags/example_short_circuit_decorator.py took 0.633 seconds
[2024-11-09T19:33:19.532+0000] {processor.py:186} INFO - Started process (PID=1816) to work on /home/chirag/airflow/lib/python3.12/site-packages/airflow/example_dags/example_short_circuit_decorator.py
[2024-11-09T19:33:19.535+0000] {processor.py:914} INFO - Processing file /home/chirag/airflow/lib/python3.12/site-packages/airflow/example_dags/example_short_circuit_decorator.py for tasks to queue
[2024-11-09T19:33:19.539+0000] {logging_mixin.py:190} INFO - [2024-11-09T19:33:19.538+0000] {dagbag.py:588} INFO - Filling up the DagBag from /home/chirag/airflow/lib/python3.12/site-packages/airflow/example_dags/example_short_circuit_decorator.py
[2024-11-09T19:33:19.558+0000] {processor.py:925} INFO - DAG(s) 'example_short_circuit_decorator' retrieved from /home/chirag/airflow/lib/python3.12/site-packages/airflow/example_dags/example_short_circuit_decorator.py
[2024-11-09T19:33:19.588+0000] {logging_mixin.py:190} INFO - [2024-11-09T19:33:19.588+0000] {dag.py:3239} INFO - Sync 1 DAGs
[2024-11-09T19:33:19.607+0000] {logging_mixin.py:190} INFO - [2024-11-09T19:33:19.606+0000] {dag.py:4180} INFO - Setting next_dagrun for example_short_circuit_decorator to None, run_after=None
[2024-11-09T19:33:19.646+0000] {processor.py:208} INFO - Processing /home/chirag/airflow/lib/python3.12/site-packages/airflow/example_dags/example_short_circuit_decorator.py took 0.123 seconds
[2024-11-09T19:34:38.568+0000] {processor.py:186} INFO - Started process (PID=2356) to work on /home/chirag/airflow/lib/python3.12/site-packages/airflow/example_dags/example_short_circuit_decorator.py
[2024-11-09T19:34:38.571+0000] {processor.py:914} INFO - Processing file /home/chirag/airflow/lib/python3.12/site-packages/airflow/example_dags/example_short_circuit_decorator.py for tasks to queue
[2024-11-09T19:34:38.574+0000] {logging_mixin.py:190} INFO - [2024-11-09T19:34:38.573+0000] {dagbag.py:588} INFO - Filling up the DagBag from /home/chirag/airflow/lib/python3.12/site-packages/airflow/example_dags/example_short_circuit_decorator.py
[2024-11-09T19:34:38.589+0000] {processor.py:925} INFO - DAG(s) 'example_short_circuit_decorator' retrieved from /home/chirag/airflow/lib/python3.12/site-packages/airflow/example_dags/example_short_circuit_decorator.py
[2024-11-09T19:34:38.786+0000] {logging_mixin.py:190} INFO - [2024-11-09T19:34:38.786+0000] {dag.py:3239} INFO - Sync 1 DAGs
[2024-11-09T19:34:38.801+0000] {logging_mixin.py:190} INFO - [2024-11-09T19:34:38.801+0000] {dag.py:4180} INFO - Setting next_dagrun for example_short_circuit_decorator to None, run_after=None
[2024-11-09T19:34:38.875+0000] {processor.py:208} INFO - Processing /home/chirag/airflow/lib/python3.12/site-packages/airflow/example_dags/example_short_circuit_decorator.py took 0.315 seconds
[2024-11-09T19:36:09.621+0000] {processor.py:186} INFO - Started process (PID=2762) to work on /home/chirag/airflow/lib/python3.12/site-packages/airflow/example_dags/example_short_circuit_decorator.py
[2024-11-09T19:36:09.625+0000] {processor.py:914} INFO - Processing file /home/chirag/airflow/lib/python3.12/site-packages/airflow/example_dags/example_short_circuit_decorator.py for tasks to queue
[2024-11-09T19:36:09.628+0000] {logging_mixin.py:190} INFO - [2024-11-09T19:36:09.628+0000] {dagbag.py:588} INFO - Filling up the DagBag from /home/chirag/airflow/lib/python3.12/site-packages/airflow/example_dags/example_short_circuit_decorator.py
[2024-11-09T19:36:09.643+0000] {processor.py:925} INFO - DAG(s) 'example_short_circuit_decorator' retrieved from /home/chirag/airflow/lib/python3.12/site-packages/airflow/example_dags/example_short_circuit_decorator.py
[2024-11-09T19:36:09.668+0000] {logging_mixin.py:190} INFO - [2024-11-09T19:36:09.668+0000] {dag.py:3239} INFO - Sync 1 DAGs
[2024-11-09T19:36:09.687+0000] {logging_mixin.py:190} INFO - [2024-11-09T19:36:09.686+0000] {dag.py:4180} INFO - Setting next_dagrun for example_short_circuit_decorator to None, run_after=None
[2024-11-09T19:36:09.733+0000] {processor.py:208} INFO - Processing /home/chirag/airflow/lib/python3.12/site-packages/airflow/example_dags/example_short_circuit_decorator.py took 0.119 seconds
[2024-11-09T19:37:21.226+0000] {processor.py:186} INFO - Started process (PID=2964) to work on /home/chirag/airflow/lib/python3.12/site-packages/airflow/example_dags/example_short_circuit_decorator.py
[2024-11-09T19:37:21.229+0000] {processor.py:914} INFO - Processing file /home/chirag/airflow/lib/python3.12/site-packages/airflow/example_dags/example_short_circuit_decorator.py for tasks to queue
[2024-11-09T19:37:21.233+0000] {logging_mixin.py:190} INFO - [2024-11-09T19:37:21.232+0000] {dagbag.py:588} INFO - Filling up the DagBag from /home/chirag/airflow/lib/python3.12/site-packages/airflow/example_dags/example_short_circuit_decorator.py
[2024-11-09T19:37:21.248+0000] {processor.py:925} INFO - DAG(s) 'example_short_circuit_decorator' retrieved from /home/chirag/airflow/lib/python3.12/site-packages/airflow/example_dags/example_short_circuit_decorator.py
[2024-11-09T19:37:21.275+0000] {logging_mixin.py:190} INFO - [2024-11-09T19:37:21.274+0000] {dag.py:3239} INFO - Sync 1 DAGs
[2024-11-09T19:37:21.294+0000] {logging_mixin.py:190} INFO - [2024-11-09T19:37:21.293+0000] {dag.py:4180} INFO - Setting next_dagrun for example_short_circuit_decorator to None, run_after=None
[2024-11-09T19:37:21.333+0000] {processor.py:208} INFO - Processing /home/chirag/airflow/lib/python3.12/site-packages/airflow/example_dags/example_short_circuit_decorator.py took 0.115 seconds
[2024-11-09T19:38:33.514+0000] {processor.py:186} INFO - Started process (PID=3319) to work on /home/chirag/airflow/lib/python3.12/site-packages/airflow/example_dags/example_short_circuit_decorator.py
[2024-11-09T19:38:33.517+0000] {processor.py:914} INFO - Processing file /home/chirag/airflow/lib/python3.12/site-packages/airflow/example_dags/example_short_circuit_decorator.py for tasks to queue
[2024-11-09T19:38:33.524+0000] {logging_mixin.py:190} INFO - [2024-11-09T19:38:33.522+0000] {dagbag.py:588} INFO - Filling up the DagBag from /home/chirag/airflow/lib/python3.12/site-packages/airflow/example_dags/example_short_circuit_decorator.py
[2024-11-09T19:38:33.565+0000] {processor.py:925} INFO - DAG(s) 'example_short_circuit_decorator' retrieved from /home/chirag/airflow/lib/python3.12/site-packages/airflow/example_dags/example_short_circuit_decorator.py
[2024-11-09T19:38:33.711+0000] {logging_mixin.py:190} INFO - [2024-11-09T19:38:33.710+0000] {dag.py:3239} INFO - Sync 1 DAGs
[2024-11-09T19:38:33.768+0000] {logging_mixin.py:190} INFO - [2024-11-09T19:38:33.768+0000] {dag.py:4180} INFO - Setting next_dagrun for example_short_circuit_decorator to None, run_after=None
[2024-11-09T19:38:33.814+0000] {processor.py:208} INFO - Processing /home/chirag/airflow/lib/python3.12/site-packages/airflow/example_dags/example_short_circuit_decorator.py took 0.326 seconds
[2024-11-09T19:39:58.954+0000] {processor.py:186} INFO - Started process (PID=3579) to work on /home/chirag/airflow/lib/python3.12/site-packages/airflow/example_dags/example_short_circuit_decorator.py
[2024-11-09T19:39:58.967+0000] {processor.py:914} INFO - Processing file /home/chirag/airflow/lib/python3.12/site-packages/airflow/example_dags/example_short_circuit_decorator.py for tasks to queue
[2024-11-09T19:39:58.971+0000] {logging_mixin.py:190} INFO - [2024-11-09T19:39:58.970+0000] {dagbag.py:588} INFO - Filling up the DagBag from /home/chirag/airflow/lib/python3.12/site-packages/airflow/example_dags/example_short_circuit_decorator.py
[2024-11-09T19:39:58.986+0000] {processor.py:925} INFO - DAG(s) 'example_short_circuit_decorator' retrieved from /home/chirag/airflow/lib/python3.12/site-packages/airflow/example_dags/example_short_circuit_decorator.py
[2024-11-09T19:39:59.015+0000] {logging_mixin.py:190} INFO - [2024-11-09T19:39:59.015+0000] {dag.py:3239} INFO - Sync 1 DAGs
[2024-11-09T19:39:59.038+0000] {logging_mixin.py:190} INFO - [2024-11-09T19:39:59.038+0000] {dag.py:4180} INFO - Setting next_dagrun for example_short_circuit_decorator to None, run_after=None
[2024-11-09T19:39:59.104+0000] {processor.py:208} INFO - Processing /home/chirag/airflow/lib/python3.12/site-packages/airflow/example_dags/example_short_circuit_decorator.py took 0.159 seconds
[2024-11-09T19:41:13.021+0000] {processor.py:186} INFO - Started process (PID=3788) to work on /home/chirag/airflow/lib/python3.12/site-packages/airflow/example_dags/example_short_circuit_decorator.py
[2024-11-09T19:41:13.024+0000] {processor.py:914} INFO - Processing file /home/chirag/airflow/lib/python3.12/site-packages/airflow/example_dags/example_short_circuit_decorator.py for tasks to queue
[2024-11-09T19:41:13.027+0000] {logging_mixin.py:190} INFO - [2024-11-09T19:41:13.027+0000] {dagbag.py:588} INFO - Filling up the DagBag from /home/chirag/airflow/lib/python3.12/site-packages/airflow/example_dags/example_short_circuit_decorator.py
[2024-11-09T19:41:13.043+0000] {processor.py:925} INFO - DAG(s) 'example_short_circuit_decorator' retrieved from /home/chirag/airflow/lib/python3.12/site-packages/airflow/example_dags/example_short_circuit_decorator.py
[2024-11-09T19:41:13.077+0000] {logging_mixin.py:190} INFO - [2024-11-09T19:41:13.077+0000] {dag.py:3239} INFO - Sync 1 DAGs
[2024-11-09T19:41:13.117+0000] {logging_mixin.py:190} INFO - [2024-11-09T19:41:13.117+0000] {dag.py:4180} INFO - Setting next_dagrun for example_short_circuit_decorator to None, run_after=None
[2024-11-09T19:41:13.169+0000] {processor.py:208} INFO - Processing /home/chirag/airflow/lib/python3.12/site-packages/airflow/example_dags/example_short_circuit_decorator.py took 0.157 seconds
[2024-11-09T19:42:27.740+0000] {processor.py:186} INFO - Started process (PID=4003) to work on /home/chirag/airflow/lib/python3.12/site-packages/airflow/example_dags/example_short_circuit_decorator.py
[2024-11-09T19:42:27.743+0000] {processor.py:914} INFO - Processing file /home/chirag/airflow/lib/python3.12/site-packages/airflow/example_dags/example_short_circuit_decorator.py for tasks to queue
[2024-11-09T19:42:27.746+0000] {logging_mixin.py:190} INFO - [2024-11-09T19:42:27.746+0000] {dagbag.py:588} INFO - Filling up the DagBag from /home/chirag/airflow/lib/python3.12/site-packages/airflow/example_dags/example_short_circuit_decorator.py
[2024-11-09T19:42:27.765+0000] {processor.py:925} INFO - DAG(s) 'example_short_circuit_decorator' retrieved from /home/chirag/airflow/lib/python3.12/site-packages/airflow/example_dags/example_short_circuit_decorator.py
[2024-11-09T19:42:27.791+0000] {logging_mixin.py:190} INFO - [2024-11-09T19:42:27.791+0000] {dag.py:3239} INFO - Sync 1 DAGs
[2024-11-09T19:42:27.810+0000] {logging_mixin.py:190} INFO - [2024-11-09T19:42:27.809+0000] {dag.py:4180} INFO - Setting next_dagrun for example_short_circuit_decorator to None, run_after=None
[2024-11-09T19:42:27.847+0000] {processor.py:208} INFO - Processing /home/chirag/airflow/lib/python3.12/site-packages/airflow/example_dags/example_short_circuit_decorator.py took 0.116 seconds
[2024-11-09T19:43:48.129+0000] {processor.py:186} INFO - Started process (PID=4230) to work on /home/chirag/airflow/lib/python3.12/site-packages/airflow/example_dags/example_short_circuit_decorator.py
[2024-11-09T19:43:48.133+0000] {processor.py:914} INFO - Processing file /home/chirag/airflow/lib/python3.12/site-packages/airflow/example_dags/example_short_circuit_decorator.py for tasks to queue
[2024-11-09T19:43:48.137+0000] {logging_mixin.py:190} INFO - [2024-11-09T19:43:48.136+0000] {dagbag.py:588} INFO - Filling up the DagBag from /home/chirag/airflow/lib/python3.12/site-packages/airflow/example_dags/example_short_circuit_decorator.py
[2024-11-09T19:43:48.166+0000] {processor.py:925} INFO - DAG(s) 'example_short_circuit_decorator' retrieved from /home/chirag/airflow/lib/python3.12/site-packages/airflow/example_dags/example_short_circuit_decorator.py
[2024-11-09T19:43:48.216+0000] {logging_mixin.py:190} INFO - [2024-11-09T19:43:48.216+0000] {dag.py:3239} INFO - Sync 1 DAGs
[2024-11-09T19:43:48.263+0000] {logging_mixin.py:190} INFO - [2024-11-09T19:43:48.262+0000] {dag.py:4180} INFO - Setting next_dagrun for example_short_circuit_decorator to None, run_after=None
[2024-11-09T19:43:48.303+0000] {processor.py:208} INFO - Processing /home/chirag/airflow/lib/python3.12/site-packages/airflow/example_dags/example_short_circuit_decorator.py took 0.186 seconds
[2024-11-09T19:44:58.326+0000] {processor.py:186} INFO - Started process (PID=4438) to work on /home/chirag/airflow/lib/python3.12/site-packages/airflow/example_dags/example_short_circuit_decorator.py
[2024-11-09T19:44:58.329+0000] {processor.py:914} INFO - Processing file /home/chirag/airflow/lib/python3.12/site-packages/airflow/example_dags/example_short_circuit_decorator.py for tasks to queue
[2024-11-09T19:44:58.333+0000] {logging_mixin.py:190} INFO - [2024-11-09T19:44:58.331+0000] {dagbag.py:588} INFO - Filling up the DagBag from /home/chirag/airflow/lib/python3.12/site-packages/airflow/example_dags/example_short_circuit_decorator.py
[2024-11-09T19:44:58.348+0000] {processor.py:925} INFO - DAG(s) 'example_short_circuit_decorator' retrieved from /home/chirag/airflow/lib/python3.12/site-packages/airflow/example_dags/example_short_circuit_decorator.py
[2024-11-09T19:44:58.374+0000] {logging_mixin.py:190} INFO - [2024-11-09T19:44:58.374+0000] {dag.py:3239} INFO - Sync 1 DAGs
[2024-11-09T19:44:58.392+0000] {logging_mixin.py:190} INFO - [2024-11-09T19:44:58.392+0000] {dag.py:4180} INFO - Setting next_dagrun for example_short_circuit_decorator to None, run_after=None
[2024-11-09T19:44:58.427+0000] {processor.py:208} INFO - Processing /home/chirag/airflow/lib/python3.12/site-packages/airflow/example_dags/example_short_circuit_decorator.py took 0.109 seconds
[2024-11-09T19:46:46.035+0000] {processor.py:186} INFO - Started process (PID=4763) to work on /home/chirag/airflow/lib/python3.12/site-packages/airflow/example_dags/example_short_circuit_decorator.py
[2024-11-09T19:46:46.038+0000] {processor.py:914} INFO - Processing file /home/chirag/airflow/lib/python3.12/site-packages/airflow/example_dags/example_short_circuit_decorator.py for tasks to queue
[2024-11-09T19:46:46.041+0000] {logging_mixin.py:190} INFO - [2024-11-09T19:46:46.040+0000] {dagbag.py:588} INFO - Filling up the DagBag from /home/chirag/airflow/lib/python3.12/site-packages/airflow/example_dags/example_short_circuit_decorator.py
[2024-11-09T19:46:46.056+0000] {processor.py:925} INFO - DAG(s) 'example_short_circuit_decorator' retrieved from /home/chirag/airflow/lib/python3.12/site-packages/airflow/example_dags/example_short_circuit_decorator.py
[2024-11-09T19:46:46.083+0000] {logging_mixin.py:190} INFO - [2024-11-09T19:46:46.083+0000] {dag.py:3239} INFO - Sync 1 DAGs
[2024-11-09T19:46:46.102+0000] {logging_mixin.py:190} INFO - [2024-11-09T19:46:46.101+0000] {dag.py:4180} INFO - Setting next_dagrun for example_short_circuit_decorator to None, run_after=None
[2024-11-09T19:46:46.137+0000] {processor.py:208} INFO - Processing /home/chirag/airflow/lib/python3.12/site-packages/airflow/example_dags/example_short_circuit_decorator.py took 0.110 seconds
[2024-11-09T19:47:59.982+0000] {processor.py:186} INFO - Started process (PID=4992) to work on /home/chirag/airflow/lib/python3.12/site-packages/airflow/example_dags/example_short_circuit_decorator.py
[2024-11-09T19:47:59.985+0000] {processor.py:914} INFO - Processing file /home/chirag/airflow/lib/python3.12/site-packages/airflow/example_dags/example_short_circuit_decorator.py for tasks to queue
[2024-11-09T19:47:59.988+0000] {logging_mixin.py:190} INFO - [2024-11-09T19:47:59.988+0000] {dagbag.py:588} INFO - Filling up the DagBag from /home/chirag/airflow/lib/python3.12/site-packages/airflow/example_dags/example_short_circuit_decorator.py
[2024-11-09T19:48:00.004+0000] {processor.py:925} INFO - DAG(s) 'example_short_circuit_decorator' retrieved from /home/chirag/airflow/lib/python3.12/site-packages/airflow/example_dags/example_short_circuit_decorator.py
[2024-11-09T19:48:00.037+0000] {logging_mixin.py:190} INFO - [2024-11-09T19:48:00.037+0000] {dag.py:3239} INFO - Sync 1 DAGs
[2024-11-09T19:48:00.058+0000] {logging_mixin.py:190} INFO - [2024-11-09T19:48:00.057+0000] {dag.py:4180} INFO - Setting next_dagrun for example_short_circuit_decorator to None, run_after=None
[2024-11-09T19:48:00.099+0000] {processor.py:208} INFO - Processing /home/chirag/airflow/lib/python3.12/site-packages/airflow/example_dags/example_short_circuit_decorator.py took 0.125 seconds
[2024-11-09T19:49:14.291+0000] {processor.py:186} INFO - Started process (PID=5217) to work on /home/chirag/airflow/lib/python3.12/site-packages/airflow/example_dags/example_short_circuit_decorator.py
[2024-11-09T19:49:14.294+0000] {processor.py:914} INFO - Processing file /home/chirag/airflow/lib/python3.12/site-packages/airflow/example_dags/example_short_circuit_decorator.py for tasks to queue
[2024-11-09T19:49:14.297+0000] {logging_mixin.py:190} INFO - [2024-11-09T19:49:14.297+0000] {dagbag.py:588} INFO - Filling up the DagBag from /home/chirag/airflow/lib/python3.12/site-packages/airflow/example_dags/example_short_circuit_decorator.py
[2024-11-09T19:49:14.313+0000] {processor.py:925} INFO - DAG(s) 'example_short_circuit_decorator' retrieved from /home/chirag/airflow/lib/python3.12/site-packages/airflow/example_dags/example_short_circuit_decorator.py
[2024-11-09T19:49:14.340+0000] {logging_mixin.py:190} INFO - [2024-11-09T19:49:14.339+0000] {dag.py:3239} INFO - Sync 1 DAGs
[2024-11-09T19:49:14.358+0000] {logging_mixin.py:190} INFO - [2024-11-09T19:49:14.357+0000] {dag.py:4180} INFO - Setting next_dagrun for example_short_circuit_decorator to None, run_after=None
[2024-11-09T19:49:14.394+0000] {processor.py:208} INFO - Processing /home/chirag/airflow/lib/python3.12/site-packages/airflow/example_dags/example_short_circuit_decorator.py took 0.112 seconds
[2024-11-09T19:50:25.026+0000] {processor.py:186} INFO - Started process (PID=5595) to work on /home/chirag/airflow/lib/python3.12/site-packages/airflow/example_dags/example_short_circuit_decorator.py
[2024-11-09T19:50:25.029+0000] {processor.py:914} INFO - Processing file /home/chirag/airflow/lib/python3.12/site-packages/airflow/example_dags/example_short_circuit_decorator.py for tasks to queue
[2024-11-09T19:50:25.035+0000] {logging_mixin.py:190} INFO - [2024-11-09T19:50:25.034+0000] {dagbag.py:588} INFO - Filling up the DagBag from /home/chirag/airflow/lib/python3.12/site-packages/airflow/example_dags/example_short_circuit_decorator.py
[2024-11-09T19:50:25.059+0000] {processor.py:925} INFO - DAG(s) 'example_short_circuit_decorator' retrieved from /home/chirag/airflow/lib/python3.12/site-packages/airflow/example_dags/example_short_circuit_decorator.py
[2024-11-09T19:50:25.110+0000] {logging_mixin.py:190} INFO - [2024-11-09T19:50:25.109+0000] {dag.py:3239} INFO - Sync 1 DAGs
[2024-11-09T19:50:25.141+0000] {logging_mixin.py:190} INFO - [2024-11-09T19:50:25.141+0000] {dag.py:4180} INFO - Setting next_dagrun for example_short_circuit_decorator to None, run_after=None
[2024-11-09T19:50:25.181+0000] {processor.py:208} INFO - Processing /home/chirag/airflow/lib/python3.12/site-packages/airflow/example_dags/example_short_circuit_decorator.py took 0.166 seconds
[2024-11-09T19:51:38.884+0000] {processor.py:186} INFO - Started process (PID=6210) to work on /home/chirag/airflow/lib/python3.12/site-packages/airflow/example_dags/example_short_circuit_decorator.py
[2024-11-09T19:51:38.887+0000] {processor.py:914} INFO - Processing file /home/chirag/airflow/lib/python3.12/site-packages/airflow/example_dags/example_short_circuit_decorator.py for tasks to queue
[2024-11-09T19:51:38.890+0000] {logging_mixin.py:190} INFO - [2024-11-09T19:51:38.890+0000] {dagbag.py:588} INFO - Filling up the DagBag from /home/chirag/airflow/lib/python3.12/site-packages/airflow/example_dags/example_short_circuit_decorator.py
[2024-11-09T19:51:38.906+0000] {processor.py:925} INFO - DAG(s) 'example_short_circuit_decorator' retrieved from /home/chirag/airflow/lib/python3.12/site-packages/airflow/example_dags/example_short_circuit_decorator.py
[2024-11-09T19:51:38.933+0000] {logging_mixin.py:190} INFO - [2024-11-09T19:51:38.932+0000] {dag.py:3239} INFO - Sync 1 DAGs
[2024-11-09T19:51:38.951+0000] {logging_mixin.py:190} INFO - [2024-11-09T19:51:38.950+0000] {dag.py:4180} INFO - Setting next_dagrun for example_short_circuit_decorator to None, run_after=None
[2024-11-09T19:51:38.990+0000] {processor.py:208} INFO - Processing /home/chirag/airflow/lib/python3.12/site-packages/airflow/example_dags/example_short_circuit_decorator.py took 0.115 seconds
[2024-11-09T19:53:26.894+0000] {processor.py:186} INFO - Started process (PID=6709) to work on /home/chirag/airflow/lib/python3.12/site-packages/airflow/example_dags/example_short_circuit_decorator.py
[2024-11-09T19:53:26.900+0000] {processor.py:914} INFO - Processing file /home/chirag/airflow/lib/python3.12/site-packages/airflow/example_dags/example_short_circuit_decorator.py for tasks to queue
[2024-11-09T19:53:26.903+0000] {logging_mixin.py:190} INFO - [2024-11-09T19:53:26.903+0000] {dagbag.py:588} INFO - Filling up the DagBag from /home/chirag/airflow/lib/python3.12/site-packages/airflow/example_dags/example_short_circuit_decorator.py
[2024-11-09T19:53:26.925+0000] {processor.py:925} INFO - DAG(s) 'example_short_circuit_decorator' retrieved from /home/chirag/airflow/lib/python3.12/site-packages/airflow/example_dags/example_short_circuit_decorator.py
[2024-11-09T19:53:26.968+0000] {logging_mixin.py:190} INFO - [2024-11-09T19:53:26.967+0000] {dag.py:3239} INFO - Sync 1 DAGs
[2024-11-09T19:53:27.007+0000] {logging_mixin.py:190} INFO - [2024-11-09T19:53:27.007+0000] {dag.py:4180} INFO - Setting next_dagrun for example_short_circuit_decorator to None, run_after=None
[2024-11-09T19:53:27.075+0000] {processor.py:208} INFO - Processing /home/chirag/airflow/lib/python3.12/site-packages/airflow/example_dags/example_short_circuit_decorator.py took 0.197 seconds
[2024-11-09T19:54:42.048+0000] {processor.py:186} INFO - Started process (PID=7316) to work on /home/chirag/airflow/lib/python3.12/site-packages/airflow/example_dags/example_short_circuit_decorator.py
[2024-11-09T19:54:42.194+0000] {processor.py:914} INFO - Processing file /home/chirag/airflow/lib/python3.12/site-packages/airflow/example_dags/example_short_circuit_decorator.py for tasks to queue
[2024-11-09T19:54:42.197+0000] {logging_mixin.py:190} INFO - [2024-11-09T19:54:42.197+0000] {dagbag.py:588} INFO - Filling up the DagBag from /home/chirag/airflow/lib/python3.12/site-packages/airflow/example_dags/example_short_circuit_decorator.py
[2024-11-09T19:54:42.215+0000] {processor.py:925} INFO - DAG(s) 'example_short_circuit_decorator' retrieved from /home/chirag/airflow/lib/python3.12/site-packages/airflow/example_dags/example_short_circuit_decorator.py
[2024-11-09T19:54:42.244+0000] {logging_mixin.py:190} INFO - [2024-11-09T19:54:42.244+0000] {dag.py:3239} INFO - Sync 1 DAGs
[2024-11-09T19:54:42.270+0000] {logging_mixin.py:190} INFO - [2024-11-09T19:54:42.270+0000] {dag.py:4180} INFO - Setting next_dagrun for example_short_circuit_decorator to None, run_after=None
[2024-11-09T19:54:42.489+0000] {processor.py:208} INFO - Processing /home/chirag/airflow/lib/python3.12/site-packages/airflow/example_dags/example_short_circuit_decorator.py took 0.450 seconds
[2024-11-09T19:56:02.719+0000] {processor.py:186} INFO - Started process (PID=7879) to work on /home/chirag/airflow/lib/python3.12/site-packages/airflow/example_dags/example_short_circuit_decorator.py
[2024-11-09T19:56:02.724+0000] {processor.py:914} INFO - Processing file /home/chirag/airflow/lib/python3.12/site-packages/airflow/example_dags/example_short_circuit_decorator.py for tasks to queue
[2024-11-09T19:56:02.727+0000] {logging_mixin.py:190} INFO - [2024-11-09T19:56:02.727+0000] {dagbag.py:588} INFO - Filling up the DagBag from /home/chirag/airflow/lib/python3.12/site-packages/airflow/example_dags/example_short_circuit_decorator.py
[2024-11-09T19:56:02.750+0000] {processor.py:925} INFO - DAG(s) 'example_short_circuit_decorator' retrieved from /home/chirag/airflow/lib/python3.12/site-packages/airflow/example_dags/example_short_circuit_decorator.py
[2024-11-09T19:56:02.784+0000] {logging_mixin.py:190} INFO - [2024-11-09T19:56:02.783+0000] {dag.py:3239} INFO - Sync 1 DAGs
[2024-11-09T19:56:02.816+0000] {logging_mixin.py:190} INFO - [2024-11-09T19:56:02.815+0000] {dag.py:4180} INFO - Setting next_dagrun for example_short_circuit_decorator to None, run_after=None
[2024-11-09T19:56:02.865+0000] {processor.py:208} INFO - Processing /home/chirag/airflow/lib/python3.12/site-packages/airflow/example_dags/example_short_circuit_decorator.py took 0.156 seconds
[2024-11-09T19:58:06.258+0000] {processor.py:186} INFO - Started process (PID=8322) to work on /home/chirag/airflow/lib/python3.12/site-packages/airflow/example_dags/example_short_circuit_decorator.py
[2024-11-09T19:58:06.262+0000] {processor.py:914} INFO - Processing file /home/chirag/airflow/lib/python3.12/site-packages/airflow/example_dags/example_short_circuit_decorator.py for tasks to queue
[2024-11-09T19:58:06.265+0000] {logging_mixin.py:190} INFO - [2024-11-09T19:58:06.264+0000] {dagbag.py:588} INFO - Filling up the DagBag from /home/chirag/airflow/lib/python3.12/site-packages/airflow/example_dags/example_short_circuit_decorator.py
[2024-11-09T19:58:06.280+0000] {processor.py:925} INFO - DAG(s) 'example_short_circuit_decorator' retrieved from /home/chirag/airflow/lib/python3.12/site-packages/airflow/example_dags/example_short_circuit_decorator.py
[2024-11-09T19:58:06.310+0000] {logging_mixin.py:190} INFO - [2024-11-09T19:58:06.309+0000] {dag.py:3239} INFO - Sync 1 DAGs
[2024-11-09T19:58:06.339+0000] {logging_mixin.py:190} INFO - [2024-11-09T19:58:06.338+0000] {dag.py:4180} INFO - Setting next_dagrun for example_short_circuit_decorator to None, run_after=None
[2024-11-09T19:58:06.397+0000] {processor.py:208} INFO - Processing /home/chirag/airflow/lib/python3.12/site-packages/airflow/example_dags/example_short_circuit_decorator.py took 0.147 seconds
[2024-11-09T20:22:41.174+0000] {processor.py:186} INFO - Started process (PID=12687) to work on /home/chirag/airflow/lib/python3.12/site-packages/airflow/example_dags/example_short_circuit_decorator.py
[2024-11-09T20:22:41.177+0000] {processor.py:914} INFO - Processing file /home/chirag/airflow/lib/python3.12/site-packages/airflow/example_dags/example_short_circuit_decorator.py for tasks to queue
[2024-11-09T20:22:41.181+0000] {logging_mixin.py:190} INFO - [2024-11-09T20:22:41.180+0000] {dagbag.py:588} INFO - Filling up the DagBag from /home/chirag/airflow/lib/python3.12/site-packages/airflow/example_dags/example_short_circuit_decorator.py
[2024-11-09T20:22:41.198+0000] {processor.py:925} INFO - DAG(s) 'example_short_circuit_decorator' retrieved from /home/chirag/airflow/lib/python3.12/site-packages/airflow/example_dags/example_short_circuit_decorator.py
[2024-11-09T20:22:41.230+0000] {logging_mixin.py:190} INFO - [2024-11-09T20:22:41.230+0000] {dag.py:3239} INFO - Sync 1 DAGs
[2024-11-09T20:22:41.249+0000] {logging_mixin.py:190} INFO - [2024-11-09T20:22:41.248+0000] {dag.py:4180} INFO - Setting next_dagrun for example_short_circuit_decorator to None, run_after=None
[2024-11-09T20:22:41.290+0000] {processor.py:208} INFO - Processing /home/chirag/airflow/lib/python3.12/site-packages/airflow/example_dags/example_short_circuit_decorator.py took 0.124 seconds
[2024-11-09T20:23:49.324+0000] {processor.py:186} INFO - Started process (PID=12882) to work on /home/chirag/airflow/lib/python3.12/site-packages/airflow/example_dags/example_short_circuit_decorator.py
[2024-11-09T20:23:49.327+0000] {processor.py:914} INFO - Processing file /home/chirag/airflow/lib/python3.12/site-packages/airflow/example_dags/example_short_circuit_decorator.py for tasks to queue
[2024-11-09T20:23:49.330+0000] {logging_mixin.py:190} INFO - [2024-11-09T20:23:49.330+0000] {dagbag.py:588} INFO - Filling up the DagBag from /home/chirag/airflow/lib/python3.12/site-packages/airflow/example_dags/example_short_circuit_decorator.py
[2024-11-09T20:23:49.346+0000] {processor.py:925} INFO - DAG(s) 'example_short_circuit_decorator' retrieved from /home/chirag/airflow/lib/python3.12/site-packages/airflow/example_dags/example_short_circuit_decorator.py
[2024-11-09T20:23:49.381+0000] {logging_mixin.py:190} INFO - [2024-11-09T20:23:49.381+0000] {dag.py:3239} INFO - Sync 1 DAGs
[2024-11-09T20:23:49.401+0000] {logging_mixin.py:190} INFO - [2024-11-09T20:23:49.400+0000] {dag.py:4180} INFO - Setting next_dagrun for example_short_circuit_decorator to None, run_after=None
[2024-11-09T20:23:49.436+0000] {processor.py:208} INFO - Processing /home/chirag/airflow/lib/python3.12/site-packages/airflow/example_dags/example_short_circuit_decorator.py took 0.121 seconds
[2024-11-09T20:25:01.643+0000] {processor.py:186} INFO - Started process (PID=13087) to work on /home/chirag/airflow/lib/python3.12/site-packages/airflow/example_dags/example_short_circuit_decorator.py
[2024-11-09T20:25:01.651+0000] {processor.py:914} INFO - Processing file /home/chirag/airflow/lib/python3.12/site-packages/airflow/example_dags/example_short_circuit_decorator.py for tasks to queue
[2024-11-09T20:25:01.655+0000] {logging_mixin.py:190} INFO - [2024-11-09T20:25:01.654+0000] {dagbag.py:588} INFO - Filling up the DagBag from /home/chirag/airflow/lib/python3.12/site-packages/airflow/example_dags/example_short_circuit_decorator.py
[2024-11-09T20:25:01.671+0000] {processor.py:925} INFO - DAG(s) 'example_short_circuit_decorator' retrieved from /home/chirag/airflow/lib/python3.12/site-packages/airflow/example_dags/example_short_circuit_decorator.py
[2024-11-09T20:25:01.699+0000] {logging_mixin.py:190} INFO - [2024-11-09T20:25:01.699+0000] {dag.py:3239} INFO - Sync 1 DAGs
[2024-11-09T20:25:01.720+0000] {logging_mixin.py:190} INFO - [2024-11-09T20:25:01.719+0000] {dag.py:4180} INFO - Setting next_dagrun for example_short_circuit_decorator to None, run_after=None
[2024-11-09T20:25:01.776+0000] {processor.py:208} INFO - Processing /home/chirag/airflow/lib/python3.12/site-packages/airflow/example_dags/example_short_circuit_decorator.py took 0.141 seconds
[2024-11-09T20:26:38.622+0000] {processor.py:186} INFO - Started process (PID=13639) to work on /home/chirag/airflow/lib/python3.12/site-packages/airflow/example_dags/example_short_circuit_decorator.py
[2024-11-09T20:26:38.625+0000] {processor.py:914} INFO - Processing file /home/chirag/airflow/lib/python3.12/site-packages/airflow/example_dags/example_short_circuit_decorator.py for tasks to queue
[2024-11-09T20:26:38.628+0000] {logging_mixin.py:190} INFO - [2024-11-09T20:26:38.628+0000] {dagbag.py:588} INFO - Filling up the DagBag from /home/chirag/airflow/lib/python3.12/site-packages/airflow/example_dags/example_short_circuit_decorator.py
[2024-11-09T20:26:38.644+0000] {processor.py:925} INFO - DAG(s) 'example_short_circuit_decorator' retrieved from /home/chirag/airflow/lib/python3.12/site-packages/airflow/example_dags/example_short_circuit_decorator.py
[2024-11-09T20:26:38.677+0000] {logging_mixin.py:190} INFO - [2024-11-09T20:26:38.676+0000] {dag.py:3239} INFO - Sync 1 DAGs
[2024-11-09T20:26:38.696+0000] {logging_mixin.py:190} INFO - [2024-11-09T20:26:38.696+0000] {dag.py:4180} INFO - Setting next_dagrun for example_short_circuit_decorator to None, run_after=None
[2024-11-09T20:26:38.743+0000] {processor.py:208} INFO - Processing /home/chirag/airflow/lib/python3.12/site-packages/airflow/example_dags/example_short_circuit_decorator.py took 0.130 seconds
[2024-11-09T20:28:18.442+0000] {processor.py:186} INFO - Started process (PID=14065) to work on /home/chirag/airflow/lib/python3.12/site-packages/airflow/example_dags/example_short_circuit_decorator.py
[2024-11-09T20:28:18.446+0000] {processor.py:914} INFO - Processing file /home/chirag/airflow/lib/python3.12/site-packages/airflow/example_dags/example_short_circuit_decorator.py for tasks to queue
[2024-11-09T20:28:18.449+0000] {logging_mixin.py:190} INFO - [2024-11-09T20:28:18.448+0000] {dagbag.py:588} INFO - Filling up the DagBag from /home/chirag/airflow/lib/python3.12/site-packages/airflow/example_dags/example_short_circuit_decorator.py
[2024-11-09T20:28:18.465+0000] {processor.py:925} INFO - DAG(s) 'example_short_circuit_decorator' retrieved from /home/chirag/airflow/lib/python3.12/site-packages/airflow/example_dags/example_short_circuit_decorator.py
[2024-11-09T20:28:18.500+0000] {logging_mixin.py:190} INFO - [2024-11-09T20:28:18.499+0000] {dag.py:3239} INFO - Sync 1 DAGs
[2024-11-09T20:28:18.561+0000] {logging_mixin.py:190} INFO - [2024-11-09T20:28:18.561+0000] {dag.py:4180} INFO - Setting next_dagrun for example_short_circuit_decorator to None, run_after=None
[2024-11-09T20:28:18.630+0000] {processor.py:208} INFO - Processing /home/chirag/airflow/lib/python3.12/site-packages/airflow/example_dags/example_short_circuit_decorator.py took 0.197 seconds
