[2024-11-09T19:17:50.376+0000] {processor.py:186} INFO - Started process (PID=94772) to work on /home/chirag/airflow/lib/python3.12/site-packages/airflow/example_dags/example_short_circuit_operator.py
[2024-11-09T19:17:50.385+0000] {processor.py:914} INFO - Processing file /home/chirag/airflow/lib/python3.12/site-packages/airflow/example_dags/example_short_circuit_operator.py for tasks to queue
[2024-11-09T19:17:50.391+0000] {logging_mixin.py:190} INFO - [2024-11-09T19:17:50.390+0000] {dagbag.py:588} INFO - Filling up the DagBag from /home/chirag/airflow/lib/python3.12/site-packages/airflow/example_dags/example_short_circuit_operator.py
[2024-11-09T19:17:50.427+0000] {processor.py:925} INFO - DAG(s) 'example_short_circuit_operator' retrieved from /home/chirag/airflow/lib/python3.12/site-packages/airflow/example_dags/example_short_circuit_operator.py
[2024-11-09T19:17:50.737+0000] {logging_mixin.py:190} INFO - [2024-11-09T19:17:50.736+0000] {override.py:1911} INFO - Created Permission View: can delete on DAG:example_short_circuit_operator
[2024-11-09T19:17:50.763+0000] {logging_mixin.py:190} INFO - [2024-11-09T19:17:50.762+0000] {override.py:1911} INFO - Created Permission View: can read on DAG:example_short_circuit_operator
[2024-11-09T19:17:50.783+0000] {logging_mixin.py:190} INFO - [2024-11-09T19:17:50.782+0000] {override.py:1911} INFO - Created Permission View: can edit on DAG:example_short_circuit_operator
[2024-11-09T19:17:50.815+0000] {logging_mixin.py:190} INFO - [2024-11-09T19:17:50.815+0000] {override.py:1911} INFO - Created Permission View: menu access on DAG Run:example_short_circuit_operator
[2024-11-09T19:17:50.834+0000] {logging_mixin.py:190} INFO - [2024-11-09T19:17:50.834+0000] {override.py:1911} INFO - Created Permission View: can delete on DAG Run:example_short_circuit_operator
[2024-11-09T19:17:50.855+0000] {logging_mixin.py:190} INFO - [2024-11-09T19:17:50.854+0000] {override.py:1911} INFO - Created Permission View: can read on DAG Run:example_short_circuit_operator
[2024-11-09T19:17:50.874+0000] {logging_mixin.py:190} INFO - [2024-11-09T19:17:50.874+0000] {override.py:1911} INFO - Created Permission View: can create on DAG Run:example_short_circuit_operator
[2024-11-09T19:17:50.875+0000] {logging_mixin.py:190} INFO - [2024-11-09T19:17:50.875+0000] {dag.py:3239} INFO - Sync 1 DAGs
[2024-11-09T19:17:50.895+0000] {logging_mixin.py:190} INFO - [2024-11-09T19:17:50.895+0000] {dag.py:3262} INFO - Creating ORM DAG for example_short_circuit_operator
[2024-11-09T19:17:50.897+0000] {logging_mixin.py:190} INFO - [2024-11-09T19:17:50.896+0000] {dag.py:4180} INFO - Setting next_dagrun for example_short_circuit_operator to None, run_after=None
[2024-11-09T19:17:50.940+0000] {processor.py:208} INFO - Processing /home/chirag/airflow/lib/python3.12/site-packages/airflow/example_dags/example_short_circuit_operator.py took 0.581 seconds
[2024-11-09T19:28:29.307+0000] {processor.py:186} INFO - Started process (PID=506) to work on /home/chirag/airflow/lib/python3.12/site-packages/airflow/example_dags/example_short_circuit_operator.py
[2024-11-09T19:28:29.312+0000] {processor.py:914} INFO - Processing file /home/chirag/airflow/lib/python3.12/site-packages/airflow/example_dags/example_short_circuit_operator.py for tasks to queue
[2024-11-09T19:28:29.316+0000] {logging_mixin.py:190} INFO - [2024-11-09T19:28:29.315+0000] {dagbag.py:588} INFO - Filling up the DagBag from /home/chirag/airflow/lib/python3.12/site-packages/airflow/example_dags/example_short_circuit_operator.py
[2024-11-09T19:28:29.336+0000] {processor.py:925} INFO - DAG(s) 'example_short_circuit_operator' retrieved from /home/chirag/airflow/lib/python3.12/site-packages/airflow/example_dags/example_short_circuit_operator.py
[2024-11-09T19:28:29.369+0000] {logging_mixin.py:190} INFO - [2024-11-09T19:28:29.369+0000] {dag.py:3239} INFO - Sync 1 DAGs
[2024-11-09T19:28:29.388+0000] {logging_mixin.py:190} INFO - [2024-11-09T19:28:29.388+0000] {dag.py:4180} INFO - Setting next_dagrun for example_short_circuit_operator to None, run_after=None
[2024-11-09T19:28:29.426+0000] {processor.py:208} INFO - Processing /home/chirag/airflow/lib/python3.12/site-packages/airflow/example_dags/example_short_circuit_operator.py took 0.128 seconds
[2024-11-09T19:29:43.550+0000] {processor.py:186} INFO - Started process (PID=598) to work on /home/chirag/airflow/lib/python3.12/site-packages/airflow/example_dags/example_short_circuit_operator.py
[2024-11-09T19:29:43.560+0000] {processor.py:914} INFO - Processing file /home/chirag/airflow/lib/python3.12/site-packages/airflow/example_dags/example_short_circuit_operator.py for tasks to queue
[2024-11-09T19:29:43.566+0000] {logging_mixin.py:190} INFO - [2024-11-09T19:29:43.565+0000] {dagbag.py:588} INFO - Filling up the DagBag from /home/chirag/airflow/lib/python3.12/site-packages/airflow/example_dags/example_short_circuit_operator.py
[2024-11-09T19:29:43.623+0000] {processor.py:925} INFO - DAG(s) 'example_short_circuit_operator' retrieved from /home/chirag/airflow/lib/python3.12/site-packages/airflow/example_dags/example_short_circuit_operator.py
[2024-11-09T19:29:43.721+0000] {logging_mixin.py:190} INFO - [2024-11-09T19:29:43.720+0000] {dag.py:3239} INFO - Sync 1 DAGs
[2024-11-09T19:29:43.803+0000] {logging_mixin.py:190} INFO - [2024-11-09T19:29:43.803+0000] {dag.py:4180} INFO - Setting next_dagrun for example_short_circuit_operator to None, run_after=None
[2024-11-09T19:29:43.979+0000] {processor.py:208} INFO - Processing /home/chirag/airflow/lib/python3.12/site-packages/airflow/example_dags/example_short_circuit_operator.py took 0.460 seconds
[2024-11-09T19:31:03.165+0000] {processor.py:186} INFO - Started process (PID=669) to work on /home/chirag/airflow/lib/python3.12/site-packages/airflow/example_dags/example_short_circuit_operator.py
[2024-11-09T19:31:03.168+0000] {processor.py:914} INFO - Processing file /home/chirag/airflow/lib/python3.12/site-packages/airflow/example_dags/example_short_circuit_operator.py for tasks to queue
[2024-11-09T19:31:03.171+0000] {logging_mixin.py:190} INFO - [2024-11-09T19:31:03.170+0000] {dagbag.py:588} INFO - Filling up the DagBag from /home/chirag/airflow/lib/python3.12/site-packages/airflow/example_dags/example_short_circuit_operator.py
[2024-11-09T19:31:03.184+0000] {processor.py:925} INFO - DAG(s) 'example_short_circuit_operator' retrieved from /home/chirag/airflow/lib/python3.12/site-packages/airflow/example_dags/example_short_circuit_operator.py
[2024-11-09T19:31:03.213+0000] {logging_mixin.py:190} INFO - [2024-11-09T19:31:03.213+0000] {dag.py:3239} INFO - Sync 1 DAGs
[2024-11-09T19:31:03.230+0000] {logging_mixin.py:190} INFO - [2024-11-09T19:31:03.230+0000] {dag.py:4180} INFO - Setting next_dagrun for example_short_circuit_operator to None, run_after=None
[2024-11-09T19:31:03.265+0000] {processor.py:208} INFO - Processing /home/chirag/airflow/lib/python3.12/site-packages/airflow/example_dags/example_short_circuit_operator.py took 0.108 seconds
[2024-11-09T19:32:44.262+0000] {processor.py:186} INFO - Started process (PID=1557) to work on /home/chirag/airflow/lib/python3.12/site-packages/airflow/example_dags/example_short_circuit_operator.py
[2024-11-09T19:32:44.277+0000] {processor.py:914} INFO - Processing file /home/chirag/airflow/lib/python3.12/site-packages/airflow/example_dags/example_short_circuit_operator.py for tasks to queue
[2024-11-09T19:32:44.280+0000] {logging_mixin.py:190} INFO - [2024-11-09T19:32:44.280+0000] {dagbag.py:588} INFO - Filling up the DagBag from /home/chirag/airflow/lib/python3.12/site-packages/airflow/example_dags/example_short_circuit_operator.py
[2024-11-09T19:32:44.294+0000] {processor.py:925} INFO - DAG(s) 'example_short_circuit_operator' retrieved from /home/chirag/airflow/lib/python3.12/site-packages/airflow/example_dags/example_short_circuit_operator.py
[2024-11-09T19:32:44.356+0000] {logging_mixin.py:190} INFO - [2024-11-09T19:32:44.356+0000] {dag.py:3239} INFO - Sync 1 DAGs
[2024-11-09T19:32:44.383+0000] {logging_mixin.py:190} INFO - [2024-11-09T19:32:44.382+0000] {dag.py:4180} INFO - Setting next_dagrun for example_short_circuit_operator to None, run_after=None
[2024-11-09T19:32:44.523+0000] {processor.py:208} INFO - Processing /home/chirag/airflow/lib/python3.12/site-packages/airflow/example_dags/example_short_circuit_operator.py took 0.269 seconds
[2024-11-09T19:34:06.184+0000] {processor.py:186} INFO - Started process (PID=2124) to work on /home/chirag/airflow/lib/python3.12/site-packages/airflow/example_dags/example_short_circuit_operator.py
[2024-11-09T19:34:06.187+0000] {processor.py:914} INFO - Processing file /home/chirag/airflow/lib/python3.12/site-packages/airflow/example_dags/example_short_circuit_operator.py for tasks to queue
[2024-11-09T19:34:06.190+0000] {logging_mixin.py:190} INFO - [2024-11-09T19:34:06.190+0000] {dagbag.py:588} INFO - Filling up the DagBag from /home/chirag/airflow/lib/python3.12/site-packages/airflow/example_dags/example_short_circuit_operator.py
[2024-11-09T19:34:06.203+0000] {processor.py:925} INFO - DAG(s) 'example_short_circuit_operator' retrieved from /home/chirag/airflow/lib/python3.12/site-packages/airflow/example_dags/example_short_circuit_operator.py
[2024-11-09T19:34:06.230+0000] {logging_mixin.py:190} INFO - [2024-11-09T19:34:06.230+0000] {dag.py:3239} INFO - Sync 1 DAGs
[2024-11-09T19:34:06.248+0000] {logging_mixin.py:190} INFO - [2024-11-09T19:34:06.248+0000] {dag.py:4180} INFO - Setting next_dagrun for example_short_circuit_operator to None, run_after=None
[2024-11-09T19:34:06.287+0000] {processor.py:208} INFO - Processing /home/chirag/airflow/lib/python3.12/site-packages/airflow/example_dags/example_short_circuit_operator.py took 0.110 seconds
[2024-11-09T19:35:31.918+0000] {processor.py:186} INFO - Started process (PID=2669) to work on /home/chirag/airflow/lib/python3.12/site-packages/airflow/example_dags/example_short_circuit_operator.py
[2024-11-09T19:35:31.923+0000] {processor.py:914} INFO - Processing file /home/chirag/airflow/lib/python3.12/site-packages/airflow/example_dags/example_short_circuit_operator.py for tasks to queue
[2024-11-09T19:35:31.927+0000] {logging_mixin.py:190} INFO - [2024-11-09T19:35:31.926+0000] {dagbag.py:588} INFO - Filling up the DagBag from /home/chirag/airflow/lib/python3.12/site-packages/airflow/example_dags/example_short_circuit_operator.py
[2024-11-09T19:35:31.940+0000] {processor.py:925} INFO - DAG(s) 'example_short_circuit_operator' retrieved from /home/chirag/airflow/lib/python3.12/site-packages/airflow/example_dags/example_short_circuit_operator.py
[2024-11-09T19:35:31.968+0000] {logging_mixin.py:190} INFO - [2024-11-09T19:35:31.968+0000] {dag.py:3239} INFO - Sync 1 DAGs
[2024-11-09T19:35:31.986+0000] {logging_mixin.py:190} INFO - [2024-11-09T19:35:31.986+0000] {dag.py:4180} INFO - Setting next_dagrun for example_short_circuit_operator to None, run_after=None
[2024-11-09T19:35:32.023+0000] {processor.py:208} INFO - Processing /home/chirag/airflow/lib/python3.12/site-packages/airflow/example_dags/example_short_circuit_operator.py took 0.113 seconds
[2024-11-09T19:36:54.997+0000] {processor.py:186} INFO - Started process (PID=2893) to work on /home/chirag/airflow/lib/python3.12/site-packages/airflow/example_dags/example_short_circuit_operator.py
[2024-11-09T19:36:55.001+0000] {processor.py:914} INFO - Processing file /home/chirag/airflow/lib/python3.12/site-packages/airflow/example_dags/example_short_circuit_operator.py for tasks to queue
[2024-11-09T19:36:55.004+0000] {logging_mixin.py:190} INFO - [2024-11-09T19:36:55.004+0000] {dagbag.py:588} INFO - Filling up the DagBag from /home/chirag/airflow/lib/python3.12/site-packages/airflow/example_dags/example_short_circuit_operator.py
[2024-11-09T19:36:55.019+0000] {processor.py:925} INFO - DAG(s) 'example_short_circuit_operator' retrieved from /home/chirag/airflow/lib/python3.12/site-packages/airflow/example_dags/example_short_circuit_operator.py
[2024-11-09T19:36:55.054+0000] {logging_mixin.py:190} INFO - [2024-11-09T19:36:55.054+0000] {dag.py:3239} INFO - Sync 1 DAGs
[2024-11-09T19:36:55.077+0000] {logging_mixin.py:190} INFO - [2024-11-09T19:36:55.076+0000] {dag.py:4180} INFO - Setting next_dagrun for example_short_circuit_operator to None, run_after=None
[2024-11-09T19:36:55.121+0000] {processor.py:208} INFO - Processing /home/chirag/airflow/lib/python3.12/site-packages/airflow/example_dags/example_short_circuit_operator.py took 0.133 seconds
[2024-11-09T19:38:03.949+0000] {processor.py:186} INFO - Started process (PID=3185) to work on /home/chirag/airflow/lib/python3.12/site-packages/airflow/example_dags/example_short_circuit_operator.py
[2024-11-09T19:38:03.951+0000] {processor.py:914} INFO - Processing file /home/chirag/airflow/lib/python3.12/site-packages/airflow/example_dags/example_short_circuit_operator.py for tasks to queue
[2024-11-09T19:38:03.955+0000] {logging_mixin.py:190} INFO - [2024-11-09T19:38:03.954+0000] {dagbag.py:588} INFO - Filling up the DagBag from /home/chirag/airflow/lib/python3.12/site-packages/airflow/example_dags/example_short_circuit_operator.py
[2024-11-09T19:38:03.968+0000] {processor.py:925} INFO - DAG(s) 'example_short_circuit_operator' retrieved from /home/chirag/airflow/lib/python3.12/site-packages/airflow/example_dags/example_short_circuit_operator.py
[2024-11-09T19:38:03.995+0000] {logging_mixin.py:190} INFO - [2024-11-09T19:38:03.994+0000] {dag.py:3239} INFO - Sync 1 DAGs
[2024-11-09T19:38:04.013+0000] {logging_mixin.py:190} INFO - [2024-11-09T19:38:04.013+0000] {dag.py:4180} INFO - Setting next_dagrun for example_short_circuit_operator to None, run_after=None
[2024-11-09T19:38:04.049+0000] {processor.py:208} INFO - Processing /home/chirag/airflow/lib/python3.12/site-packages/airflow/example_dags/example_short_circuit_operator.py took 0.108 seconds
[2024-11-09T19:39:20.850+0000] {processor.py:186} INFO - Started process (PID=3486) to work on /home/chirag/airflow/lib/python3.12/site-packages/airflow/example_dags/example_short_circuit_operator.py
[2024-11-09T19:39:20.853+0000] {processor.py:914} INFO - Processing file /home/chirag/airflow/lib/python3.12/site-packages/airflow/example_dags/example_short_circuit_operator.py for tasks to queue
[2024-11-09T19:39:20.860+0000] {logging_mixin.py:190} INFO - [2024-11-09T19:39:20.859+0000] {dagbag.py:588} INFO - Filling up the DagBag from /home/chirag/airflow/lib/python3.12/site-packages/airflow/example_dags/example_short_circuit_operator.py
[2024-11-09T19:39:20.935+0000] {processor.py:925} INFO - DAG(s) 'example_short_circuit_operator' retrieved from /home/chirag/airflow/lib/python3.12/site-packages/airflow/example_dags/example_short_circuit_operator.py
[2024-11-09T19:39:21.035+0000] {logging_mixin.py:190} INFO - [2024-11-09T19:39:21.034+0000] {dag.py:3239} INFO - Sync 1 DAGs
[2024-11-09T19:39:21.095+0000] {logging_mixin.py:190} INFO - [2024-11-09T19:39:21.093+0000] {dag.py:4180} INFO - Setting next_dagrun for example_short_circuit_operator to None, run_after=None
[2024-11-09T19:39:21.195+0000] {processor.py:208} INFO - Processing /home/chirag/airflow/lib/python3.12/site-packages/airflow/example_dags/example_short_circuit_operator.py took 0.380 seconds
[2024-11-09T19:40:45.725+0000] {processor.py:186} INFO - Started process (PID=3710) to work on /home/chirag/airflow/lib/python3.12/site-packages/airflow/example_dags/example_short_circuit_operator.py
[2024-11-09T19:40:45.728+0000] {processor.py:914} INFO - Processing file /home/chirag/airflow/lib/python3.12/site-packages/airflow/example_dags/example_short_circuit_operator.py for tasks to queue
[2024-11-09T19:40:45.732+0000] {logging_mixin.py:190} INFO - [2024-11-09T19:40:45.731+0000] {dagbag.py:588} INFO - Filling up the DagBag from /home/chirag/airflow/lib/python3.12/site-packages/airflow/example_dags/example_short_circuit_operator.py
[2024-11-09T19:40:45.745+0000] {processor.py:925} INFO - DAG(s) 'example_short_circuit_operator' retrieved from /home/chirag/airflow/lib/python3.12/site-packages/airflow/example_dags/example_short_circuit_operator.py
[2024-11-09T19:40:45.783+0000] {logging_mixin.py:190} INFO - [2024-11-09T19:40:45.783+0000] {dag.py:3239} INFO - Sync 1 DAGs
[2024-11-09T19:40:45.821+0000] {logging_mixin.py:190} INFO - [2024-11-09T19:40:45.821+0000] {dag.py:4180} INFO - Setting next_dagrun for example_short_circuit_operator to None, run_after=None
[2024-11-09T19:40:45.871+0000] {processor.py:208} INFO - Processing /home/chirag/airflow/lib/python3.12/site-packages/airflow/example_dags/example_short_circuit_operator.py took 0.154 seconds
[2024-11-09T19:41:58.610+0000] {processor.py:186} INFO - Started process (PID=3918) to work on /home/chirag/airflow/lib/python3.12/site-packages/airflow/example_dags/example_short_circuit_operator.py
[2024-11-09T19:41:58.612+0000] {processor.py:914} INFO - Processing file /home/chirag/airflow/lib/python3.12/site-packages/airflow/example_dags/example_short_circuit_operator.py for tasks to queue
[2024-11-09T19:41:58.616+0000] {logging_mixin.py:190} INFO - [2024-11-09T19:41:58.615+0000] {dagbag.py:588} INFO - Filling up the DagBag from /home/chirag/airflow/lib/python3.12/site-packages/airflow/example_dags/example_short_circuit_operator.py
[2024-11-09T19:41:58.629+0000] {processor.py:925} INFO - DAG(s) 'example_short_circuit_operator' retrieved from /home/chirag/airflow/lib/python3.12/site-packages/airflow/example_dags/example_short_circuit_operator.py
[2024-11-09T19:41:58.655+0000] {logging_mixin.py:190} INFO - [2024-11-09T19:41:58.655+0000] {dag.py:3239} INFO - Sync 1 DAGs
[2024-11-09T19:41:58.674+0000] {logging_mixin.py:190} INFO - [2024-11-09T19:41:58.673+0000] {dag.py:4180} INFO - Setting next_dagrun for example_short_circuit_operator to None, run_after=None
[2024-11-09T19:41:58.713+0000] {processor.py:208} INFO - Processing /home/chirag/airflow/lib/python3.12/site-packages/airflow/example_dags/example_short_circuit_operator.py took 0.111 seconds
[2024-11-09T19:43:16.088+0000] {processor.py:186} INFO - Started process (PID=4139) to work on /home/chirag/airflow/lib/python3.12/site-packages/airflow/example_dags/example_short_circuit_operator.py
[2024-11-09T19:43:16.094+0000] {processor.py:914} INFO - Processing file /home/chirag/airflow/lib/python3.12/site-packages/airflow/example_dags/example_short_circuit_operator.py for tasks to queue
[2024-11-09T19:43:16.097+0000] {logging_mixin.py:190} INFO - [2024-11-09T19:43:16.096+0000] {dagbag.py:588} INFO - Filling up the DagBag from /home/chirag/airflow/lib/python3.12/site-packages/airflow/example_dags/example_short_circuit_operator.py
[2024-11-09T19:43:16.111+0000] {processor.py:925} INFO - DAG(s) 'example_short_circuit_operator' retrieved from /home/chirag/airflow/lib/python3.12/site-packages/airflow/example_dags/example_short_circuit_operator.py
[2024-11-09T19:43:16.140+0000] {logging_mixin.py:190} INFO - [2024-11-09T19:43:16.139+0000] {dag.py:3239} INFO - Sync 1 DAGs
[2024-11-09T19:43:16.162+0000] {logging_mixin.py:190} INFO - [2024-11-09T19:43:16.162+0000] {dag.py:4180} INFO - Setting next_dagrun for example_short_circuit_operator to None, run_after=None
[2024-11-09T19:43:16.206+0000] {processor.py:208} INFO - Processing /home/chirag/airflow/lib/python3.12/site-packages/airflow/example_dags/example_short_circuit_operator.py took 0.128 seconds
[2024-11-09T19:44:31.551+0000] {processor.py:186} INFO - Started process (PID=4359) to work on /home/chirag/airflow/lib/python3.12/site-packages/airflow/example_dags/example_short_circuit_operator.py
[2024-11-09T19:44:31.554+0000] {processor.py:914} INFO - Processing file /home/chirag/airflow/lib/python3.12/site-packages/airflow/example_dags/example_short_circuit_operator.py for tasks to queue
[2024-11-09T19:44:31.557+0000] {logging_mixin.py:190} INFO - [2024-11-09T19:44:31.557+0000] {dagbag.py:588} INFO - Filling up the DagBag from /home/chirag/airflow/lib/python3.12/site-packages/airflow/example_dags/example_short_circuit_operator.py
[2024-11-09T19:44:31.570+0000] {processor.py:925} INFO - DAG(s) 'example_short_circuit_operator' retrieved from /home/chirag/airflow/lib/python3.12/site-packages/airflow/example_dags/example_short_circuit_operator.py
[2024-11-09T19:44:31.597+0000] {logging_mixin.py:190} INFO - [2024-11-09T19:44:31.597+0000] {dag.py:3239} INFO - Sync 1 DAGs
[2024-11-09T19:44:31.616+0000] {logging_mixin.py:190} INFO - [2024-11-09T19:44:31.616+0000] {dag.py:4180} INFO - Setting next_dagrun for example_short_circuit_operator to None, run_after=None
[2024-11-09T19:44:31.651+0000] {processor.py:208} INFO - Processing /home/chirag/airflow/lib/python3.12/site-packages/airflow/example_dags/example_short_circuit_operator.py took 0.109 seconds
[2024-11-09T19:46:12.398+0000] {processor.py:186} INFO - Started process (PID=4645) to work on /home/chirag/airflow/lib/python3.12/site-packages/airflow/example_dags/example_short_circuit_operator.py
[2024-11-09T19:46:12.401+0000] {processor.py:914} INFO - Processing file /home/chirag/airflow/lib/python3.12/site-packages/airflow/example_dags/example_short_circuit_operator.py for tasks to queue
[2024-11-09T19:46:12.405+0000] {logging_mixin.py:190} INFO - [2024-11-09T19:46:12.404+0000] {dagbag.py:588} INFO - Filling up the DagBag from /home/chirag/airflow/lib/python3.12/site-packages/airflow/example_dags/example_short_circuit_operator.py
[2024-11-09T19:46:12.420+0000] {processor.py:925} INFO - DAG(s) 'example_short_circuit_operator' retrieved from /home/chirag/airflow/lib/python3.12/site-packages/airflow/example_dags/example_short_circuit_operator.py
[2024-11-09T19:46:12.459+0000] {logging_mixin.py:190} INFO - [2024-11-09T19:46:12.459+0000] {dag.py:3239} INFO - Sync 1 DAGs
[2024-11-09T19:46:12.494+0000] {logging_mixin.py:190} INFO - [2024-11-09T19:46:12.493+0000] {dag.py:4180} INFO - Setting next_dagrun for example_short_circuit_operator to None, run_after=None
[2024-11-09T19:46:12.554+0000] {processor.py:208} INFO - Processing /home/chirag/airflow/lib/python3.12/site-packages/airflow/example_dags/example_short_circuit_operator.py took 0.163 seconds
[2024-11-09T19:47:36.022+0000] {processor.py:186} INFO - Started process (PID=4923) to work on /home/chirag/airflow/lib/python3.12/site-packages/airflow/example_dags/example_short_circuit_operator.py
[2024-11-09T19:47:36.026+0000] {processor.py:914} INFO - Processing file /home/chirag/airflow/lib/python3.12/site-packages/airflow/example_dags/example_short_circuit_operator.py for tasks to queue
[2024-11-09T19:47:36.029+0000] {logging_mixin.py:190} INFO - [2024-11-09T19:47:36.028+0000] {dagbag.py:588} INFO - Filling up the DagBag from /home/chirag/airflow/lib/python3.12/site-packages/airflow/example_dags/example_short_circuit_operator.py
[2024-11-09T19:47:36.043+0000] {processor.py:925} INFO - DAG(s) 'example_short_circuit_operator' retrieved from /home/chirag/airflow/lib/python3.12/site-packages/airflow/example_dags/example_short_circuit_operator.py
[2024-11-09T19:47:36.071+0000] {logging_mixin.py:190} INFO - [2024-11-09T19:47:36.070+0000] {dag.py:3239} INFO - Sync 1 DAGs
[2024-11-09T19:47:36.089+0000] {logging_mixin.py:190} INFO - [2024-11-09T19:47:36.089+0000] {dag.py:4180} INFO - Setting next_dagrun for example_short_circuit_operator to None, run_after=None
[2024-11-09T19:47:36.127+0000] {processor.py:208} INFO - Processing /home/chirag/airflow/lib/python3.12/site-packages/airflow/example_dags/example_short_circuit_operator.py took 0.113 seconds
[2024-11-09T19:48:55.156+0000] {processor.py:186} INFO - Started process (PID=5157) to work on /home/chirag/airflow/lib/python3.12/site-packages/airflow/example_dags/example_short_circuit_operator.py
[2024-11-09T19:48:55.159+0000] {processor.py:914} INFO - Processing file /home/chirag/airflow/lib/python3.12/site-packages/airflow/example_dags/example_short_circuit_operator.py for tasks to queue
[2024-11-09T19:48:55.163+0000] {logging_mixin.py:190} INFO - [2024-11-09T19:48:55.162+0000] {dagbag.py:588} INFO - Filling up the DagBag from /home/chirag/airflow/lib/python3.12/site-packages/airflow/example_dags/example_short_circuit_operator.py
[2024-11-09T19:48:55.177+0000] {processor.py:925} INFO - DAG(s) 'example_short_circuit_operator' retrieved from /home/chirag/airflow/lib/python3.12/site-packages/airflow/example_dags/example_short_circuit_operator.py
[2024-11-09T19:48:55.204+0000] {logging_mixin.py:190} INFO - [2024-11-09T19:48:55.204+0000] {dag.py:3239} INFO - Sync 1 DAGs
[2024-11-09T19:48:55.222+0000] {logging_mixin.py:190} INFO - [2024-11-09T19:48:55.222+0000] {dag.py:4180} INFO - Setting next_dagrun for example_short_circuit_operator to None, run_after=None
[2024-11-09T19:48:55.259+0000] {processor.py:208} INFO - Processing /home/chirag/airflow/lib/python3.12/site-packages/airflow/example_dags/example_short_circuit_operator.py took 0.112 seconds
[2024-11-09T19:50:05.796+0000] {processor.py:186} INFO - Started process (PID=5489) to work on /home/chirag/airflow/lib/python3.12/site-packages/airflow/example_dags/example_short_circuit_operator.py
[2024-11-09T19:50:05.802+0000] {processor.py:914} INFO - Processing file /home/chirag/airflow/lib/python3.12/site-packages/airflow/example_dags/example_short_circuit_operator.py for tasks to queue
[2024-11-09T19:50:05.806+0000] {logging_mixin.py:190} INFO - [2024-11-09T19:50:05.806+0000] {dagbag.py:588} INFO - Filling up the DagBag from /home/chirag/airflow/lib/python3.12/site-packages/airflow/example_dags/example_short_circuit_operator.py
[2024-11-09T19:50:05.826+0000] {processor.py:925} INFO - DAG(s) 'example_short_circuit_operator' retrieved from /home/chirag/airflow/lib/python3.12/site-packages/airflow/example_dags/example_short_circuit_operator.py
[2024-11-09T19:50:05.877+0000] {logging_mixin.py:190} INFO - [2024-11-09T19:50:05.877+0000] {dag.py:3239} INFO - Sync 1 DAGs
[2024-11-09T19:50:05.897+0000] {logging_mixin.py:190} INFO - [2024-11-09T19:50:05.897+0000] {dag.py:4180} INFO - Setting next_dagrun for example_short_circuit_operator to None, run_after=None
[2024-11-09T19:50:05.932+0000] {processor.py:208} INFO - Processing /home/chirag/airflow/lib/python3.12/site-packages/airflow/example_dags/example_short_circuit_operator.py took 0.168 seconds
[2024-11-09T19:51:18.593+0000] {processor.py:186} INFO - Started process (PID=6127) to work on /home/chirag/airflow/lib/python3.12/site-packages/airflow/example_dags/example_short_circuit_operator.py
[2024-11-09T19:51:18.597+0000] {processor.py:914} INFO - Processing file /home/chirag/airflow/lib/python3.12/site-packages/airflow/example_dags/example_short_circuit_operator.py for tasks to queue
[2024-11-09T19:51:18.602+0000] {logging_mixin.py:190} INFO - [2024-11-09T19:51:18.601+0000] {dagbag.py:588} INFO - Filling up the DagBag from /home/chirag/airflow/lib/python3.12/site-packages/airflow/example_dags/example_short_circuit_operator.py
[2024-11-09T19:51:18.619+0000] {processor.py:925} INFO - DAG(s) 'example_short_circuit_operator' retrieved from /home/chirag/airflow/lib/python3.12/site-packages/airflow/example_dags/example_short_circuit_operator.py
[2024-11-09T19:51:18.656+0000] {logging_mixin.py:190} INFO - [2024-11-09T19:51:18.656+0000] {dag.py:3239} INFO - Sync 1 DAGs
[2024-11-09T19:51:18.679+0000] {logging_mixin.py:190} INFO - [2024-11-09T19:51:18.679+0000] {dag.py:4180} INFO - Setting next_dagrun for example_short_circuit_operator to None, run_after=None
[2024-11-09T19:51:18.725+0000] {processor.py:208} INFO - Processing /home/chirag/airflow/lib/python3.12/site-packages/airflow/example_dags/example_short_circuit_operator.py took 0.140 seconds
[2024-11-09T19:52:52.066+0000] {processor.py:186} INFO - Started process (PID=6490) to work on /home/chirag/airflow/lib/python3.12/site-packages/airflow/example_dags/example_short_circuit_operator.py
[2024-11-09T19:52:52.080+0000] {processor.py:914} INFO - Processing file /home/chirag/airflow/lib/python3.12/site-packages/airflow/example_dags/example_short_circuit_operator.py for tasks to queue
[2024-11-09T19:52:52.084+0000] {logging_mixin.py:190} INFO - [2024-11-09T19:52:52.083+0000] {dagbag.py:588} INFO - Filling up the DagBag from /home/chirag/airflow/lib/python3.12/site-packages/airflow/example_dags/example_short_circuit_operator.py
[2024-11-09T19:52:52.112+0000] {processor.py:925} INFO - DAG(s) 'example_short_circuit_operator' retrieved from /home/chirag/airflow/lib/python3.12/site-packages/airflow/example_dags/example_short_circuit_operator.py
[2024-11-09T19:52:52.172+0000] {logging_mixin.py:190} INFO - [2024-11-09T19:52:52.172+0000] {dag.py:3239} INFO - Sync 1 DAGs
[2024-11-09T19:52:52.222+0000] {logging_mixin.py:190} INFO - [2024-11-09T19:52:52.222+0000] {dag.py:4180} INFO - Setting next_dagrun for example_short_circuit_operator to None, run_after=None
[2024-11-09T19:52:52.315+0000] {processor.py:208} INFO - Processing /home/chirag/airflow/lib/python3.12/site-packages/airflow/example_dags/example_short_circuit_operator.py took 0.269 seconds
[2024-11-09T19:54:23.311+0000] {processor.py:186} INFO - Started process (PID=7167) to work on /home/chirag/airflow/lib/python3.12/site-packages/airflow/example_dags/example_short_circuit_operator.py
[2024-11-09T19:54:23.315+0000] {processor.py:914} INFO - Processing file /home/chirag/airflow/lib/python3.12/site-packages/airflow/example_dags/example_short_circuit_operator.py for tasks to queue
[2024-11-09T19:54:23.318+0000] {logging_mixin.py:190} INFO - [2024-11-09T19:54:23.317+0000] {dagbag.py:588} INFO - Filling up the DagBag from /home/chirag/airflow/lib/python3.12/site-packages/airflow/example_dags/example_short_circuit_operator.py
[2024-11-09T19:54:23.334+0000] {processor.py:925} INFO - DAG(s) 'example_short_circuit_operator' retrieved from /home/chirag/airflow/lib/python3.12/site-packages/airflow/example_dags/example_short_circuit_operator.py
[2024-11-09T19:54:23.362+0000] {logging_mixin.py:190} INFO - [2024-11-09T19:54:23.362+0000] {dag.py:3239} INFO - Sync 1 DAGs
[2024-11-09T19:54:23.393+0000] {logging_mixin.py:190} INFO - [2024-11-09T19:54:23.392+0000] {dag.py:4180} INFO - Setting next_dagrun for example_short_circuit_operator to None, run_after=None
[2024-11-09T19:54:23.438+0000] {processor.py:208} INFO - Processing /home/chirag/airflow/lib/python3.12/site-packages/airflow/example_dags/example_short_circuit_operator.py took 0.138 seconds
[2024-11-09T19:55:39.346+0000] {processor.py:186} INFO - Started process (PID=7715) to work on /home/chirag/airflow/lib/python3.12/site-packages/airflow/example_dags/example_short_circuit_operator.py
[2024-11-09T19:55:39.352+0000] {processor.py:914} INFO - Processing file /home/chirag/airflow/lib/python3.12/site-packages/airflow/example_dags/example_short_circuit_operator.py for tasks to queue
[2024-11-09T19:55:39.356+0000] {logging_mixin.py:190} INFO - [2024-11-09T19:55:39.355+0000] {dagbag.py:588} INFO - Filling up the DagBag from /home/chirag/airflow/lib/python3.12/site-packages/airflow/example_dags/example_short_circuit_operator.py
[2024-11-09T19:55:39.369+0000] {processor.py:925} INFO - DAG(s) 'example_short_circuit_operator' retrieved from /home/chirag/airflow/lib/python3.12/site-packages/airflow/example_dags/example_short_circuit_operator.py
[2024-11-09T19:55:39.407+0000] {logging_mixin.py:190} INFO - [2024-11-09T19:55:39.406+0000] {dag.py:3239} INFO - Sync 1 DAGs
[2024-11-09T19:55:39.451+0000] {logging_mixin.py:190} INFO - [2024-11-09T19:55:39.451+0000] {dag.py:4180} INFO - Setting next_dagrun for example_short_circuit_operator to None, run_after=None
[2024-11-09T19:55:39.506+0000] {processor.py:208} INFO - Processing /home/chirag/airflow/lib/python3.12/site-packages/airflow/example_dags/example_short_circuit_operator.py took 0.168 seconds
[2024-11-09T19:57:31.446+0000] {processor.py:186} INFO - Started process (PID=8125) to work on /home/chirag/airflow/lib/python3.12/site-packages/airflow/example_dags/example_short_circuit_operator.py
[2024-11-09T19:57:31.450+0000] {processor.py:914} INFO - Processing file /home/chirag/airflow/lib/python3.12/site-packages/airflow/example_dags/example_short_circuit_operator.py for tasks to queue
[2024-11-09T19:57:31.453+0000] {logging_mixin.py:190} INFO - [2024-11-09T19:57:31.452+0000] {dagbag.py:588} INFO - Filling up the DagBag from /home/chirag/airflow/lib/python3.12/site-packages/airflow/example_dags/example_short_circuit_operator.py
[2024-11-09T19:57:31.469+0000] {processor.py:925} INFO - DAG(s) 'example_short_circuit_operator' retrieved from /home/chirag/airflow/lib/python3.12/site-packages/airflow/example_dags/example_short_circuit_operator.py
[2024-11-09T19:57:31.547+0000] {logging_mixin.py:190} INFO - [2024-11-09T19:57:31.546+0000] {dag.py:3239} INFO - Sync 1 DAGs
[2024-11-09T19:57:31.599+0000] {logging_mixin.py:190} INFO - [2024-11-09T19:57:31.597+0000] {dag.py:4180} INFO - Setting next_dagrun for example_short_circuit_operator to None, run_after=None
[2024-11-09T19:57:31.658+0000] {processor.py:208} INFO - Processing /home/chirag/airflow/lib/python3.12/site-packages/airflow/example_dags/example_short_circuit_operator.py took 0.223 seconds
[2024-11-09T19:59:15.167+0000] {processor.py:186} INFO - Started process (PID=8563) to work on /home/chirag/airflow/lib/python3.12/site-packages/airflow/example_dags/example_short_circuit_operator.py
[2024-11-09T19:59:15.170+0000] {processor.py:914} INFO - Processing file /home/chirag/airflow/lib/python3.12/site-packages/airflow/example_dags/example_short_circuit_operator.py for tasks to queue
[2024-11-09T19:59:15.173+0000] {logging_mixin.py:190} INFO - [2024-11-09T19:59:15.172+0000] {dagbag.py:588} INFO - Filling up the DagBag from /home/chirag/airflow/lib/python3.12/site-packages/airflow/example_dags/example_short_circuit_operator.py
[2024-11-09T19:59:15.193+0000] {processor.py:925} INFO - DAG(s) 'example_short_circuit_operator' retrieved from /home/chirag/airflow/lib/python3.12/site-packages/airflow/example_dags/example_short_circuit_operator.py
[2024-11-09T19:59:15.221+0000] {logging_mixin.py:190} INFO - [2024-11-09T19:59:15.220+0000] {dag.py:3239} INFO - Sync 1 DAGs
[2024-11-09T19:59:15.242+0000] {logging_mixin.py:190} INFO - [2024-11-09T19:59:15.241+0000] {dag.py:4180} INFO - Setting next_dagrun for example_short_circuit_operator to None, run_after=None
[2024-11-09T19:59:15.291+0000] {processor.py:208} INFO - Processing /home/chirag/airflow/lib/python3.12/site-packages/airflow/example_dags/example_short_circuit_operator.py took 0.152 seconds
[2024-11-09T20:23:14.257+0000] {processor.py:186} INFO - Started process (PID=12778) to work on /home/chirag/airflow/lib/python3.12/site-packages/airflow/example_dags/example_short_circuit_operator.py
[2024-11-09T20:23:14.261+0000] {processor.py:914} INFO - Processing file /home/chirag/airflow/lib/python3.12/site-packages/airflow/example_dags/example_short_circuit_operator.py for tasks to queue
[2024-11-09T20:23:14.265+0000] {logging_mixin.py:190} INFO - [2024-11-09T20:23:14.264+0000] {dagbag.py:588} INFO - Filling up the DagBag from /home/chirag/airflow/lib/python3.12/site-packages/airflow/example_dags/example_short_circuit_operator.py
[2024-11-09T20:23:14.282+0000] {processor.py:925} INFO - DAG(s) 'example_short_circuit_operator' retrieved from /home/chirag/airflow/lib/python3.12/site-packages/airflow/example_dags/example_short_circuit_operator.py
[2024-11-09T20:23:14.314+0000] {logging_mixin.py:190} INFO - [2024-11-09T20:23:14.314+0000] {dag.py:3239} INFO - Sync 1 DAGs
[2024-11-09T20:23:14.335+0000] {logging_mixin.py:190} INFO - [2024-11-09T20:23:14.335+0000] {dag.py:4180} INFO - Setting next_dagrun for example_short_circuit_operator to None, run_after=None
[2024-11-09T20:23:14.386+0000] {processor.py:208} INFO - Processing /home/chirag/airflow/lib/python3.12/site-packages/airflow/example_dags/example_short_circuit_operator.py took 0.138 seconds
[2024-11-09T20:24:28.301+0000] {processor.py:186} INFO - Started process (PID=12992) to work on /home/chirag/airflow/lib/python3.12/site-packages/airflow/example_dags/example_short_circuit_operator.py
[2024-11-09T20:24:28.304+0000] {processor.py:914} INFO - Processing file /home/chirag/airflow/lib/python3.12/site-packages/airflow/example_dags/example_short_circuit_operator.py for tasks to queue
[2024-11-09T20:24:28.307+0000] {logging_mixin.py:190} INFO - [2024-11-09T20:24:28.306+0000] {dagbag.py:588} INFO - Filling up the DagBag from /home/chirag/airflow/lib/python3.12/site-packages/airflow/example_dags/example_short_circuit_operator.py
[2024-11-09T20:24:28.320+0000] {processor.py:925} INFO - DAG(s) 'example_short_circuit_operator' retrieved from /home/chirag/airflow/lib/python3.12/site-packages/airflow/example_dags/example_short_circuit_operator.py
[2024-11-09T20:24:28.346+0000] {logging_mixin.py:190} INFO - [2024-11-09T20:24:28.345+0000] {dag.py:3239} INFO - Sync 1 DAGs
[2024-11-09T20:24:28.363+0000] {logging_mixin.py:190} INFO - [2024-11-09T20:24:28.362+0000] {dag.py:4180} INFO - Setting next_dagrun for example_short_circuit_operator to None, run_after=None
[2024-11-09T20:24:28.399+0000] {processor.py:208} INFO - Processing /home/chirag/airflow/lib/python3.12/site-packages/airflow/example_dags/example_short_circuit_operator.py took 0.106 seconds
[2024-11-09T20:26:01.598+0000] {processor.py:186} INFO - Started process (PID=13384) to work on /home/chirag/airflow/lib/python3.12/site-packages/airflow/example_dags/example_short_circuit_operator.py
[2024-11-09T20:26:01.601+0000] {processor.py:914} INFO - Processing file /home/chirag/airflow/lib/python3.12/site-packages/airflow/example_dags/example_short_circuit_operator.py for tasks to queue
[2024-11-09T20:26:01.605+0000] {logging_mixin.py:190} INFO - [2024-11-09T20:26:01.604+0000] {dagbag.py:588} INFO - Filling up the DagBag from /home/chirag/airflow/lib/python3.12/site-packages/airflow/example_dags/example_short_circuit_operator.py
[2024-11-09T20:26:01.618+0000] {processor.py:925} INFO - DAG(s) 'example_short_circuit_operator' retrieved from /home/chirag/airflow/lib/python3.12/site-packages/airflow/example_dags/example_short_circuit_operator.py
[2024-11-09T20:26:01.644+0000] {logging_mixin.py:190} INFO - [2024-11-09T20:26:01.644+0000] {dag.py:3239} INFO - Sync 1 DAGs
[2024-11-09T20:26:01.663+0000] {logging_mixin.py:190} INFO - [2024-11-09T20:26:01.662+0000] {dag.py:4180} INFO - Setting next_dagrun for example_short_circuit_operator to None, run_after=None
[2024-11-09T20:26:01.700+0000] {processor.py:208} INFO - Processing /home/chirag/airflow/lib/python3.12/site-packages/airflow/example_dags/example_short_circuit_operator.py took 0.110 seconds
[2024-11-09T20:27:51.335+0000] {processor.py:186} INFO - Started process (PID=13933) to work on /home/chirag/airflow/lib/python3.12/site-packages/airflow/example_dags/example_short_circuit_operator.py
[2024-11-09T20:27:51.338+0000] {processor.py:914} INFO - Processing file /home/chirag/airflow/lib/python3.12/site-packages/airflow/example_dags/example_short_circuit_operator.py for tasks to queue
[2024-11-09T20:27:51.341+0000] {logging_mixin.py:190} INFO - [2024-11-09T20:27:51.341+0000] {dagbag.py:588} INFO - Filling up the DagBag from /home/chirag/airflow/lib/python3.12/site-packages/airflow/example_dags/example_short_circuit_operator.py
[2024-11-09T20:27:51.354+0000] {processor.py:925} INFO - DAG(s) 'example_short_circuit_operator' retrieved from /home/chirag/airflow/lib/python3.12/site-packages/airflow/example_dags/example_short_circuit_operator.py
[2024-11-09T20:27:51.386+0000] {logging_mixin.py:190} INFO - [2024-11-09T20:27:51.385+0000] {dag.py:3239} INFO - Sync 1 DAGs
[2024-11-09T20:27:51.415+0000] {logging_mixin.py:190} INFO - [2024-11-09T20:27:51.415+0000] {dag.py:4180} INFO - Setting next_dagrun for example_short_circuit_operator to None, run_after=None
[2024-11-09T20:27:51.483+0000] {processor.py:208} INFO - Processing /home/chirag/airflow/lib/python3.12/site-packages/airflow/example_dags/example_short_circuit_operator.py took 0.157 seconds
