[2024-11-09T19:17:42.046+0000] {processor.py:186} INFO - Started process (PID=94761) to work on /home/chirag/airflow/lib/python3.12/site-packages/airflow/example_dags/example_local_kubernetes_executor.py
[2024-11-09T19:17:42.047+0000] {processor.py:914} INFO - Processing file /home/chirag/airflow/lib/python3.12/site-packages/airflow/example_dags/example_local_kubernetes_executor.py for tasks to queue
[2024-11-09T19:17:42.051+0000] {logging_mixin.py:190} INFO - [2024-11-09T19:17:42.051+0000] {dagbag.py:588} INFO - Filling up the DagBag from /home/chirag/airflow/lib/python3.12/site-packages/airflow/example_dags/example_local_kubernetes_executor.py
[2024-11-09T19:17:42.057+0000] {logging_mixin.py:190} INFO - [2024-11-09T19:17:42.056+0000] {example_local_kubernetes_executor.py:40} WARNING - Could not import DAGs in example_local_kubernetes_executor.py
Traceback (most recent call last):
  File "/home/chirag/airflow/lib/python3.12/site-packages/airflow/example_dags/example_local_kubernetes_executor.py", line 38, in <module>
    from kubernetes.client import models as k8s
ModuleNotFoundError: No module named 'kubernetes'
[2024-11-09T19:17:42.058+0000] {logging_mixin.py:190} INFO - [2024-11-09T19:17:42.058+0000] {example_local_kubernetes_executor.py:41} WARNING - Install Kubernetes dependencies with: pip install apache-airflow[cncf.kubernetes]
[2024-11-09T19:17:42.058+0000] {processor.py:927} WARNING - No viable dags retrieved from /home/chirag/airflow/lib/python3.12/site-packages/airflow/example_dags/example_local_kubernetes_executor.py
[2024-11-09T19:17:42.081+0000] {processor.py:208} INFO - Processing /home/chirag/airflow/lib/python3.12/site-packages/airflow/example_dags/example_local_kubernetes_executor.py took 0.044 seconds
[2024-11-09T19:28:24.421+0000] {processor.py:186} INFO - Started process (PID=501) to work on /home/chirag/airflow/lib/python3.12/site-packages/airflow/example_dags/example_local_kubernetes_executor.py
[2024-11-09T19:28:24.427+0000] {processor.py:914} INFO - Processing file /home/chirag/airflow/lib/python3.12/site-packages/airflow/example_dags/example_local_kubernetes_executor.py for tasks to queue
[2024-11-09T19:28:24.441+0000] {logging_mixin.py:190} INFO - [2024-11-09T19:28:24.440+0000] {dagbag.py:588} INFO - Filling up the DagBag from /home/chirag/airflow/lib/python3.12/site-packages/airflow/example_dags/example_local_kubernetes_executor.py
[2024-11-09T19:28:24.451+0000] {logging_mixin.py:190} INFO - [2024-11-09T19:28:24.449+0000] {example_local_kubernetes_executor.py:40} WARNING - Could not import DAGs in example_local_kubernetes_executor.py
Traceback (most recent call last):
  File "/home/chirag/airflow/lib/python3.12/site-packages/airflow/example_dags/example_local_kubernetes_executor.py", line 38, in <module>
    from kubernetes.client import models as k8s
ModuleNotFoundError: No module named 'kubernetes'
[2024-11-09T19:28:24.459+0000] {logging_mixin.py:190} INFO - [2024-11-09T19:28:24.452+0000] {example_local_kubernetes_executor.py:41} WARNING - Install Kubernetes dependencies with: pip install apache-airflow[cncf.kubernetes]
[2024-11-09T19:28:24.459+0000] {processor.py:927} WARNING - No viable dags retrieved from /home/chirag/airflow/lib/python3.12/site-packages/airflow/example_dags/example_local_kubernetes_executor.py
[2024-11-09T19:28:24.482+0000] {processor.py:208} INFO - Processing /home/chirag/airflow/lib/python3.12/site-packages/airflow/example_dags/example_local_kubernetes_executor.py took 0.080 seconds
[2024-11-09T19:29:37.992+0000] {processor.py:186} INFO - Started process (PID=591) to work on /home/chirag/airflow/lib/python3.12/site-packages/airflow/example_dags/example_local_kubernetes_executor.py
[2024-11-09T19:29:37.995+0000] {processor.py:914} INFO - Processing file /home/chirag/airflow/lib/python3.12/site-packages/airflow/example_dags/example_local_kubernetes_executor.py for tasks to queue
[2024-11-09T19:29:37.999+0000] {logging_mixin.py:190} INFO - [2024-11-09T19:29:37.998+0000] {dagbag.py:588} INFO - Filling up the DagBag from /home/chirag/airflow/lib/python3.12/site-packages/airflow/example_dags/example_local_kubernetes_executor.py
[2024-11-09T19:29:38.007+0000] {logging_mixin.py:190} INFO - [2024-11-09T19:29:38.006+0000] {example_local_kubernetes_executor.py:40} WARNING - Could not import DAGs in example_local_kubernetes_executor.py
Traceback (most recent call last):
  File "/home/chirag/airflow/lib/python3.12/site-packages/airflow/example_dags/example_local_kubernetes_executor.py", line 38, in <module>
    from kubernetes.client import models as k8s
ModuleNotFoundError: No module named 'kubernetes'
[2024-11-09T19:29:38.008+0000] {logging_mixin.py:190} INFO - [2024-11-09T19:29:38.008+0000] {example_local_kubernetes_executor.py:41} WARNING - Install Kubernetes dependencies with: pip install apache-airflow[cncf.kubernetes]
[2024-11-09T19:29:38.008+0000] {processor.py:927} WARNING - No viable dags retrieved from /home/chirag/airflow/lib/python3.12/site-packages/airflow/example_dags/example_local_kubernetes_executor.py
[2024-11-09T19:29:38.037+0000] {processor.py:208} INFO - Processing /home/chirag/airflow/lib/python3.12/site-packages/airflow/example_dags/example_local_kubernetes_executor.py took 0.069 seconds
[2024-11-09T19:30:58.125+0000] {processor.py:186} INFO - Started process (PID=664) to work on /home/chirag/airflow/lib/python3.12/site-packages/airflow/example_dags/example_local_kubernetes_executor.py
[2024-11-09T19:30:58.128+0000] {processor.py:914} INFO - Processing file /home/chirag/airflow/lib/python3.12/site-packages/airflow/example_dags/example_local_kubernetes_executor.py for tasks to queue
[2024-11-09T19:30:58.131+0000] {logging_mixin.py:190} INFO - [2024-11-09T19:30:58.131+0000] {dagbag.py:588} INFO - Filling up the DagBag from /home/chirag/airflow/lib/python3.12/site-packages/airflow/example_dags/example_local_kubernetes_executor.py
[2024-11-09T19:30:58.136+0000] {logging_mixin.py:190} INFO - [2024-11-09T19:30:58.135+0000] {example_local_kubernetes_executor.py:40} WARNING - Could not import DAGs in example_local_kubernetes_executor.py
Traceback (most recent call last):
  File "/home/chirag/airflow/lib/python3.12/site-packages/airflow/example_dags/example_local_kubernetes_executor.py", line 38, in <module>
    from kubernetes.client import models as k8s
ModuleNotFoundError: No module named 'kubernetes'
[2024-11-09T19:30:58.137+0000] {logging_mixin.py:190} INFO - [2024-11-09T19:30:58.137+0000] {example_local_kubernetes_executor.py:41} WARNING - Install Kubernetes dependencies with: pip install apache-airflow[cncf.kubernetes]
[2024-11-09T19:30:58.137+0000] {processor.py:927} WARNING - No viable dags retrieved from /home/chirag/airflow/lib/python3.12/site-packages/airflow/example_dags/example_local_kubernetes_executor.py
[2024-11-09T19:30:58.152+0000] {processor.py:208} INFO - Processing /home/chirag/airflow/lib/python3.12/site-packages/airflow/example_dags/example_local_kubernetes_executor.py took 0.035 seconds
[2024-11-09T19:32:37.085+0000] {processor.py:186} INFO - Started process (PID=1516) to work on /home/chirag/airflow/lib/python3.12/site-packages/airflow/example_dags/example_local_kubernetes_executor.py
[2024-11-09T19:32:37.098+0000] {processor.py:914} INFO - Processing file /home/chirag/airflow/lib/python3.12/site-packages/airflow/example_dags/example_local_kubernetes_executor.py for tasks to queue
[2024-11-09T19:32:37.101+0000] {logging_mixin.py:190} INFO - [2024-11-09T19:32:37.101+0000] {dagbag.py:588} INFO - Filling up the DagBag from /home/chirag/airflow/lib/python3.12/site-packages/airflow/example_dags/example_local_kubernetes_executor.py
[2024-11-09T19:32:37.107+0000] {logging_mixin.py:190} INFO - [2024-11-09T19:32:37.105+0000] {example_local_kubernetes_executor.py:40} WARNING - Could not import DAGs in example_local_kubernetes_executor.py
Traceback (most recent call last):
  File "/home/chirag/airflow/lib/python3.12/site-packages/airflow/example_dags/example_local_kubernetes_executor.py", line 38, in <module>
    from kubernetes.client import models as k8s
ModuleNotFoundError: No module named 'kubernetes'
[2024-11-09T19:32:37.108+0000] {logging_mixin.py:190} INFO - [2024-11-09T19:32:37.107+0000] {example_local_kubernetes_executor.py:41} WARNING - Install Kubernetes dependencies with: pip install apache-airflow[cncf.kubernetes]
[2024-11-09T19:32:37.109+0000] {processor.py:927} WARNING - No viable dags retrieved from /home/chirag/airflow/lib/python3.12/site-packages/airflow/example_dags/example_local_kubernetes_executor.py
[2024-11-09T19:32:37.125+0000] {processor.py:208} INFO - Processing /home/chirag/airflow/lib/python3.12/site-packages/airflow/example_dags/example_local_kubernetes_executor.py took 0.048 seconds
[2024-11-09T19:34:00.411+0000] {processor.py:186} INFO - Started process (PID=2083) to work on /home/chirag/airflow/lib/python3.12/site-packages/airflow/example_dags/example_local_kubernetes_executor.py
[2024-11-09T19:34:00.414+0000] {processor.py:914} INFO - Processing file /home/chirag/airflow/lib/python3.12/site-packages/airflow/example_dags/example_local_kubernetes_executor.py for tasks to queue
[2024-11-09T19:34:00.417+0000] {logging_mixin.py:190} INFO - [2024-11-09T19:34:00.416+0000] {dagbag.py:588} INFO - Filling up the DagBag from /home/chirag/airflow/lib/python3.12/site-packages/airflow/example_dags/example_local_kubernetes_executor.py
[2024-11-09T19:34:00.422+0000] {logging_mixin.py:190} INFO - [2024-11-09T19:34:00.421+0000] {example_local_kubernetes_executor.py:40} WARNING - Could not import DAGs in example_local_kubernetes_executor.py
Traceback (most recent call last):
  File "/home/chirag/airflow/lib/python3.12/site-packages/airflow/example_dags/example_local_kubernetes_executor.py", line 38, in <module>
    from kubernetes.client import models as k8s
ModuleNotFoundError: No module named 'kubernetes'
[2024-11-09T19:34:00.422+0000] {logging_mixin.py:190} INFO - [2024-11-09T19:34:00.422+0000] {example_local_kubernetes_executor.py:41} WARNING - Install Kubernetes dependencies with: pip install apache-airflow[cncf.kubernetes]
[2024-11-09T19:34:00.423+0000] {processor.py:927} WARNING - No viable dags retrieved from /home/chirag/airflow/lib/python3.12/site-packages/airflow/example_dags/example_local_kubernetes_executor.py
[2024-11-09T19:34:00.438+0000] {processor.py:208} INFO - Processing /home/chirag/airflow/lib/python3.12/site-packages/airflow/example_dags/example_local_kubernetes_executor.py took 0.035 seconds
[2024-11-09T19:35:26.122+0000] {processor.py:186} INFO - Started process (PID=2652) to work on /home/chirag/airflow/lib/python3.12/site-packages/airflow/example_dags/example_local_kubernetes_executor.py
[2024-11-09T19:35:26.124+0000] {processor.py:914} INFO - Processing file /home/chirag/airflow/lib/python3.12/site-packages/airflow/example_dags/example_local_kubernetes_executor.py for tasks to queue
[2024-11-09T19:35:26.129+0000] {logging_mixin.py:190} INFO - [2024-11-09T19:35:26.128+0000] {dagbag.py:588} INFO - Filling up the DagBag from /home/chirag/airflow/lib/python3.12/site-packages/airflow/example_dags/example_local_kubernetes_executor.py
[2024-11-09T19:35:26.135+0000] {logging_mixin.py:190} INFO - [2024-11-09T19:35:26.133+0000] {example_local_kubernetes_executor.py:40} WARNING - Could not import DAGs in example_local_kubernetes_executor.py
Traceback (most recent call last):
  File "/home/chirag/airflow/lib/python3.12/site-packages/airflow/example_dags/example_local_kubernetes_executor.py", line 38, in <module>
    from kubernetes.client import models as k8s
ModuleNotFoundError: No module named 'kubernetes'
[2024-11-09T19:35:26.136+0000] {logging_mixin.py:190} INFO - [2024-11-09T19:35:26.135+0000] {example_local_kubernetes_executor.py:41} WARNING - Install Kubernetes dependencies with: pip install apache-airflow[cncf.kubernetes]
[2024-11-09T19:35:26.136+0000] {processor.py:927} WARNING - No viable dags retrieved from /home/chirag/airflow/lib/python3.12/site-packages/airflow/example_dags/example_local_kubernetes_executor.py
[2024-11-09T19:35:26.151+0000] {processor.py:208} INFO - Processing /home/chirag/airflow/lib/python3.12/site-packages/airflow/example_dags/example_local_kubernetes_executor.py took 0.039 seconds
[2024-11-09T19:36:49.831+0000] {processor.py:186} INFO - Started process (PID=2874) to work on /home/chirag/airflow/lib/python3.12/site-packages/airflow/example_dags/example_local_kubernetes_executor.py
[2024-11-09T19:36:49.835+0000] {processor.py:914} INFO - Processing file /home/chirag/airflow/lib/python3.12/site-packages/airflow/example_dags/example_local_kubernetes_executor.py for tasks to queue
[2024-11-09T19:36:49.839+0000] {logging_mixin.py:190} INFO - [2024-11-09T19:36:49.838+0000] {dagbag.py:588} INFO - Filling up the DagBag from /home/chirag/airflow/lib/python3.12/site-packages/airflow/example_dags/example_local_kubernetes_executor.py
[2024-11-09T19:36:49.845+0000] {logging_mixin.py:190} INFO - [2024-11-09T19:36:49.844+0000] {example_local_kubernetes_executor.py:40} WARNING - Could not import DAGs in example_local_kubernetes_executor.py
Traceback (most recent call last):
  File "/home/chirag/airflow/lib/python3.12/site-packages/airflow/example_dags/example_local_kubernetes_executor.py", line 38, in <module>
    from kubernetes.client import models as k8s
ModuleNotFoundError: No module named 'kubernetes'
[2024-11-09T19:36:49.846+0000] {logging_mixin.py:190} INFO - [2024-11-09T19:36:49.846+0000] {example_local_kubernetes_executor.py:41} WARNING - Install Kubernetes dependencies with: pip install apache-airflow[cncf.kubernetes]
[2024-11-09T19:36:49.846+0000] {processor.py:927} WARNING - No viable dags retrieved from /home/chirag/airflow/lib/python3.12/site-packages/airflow/example_dags/example_local_kubernetes_executor.py
[2024-11-09T19:36:49.861+0000] {processor.py:208} INFO - Processing /home/chirag/airflow/lib/python3.12/site-packages/airflow/example_dags/example_local_kubernetes_executor.py took 0.039 seconds
[2024-11-09T19:37:59.955+0000] {processor.py:186} INFO - Started process (PID=3173) to work on /home/chirag/airflow/lib/python3.12/site-packages/airflow/example_dags/example_local_kubernetes_executor.py
[2024-11-09T19:37:59.958+0000] {processor.py:914} INFO - Processing file /home/chirag/airflow/lib/python3.12/site-packages/airflow/example_dags/example_local_kubernetes_executor.py for tasks to queue
[2024-11-09T19:37:59.962+0000] {logging_mixin.py:190} INFO - [2024-11-09T19:37:59.961+0000] {dagbag.py:588} INFO - Filling up the DagBag from /home/chirag/airflow/lib/python3.12/site-packages/airflow/example_dags/example_local_kubernetes_executor.py
[2024-11-09T19:37:59.968+0000] {logging_mixin.py:190} INFO - [2024-11-09T19:37:59.967+0000] {example_local_kubernetes_executor.py:40} WARNING - Could not import DAGs in example_local_kubernetes_executor.py
Traceback (most recent call last):
  File "/home/chirag/airflow/lib/python3.12/site-packages/airflow/example_dags/example_local_kubernetes_executor.py", line 38, in <module>
    from kubernetes.client import models as k8s
ModuleNotFoundError: No module named 'kubernetes'
[2024-11-09T19:37:59.968+0000] {logging_mixin.py:190} INFO - [2024-11-09T19:37:59.968+0000] {example_local_kubernetes_executor.py:41} WARNING - Install Kubernetes dependencies with: pip install apache-airflow[cncf.kubernetes]
[2024-11-09T19:37:59.969+0000] {processor.py:927} WARNING - No viable dags retrieved from /home/chirag/airflow/lib/python3.12/site-packages/airflow/example_dags/example_local_kubernetes_executor.py
[2024-11-09T19:37:59.984+0000] {processor.py:208} INFO - Processing /home/chirag/airflow/lib/python3.12/site-packages/airflow/example_dags/example_local_kubernetes_executor.py took 0.044 seconds
[2024-11-09T19:39:13.979+0000] {processor.py:186} INFO - Started process (PID=3459) to work on /home/chirag/airflow/lib/python3.12/site-packages/airflow/example_dags/example_local_kubernetes_executor.py
[2024-11-09T19:39:13.982+0000] {processor.py:914} INFO - Processing file /home/chirag/airflow/lib/python3.12/site-packages/airflow/example_dags/example_local_kubernetes_executor.py for tasks to queue
[2024-11-09T19:39:13.987+0000] {logging_mixin.py:190} INFO - [2024-11-09T19:39:13.986+0000] {dagbag.py:588} INFO - Filling up the DagBag from /home/chirag/airflow/lib/python3.12/site-packages/airflow/example_dags/example_local_kubernetes_executor.py
[2024-11-09T19:39:13.992+0000] {logging_mixin.py:190} INFO - [2024-11-09T19:39:13.991+0000] {example_local_kubernetes_executor.py:40} WARNING - Could not import DAGs in example_local_kubernetes_executor.py
Traceback (most recent call last):
  File "/home/chirag/airflow/lib/python3.12/site-packages/airflow/example_dags/example_local_kubernetes_executor.py", line 38, in <module>
    from kubernetes.client import models as k8s
ModuleNotFoundError: No module named 'kubernetes'
[2024-11-09T19:39:13.993+0000] {logging_mixin.py:190} INFO - [2024-11-09T19:39:13.992+0000] {example_local_kubernetes_executor.py:41} WARNING - Install Kubernetes dependencies with: pip install apache-airflow[cncf.kubernetes]
[2024-11-09T19:39:13.993+0000] {processor.py:927} WARNING - No viable dags retrieved from /home/chirag/airflow/lib/python3.12/site-packages/airflow/example_dags/example_local_kubernetes_executor.py
[2024-11-09T19:39:14.012+0000] {processor.py:208} INFO - Processing /home/chirag/airflow/lib/python3.12/site-packages/airflow/example_dags/example_local_kubernetes_executor.py took 0.043 seconds
[2024-11-09T19:40:40.122+0000] {processor.py:186} INFO - Started process (PID=3693) to work on /home/chirag/airflow/lib/python3.12/site-packages/airflow/example_dags/example_local_kubernetes_executor.py
[2024-11-09T19:40:40.125+0000] {processor.py:914} INFO - Processing file /home/chirag/airflow/lib/python3.12/site-packages/airflow/example_dags/example_local_kubernetes_executor.py for tasks to queue
[2024-11-09T19:40:40.128+0000] {logging_mixin.py:190} INFO - [2024-11-09T19:40:40.128+0000] {dagbag.py:588} INFO - Filling up the DagBag from /home/chirag/airflow/lib/python3.12/site-packages/airflow/example_dags/example_local_kubernetes_executor.py
[2024-11-09T19:40:40.134+0000] {logging_mixin.py:190} INFO - [2024-11-09T19:40:40.133+0000] {example_local_kubernetes_executor.py:40} WARNING - Could not import DAGs in example_local_kubernetes_executor.py
Traceback (most recent call last):
  File "/home/chirag/airflow/lib/python3.12/site-packages/airflow/example_dags/example_local_kubernetes_executor.py", line 38, in <module>
    from kubernetes.client import models as k8s
ModuleNotFoundError: No module named 'kubernetes'
[2024-11-09T19:40:40.134+0000] {logging_mixin.py:190} INFO - [2024-11-09T19:40:40.134+0000] {example_local_kubernetes_executor.py:41} WARNING - Install Kubernetes dependencies with: pip install apache-airflow[cncf.kubernetes]
[2024-11-09T19:40:40.135+0000] {processor.py:927} WARNING - No viable dags retrieved from /home/chirag/airflow/lib/python3.12/site-packages/airflow/example_dags/example_local_kubernetes_executor.py
[2024-11-09T19:40:40.151+0000] {processor.py:208} INFO - Processing /home/chirag/airflow/lib/python3.12/site-packages/airflow/example_dags/example_local_kubernetes_executor.py took 0.038 seconds
[2024-11-09T19:41:53.004+0000] {processor.py:186} INFO - Started process (PID=3901) to work on /home/chirag/airflow/lib/python3.12/site-packages/airflow/example_dags/example_local_kubernetes_executor.py
[2024-11-09T19:41:53.010+0000] {processor.py:914} INFO - Processing file /home/chirag/airflow/lib/python3.12/site-packages/airflow/example_dags/example_local_kubernetes_executor.py for tasks to queue
[2024-11-09T19:41:53.013+0000] {logging_mixin.py:190} INFO - [2024-11-09T19:41:53.012+0000] {dagbag.py:588} INFO - Filling up the DagBag from /home/chirag/airflow/lib/python3.12/site-packages/airflow/example_dags/example_local_kubernetes_executor.py
[2024-11-09T19:41:53.018+0000] {logging_mixin.py:190} INFO - [2024-11-09T19:41:53.017+0000] {example_local_kubernetes_executor.py:40} WARNING - Could not import DAGs in example_local_kubernetes_executor.py
Traceback (most recent call last):
  File "/home/chirag/airflow/lib/python3.12/site-packages/airflow/example_dags/example_local_kubernetes_executor.py", line 38, in <module>
    from kubernetes.client import models as k8s
ModuleNotFoundError: No module named 'kubernetes'
[2024-11-09T19:41:53.019+0000] {logging_mixin.py:190} INFO - [2024-11-09T19:41:53.019+0000] {example_local_kubernetes_executor.py:41} WARNING - Install Kubernetes dependencies with: pip install apache-airflow[cncf.kubernetes]
[2024-11-09T19:41:53.019+0000] {processor.py:927} WARNING - No viable dags retrieved from /home/chirag/airflow/lib/python3.12/site-packages/airflow/example_dags/example_local_kubernetes_executor.py
[2024-11-09T19:41:53.036+0000] {processor.py:208} INFO - Processing /home/chirag/airflow/lib/python3.12/site-packages/airflow/example_dags/example_local_kubernetes_executor.py took 0.041 seconds
[2024-11-09T19:43:10.321+0000] {processor.py:186} INFO - Started process (PID=4122) to work on /home/chirag/airflow/lib/python3.12/site-packages/airflow/example_dags/example_local_kubernetes_executor.py
[2024-11-09T19:43:10.324+0000] {processor.py:914} INFO - Processing file /home/chirag/airflow/lib/python3.12/site-packages/airflow/example_dags/example_local_kubernetes_executor.py for tasks to queue
[2024-11-09T19:43:10.330+0000] {logging_mixin.py:190} INFO - [2024-11-09T19:43:10.329+0000] {dagbag.py:588} INFO - Filling up the DagBag from /home/chirag/airflow/lib/python3.12/site-packages/airflow/example_dags/example_local_kubernetes_executor.py
[2024-11-09T19:43:10.338+0000] {logging_mixin.py:190} INFO - [2024-11-09T19:43:10.336+0000] {example_local_kubernetes_executor.py:40} WARNING - Could not import DAGs in example_local_kubernetes_executor.py
Traceback (most recent call last):
  File "/home/chirag/airflow/lib/python3.12/site-packages/airflow/example_dags/example_local_kubernetes_executor.py", line 38, in <module>
    from kubernetes.client import models as k8s
ModuleNotFoundError: No module named 'kubernetes'
[2024-11-09T19:43:10.339+0000] {logging_mixin.py:190} INFO - [2024-11-09T19:43:10.338+0000] {example_local_kubernetes_executor.py:41} WARNING - Install Kubernetes dependencies with: pip install apache-airflow[cncf.kubernetes]
[2024-11-09T19:43:10.339+0000] {processor.py:927} WARNING - No viable dags retrieved from /home/chirag/airflow/lib/python3.12/site-packages/airflow/example_dags/example_local_kubernetes_executor.py
[2024-11-09T19:43:10.373+0000] {processor.py:208} INFO - Processing /home/chirag/airflow/lib/python3.12/site-packages/airflow/example_dags/example_local_kubernetes_executor.py took 0.062 seconds
[2024-11-09T19:44:26.204+0000] {processor.py:186} INFO - Started process (PID=4342) to work on /home/chirag/airflow/lib/python3.12/site-packages/airflow/example_dags/example_local_kubernetes_executor.py
[2024-11-09T19:44:26.207+0000] {processor.py:914} INFO - Processing file /home/chirag/airflow/lib/python3.12/site-packages/airflow/example_dags/example_local_kubernetes_executor.py for tasks to queue
[2024-11-09T19:44:26.210+0000] {logging_mixin.py:190} INFO - [2024-11-09T19:44:26.210+0000] {dagbag.py:588} INFO - Filling up the DagBag from /home/chirag/airflow/lib/python3.12/site-packages/airflow/example_dags/example_local_kubernetes_executor.py
[2024-11-09T19:44:26.215+0000] {logging_mixin.py:190} INFO - [2024-11-09T19:44:26.214+0000] {example_local_kubernetes_executor.py:40} WARNING - Could not import DAGs in example_local_kubernetes_executor.py
Traceback (most recent call last):
  File "/home/chirag/airflow/lib/python3.12/site-packages/airflow/example_dags/example_local_kubernetes_executor.py", line 38, in <module>
    from kubernetes.client import models as k8s
ModuleNotFoundError: No module named 'kubernetes'
[2024-11-09T19:44:26.216+0000] {logging_mixin.py:190} INFO - [2024-11-09T19:44:26.216+0000] {example_local_kubernetes_executor.py:41} WARNING - Install Kubernetes dependencies with: pip install apache-airflow[cncf.kubernetes]
[2024-11-09T19:44:26.216+0000] {processor.py:927} WARNING - No viable dags retrieved from /home/chirag/airflow/lib/python3.12/site-packages/airflow/example_dags/example_local_kubernetes_executor.py
[2024-11-09T19:44:26.232+0000] {processor.py:208} INFO - Processing /home/chirag/airflow/lib/python3.12/site-packages/airflow/example_dags/example_local_kubernetes_executor.py took 0.036 seconds
[2024-11-09T19:46:06.614+0000] {processor.py:186} INFO - Started process (PID=4628) to work on /home/chirag/airflow/lib/python3.12/site-packages/airflow/example_dags/example_local_kubernetes_executor.py
[2024-11-09T19:46:06.616+0000] {processor.py:914} INFO - Processing file /home/chirag/airflow/lib/python3.12/site-packages/airflow/example_dags/example_local_kubernetes_executor.py for tasks to queue
[2024-11-09T19:46:06.620+0000] {logging_mixin.py:190} INFO - [2024-11-09T19:46:06.619+0000] {dagbag.py:588} INFO - Filling up the DagBag from /home/chirag/airflow/lib/python3.12/site-packages/airflow/example_dags/example_local_kubernetes_executor.py
[2024-11-09T19:46:06.625+0000] {logging_mixin.py:190} INFO - [2024-11-09T19:46:06.624+0000] {example_local_kubernetes_executor.py:40} WARNING - Could not import DAGs in example_local_kubernetes_executor.py
Traceback (most recent call last):
  File "/home/chirag/airflow/lib/python3.12/site-packages/airflow/example_dags/example_local_kubernetes_executor.py", line 38, in <module>
    from kubernetes.client import models as k8s
ModuleNotFoundError: No module named 'kubernetes'
[2024-11-09T19:46:06.625+0000] {logging_mixin.py:190} INFO - [2024-11-09T19:46:06.625+0000] {example_local_kubernetes_executor.py:41} WARNING - Install Kubernetes dependencies with: pip install apache-airflow[cncf.kubernetes]
[2024-11-09T19:46:06.626+0000] {processor.py:927} WARNING - No viable dags retrieved from /home/chirag/airflow/lib/python3.12/site-packages/airflow/example_dags/example_local_kubernetes_executor.py
[2024-11-09T19:46:06.644+0000] {processor.py:208} INFO - Processing /home/chirag/airflow/lib/python3.12/site-packages/airflow/example_dags/example_local_kubernetes_executor.py took 0.040 seconds
[2024-11-09T19:47:29.855+0000] {processor.py:186} INFO - Started process (PID=4906) to work on /home/chirag/airflow/lib/python3.12/site-packages/airflow/example_dags/example_local_kubernetes_executor.py
[2024-11-09T19:47:29.858+0000] {processor.py:914} INFO - Processing file /home/chirag/airflow/lib/python3.12/site-packages/airflow/example_dags/example_local_kubernetes_executor.py for tasks to queue
[2024-11-09T19:47:29.861+0000] {logging_mixin.py:190} INFO - [2024-11-09T19:47:29.861+0000] {dagbag.py:588} INFO - Filling up the DagBag from /home/chirag/airflow/lib/python3.12/site-packages/airflow/example_dags/example_local_kubernetes_executor.py
[2024-11-09T19:47:29.866+0000] {logging_mixin.py:190} INFO - [2024-11-09T19:47:29.865+0000] {example_local_kubernetes_executor.py:40} WARNING - Could not import DAGs in example_local_kubernetes_executor.py
Traceback (most recent call last):
  File "/home/chirag/airflow/lib/python3.12/site-packages/airflow/example_dags/example_local_kubernetes_executor.py", line 38, in <module>
    from kubernetes.client import models as k8s
ModuleNotFoundError: No module named 'kubernetes'
[2024-11-09T19:47:29.866+0000] {logging_mixin.py:190} INFO - [2024-11-09T19:47:29.866+0000] {example_local_kubernetes_executor.py:41} WARNING - Install Kubernetes dependencies with: pip install apache-airflow[cncf.kubernetes]
[2024-11-09T19:47:29.867+0000] {processor.py:927} WARNING - No viable dags retrieved from /home/chirag/airflow/lib/python3.12/site-packages/airflow/example_dags/example_local_kubernetes_executor.py
[2024-11-09T19:47:29.884+0000] {processor.py:208} INFO - Processing /home/chirag/airflow/lib/python3.12/site-packages/airflow/example_dags/example_local_kubernetes_executor.py took 0.037 seconds
[2024-11-09T19:48:49.007+0000] {processor.py:186} INFO - Started process (PID=5140) to work on /home/chirag/airflow/lib/python3.12/site-packages/airflow/example_dags/example_local_kubernetes_executor.py
[2024-11-09T19:48:49.011+0000] {processor.py:914} INFO - Processing file /home/chirag/airflow/lib/python3.12/site-packages/airflow/example_dags/example_local_kubernetes_executor.py for tasks to queue
[2024-11-09T19:48:49.014+0000] {logging_mixin.py:190} INFO - [2024-11-09T19:48:49.014+0000] {dagbag.py:588} INFO - Filling up the DagBag from /home/chirag/airflow/lib/python3.12/site-packages/airflow/example_dags/example_local_kubernetes_executor.py
[2024-11-09T19:48:49.020+0000] {logging_mixin.py:190} INFO - [2024-11-09T19:48:49.018+0000] {example_local_kubernetes_executor.py:40} WARNING - Could not import DAGs in example_local_kubernetes_executor.py
Traceback (most recent call last):
  File "/home/chirag/airflow/lib/python3.12/site-packages/airflow/example_dags/example_local_kubernetes_executor.py", line 38, in <module>
    from kubernetes.client import models as k8s
ModuleNotFoundError: No module named 'kubernetes'
[2024-11-09T19:48:49.021+0000] {logging_mixin.py:190} INFO - [2024-11-09T19:48:49.021+0000] {example_local_kubernetes_executor.py:41} WARNING - Install Kubernetes dependencies with: pip install apache-airflow[cncf.kubernetes]
[2024-11-09T19:48:49.021+0000] {processor.py:927} WARNING - No viable dags retrieved from /home/chirag/airflow/lib/python3.12/site-packages/airflow/example_dags/example_local_kubernetes_executor.py
[2024-11-09T19:48:49.037+0000] {processor.py:208} INFO - Processing /home/chirag/airflow/lib/python3.12/site-packages/airflow/example_dags/example_local_kubernetes_executor.py took 0.038 seconds
[2024-11-09T19:50:01.540+0000] {processor.py:186} INFO - Started process (PID=5454) to work on /home/chirag/airflow/lib/python3.12/site-packages/airflow/example_dags/example_local_kubernetes_executor.py
[2024-11-09T19:50:01.545+0000] {processor.py:914} INFO - Processing file /home/chirag/airflow/lib/python3.12/site-packages/airflow/example_dags/example_local_kubernetes_executor.py for tasks to queue
[2024-11-09T19:50:01.548+0000] {logging_mixin.py:190} INFO - [2024-11-09T19:50:01.547+0000] {dagbag.py:588} INFO - Filling up the DagBag from /home/chirag/airflow/lib/python3.12/site-packages/airflow/example_dags/example_local_kubernetes_executor.py
[2024-11-09T19:50:01.554+0000] {logging_mixin.py:190} INFO - [2024-11-09T19:50:01.552+0000] {example_local_kubernetes_executor.py:40} WARNING - Could not import DAGs in example_local_kubernetes_executor.py
Traceback (most recent call last):
  File "/home/chirag/airflow/lib/python3.12/site-packages/airflow/example_dags/example_local_kubernetes_executor.py", line 38, in <module>
    from kubernetes.client import models as k8s
ModuleNotFoundError: No module named 'kubernetes'
[2024-11-09T19:50:01.555+0000] {logging_mixin.py:190} INFO - [2024-11-09T19:50:01.554+0000] {example_local_kubernetes_executor.py:41} WARNING - Install Kubernetes dependencies with: pip install apache-airflow[cncf.kubernetes]
[2024-11-09T19:50:01.555+0000] {processor.py:927} WARNING - No viable dags retrieved from /home/chirag/airflow/lib/python3.12/site-packages/airflow/example_dags/example_local_kubernetes_executor.py
[2024-11-09T19:50:01.570+0000] {processor.py:208} INFO - Processing /home/chirag/airflow/lib/python3.12/site-packages/airflow/example_dags/example_local_kubernetes_executor.py took 0.038 seconds
[2024-11-09T19:51:13.315+0000] {processor.py:186} INFO - Started process (PID=6050) to work on /home/chirag/airflow/lib/python3.12/site-packages/airflow/example_dags/example_local_kubernetes_executor.py
[2024-11-09T19:51:13.320+0000] {processor.py:914} INFO - Processing file /home/chirag/airflow/lib/python3.12/site-packages/airflow/example_dags/example_local_kubernetes_executor.py for tasks to queue
[2024-11-09T19:51:13.325+0000] {logging_mixin.py:190} INFO - [2024-11-09T19:51:13.324+0000] {dagbag.py:588} INFO - Filling up the DagBag from /home/chirag/airflow/lib/python3.12/site-packages/airflow/example_dags/example_local_kubernetes_executor.py
[2024-11-09T19:51:13.336+0000] {logging_mixin.py:190} INFO - [2024-11-09T19:51:13.333+0000] {example_local_kubernetes_executor.py:40} WARNING - Could not import DAGs in example_local_kubernetes_executor.py
Traceback (most recent call last):
  File "/home/chirag/airflow/lib/python3.12/site-packages/airflow/example_dags/example_local_kubernetes_executor.py", line 38, in <module>
    from kubernetes.client import models as k8s
ModuleNotFoundError: No module named 'kubernetes'
[2024-11-09T19:51:13.337+0000] {logging_mixin.py:190} INFO - [2024-11-09T19:51:13.337+0000] {example_local_kubernetes_executor.py:41} WARNING - Install Kubernetes dependencies with: pip install apache-airflow[cncf.kubernetes]
[2024-11-09T19:51:13.338+0000] {processor.py:927} WARNING - No viable dags retrieved from /home/chirag/airflow/lib/python3.12/site-packages/airflow/example_dags/example_local_kubernetes_executor.py
[2024-11-09T19:51:13.380+0000] {processor.py:208} INFO - Processing /home/chirag/airflow/lib/python3.12/site-packages/airflow/example_dags/example_local_kubernetes_executor.py took 0.088 seconds
[2024-11-09T19:52:46.944+0000] {processor.py:186} INFO - Started process (PID=6447) to work on /home/chirag/airflow/lib/python3.12/site-packages/airflow/example_dags/example_local_kubernetes_executor.py
[2024-11-09T19:52:46.946+0000] {processor.py:914} INFO - Processing file /home/chirag/airflow/lib/python3.12/site-packages/airflow/example_dags/example_local_kubernetes_executor.py for tasks to queue
[2024-11-09T19:52:46.950+0000] {logging_mixin.py:190} INFO - [2024-11-09T19:52:46.949+0000] {dagbag.py:588} INFO - Filling up the DagBag from /home/chirag/airflow/lib/python3.12/site-packages/airflow/example_dags/example_local_kubernetes_executor.py
[2024-11-09T19:52:46.955+0000] {logging_mixin.py:190} INFO - [2024-11-09T19:52:46.954+0000] {example_local_kubernetes_executor.py:40} WARNING - Could not import DAGs in example_local_kubernetes_executor.py
Traceback (most recent call last):
  File "/home/chirag/airflow/lib/python3.12/site-packages/airflow/example_dags/example_local_kubernetes_executor.py", line 38, in <module>
    from kubernetes.client import models as k8s
ModuleNotFoundError: No module named 'kubernetes'
[2024-11-09T19:52:46.956+0000] {logging_mixin.py:190} INFO - [2024-11-09T19:52:46.955+0000] {example_local_kubernetes_executor.py:41} WARNING - Install Kubernetes dependencies with: pip install apache-airflow[cncf.kubernetes]
[2024-11-09T19:52:46.956+0000] {processor.py:927} WARNING - No viable dags retrieved from /home/chirag/airflow/lib/python3.12/site-packages/airflow/example_dags/example_local_kubernetes_executor.py
[2024-11-09T19:52:46.971+0000] {processor.py:208} INFO - Processing /home/chirag/airflow/lib/python3.12/site-packages/airflow/example_dags/example_local_kubernetes_executor.py took 0.036 seconds
[2024-11-09T19:54:18.045+0000] {processor.py:186} INFO - Started process (PID=7126) to work on /home/chirag/airflow/lib/python3.12/site-packages/airflow/example_dags/example_local_kubernetes_executor.py
[2024-11-09T19:54:18.048+0000] {processor.py:914} INFO - Processing file /home/chirag/airflow/lib/python3.12/site-packages/airflow/example_dags/example_local_kubernetes_executor.py for tasks to queue
[2024-11-09T19:54:18.053+0000] {logging_mixin.py:190} INFO - [2024-11-09T19:54:18.052+0000] {dagbag.py:588} INFO - Filling up the DagBag from /home/chirag/airflow/lib/python3.12/site-packages/airflow/example_dags/example_local_kubernetes_executor.py
[2024-11-09T19:54:18.058+0000] {logging_mixin.py:190} INFO - [2024-11-09T19:54:18.057+0000] {example_local_kubernetes_executor.py:40} WARNING - Could not import DAGs in example_local_kubernetes_executor.py
Traceback (most recent call last):
  File "/home/chirag/airflow/lib/python3.12/site-packages/airflow/example_dags/example_local_kubernetes_executor.py", line 38, in <module>
    from kubernetes.client import models as k8s
ModuleNotFoundError: No module named 'kubernetes'
[2024-11-09T19:54:18.058+0000] {logging_mixin.py:190} INFO - [2024-11-09T19:54:18.058+0000] {example_local_kubernetes_executor.py:41} WARNING - Install Kubernetes dependencies with: pip install apache-airflow[cncf.kubernetes]
[2024-11-09T19:54:18.059+0000] {processor.py:927} WARNING - No viable dags retrieved from /home/chirag/airflow/lib/python3.12/site-packages/airflow/example_dags/example_local_kubernetes_executor.py
[2024-11-09T19:54:18.081+0000] {processor.py:208} INFO - Processing /home/chirag/airflow/lib/python3.12/site-packages/airflow/example_dags/example_local_kubernetes_executor.py took 0.045 seconds
[2024-11-09T19:55:34.165+0000] {processor.py:186} INFO - Started process (PID=7680) to work on /home/chirag/airflow/lib/python3.12/site-packages/airflow/example_dags/example_local_kubernetes_executor.py
[2024-11-09T19:55:34.171+0000] {processor.py:914} INFO - Processing file /home/chirag/airflow/lib/python3.12/site-packages/airflow/example_dags/example_local_kubernetes_executor.py for tasks to queue
[2024-11-09T19:55:34.175+0000] {logging_mixin.py:190} INFO - [2024-11-09T19:55:34.175+0000] {dagbag.py:588} INFO - Filling up the DagBag from /home/chirag/airflow/lib/python3.12/site-packages/airflow/example_dags/example_local_kubernetes_executor.py
[2024-11-09T19:55:34.182+0000] {logging_mixin.py:190} INFO - [2024-11-09T19:55:34.181+0000] {example_local_kubernetes_executor.py:40} WARNING - Could not import DAGs in example_local_kubernetes_executor.py
Traceback (most recent call last):
  File "/home/chirag/airflow/lib/python3.12/site-packages/airflow/example_dags/example_local_kubernetes_executor.py", line 38, in <module>
    from kubernetes.client import models as k8s
ModuleNotFoundError: No module named 'kubernetes'
[2024-11-09T19:55:34.182+0000] {logging_mixin.py:190} INFO - [2024-11-09T19:55:34.182+0000] {example_local_kubernetes_executor.py:41} WARNING - Install Kubernetes dependencies with: pip install apache-airflow[cncf.kubernetes]
[2024-11-09T19:55:34.183+0000] {processor.py:927} WARNING - No viable dags retrieved from /home/chirag/airflow/lib/python3.12/site-packages/airflow/example_dags/example_local_kubernetes_executor.py
[2024-11-09T19:55:34.198+0000] {processor.py:208} INFO - Processing /home/chirag/airflow/lib/python3.12/site-packages/airflow/example_dags/example_local_kubernetes_executor.py took 0.044 seconds
[2024-11-09T19:57:07.210+0000] {processor.py:186} INFO - Started process (PID=8058) to work on /home/chirag/airflow/lib/python3.12/site-packages/airflow/example_dags/example_local_kubernetes_executor.py
[2024-11-09T19:57:07.213+0000] {processor.py:914} INFO - Processing file /home/chirag/airflow/lib/python3.12/site-packages/airflow/example_dags/example_local_kubernetes_executor.py for tasks to queue
[2024-11-09T19:57:07.227+0000] {logging_mixin.py:190} INFO - [2024-11-09T19:57:07.226+0000] {dagbag.py:588} INFO - Filling up the DagBag from /home/chirag/airflow/lib/python3.12/site-packages/airflow/example_dags/example_local_kubernetes_executor.py
[2024-11-09T19:57:07.239+0000] {logging_mixin.py:190} INFO - [2024-11-09T19:57:07.234+0000] {example_local_kubernetes_executor.py:40} WARNING - Could not import DAGs in example_local_kubernetes_executor.py
Traceback (most recent call last):
  File "/home/chirag/airflow/lib/python3.12/site-packages/airflow/example_dags/example_local_kubernetes_executor.py", line 38, in <module>
    from kubernetes.client import models as k8s
ModuleNotFoundError: No module named 'kubernetes'
[2024-11-09T19:57:07.239+0000] {logging_mixin.py:190} INFO - [2024-11-09T19:57:07.239+0000] {example_local_kubernetes_executor.py:41} WARNING - Install Kubernetes dependencies with: pip install apache-airflow[cncf.kubernetes]
[2024-11-09T19:57:07.240+0000] {processor.py:927} WARNING - No viable dags retrieved from /home/chirag/airflow/lib/python3.12/site-packages/airflow/example_dags/example_local_kubernetes_executor.py
[2024-11-09T19:57:07.326+0000] {processor.py:208} INFO - Processing /home/chirag/airflow/lib/python3.12/site-packages/airflow/example_dags/example_local_kubernetes_executor.py took 0.131 seconds
[2024-11-09T19:59:08.501+0000] {processor.py:186} INFO - Started process (PID=8546) to work on /home/chirag/airflow/lib/python3.12/site-packages/airflow/example_dags/example_local_kubernetes_executor.py
[2024-11-09T19:59:08.505+0000] {processor.py:914} INFO - Processing file /home/chirag/airflow/lib/python3.12/site-packages/airflow/example_dags/example_local_kubernetes_executor.py for tasks to queue
[2024-11-09T19:59:08.508+0000] {logging_mixin.py:190} INFO - [2024-11-09T19:59:08.508+0000] {dagbag.py:588} INFO - Filling up the DagBag from /home/chirag/airflow/lib/python3.12/site-packages/airflow/example_dags/example_local_kubernetes_executor.py
[2024-11-09T19:59:08.513+0000] {logging_mixin.py:190} INFO - [2024-11-09T19:59:08.512+0000] {example_local_kubernetes_executor.py:40} WARNING - Could not import DAGs in example_local_kubernetes_executor.py
Traceback (most recent call last):
  File "/home/chirag/airflow/lib/python3.12/site-packages/airflow/example_dags/example_local_kubernetes_executor.py", line 38, in <module>
    from kubernetes.client import models as k8s
ModuleNotFoundError: No module named 'kubernetes'
[2024-11-09T19:59:08.514+0000] {logging_mixin.py:190} INFO - [2024-11-09T19:59:08.514+0000] {example_local_kubernetes_executor.py:41} WARNING - Install Kubernetes dependencies with: pip install apache-airflow[cncf.kubernetes]
[2024-11-09T19:59:08.515+0000] {processor.py:927} WARNING - No viable dags retrieved from /home/chirag/airflow/lib/python3.12/site-packages/airflow/example_dags/example_local_kubernetes_executor.py
[2024-11-09T19:59:08.530+0000] {processor.py:208} INFO - Processing /home/chirag/airflow/lib/python3.12/site-packages/airflow/example_dags/example_local_kubernetes_executor.py took 0.037 seconds
[2024-11-09T20:23:07.567+0000] {processor.py:186} INFO - Started process (PID=12759) to work on /home/chirag/airflow/lib/python3.12/site-packages/airflow/example_dags/example_local_kubernetes_executor.py
[2024-11-09T20:23:07.573+0000] {processor.py:914} INFO - Processing file /home/chirag/airflow/lib/python3.12/site-packages/airflow/example_dags/example_local_kubernetes_executor.py for tasks to queue
[2024-11-09T20:23:07.579+0000] {logging_mixin.py:190} INFO - [2024-11-09T20:23:07.578+0000] {dagbag.py:588} INFO - Filling up the DagBag from /home/chirag/airflow/lib/python3.12/site-packages/airflow/example_dags/example_local_kubernetes_executor.py
[2024-11-09T20:23:07.585+0000] {logging_mixin.py:190} INFO - [2024-11-09T20:23:07.584+0000] {example_local_kubernetes_executor.py:40} WARNING - Could not import DAGs in example_local_kubernetes_executor.py
Traceback (most recent call last):
  File "/home/chirag/airflow/lib/python3.12/site-packages/airflow/example_dags/example_local_kubernetes_executor.py", line 38, in <module>
    from kubernetes.client import models as k8s
ModuleNotFoundError: No module named 'kubernetes'
[2024-11-09T20:23:07.586+0000] {logging_mixin.py:190} INFO - [2024-11-09T20:23:07.586+0000] {example_local_kubernetes_executor.py:41} WARNING - Install Kubernetes dependencies with: pip install apache-airflow[cncf.kubernetes]
[2024-11-09T20:23:07.587+0000] {processor.py:927} WARNING - No viable dags retrieved from /home/chirag/airflow/lib/python3.12/site-packages/airflow/example_dags/example_local_kubernetes_executor.py
[2024-11-09T20:23:07.608+0000] {processor.py:208} INFO - Processing /home/chirag/airflow/lib/python3.12/site-packages/airflow/example_dags/example_local_kubernetes_executor.py took 0.052 seconds
[2024-11-09T20:24:22.679+0000] {processor.py:186} INFO - Started process (PID=12975) to work on /home/chirag/airflow/lib/python3.12/site-packages/airflow/example_dags/example_local_kubernetes_executor.py
[2024-11-09T20:24:22.682+0000] {processor.py:914} INFO - Processing file /home/chirag/airflow/lib/python3.12/site-packages/airflow/example_dags/example_local_kubernetes_executor.py for tasks to queue
[2024-11-09T20:24:22.685+0000] {logging_mixin.py:190} INFO - [2024-11-09T20:24:22.684+0000] {dagbag.py:588} INFO - Filling up the DagBag from /home/chirag/airflow/lib/python3.12/site-packages/airflow/example_dags/example_local_kubernetes_executor.py
[2024-11-09T20:24:22.690+0000] {logging_mixin.py:190} INFO - [2024-11-09T20:24:22.689+0000] {example_local_kubernetes_executor.py:40} WARNING - Could not import DAGs in example_local_kubernetes_executor.py
Traceback (most recent call last):
  File "/home/chirag/airflow/lib/python3.12/site-packages/airflow/example_dags/example_local_kubernetes_executor.py", line 38, in <module>
    from kubernetes.client import models as k8s
ModuleNotFoundError: No module named 'kubernetes'
[2024-11-09T20:24:22.690+0000] {logging_mixin.py:190} INFO - [2024-11-09T20:24:22.690+0000] {example_local_kubernetes_executor.py:41} WARNING - Install Kubernetes dependencies with: pip install apache-airflow[cncf.kubernetes]
[2024-11-09T20:24:22.691+0000] {processor.py:927} WARNING - No viable dags retrieved from /home/chirag/airflow/lib/python3.12/site-packages/airflow/example_dags/example_local_kubernetes_executor.py
[2024-11-09T20:24:22.706+0000] {processor.py:208} INFO - Processing /home/chirag/airflow/lib/python3.12/site-packages/airflow/example_dags/example_local_kubernetes_executor.py took 0.035 seconds
[2024-11-09T20:25:45.293+0000] {processor.py:186} INFO - Started process (PID=13230) to work on /home/chirag/airflow/lib/python3.12/site-packages/airflow/example_dags/example_local_kubernetes_executor.py
[2024-11-09T20:25:45.295+0000] {processor.py:914} INFO - Processing file /home/chirag/airflow/lib/python3.12/site-packages/airflow/example_dags/example_local_kubernetes_executor.py for tasks to queue
[2024-11-09T20:25:45.298+0000] {logging_mixin.py:190} INFO - [2024-11-09T20:25:45.297+0000] {dagbag.py:588} INFO - Filling up the DagBag from /home/chirag/airflow/lib/python3.12/site-packages/airflow/example_dags/example_local_kubernetes_executor.py
[2024-11-09T20:25:45.304+0000] {logging_mixin.py:190} INFO - [2024-11-09T20:25:45.303+0000] {example_local_kubernetes_executor.py:40} WARNING - Could not import DAGs in example_local_kubernetes_executor.py
Traceback (most recent call last):
  File "/home/chirag/airflow/lib/python3.12/site-packages/airflow/example_dags/example_local_kubernetes_executor.py", line 38, in <module>
    from kubernetes.client import models as k8s
ModuleNotFoundError: No module named 'kubernetes'
[2024-11-09T20:25:45.305+0000] {logging_mixin.py:190} INFO - [2024-11-09T20:25:45.305+0000] {example_local_kubernetes_executor.py:41} WARNING - Install Kubernetes dependencies with: pip install apache-airflow[cncf.kubernetes]
[2024-11-09T20:25:45.306+0000] {processor.py:927} WARNING - No viable dags retrieved from /home/chirag/airflow/lib/python3.12/site-packages/airflow/example_dags/example_local_kubernetes_executor.py
[2024-11-09T20:25:45.339+0000] {processor.py:208} INFO - Processing /home/chirag/airflow/lib/python3.12/site-packages/airflow/example_dags/example_local_kubernetes_executor.py took 0.059 seconds
[2024-11-09T20:27:45.843+0000] {processor.py:186} INFO - Started process (PID=13917) to work on /home/chirag/airflow/lib/python3.12/site-packages/airflow/example_dags/example_local_kubernetes_executor.py
[2024-11-09T20:27:45.846+0000] {processor.py:914} INFO - Processing file /home/chirag/airflow/lib/python3.12/site-packages/airflow/example_dags/example_local_kubernetes_executor.py for tasks to queue
[2024-11-09T20:27:45.852+0000] {logging_mixin.py:190} INFO - [2024-11-09T20:27:45.851+0000] {dagbag.py:588} INFO - Filling up the DagBag from /home/chirag/airflow/lib/python3.12/site-packages/airflow/example_dags/example_local_kubernetes_executor.py
[2024-11-09T20:27:45.860+0000] {logging_mixin.py:190} INFO - [2024-11-09T20:27:45.859+0000] {example_local_kubernetes_executor.py:40} WARNING - Could not import DAGs in example_local_kubernetes_executor.py
Traceback (most recent call last):
  File "/home/chirag/airflow/lib/python3.12/site-packages/airflow/example_dags/example_local_kubernetes_executor.py", line 38, in <module>
    from kubernetes.client import models as k8s
ModuleNotFoundError: No module named 'kubernetes'
[2024-11-09T20:27:45.862+0000] {logging_mixin.py:190} INFO - [2024-11-09T20:27:45.861+0000] {example_local_kubernetes_executor.py:41} WARNING - Install Kubernetes dependencies with: pip install apache-airflow[cncf.kubernetes]
[2024-11-09T20:27:45.863+0000] {processor.py:927} WARNING - No viable dags retrieved from /home/chirag/airflow/lib/python3.12/site-packages/airflow/example_dags/example_local_kubernetes_executor.py
[2024-11-09T20:27:45.894+0000] {processor.py:208} INFO - Processing /home/chirag/airflow/lib/python3.12/site-packages/airflow/example_dags/example_local_kubernetes_executor.py took 0.063 seconds
