[2024-11-09T19:17:08.634+0000] {processor.py:186} INFO - Started process (PID=94670) to work on /home/chirag/airflow/lib/python3.12/site-packages/airflow/example_dags/example_branch_python_dop_operator_3.py
[2024-11-09T19:17:08.635+0000] {processor.py:914} INFO - Processing file /home/chirag/airflow/lib/python3.12/site-packages/airflow/example_dags/example_branch_python_dop_operator_3.py for tasks to queue
[2024-11-09T19:17:08.641+0000] {logging_mixin.py:190} INFO - [2024-11-09T19:17:08.640+0000] {dagbag.py:588} INFO - Filling up the DagBag from /home/chirag/airflow/lib/python3.12/site-packages/airflow/example_dags/example_branch_python_dop_operator_3.py
[2024-11-09T19:17:08.666+0000] {processor.py:925} INFO - DAG(s) 'example_branch_dop_operator_v3' retrieved from /home/chirag/airflow/lib/python3.12/site-packages/airflow/example_dags/example_branch_python_dop_operator_3.py
[2024-11-09T19:17:09.058+0000] {logging_mixin.py:190} INFO - [2024-11-09T19:17:09.056+0000] {override.py:1911} INFO - Created Permission View: can delete on DAG:example_branch_dop_operator_v3
[2024-11-09T19:17:09.096+0000] {logging_mixin.py:190} INFO - [2024-11-09T19:17:09.095+0000] {override.py:1911} INFO - Created Permission View: can read on DAG:example_branch_dop_operator_v3
[2024-11-09T19:17:09.128+0000] {logging_mixin.py:190} INFO - [2024-11-09T19:17:09.127+0000] {override.py:1911} INFO - Created Permission View: can edit on DAG:example_branch_dop_operator_v3
[2024-11-09T19:17:09.190+0000] {logging_mixin.py:190} INFO - [2024-11-09T19:17:09.189+0000] {override.py:1911} INFO - Created Permission View: menu access on DAG Run:example_branch_dop_operator_v3
[2024-11-09T19:17:09.209+0000] {logging_mixin.py:190} INFO - [2024-11-09T19:17:09.209+0000] {override.py:1911} INFO - Created Permission View: can delete on DAG Run:example_branch_dop_operator_v3
[2024-11-09T19:17:09.234+0000] {logging_mixin.py:190} INFO - [2024-11-09T19:17:09.233+0000] {override.py:1911} INFO - Created Permission View: can read on DAG Run:example_branch_dop_operator_v3
[2024-11-09T19:17:09.256+0000] {logging_mixin.py:190} INFO - [2024-11-09T19:17:09.254+0000] {override.py:1911} INFO - Created Permission View: can create on DAG Run:example_branch_dop_operator_v3
[2024-11-09T19:17:09.257+0000] {logging_mixin.py:190} INFO - [2024-11-09T19:17:09.256+0000] {dag.py:3239} INFO - Sync 1 DAGs
[2024-11-09T19:17:09.277+0000] {logging_mixin.py:190} INFO - [2024-11-09T19:17:09.276+0000] {dag.py:3262} INFO - Creating ORM DAG for example_branch_dop_operator_v3
[2024-11-09T19:17:09.309+0000] {logging_mixin.py:190} INFO - [2024-11-09T19:17:09.309+0000] {dag.py:4180} INFO - Setting next_dagrun for example_branch_dop_operator_v3 to 2024-11-09 19:16:00+00:00, run_after=2024-11-09 19:17:00+00:00
[2024-11-09T19:17:09.350+0000] {processor.py:208} INFO - Processing /home/chirag/airflow/lib/python3.12/site-packages/airflow/example_dags/example_branch_python_dop_operator_3.py took 0.727 seconds
[2024-11-09T19:18:50.182+0000] {processor.py:186} INFO - Started process (PID=94866) to work on /home/chirag/airflow/lib/python3.12/site-packages/airflow/example_dags/example_branch_python_dop_operator_3.py
[2024-11-09T19:18:50.185+0000] {processor.py:914} INFO - Processing file /home/chirag/airflow/lib/python3.12/site-packages/airflow/example_dags/example_branch_python_dop_operator_3.py for tasks to queue
[2024-11-09T19:18:50.189+0000] {logging_mixin.py:190} INFO - [2024-11-09T19:18:50.188+0000] {dagbag.py:588} INFO - Filling up the DagBag from /home/chirag/airflow/lib/python3.12/site-packages/airflow/example_dags/example_branch_python_dop_operator_3.py
[2024-11-09T19:18:50.206+0000] {processor.py:925} INFO - DAG(s) 'example_branch_dop_operator_v3' retrieved from /home/chirag/airflow/lib/python3.12/site-packages/airflow/example_dags/example_branch_python_dop_operator_3.py
[2024-11-09T19:18:50.231+0000] {logging_mixin.py:190} INFO - [2024-11-09T19:18:50.230+0000] {dag.py:3239} INFO - Sync 1 DAGs
[2024-11-09T19:18:50.265+0000] {logging_mixin.py:190} INFO - [2024-11-09T19:18:50.264+0000] {dag.py:4180} INFO - Setting next_dagrun for example_branch_dop_operator_v3 to 2024-11-09 19:17:00+00:00, run_after=2024-11-09 19:18:00+00:00
[2024-11-09T19:18:50.303+0000] {processor.py:208} INFO - Processing /home/chirag/airflow/lib/python3.12/site-packages/airflow/example_dags/example_branch_python_dop_operator_3.py took 0.131 seconds
[2024-11-09T19:28:08.226+0000] {processor.py:186} INFO - Started process (PID=488) to work on /home/chirag/airflow/lib/python3.12/site-packages/airflow/example_dags/example_branch_python_dop_operator_3.py
[2024-11-09T19:28:08.233+0000] {processor.py:914} INFO - Processing file /home/chirag/airflow/lib/python3.12/site-packages/airflow/example_dags/example_branch_python_dop_operator_3.py for tasks to queue
[2024-11-09T19:28:08.236+0000] {logging_mixin.py:190} INFO - [2024-11-09T19:28:08.235+0000] {dagbag.py:588} INFO - Filling up the DagBag from /home/chirag/airflow/lib/python3.12/site-packages/airflow/example_dags/example_branch_python_dop_operator_3.py
[2024-11-09T19:28:08.251+0000] {processor.py:925} INFO - DAG(s) 'example_branch_dop_operator_v3' retrieved from /home/chirag/airflow/lib/python3.12/site-packages/airflow/example_dags/example_branch_python_dop_operator_3.py
[2024-11-09T19:28:08.272+0000] {logging_mixin.py:190} INFO - [2024-11-09T19:28:08.272+0000] {dag.py:3239} INFO - Sync 1 DAGs
[2024-11-09T19:28:08.303+0000] {logging_mixin.py:190} INFO - [2024-11-09T19:28:08.303+0000] {dag.py:4180} INFO - Setting next_dagrun for example_branch_dop_operator_v3 to 2024-11-09 19:27:00+00:00, run_after=2024-11-09 19:28:00+00:00
[2024-11-09T19:28:08.338+0000] {processor.py:208} INFO - Processing /home/chirag/airflow/lib/python3.12/site-packages/airflow/example_dags/example_branch_python_dop_operator_3.py took 0.120 seconds
[2024-11-09T19:29:23.341+0000] {processor.py:186} INFO - Started process (PID=576) to work on /home/chirag/airflow/lib/python3.12/site-packages/airflow/example_dags/example_branch_python_dop_operator_3.py
[2024-11-09T19:29:23.344+0000] {processor.py:914} INFO - Processing file /home/chirag/airflow/lib/python3.12/site-packages/airflow/example_dags/example_branch_python_dop_operator_3.py for tasks to queue
[2024-11-09T19:29:23.347+0000] {logging_mixin.py:190} INFO - [2024-11-09T19:29:23.346+0000] {dagbag.py:588} INFO - Filling up the DagBag from /home/chirag/airflow/lib/python3.12/site-packages/airflow/example_dags/example_branch_python_dop_operator_3.py
[2024-11-09T19:29:23.362+0000] {processor.py:925} INFO - DAG(s) 'example_branch_dop_operator_v3' retrieved from /home/chirag/airflow/lib/python3.12/site-packages/airflow/example_dags/example_branch_python_dop_operator_3.py
[2024-11-09T19:29:23.383+0000] {logging_mixin.py:190} INFO - [2024-11-09T19:29:23.383+0000] {dag.py:3239} INFO - Sync 1 DAGs
[2024-11-09T19:29:23.415+0000] {logging_mixin.py:190} INFO - [2024-11-09T19:29:23.414+0000] {dag.py:4180} INFO - Setting next_dagrun for example_branch_dop_operator_v3 to 2024-11-09 19:28:00+00:00, run_after=2024-11-09 19:29:00+00:00
[2024-11-09T19:29:23.450+0000] {processor.py:208} INFO - Processing /home/chirag/airflow/lib/python3.12/site-packages/airflow/example_dags/example_branch_python_dop_operator_3.py took 0.118 seconds
[2024-11-09T19:30:41.582+0000] {processor.py:186} INFO - Started process (PID=651) to work on /home/chirag/airflow/lib/python3.12/site-packages/airflow/example_dags/example_branch_python_dop_operator_3.py
[2024-11-09T19:30:41.585+0000] {processor.py:914} INFO - Processing file /home/chirag/airflow/lib/python3.12/site-packages/airflow/example_dags/example_branch_python_dop_operator_3.py for tasks to queue
[2024-11-09T19:30:41.588+0000] {logging_mixin.py:190} INFO - [2024-11-09T19:30:41.587+0000] {dagbag.py:588} INFO - Filling up the DagBag from /home/chirag/airflow/lib/python3.12/site-packages/airflow/example_dags/example_branch_python_dop_operator_3.py
[2024-11-09T19:30:41.603+0000] {processor.py:925} INFO - DAG(s) 'example_branch_dop_operator_v3' retrieved from /home/chirag/airflow/lib/python3.12/site-packages/airflow/example_dags/example_branch_python_dop_operator_3.py
[2024-11-09T19:30:41.632+0000] {logging_mixin.py:190} INFO - [2024-11-09T19:30:41.631+0000] {dag.py:3239} INFO - Sync 1 DAGs
[2024-11-09T19:30:41.699+0000] {logging_mixin.py:190} INFO - [2024-11-09T19:30:41.699+0000] {dag.py:4180} INFO - Setting next_dagrun for example_branch_dop_operator_v3 to 2024-11-09 19:29:00+00:00, run_after=2024-11-09 19:30:00+00:00
[2024-11-09T19:30:41.757+0000] {processor.py:208} INFO - Processing /home/chirag/airflow/lib/python3.12/site-packages/airflow/example_dags/example_branch_python_dop_operator_3.py took 0.182 seconds
[2024-11-09T19:32:17.548+0000] {processor.py:186} INFO - Started process (PID=1300) to work on /home/chirag/airflow/lib/python3.12/site-packages/airflow/example_dags/example_branch_python_dop_operator_3.py
[2024-11-09T19:32:17.553+0000] {processor.py:914} INFO - Processing file /home/chirag/airflow/lib/python3.12/site-packages/airflow/example_dags/example_branch_python_dop_operator_3.py for tasks to queue
[2024-11-09T19:32:17.568+0000] {logging_mixin.py:190} INFO - [2024-11-09T19:32:17.567+0000] {dagbag.py:588} INFO - Filling up the DagBag from /home/chirag/airflow/lib/python3.12/site-packages/airflow/example_dags/example_branch_python_dop_operator_3.py
[2024-11-09T19:32:17.638+0000] {processor.py:925} INFO - DAG(s) 'example_branch_dop_operator_v3' retrieved from /home/chirag/airflow/lib/python3.12/site-packages/airflow/example_dags/example_branch_python_dop_operator_3.py
[2024-11-09T19:32:17.719+0000] {logging_mixin.py:190} INFO - [2024-11-09T19:32:17.718+0000] {dag.py:3239} INFO - Sync 1 DAGs
[2024-11-09T19:32:17.854+0000] {logging_mixin.py:190} INFO - [2024-11-09T19:32:17.853+0000] {dag.py:4180} INFO - Setting next_dagrun for example_branch_dop_operator_v3 to 2024-11-09 19:31:00+00:00, run_after=2024-11-09 19:32:00+00:00
[2024-11-09T19:32:17.999+0000] {processor.py:208} INFO - Processing /home/chirag/airflow/lib/python3.12/site-packages/airflow/example_dags/example_branch_python_dop_operator_3.py took 0.475 seconds
[2024-11-09T19:33:43.890+0000] {processor.py:186} INFO - Started process (PID=1974) to work on /home/chirag/airflow/lib/python3.12/site-packages/airflow/example_dags/example_branch_python_dop_operator_3.py
[2024-11-09T19:33:43.894+0000] {processor.py:914} INFO - Processing file /home/chirag/airflow/lib/python3.12/site-packages/airflow/example_dags/example_branch_python_dop_operator_3.py for tasks to queue
[2024-11-09T19:33:43.902+0000] {logging_mixin.py:190} INFO - [2024-11-09T19:33:43.901+0000] {dagbag.py:588} INFO - Filling up the DagBag from /home/chirag/airflow/lib/python3.12/site-packages/airflow/example_dags/example_branch_python_dop_operator_3.py
[2024-11-09T19:33:43.933+0000] {processor.py:925} INFO - DAG(s) 'example_branch_dop_operator_v3' retrieved from /home/chirag/airflow/lib/python3.12/site-packages/airflow/example_dags/example_branch_python_dop_operator_3.py
[2024-11-09T19:33:43.979+0000] {logging_mixin.py:190} INFO - [2024-11-09T19:33:43.978+0000] {dag.py:3239} INFO - Sync 1 DAGs
[2024-11-09T19:33:44.032+0000] {logging_mixin.py:190} INFO - [2024-11-09T19:33:44.031+0000] {dag.py:4180} INFO - Setting next_dagrun for example_branch_dop_operator_v3 to 2024-11-09 19:32:00+00:00, run_after=2024-11-09 19:33:00+00:00
[2024-11-09T19:33:44.340+0000] {processor.py:208} INFO - Processing /home/chirag/airflow/lib/python3.12/site-packages/airflow/example_dags/example_branch_python_dop_operator_3.py took 0.468 seconds
[2024-11-09T19:35:09.459+0000] {processor.py:186} INFO - Started process (PID=2585) to work on /home/chirag/airflow/lib/python3.12/site-packages/airflow/example_dags/example_branch_python_dop_operator_3.py
[2024-11-09T19:35:09.462+0000] {processor.py:914} INFO - Processing file /home/chirag/airflow/lib/python3.12/site-packages/airflow/example_dags/example_branch_python_dop_operator_3.py for tasks to queue
[2024-11-09T19:35:09.465+0000] {logging_mixin.py:190} INFO - [2024-11-09T19:35:09.464+0000] {dagbag.py:588} INFO - Filling up the DagBag from /home/chirag/airflow/lib/python3.12/site-packages/airflow/example_dags/example_branch_python_dop_operator_3.py
[2024-11-09T19:35:09.630+0000] {processor.py:925} INFO - DAG(s) 'example_branch_dop_operator_v3' retrieved from /home/chirag/airflow/lib/python3.12/site-packages/airflow/example_dags/example_branch_python_dop_operator_3.py
[2024-11-09T19:35:09.645+0000] {logging_mixin.py:190} INFO - [2024-11-09T19:35:09.645+0000] {dag.py:3239} INFO - Sync 1 DAGs
[2024-11-09T19:35:09.673+0000] {logging_mixin.py:190} INFO - [2024-11-09T19:35:09.672+0000] {dag.py:4180} INFO - Setting next_dagrun for example_branch_dop_operator_v3 to 2024-11-09 19:34:00+00:00, run_after=2024-11-09 19:35:00+00:00
[2024-11-09T19:35:09.707+0000] {processor.py:208} INFO - Processing /home/chirag/airflow/lib/python3.12/site-packages/airflow/example_dags/example_branch_python_dop_operator_3.py took 0.256 seconds
[2024-11-09T19:36:35.907+0000] {processor.py:186} INFO - Started process (PID=2837) to work on /home/chirag/airflow/lib/python3.12/site-packages/airflow/example_dags/example_branch_python_dop_operator_3.py
[2024-11-09T19:36:35.910+0000] {processor.py:914} INFO - Processing file /home/chirag/airflow/lib/python3.12/site-packages/airflow/example_dags/example_branch_python_dop_operator_3.py for tasks to queue
[2024-11-09T19:36:35.913+0000] {logging_mixin.py:190} INFO - [2024-11-09T19:36:35.913+0000] {dagbag.py:588} INFO - Filling up the DagBag from /home/chirag/airflow/lib/python3.12/site-packages/airflow/example_dags/example_branch_python_dop_operator_3.py
[2024-11-09T19:36:35.929+0000] {processor.py:925} INFO - DAG(s) 'example_branch_dop_operator_v3' retrieved from /home/chirag/airflow/lib/python3.12/site-packages/airflow/example_dags/example_branch_python_dop_operator_3.py
[2024-11-09T19:36:35.953+0000] {logging_mixin.py:190} INFO - [2024-11-09T19:36:35.953+0000] {dag.py:3239} INFO - Sync 1 DAGs
[2024-11-09T19:36:35.990+0000] {logging_mixin.py:190} INFO - [2024-11-09T19:36:35.990+0000] {dag.py:4180} INFO - Setting next_dagrun for example_branch_dop_operator_v3 to 2024-11-09 19:35:00+00:00, run_after=2024-11-09 19:36:00+00:00
[2024-11-09T19:36:36.030+0000] {processor.py:208} INFO - Processing /home/chirag/airflow/lib/python3.12/site-packages/airflow/example_dags/example_branch_python_dop_operator_3.py took 0.133 seconds
[2024-11-09T19:37:44.450+0000] {processor.py:186} INFO - Started process (PID=3057) to work on /home/chirag/airflow/lib/python3.12/site-packages/airflow/example_dags/example_branch_python_dop_operator_3.py
[2024-11-09T19:37:44.454+0000] {processor.py:914} INFO - Processing file /home/chirag/airflow/lib/python3.12/site-packages/airflow/example_dags/example_branch_python_dop_operator_3.py for tasks to queue
[2024-11-09T19:37:44.457+0000] {logging_mixin.py:190} INFO - [2024-11-09T19:37:44.456+0000] {dagbag.py:588} INFO - Filling up the DagBag from /home/chirag/airflow/lib/python3.12/site-packages/airflow/example_dags/example_branch_python_dop_operator_3.py
[2024-11-09T19:37:44.474+0000] {processor.py:925} INFO - DAG(s) 'example_branch_dop_operator_v3' retrieved from /home/chirag/airflow/lib/python3.12/site-packages/airflow/example_dags/example_branch_python_dop_operator_3.py
[2024-11-09T19:37:44.508+0000] {logging_mixin.py:190} INFO - [2024-11-09T19:37:44.507+0000] {dag.py:3239} INFO - Sync 1 DAGs
[2024-11-09T19:37:44.565+0000] {logging_mixin.py:190} INFO - [2024-11-09T19:37:44.565+0000] {dag.py:4180} INFO - Setting next_dagrun for example_branch_dop_operator_v3 to 2024-11-09 19:36:00+00:00, run_after=2024-11-09 19:37:00+00:00
[2024-11-09T19:37:44.615+0000] {processor.py:208} INFO - Processing /home/chirag/airflow/lib/python3.12/site-packages/airflow/example_dags/example_branch_python_dop_operator_3.py took 0.173 seconds
[2024-11-09T19:38:57.240+0000] {processor.py:186} INFO - Started process (PID=3416) to work on /home/chirag/airflow/lib/python3.12/site-packages/airflow/example_dags/example_branch_python_dop_operator_3.py
[2024-11-09T19:38:57.243+0000] {processor.py:914} INFO - Processing file /home/chirag/airflow/lib/python3.12/site-packages/airflow/example_dags/example_branch_python_dop_operator_3.py for tasks to queue
[2024-11-09T19:38:57.249+0000] {logging_mixin.py:190} INFO - [2024-11-09T19:38:57.248+0000] {dagbag.py:588} INFO - Filling up the DagBag from /home/chirag/airflow/lib/python3.12/site-packages/airflow/example_dags/example_branch_python_dop_operator_3.py
[2024-11-09T19:38:57.272+0000] {processor.py:925} INFO - DAG(s) 'example_branch_dop_operator_v3' retrieved from /home/chirag/airflow/lib/python3.12/site-packages/airflow/example_dags/example_branch_python_dop_operator_3.py
[2024-11-09T19:38:57.306+0000] {logging_mixin.py:190} INFO - [2024-11-09T19:38:57.305+0000] {dag.py:3239} INFO - Sync 1 DAGs
[2024-11-09T19:38:57.373+0000] {logging_mixin.py:190} INFO - [2024-11-09T19:38:57.373+0000] {dag.py:4180} INFO - Setting next_dagrun for example_branch_dop_operator_v3 to 2024-11-09 19:37:00+00:00, run_after=2024-11-09 19:38:00+00:00
[2024-11-09T19:38:57.451+0000] {processor.py:208} INFO - Processing /home/chirag/airflow/lib/python3.12/site-packages/airflow/example_dags/example_branch_python_dop_operator_3.py took 0.226 seconds
[2024-11-09T19:40:25.168+0000] {processor.py:186} INFO - Started process (PID=3656) to work on /home/chirag/airflow/lib/python3.12/site-packages/airflow/example_dags/example_branch_python_dop_operator_3.py
[2024-11-09T19:40:25.171+0000] {processor.py:914} INFO - Processing file /home/chirag/airflow/lib/python3.12/site-packages/airflow/example_dags/example_branch_python_dop_operator_3.py for tasks to queue
[2024-11-09T19:40:25.176+0000] {logging_mixin.py:190} INFO - [2024-11-09T19:40:25.175+0000] {dagbag.py:588} INFO - Filling up the DagBag from /home/chirag/airflow/lib/python3.12/site-packages/airflow/example_dags/example_branch_python_dop_operator_3.py
[2024-11-09T19:40:25.195+0000] {processor.py:925} INFO - DAG(s) 'example_branch_dop_operator_v3' retrieved from /home/chirag/airflow/lib/python3.12/site-packages/airflow/example_dags/example_branch_python_dop_operator_3.py
[2024-11-09T19:40:25.217+0000] {logging_mixin.py:190} INFO - [2024-11-09T19:40:25.216+0000] {dag.py:3239} INFO - Sync 1 DAGs
[2024-11-09T19:40:25.254+0000] {logging_mixin.py:190} INFO - [2024-11-09T19:40:25.253+0000] {dag.py:4180} INFO - Setting next_dagrun for example_branch_dop_operator_v3 to 2024-11-09 19:39:00+00:00, run_after=2024-11-09 19:40:00+00:00
[2024-11-09T19:40:25.294+0000] {processor.py:208} INFO - Processing /home/chirag/airflow/lib/python3.12/site-packages/airflow/example_dags/example_branch_python_dop_operator_3.py took 0.139 seconds
[2024-11-09T19:41:39.233+0000] {processor.py:186} INFO - Started process (PID=3864) to work on /home/chirag/airflow/lib/python3.12/site-packages/airflow/example_dags/example_branch_python_dop_operator_3.py
[2024-11-09T19:41:39.241+0000] {processor.py:914} INFO - Processing file /home/chirag/airflow/lib/python3.12/site-packages/airflow/example_dags/example_branch_python_dop_operator_3.py for tasks to queue
[2024-11-09T19:41:39.245+0000] {logging_mixin.py:190} INFO - [2024-11-09T19:41:39.245+0000] {dagbag.py:588} INFO - Filling up the DagBag from /home/chirag/airflow/lib/python3.12/site-packages/airflow/example_dags/example_branch_python_dop_operator_3.py
[2024-11-09T19:41:39.264+0000] {processor.py:925} INFO - DAG(s) 'example_branch_dop_operator_v3' retrieved from /home/chirag/airflow/lib/python3.12/site-packages/airflow/example_dags/example_branch_python_dop_operator_3.py
[2024-11-09T19:41:39.298+0000] {logging_mixin.py:190} INFO - [2024-11-09T19:41:39.298+0000] {dag.py:3239} INFO - Sync 1 DAGs
[2024-11-09T19:41:39.358+0000] {logging_mixin.py:190} INFO - [2024-11-09T19:41:39.357+0000] {dag.py:4180} INFO - Setting next_dagrun for example_branch_dop_operator_v3 to 2024-11-09 19:40:00+00:00, run_after=2024-11-09 19:41:00+00:00
[2024-11-09T19:41:39.393+0000] {processor.py:208} INFO - Processing /home/chirag/airflow/lib/python3.12/site-packages/airflow/example_dags/example_branch_python_dop_operator_3.py took 0.170 seconds
[2024-11-09T19:42:49.304+0000] {processor.py:186} INFO - Started process (PID=4070) to work on /home/chirag/airflow/lib/python3.12/site-packages/airflow/example_dags/example_branch_python_dop_operator_3.py
[2024-11-09T19:42:49.306+0000] {processor.py:914} INFO - Processing file /home/chirag/airflow/lib/python3.12/site-packages/airflow/example_dags/example_branch_python_dop_operator_3.py for tasks to queue
[2024-11-09T19:42:49.312+0000] {logging_mixin.py:190} INFO - [2024-11-09T19:42:49.311+0000] {dagbag.py:588} INFO - Filling up the DagBag from /home/chirag/airflow/lib/python3.12/site-packages/airflow/example_dags/example_branch_python_dop_operator_3.py
[2024-11-09T19:42:49.334+0000] {processor.py:925} INFO - DAG(s) 'example_branch_dop_operator_v3' retrieved from /home/chirag/airflow/lib/python3.12/site-packages/airflow/example_dags/example_branch_python_dop_operator_3.py
[2024-11-09T19:42:49.365+0000] {logging_mixin.py:190} INFO - [2024-11-09T19:42:49.365+0000] {dag.py:3239} INFO - Sync 1 DAGs
[2024-11-09T19:42:49.434+0000] {logging_mixin.py:190} INFO - [2024-11-09T19:42:49.433+0000] {dag.py:4180} INFO - Setting next_dagrun for example_branch_dop_operator_v3 to 2024-11-09 19:41:00+00:00, run_after=2024-11-09 19:42:00+00:00
[2024-11-09T19:42:49.488+0000] {processor.py:208} INFO - Processing /home/chirag/airflow/lib/python3.12/site-packages/airflow/example_dags/example_branch_python_dop_operator_3.py took 0.195 seconds
[2024-11-09T19:44:09.337+0000] {processor.py:186} INFO - Started process (PID=4298) to work on /home/chirag/airflow/lib/python3.12/site-packages/airflow/example_dags/example_branch_python_dop_operator_3.py
[2024-11-09T19:44:09.339+0000] {processor.py:914} INFO - Processing file /home/chirag/airflow/lib/python3.12/site-packages/airflow/example_dags/example_branch_python_dop_operator_3.py for tasks to queue
[2024-11-09T19:44:09.343+0000] {logging_mixin.py:190} INFO - [2024-11-09T19:44:09.342+0000] {dagbag.py:588} INFO - Filling up the DagBag from /home/chirag/airflow/lib/python3.12/site-packages/airflow/example_dags/example_branch_python_dop_operator_3.py
[2024-11-09T19:44:09.359+0000] {processor.py:925} INFO - DAG(s) 'example_branch_dop_operator_v3' retrieved from /home/chirag/airflow/lib/python3.12/site-packages/airflow/example_dags/example_branch_python_dop_operator_3.py
[2024-11-09T19:44:09.388+0000] {logging_mixin.py:190} INFO - [2024-11-09T19:44:09.388+0000] {dag.py:3239} INFO - Sync 1 DAGs
[2024-11-09T19:44:09.421+0000] {logging_mixin.py:190} INFO - [2024-11-09T19:44:09.421+0000] {dag.py:4180} INFO - Setting next_dagrun for example_branch_dop_operator_v3 to 2024-11-09 19:43:00+00:00, run_after=2024-11-09 19:44:00+00:00
[2024-11-09T19:44:09.459+0000] {processor.py:208} INFO - Processing /home/chirag/airflow/lib/python3.12/site-packages/airflow/example_dags/example_branch_python_dop_operator_3.py took 0.130 seconds
[2024-11-09T19:45:18.188+0000] {processor.py:186} INFO - Started process (PID=4499) to work on /home/chirag/airflow/lib/python3.12/site-packages/airflow/example_dags/example_branch_python_dop_operator_3.py
[2024-11-09T19:45:18.191+0000] {processor.py:914} INFO - Processing file /home/chirag/airflow/lib/python3.12/site-packages/airflow/example_dags/example_branch_python_dop_operator_3.py for tasks to queue
[2024-11-09T19:45:18.196+0000] {logging_mixin.py:190} INFO - [2024-11-09T19:45:18.195+0000] {dagbag.py:588} INFO - Filling up the DagBag from /home/chirag/airflow/lib/python3.12/site-packages/airflow/example_dags/example_branch_python_dop_operator_3.py
[2024-11-09T19:45:18.212+0000] {processor.py:925} INFO - DAG(s) 'example_branch_dop_operator_v3' retrieved from /home/chirag/airflow/lib/python3.12/site-packages/airflow/example_dags/example_branch_python_dop_operator_3.py
[2024-11-09T19:45:18.234+0000] {logging_mixin.py:190} INFO - [2024-11-09T19:45:18.234+0000] {dag.py:3239} INFO - Sync 1 DAGs
[2024-11-09T19:45:18.267+0000] {logging_mixin.py:190} INFO - [2024-11-09T19:45:18.267+0000] {dag.py:4180} INFO - Setting next_dagrun for example_branch_dop_operator_v3 to 2024-11-09 19:44:00+00:00, run_after=2024-11-09 19:45:00+00:00
[2024-11-09T19:45:18.303+0000] {processor.py:208} INFO - Processing /home/chirag/airflow/lib/python3.12/site-packages/airflow/example_dags/example_branch_python_dop_operator_3.py took 0.124 seconds
[2024-11-09T19:46:56.335+0000] {processor.py:186} INFO - Started process (PID=4806) to work on /home/chirag/airflow/lib/python3.12/site-packages/airflow/example_dags/example_branch_python_dop_operator_3.py
[2024-11-09T19:46:56.341+0000] {processor.py:914} INFO - Processing file /home/chirag/airflow/lib/python3.12/site-packages/airflow/example_dags/example_branch_python_dop_operator_3.py for tasks to queue
[2024-11-09T19:46:56.344+0000] {logging_mixin.py:190} INFO - [2024-11-09T19:46:56.343+0000] {dagbag.py:588} INFO - Filling up the DagBag from /home/chirag/airflow/lib/python3.12/site-packages/airflow/example_dags/example_branch_python_dop_operator_3.py
[2024-11-09T19:46:56.359+0000] {processor.py:925} INFO - DAG(s) 'example_branch_dop_operator_v3' retrieved from /home/chirag/airflow/lib/python3.12/site-packages/airflow/example_dags/example_branch_python_dop_operator_3.py
[2024-11-09T19:46:56.380+0000] {logging_mixin.py:190} INFO - [2024-11-09T19:46:56.380+0000] {dag.py:3239} INFO - Sync 1 DAGs
[2024-11-09T19:46:56.411+0000] {logging_mixin.py:190} INFO - [2024-11-09T19:46:56.411+0000] {dag.py:4180} INFO - Setting next_dagrun for example_branch_dop_operator_v3 to 2024-11-09 19:45:00+00:00, run_after=2024-11-09 19:46:00+00:00
[2024-11-09T19:46:56.450+0000] {processor.py:208} INFO - Processing /home/chirag/airflow/lib/python3.12/site-packages/airflow/example_dags/example_branch_python_dop_operator_3.py took 0.123 seconds
[2024-11-09T19:48:10.727+0000] {processor.py:186} INFO - Started process (PID=5027) to work on /home/chirag/airflow/lib/python3.12/site-packages/airflow/example_dags/example_branch_python_dop_operator_3.py
[2024-11-09T19:48:10.730+0000] {processor.py:914} INFO - Processing file /home/chirag/airflow/lib/python3.12/site-packages/airflow/example_dags/example_branch_python_dop_operator_3.py for tasks to queue
[2024-11-09T19:48:10.736+0000] {logging_mixin.py:190} INFO - [2024-11-09T19:48:10.733+0000] {dagbag.py:588} INFO - Filling up the DagBag from /home/chirag/airflow/lib/python3.12/site-packages/airflow/example_dags/example_branch_python_dop_operator_3.py
[2024-11-09T19:48:10.760+0000] {processor.py:925} INFO - DAG(s) 'example_branch_dop_operator_v3' retrieved from /home/chirag/airflow/lib/python3.12/site-packages/airflow/example_dags/example_branch_python_dop_operator_3.py
[2024-11-09T19:48:10.792+0000] {logging_mixin.py:190} INFO - [2024-11-09T19:48:10.792+0000] {dag.py:3239} INFO - Sync 1 DAGs
[2024-11-09T19:48:10.843+0000] {logging_mixin.py:190} INFO - [2024-11-09T19:48:10.842+0000] {dag.py:4180} INFO - Setting next_dagrun for example_branch_dop_operator_v3 to 2024-11-09 19:47:00+00:00, run_after=2024-11-09 19:48:00+00:00
[2024-11-09T19:48:10.886+0000] {processor.py:208} INFO - Processing /home/chirag/airflow/lib/python3.12/site-packages/airflow/example_dags/example_branch_python_dop_operator_3.py took 0.171 seconds
[2024-11-09T19:49:24.603+0000] {processor.py:186} INFO - Started process (PID=5244) to work on /home/chirag/airflow/lib/python3.12/site-packages/airflow/example_dags/example_branch_python_dop_operator_3.py
[2024-11-09T19:49:24.607+0000] {processor.py:914} INFO - Processing file /home/chirag/airflow/lib/python3.12/site-packages/airflow/example_dags/example_branch_python_dop_operator_3.py for tasks to queue
[2024-11-09T19:49:24.610+0000] {logging_mixin.py:190} INFO - [2024-11-09T19:49:24.610+0000] {dagbag.py:588} INFO - Filling up the DagBag from /home/chirag/airflow/lib/python3.12/site-packages/airflow/example_dags/example_branch_python_dop_operator_3.py
[2024-11-09T19:49:24.627+0000] {processor.py:925} INFO - DAG(s) 'example_branch_dop_operator_v3' retrieved from /home/chirag/airflow/lib/python3.12/site-packages/airflow/example_dags/example_branch_python_dop_operator_3.py
[2024-11-09T19:49:24.650+0000] {logging_mixin.py:190} INFO - [2024-11-09T19:49:24.649+0000] {dag.py:3239} INFO - Sync 1 DAGs
[2024-11-09T19:49:24.683+0000] {logging_mixin.py:190} INFO - [2024-11-09T19:49:24.683+0000] {dag.py:4180} INFO - Setting next_dagrun for example_branch_dop_operator_v3 to 2024-11-09 19:48:00+00:00, run_after=2024-11-09 19:49:00+00:00
[2024-11-09T19:49:24.723+0000] {processor.py:208} INFO - Processing /home/chirag/airflow/lib/python3.12/site-packages/airflow/example_dags/example_branch_python_dop_operator_3.py took 0.129 seconds
[2024-11-09T19:50:35.366+0000] {processor.py:186} INFO - Started process (PID=5672) to work on /home/chirag/airflow/lib/python3.12/site-packages/airflow/example_dags/example_branch_python_dop_operator_3.py
[2024-11-09T19:50:35.370+0000] {processor.py:914} INFO - Processing file /home/chirag/airflow/lib/python3.12/site-packages/airflow/example_dags/example_branch_python_dop_operator_3.py for tasks to queue
[2024-11-09T19:50:35.373+0000] {logging_mixin.py:190} INFO - [2024-11-09T19:50:35.372+0000] {dagbag.py:588} INFO - Filling up the DagBag from /home/chirag/airflow/lib/python3.12/site-packages/airflow/example_dags/example_branch_python_dop_operator_3.py
[2024-11-09T19:50:35.390+0000] {processor.py:925} INFO - DAG(s) 'example_branch_dop_operator_v3' retrieved from /home/chirag/airflow/lib/python3.12/site-packages/airflow/example_dags/example_branch_python_dop_operator_3.py
[2024-11-09T19:50:35.414+0000] {logging_mixin.py:190} INFO - [2024-11-09T19:50:35.414+0000] {dag.py:3239} INFO - Sync 1 DAGs
[2024-11-09T19:50:35.455+0000] {logging_mixin.py:190} INFO - [2024-11-09T19:50:35.455+0000] {dag.py:4180} INFO - Setting next_dagrun for example_branch_dop_operator_v3 to 2024-11-09 19:49:00+00:00, run_after=2024-11-09 19:50:00+00:00
[2024-11-09T19:50:35.500+0000] {processor.py:208} INFO - Processing /home/chirag/airflow/lib/python3.12/site-packages/airflow/example_dags/example_branch_python_dop_operator_3.py took 0.143 seconds
[2024-11-09T19:51:51.227+0000] {processor.py:186} INFO - Started process (PID=6248) to work on /home/chirag/airflow/lib/python3.12/site-packages/airflow/example_dags/example_branch_python_dop_operator_3.py
[2024-11-09T19:51:51.233+0000] {processor.py:914} INFO - Processing file /home/chirag/airflow/lib/python3.12/site-packages/airflow/example_dags/example_branch_python_dop_operator_3.py for tasks to queue
[2024-11-09T19:51:51.236+0000] {logging_mixin.py:190} INFO - [2024-11-09T19:51:51.236+0000] {dagbag.py:588} INFO - Filling up the DagBag from /home/chirag/airflow/lib/python3.12/site-packages/airflow/example_dags/example_branch_python_dop_operator_3.py
[2024-11-09T19:51:51.256+0000] {processor.py:925} INFO - DAG(s) 'example_branch_dop_operator_v3' retrieved from /home/chirag/airflow/lib/python3.12/site-packages/airflow/example_dags/example_branch_python_dop_operator_3.py
[2024-11-09T19:51:51.293+0000] {logging_mixin.py:190} INFO - [2024-11-09T19:51:51.293+0000] {dag.py:3239} INFO - Sync 1 DAGs
[2024-11-09T19:51:51.333+0000] {logging_mixin.py:190} INFO - [2024-11-09T19:51:51.333+0000] {dag.py:4180} INFO - Setting next_dagrun for example_branch_dop_operator_v3 to 2024-11-09 19:50:00+00:00, run_after=2024-11-09 19:51:00+00:00
[2024-11-09T19:51:51.370+0000] {processor.py:208} INFO - Processing /home/chirag/airflow/lib/python3.12/site-packages/airflow/example_dags/example_branch_python_dop_operator_3.py took 0.154 seconds
[2024-11-09T19:53:40.107+0000] {processor.py:186} INFO - Started process (PID=6795) to work on /home/chirag/airflow/lib/python3.12/site-packages/airflow/example_dags/example_branch_python_dop_operator_3.py
[2024-11-09T19:53:40.116+0000] {processor.py:914} INFO - Processing file /home/chirag/airflow/lib/python3.12/site-packages/airflow/example_dags/example_branch_python_dop_operator_3.py for tasks to queue
[2024-11-09T19:53:40.123+0000] {logging_mixin.py:190} INFO - [2024-11-09T19:53:40.122+0000] {dagbag.py:588} INFO - Filling up the DagBag from /home/chirag/airflow/lib/python3.12/site-packages/airflow/example_dags/example_branch_python_dop_operator_3.py
[2024-11-09T19:53:40.158+0000] {processor.py:925} INFO - DAG(s) 'example_branch_dop_operator_v3' retrieved from /home/chirag/airflow/lib/python3.12/site-packages/airflow/example_dags/example_branch_python_dop_operator_3.py
[2024-11-09T19:53:40.206+0000] {logging_mixin.py:190} INFO - [2024-11-09T19:53:40.204+0000] {dag.py:3239} INFO - Sync 1 DAGs
[2024-11-09T19:53:40.290+0000] {logging_mixin.py:190} INFO - [2024-11-09T19:53:40.289+0000] {dag.py:4180} INFO - Setting next_dagrun for example_branch_dop_operator_v3 to 2024-11-09 19:52:00+00:00, run_after=2024-11-09 19:53:00+00:00
[2024-11-09T19:53:40.361+0000] {processor.py:208} INFO - Processing /home/chirag/airflow/lib/python3.12/site-packages/airflow/example_dags/example_branch_python_dop_operator_3.py took 0.281 seconds
[2024-11-09T19:54:53.462+0000] {processor.py:186} INFO - Started process (PID=7392) to work on /home/chirag/airflow/lib/python3.12/site-packages/airflow/example_dags/example_branch_python_dop_operator_3.py
[2024-11-09T19:54:53.465+0000] {processor.py:914} INFO - Processing file /home/chirag/airflow/lib/python3.12/site-packages/airflow/example_dags/example_branch_python_dop_operator_3.py for tasks to queue
[2024-11-09T19:54:53.469+0000] {logging_mixin.py:190} INFO - [2024-11-09T19:54:53.468+0000] {dagbag.py:588} INFO - Filling up the DagBag from /home/chirag/airflow/lib/python3.12/site-packages/airflow/example_dags/example_branch_python_dop_operator_3.py
[2024-11-09T19:54:53.503+0000] {processor.py:925} INFO - DAG(s) 'example_branch_dop_operator_v3' retrieved from /home/chirag/airflow/lib/python3.12/site-packages/airflow/example_dags/example_branch_python_dop_operator_3.py
[2024-11-09T19:54:53.531+0000] {logging_mixin.py:190} INFO - [2024-11-09T19:54:53.530+0000] {dag.py:3239} INFO - Sync 1 DAGs
[2024-11-09T19:54:53.576+0000] {logging_mixin.py:190} INFO - [2024-11-09T19:54:53.576+0000] {dag.py:4180} INFO - Setting next_dagrun for example_branch_dop_operator_v3 to 2024-11-09 19:53:00+00:00, run_after=2024-11-09 19:54:00+00:00
[2024-11-09T19:54:53.613+0000] {processor.py:208} INFO - Processing /home/chirag/airflow/lib/python3.12/site-packages/airflow/example_dags/example_branch_python_dop_operator_3.py took 0.160 seconds
[2024-11-09T19:56:15.075+0000] {processor.py:186} INFO - Started process (PID=7914) to work on /home/chirag/airflow/lib/python3.12/site-packages/airflow/example_dags/example_branch_python_dop_operator_3.py
[2024-11-09T19:56:15.079+0000] {processor.py:914} INFO - Processing file /home/chirag/airflow/lib/python3.12/site-packages/airflow/example_dags/example_branch_python_dop_operator_3.py for tasks to queue
[2024-11-09T19:56:15.090+0000] {logging_mixin.py:190} INFO - [2024-11-09T19:56:15.089+0000] {dagbag.py:588} INFO - Filling up the DagBag from /home/chirag/airflow/lib/python3.12/site-packages/airflow/example_dags/example_branch_python_dop_operator_3.py
[2024-11-09T19:56:15.141+0000] {processor.py:925} INFO - DAG(s) 'example_branch_dop_operator_v3' retrieved from /home/chirag/airflow/lib/python3.12/site-packages/airflow/example_dags/example_branch_python_dop_operator_3.py
[2024-11-09T19:56:15.232+0000] {logging_mixin.py:190} INFO - [2024-11-09T19:56:15.231+0000] {dag.py:3239} INFO - Sync 1 DAGs
[2024-11-09T19:56:15.353+0000] {logging_mixin.py:190} INFO - [2024-11-09T19:56:15.353+0000] {dag.py:4180} INFO - Setting next_dagrun for example_branch_dop_operator_v3 to 2024-11-09 19:55:00+00:00, run_after=2024-11-09 19:56:00+00:00
[2024-11-09T19:56:15.629+0000] {processor.py:208} INFO - Processing /home/chirag/airflow/lib/python3.12/site-packages/airflow/example_dags/example_branch_python_dop_operator_3.py took 0.573 seconds
[2024-11-09T19:58:15.590+0000] {processor.py:186} INFO - Started process (PID=8397) to work on /home/chirag/airflow/lib/python3.12/site-packages/airflow/example_dags/example_branch_python_dop_operator_3.py
[2024-11-09T19:58:15.609+0000] {processor.py:914} INFO - Processing file /home/chirag/airflow/lib/python3.12/site-packages/airflow/example_dags/example_branch_python_dop_operator_3.py for tasks to queue
[2024-11-09T19:58:15.615+0000] {logging_mixin.py:190} INFO - [2024-11-09T19:58:15.614+0000] {dagbag.py:588} INFO - Filling up the DagBag from /home/chirag/airflow/lib/python3.12/site-packages/airflow/example_dags/example_branch_python_dop_operator_3.py
[2024-11-09T19:58:15.694+0000] {processor.py:925} INFO - DAG(s) 'example_branch_dop_operator_v3' retrieved from /home/chirag/airflow/lib/python3.12/site-packages/airflow/example_dags/example_branch_python_dop_operator_3.py
[2024-11-09T19:58:15.801+0000] {logging_mixin.py:190} INFO - [2024-11-09T19:58:15.791+0000] {dag.py:3239} INFO - Sync 1 DAGs
[2024-11-09T19:58:15.868+0000] {logging_mixin.py:190} INFO - [2024-11-09T19:58:15.868+0000] {dag.py:4180} INFO - Setting next_dagrun for example_branch_dop_operator_v3 to 2024-11-09 19:57:00+00:00, run_after=2024-11-09 19:58:00+00:00
[2024-11-09T19:58:15.920+0000] {processor.py:208} INFO - Processing /home/chirag/airflow/lib/python3.12/site-packages/airflow/example_dags/example_branch_python_dop_operator_3.py took 0.363 seconds
[2024-11-09T20:22:51.445+0000] {processor.py:186} INFO - Started process (PID=12716) to work on /home/chirag/airflow/lib/python3.12/site-packages/airflow/example_dags/example_branch_python_dop_operator_3.py
[2024-11-09T20:22:51.448+0000] {processor.py:914} INFO - Processing file /home/chirag/airflow/lib/python3.12/site-packages/airflow/example_dags/example_branch_python_dop_operator_3.py for tasks to queue
[2024-11-09T20:22:51.451+0000] {logging_mixin.py:190} INFO - [2024-11-09T20:22:51.451+0000] {dagbag.py:588} INFO - Filling up the DagBag from /home/chirag/airflow/lib/python3.12/site-packages/airflow/example_dags/example_branch_python_dop_operator_3.py
[2024-11-09T20:22:51.466+0000] {processor.py:925} INFO - DAG(s) 'example_branch_dop_operator_v3' retrieved from /home/chirag/airflow/lib/python3.12/site-packages/airflow/example_dags/example_branch_python_dop_operator_3.py
[2024-11-09T20:22:51.488+0000] {logging_mixin.py:190} INFO - [2024-11-09T20:22:51.487+0000] {dag.py:3239} INFO - Sync 1 DAGs
[2024-11-09T20:22:51.527+0000] {logging_mixin.py:190} INFO - [2024-11-09T20:22:51.526+0000] {dag.py:4180} INFO - Setting next_dagrun for example_branch_dop_operator_v3 to 2024-11-09 20:21:00+00:00, run_after=2024-11-09 20:22:00+00:00
[2024-11-09T20:22:51.566+0000] {processor.py:208} INFO - Processing /home/chirag/airflow/lib/python3.12/site-packages/airflow/example_dags/example_branch_python_dop_operator_3.py took 0.130 seconds
[2024-11-09T20:24:07.890+0000] {processor.py:186} INFO - Started process (PID=12938) to work on /home/chirag/airflow/lib/python3.12/site-packages/airflow/example_dags/example_branch_python_dop_operator_3.py
[2024-11-09T20:24:07.896+0000] {processor.py:914} INFO - Processing file /home/chirag/airflow/lib/python3.12/site-packages/airflow/example_dags/example_branch_python_dop_operator_3.py for tasks to queue
[2024-11-09T20:24:07.899+0000] {logging_mixin.py:190} INFO - [2024-11-09T20:24:07.898+0000] {dagbag.py:588} INFO - Filling up the DagBag from /home/chirag/airflow/lib/python3.12/site-packages/airflow/example_dags/example_branch_python_dop_operator_3.py
[2024-11-09T20:24:07.914+0000] {processor.py:925} INFO - DAG(s) 'example_branch_dop_operator_v3' retrieved from /home/chirag/airflow/lib/python3.12/site-packages/airflow/example_dags/example_branch_python_dop_operator_3.py
[2024-11-09T20:24:07.935+0000] {logging_mixin.py:190} INFO - [2024-11-09T20:24:07.935+0000] {dag.py:3239} INFO - Sync 1 DAGs
[2024-11-09T20:24:07.969+0000] {logging_mixin.py:190} INFO - [2024-11-09T20:24:07.969+0000] {dag.py:4180} INFO - Setting next_dagrun for example_branch_dop_operator_v3 to 2024-11-09 20:23:00+00:00, run_after=2024-11-09 20:24:00+00:00
[2024-11-09T20:24:08.008+0000] {processor.py:208} INFO - Processing /home/chirag/airflow/lib/python3.12/site-packages/airflow/example_dags/example_branch_python_dop_operator_3.py took 0.126 seconds
[2024-11-09T20:25:24.008+0000] {processor.py:186} INFO - Started process (PID=13148) to work on /home/chirag/airflow/lib/python3.12/site-packages/airflow/example_dags/example_branch_python_dop_operator_3.py
[2024-11-09T20:25:24.011+0000] {processor.py:914} INFO - Processing file /home/chirag/airflow/lib/python3.12/site-packages/airflow/example_dags/example_branch_python_dop_operator_3.py for tasks to queue
[2024-11-09T20:25:24.014+0000] {logging_mixin.py:190} INFO - [2024-11-09T20:25:24.014+0000] {dagbag.py:588} INFO - Filling up the DagBag from /home/chirag/airflow/lib/python3.12/site-packages/airflow/example_dags/example_branch_python_dop_operator_3.py
[2024-11-09T20:25:24.031+0000] {processor.py:925} INFO - DAG(s) 'example_branch_dop_operator_v3' retrieved from /home/chirag/airflow/lib/python3.12/site-packages/airflow/example_dags/example_branch_python_dop_operator_3.py
[2024-11-09T20:25:24.057+0000] {logging_mixin.py:190} INFO - [2024-11-09T20:25:24.057+0000] {dag.py:3239} INFO - Sync 1 DAGs
[2024-11-09T20:25:24.177+0000] {logging_mixin.py:190} INFO - [2024-11-09T20:25:24.177+0000] {dag.py:4180} INFO - Setting next_dagrun for example_branch_dop_operator_v3 to 2024-11-09 20:24:00+00:00, run_after=2024-11-09 20:25:00+00:00
[2024-11-09T20:25:24.225+0000] {processor.py:208} INFO - Processing /home/chirag/airflow/lib/python3.12/site-packages/airflow/example_dags/example_branch_python_dop_operator_3.py took 0.225 seconds
[2024-11-09T20:26:52.077+0000] {processor.py:186} INFO - Started process (PID=13706) to work on /home/chirag/airflow/lib/python3.12/site-packages/airflow/example_dags/example_branch_python_dop_operator_3.py
[2024-11-09T20:26:52.094+0000] {processor.py:914} INFO - Processing file /home/chirag/airflow/lib/python3.12/site-packages/airflow/example_dags/example_branch_python_dop_operator_3.py for tasks to queue
[2024-11-09T20:26:52.100+0000] {logging_mixin.py:190} INFO - [2024-11-09T20:26:52.098+0000] {dagbag.py:588} INFO - Filling up the DagBag from /home/chirag/airflow/lib/python3.12/site-packages/airflow/example_dags/example_branch_python_dop_operator_3.py
[2024-11-09T20:26:52.172+0000] {processor.py:925} INFO - DAG(s) 'example_branch_dop_operator_v3' retrieved from /home/chirag/airflow/lib/python3.12/site-packages/airflow/example_dags/example_branch_python_dop_operator_3.py
[2024-11-09T20:26:52.385+0000] {logging_mixin.py:190} INFO - [2024-11-09T20:26:52.385+0000] {dag.py:3239} INFO - Sync 1 DAGs
[2024-11-09T20:26:52.923+0000] {logging_mixin.py:190} INFO - [2024-11-09T20:26:52.923+0000] {dag.py:4180} INFO - Setting next_dagrun for example_branch_dop_operator_v3 to 2024-11-09 20:25:00+00:00, run_after=2024-11-09 20:26:00+00:00
[2024-11-09T20:26:53.087+0000] {processor.py:208} INFO - Processing /home/chirag/airflow/lib/python3.12/site-packages/airflow/example_dags/example_branch_python_dop_operator_3.py took 1.056 seconds
