[2024-11-09T19:16:49.199+0000] {processor.py:186} INFO - Started process (PID=94643) to work on /home/chirag/airflow/lib/python3.12/site-packages/airflow/example_dags/example_external_task_marker_dag.py
[2024-11-09T19:16:49.200+0000] {processor.py:914} INFO - Processing file /home/chirag/airflow/lib/python3.12/site-packages/airflow/example_dags/example_external_task_marker_dag.py for tasks to queue
[2024-11-09T19:16:49.203+0000] {logging_mixin.py:190} INFO - [2024-11-09T19:16:49.203+0000] {dagbag.py:588} INFO - Filling up the DagBag from /home/chirag/airflow/lib/python3.12/site-packages/airflow/example_dags/example_external_task_marker_dag.py
[2024-11-09T19:16:49.218+0000] {processor.py:925} INFO - DAG(s) 'example_external_task_marker_parent', 'example_external_task_marker_child' retrieved from /home/chirag/airflow/lib/python3.12/site-packages/airflow/example_dags/example_external_task_marker_dag.py
[2024-11-09T19:16:49.410+0000] {logging_mixin.py:190} INFO - [2024-11-09T19:16:49.409+0000] {override.py:1911} INFO - Created Permission View: can delete on DAG:example_external_task_marker_parent
[2024-11-09T19:16:49.433+0000] {logging_mixin.py:190} INFO - [2024-11-09T19:16:49.433+0000] {override.py:1911} INFO - Created Permission View: can read on DAG:example_external_task_marker_parent
[2024-11-09T19:16:49.453+0000] {logging_mixin.py:190} INFO - [2024-11-09T19:16:49.453+0000] {override.py:1911} INFO - Created Permission View: can edit on DAG:example_external_task_marker_parent
[2024-11-09T19:16:49.486+0000] {logging_mixin.py:190} INFO - [2024-11-09T19:16:49.485+0000] {override.py:1911} INFO - Created Permission View: menu access on DAG Run:example_external_task_marker_parent
[2024-11-09T19:16:49.506+0000] {logging_mixin.py:190} INFO - [2024-11-09T19:16:49.505+0000] {override.py:1911} INFO - Created Permission View: can delete on DAG Run:example_external_task_marker_parent
[2024-11-09T19:16:49.526+0000] {logging_mixin.py:190} INFO - [2024-11-09T19:16:49.525+0000] {override.py:1911} INFO - Created Permission View: can read on DAG Run:example_external_task_marker_parent
[2024-11-09T19:16:49.545+0000] {logging_mixin.py:190} INFO - [2024-11-09T19:16:49.544+0000] {override.py:1911} INFO - Created Permission View: can create on DAG Run:example_external_task_marker_parent
[2024-11-09T19:16:49.590+0000] {logging_mixin.py:190} INFO - [2024-11-09T19:16:49.590+0000] {override.py:1911} INFO - Created Permission View: can delete on DAG:example_external_task_marker_child
[2024-11-09T19:16:49.609+0000] {logging_mixin.py:190} INFO - [2024-11-09T19:16:49.608+0000] {override.py:1911} INFO - Created Permission View: can read on DAG:example_external_task_marker_child
[2024-11-09T19:16:49.628+0000] {logging_mixin.py:190} INFO - [2024-11-09T19:16:49.627+0000] {override.py:1911} INFO - Created Permission View: can edit on DAG:example_external_task_marker_child
[2024-11-09T19:16:49.659+0000] {logging_mixin.py:190} INFO - [2024-11-09T19:16:49.658+0000] {override.py:1911} INFO - Created Permission View: menu access on DAG Run:example_external_task_marker_child
[2024-11-09T19:16:49.677+0000] {logging_mixin.py:190} INFO - [2024-11-09T19:16:49.677+0000] {override.py:1911} INFO - Created Permission View: can delete on DAG Run:example_external_task_marker_child
[2024-11-09T19:16:49.698+0000] {logging_mixin.py:190} INFO - [2024-11-09T19:16:49.697+0000] {override.py:1911} INFO - Created Permission View: can read on DAG Run:example_external_task_marker_child
[2024-11-09T19:16:49.716+0000] {logging_mixin.py:190} INFO - [2024-11-09T19:16:49.715+0000] {override.py:1911} INFO - Created Permission View: can create on DAG Run:example_external_task_marker_child
[2024-11-09T19:16:49.716+0000] {logging_mixin.py:190} INFO - [2024-11-09T19:16:49.716+0000] {dag.py:3239} INFO - Sync 2 DAGs
[2024-11-09T19:16:49.733+0000] {logging_mixin.py:190} INFO - [2024-11-09T19:16:49.732+0000] {dag.py:3262} INFO - Creating ORM DAG for example_external_task_marker_parent
[2024-11-09T19:16:49.734+0000] {logging_mixin.py:190} INFO - [2024-11-09T19:16:49.733+0000] {dag.py:3262} INFO - Creating ORM DAG for example_external_task_marker_child
[2024-11-09T19:16:49.735+0000] {logging_mixin.py:190} INFO - [2024-11-09T19:16:49.734+0000] {dag.py:4180} INFO - Setting next_dagrun for example_external_task_marker_child to None, run_after=None
[2024-11-09T19:16:49.736+0000] {logging_mixin.py:190} INFO - [2024-11-09T19:16:49.735+0000] {dag.py:4180} INFO - Setting next_dagrun for example_external_task_marker_parent to None, run_after=None
[2024-11-09T19:16:49.770+0000] {processor.py:208} INFO - Processing /home/chirag/airflow/lib/python3.12/site-packages/airflow/example_dags/example_external_task_marker_dag.py took 0.580 seconds
[2024-11-09T19:18:36.856+0000] {processor.py:186} INFO - Started process (PID=94846) to work on /home/chirag/airflow/lib/python3.12/site-packages/airflow/example_dags/example_external_task_marker_dag.py
[2024-11-09T19:18:36.859+0000] {processor.py:914} INFO - Processing file /home/chirag/airflow/lib/python3.12/site-packages/airflow/example_dags/example_external_task_marker_dag.py for tasks to queue
[2024-11-09T19:18:36.862+0000] {logging_mixin.py:190} INFO - [2024-11-09T19:18:36.862+0000] {dagbag.py:588} INFO - Filling up the DagBag from /home/chirag/airflow/lib/python3.12/site-packages/airflow/example_dags/example_external_task_marker_dag.py
[2024-11-09T19:18:36.876+0000] {processor.py:925} INFO - DAG(s) 'example_external_task_marker_parent', 'example_external_task_marker_child' retrieved from /home/chirag/airflow/lib/python3.12/site-packages/airflow/example_dags/example_external_task_marker_dag.py
[2024-11-09T19:18:36.910+0000] {logging_mixin.py:190} INFO - [2024-11-09T19:18:36.909+0000] {dag.py:3239} INFO - Sync 2 DAGs
[2024-11-09T19:18:36.931+0000] {logging_mixin.py:190} INFO - [2024-11-09T19:18:36.931+0000] {dag.py:4180} INFO - Setting next_dagrun for example_external_task_marker_child to None, run_after=None
[2024-11-09T19:18:36.937+0000] {logging_mixin.py:190} INFO - [2024-11-09T19:18:36.937+0000] {dag.py:4180} INFO - Setting next_dagrun for example_external_task_marker_parent to None, run_after=None
[2024-11-09T19:18:36.992+0000] {processor.py:208} INFO - Processing /home/chirag/airflow/lib/python3.12/site-packages/airflow/example_dags/example_external_task_marker_dag.py took 0.145 seconds
[2024-11-09T19:27:56.404+0000] {processor.py:186} INFO - Started process (PID=472) to work on /home/chirag/airflow/lib/python3.12/site-packages/airflow/example_dags/example_external_task_marker_dag.py
[2024-11-09T19:27:56.408+0000] {processor.py:914} INFO - Processing file /home/chirag/airflow/lib/python3.12/site-packages/airflow/example_dags/example_external_task_marker_dag.py for tasks to queue
[2024-11-09T19:27:56.411+0000] {logging_mixin.py:190} INFO - [2024-11-09T19:27:56.410+0000] {dagbag.py:588} INFO - Filling up the DagBag from /home/chirag/airflow/lib/python3.12/site-packages/airflow/example_dags/example_external_task_marker_dag.py
[2024-11-09T19:27:56.423+0000] {processor.py:925} INFO - DAG(s) 'example_external_task_marker_child', 'example_external_task_marker_parent' retrieved from /home/chirag/airflow/lib/python3.12/site-packages/airflow/example_dags/example_external_task_marker_dag.py
[2024-11-09T19:27:56.451+0000] {logging_mixin.py:190} INFO - [2024-11-09T19:27:56.451+0000] {dag.py:3239} INFO - Sync 2 DAGs
[2024-11-09T19:27:56.469+0000] {logging_mixin.py:190} INFO - [2024-11-09T19:27:56.468+0000] {dag.py:4180} INFO - Setting next_dagrun for example_external_task_marker_child to None, run_after=None
[2024-11-09T19:27:56.473+0000] {logging_mixin.py:190} INFO - [2024-11-09T19:27:56.473+0000] {dag.py:4180} INFO - Setting next_dagrun for example_external_task_marker_parent to None, run_after=None
[2024-11-09T19:27:56.507+0000] {processor.py:208} INFO - Processing /home/chirag/airflow/lib/python3.12/site-packages/airflow/example_dags/example_external_task_marker_dag.py took 0.110 seconds
[2024-11-09T19:29:02.422+0000] {processor.py:186} INFO - Started process (PID=555) to work on /home/chirag/airflow/lib/python3.12/site-packages/airflow/example_dags/example_external_task_marker_dag.py
[2024-11-09T19:29:02.425+0000] {processor.py:914} INFO - Processing file /home/chirag/airflow/lib/python3.12/site-packages/airflow/example_dags/example_external_task_marker_dag.py for tasks to queue
[2024-11-09T19:29:02.428+0000] {logging_mixin.py:190} INFO - [2024-11-09T19:29:02.427+0000] {dagbag.py:588} INFO - Filling up the DagBag from /home/chirag/airflow/lib/python3.12/site-packages/airflow/example_dags/example_external_task_marker_dag.py
[2024-11-09T19:29:02.439+0000] {processor.py:925} INFO - DAG(s) 'example_external_task_marker_parent', 'example_external_task_marker_child' retrieved from /home/chirag/airflow/lib/python3.12/site-packages/airflow/example_dags/example_external_task_marker_dag.py
[2024-11-09T19:29:02.468+0000] {logging_mixin.py:190} INFO - [2024-11-09T19:29:02.467+0000] {dag.py:3239} INFO - Sync 2 DAGs
[2024-11-09T19:29:02.485+0000] {logging_mixin.py:190} INFO - [2024-11-09T19:29:02.485+0000] {dag.py:4180} INFO - Setting next_dagrun for example_external_task_marker_child to None, run_after=None
[2024-11-09T19:29:02.490+0000] {logging_mixin.py:190} INFO - [2024-11-09T19:29:02.490+0000] {dag.py:4180} INFO - Setting next_dagrun for example_external_task_marker_parent to None, run_after=None
[2024-11-09T19:29:02.522+0000] {processor.py:208} INFO - Processing /home/chirag/airflow/lib/python3.12/site-packages/airflow/example_dags/example_external_task_marker_dag.py took 0.108 seconds
[2024-11-09T19:30:18.073+0000] {processor.py:186} INFO - Started process (PID=630) to work on /home/chirag/airflow/lib/python3.12/site-packages/airflow/example_dags/example_external_task_marker_dag.py
[2024-11-09T19:30:18.075+0000] {processor.py:914} INFO - Processing file /home/chirag/airflow/lib/python3.12/site-packages/airflow/example_dags/example_external_task_marker_dag.py for tasks to queue
[2024-11-09T19:30:18.078+0000] {logging_mixin.py:190} INFO - [2024-11-09T19:30:18.077+0000] {dagbag.py:588} INFO - Filling up the DagBag from /home/chirag/airflow/lib/python3.12/site-packages/airflow/example_dags/example_external_task_marker_dag.py
[2024-11-09T19:30:18.094+0000] {processor.py:925} INFO - DAG(s) 'example_external_task_marker_parent', 'example_external_task_marker_child' retrieved from /home/chirag/airflow/lib/python3.12/site-packages/airflow/example_dags/example_external_task_marker_dag.py
[2024-11-09T19:30:18.130+0000] {logging_mixin.py:190} INFO - [2024-11-09T19:30:18.130+0000] {dag.py:3239} INFO - Sync 2 DAGs
[2024-11-09T19:30:18.157+0000] {logging_mixin.py:190} INFO - [2024-11-09T19:30:18.157+0000] {dag.py:4180} INFO - Setting next_dagrun for example_external_task_marker_child to None, run_after=None
[2024-11-09T19:30:18.178+0000] {logging_mixin.py:190} INFO - [2024-11-09T19:30:18.178+0000] {dag.py:4180} INFO - Setting next_dagrun for example_external_task_marker_parent to None, run_after=None
[2024-11-09T19:30:18.229+0000] {processor.py:208} INFO - Processing /home/chirag/airflow/lib/python3.12/site-packages/airflow/example_dags/example_external_task_marker_dag.py took 0.171 seconds
[2024-11-09T19:31:34.285+0000] {processor.py:186} INFO - Started process (PID=697) to work on /home/chirag/airflow/lib/python3.12/site-packages/airflow/example_dags/example_external_task_marker_dag.py
[2024-11-09T19:31:34.484+0000] {processor.py:914} INFO - Processing file /home/chirag/airflow/lib/python3.12/site-packages/airflow/example_dags/example_external_task_marker_dag.py for tasks to queue
[2024-11-09T19:31:34.489+0000] {logging_mixin.py:190} INFO - [2024-11-09T19:31:34.488+0000] {dagbag.py:588} INFO - Filling up the DagBag from /home/chirag/airflow/lib/python3.12/site-packages/airflow/example_dags/example_external_task_marker_dag.py
[2024-11-09T19:31:34.538+0000] {processor.py:925} INFO - DAG(s) 'example_external_task_marker_parent', 'example_external_task_marker_child' retrieved from /home/chirag/airflow/lib/python3.12/site-packages/airflow/example_dags/example_external_task_marker_dag.py
[2024-11-09T19:31:34.662+0000] {logging_mixin.py:190} INFO - [2024-11-09T19:31:34.661+0000] {dag.py:3239} INFO - Sync 2 DAGs
[2024-11-09T19:31:34.743+0000] {logging_mixin.py:190} INFO - [2024-11-09T19:31:34.743+0000] {dag.py:4180} INFO - Setting next_dagrun for example_external_task_marker_child to None, run_after=None
[2024-11-09T19:31:34.773+0000] {logging_mixin.py:190} INFO - [2024-11-09T19:31:34.772+0000] {dag.py:4180} INFO - Setting next_dagrun for example_external_task_marker_parent to None, run_after=None
[2024-11-09T19:31:35.236+0000] {processor.py:208} INFO - Processing /home/chirag/airflow/lib/python3.12/site-packages/airflow/example_dags/example_external_task_marker_dag.py took 0.985 seconds
[2024-11-09T19:33:14.784+0000] {processor.py:186} INFO - Started process (PID=1783) to work on /home/chirag/airflow/lib/python3.12/site-packages/airflow/example_dags/example_external_task_marker_dag.py
[2024-11-09T19:33:14.787+0000] {processor.py:914} INFO - Processing file /home/chirag/airflow/lib/python3.12/site-packages/airflow/example_dags/example_external_task_marker_dag.py for tasks to queue
[2024-11-09T19:33:14.791+0000] {logging_mixin.py:190} INFO - [2024-11-09T19:33:14.790+0000] {dagbag.py:588} INFO - Filling up the DagBag from /home/chirag/airflow/lib/python3.12/site-packages/airflow/example_dags/example_external_task_marker_dag.py
[2024-11-09T19:33:14.808+0000] {processor.py:925} INFO - DAG(s) 'example_external_task_marker_child', 'example_external_task_marker_parent' retrieved from /home/chirag/airflow/lib/python3.12/site-packages/airflow/example_dags/example_external_task_marker_dag.py
[2024-11-09T19:33:14.848+0000] {logging_mixin.py:190} INFO - [2024-11-09T19:33:14.848+0000] {dag.py:3239} INFO - Sync 2 DAGs
[2024-11-09T19:33:14.875+0000] {logging_mixin.py:190} INFO - [2024-11-09T19:33:14.875+0000] {dag.py:4180} INFO - Setting next_dagrun for example_external_task_marker_child to None, run_after=None
[2024-11-09T19:33:14.882+0000] {logging_mixin.py:190} INFO - [2024-11-09T19:33:14.882+0000] {dag.py:4180} INFO - Setting next_dagrun for example_external_task_marker_parent to None, run_after=None
[2024-11-09T19:33:14.932+0000] {processor.py:208} INFO - Processing /home/chirag/airflow/lib/python3.12/site-packages/airflow/example_dags/example_external_task_marker_dag.py took 0.158 seconds
[2024-11-09T19:34:33.948+0000] {processor.py:186} INFO - Started process (PID=2347) to work on /home/chirag/airflow/lib/python3.12/site-packages/airflow/example_dags/example_external_task_marker_dag.py
[2024-11-09T19:34:33.950+0000] {processor.py:914} INFO - Processing file /home/chirag/airflow/lib/python3.12/site-packages/airflow/example_dags/example_external_task_marker_dag.py for tasks to queue
[2024-11-09T19:34:33.954+0000] {logging_mixin.py:190} INFO - [2024-11-09T19:34:33.953+0000] {dagbag.py:588} INFO - Filling up the DagBag from /home/chirag/airflow/lib/python3.12/site-packages/airflow/example_dags/example_external_task_marker_dag.py
[2024-11-09T19:34:33.970+0000] {processor.py:925} INFO - DAG(s) 'example_external_task_marker_parent', 'example_external_task_marker_child' retrieved from /home/chirag/airflow/lib/python3.12/site-packages/airflow/example_dags/example_external_task_marker_dag.py
[2024-11-09T19:34:34.001+0000] {logging_mixin.py:190} INFO - [2024-11-09T19:34:34.001+0000] {dag.py:3239} INFO - Sync 2 DAGs
[2024-11-09T19:34:34.226+0000] {logging_mixin.py:190} INFO - [2024-11-09T19:34:34.225+0000] {dag.py:4180} INFO - Setting next_dagrun for example_external_task_marker_child to None, run_after=None
[2024-11-09T19:34:34.233+0000] {logging_mixin.py:190} INFO - [2024-11-09T19:34:34.232+0000] {dag.py:4180} INFO - Setting next_dagrun for example_external_task_marker_parent to None, run_after=None
[2024-11-09T19:34:34.296+0000] {processor.py:208} INFO - Processing /home/chirag/airflow/lib/python3.12/site-packages/airflow/example_dags/example_external_task_marker_dag.py took 0.357 seconds
[2024-11-09T19:36:05.071+0000] {processor.py:186} INFO - Started process (PID=2753) to work on /home/chirag/airflow/lib/python3.12/site-packages/airflow/example_dags/example_external_task_marker_dag.py
[2024-11-09T19:36:05.083+0000] {processor.py:914} INFO - Processing file /home/chirag/airflow/lib/python3.12/site-packages/airflow/example_dags/example_external_task_marker_dag.py for tasks to queue
[2024-11-09T19:36:05.089+0000] {logging_mixin.py:190} INFO - [2024-11-09T19:36:05.088+0000] {dagbag.py:588} INFO - Filling up the DagBag from /home/chirag/airflow/lib/python3.12/site-packages/airflow/example_dags/example_external_task_marker_dag.py
[2024-11-09T19:36:05.150+0000] {processor.py:925} INFO - DAG(s) 'example_external_task_marker_child', 'example_external_task_marker_parent' retrieved from /home/chirag/airflow/lib/python3.12/site-packages/airflow/example_dags/example_external_task_marker_dag.py
[2024-11-09T19:36:05.267+0000] {logging_mixin.py:190} INFO - [2024-11-09T19:36:05.267+0000] {dag.py:3239} INFO - Sync 2 DAGs
[2024-11-09T19:36:05.352+0000] {logging_mixin.py:190} INFO - [2024-11-09T19:36:05.352+0000] {dag.py:4180} INFO - Setting next_dagrun for example_external_task_marker_child to None, run_after=None
[2024-11-09T19:36:05.363+0000] {logging_mixin.py:190} INFO - [2024-11-09T19:36:05.362+0000] {dag.py:4180} INFO - Setting next_dagrun for example_external_task_marker_parent to None, run_after=None
[2024-11-09T19:36:05.734+0000] {processor.py:208} INFO - Processing /home/chirag/airflow/lib/python3.12/site-packages/airflow/example_dags/example_external_task_marker_dag.py took 0.696 seconds
[2024-11-09T19:37:17.945+0000] {processor.py:186} INFO - Started process (PID=2955) to work on /home/chirag/airflow/lib/python3.12/site-packages/airflow/example_dags/example_external_task_marker_dag.py
[2024-11-09T19:37:17.948+0000] {processor.py:914} INFO - Processing file /home/chirag/airflow/lib/python3.12/site-packages/airflow/example_dags/example_external_task_marker_dag.py for tasks to queue
[2024-11-09T19:37:17.951+0000] {logging_mixin.py:190} INFO - [2024-11-09T19:37:17.950+0000] {dagbag.py:588} INFO - Filling up the DagBag from /home/chirag/airflow/lib/python3.12/site-packages/airflow/example_dags/example_external_task_marker_dag.py
[2024-11-09T19:37:17.963+0000] {processor.py:925} INFO - DAG(s) 'example_external_task_marker_parent', 'example_external_task_marker_child' retrieved from /home/chirag/airflow/lib/python3.12/site-packages/airflow/example_dags/example_external_task_marker_dag.py
[2024-11-09T19:37:17.987+0000] {logging_mixin.py:190} INFO - [2024-11-09T19:37:17.987+0000] {dag.py:3239} INFO - Sync 2 DAGs
[2024-11-09T19:37:18.005+0000] {logging_mixin.py:190} INFO - [2024-11-09T19:37:18.005+0000] {dag.py:4180} INFO - Setting next_dagrun for example_external_task_marker_child to None, run_after=None
[2024-11-09T19:37:18.010+0000] {logging_mixin.py:190} INFO - [2024-11-09T19:37:18.009+0000] {dag.py:4180} INFO - Setting next_dagrun for example_external_task_marker_parent to None, run_after=None
[2024-11-09T19:37:18.043+0000] {processor.py:208} INFO - Processing /home/chirag/airflow/lib/python3.12/site-packages/airflow/example_dags/example_external_task_marker_dag.py took 0.105 seconds
[2024-11-09T19:38:29.206+0000] {processor.py:186} INFO - Started process (PID=3278) to work on /home/chirag/airflow/lib/python3.12/site-packages/airflow/example_dags/example_external_task_marker_dag.py
[2024-11-09T19:38:29.210+0000] {processor.py:914} INFO - Processing file /home/chirag/airflow/lib/python3.12/site-packages/airflow/example_dags/example_external_task_marker_dag.py for tasks to queue
[2024-11-09T19:38:29.214+0000] {logging_mixin.py:190} INFO - [2024-11-09T19:38:29.213+0000] {dagbag.py:588} INFO - Filling up the DagBag from /home/chirag/airflow/lib/python3.12/site-packages/airflow/example_dags/example_external_task_marker_dag.py
[2024-11-09T19:38:29.226+0000] {processor.py:925} INFO - DAG(s) 'example_external_task_marker_child', 'example_external_task_marker_parent' retrieved from /home/chirag/airflow/lib/python3.12/site-packages/airflow/example_dags/example_external_task_marker_dag.py
[2024-11-09T19:38:29.252+0000] {logging_mixin.py:190} INFO - [2024-11-09T19:38:29.252+0000] {dag.py:3239} INFO - Sync 2 DAGs
[2024-11-09T19:38:29.270+0000] {logging_mixin.py:190} INFO - [2024-11-09T19:38:29.270+0000] {dag.py:4180} INFO - Setting next_dagrun for example_external_task_marker_child to None, run_after=None
[2024-11-09T19:38:29.275+0000] {logging_mixin.py:190} INFO - [2024-11-09T19:38:29.275+0000] {dag.py:4180} INFO - Setting next_dagrun for example_external_task_marker_parent to None, run_after=None
[2024-11-09T19:38:29.320+0000] {processor.py:208} INFO - Processing /home/chirag/airflow/lib/python3.12/site-packages/airflow/example_dags/example_external_task_marker_dag.py took 0.122 seconds
[2024-11-09T19:39:55.144+0000] {processor.py:186} INFO - Started process (PID=3570) to work on /home/chirag/airflow/lib/python3.12/site-packages/airflow/example_dags/example_external_task_marker_dag.py
[2024-11-09T19:39:55.150+0000] {processor.py:914} INFO - Processing file /home/chirag/airflow/lib/python3.12/site-packages/airflow/example_dags/example_external_task_marker_dag.py for tasks to queue
[2024-11-09T19:39:55.155+0000] {logging_mixin.py:190} INFO - [2024-11-09T19:39:55.155+0000] {dagbag.py:588} INFO - Filling up the DagBag from /home/chirag/airflow/lib/python3.12/site-packages/airflow/example_dags/example_external_task_marker_dag.py
[2024-11-09T19:39:55.172+0000] {processor.py:925} INFO - DAG(s) 'example_external_task_marker_child', 'example_external_task_marker_parent' retrieved from /home/chirag/airflow/lib/python3.12/site-packages/airflow/example_dags/example_external_task_marker_dag.py
[2024-11-09T19:39:55.209+0000] {logging_mixin.py:190} INFO - [2024-11-09T19:39:55.209+0000] {dag.py:3239} INFO - Sync 2 DAGs
[2024-11-09T19:39:55.241+0000] {logging_mixin.py:190} INFO - [2024-11-09T19:39:55.241+0000] {dag.py:4180} INFO - Setting next_dagrun for example_external_task_marker_child to None, run_after=None
[2024-11-09T19:39:55.247+0000] {logging_mixin.py:190} INFO - [2024-11-09T19:39:55.247+0000] {dag.py:4180} INFO - Setting next_dagrun for example_external_task_marker_parent to None, run_after=None
[2024-11-09T19:39:55.370+0000] {processor.py:208} INFO - Processing /home/chirag/airflow/lib/python3.12/site-packages/airflow/example_dags/example_external_task_marker_dag.py took 0.240 seconds
[2024-11-09T19:41:10.273+0000] {processor.py:186} INFO - Started process (PID=3779) to work on /home/chirag/airflow/lib/python3.12/site-packages/airflow/example_dags/example_external_task_marker_dag.py
[2024-11-09T19:41:10.279+0000] {processor.py:914} INFO - Processing file /home/chirag/airflow/lib/python3.12/site-packages/airflow/example_dags/example_external_task_marker_dag.py for tasks to queue
[2024-11-09T19:41:10.282+0000] {logging_mixin.py:190} INFO - [2024-11-09T19:41:10.282+0000] {dagbag.py:588} INFO - Filling up the DagBag from /home/chirag/airflow/lib/python3.12/site-packages/airflow/example_dags/example_external_task_marker_dag.py
[2024-11-09T19:41:10.296+0000] {processor.py:925} INFO - DAG(s) 'example_external_task_marker_child', 'example_external_task_marker_parent' retrieved from /home/chirag/airflow/lib/python3.12/site-packages/airflow/example_dags/example_external_task_marker_dag.py
[2024-11-09T19:41:10.322+0000] {logging_mixin.py:190} INFO - [2024-11-09T19:41:10.321+0000] {dag.py:3239} INFO - Sync 2 DAGs
[2024-11-09T19:41:10.340+0000] {logging_mixin.py:190} INFO - [2024-11-09T19:41:10.340+0000] {dag.py:4180} INFO - Setting next_dagrun for example_external_task_marker_child to None, run_after=None
[2024-11-09T19:41:10.345+0000] {logging_mixin.py:190} INFO - [2024-11-09T19:41:10.345+0000] {dag.py:4180} INFO - Setting next_dagrun for example_external_task_marker_parent to None, run_after=None
[2024-11-09T19:41:10.380+0000] {processor.py:208} INFO - Processing /home/chirag/airflow/lib/python3.12/site-packages/airflow/example_dags/example_external_task_marker_dag.py took 0.115 seconds
[2024-11-09T19:42:24.316+0000] {processor.py:186} INFO - Started process (PID=3988) to work on /home/chirag/airflow/lib/python3.12/site-packages/airflow/example_dags/example_external_task_marker_dag.py
[2024-11-09T19:42:24.319+0000] {processor.py:914} INFO - Processing file /home/chirag/airflow/lib/python3.12/site-packages/airflow/example_dags/example_external_task_marker_dag.py for tasks to queue
[2024-11-09T19:42:24.323+0000] {logging_mixin.py:190} INFO - [2024-11-09T19:42:24.322+0000] {dagbag.py:588} INFO - Filling up the DagBag from /home/chirag/airflow/lib/python3.12/site-packages/airflow/example_dags/example_external_task_marker_dag.py
[2024-11-09T19:42:24.337+0000] {processor.py:925} INFO - DAG(s) 'example_external_task_marker_parent', 'example_external_task_marker_child' retrieved from /home/chirag/airflow/lib/python3.12/site-packages/airflow/example_dags/example_external_task_marker_dag.py
[2024-11-09T19:42:24.366+0000] {logging_mixin.py:190} INFO - [2024-11-09T19:42:24.366+0000] {dag.py:3239} INFO - Sync 2 DAGs
[2024-11-09T19:42:24.384+0000] {logging_mixin.py:190} INFO - [2024-11-09T19:42:24.384+0000] {dag.py:4180} INFO - Setting next_dagrun for example_external_task_marker_child to None, run_after=None
[2024-11-09T19:42:24.389+0000] {logging_mixin.py:190} INFO - [2024-11-09T19:42:24.389+0000] {dag.py:4180} INFO - Setting next_dagrun for example_external_task_marker_parent to None, run_after=None
[2024-11-09T19:42:24.426+0000] {processor.py:208} INFO - Processing /home/chirag/airflow/lib/python3.12/site-packages/airflow/example_dags/example_external_task_marker_dag.py took 0.118 seconds
[2024-11-09T19:43:45.582+0000] {processor.py:186} INFO - Started process (PID=4227) to work on /home/chirag/airflow/lib/python3.12/site-packages/airflow/example_dags/example_external_task_marker_dag.py
[2024-11-09T19:43:45.585+0000] {processor.py:914} INFO - Processing file /home/chirag/airflow/lib/python3.12/site-packages/airflow/example_dags/example_external_task_marker_dag.py for tasks to queue
[2024-11-09T19:43:45.588+0000] {logging_mixin.py:190} INFO - [2024-11-09T19:43:45.588+0000] {dagbag.py:588} INFO - Filling up the DagBag from /home/chirag/airflow/lib/python3.12/site-packages/airflow/example_dags/example_external_task_marker_dag.py
[2024-11-09T19:43:45.601+0000] {processor.py:925} INFO - DAG(s) 'example_external_task_marker_parent', 'example_external_task_marker_child' retrieved from /home/chirag/airflow/lib/python3.12/site-packages/airflow/example_dags/example_external_task_marker_dag.py
[2024-11-09T19:43:45.627+0000] {logging_mixin.py:190} INFO - [2024-11-09T19:43:45.626+0000] {dag.py:3239} INFO - Sync 2 DAGs
[2024-11-09T19:43:45.645+0000] {logging_mixin.py:190} INFO - [2024-11-09T19:43:45.645+0000] {dag.py:4180} INFO - Setting next_dagrun for example_external_task_marker_child to None, run_after=None
[2024-11-09T19:43:45.650+0000] {logging_mixin.py:190} INFO - [2024-11-09T19:43:45.650+0000] {dag.py:4180} INFO - Setting next_dagrun for example_external_task_marker_parent to None, run_after=None
[2024-11-09T19:43:45.683+0000] {processor.py:208} INFO - Processing /home/chirag/airflow/lib/python3.12/site-packages/airflow/example_dags/example_external_task_marker_dag.py took 0.109 seconds
[2024-11-09T19:44:54.456+0000] {processor.py:186} INFO - Started process (PID=4423) to work on /home/chirag/airflow/lib/python3.12/site-packages/airflow/example_dags/example_external_task_marker_dag.py
[2024-11-09T19:44:54.459+0000] {processor.py:914} INFO - Processing file /home/chirag/airflow/lib/python3.12/site-packages/airflow/example_dags/example_external_task_marker_dag.py for tasks to queue
[2024-11-09T19:44:54.463+0000] {logging_mixin.py:190} INFO - [2024-11-09T19:44:54.462+0000] {dagbag.py:588} INFO - Filling up the DagBag from /home/chirag/airflow/lib/python3.12/site-packages/airflow/example_dags/example_external_task_marker_dag.py
[2024-11-09T19:44:54.475+0000] {processor.py:925} INFO - DAG(s) 'example_external_task_marker_parent', 'example_external_task_marker_child' retrieved from /home/chirag/airflow/lib/python3.12/site-packages/airflow/example_dags/example_external_task_marker_dag.py
[2024-11-09T19:44:54.501+0000] {logging_mixin.py:190} INFO - [2024-11-09T19:44:54.501+0000] {dag.py:3239} INFO - Sync 2 DAGs
[2024-11-09T19:44:54.522+0000] {logging_mixin.py:190} INFO - [2024-11-09T19:44:54.522+0000] {dag.py:4180} INFO - Setting next_dagrun for example_external_task_marker_child to None, run_after=None
[2024-11-09T19:44:54.528+0000] {logging_mixin.py:190} INFO - [2024-11-09T19:44:54.527+0000] {dag.py:4180} INFO - Setting next_dagrun for example_external_task_marker_parent to None, run_after=None
[2024-11-09T19:44:54.565+0000] {processor.py:208} INFO - Processing /home/chirag/airflow/lib/python3.12/site-packages/airflow/example_dags/example_external_task_marker_dag.py took 0.117 seconds
[2024-11-09T19:46:42.074+0000] {processor.py:186} INFO - Started process (PID=4733) to work on /home/chirag/airflow/lib/python3.12/site-packages/airflow/example_dags/example_external_task_marker_dag.py
[2024-11-09T19:46:42.080+0000] {processor.py:914} INFO - Processing file /home/chirag/airflow/lib/python3.12/site-packages/airflow/example_dags/example_external_task_marker_dag.py for tasks to queue
[2024-11-09T19:46:42.084+0000] {logging_mixin.py:190} INFO - [2024-11-09T19:46:42.083+0000] {dagbag.py:588} INFO - Filling up the DagBag from /home/chirag/airflow/lib/python3.12/site-packages/airflow/example_dags/example_external_task_marker_dag.py
[2024-11-09T19:46:42.097+0000] {processor.py:925} INFO - DAG(s) 'example_external_task_marker_child', 'example_external_task_marker_parent' retrieved from /home/chirag/airflow/lib/python3.12/site-packages/airflow/example_dags/example_external_task_marker_dag.py
[2024-11-09T19:46:42.126+0000] {logging_mixin.py:190} INFO - [2024-11-09T19:46:42.126+0000] {dag.py:3239} INFO - Sync 2 DAGs
[2024-11-09T19:46:42.163+0000] {logging_mixin.py:190} INFO - [2024-11-09T19:46:42.162+0000] {dag.py:4180} INFO - Setting next_dagrun for example_external_task_marker_child to None, run_after=None
[2024-11-09T19:46:42.169+0000] {logging_mixin.py:190} INFO - [2024-11-09T19:46:42.168+0000] {dag.py:4180} INFO - Setting next_dagrun for example_external_task_marker_parent to None, run_after=None
[2024-11-09T19:46:42.207+0000] {processor.py:208} INFO - Processing /home/chirag/airflow/lib/python3.12/site-packages/airflow/example_dags/example_external_task_marker_dag.py took 0.143 seconds
[2024-11-09T19:47:57.578+0000] {processor.py:186} INFO - Started process (PID=4989) to work on /home/chirag/airflow/lib/python3.12/site-packages/airflow/example_dags/example_external_task_marker_dag.py
[2024-11-09T19:47:57.582+0000] {processor.py:914} INFO - Processing file /home/chirag/airflow/lib/python3.12/site-packages/airflow/example_dags/example_external_task_marker_dag.py for tasks to queue
[2024-11-09T19:47:57.587+0000] {logging_mixin.py:190} INFO - [2024-11-09T19:47:57.586+0000] {dagbag.py:588} INFO - Filling up the DagBag from /home/chirag/airflow/lib/python3.12/site-packages/airflow/example_dags/example_external_task_marker_dag.py
[2024-11-09T19:47:57.601+0000] {processor.py:925} INFO - DAG(s) 'example_external_task_marker_parent', 'example_external_task_marker_child' retrieved from /home/chirag/airflow/lib/python3.12/site-packages/airflow/example_dags/example_external_task_marker_dag.py
[2024-11-09T19:47:57.646+0000] {logging_mixin.py:190} INFO - [2024-11-09T19:47:57.645+0000] {dag.py:3239} INFO - Sync 2 DAGs
[2024-11-09T19:47:57.682+0000] {logging_mixin.py:190} INFO - [2024-11-09T19:47:57.682+0000] {dag.py:4180} INFO - Setting next_dagrun for example_external_task_marker_child to None, run_after=None
[2024-11-09T19:47:57.688+0000] {logging_mixin.py:190} INFO - [2024-11-09T19:47:57.688+0000] {dag.py:4180} INFO - Setting next_dagrun for example_external_task_marker_parent to None, run_after=None
[2024-11-09T19:47:57.719+0000] {processor.py:208} INFO - Processing /home/chirag/airflow/lib/python3.12/site-packages/airflow/example_dags/example_external_task_marker_dag.py took 0.158 seconds
[2024-11-09T19:49:10.403+0000] {processor.py:186} INFO - Started process (PID=5202) to work on /home/chirag/airflow/lib/python3.12/site-packages/airflow/example_dags/example_external_task_marker_dag.py
[2024-11-09T19:49:10.406+0000] {processor.py:914} INFO - Processing file /home/chirag/airflow/lib/python3.12/site-packages/airflow/example_dags/example_external_task_marker_dag.py for tasks to queue
[2024-11-09T19:49:10.409+0000] {logging_mixin.py:190} INFO - [2024-11-09T19:49:10.408+0000] {dagbag.py:588} INFO - Filling up the DagBag from /home/chirag/airflow/lib/python3.12/site-packages/airflow/example_dags/example_external_task_marker_dag.py
[2024-11-09T19:49:10.422+0000] {processor.py:925} INFO - DAG(s) 'example_external_task_marker_parent', 'example_external_task_marker_child' retrieved from /home/chirag/airflow/lib/python3.12/site-packages/airflow/example_dags/example_external_task_marker_dag.py
[2024-11-09T19:49:10.449+0000] {logging_mixin.py:190} INFO - [2024-11-09T19:49:10.449+0000] {dag.py:3239} INFO - Sync 2 DAGs
[2024-11-09T19:49:10.467+0000] {logging_mixin.py:190} INFO - [2024-11-09T19:49:10.467+0000] {dag.py:4180} INFO - Setting next_dagrun for example_external_task_marker_child to None, run_after=None
[2024-11-09T19:49:10.472+0000] {logging_mixin.py:190} INFO - [2024-11-09T19:49:10.471+0000] {dag.py:4180} INFO - Setting next_dagrun for example_external_task_marker_parent to None, run_after=None
[2024-11-09T19:49:10.505+0000] {processor.py:208} INFO - Processing /home/chirag/airflow/lib/python3.12/site-packages/airflow/example_dags/example_external_task_marker_dag.py took 0.110 seconds
[2024-11-09T19:50:21.422+0000] {processor.py:186} INFO - Started process (PID=5556) to work on /home/chirag/airflow/lib/python3.12/site-packages/airflow/example_dags/example_external_task_marker_dag.py
[2024-11-09T19:50:21.427+0000] {processor.py:914} INFO - Processing file /home/chirag/airflow/lib/python3.12/site-packages/airflow/example_dags/example_external_task_marker_dag.py for tasks to queue
[2024-11-09T19:50:21.430+0000] {logging_mixin.py:190} INFO - [2024-11-09T19:50:21.430+0000] {dagbag.py:588} INFO - Filling up the DagBag from /home/chirag/airflow/lib/python3.12/site-packages/airflow/example_dags/example_external_task_marker_dag.py
[2024-11-09T19:50:21.443+0000] {processor.py:925} INFO - DAG(s) 'example_external_task_marker_child', 'example_external_task_marker_parent' retrieved from /home/chirag/airflow/lib/python3.12/site-packages/airflow/example_dags/example_external_task_marker_dag.py
[2024-11-09T19:50:21.470+0000] {logging_mixin.py:190} INFO - [2024-11-09T19:50:21.470+0000] {dag.py:3239} INFO - Sync 2 DAGs
[2024-11-09T19:50:21.493+0000] {logging_mixin.py:190} INFO - [2024-11-09T19:50:21.493+0000] {dag.py:4180} INFO - Setting next_dagrun for example_external_task_marker_child to None, run_after=None
[2024-11-09T19:50:21.509+0000] {logging_mixin.py:190} INFO - [2024-11-09T19:50:21.509+0000] {dag.py:4180} INFO - Setting next_dagrun for example_external_task_marker_parent to None, run_after=None
[2024-11-09T19:50:21.575+0000] {processor.py:208} INFO - Processing /home/chirag/airflow/lib/python3.12/site-packages/airflow/example_dags/example_external_task_marker_dag.py took 0.161 seconds
[2024-11-09T19:51:35.093+0000] {processor.py:186} INFO - Started process (PID=6201) to work on /home/chirag/airflow/lib/python3.12/site-packages/airflow/example_dags/example_external_task_marker_dag.py
[2024-11-09T19:51:35.097+0000] {processor.py:914} INFO - Processing file /home/chirag/airflow/lib/python3.12/site-packages/airflow/example_dags/example_external_task_marker_dag.py for tasks to queue
[2024-11-09T19:51:35.100+0000] {logging_mixin.py:190} INFO - [2024-11-09T19:51:35.099+0000] {dagbag.py:588} INFO - Filling up the DagBag from /home/chirag/airflow/lib/python3.12/site-packages/airflow/example_dags/example_external_task_marker_dag.py
[2024-11-09T19:51:35.112+0000] {processor.py:925} INFO - DAG(s) 'example_external_task_marker_parent', 'example_external_task_marker_child' retrieved from /home/chirag/airflow/lib/python3.12/site-packages/airflow/example_dags/example_external_task_marker_dag.py
[2024-11-09T19:51:35.138+0000] {logging_mixin.py:190} INFO - [2024-11-09T19:51:35.137+0000] {dag.py:3239} INFO - Sync 2 DAGs
[2024-11-09T19:51:35.155+0000] {logging_mixin.py:190} INFO - [2024-11-09T19:51:35.155+0000] {dag.py:4180} INFO - Setting next_dagrun for example_external_task_marker_child to None, run_after=None
[2024-11-09T19:51:35.160+0000] {logging_mixin.py:190} INFO - [2024-11-09T19:51:35.160+0000] {dag.py:4180} INFO - Setting next_dagrun for example_external_task_marker_parent to None, run_after=None
[2024-11-09T19:51:35.192+0000] {processor.py:208} INFO - Processing /home/chirag/airflow/lib/python3.12/site-packages/airflow/example_dags/example_external_task_marker_dag.py took 0.107 seconds
[2024-11-09T19:53:22.861+0000] {processor.py:186} INFO - Started process (PID=6700) to work on /home/chirag/airflow/lib/python3.12/site-packages/airflow/example_dags/example_external_task_marker_dag.py
[2024-11-09T19:53:22.864+0000] {processor.py:914} INFO - Processing file /home/chirag/airflow/lib/python3.12/site-packages/airflow/example_dags/example_external_task_marker_dag.py for tasks to queue
[2024-11-09T19:53:22.870+0000] {logging_mixin.py:190} INFO - [2024-11-09T19:53:22.869+0000] {dagbag.py:588} INFO - Filling up the DagBag from /home/chirag/airflow/lib/python3.12/site-packages/airflow/example_dags/example_external_task_marker_dag.py
[2024-11-09T19:53:22.893+0000] {processor.py:925} INFO - DAG(s) 'example_external_task_marker_child', 'example_external_task_marker_parent' retrieved from /home/chirag/airflow/lib/python3.12/site-packages/airflow/example_dags/example_external_task_marker_dag.py
[2024-11-09T19:53:22.948+0000] {logging_mixin.py:190} INFO - [2024-11-09T19:53:22.944+0000] {dag.py:3239} INFO - Sync 2 DAGs
[2024-11-09T19:53:22.986+0000] {logging_mixin.py:190} INFO - [2024-11-09T19:53:22.985+0000] {dag.py:4180} INFO - Setting next_dagrun for example_external_task_marker_child to None, run_after=None
[2024-11-09T19:53:22.994+0000] {logging_mixin.py:190} INFO - [2024-11-09T19:53:22.994+0000] {dag.py:4180} INFO - Setting next_dagrun for example_external_task_marker_parent to None, run_after=None
[2024-11-09T19:53:23.057+0000] {processor.py:208} INFO - Processing /home/chirag/airflow/lib/python3.12/site-packages/airflow/example_dags/example_external_task_marker_dag.py took 0.213 seconds
[2024-11-09T19:54:38.250+0000] {processor.py:186} INFO - Started process (PID=7280) to work on /home/chirag/airflow/lib/python3.12/site-packages/airflow/example_dags/example_external_task_marker_dag.py
[2024-11-09T19:54:38.260+0000] {processor.py:914} INFO - Processing file /home/chirag/airflow/lib/python3.12/site-packages/airflow/example_dags/example_external_task_marker_dag.py for tasks to queue
[2024-11-09T19:54:38.266+0000] {logging_mixin.py:190} INFO - [2024-11-09T19:54:38.265+0000] {dagbag.py:588} INFO - Filling up the DagBag from /home/chirag/airflow/lib/python3.12/site-packages/airflow/example_dags/example_external_task_marker_dag.py
[2024-11-09T19:54:38.285+0000] {processor.py:925} INFO - DAG(s) 'example_external_task_marker_parent', 'example_external_task_marker_child' retrieved from /home/chirag/airflow/lib/python3.12/site-packages/airflow/example_dags/example_external_task_marker_dag.py
[2024-11-09T19:54:38.345+0000] {logging_mixin.py:190} INFO - [2024-11-09T19:54:38.345+0000] {dag.py:3239} INFO - Sync 2 DAGs
[2024-11-09T19:54:38.388+0000] {logging_mixin.py:190} INFO - [2024-11-09T19:54:38.388+0000] {dag.py:4180} INFO - Setting next_dagrun for example_external_task_marker_child to None, run_after=None
[2024-11-09T19:54:38.394+0000] {logging_mixin.py:190} INFO - [2024-11-09T19:54:38.394+0000] {dag.py:4180} INFO - Setting next_dagrun for example_external_task_marker_parent to None, run_after=None
[2024-11-09T19:54:38.430+0000] {processor.py:208} INFO - Processing /home/chirag/airflow/lib/python3.12/site-packages/airflow/example_dags/example_external_task_marker_dag.py took 0.192 seconds
[2024-11-09T19:55:58.832+0000] {processor.py:186} INFO - Started process (PID=7870) to work on /home/chirag/airflow/lib/python3.12/site-packages/airflow/example_dags/example_external_task_marker_dag.py
[2024-11-09T19:55:58.838+0000] {processor.py:914} INFO - Processing file /home/chirag/airflow/lib/python3.12/site-packages/airflow/example_dags/example_external_task_marker_dag.py for tasks to queue
[2024-11-09T19:55:58.842+0000] {logging_mixin.py:190} INFO - [2024-11-09T19:55:58.841+0000] {dagbag.py:588} INFO - Filling up the DagBag from /home/chirag/airflow/lib/python3.12/site-packages/airflow/example_dags/example_external_task_marker_dag.py
[2024-11-09T19:55:58.856+0000] {processor.py:925} INFO - DAG(s) 'example_external_task_marker_child', 'example_external_task_marker_parent' retrieved from /home/chirag/airflow/lib/python3.12/site-packages/airflow/example_dags/example_external_task_marker_dag.py
[2024-11-09T19:55:58.898+0000] {logging_mixin.py:190} INFO - [2024-11-09T19:55:58.897+0000] {dag.py:3239} INFO - Sync 2 DAGs
[2024-11-09T19:55:58.926+0000] {logging_mixin.py:190} INFO - [2024-11-09T19:55:58.926+0000] {dag.py:4180} INFO - Setting next_dagrun for example_external_task_marker_child to None, run_after=None
[2024-11-09T19:55:58.931+0000] {logging_mixin.py:190} INFO - [2024-11-09T19:55:58.931+0000] {dag.py:4180} INFO - Setting next_dagrun for example_external_task_marker_parent to None, run_after=None
[2024-11-09T19:55:58.984+0000] {processor.py:208} INFO - Processing /home/chirag/airflow/lib/python3.12/site-packages/airflow/example_dags/example_external_task_marker_dag.py took 0.160 seconds
[2024-11-09T19:58:03.402+0000] {processor.py:186} INFO - Started process (PID=8289) to work on /home/chirag/airflow/lib/python3.12/site-packages/airflow/example_dags/example_external_task_marker_dag.py
[2024-11-09T19:58:03.405+0000] {processor.py:914} INFO - Processing file /home/chirag/airflow/lib/python3.12/site-packages/airflow/example_dags/example_external_task_marker_dag.py for tasks to queue
[2024-11-09T19:58:03.409+0000] {logging_mixin.py:190} INFO - [2024-11-09T19:58:03.409+0000] {dagbag.py:588} INFO - Filling up the DagBag from /home/chirag/airflow/lib/python3.12/site-packages/airflow/example_dags/example_external_task_marker_dag.py
[2024-11-09T19:58:03.423+0000] {processor.py:925} INFO - DAG(s) 'example_external_task_marker_child', 'example_external_task_marker_parent' retrieved from /home/chirag/airflow/lib/python3.12/site-packages/airflow/example_dags/example_external_task_marker_dag.py
[2024-11-09T19:58:03.450+0000] {logging_mixin.py:190} INFO - [2024-11-09T19:58:03.450+0000] {dag.py:3239} INFO - Sync 2 DAGs
[2024-11-09T19:58:03.469+0000] {logging_mixin.py:190} INFO - [2024-11-09T19:58:03.468+0000] {dag.py:4180} INFO - Setting next_dagrun for example_external_task_marker_child to None, run_after=None
[2024-11-09T19:58:03.473+0000] {logging_mixin.py:190} INFO - [2024-11-09T19:58:03.473+0000] {dag.py:4180} INFO - Setting next_dagrun for example_external_task_marker_parent to None, run_after=None
[2024-11-09T19:58:03.506+0000] {processor.py:208} INFO - Processing /home/chirag/airflow/lib/python3.12/site-packages/airflow/example_dags/example_external_task_marker_dag.py took 0.112 seconds
[2024-11-09T20:22:36.827+0000] {processor.py:186} INFO - Started process (PID=12672) to work on /home/chirag/airflow/lib/python3.12/site-packages/airflow/example_dags/example_external_task_marker_dag.py
[2024-11-09T20:22:36.833+0000] {processor.py:914} INFO - Processing file /home/chirag/airflow/lib/python3.12/site-packages/airflow/example_dags/example_external_task_marker_dag.py for tasks to queue
[2024-11-09T20:22:36.837+0000] {logging_mixin.py:190} INFO - [2024-11-09T20:22:36.836+0000] {dagbag.py:588} INFO - Filling up the DagBag from /home/chirag/airflow/lib/python3.12/site-packages/airflow/example_dags/example_external_task_marker_dag.py
[2024-11-09T20:22:36.853+0000] {processor.py:925} INFO - DAG(s) 'example_external_task_marker_parent', 'example_external_task_marker_child' retrieved from /home/chirag/airflow/lib/python3.12/site-packages/airflow/example_dags/example_external_task_marker_dag.py
[2024-11-09T20:22:36.894+0000] {logging_mixin.py:190} INFO - [2024-11-09T20:22:36.894+0000] {dag.py:3239} INFO - Sync 2 DAGs
[2024-11-09T20:22:36.915+0000] {logging_mixin.py:190} INFO - [2024-11-09T20:22:36.915+0000] {dag.py:4180} INFO - Setting next_dagrun for example_external_task_marker_child to None, run_after=None
[2024-11-09T20:22:36.921+0000] {logging_mixin.py:190} INFO - [2024-11-09T20:22:36.921+0000] {dag.py:4180} INFO - Setting next_dagrun for example_external_task_marker_parent to None, run_after=None
[2024-11-09T20:22:37.314+0000] {processor.py:208} INFO - Processing /home/chirag/airflow/lib/python3.12/site-packages/airflow/example_dags/example_external_task_marker_dag.py took 0.495 seconds
[2024-11-09T20:23:46.057+0000] {processor.py:186} INFO - Started process (PID=12870) to work on /home/chirag/airflow/lib/python3.12/site-packages/airflow/example_dags/example_external_task_marker_dag.py
[2024-11-09T20:23:46.061+0000] {processor.py:914} INFO - Processing file /home/chirag/airflow/lib/python3.12/site-packages/airflow/example_dags/example_external_task_marker_dag.py for tasks to queue
[2024-11-09T20:23:46.064+0000] {logging_mixin.py:190} INFO - [2024-11-09T20:23:46.064+0000] {dagbag.py:588} INFO - Filling up the DagBag from /home/chirag/airflow/lib/python3.12/site-packages/airflow/example_dags/example_external_task_marker_dag.py
[2024-11-09T20:23:46.081+0000] {processor.py:925} INFO - DAG(s) 'example_external_task_marker_parent', 'example_external_task_marker_child' retrieved from /home/chirag/airflow/lib/python3.12/site-packages/airflow/example_dags/example_external_task_marker_dag.py
[2024-11-09T20:23:46.115+0000] {logging_mixin.py:190} INFO - [2024-11-09T20:23:46.115+0000] {dag.py:3239} INFO - Sync 2 DAGs
[2024-11-09T20:23:46.139+0000] {logging_mixin.py:190} INFO - [2024-11-09T20:23:46.138+0000] {dag.py:4180} INFO - Setting next_dagrun for example_external_task_marker_child to None, run_after=None
[2024-11-09T20:23:46.149+0000] {logging_mixin.py:190} INFO - [2024-11-09T20:23:46.149+0000] {dag.py:4180} INFO - Setting next_dagrun for example_external_task_marker_parent to None, run_after=None
[2024-11-09T20:23:46.185+0000] {processor.py:208} INFO - Processing /home/chirag/airflow/lib/python3.12/site-packages/airflow/example_dags/example_external_task_marker_dag.py took 0.138 seconds
[2024-11-09T20:24:57.660+0000] {processor.py:186} INFO - Started process (PID=13078) to work on /home/chirag/airflow/lib/python3.12/site-packages/airflow/example_dags/example_external_task_marker_dag.py
[2024-11-09T20:24:57.663+0000] {processor.py:914} INFO - Processing file /home/chirag/airflow/lib/python3.12/site-packages/airflow/example_dags/example_external_task_marker_dag.py for tasks to queue
[2024-11-09T20:24:57.666+0000] {logging_mixin.py:190} INFO - [2024-11-09T20:24:57.665+0000] {dagbag.py:588} INFO - Filling up the DagBag from /home/chirag/airflow/lib/python3.12/site-packages/airflow/example_dags/example_external_task_marker_dag.py
[2024-11-09T20:24:57.677+0000] {processor.py:925} INFO - DAG(s) 'example_external_task_marker_parent', 'example_external_task_marker_child' retrieved from /home/chirag/airflow/lib/python3.12/site-packages/airflow/example_dags/example_external_task_marker_dag.py
[2024-11-09T20:24:57.703+0000] {logging_mixin.py:190} INFO - [2024-11-09T20:24:57.703+0000] {dag.py:3239} INFO - Sync 2 DAGs
[2024-11-09T20:24:57.720+0000] {logging_mixin.py:190} INFO - [2024-11-09T20:24:57.720+0000] {dag.py:4180} INFO - Setting next_dagrun for example_external_task_marker_child to None, run_after=None
[2024-11-09T20:24:57.726+0000] {logging_mixin.py:190} INFO - [2024-11-09T20:24:57.726+0000] {dag.py:4180} INFO - Setting next_dagrun for example_external_task_marker_parent to None, run_after=None
[2024-11-09T20:24:57.760+0000] {processor.py:208} INFO - Processing /home/chirag/airflow/lib/python3.12/site-packages/airflow/example_dags/example_external_task_marker_dag.py took 0.108 seconds
[2024-11-09T20:26:34.603+0000] {processor.py:186} INFO - Started process (PID=13630) to work on /home/chirag/airflow/lib/python3.12/site-packages/airflow/example_dags/example_external_task_marker_dag.py
[2024-11-09T20:26:34.606+0000] {processor.py:914} INFO - Processing file /home/chirag/airflow/lib/python3.12/site-packages/airflow/example_dags/example_external_task_marker_dag.py for tasks to queue
[2024-11-09T20:26:34.609+0000] {logging_mixin.py:190} INFO - [2024-11-09T20:26:34.609+0000] {dagbag.py:588} INFO - Filling up the DagBag from /home/chirag/airflow/lib/python3.12/site-packages/airflow/example_dags/example_external_task_marker_dag.py
[2024-11-09T20:26:34.621+0000] {processor.py:925} INFO - DAG(s) 'example_external_task_marker_parent', 'example_external_task_marker_child' retrieved from /home/chirag/airflow/lib/python3.12/site-packages/airflow/example_dags/example_external_task_marker_dag.py
[2024-11-09T20:26:34.647+0000] {logging_mixin.py:190} INFO - [2024-11-09T20:26:34.647+0000] {dag.py:3239} INFO - Sync 2 DAGs
[2024-11-09T20:26:34.665+0000] {logging_mixin.py:190} INFO - [2024-11-09T20:26:34.664+0000] {dag.py:4180} INFO - Setting next_dagrun for example_external_task_marker_child to None, run_after=None
[2024-11-09T20:26:34.670+0000] {logging_mixin.py:190} INFO - [2024-11-09T20:26:34.669+0000] {dag.py:4180} INFO - Setting next_dagrun for example_external_task_marker_parent to None, run_after=None
[2024-11-09T20:26:34.704+0000] {processor.py:208} INFO - Processing /home/chirag/airflow/lib/python3.12/site-packages/airflow/example_dags/example_external_task_marker_dag.py took 0.109 seconds
[2024-11-09T20:28:14.312+0000] {processor.py:186} INFO - Started process (PID=14049) to work on /home/chirag/airflow/lib/python3.12/site-packages/airflow/example_dags/example_external_task_marker_dag.py
[2024-11-09T20:28:14.337+0000] {processor.py:914} INFO - Processing file /home/chirag/airflow/lib/python3.12/site-packages/airflow/example_dags/example_external_task_marker_dag.py for tasks to queue
[2024-11-09T20:28:14.345+0000] {logging_mixin.py:190} INFO - [2024-11-09T20:28:14.344+0000] {dagbag.py:588} INFO - Filling up the DagBag from /home/chirag/airflow/lib/python3.12/site-packages/airflow/example_dags/example_external_task_marker_dag.py
[2024-11-09T20:28:14.367+0000] {processor.py:925} INFO - DAG(s) 'example_external_task_marker_parent', 'example_external_task_marker_child' retrieved from /home/chirag/airflow/lib/python3.12/site-packages/airflow/example_dags/example_external_task_marker_dag.py
[2024-11-09T20:28:14.409+0000] {logging_mixin.py:190} INFO - [2024-11-09T20:28:14.408+0000] {dag.py:3239} INFO - Sync 2 DAGs
[2024-11-09T20:28:14.436+0000] {logging_mixin.py:190} INFO - [2024-11-09T20:28:14.436+0000] {dag.py:4180} INFO - Setting next_dagrun for example_external_task_marker_child to None, run_after=None
[2024-11-09T20:28:14.446+0000] {logging_mixin.py:190} INFO - [2024-11-09T20:28:14.446+0000] {dag.py:4180} INFO - Setting next_dagrun for example_external_task_marker_parent to None, run_after=None
[2024-11-09T20:28:14.536+0000] {processor.py:208} INFO - Processing /home/chirag/airflow/lib/python3.12/site-packages/airflow/example_dags/example_external_task_marker_dag.py took 0.261 seconds
