[2024-11-09T19:16:50.862+0000] {processor.py:186} INFO - Started process (PID=94644) to work on /home/chirag/airflow/lib/python3.12/site-packages/airflow/example_dags/example_complex.py
[2024-11-09T19:16:50.863+0000] {processor.py:914} INFO - Processing file /home/chirag/airflow/lib/python3.12/site-packages/airflow/example_dags/example_complex.py for tasks to queue
[2024-11-09T19:16:50.868+0000] {logging_mixin.py:190} INFO - [2024-11-09T19:16:50.867+0000] {dagbag.py:588} INFO - Filling up the DagBag from /home/chirag/airflow/lib/python3.12/site-packages/airflow/example_dags/example_complex.py
[2024-11-09T19:16:50.889+0000] {processor.py:925} INFO - DAG(s) 'example_complex' retrieved from /home/chirag/airflow/lib/python3.12/site-packages/airflow/example_dags/example_complex.py
[2024-11-09T19:16:51.096+0000] {logging_mixin.py:190} INFO - [2024-11-09T19:16:51.095+0000] {override.py:1911} INFO - Created Permission View: can delete on DAG:example_complex
[2024-11-09T19:16:51.118+0000] {logging_mixin.py:190} INFO - [2024-11-09T19:16:51.118+0000] {override.py:1911} INFO - Created Permission View: can read on DAG:example_complex
[2024-11-09T19:16:51.136+0000] {logging_mixin.py:190} INFO - [2024-11-09T19:16:51.135+0000] {override.py:1911} INFO - Created Permission View: can edit on DAG:example_complex
[2024-11-09T19:16:51.169+0000] {logging_mixin.py:190} INFO - [2024-11-09T19:16:51.168+0000] {override.py:1911} INFO - Created Permission View: menu access on DAG Run:example_complex
[2024-11-09T19:16:51.188+0000] {logging_mixin.py:190} INFO - [2024-11-09T19:16:51.188+0000] {override.py:1911} INFO - Created Permission View: can delete on DAG Run:example_complex
[2024-11-09T19:16:51.211+0000] {logging_mixin.py:190} INFO - [2024-11-09T19:16:51.210+0000] {override.py:1911} INFO - Created Permission View: can read on DAG Run:example_complex
[2024-11-09T19:16:51.230+0000] {logging_mixin.py:190} INFO - [2024-11-09T19:16:51.229+0000] {override.py:1911} INFO - Created Permission View: can create on DAG Run:example_complex
[2024-11-09T19:16:51.231+0000] {logging_mixin.py:190} INFO - [2024-11-09T19:16:51.230+0000] {dag.py:3239} INFO - Sync 1 DAGs
[2024-11-09T19:16:51.249+0000] {logging_mixin.py:190} INFO - [2024-11-09T19:16:51.248+0000] {dag.py:3262} INFO - Creating ORM DAG for example_complex
[2024-11-09T19:16:51.251+0000] {logging_mixin.py:190} INFO - [2024-11-09T19:16:51.250+0000] {dag.py:4180} INFO - Setting next_dagrun for example_complex to None, run_after=None
[2024-11-09T19:16:51.306+0000] {processor.py:208} INFO - Processing /home/chirag/airflow/lib/python3.12/site-packages/airflow/example_dags/example_complex.py took 0.454 seconds
[2024-11-09T19:18:37.311+0000] {processor.py:186} INFO - Started process (PID=94847) to work on /home/chirag/airflow/lib/python3.12/site-packages/airflow/example_dags/example_complex.py
[2024-11-09T19:18:37.315+0000] {processor.py:914} INFO - Processing file /home/chirag/airflow/lib/python3.12/site-packages/airflow/example_dags/example_complex.py for tasks to queue
[2024-11-09T19:18:37.318+0000] {logging_mixin.py:190} INFO - [2024-11-09T19:18:37.318+0000] {dagbag.py:588} INFO - Filling up the DagBag from /home/chirag/airflow/lib/python3.12/site-packages/airflow/example_dags/example_complex.py
[2024-11-09T19:18:37.338+0000] {processor.py:925} INFO - DAG(s) 'example_complex' retrieved from /home/chirag/airflow/lib/python3.12/site-packages/airflow/example_dags/example_complex.py
[2024-11-09T19:18:37.380+0000] {logging_mixin.py:190} INFO - [2024-11-09T19:18:37.379+0000] {dag.py:3239} INFO - Sync 1 DAGs
[2024-11-09T19:18:37.399+0000] {logging_mixin.py:190} INFO - [2024-11-09T19:18:37.398+0000] {dag.py:4180} INFO - Setting next_dagrun for example_complex to None, run_after=None
[2024-11-09T19:18:37.435+0000] {processor.py:208} INFO - Processing /home/chirag/airflow/lib/python3.12/site-packages/airflow/example_dags/example_complex.py took 0.132 seconds
[2024-11-09T19:27:56.763+0000] {processor.py:186} INFO - Started process (PID=473) to work on /home/chirag/airflow/lib/python3.12/site-packages/airflow/example_dags/example_complex.py
[2024-11-09T19:27:56.765+0000] {processor.py:914} INFO - Processing file /home/chirag/airflow/lib/python3.12/site-packages/airflow/example_dags/example_complex.py for tasks to queue
[2024-11-09T19:27:56.768+0000] {logging_mixin.py:190} INFO - [2024-11-09T19:27:56.768+0000] {dagbag.py:588} INFO - Filling up the DagBag from /home/chirag/airflow/lib/python3.12/site-packages/airflow/example_dags/example_complex.py
[2024-11-09T19:27:56.788+0000] {processor.py:925} INFO - DAG(s) 'example_complex' retrieved from /home/chirag/airflow/lib/python3.12/site-packages/airflow/example_dags/example_complex.py
[2024-11-09T19:27:56.827+0000] {logging_mixin.py:190} INFO - [2024-11-09T19:27:56.827+0000] {dag.py:3239} INFO - Sync 1 DAGs
[2024-11-09T19:27:56.844+0000] {logging_mixin.py:190} INFO - [2024-11-09T19:27:56.844+0000] {dag.py:4180} INFO - Setting next_dagrun for example_complex to None, run_after=None
[2024-11-09T19:27:56.879+0000] {processor.py:208} INFO - Processing /home/chirag/airflow/lib/python3.12/site-packages/airflow/example_dags/example_complex.py took 0.124 seconds
[2024-11-09T19:29:03.671+0000] {processor.py:186} INFO - Started process (PID=556) to work on /home/chirag/airflow/lib/python3.12/site-packages/airflow/example_dags/example_complex.py
[2024-11-09T19:29:03.675+0000] {processor.py:914} INFO - Processing file /home/chirag/airflow/lib/python3.12/site-packages/airflow/example_dags/example_complex.py for tasks to queue
[2024-11-09T19:29:03.678+0000] {logging_mixin.py:190} INFO - [2024-11-09T19:29:03.677+0000] {dagbag.py:588} INFO - Filling up the DagBag from /home/chirag/airflow/lib/python3.12/site-packages/airflow/example_dags/example_complex.py
[2024-11-09T19:29:03.696+0000] {processor.py:925} INFO - DAG(s) 'example_complex' retrieved from /home/chirag/airflow/lib/python3.12/site-packages/airflow/example_dags/example_complex.py
[2024-11-09T19:29:03.738+0000] {logging_mixin.py:190} INFO - [2024-11-09T19:29:03.737+0000] {dag.py:3239} INFO - Sync 1 DAGs
[2024-11-09T19:29:03.756+0000] {logging_mixin.py:190} INFO - [2024-11-09T19:29:03.755+0000] {dag.py:4180} INFO - Setting next_dagrun for example_complex to None, run_after=None
[2024-11-09T19:29:03.789+0000] {processor.py:208} INFO - Processing /home/chirag/airflow/lib/python3.12/site-packages/airflow/example_dags/example_complex.py took 0.127 seconds
[2024-11-09T19:30:19.346+0000] {processor.py:186} INFO - Started process (PID=631) to work on /home/chirag/airflow/lib/python3.12/site-packages/airflow/example_dags/example_complex.py
[2024-11-09T19:30:19.349+0000] {processor.py:914} INFO - Processing file /home/chirag/airflow/lib/python3.12/site-packages/airflow/example_dags/example_complex.py for tasks to queue
[2024-11-09T19:30:19.353+0000] {logging_mixin.py:190} INFO - [2024-11-09T19:30:19.352+0000] {dagbag.py:588} INFO - Filling up the DagBag from /home/chirag/airflow/lib/python3.12/site-packages/airflow/example_dags/example_complex.py
[2024-11-09T19:30:19.375+0000] {processor.py:925} INFO - DAG(s) 'example_complex' retrieved from /home/chirag/airflow/lib/python3.12/site-packages/airflow/example_dags/example_complex.py
[2024-11-09T19:30:19.449+0000] {logging_mixin.py:190} INFO - [2024-11-09T19:30:19.449+0000] {dag.py:3239} INFO - Sync 1 DAGs
[2024-11-09T19:30:19.478+0000] {logging_mixin.py:190} INFO - [2024-11-09T19:30:19.477+0000] {dag.py:4180} INFO - Setting next_dagrun for example_complex to None, run_after=None
[2024-11-09T19:30:19.522+0000] {processor.py:208} INFO - Processing /home/chirag/airflow/lib/python3.12/site-packages/airflow/example_dags/example_complex.py took 0.188 seconds
[2024-11-09T19:31:35.625+0000] {processor.py:186} INFO - Started process (PID=698) to work on /home/chirag/airflow/lib/python3.12/site-packages/airflow/example_dags/example_complex.py
[2024-11-09T19:31:35.680+0000] {processor.py:914} INFO - Processing file /home/chirag/airflow/lib/python3.12/site-packages/airflow/example_dags/example_complex.py for tasks to queue
[2024-11-09T19:31:35.684+0000] {logging_mixin.py:190} INFO - [2024-11-09T19:31:35.683+0000] {dagbag.py:588} INFO - Filling up the DagBag from /home/chirag/airflow/lib/python3.12/site-packages/airflow/example_dags/example_complex.py
[2024-11-09T19:31:35.812+0000] {processor.py:925} INFO - DAG(s) 'example_complex' retrieved from /home/chirag/airflow/lib/python3.12/site-packages/airflow/example_dags/example_complex.py
[2024-11-09T19:31:36.038+0000] {logging_mixin.py:190} INFO - [2024-11-09T19:31:36.037+0000] {dag.py:3239} INFO - Sync 1 DAGs
[2024-11-09T19:31:36.201+0000] {logging_mixin.py:190} INFO - [2024-11-09T19:31:36.200+0000] {dag.py:4180} INFO - Setting next_dagrun for example_complex to None, run_after=None
[2024-11-09T19:31:36.596+0000] {processor.py:208} INFO - Processing /home/chirag/airflow/lib/python3.12/site-packages/airflow/example_dags/example_complex.py took 1.018 seconds
[2024-11-09T19:33:16.055+0000] {processor.py:186} INFO - Started process (PID=1784) to work on /home/chirag/airflow/lib/python3.12/site-packages/airflow/example_dags/example_complex.py
[2024-11-09T19:33:16.059+0000] {processor.py:914} INFO - Processing file /home/chirag/airflow/lib/python3.12/site-packages/airflow/example_dags/example_complex.py for tasks to queue
[2024-11-09T19:33:16.063+0000] {logging_mixin.py:190} INFO - [2024-11-09T19:33:16.062+0000] {dagbag.py:588} INFO - Filling up the DagBag from /home/chirag/airflow/lib/python3.12/site-packages/airflow/example_dags/example_complex.py
[2024-11-09T19:33:16.086+0000] {processor.py:925} INFO - DAG(s) 'example_complex' retrieved from /home/chirag/airflow/lib/python3.12/site-packages/airflow/example_dags/example_complex.py
[2024-11-09T19:33:16.175+0000] {logging_mixin.py:190} INFO - [2024-11-09T19:33:16.174+0000] {dag.py:3239} INFO - Sync 1 DAGs
[2024-11-09T19:33:16.224+0000] {logging_mixin.py:190} INFO - [2024-11-09T19:33:16.223+0000] {dag.py:4180} INFO - Setting next_dagrun for example_complex to None, run_after=None
[2024-11-09T19:33:16.363+0000] {processor.py:208} INFO - Processing /home/chirag/airflow/lib/python3.12/site-packages/airflow/example_dags/example_complex.py took 0.317 seconds
[2024-11-09T19:34:35.456+0000] {processor.py:186} INFO - Started process (PID=2348) to work on /home/chirag/airflow/lib/python3.12/site-packages/airflow/example_dags/example_complex.py
[2024-11-09T19:34:35.459+0000] {processor.py:914} INFO - Processing file /home/chirag/airflow/lib/python3.12/site-packages/airflow/example_dags/example_complex.py for tasks to queue
[2024-11-09T19:34:35.463+0000] {logging_mixin.py:190} INFO - [2024-11-09T19:34:35.462+0000] {dagbag.py:588} INFO - Filling up the DagBag from /home/chirag/airflow/lib/python3.12/site-packages/airflow/example_dags/example_complex.py
[2024-11-09T19:34:35.486+0000] {processor.py:925} INFO - DAG(s) 'example_complex' retrieved from /home/chirag/airflow/lib/python3.12/site-packages/airflow/example_dags/example_complex.py
[2024-11-09T19:34:35.817+0000] {logging_mixin.py:190} INFO - [2024-11-09T19:34:35.816+0000] {dag.py:3239} INFO - Sync 1 DAGs
[2024-11-09T19:34:35.833+0000] {logging_mixin.py:190} INFO - [2024-11-09T19:34:35.832+0000] {dag.py:4180} INFO - Setting next_dagrun for example_complex to None, run_after=None
[2024-11-09T19:34:35.897+0000] {processor.py:208} INFO - Processing /home/chirag/airflow/lib/python3.12/site-packages/airflow/example_dags/example_complex.py took 0.450 seconds
[2024-11-09T19:36:07.032+0000] {processor.py:186} INFO - Started process (PID=2757) to work on /home/chirag/airflow/lib/python3.12/site-packages/airflow/example_dags/example_complex.py
[2024-11-09T19:36:07.053+0000] {processor.py:914} INFO - Processing file /home/chirag/airflow/lib/python3.12/site-packages/airflow/example_dags/example_complex.py for tasks to queue
[2024-11-09T19:36:07.057+0000] {logging_mixin.py:190} INFO - [2024-11-09T19:36:07.057+0000] {dagbag.py:588} INFO - Filling up the DagBag from /home/chirag/airflow/lib/python3.12/site-packages/airflow/example_dags/example_complex.py
[2024-11-09T19:36:07.080+0000] {processor.py:925} INFO - DAG(s) 'example_complex' retrieved from /home/chirag/airflow/lib/python3.12/site-packages/airflow/example_dags/example_complex.py
[2024-11-09T19:36:07.184+0000] {logging_mixin.py:190} INFO - [2024-11-09T19:36:07.184+0000] {dag.py:3239} INFO - Sync 1 DAGs
[2024-11-09T19:36:07.225+0000] {logging_mixin.py:190} INFO - [2024-11-09T19:36:07.225+0000] {dag.py:4180} INFO - Setting next_dagrun for example_complex to None, run_after=None
[2024-11-09T19:36:07.341+0000] {processor.py:208} INFO - Processing /home/chirag/airflow/lib/python3.12/site-packages/airflow/example_dags/example_complex.py took 0.327 seconds
[2024-11-09T19:37:19.200+0000] {processor.py:186} INFO - Started process (PID=2962) to work on /home/chirag/airflow/lib/python3.12/site-packages/airflow/example_dags/example_complex.py
[2024-11-09T19:37:19.204+0000] {processor.py:914} INFO - Processing file /home/chirag/airflow/lib/python3.12/site-packages/airflow/example_dags/example_complex.py for tasks to queue
[2024-11-09T19:37:19.208+0000] {logging_mixin.py:190} INFO - [2024-11-09T19:37:19.207+0000] {dagbag.py:588} INFO - Filling up the DagBag from /home/chirag/airflow/lib/python3.12/site-packages/airflow/example_dags/example_complex.py
[2024-11-09T19:37:19.238+0000] {processor.py:925} INFO - DAG(s) 'example_complex' retrieved from /home/chirag/airflow/lib/python3.12/site-packages/airflow/example_dags/example_complex.py
[2024-11-09T19:37:19.297+0000] {logging_mixin.py:190} INFO - [2024-11-09T19:37:19.297+0000] {dag.py:3239} INFO - Sync 1 DAGs
[2024-11-09T19:37:19.321+0000] {logging_mixin.py:190} INFO - [2024-11-09T19:37:19.321+0000] {dag.py:4180} INFO - Setting next_dagrun for example_complex to None, run_after=None
[2024-11-09T19:37:19.352+0000] {processor.py:208} INFO - Processing /home/chirag/airflow/lib/python3.12/site-packages/airflow/example_dags/example_complex.py took 0.162 seconds
[2024-11-09T19:38:30.513+0000] {processor.py:186} INFO - Started process (PID=3285) to work on /home/chirag/airflow/lib/python3.12/site-packages/airflow/example_dags/example_complex.py
[2024-11-09T19:38:30.523+0000] {processor.py:914} INFO - Processing file /home/chirag/airflow/lib/python3.12/site-packages/airflow/example_dags/example_complex.py for tasks to queue
[2024-11-09T19:38:30.527+0000] {logging_mixin.py:190} INFO - [2024-11-09T19:38:30.527+0000] {dagbag.py:588} INFO - Filling up the DagBag from /home/chirag/airflow/lib/python3.12/site-packages/airflow/example_dags/example_complex.py
[2024-11-09T19:38:30.560+0000] {processor.py:925} INFO - DAG(s) 'example_complex' retrieved from /home/chirag/airflow/lib/python3.12/site-packages/airflow/example_dags/example_complex.py
[2024-11-09T19:38:30.631+0000] {logging_mixin.py:190} INFO - [2024-11-09T19:38:30.631+0000] {dag.py:3239} INFO - Sync 1 DAGs
[2024-11-09T19:38:30.668+0000] {logging_mixin.py:190} INFO - [2024-11-09T19:38:30.668+0000] {dag.py:4180} INFO - Setting next_dagrun for example_complex to None, run_after=None
[2024-11-09T19:38:30.710+0000] {processor.py:208} INFO - Processing /home/chirag/airflow/lib/python3.12/site-packages/airflow/example_dags/example_complex.py took 0.221 seconds
[2024-11-09T19:39:56.504+0000] {processor.py:186} INFO - Started process (PID=3572) to work on /home/chirag/airflow/lib/python3.12/site-packages/airflow/example_dags/example_complex.py
[2024-11-09T19:39:56.526+0000] {processor.py:914} INFO - Processing file /home/chirag/airflow/lib/python3.12/site-packages/airflow/example_dags/example_complex.py for tasks to queue
[2024-11-09T19:39:56.532+0000] {logging_mixin.py:190} INFO - [2024-11-09T19:39:56.531+0000] {dagbag.py:588} INFO - Filling up the DagBag from /home/chirag/airflow/lib/python3.12/site-packages/airflow/example_dags/example_complex.py
[2024-11-09T19:39:56.573+0000] {processor.py:925} INFO - DAG(s) 'example_complex' retrieved from /home/chirag/airflow/lib/python3.12/site-packages/airflow/example_dags/example_complex.py
[2024-11-09T19:39:56.638+0000] {logging_mixin.py:190} INFO - [2024-11-09T19:39:56.637+0000] {dag.py:3239} INFO - Sync 1 DAGs
[2024-11-09T19:39:56.657+0000] {logging_mixin.py:190} INFO - [2024-11-09T19:39:56.657+0000] {dag.py:4180} INFO - Setting next_dagrun for example_complex to None, run_after=None
[2024-11-09T19:39:56.701+0000] {processor.py:208} INFO - Processing /home/chirag/airflow/lib/python3.12/site-packages/airflow/example_dags/example_complex.py took 0.208 seconds
[2024-11-09T19:41:11.099+0000] {processor.py:186} INFO - Started process (PID=3780) to work on /home/chirag/airflow/lib/python3.12/site-packages/airflow/example_dags/example_complex.py
[2024-11-09T19:41:11.102+0000] {processor.py:914} INFO - Processing file /home/chirag/airflow/lib/python3.12/site-packages/airflow/example_dags/example_complex.py for tasks to queue
[2024-11-09T19:41:11.105+0000] {logging_mixin.py:190} INFO - [2024-11-09T19:41:11.105+0000] {dagbag.py:588} INFO - Filling up the DagBag from /home/chirag/airflow/lib/python3.12/site-packages/airflow/example_dags/example_complex.py
[2024-11-09T19:41:11.129+0000] {processor.py:925} INFO - DAG(s) 'example_complex' retrieved from /home/chirag/airflow/lib/python3.12/site-packages/airflow/example_dags/example_complex.py
[2024-11-09T19:41:11.170+0000] {logging_mixin.py:190} INFO - [2024-11-09T19:41:11.170+0000] {dag.py:3239} INFO - Sync 1 DAGs
[2024-11-09T19:41:11.194+0000] {logging_mixin.py:190} INFO - [2024-11-09T19:41:11.194+0000] {dag.py:4180} INFO - Setting next_dagrun for example_complex to None, run_after=None
[2024-11-09T19:41:11.246+0000] {processor.py:208} INFO - Processing /home/chirag/airflow/lib/python3.12/site-packages/airflow/example_dags/example_complex.py took 0.156 seconds
[2024-11-09T19:42:25.581+0000] {processor.py:186} INFO - Started process (PID=3995) to work on /home/chirag/airflow/lib/python3.12/site-packages/airflow/example_dags/example_complex.py
[2024-11-09T19:42:25.585+0000] {processor.py:914} INFO - Processing file /home/chirag/airflow/lib/python3.12/site-packages/airflow/example_dags/example_complex.py for tasks to queue
[2024-11-09T19:42:25.588+0000] {logging_mixin.py:190} INFO - [2024-11-09T19:42:25.588+0000] {dagbag.py:588} INFO - Filling up the DagBag from /home/chirag/airflow/lib/python3.12/site-packages/airflow/example_dags/example_complex.py
[2024-11-09T19:42:25.607+0000] {processor.py:925} INFO - DAG(s) 'example_complex' retrieved from /home/chirag/airflow/lib/python3.12/site-packages/airflow/example_dags/example_complex.py
[2024-11-09T19:42:25.690+0000] {logging_mixin.py:190} INFO - [2024-11-09T19:42:25.689+0000] {dag.py:3239} INFO - Sync 1 DAGs
[2024-11-09T19:42:25.713+0000] {logging_mixin.py:190} INFO - [2024-11-09T19:42:25.713+0000] {dag.py:4180} INFO - Setting next_dagrun for example_complex to None, run_after=None
[2024-11-09T19:42:25.768+0000] {processor.py:208} INFO - Processing /home/chirag/airflow/lib/python3.12/site-packages/airflow/example_dags/example_complex.py took 0.198 seconds
[2024-11-09T19:43:46.311+0000] {processor.py:186} INFO - Started process (PID=4228) to work on /home/chirag/airflow/lib/python3.12/site-packages/airflow/example_dags/example_complex.py
[2024-11-09T19:43:46.314+0000] {processor.py:914} INFO - Processing file /home/chirag/airflow/lib/python3.12/site-packages/airflow/example_dags/example_complex.py for tasks to queue
[2024-11-09T19:43:46.319+0000] {logging_mixin.py:190} INFO - [2024-11-09T19:43:46.318+0000] {dagbag.py:588} INFO - Filling up the DagBag from /home/chirag/airflow/lib/python3.12/site-packages/airflow/example_dags/example_complex.py
[2024-11-09T19:43:46.348+0000] {processor.py:925} INFO - DAG(s) 'example_complex' retrieved from /home/chirag/airflow/lib/python3.12/site-packages/airflow/example_dags/example_complex.py
[2024-11-09T19:43:46.407+0000] {logging_mixin.py:190} INFO - [2024-11-09T19:43:46.407+0000] {dag.py:3239} INFO - Sync 1 DAGs
[2024-11-09T19:43:46.434+0000] {logging_mixin.py:190} INFO - [2024-11-09T19:43:46.434+0000] {dag.py:4180} INFO - Setting next_dagrun for example_complex to None, run_after=None
[2024-11-09T19:43:46.493+0000] {processor.py:208} INFO - Processing /home/chirag/airflow/lib/python3.12/site-packages/airflow/example_dags/example_complex.py took 0.193 seconds
[2024-11-09T19:44:55.708+0000] {processor.py:186} INFO - Started process (PID=4430) to work on /home/chirag/airflow/lib/python3.12/site-packages/airflow/example_dags/example_complex.py
[2024-11-09T19:44:55.713+0000] {processor.py:914} INFO - Processing file /home/chirag/airflow/lib/python3.12/site-packages/airflow/example_dags/example_complex.py for tasks to queue
[2024-11-09T19:44:55.717+0000] {logging_mixin.py:190} INFO - [2024-11-09T19:44:55.716+0000] {dagbag.py:588} INFO - Filling up the DagBag from /home/chirag/airflow/lib/python3.12/site-packages/airflow/example_dags/example_complex.py
[2024-11-09T19:44:55.734+0000] {processor.py:925} INFO - DAG(s) 'example_complex' retrieved from /home/chirag/airflow/lib/python3.12/site-packages/airflow/example_dags/example_complex.py
[2024-11-09T19:44:55.773+0000] {logging_mixin.py:190} INFO - [2024-11-09T19:44:55.772+0000] {dag.py:3239} INFO - Sync 1 DAGs
[2024-11-09T19:44:55.792+0000] {logging_mixin.py:190} INFO - [2024-11-09T19:44:55.792+0000] {dag.py:4180} INFO - Setting next_dagrun for example_complex to None, run_after=None
[2024-11-09T19:44:55.831+0000] {processor.py:208} INFO - Processing /home/chirag/airflow/lib/python3.12/site-packages/airflow/example_dags/example_complex.py took 0.131 seconds
[2024-11-09T19:46:43.329+0000] {processor.py:186} INFO - Started process (PID=4740) to work on /home/chirag/airflow/lib/python3.12/site-packages/airflow/example_dags/example_complex.py
[2024-11-09T19:46:43.332+0000] {processor.py:914} INFO - Processing file /home/chirag/airflow/lib/python3.12/site-packages/airflow/example_dags/example_complex.py for tasks to queue
[2024-11-09T19:46:43.335+0000] {logging_mixin.py:190} INFO - [2024-11-09T19:46:43.335+0000] {dagbag.py:588} INFO - Filling up the DagBag from /home/chirag/airflow/lib/python3.12/site-packages/airflow/example_dags/example_complex.py
[2024-11-09T19:46:43.353+0000] {processor.py:925} INFO - DAG(s) 'example_complex' retrieved from /home/chirag/airflow/lib/python3.12/site-packages/airflow/example_dags/example_complex.py
[2024-11-09T19:46:43.394+0000] {logging_mixin.py:190} INFO - [2024-11-09T19:46:43.393+0000] {dag.py:3239} INFO - Sync 1 DAGs
[2024-11-09T19:46:43.423+0000] {logging_mixin.py:190} INFO - [2024-11-09T19:46:43.422+0000] {dag.py:4180} INFO - Setting next_dagrun for example_complex to None, run_after=None
[2024-11-09T19:46:43.466+0000] {processor.py:208} INFO - Processing /home/chirag/airflow/lib/python3.12/site-packages/airflow/example_dags/example_complex.py took 0.148 seconds
[2024-11-09T19:47:58.536+0000] {processor.py:186} INFO - Started process (PID=4990) to work on /home/chirag/airflow/lib/python3.12/site-packages/airflow/example_dags/example_complex.py
[2024-11-09T19:47:58.539+0000] {processor.py:914} INFO - Processing file /home/chirag/airflow/lib/python3.12/site-packages/airflow/example_dags/example_complex.py for tasks to queue
[2024-11-09T19:47:58.542+0000] {logging_mixin.py:190} INFO - [2024-11-09T19:47:58.542+0000] {dagbag.py:588} INFO - Filling up the DagBag from /home/chirag/airflow/lib/python3.12/site-packages/airflow/example_dags/example_complex.py
[2024-11-09T19:47:58.561+0000] {processor.py:925} INFO - DAG(s) 'example_complex' retrieved from /home/chirag/airflow/lib/python3.12/site-packages/airflow/example_dags/example_complex.py
[2024-11-09T19:47:58.600+0000] {logging_mixin.py:190} INFO - [2024-11-09T19:47:58.599+0000] {dag.py:3239} INFO - Sync 1 DAGs
[2024-11-09T19:47:58.620+0000] {logging_mixin.py:190} INFO - [2024-11-09T19:47:58.619+0000] {dag.py:4180} INFO - Setting next_dagrun for example_complex to None, run_after=None
[2024-11-09T19:47:58.656+0000] {processor.py:208} INFO - Processing /home/chirag/airflow/lib/python3.12/site-packages/airflow/example_dags/example_complex.py took 0.129 seconds
[2024-11-09T19:49:11.662+0000] {processor.py:186} INFO - Started process (PID=5209) to work on /home/chirag/airflow/lib/python3.12/site-packages/airflow/example_dags/example_complex.py
[2024-11-09T19:49:11.668+0000] {processor.py:914} INFO - Processing file /home/chirag/airflow/lib/python3.12/site-packages/airflow/example_dags/example_complex.py for tasks to queue
[2024-11-09T19:49:11.673+0000] {logging_mixin.py:190} INFO - [2024-11-09T19:49:11.672+0000] {dagbag.py:588} INFO - Filling up the DagBag from /home/chirag/airflow/lib/python3.12/site-packages/airflow/example_dags/example_complex.py
[2024-11-09T19:49:11.694+0000] {processor.py:925} INFO - DAG(s) 'example_complex' retrieved from /home/chirag/airflow/lib/python3.12/site-packages/airflow/example_dags/example_complex.py
[2024-11-09T19:49:11.743+0000] {logging_mixin.py:190} INFO - [2024-11-09T19:49:11.742+0000] {dag.py:3239} INFO - Sync 1 DAGs
[2024-11-09T19:49:11.769+0000] {logging_mixin.py:190} INFO - [2024-11-09T19:49:11.769+0000] {dag.py:4180} INFO - Setting next_dagrun for example_complex to None, run_after=None
[2024-11-09T19:49:11.805+0000] {processor.py:208} INFO - Processing /home/chirag/airflow/lib/python3.12/site-packages/airflow/example_dags/example_complex.py took 0.153 seconds
[2024-11-09T19:50:22.183+0000] {processor.py:186} INFO - Started process (PID=5563) to work on /home/chirag/airflow/lib/python3.12/site-packages/airflow/example_dags/example_complex.py
[2024-11-09T19:50:22.186+0000] {processor.py:914} INFO - Processing file /home/chirag/airflow/lib/python3.12/site-packages/airflow/example_dags/example_complex.py for tasks to queue
[2024-11-09T19:50:22.192+0000] {logging_mixin.py:190} INFO - [2024-11-09T19:50:22.191+0000] {dagbag.py:588} INFO - Filling up the DagBag from /home/chirag/airflow/lib/python3.12/site-packages/airflow/example_dags/example_complex.py
[2024-11-09T19:50:22.233+0000] {processor.py:925} INFO - DAG(s) 'example_complex' retrieved from /home/chirag/airflow/lib/python3.12/site-packages/airflow/example_dags/example_complex.py
[2024-11-09T19:50:22.302+0000] {logging_mixin.py:190} INFO - [2024-11-09T19:50:22.302+0000] {dag.py:3239} INFO - Sync 1 DAGs
[2024-11-09T19:50:22.328+0000] {logging_mixin.py:190} INFO - [2024-11-09T19:50:22.328+0000] {dag.py:4180} INFO - Setting next_dagrun for example_complex to None, run_after=None
[2024-11-09T19:50:22.367+0000] {processor.py:208} INFO - Processing /home/chirag/airflow/lib/python3.12/site-packages/airflow/example_dags/example_complex.py took 0.203 seconds
[2024-11-09T19:51:36.342+0000] {processor.py:186} INFO - Started process (PID=6202) to work on /home/chirag/airflow/lib/python3.12/site-packages/airflow/example_dags/example_complex.py
[2024-11-09T19:51:36.345+0000] {processor.py:914} INFO - Processing file /home/chirag/airflow/lib/python3.12/site-packages/airflow/example_dags/example_complex.py for tasks to queue
[2024-11-09T19:51:36.348+0000] {logging_mixin.py:190} INFO - [2024-11-09T19:51:36.347+0000] {dagbag.py:588} INFO - Filling up the DagBag from /home/chirag/airflow/lib/python3.12/site-packages/airflow/example_dags/example_complex.py
[2024-11-09T19:51:36.365+0000] {processor.py:925} INFO - DAG(s) 'example_complex' retrieved from /home/chirag/airflow/lib/python3.12/site-packages/airflow/example_dags/example_complex.py
[2024-11-09T19:51:36.402+0000] {logging_mixin.py:190} INFO - [2024-11-09T19:51:36.402+0000] {dag.py:3239} INFO - Sync 1 DAGs
[2024-11-09T19:51:36.420+0000] {logging_mixin.py:190} INFO - [2024-11-09T19:51:36.420+0000] {dag.py:4180} INFO - Setting next_dagrun for example_complex to None, run_after=None
[2024-11-09T19:51:36.457+0000] {processor.py:208} INFO - Processing /home/chirag/airflow/lib/python3.12/site-packages/airflow/example_dags/example_complex.py took 0.123 seconds
[2024-11-09T19:53:24.217+0000] {processor.py:186} INFO - Started process (PID=6707) to work on /home/chirag/airflow/lib/python3.12/site-packages/airflow/example_dags/example_complex.py
[2024-11-09T19:53:24.277+0000] {processor.py:914} INFO - Processing file /home/chirag/airflow/lib/python3.12/site-packages/airflow/example_dags/example_complex.py for tasks to queue
[2024-11-09T19:53:24.280+0000] {logging_mixin.py:190} INFO - [2024-11-09T19:53:24.280+0000] {dagbag.py:588} INFO - Filling up the DagBag from /home/chirag/airflow/lib/python3.12/site-packages/airflow/example_dags/example_complex.py
[2024-11-09T19:53:24.301+0000] {processor.py:925} INFO - DAG(s) 'example_complex' retrieved from /home/chirag/airflow/lib/python3.12/site-packages/airflow/example_dags/example_complex.py
[2024-11-09T19:53:24.344+0000] {logging_mixin.py:190} INFO - [2024-11-09T19:53:24.344+0000] {dag.py:3239} INFO - Sync 1 DAGs
[2024-11-09T19:53:24.369+0000] {logging_mixin.py:190} INFO - [2024-11-09T19:53:24.369+0000] {dag.py:4180} INFO - Setting next_dagrun for example_complex to None, run_after=None
[2024-11-09T19:53:24.449+0000] {processor.py:208} INFO - Processing /home/chirag/airflow/lib/python3.12/site-packages/airflow/example_dags/example_complex.py took 0.241 seconds
[2024-11-09T19:54:39.596+0000] {processor.py:186} INFO - Started process (PID=7284) to work on /home/chirag/airflow/lib/python3.12/site-packages/airflow/example_dags/example_complex.py
[2024-11-09T19:54:39.599+0000] {processor.py:914} INFO - Processing file /home/chirag/airflow/lib/python3.12/site-packages/airflow/example_dags/example_complex.py for tasks to queue
[2024-11-09T19:54:39.602+0000] {logging_mixin.py:190} INFO - [2024-11-09T19:54:39.602+0000] {dagbag.py:588} INFO - Filling up the DagBag from /home/chirag/airflow/lib/python3.12/site-packages/airflow/example_dags/example_complex.py
[2024-11-09T19:54:39.621+0000] {processor.py:925} INFO - DAG(s) 'example_complex' retrieved from /home/chirag/airflow/lib/python3.12/site-packages/airflow/example_dags/example_complex.py
[2024-11-09T19:54:39.659+0000] {logging_mixin.py:190} INFO - [2024-11-09T19:54:39.659+0000] {dag.py:3239} INFO - Sync 1 DAGs
[2024-11-09T19:54:39.681+0000] {logging_mixin.py:190} INFO - [2024-11-09T19:54:39.680+0000] {dag.py:4180} INFO - Setting next_dagrun for example_complex to None, run_after=None
[2024-11-09T19:54:39.718+0000] {processor.py:208} INFO - Processing /home/chirag/airflow/lib/python3.12/site-packages/airflow/example_dags/example_complex.py took 0.130 seconds
[2024-11-09T19:56:00.101+0000] {processor.py:186} INFO - Started process (PID=7871) to work on /home/chirag/airflow/lib/python3.12/site-packages/airflow/example_dags/example_complex.py
[2024-11-09T19:56:00.106+0000] {processor.py:914} INFO - Processing file /home/chirag/airflow/lib/python3.12/site-packages/airflow/example_dags/example_complex.py for tasks to queue
[2024-11-09T19:56:00.111+0000] {logging_mixin.py:190} INFO - [2024-11-09T19:56:00.110+0000] {dagbag.py:588} INFO - Filling up the DagBag from /home/chirag/airflow/lib/python3.12/site-packages/airflow/example_dags/example_complex.py
[2024-11-09T19:56:00.133+0000] {processor.py:925} INFO - DAG(s) 'example_complex' retrieved from /home/chirag/airflow/lib/python3.12/site-packages/airflow/example_dags/example_complex.py
[2024-11-09T19:56:00.181+0000] {logging_mixin.py:190} INFO - [2024-11-09T19:56:00.180+0000] {dag.py:3239} INFO - Sync 1 DAGs
[2024-11-09T19:56:00.215+0000] {logging_mixin.py:190} INFO - [2024-11-09T19:56:00.215+0000] {dag.py:4180} INFO - Setting next_dagrun for example_complex to None, run_after=None
[2024-11-09T19:56:00.256+0000] {processor.py:208} INFO - Processing /home/chirag/airflow/lib/python3.12/site-packages/airflow/example_dags/example_complex.py took 0.170 seconds
[2024-11-09T19:58:04.239+0000] {processor.py:186} INFO - Started process (PID=8317) to work on /home/chirag/airflow/lib/python3.12/site-packages/airflow/example_dags/example_complex.py
[2024-11-09T19:58:04.250+0000] {processor.py:914} INFO - Processing file /home/chirag/airflow/lib/python3.12/site-packages/airflow/example_dags/example_complex.py for tasks to queue
[2024-11-09T19:58:04.256+0000] {logging_mixin.py:190} INFO - [2024-11-09T19:58:04.255+0000] {dagbag.py:588} INFO - Filling up the DagBag from /home/chirag/airflow/lib/python3.12/site-packages/airflow/example_dags/example_complex.py
[2024-11-09T19:58:04.328+0000] {processor.py:925} INFO - DAG(s) 'example_complex' retrieved from /home/chirag/airflow/lib/python3.12/site-packages/airflow/example_dags/example_complex.py
[2024-11-09T19:58:04.424+0000] {logging_mixin.py:190} INFO - [2024-11-09T19:58:04.424+0000] {dag.py:3239} INFO - Sync 1 DAGs
[2024-11-09T19:58:04.446+0000] {logging_mixin.py:190} INFO - [2024-11-09T19:58:04.445+0000] {dag.py:4180} INFO - Setting next_dagrun for example_complex to None, run_after=None
[2024-11-09T19:58:04.482+0000] {processor.py:208} INFO - Processing /home/chirag/airflow/lib/python3.12/site-packages/airflow/example_dags/example_complex.py took 0.270 seconds
[2024-11-09T20:22:38.424+0000] {processor.py:186} INFO - Started process (PID=12679) to work on /home/chirag/airflow/lib/python3.12/site-packages/airflow/example_dags/example_complex.py
[2024-11-09T20:22:38.430+0000] {processor.py:914} INFO - Processing file /home/chirag/airflow/lib/python3.12/site-packages/airflow/example_dags/example_complex.py for tasks to queue
[2024-11-09T20:22:38.434+0000] {logging_mixin.py:190} INFO - [2024-11-09T20:22:38.433+0000] {dagbag.py:588} INFO - Filling up the DagBag from /home/chirag/airflow/lib/python3.12/site-packages/airflow/example_dags/example_complex.py
[2024-11-09T20:22:38.466+0000] {processor.py:925} INFO - DAG(s) 'example_complex' retrieved from /home/chirag/airflow/lib/python3.12/site-packages/airflow/example_dags/example_complex.py
[2024-11-09T20:22:38.519+0000] {logging_mixin.py:190} INFO - [2024-11-09T20:22:38.518+0000] {dag.py:3239} INFO - Sync 1 DAGs
[2024-11-09T20:22:38.537+0000] {logging_mixin.py:190} INFO - [2024-11-09T20:22:38.536+0000] {dag.py:4180} INFO - Setting next_dagrun for example_complex to None, run_after=None
[2024-11-09T20:22:38.571+0000] {processor.py:208} INFO - Processing /home/chirag/airflow/lib/python3.12/site-packages/airflow/example_dags/example_complex.py took 0.159 seconds
[2024-11-09T20:23:47.372+0000] {processor.py:186} INFO - Started process (PID=12877) to work on /home/chirag/airflow/lib/python3.12/site-packages/airflow/example_dags/example_complex.py
[2024-11-09T20:23:47.374+0000] {processor.py:914} INFO - Processing file /home/chirag/airflow/lib/python3.12/site-packages/airflow/example_dags/example_complex.py for tasks to queue
[2024-11-09T20:23:47.378+0000] {logging_mixin.py:190} INFO - [2024-11-09T20:23:47.378+0000] {dagbag.py:588} INFO - Filling up the DagBag from /home/chirag/airflow/lib/python3.12/site-packages/airflow/example_dags/example_complex.py
[2024-11-09T20:23:47.403+0000] {processor.py:925} INFO - DAG(s) 'example_complex' retrieved from /home/chirag/airflow/lib/python3.12/site-packages/airflow/example_dags/example_complex.py
[2024-11-09T20:23:47.472+0000] {logging_mixin.py:190} INFO - [2024-11-09T20:23:47.472+0000] {dag.py:3239} INFO - Sync 1 DAGs
[2024-11-09T20:23:47.490+0000] {logging_mixin.py:190} INFO - [2024-11-09T20:23:47.490+0000] {dag.py:4180} INFO - Setting next_dagrun for example_complex to None, run_after=None
[2024-11-09T20:23:47.535+0000] {processor.py:208} INFO - Processing /home/chirag/airflow/lib/python3.12/site-packages/airflow/example_dags/example_complex.py took 0.173 seconds
[2024-11-09T20:24:58.930+0000] {processor.py:186} INFO - Started process (PID=13079) to work on /home/chirag/airflow/lib/python3.12/site-packages/airflow/example_dags/example_complex.py
[2024-11-09T20:24:58.933+0000] {processor.py:914} INFO - Processing file /home/chirag/airflow/lib/python3.12/site-packages/airflow/example_dags/example_complex.py for tasks to queue
[2024-11-09T20:24:58.936+0000] {logging_mixin.py:190} INFO - [2024-11-09T20:24:58.936+0000] {dagbag.py:588} INFO - Filling up the DagBag from /home/chirag/airflow/lib/python3.12/site-packages/airflow/example_dags/example_complex.py
[2024-11-09T20:24:58.953+0000] {processor.py:925} INFO - DAG(s) 'example_complex' retrieved from /home/chirag/airflow/lib/python3.12/site-packages/airflow/example_dags/example_complex.py
[2024-11-09T20:24:58.991+0000] {logging_mixin.py:190} INFO - [2024-11-09T20:24:58.990+0000] {dag.py:3239} INFO - Sync 1 DAGs
[2024-11-09T20:24:59.009+0000] {logging_mixin.py:190} INFO - [2024-11-09T20:24:59.009+0000] {dag.py:4180} INFO - Setting next_dagrun for example_complex to None, run_after=None
[2024-11-09T20:24:59.046+0000] {processor.py:208} INFO - Processing /home/chirag/airflow/lib/python3.12/site-packages/airflow/example_dags/example_complex.py took 0.123 seconds
[2024-11-09T20:26:35.923+0000] {processor.py:186} INFO - Started process (PID=13631) to work on /home/chirag/airflow/lib/python3.12/site-packages/airflow/example_dags/example_complex.py
[2024-11-09T20:26:35.929+0000] {processor.py:914} INFO - Processing file /home/chirag/airflow/lib/python3.12/site-packages/airflow/example_dags/example_complex.py for tasks to queue
[2024-11-09T20:26:35.933+0000] {logging_mixin.py:190} INFO - [2024-11-09T20:26:35.932+0000] {dagbag.py:588} INFO - Filling up the DagBag from /home/chirag/airflow/lib/python3.12/site-packages/airflow/example_dags/example_complex.py
[2024-11-09T20:26:35.954+0000] {processor.py:925} INFO - DAG(s) 'example_complex' retrieved from /home/chirag/airflow/lib/python3.12/site-packages/airflow/example_dags/example_complex.py
[2024-11-09T20:26:35.994+0000] {logging_mixin.py:190} INFO - [2024-11-09T20:26:35.993+0000] {dag.py:3239} INFO - Sync 1 DAGs
[2024-11-09T20:26:36.015+0000] {logging_mixin.py:190} INFO - [2024-11-09T20:26:36.015+0000] {dag.py:4180} INFO - Setting next_dagrun for example_complex to None, run_after=None
[2024-11-09T20:26:36.061+0000] {processor.py:208} INFO - Processing /home/chirag/airflow/lib/python3.12/site-packages/airflow/example_dags/example_complex.py took 0.150 seconds
[2024-11-09T20:28:15.705+0000] {processor.py:186} INFO - Started process (PID=14053) to work on /home/chirag/airflow/lib/python3.12/site-packages/airflow/example_dags/example_complex.py
[2024-11-09T20:28:15.714+0000] {processor.py:914} INFO - Processing file /home/chirag/airflow/lib/python3.12/site-packages/airflow/example_dags/example_complex.py for tasks to queue
[2024-11-09T20:28:15.718+0000] {logging_mixin.py:190} INFO - [2024-11-09T20:28:15.717+0000] {dagbag.py:588} INFO - Filling up the DagBag from /home/chirag/airflow/lib/python3.12/site-packages/airflow/example_dags/example_complex.py
[2024-11-09T20:28:15.739+0000] {processor.py:925} INFO - DAG(s) 'example_complex' retrieved from /home/chirag/airflow/lib/python3.12/site-packages/airflow/example_dags/example_complex.py
[2024-11-09T20:28:15.796+0000] {logging_mixin.py:190} INFO - [2024-11-09T20:28:15.796+0000] {dag.py:3239} INFO - Sync 1 DAGs
[2024-11-09T20:28:15.823+0000] {logging_mixin.py:190} INFO - [2024-11-09T20:28:15.823+0000] {dag.py:4180} INFO - Setting next_dagrun for example_complex to None, run_after=None
[2024-11-09T20:28:15.877+0000] {processor.py:208} INFO - Processing /home/chirag/airflow/lib/python3.12/site-packages/airflow/example_dags/example_complex.py took 0.186 seconds
