[2024-11-09T19:16:37.560+0000] {processor.py:186} INFO - Started process (PID=94623) to work on /home/chirag/airflow/lib/python3.12/site-packages/airflow/example_dags/example_outlet_event_extra.py
[2024-11-09T19:16:37.561+0000] {processor.py:914} INFO - Processing file /home/chirag/airflow/lib/python3.12/site-packages/airflow/example_dags/example_outlet_event_extra.py for tasks to queue
[2024-11-09T19:16:37.565+0000] {logging_mixin.py:190} INFO - [2024-11-09T19:16:37.564+0000] {dagbag.py:588} INFO - Filling up the DagBag from /home/chirag/airflow/lib/python3.12/site-packages/airflow/example_dags/example_outlet_event_extra.py
[2024-11-09T19:16:37.588+0000] {processor.py:925} INFO - DAG(s) 'dataset_with_extra_by_yield', 'dataset_with_extra_from_classic_operator', 'dataset_with_extra_by_context' retrieved from /home/chirag/airflow/lib/python3.12/site-packages/airflow/example_dags/example_outlet_event_extra.py
[2024-11-09T19:16:37.795+0000] {logging_mixin.py:190} INFO - [2024-11-09T19:16:37.794+0000] {override.py:1911} INFO - Created Permission View: can delete on DAG:dataset_with_extra_by_yield
[2024-11-09T19:16:37.819+0000] {logging_mixin.py:190} INFO - [2024-11-09T19:16:37.818+0000] {override.py:1911} INFO - Created Permission View: can read on DAG:dataset_with_extra_by_yield
[2024-11-09T19:16:37.839+0000] {logging_mixin.py:190} INFO - [2024-11-09T19:16:37.839+0000] {override.py:1911} INFO - Created Permission View: can edit on DAG:dataset_with_extra_by_yield
[2024-11-09T19:16:37.874+0000] {logging_mixin.py:190} INFO - [2024-11-09T19:16:37.874+0000] {override.py:1911} INFO - Created Permission View: menu access on DAG Run:dataset_with_extra_by_yield
[2024-11-09T19:16:37.895+0000] {logging_mixin.py:190} INFO - [2024-11-09T19:16:37.893+0000] {override.py:1911} INFO - Created Permission View: can delete on DAG Run:dataset_with_extra_by_yield
[2024-11-09T19:16:37.911+0000] {logging_mixin.py:190} INFO - [2024-11-09T19:16:37.910+0000] {override.py:1911} INFO - Created Permission View: can read on DAG Run:dataset_with_extra_by_yield
[2024-11-09T19:16:37.928+0000] {logging_mixin.py:190} INFO - [2024-11-09T19:16:37.927+0000] {override.py:1911} INFO - Created Permission View: can create on DAG Run:dataset_with_extra_by_yield
[2024-11-09T19:16:37.970+0000] {logging_mixin.py:190} INFO - [2024-11-09T19:16:37.970+0000] {override.py:1911} INFO - Created Permission View: can delete on DAG:dataset_with_extra_from_classic_operator
[2024-11-09T19:16:37.989+0000] {logging_mixin.py:190} INFO - [2024-11-09T19:16:37.988+0000] {override.py:1911} INFO - Created Permission View: can read on DAG:dataset_with_extra_from_classic_operator
[2024-11-09T19:16:38.009+0000] {logging_mixin.py:190} INFO - [2024-11-09T19:16:38.008+0000] {override.py:1911} INFO - Created Permission View: can edit on DAG:dataset_with_extra_from_classic_operator
[2024-11-09T19:16:38.034+0000] {logging_mixin.py:190} INFO - [2024-11-09T19:16:38.034+0000] {override.py:1911} INFO - Created Permission View: menu access on DAG Run:dataset_with_extra_from_classic_operator
[2024-11-09T19:16:38.051+0000] {logging_mixin.py:190} INFO - [2024-11-09T19:16:38.050+0000] {override.py:1911} INFO - Created Permission View: can delete on DAG Run:dataset_with_extra_from_classic_operator
[2024-11-09T19:16:38.069+0000] {logging_mixin.py:190} INFO - [2024-11-09T19:16:38.068+0000] {override.py:1911} INFO - Created Permission View: can read on DAG Run:dataset_with_extra_from_classic_operator
[2024-11-09T19:16:38.087+0000] {logging_mixin.py:190} INFO - [2024-11-09T19:16:38.087+0000] {override.py:1911} INFO - Created Permission View: can create on DAG Run:dataset_with_extra_from_classic_operator
[2024-11-09T19:16:38.130+0000] {logging_mixin.py:190} INFO - [2024-11-09T19:16:38.129+0000] {override.py:1911} INFO - Created Permission View: can delete on DAG:dataset_with_extra_by_context
[2024-11-09T19:16:38.146+0000] {logging_mixin.py:190} INFO - [2024-11-09T19:16:38.145+0000] {override.py:1911} INFO - Created Permission View: can read on DAG:dataset_with_extra_by_context
[2024-11-09T19:16:38.161+0000] {logging_mixin.py:190} INFO - [2024-11-09T19:16:38.160+0000] {override.py:1911} INFO - Created Permission View: can edit on DAG:dataset_with_extra_by_context
[2024-11-09T19:16:38.187+0000] {logging_mixin.py:190} INFO - [2024-11-09T19:16:38.186+0000] {override.py:1911} INFO - Created Permission View: menu access on DAG Run:dataset_with_extra_by_context
[2024-11-09T19:16:38.203+0000] {logging_mixin.py:190} INFO - [2024-11-09T19:16:38.202+0000] {override.py:1911} INFO - Created Permission View: can delete on DAG Run:dataset_with_extra_by_context
[2024-11-09T19:16:38.224+0000] {logging_mixin.py:190} INFO - [2024-11-09T19:16:38.223+0000] {override.py:1911} INFO - Created Permission View: can read on DAG Run:dataset_with_extra_by_context
[2024-11-09T19:16:38.241+0000] {logging_mixin.py:190} INFO - [2024-11-09T19:16:38.241+0000] {override.py:1911} INFO - Created Permission View: can create on DAG Run:dataset_with_extra_by_context
[2024-11-09T19:16:38.242+0000] {logging_mixin.py:190} INFO - [2024-11-09T19:16:38.242+0000] {dag.py:3239} INFO - Sync 3 DAGs
[2024-11-09T19:16:38.262+0000] {logging_mixin.py:190} INFO - [2024-11-09T19:16:38.261+0000] {dag.py:3262} INFO - Creating ORM DAG for dataset_with_extra_from_classic_operator
[2024-11-09T19:16:38.264+0000] {logging_mixin.py:190} INFO - [2024-11-09T19:16:38.263+0000] {dag.py:3262} INFO - Creating ORM DAG for dataset_with_extra_by_context
[2024-11-09T19:16:38.265+0000] {logging_mixin.py:190} INFO - [2024-11-09T19:16:38.265+0000] {dag.py:3262} INFO - Creating ORM DAG for dataset_with_extra_by_yield
[2024-11-09T19:16:38.282+0000] {logging_mixin.py:190} INFO - [2024-11-09T19:16:38.282+0000] {dag.py:4180} INFO - Setting next_dagrun for dataset_with_extra_by_context to 2024-11-08 00:00:00+00:00, run_after=2024-11-09 00:00:00+00:00
[2024-11-09T19:16:38.285+0000] {logging_mixin.py:190} INFO - [2024-11-09T19:16:38.285+0000] {dag.py:4180} INFO - Setting next_dagrun for dataset_with_extra_by_yield to 2024-11-08 00:00:00+00:00, run_after=2024-11-09 00:00:00+00:00
[2024-11-09T19:16:38.289+0000] {logging_mixin.py:190} INFO - [2024-11-09T19:16:38.288+0000] {dag.py:4180} INFO - Setting next_dagrun for dataset_with_extra_from_classic_operator to 2024-11-08 00:00:00+00:00, run_after=2024-11-09 00:00:00+00:00
[2024-11-09T19:16:38.343+0000] {processor.py:208} INFO - Processing /home/chirag/airflow/lib/python3.12/site-packages/airflow/example_dags/example_outlet_event_extra.py took 0.792 seconds
[2024-11-09T19:18:22.175+0000] {processor.py:186} INFO - Started process (PID=94821) to work on /home/chirag/airflow/lib/python3.12/site-packages/airflow/example_dags/example_outlet_event_extra.py
[2024-11-09T19:18:22.183+0000] {processor.py:914} INFO - Processing file /home/chirag/airflow/lib/python3.12/site-packages/airflow/example_dags/example_outlet_event_extra.py for tasks to queue
[2024-11-09T19:18:22.190+0000] {logging_mixin.py:190} INFO - [2024-11-09T19:18:22.189+0000] {dagbag.py:588} INFO - Filling up the DagBag from /home/chirag/airflow/lib/python3.12/site-packages/airflow/example_dags/example_outlet_event_extra.py
[2024-11-09T19:18:22.253+0000] {processor.py:925} INFO - DAG(s) 'dataset_with_extra_by_yield', 'dataset_with_extra_from_classic_operator', 'dataset_with_extra_by_context' retrieved from /home/chirag/airflow/lib/python3.12/site-packages/airflow/example_dags/example_outlet_event_extra.py
[2024-11-09T19:18:22.324+0000] {logging_mixin.py:190} INFO - [2024-11-09T19:18:22.324+0000] {dag.py:3239} INFO - Sync 3 DAGs
[2024-11-09T19:18:22.403+0000] {logging_mixin.py:190} INFO - [2024-11-09T19:18:22.402+0000] {dag.py:4180} INFO - Setting next_dagrun for dataset_with_extra_by_context to 2024-11-08 00:00:00+00:00, run_after=2024-11-09 00:00:00+00:00
[2024-11-09T19:18:22.429+0000] {logging_mixin.py:190} INFO - [2024-11-09T19:18:22.429+0000] {dag.py:4180} INFO - Setting next_dagrun for dataset_with_extra_by_yield to 2024-11-08 00:00:00+00:00, run_after=2024-11-09 00:00:00+00:00
[2024-11-09T19:18:22.438+0000] {logging_mixin.py:190} INFO - [2024-11-09T19:18:22.437+0000] {dag.py:4180} INFO - Setting next_dagrun for dataset_with_extra_from_classic_operator to 2024-11-08 00:00:00+00:00, run_after=2024-11-09 00:00:00+00:00
[2024-11-09T19:18:22.575+0000] {processor.py:208} INFO - Processing /home/chirag/airflow/lib/python3.12/site-packages/airflow/example_dags/example_outlet_event_extra.py took 0.427 seconds
[2024-11-09T19:27:46.870+0000] {processor.py:186} INFO - Started process (PID=464) to work on /home/chirag/airflow/lib/python3.12/site-packages/airflow/example_dags/example_outlet_event_extra.py
[2024-11-09T19:27:46.872+0000] {processor.py:914} INFO - Processing file /home/chirag/airflow/lib/python3.12/site-packages/airflow/example_dags/example_outlet_event_extra.py for tasks to queue
[2024-11-09T19:27:46.875+0000] {logging_mixin.py:190} INFO - [2024-11-09T19:27:46.875+0000] {dagbag.py:588} INFO - Filling up the DagBag from /home/chirag/airflow/lib/python3.12/site-packages/airflow/example_dags/example_outlet_event_extra.py
[2024-11-09T19:27:46.900+0000] {processor.py:925} INFO - DAG(s) 'dataset_with_extra_from_classic_operator', 'dataset_with_extra_by_context', 'dataset_with_extra_by_yield' retrieved from /home/chirag/airflow/lib/python3.12/site-packages/airflow/example_dags/example_outlet_event_extra.py
[2024-11-09T19:27:46.947+0000] {logging_mixin.py:190} INFO - [2024-11-09T19:27:46.947+0000] {dag.py:3239} INFO - Sync 3 DAGs
[2024-11-09T19:27:46.992+0000] {logging_mixin.py:190} INFO - [2024-11-09T19:27:46.991+0000] {dag.py:4180} INFO - Setting next_dagrun for dataset_with_extra_by_context to 2024-11-08 00:00:00+00:00, run_after=2024-11-09 00:00:00+00:00
[2024-11-09T19:27:46.999+0000] {logging_mixin.py:190} INFO - [2024-11-09T19:27:46.999+0000] {dag.py:4180} INFO - Setting next_dagrun for dataset_with_extra_by_yield to 2024-11-08 00:00:00+00:00, run_after=2024-11-09 00:00:00+00:00
[2024-11-09T19:27:47.003+0000] {logging_mixin.py:190} INFO - [2024-11-09T19:27:47.003+0000] {dag.py:4180} INFO - Setting next_dagrun for dataset_with_extra_from_classic_operator to 2024-11-08 00:00:00+00:00, run_after=2024-11-09 00:00:00+00:00
[2024-11-09T19:27:47.043+0000] {processor.py:208} INFO - Processing /home/chirag/airflow/lib/python3.12/site-packages/airflow/example_dags/example_outlet_event_extra.py took 0.182 seconds
[2024-11-09T19:28:52.951+0000] {processor.py:186} INFO - Started process (PID=547) to work on /home/chirag/airflow/lib/python3.12/site-packages/airflow/example_dags/example_outlet_event_extra.py
[2024-11-09T19:28:52.955+0000] {processor.py:914} INFO - Processing file /home/chirag/airflow/lib/python3.12/site-packages/airflow/example_dags/example_outlet_event_extra.py for tasks to queue
[2024-11-09T19:28:52.958+0000] {logging_mixin.py:190} INFO - [2024-11-09T19:28:52.957+0000] {dagbag.py:588} INFO - Filling up the DagBag from /home/chirag/airflow/lib/python3.12/site-packages/airflow/example_dags/example_outlet_event_extra.py
[2024-11-09T19:28:52.996+0000] {processor.py:925} INFO - DAG(s) 'dataset_with_extra_from_classic_operator', 'dataset_with_extra_by_yield', 'dataset_with_extra_by_context' retrieved from /home/chirag/airflow/lib/python3.12/site-packages/airflow/example_dags/example_outlet_event_extra.py
[2024-11-09T19:28:53.079+0000] {logging_mixin.py:190} INFO - [2024-11-09T19:28:53.078+0000] {dag.py:3239} INFO - Sync 3 DAGs
[2024-11-09T19:28:53.112+0000] {logging_mixin.py:190} INFO - [2024-11-09T19:28:53.112+0000] {dag.py:4180} INFO - Setting next_dagrun for dataset_with_extra_by_context to 2024-11-08 00:00:00+00:00, run_after=2024-11-09 00:00:00+00:00
[2024-11-09T19:28:53.119+0000] {logging_mixin.py:190} INFO - [2024-11-09T19:28:53.119+0000] {dag.py:4180} INFO - Setting next_dagrun for dataset_with_extra_by_yield to 2024-11-08 00:00:00+00:00, run_after=2024-11-09 00:00:00+00:00
[2024-11-09T19:28:53.122+0000] {logging_mixin.py:190} INFO - [2024-11-09T19:28:53.122+0000] {dag.py:4180} INFO - Setting next_dagrun for dataset_with_extra_from_classic_operator to 2024-11-08 00:00:00+00:00, run_after=2024-11-09 00:00:00+00:00
[2024-11-09T19:28:53.155+0000] {processor.py:208} INFO - Processing /home/chirag/airflow/lib/python3.12/site-packages/airflow/example_dags/example_outlet_event_extra.py took 0.212 seconds
[2024-11-09T19:30:07.145+0000] {processor.py:186} INFO - Started process (PID=622) to work on /home/chirag/airflow/lib/python3.12/site-packages/airflow/example_dags/example_outlet_event_extra.py
[2024-11-09T19:30:07.157+0000] {processor.py:914} INFO - Processing file /home/chirag/airflow/lib/python3.12/site-packages/airflow/example_dags/example_outlet_event_extra.py for tasks to queue
[2024-11-09T19:30:07.165+0000] {logging_mixin.py:190} INFO - [2024-11-09T19:30:07.161+0000] {dagbag.py:588} INFO - Filling up the DagBag from /home/chirag/airflow/lib/python3.12/site-packages/airflow/example_dags/example_outlet_event_extra.py
[2024-11-09T19:30:07.197+0000] {processor.py:925} INFO - DAG(s) 'dataset_with_extra_by_yield', 'dataset_with_extra_from_classic_operator', 'dataset_with_extra_by_context' retrieved from /home/chirag/airflow/lib/python3.12/site-packages/airflow/example_dags/example_outlet_event_extra.py
[2024-11-09T19:30:07.251+0000] {logging_mixin.py:190} INFO - [2024-11-09T19:30:07.250+0000] {dag.py:3239} INFO - Sync 3 DAGs
[2024-11-09T19:30:07.316+0000] {logging_mixin.py:190} INFO - [2024-11-09T19:30:07.315+0000] {dag.py:4180} INFO - Setting next_dagrun for dataset_with_extra_by_context to 2024-11-08 00:00:00+00:00, run_after=2024-11-09 00:00:00+00:00
[2024-11-09T19:30:07.326+0000] {logging_mixin.py:190} INFO - [2024-11-09T19:30:07.326+0000] {dag.py:4180} INFO - Setting next_dagrun for dataset_with_extra_by_yield to 2024-11-08 00:00:00+00:00, run_after=2024-11-09 00:00:00+00:00
[2024-11-09T19:30:07.336+0000] {logging_mixin.py:190} INFO - [2024-11-09T19:30:07.335+0000] {dag.py:4180} INFO - Setting next_dagrun for dataset_with_extra_from_classic_operator to 2024-11-08 00:00:00+00:00, run_after=2024-11-09 00:00:00+00:00
[2024-11-09T19:30:07.441+0000] {processor.py:208} INFO - Processing /home/chirag/airflow/lib/python3.12/site-packages/airflow/example_dags/example_outlet_event_extra.py took 0.314 seconds
[2024-11-09T19:31:24.754+0000] {processor.py:186} INFO - Started process (PID=689) to work on /home/chirag/airflow/lib/python3.12/site-packages/airflow/example_dags/example_outlet_event_extra.py
[2024-11-09T19:31:24.757+0000] {processor.py:914} INFO - Processing file /home/chirag/airflow/lib/python3.12/site-packages/airflow/example_dags/example_outlet_event_extra.py for tasks to queue
[2024-11-09T19:31:24.762+0000] {logging_mixin.py:190} INFO - [2024-11-09T19:31:24.761+0000] {dagbag.py:588} INFO - Filling up the DagBag from /home/chirag/airflow/lib/python3.12/site-packages/airflow/example_dags/example_outlet_event_extra.py
[2024-11-09T19:31:24.799+0000] {processor.py:925} INFO - DAG(s) 'dataset_with_extra_by_yield', 'dataset_with_extra_from_classic_operator', 'dataset_with_extra_by_context' retrieved from /home/chirag/airflow/lib/python3.12/site-packages/airflow/example_dags/example_outlet_event_extra.py
[2024-11-09T19:31:24.862+0000] {logging_mixin.py:190} INFO - [2024-11-09T19:31:24.861+0000] {dag.py:3239} INFO - Sync 3 DAGs
[2024-11-09T19:31:24.928+0000] {logging_mixin.py:190} INFO - [2024-11-09T19:31:24.928+0000] {dag.py:4180} INFO - Setting next_dagrun for dataset_with_extra_by_context to 2024-11-08 00:00:00+00:00, run_after=2024-11-09 00:00:00+00:00
[2024-11-09T19:31:24.940+0000] {logging_mixin.py:190} INFO - [2024-11-09T19:31:24.939+0000] {dag.py:4180} INFO - Setting next_dagrun for dataset_with_extra_by_yield to 2024-11-08 00:00:00+00:00, run_after=2024-11-09 00:00:00+00:00
[2024-11-09T19:31:24.948+0000] {logging_mixin.py:190} INFO - [2024-11-09T19:31:24.947+0000] {dag.py:4180} INFO - Setting next_dagrun for dataset_with_extra_from_classic_operator to 2024-11-08 00:00:00+00:00, run_after=2024-11-09 00:00:00+00:00
[2024-11-09T19:31:25.030+0000] {processor.py:208} INFO - Processing /home/chirag/airflow/lib/python3.12/site-packages/airflow/example_dags/example_outlet_event_extra.py took 0.285 seconds
[2024-11-09T19:33:06.989+0000] {processor.py:186} INFO - Started process (PID=1733) to work on /home/chirag/airflow/lib/python3.12/site-packages/airflow/example_dags/example_outlet_event_extra.py
[2024-11-09T19:33:06.992+0000] {processor.py:914} INFO - Processing file /home/chirag/airflow/lib/python3.12/site-packages/airflow/example_dags/example_outlet_event_extra.py for tasks to queue
[2024-11-09T19:33:06.995+0000] {logging_mixin.py:190} INFO - [2024-11-09T19:33:06.995+0000] {dagbag.py:588} INFO - Filling up the DagBag from /home/chirag/airflow/lib/python3.12/site-packages/airflow/example_dags/example_outlet_event_extra.py
[2024-11-09T19:33:07.016+0000] {processor.py:925} INFO - DAG(s) 'dataset_with_extra_from_classic_operator', 'dataset_with_extra_by_context', 'dataset_with_extra_by_yield' retrieved from /home/chirag/airflow/lib/python3.12/site-packages/airflow/example_dags/example_outlet_event_extra.py
[2024-11-09T19:33:07.045+0000] {logging_mixin.py:190} INFO - [2024-11-09T19:33:07.045+0000] {dag.py:3239} INFO - Sync 3 DAGs
[2024-11-09T19:33:07.076+0000] {logging_mixin.py:190} INFO - [2024-11-09T19:33:07.075+0000] {dag.py:4180} INFO - Setting next_dagrun for dataset_with_extra_by_context to 2024-11-08 00:00:00+00:00, run_after=2024-11-09 00:00:00+00:00
[2024-11-09T19:33:07.082+0000] {logging_mixin.py:190} INFO - [2024-11-09T19:33:07.082+0000] {dag.py:4180} INFO - Setting next_dagrun for dataset_with_extra_by_yield to 2024-11-08 00:00:00+00:00, run_after=2024-11-09 00:00:00+00:00
[2024-11-09T19:33:07.085+0000] {logging_mixin.py:190} INFO - [2024-11-09T19:33:07.085+0000] {dag.py:4180} INFO - Setting next_dagrun for dataset_with_extra_from_classic_operator to 2024-11-08 00:00:00+00:00, run_after=2024-11-09 00:00:00+00:00
[2024-11-09T19:33:07.125+0000] {processor.py:208} INFO - Processing /home/chirag/airflow/lib/python3.12/site-packages/airflow/example_dags/example_outlet_event_extra.py took 0.143 seconds
[2024-11-09T19:34:23.277+0000] {processor.py:186} INFO - Started process (PID=2243) to work on /home/chirag/airflow/lib/python3.12/site-packages/airflow/example_dags/example_outlet_event_extra.py
[2024-11-09T19:34:23.281+0000] {processor.py:914} INFO - Processing file /home/chirag/airflow/lib/python3.12/site-packages/airflow/example_dags/example_outlet_event_extra.py for tasks to queue
[2024-11-09T19:34:23.284+0000] {logging_mixin.py:190} INFO - [2024-11-09T19:34:23.283+0000] {dagbag.py:588} INFO - Filling up the DagBag from /home/chirag/airflow/lib/python3.12/site-packages/airflow/example_dags/example_outlet_event_extra.py
[2024-11-09T19:34:23.308+0000] {processor.py:925} INFO - DAG(s) 'dataset_with_extra_by_context', 'dataset_with_extra_by_yield', 'dataset_with_extra_from_classic_operator' retrieved from /home/chirag/airflow/lib/python3.12/site-packages/airflow/example_dags/example_outlet_event_extra.py
[2024-11-09T19:34:23.347+0000] {logging_mixin.py:190} INFO - [2024-11-09T19:34:23.346+0000] {dag.py:3239} INFO - Sync 3 DAGs
[2024-11-09T19:34:23.594+0000] {logging_mixin.py:190} INFO - [2024-11-09T19:34:23.594+0000] {dag.py:4180} INFO - Setting next_dagrun for dataset_with_extra_by_context to 2024-11-08 00:00:00+00:00, run_after=2024-11-09 00:00:00+00:00
[2024-11-09T19:34:23.605+0000] {logging_mixin.py:190} INFO - [2024-11-09T19:34:23.604+0000] {dag.py:4180} INFO - Setting next_dagrun for dataset_with_extra_by_yield to 2024-11-08 00:00:00+00:00, run_after=2024-11-09 00:00:00+00:00
[2024-11-09T19:34:23.611+0000] {logging_mixin.py:190} INFO - [2024-11-09T19:34:23.611+0000] {dag.py:4180} INFO - Setting next_dagrun for dataset_with_extra_from_classic_operator to 2024-11-08 00:00:00+00:00, run_after=2024-11-09 00:00:00+00:00
[2024-11-09T19:34:23.665+0000] {processor.py:208} INFO - Processing /home/chirag/airflow/lib/python3.12/site-packages/airflow/example_dags/example_outlet_event_extra.py took 0.399 seconds
[2024-11-09T19:35:51.080+0000] {processor.py:186} INFO - Started process (PID=2721) to work on /home/chirag/airflow/lib/python3.12/site-packages/airflow/example_dags/example_outlet_event_extra.py
[2024-11-09T19:35:51.634+0000] {processor.py:914} INFO - Processing file /home/chirag/airflow/lib/python3.12/site-packages/airflow/example_dags/example_outlet_event_extra.py for tasks to queue
[2024-11-09T19:35:51.638+0000] {logging_mixin.py:190} INFO - [2024-11-09T19:35:51.637+0000] {dagbag.py:588} INFO - Filling up the DagBag from /home/chirag/airflow/lib/python3.12/site-packages/airflow/example_dags/example_outlet_event_extra.py
[2024-11-09T19:35:51.685+0000] {processor.py:925} INFO - DAG(s) 'dataset_with_extra_from_classic_operator', 'dataset_with_extra_by_yield', 'dataset_with_extra_by_context' retrieved from /home/chirag/airflow/lib/python3.12/site-packages/airflow/example_dags/example_outlet_event_extra.py
[2024-11-09T19:35:51.761+0000] {logging_mixin.py:190} INFO - [2024-11-09T19:35:51.760+0000] {dag.py:3239} INFO - Sync 3 DAGs
[2024-11-09T19:35:51.846+0000] {logging_mixin.py:190} INFO - [2024-11-09T19:35:51.845+0000] {dag.py:4180} INFO - Setting next_dagrun for dataset_with_extra_by_context to 2024-11-08 00:00:00+00:00, run_after=2024-11-09 00:00:00+00:00
[2024-11-09T19:35:51.871+0000] {logging_mixin.py:190} INFO - [2024-11-09T19:35:51.871+0000] {dag.py:4180} INFO - Setting next_dagrun for dataset_with_extra_by_yield to 2024-11-08 00:00:00+00:00, run_after=2024-11-09 00:00:00+00:00
[2024-11-09T19:35:51.876+0000] {logging_mixin.py:190} INFO - [2024-11-09T19:35:51.876+0000] {dag.py:4180} INFO - Setting next_dagrun for dataset_with_extra_from_classic_operator to 2024-11-08 00:00:00+00:00, run_after=2024-11-09 00:00:00+00:00
[2024-11-09T19:35:51.964+0000] {processor.py:208} INFO - Processing /home/chirag/airflow/lib/python3.12/site-packages/airflow/example_dags/example_outlet_event_extra.py took 0.898 seconds
[2024-11-09T19:37:09.708+0000] {processor.py:186} INFO - Started process (PID=2935) to work on /home/chirag/airflow/lib/python3.12/site-packages/airflow/example_dags/example_outlet_event_extra.py
[2024-11-09T19:37:09.711+0000] {processor.py:914} INFO - Processing file /home/chirag/airflow/lib/python3.12/site-packages/airflow/example_dags/example_outlet_event_extra.py for tasks to queue
[2024-11-09T19:37:09.715+0000] {logging_mixin.py:190} INFO - [2024-11-09T19:37:09.714+0000] {dagbag.py:588} INFO - Filling up the DagBag from /home/chirag/airflow/lib/python3.12/site-packages/airflow/example_dags/example_outlet_event_extra.py
[2024-11-09T19:37:09.736+0000] {processor.py:925} INFO - DAG(s) 'dataset_with_extra_from_classic_operator', 'dataset_with_extra_by_yield', 'dataset_with_extra_by_context' retrieved from /home/chirag/airflow/lib/python3.12/site-packages/airflow/example_dags/example_outlet_event_extra.py
[2024-11-09T19:37:09.764+0000] {logging_mixin.py:190} INFO - [2024-11-09T19:37:09.764+0000] {dag.py:3239} INFO - Sync 3 DAGs
[2024-11-09T19:37:09.800+0000] {logging_mixin.py:190} INFO - [2024-11-09T19:37:09.800+0000] {dag.py:4180} INFO - Setting next_dagrun for dataset_with_extra_by_context to 2024-11-08 00:00:00+00:00, run_after=2024-11-09 00:00:00+00:00
[2024-11-09T19:37:09.807+0000] {logging_mixin.py:190} INFO - [2024-11-09T19:37:09.807+0000] {dag.py:4180} INFO - Setting next_dagrun for dataset_with_extra_by_yield to 2024-11-08 00:00:00+00:00, run_after=2024-11-09 00:00:00+00:00
[2024-11-09T19:37:09.810+0000] {logging_mixin.py:190} INFO - [2024-11-09T19:37:09.810+0000] {dag.py:4180} INFO - Setting next_dagrun for dataset_with_extra_from_classic_operator to 2024-11-08 00:00:00+00:00, run_after=2024-11-09 00:00:00+00:00
[2024-11-09T19:37:09.849+0000] {processor.py:208} INFO - Processing /home/chirag/airflow/lib/python3.12/site-packages/airflow/example_dags/example_outlet_event_extra.py took 0.149 seconds
[2024-11-09T19:38:20.171+0000] {processor.py:186} INFO - Started process (PID=3252) to work on /home/chirag/airflow/lib/python3.12/site-packages/airflow/example_dags/example_outlet_event_extra.py
[2024-11-09T19:38:20.174+0000] {processor.py:914} INFO - Processing file /home/chirag/airflow/lib/python3.12/site-packages/airflow/example_dags/example_outlet_event_extra.py for tasks to queue
[2024-11-09T19:38:20.178+0000] {logging_mixin.py:190} INFO - [2024-11-09T19:38:20.177+0000] {dagbag.py:588} INFO - Filling up the DagBag from /home/chirag/airflow/lib/python3.12/site-packages/airflow/example_dags/example_outlet_event_extra.py
[2024-11-09T19:38:20.199+0000] {processor.py:925} INFO - DAG(s) 'dataset_with_extra_from_classic_operator', 'dataset_with_extra_by_yield', 'dataset_with_extra_by_context' retrieved from /home/chirag/airflow/lib/python3.12/site-packages/airflow/example_dags/example_outlet_event_extra.py
[2024-11-09T19:38:20.228+0000] {logging_mixin.py:190} INFO - [2024-11-09T19:38:20.227+0000] {dag.py:3239} INFO - Sync 3 DAGs
[2024-11-09T19:38:20.266+0000] {logging_mixin.py:190} INFO - [2024-11-09T19:38:20.266+0000] {dag.py:4180} INFO - Setting next_dagrun for dataset_with_extra_by_context to 2024-11-08 00:00:00+00:00, run_after=2024-11-09 00:00:00+00:00
[2024-11-09T19:38:20.274+0000] {logging_mixin.py:190} INFO - [2024-11-09T19:38:20.274+0000] {dag.py:4180} INFO - Setting next_dagrun for dataset_with_extra_by_yield to 2024-11-08 00:00:00+00:00, run_after=2024-11-09 00:00:00+00:00
[2024-11-09T19:38:20.277+0000] {logging_mixin.py:190} INFO - [2024-11-09T19:38:20.277+0000] {dag.py:4180} INFO - Setting next_dagrun for dataset_with_extra_from_classic_operator to 2024-11-08 00:00:00+00:00, run_after=2024-11-09 00:00:00+00:00
[2024-11-09T19:38:20.318+0000] {processor.py:208} INFO - Processing /home/chirag/airflow/lib/python3.12/site-packages/airflow/example_dags/example_outlet_event_extra.py took 0.155 seconds
[2024-11-09T19:39:43.478+0000] {processor.py:186} INFO - Started process (PID=3544) to work on /home/chirag/airflow/lib/python3.12/site-packages/airflow/example_dags/example_outlet_event_extra.py
[2024-11-09T19:39:43.495+0000] {processor.py:914} INFO - Processing file /home/chirag/airflow/lib/python3.12/site-packages/airflow/example_dags/example_outlet_event_extra.py for tasks to queue
[2024-11-09T19:39:43.498+0000] {logging_mixin.py:190} INFO - [2024-11-09T19:39:43.498+0000] {dagbag.py:588} INFO - Filling up the DagBag from /home/chirag/airflow/lib/python3.12/site-packages/airflow/example_dags/example_outlet_event_extra.py
[2024-11-09T19:39:43.522+0000] {processor.py:925} INFO - DAG(s) 'dataset_with_extra_from_classic_operator', 'dataset_with_extra_by_yield', 'dataset_with_extra_by_context' retrieved from /home/chirag/airflow/lib/python3.12/site-packages/airflow/example_dags/example_outlet_event_extra.py
[2024-11-09T19:39:43.557+0000] {logging_mixin.py:190} INFO - [2024-11-09T19:39:43.556+0000] {dag.py:3239} INFO - Sync 3 DAGs
[2024-11-09T19:39:43.596+0000] {logging_mixin.py:190} INFO - [2024-11-09T19:39:43.596+0000] {dag.py:4180} INFO - Setting next_dagrun for dataset_with_extra_by_context to 2024-11-08 00:00:00+00:00, run_after=2024-11-09 00:00:00+00:00
[2024-11-09T19:39:43.602+0000] {logging_mixin.py:190} INFO - [2024-11-09T19:39:43.602+0000] {dag.py:4180} INFO - Setting next_dagrun for dataset_with_extra_by_yield to 2024-11-08 00:00:00+00:00, run_after=2024-11-09 00:00:00+00:00
[2024-11-09T19:39:43.605+0000] {logging_mixin.py:190} INFO - [2024-11-09T19:39:43.605+0000] {dag.py:4180} INFO - Setting next_dagrun for dataset_with_extra_from_classic_operator to 2024-11-08 00:00:00+00:00, run_after=2024-11-09 00:00:00+00:00
[2024-11-09T19:39:43.652+0000] {processor.py:208} INFO - Processing /home/chirag/airflow/lib/python3.12/site-packages/airflow/example_dags/example_outlet_event_extra.py took 0.182 seconds
[2024-11-09T19:41:00.122+0000] {processor.py:186} INFO - Started process (PID=3753) to work on /home/chirag/airflow/lib/python3.12/site-packages/airflow/example_dags/example_outlet_event_extra.py
[2024-11-09T19:41:00.125+0000] {processor.py:914} INFO - Processing file /home/chirag/airflow/lib/python3.12/site-packages/airflow/example_dags/example_outlet_event_extra.py for tasks to queue
[2024-11-09T19:41:00.128+0000] {logging_mixin.py:190} INFO - [2024-11-09T19:41:00.128+0000] {dagbag.py:588} INFO - Filling up the DagBag from /home/chirag/airflow/lib/python3.12/site-packages/airflow/example_dags/example_outlet_event_extra.py
[2024-11-09T19:41:00.148+0000] {processor.py:925} INFO - DAG(s) 'dataset_with_extra_from_classic_operator', 'dataset_with_extra_by_yield', 'dataset_with_extra_by_context' retrieved from /home/chirag/airflow/lib/python3.12/site-packages/airflow/example_dags/example_outlet_event_extra.py
[2024-11-09T19:41:00.177+0000] {logging_mixin.py:190} INFO - [2024-11-09T19:41:00.176+0000] {dag.py:3239} INFO - Sync 3 DAGs
[2024-11-09T19:41:00.212+0000] {logging_mixin.py:190} INFO - [2024-11-09T19:41:00.212+0000] {dag.py:4180} INFO - Setting next_dagrun for dataset_with_extra_by_context to 2024-11-08 00:00:00+00:00, run_after=2024-11-09 00:00:00+00:00
[2024-11-09T19:41:00.218+0000] {logging_mixin.py:190} INFO - [2024-11-09T19:41:00.218+0000] {dag.py:4180} INFO - Setting next_dagrun for dataset_with_extra_by_yield to 2024-11-08 00:00:00+00:00, run_after=2024-11-09 00:00:00+00:00
[2024-11-09T19:41:00.221+0000] {logging_mixin.py:190} INFO - [2024-11-09T19:41:00.221+0000] {dag.py:4180} INFO - Setting next_dagrun for dataset_with_extra_from_classic_operator to 2024-11-08 00:00:00+00:00, run_after=2024-11-09 00:00:00+00:00
[2024-11-09T19:41:00.263+0000] {processor.py:208} INFO - Processing /home/chirag/airflow/lib/python3.12/site-packages/airflow/example_dags/example_outlet_event_extra.py took 0.150 seconds
[2024-11-09T19:42:15.318+0000] {processor.py:186} INFO - Started process (PID=3962) to work on /home/chirag/airflow/lib/python3.12/site-packages/airflow/example_dags/example_outlet_event_extra.py
[2024-11-09T19:42:15.321+0000] {processor.py:914} INFO - Processing file /home/chirag/airflow/lib/python3.12/site-packages/airflow/example_dags/example_outlet_event_extra.py for tasks to queue
[2024-11-09T19:42:15.324+0000] {logging_mixin.py:190} INFO - [2024-11-09T19:42:15.324+0000] {dagbag.py:588} INFO - Filling up the DagBag from /home/chirag/airflow/lib/python3.12/site-packages/airflow/example_dags/example_outlet_event_extra.py
[2024-11-09T19:42:15.345+0000] {processor.py:925} INFO - DAG(s) 'dataset_with_extra_from_classic_operator', 'dataset_with_extra_by_yield', 'dataset_with_extra_by_context' retrieved from /home/chirag/airflow/lib/python3.12/site-packages/airflow/example_dags/example_outlet_event_extra.py
[2024-11-09T19:42:15.374+0000] {logging_mixin.py:190} INFO - [2024-11-09T19:42:15.373+0000] {dag.py:3239} INFO - Sync 3 DAGs
[2024-11-09T19:42:15.408+0000] {logging_mixin.py:190} INFO - [2024-11-09T19:42:15.407+0000] {dag.py:4180} INFO - Setting next_dagrun for dataset_with_extra_by_context to 2024-11-08 00:00:00+00:00, run_after=2024-11-09 00:00:00+00:00
[2024-11-09T19:42:15.414+0000] {logging_mixin.py:190} INFO - [2024-11-09T19:42:15.414+0000] {dag.py:4180} INFO - Setting next_dagrun for dataset_with_extra_by_yield to 2024-11-08 00:00:00+00:00, run_after=2024-11-09 00:00:00+00:00
[2024-11-09T19:42:15.417+0000] {logging_mixin.py:190} INFO - [2024-11-09T19:42:15.417+0000] {dag.py:4180} INFO - Setting next_dagrun for dataset_with_extra_from_classic_operator to 2024-11-08 00:00:00+00:00, run_after=2024-11-09 00:00:00+00:00
[2024-11-09T19:42:15.456+0000] {processor.py:208} INFO - Processing /home/chirag/airflow/lib/python3.12/site-packages/airflow/example_dags/example_outlet_event_extra.py took 0.146 seconds
[2024-11-09T19:43:36.899+0000] {processor.py:186} INFO - Started process (PID=4201) to work on /home/chirag/airflow/lib/python3.12/site-packages/airflow/example_dags/example_outlet_event_extra.py
[2024-11-09T19:43:36.902+0000] {processor.py:914} INFO - Processing file /home/chirag/airflow/lib/python3.12/site-packages/airflow/example_dags/example_outlet_event_extra.py for tasks to queue
[2024-11-09T19:43:36.906+0000] {logging_mixin.py:190} INFO - [2024-11-09T19:43:36.905+0000] {dagbag.py:588} INFO - Filling up the DagBag from /home/chirag/airflow/lib/python3.12/site-packages/airflow/example_dags/example_outlet_event_extra.py
[2024-11-09T19:43:36.934+0000] {processor.py:925} INFO - DAG(s) 'dataset_with_extra_by_context', 'dataset_with_extra_by_yield', 'dataset_with_extra_from_classic_operator' retrieved from /home/chirag/airflow/lib/python3.12/site-packages/airflow/example_dags/example_outlet_event_extra.py
[2024-11-09T19:43:36.981+0000] {logging_mixin.py:190} INFO - [2024-11-09T19:43:36.981+0000] {dag.py:3239} INFO - Sync 3 DAGs
[2024-11-09T19:43:37.034+0000] {logging_mixin.py:190} INFO - [2024-11-09T19:43:37.034+0000] {dag.py:4180} INFO - Setting next_dagrun for dataset_with_extra_by_context to 2024-11-08 00:00:00+00:00, run_after=2024-11-09 00:00:00+00:00
[2024-11-09T19:43:37.043+0000] {logging_mixin.py:190} INFO - [2024-11-09T19:43:37.043+0000] {dag.py:4180} INFO - Setting next_dagrun for dataset_with_extra_by_yield to 2024-11-08 00:00:00+00:00, run_after=2024-11-09 00:00:00+00:00
[2024-11-09T19:43:37.049+0000] {logging_mixin.py:190} INFO - [2024-11-09T19:43:37.048+0000] {dag.py:4180} INFO - Setting next_dagrun for dataset_with_extra_from_classic_operator to 2024-11-08 00:00:00+00:00, run_after=2024-11-09 00:00:00+00:00
[2024-11-09T19:43:37.097+0000] {processor.py:208} INFO - Processing /home/chirag/airflow/lib/python3.12/site-packages/airflow/example_dags/example_outlet_event_extra.py took 0.226 seconds
[2024-11-09T19:44:45.991+0000] {processor.py:186} INFO - Started process (PID=4403) to work on /home/chirag/airflow/lib/python3.12/site-packages/airflow/example_dags/example_outlet_event_extra.py
[2024-11-09T19:44:45.994+0000] {processor.py:914} INFO - Processing file /home/chirag/airflow/lib/python3.12/site-packages/airflow/example_dags/example_outlet_event_extra.py for tasks to queue
[2024-11-09T19:44:45.998+0000] {logging_mixin.py:190} INFO - [2024-11-09T19:44:45.997+0000] {dagbag.py:588} INFO - Filling up the DagBag from /home/chirag/airflow/lib/python3.12/site-packages/airflow/example_dags/example_outlet_event_extra.py
[2024-11-09T19:44:46.019+0000] {processor.py:925} INFO - DAG(s) 'dataset_with_extra_from_classic_operator', 'dataset_with_extra_by_yield', 'dataset_with_extra_by_context' retrieved from /home/chirag/airflow/lib/python3.12/site-packages/airflow/example_dags/example_outlet_event_extra.py
[2024-11-09T19:44:46.051+0000] {logging_mixin.py:190} INFO - [2024-11-09T19:44:46.050+0000] {dag.py:3239} INFO - Sync 3 DAGs
[2024-11-09T19:44:46.085+0000] {logging_mixin.py:190} INFO - [2024-11-09T19:44:46.084+0000] {dag.py:4180} INFO - Setting next_dagrun for dataset_with_extra_by_context to 2024-11-08 00:00:00+00:00, run_after=2024-11-09 00:00:00+00:00
[2024-11-09T19:44:46.091+0000] {logging_mixin.py:190} INFO - [2024-11-09T19:44:46.091+0000] {dag.py:4180} INFO - Setting next_dagrun for dataset_with_extra_by_yield to 2024-11-08 00:00:00+00:00, run_after=2024-11-09 00:00:00+00:00
[2024-11-09T19:44:46.095+0000] {logging_mixin.py:190} INFO - [2024-11-09T19:44:46.094+0000] {dag.py:4180} INFO - Setting next_dagrun for dataset_with_extra_from_classic_operator to 2024-11-08 00:00:00+00:00, run_after=2024-11-09 00:00:00+00:00
[2024-11-09T19:44:46.135+0000] {processor.py:208} INFO - Processing /home/chirag/airflow/lib/python3.12/site-packages/airflow/example_dags/example_outlet_event_extra.py took 0.151 seconds
[2024-11-09T19:46:33.281+0000] {processor.py:186} INFO - Started process (PID=4707) to work on /home/chirag/airflow/lib/python3.12/site-packages/airflow/example_dags/example_outlet_event_extra.py
[2024-11-09T19:46:33.285+0000] {processor.py:914} INFO - Processing file /home/chirag/airflow/lib/python3.12/site-packages/airflow/example_dags/example_outlet_event_extra.py for tasks to queue
[2024-11-09T19:46:33.288+0000] {logging_mixin.py:190} INFO - [2024-11-09T19:46:33.288+0000] {dagbag.py:588} INFO - Filling up the DagBag from /home/chirag/airflow/lib/python3.12/site-packages/airflow/example_dags/example_outlet_event_extra.py
[2024-11-09T19:46:33.311+0000] {processor.py:925} INFO - DAG(s) 'dataset_with_extra_by_context', 'dataset_with_extra_from_classic_operator', 'dataset_with_extra_by_yield' retrieved from /home/chirag/airflow/lib/python3.12/site-packages/airflow/example_dags/example_outlet_event_extra.py
[2024-11-09T19:46:33.339+0000] {logging_mixin.py:190} INFO - [2024-11-09T19:46:33.339+0000] {dag.py:3239} INFO - Sync 3 DAGs
[2024-11-09T19:46:33.370+0000] {logging_mixin.py:190} INFO - [2024-11-09T19:46:33.370+0000] {dag.py:4180} INFO - Setting next_dagrun for dataset_with_extra_by_context to 2024-11-08 00:00:00+00:00, run_after=2024-11-09 00:00:00+00:00
[2024-11-09T19:46:33.377+0000] {logging_mixin.py:190} INFO - [2024-11-09T19:46:33.376+0000] {dag.py:4180} INFO - Setting next_dagrun for dataset_with_extra_by_yield to 2024-11-08 00:00:00+00:00, run_after=2024-11-09 00:00:00+00:00
[2024-11-09T19:46:33.380+0000] {logging_mixin.py:190} INFO - [2024-11-09T19:46:33.379+0000] {dag.py:4180} INFO - Setting next_dagrun for dataset_with_extra_from_classic_operator to 2024-11-08 00:00:00+00:00, run_after=2024-11-09 00:00:00+00:00
[2024-11-09T19:46:33.417+0000] {processor.py:208} INFO - Processing /home/chirag/airflow/lib/python3.12/site-packages/airflow/example_dags/example_outlet_event_extra.py took 0.145 seconds
[2024-11-09T19:47:46.780+0000] {processor.py:186} INFO - Started process (PID=4955) to work on /home/chirag/airflow/lib/python3.12/site-packages/airflow/example_dags/example_outlet_event_extra.py
[2024-11-09T19:47:46.783+0000] {processor.py:914} INFO - Processing file /home/chirag/airflow/lib/python3.12/site-packages/airflow/example_dags/example_outlet_event_extra.py for tasks to queue
[2024-11-09T19:47:46.786+0000] {logging_mixin.py:190} INFO - [2024-11-09T19:47:46.786+0000] {dagbag.py:588} INFO - Filling up the DagBag from /home/chirag/airflow/lib/python3.12/site-packages/airflow/example_dags/example_outlet_event_extra.py
[2024-11-09T19:47:46.811+0000] {processor.py:925} INFO - DAG(s) 'dataset_with_extra_by_yield', 'dataset_with_extra_by_context', 'dataset_with_extra_from_classic_operator' retrieved from /home/chirag/airflow/lib/python3.12/site-packages/airflow/example_dags/example_outlet_event_extra.py
[2024-11-09T19:47:46.844+0000] {logging_mixin.py:190} INFO - [2024-11-09T19:47:46.844+0000] {dag.py:3239} INFO - Sync 3 DAGs
[2024-11-09T19:47:46.882+0000] {logging_mixin.py:190} INFO - [2024-11-09T19:47:46.882+0000] {dag.py:4180} INFO - Setting next_dagrun for dataset_with_extra_by_context to 2024-11-08 00:00:00+00:00, run_after=2024-11-09 00:00:00+00:00
[2024-11-09T19:47:46.889+0000] {logging_mixin.py:190} INFO - [2024-11-09T19:47:46.889+0000] {dag.py:4180} INFO - Setting next_dagrun for dataset_with_extra_by_yield to 2024-11-08 00:00:00+00:00, run_after=2024-11-09 00:00:00+00:00
[2024-11-09T19:47:46.892+0000] {logging_mixin.py:190} INFO - [2024-11-09T19:47:46.892+0000] {dag.py:4180} INFO - Setting next_dagrun for dataset_with_extra_from_classic_operator to 2024-11-08 00:00:00+00:00, run_after=2024-11-09 00:00:00+00:00
[2024-11-09T19:47:46.932+0000] {processor.py:208} INFO - Processing /home/chirag/airflow/lib/python3.12/site-packages/airflow/example_dags/example_outlet_event_extra.py took 0.161 seconds
[2024-11-09T19:48:39.831+0000] {processor.py:186} INFO - Started process (PID=5114) to work on /home/chirag/airflow/lib/python3.12/site-packages/airflow/example_dags/example_outlet_event_extra.py
[2024-11-09T19:48:39.834+0000] {processor.py:914} INFO - Processing file /home/chirag/airflow/lib/python3.12/site-packages/airflow/example_dags/example_outlet_event_extra.py for tasks to queue
[2024-11-09T19:48:39.837+0000] {logging_mixin.py:190} INFO - [2024-11-09T19:48:39.837+0000] {dagbag.py:588} INFO - Filling up the DagBag from /home/chirag/airflow/lib/python3.12/site-packages/airflow/example_dags/example_outlet_event_extra.py
[2024-11-09T19:48:39.860+0000] {processor.py:925} INFO - DAG(s) 'dataset_with_extra_from_classic_operator', 'dataset_with_extra_by_yield', 'dataset_with_extra_by_context' retrieved from /home/chirag/airflow/lib/python3.12/site-packages/airflow/example_dags/example_outlet_event_extra.py
[2024-11-09T19:48:39.892+0000] {logging_mixin.py:190} INFO - [2024-11-09T19:48:39.892+0000] {dag.py:3239} INFO - Sync 3 DAGs
[2024-11-09T19:48:39.955+0000] {logging_mixin.py:190} INFO - [2024-11-09T19:48:39.954+0000] {dag.py:4180} INFO - Setting next_dagrun for dataset_with_extra_by_context to 2024-11-08 00:00:00+00:00, run_after=2024-11-09 00:00:00+00:00
[2024-11-09T19:48:39.964+0000] {logging_mixin.py:190} INFO - [2024-11-09T19:48:39.964+0000] {dag.py:4180} INFO - Setting next_dagrun for dataset_with_extra_by_yield to 2024-11-08 00:00:00+00:00, run_after=2024-11-09 00:00:00+00:00
[2024-11-09T19:48:39.970+0000] {logging_mixin.py:190} INFO - [2024-11-09T19:48:39.970+0000] {dag.py:4180} INFO - Setting next_dagrun for dataset_with_extra_from_classic_operator to 2024-11-08 00:00:00+00:00, run_after=2024-11-09 00:00:00+00:00
[2024-11-09T19:48:40.012+0000] {processor.py:208} INFO - Processing /home/chirag/airflow/lib/python3.12/site-packages/airflow/example_dags/example_outlet_event_extra.py took 0.190 seconds
[2024-11-09T19:49:53.832+0000] {processor.py:186} INFO - Started process (PID=5404) to work on /home/chirag/airflow/lib/python3.12/site-packages/airflow/example_dags/example_outlet_event_extra.py
[2024-11-09T19:49:53.838+0000] {processor.py:914} INFO - Processing file /home/chirag/airflow/lib/python3.12/site-packages/airflow/example_dags/example_outlet_event_extra.py for tasks to queue
[2024-11-09T19:49:53.841+0000] {logging_mixin.py:190} INFO - [2024-11-09T19:49:53.840+0000] {dagbag.py:588} INFO - Filling up the DagBag from /home/chirag/airflow/lib/python3.12/site-packages/airflow/example_dags/example_outlet_event_extra.py
[2024-11-09T19:49:53.864+0000] {processor.py:925} INFO - DAG(s) 'dataset_with_extra_from_classic_operator', 'dataset_with_extra_by_context', 'dataset_with_extra_by_yield' retrieved from /home/chirag/airflow/lib/python3.12/site-packages/airflow/example_dags/example_outlet_event_extra.py
[2024-11-09T19:49:53.895+0000] {logging_mixin.py:190} INFO - [2024-11-09T19:49:53.895+0000] {dag.py:3239} INFO - Sync 3 DAGs
[2024-11-09T19:49:53.931+0000] {logging_mixin.py:190} INFO - [2024-11-09T19:49:53.931+0000] {dag.py:4180} INFO - Setting next_dagrun for dataset_with_extra_by_context to 2024-11-08 00:00:00+00:00, run_after=2024-11-09 00:00:00+00:00
[2024-11-09T19:49:53.937+0000] {logging_mixin.py:190} INFO - [2024-11-09T19:49:53.937+0000] {dag.py:4180} INFO - Setting next_dagrun for dataset_with_extra_by_yield to 2024-11-08 00:00:00+00:00, run_after=2024-11-09 00:00:00+00:00
[2024-11-09T19:49:53.940+0000] {logging_mixin.py:190} INFO - [2024-11-09T19:49:53.940+0000] {dag.py:4180} INFO - Setting next_dagrun for dataset_with_extra_from_classic_operator to 2024-11-08 00:00:00+00:00, run_after=2024-11-09 00:00:00+00:00
[2024-11-09T19:49:53.979+0000] {processor.py:208} INFO - Processing /home/chirag/airflow/lib/python3.12/site-packages/airflow/example_dags/example_outlet_event_extra.py took 0.155 seconds
[2024-11-09T19:51:04.327+0000] {processor.py:186} INFO - Started process (PID=5985) to work on /home/chirag/airflow/lib/python3.12/site-packages/airflow/example_dags/example_outlet_event_extra.py
[2024-11-09T19:51:04.331+0000] {processor.py:914} INFO - Processing file /home/chirag/airflow/lib/python3.12/site-packages/airflow/example_dags/example_outlet_event_extra.py for tasks to queue
[2024-11-09T19:51:04.336+0000] {logging_mixin.py:190} INFO - [2024-11-09T19:51:04.335+0000] {dagbag.py:588} INFO - Filling up the DagBag from /home/chirag/airflow/lib/python3.12/site-packages/airflow/example_dags/example_outlet_event_extra.py
[2024-11-09T19:51:04.373+0000] {processor.py:925} INFO - DAG(s) 'dataset_with_extra_by_yield', 'dataset_with_extra_by_context', 'dataset_with_extra_from_classic_operator' retrieved from /home/chirag/airflow/lib/python3.12/site-packages/airflow/example_dags/example_outlet_event_extra.py
[2024-11-09T19:51:04.422+0000] {logging_mixin.py:190} INFO - [2024-11-09T19:51:04.421+0000] {dag.py:3239} INFO - Sync 3 DAGs
[2024-11-09T19:51:04.480+0000] {logging_mixin.py:190} INFO - [2024-11-09T19:51:04.480+0000] {dag.py:4180} INFO - Setting next_dagrun for dataset_with_extra_by_context to 2024-11-08 00:00:00+00:00, run_after=2024-11-09 00:00:00+00:00
[2024-11-09T19:51:04.487+0000] {logging_mixin.py:190} INFO - [2024-11-09T19:51:04.486+0000] {dag.py:4180} INFO - Setting next_dagrun for dataset_with_extra_by_yield to 2024-11-08 00:00:00+00:00, run_after=2024-11-09 00:00:00+00:00
[2024-11-09T19:51:04.490+0000] {logging_mixin.py:190} INFO - [2024-11-09T19:51:04.490+0000] {dag.py:4180} INFO - Setting next_dagrun for dataset_with_extra_from_classic_operator to 2024-11-08 00:00:00+00:00, run_after=2024-11-09 00:00:00+00:00
[2024-11-09T19:51:04.526+0000] {processor.py:208} INFO - Processing /home/chirag/airflow/lib/python3.12/site-packages/airflow/example_dags/example_outlet_event_extra.py took 0.212 seconds
[2024-11-09T19:52:36.979+0000] {processor.py:186} INFO - Started process (PID=6387) to work on /home/chirag/airflow/lib/python3.12/site-packages/airflow/example_dags/example_outlet_event_extra.py
[2024-11-09T19:52:36.982+0000] {processor.py:914} INFO - Processing file /home/chirag/airflow/lib/python3.12/site-packages/airflow/example_dags/example_outlet_event_extra.py for tasks to queue
[2024-11-09T19:52:36.987+0000] {logging_mixin.py:190} INFO - [2024-11-09T19:52:36.986+0000] {dagbag.py:588} INFO - Filling up the DagBag from /home/chirag/airflow/lib/python3.12/site-packages/airflow/example_dags/example_outlet_event_extra.py
[2024-11-09T19:52:37.012+0000] {processor.py:925} INFO - DAG(s) 'dataset_with_extra_from_classic_operator', 'dataset_with_extra_by_yield', 'dataset_with_extra_by_context' retrieved from /home/chirag/airflow/lib/python3.12/site-packages/airflow/example_dags/example_outlet_event_extra.py
[2024-11-09T19:52:37.046+0000] {logging_mixin.py:190} INFO - [2024-11-09T19:52:37.045+0000] {dag.py:3239} INFO - Sync 3 DAGs
[2024-11-09T19:52:37.090+0000] {logging_mixin.py:190} INFO - [2024-11-09T19:52:37.090+0000] {dag.py:4180} INFO - Setting next_dagrun for dataset_with_extra_by_context to 2024-11-08 00:00:00+00:00, run_after=2024-11-09 00:00:00+00:00
[2024-11-09T19:52:37.097+0000] {logging_mixin.py:190} INFO - [2024-11-09T19:52:37.097+0000] {dag.py:4180} INFO - Setting next_dagrun for dataset_with_extra_by_yield to 2024-11-08 00:00:00+00:00, run_after=2024-11-09 00:00:00+00:00
[2024-11-09T19:52:37.101+0000] {logging_mixin.py:190} INFO - [2024-11-09T19:52:37.101+0000] {dag.py:4180} INFO - Setting next_dagrun for dataset_with_extra_from_classic_operator to 2024-11-08 00:00:00+00:00, run_after=2024-11-09 00:00:00+00:00
[2024-11-09T19:52:37.151+0000] {processor.py:208} INFO - Processing /home/chirag/airflow/lib/python3.12/site-packages/airflow/example_dags/example_outlet_event_extra.py took 0.181 seconds
[2024-11-09T19:54:05.700+0000] {processor.py:186} INFO - Started process (PID=6991) to work on /home/chirag/airflow/lib/python3.12/site-packages/airflow/example_dags/example_outlet_event_extra.py
[2024-11-09T19:54:05.703+0000] {processor.py:914} INFO - Processing file /home/chirag/airflow/lib/python3.12/site-packages/airflow/example_dags/example_outlet_event_extra.py for tasks to queue
[2024-11-09T19:54:05.706+0000] {logging_mixin.py:190} INFO - [2024-11-09T19:54:05.706+0000] {dagbag.py:588} INFO - Filling up the DagBag from /home/chirag/airflow/lib/python3.12/site-packages/airflow/example_dags/example_outlet_event_extra.py
[2024-11-09T19:54:05.727+0000] {processor.py:925} INFO - DAG(s) 'dataset_with_extra_by_yield', 'dataset_with_extra_from_classic_operator', 'dataset_with_extra_by_context' retrieved from /home/chirag/airflow/lib/python3.12/site-packages/airflow/example_dags/example_outlet_event_extra.py
[2024-11-09T19:54:05.756+0000] {logging_mixin.py:190} INFO - [2024-11-09T19:54:05.756+0000] {dag.py:3239} INFO - Sync 3 DAGs
[2024-11-09T19:54:05.792+0000] {logging_mixin.py:190} INFO - [2024-11-09T19:54:05.791+0000] {dag.py:4180} INFO - Setting next_dagrun for dataset_with_extra_by_context to 2024-11-08 00:00:00+00:00, run_after=2024-11-09 00:00:00+00:00
[2024-11-09T19:54:05.798+0000] {logging_mixin.py:190} INFO - [2024-11-09T19:54:05.798+0000] {dag.py:4180} INFO - Setting next_dagrun for dataset_with_extra_by_yield to 2024-11-08 00:00:00+00:00, run_after=2024-11-09 00:00:00+00:00
[2024-11-09T19:54:05.802+0000] {logging_mixin.py:190} INFO - [2024-11-09T19:54:05.802+0000] {dag.py:4180} INFO - Setting next_dagrun for dataset_with_extra_from_classic_operator to 2024-11-08 00:00:00+00:00, run_after=2024-11-09 00:00:00+00:00
[2024-11-09T19:54:05.878+0000] {processor.py:208} INFO - Processing /home/chirag/airflow/lib/python3.12/site-packages/airflow/example_dags/example_outlet_event_extra.py took 0.186 seconds
[2024-11-09T19:55:22.172+0000] {processor.py:186} INFO - Started process (PID=7597) to work on /home/chirag/airflow/lib/python3.12/site-packages/airflow/example_dags/example_outlet_event_extra.py
[2024-11-09T19:55:22.175+0000] {processor.py:914} INFO - Processing file /home/chirag/airflow/lib/python3.12/site-packages/airflow/example_dags/example_outlet_event_extra.py for tasks to queue
[2024-11-09T19:55:22.179+0000] {logging_mixin.py:190} INFO - [2024-11-09T19:55:22.178+0000] {dagbag.py:588} INFO - Filling up the DagBag from /home/chirag/airflow/lib/python3.12/site-packages/airflow/example_dags/example_outlet_event_extra.py
[2024-11-09T19:55:22.199+0000] {processor.py:925} INFO - DAG(s) 'dataset_with_extra_from_classic_operator', 'dataset_with_extra_by_yield', 'dataset_with_extra_by_context' retrieved from /home/chirag/airflow/lib/python3.12/site-packages/airflow/example_dags/example_outlet_event_extra.py
[2024-11-09T19:55:22.228+0000] {logging_mixin.py:190} INFO - [2024-11-09T19:55:22.228+0000] {dag.py:3239} INFO - Sync 3 DAGs
[2024-11-09T19:55:22.262+0000] {logging_mixin.py:190} INFO - [2024-11-09T19:55:22.262+0000] {dag.py:4180} INFO - Setting next_dagrun for dataset_with_extra_by_context to 2024-11-08 00:00:00+00:00, run_after=2024-11-09 00:00:00+00:00
[2024-11-09T19:55:22.269+0000] {logging_mixin.py:190} INFO - [2024-11-09T19:55:22.269+0000] {dag.py:4180} INFO - Setting next_dagrun for dataset_with_extra_by_yield to 2024-11-08 00:00:00+00:00, run_after=2024-11-09 00:00:00+00:00
[2024-11-09T19:55:22.272+0000] {logging_mixin.py:190} INFO - [2024-11-09T19:55:22.272+0000] {dag.py:4180} INFO - Setting next_dagrun for dataset_with_extra_from_classic_operator to 2024-11-08 00:00:00+00:00, run_after=2024-11-09 00:00:00+00:00
[2024-11-09T19:55:22.312+0000] {processor.py:208} INFO - Processing /home/chirag/airflow/lib/python3.12/site-packages/airflow/example_dags/example_outlet_event_extra.py took 0.148 seconds
[2024-11-09T19:56:52.019+0000] {processor.py:186} INFO - Started process (PID=8014) to work on /home/chirag/airflow/lib/python3.12/site-packages/airflow/example_dags/example_outlet_event_extra.py
[2024-11-09T19:56:52.022+0000] {processor.py:914} INFO - Processing file /home/chirag/airflow/lib/python3.12/site-packages/airflow/example_dags/example_outlet_event_extra.py for tasks to queue
[2024-11-09T19:56:52.026+0000] {logging_mixin.py:190} INFO - [2024-11-09T19:56:52.025+0000] {dagbag.py:588} INFO - Filling up the DagBag from /home/chirag/airflow/lib/python3.12/site-packages/airflow/example_dags/example_outlet_event_extra.py
[2024-11-09T19:56:52.050+0000] {processor.py:925} INFO - DAG(s) 'dataset_with_extra_by_yield', 'dataset_with_extra_by_context', 'dataset_with_extra_from_classic_operator' retrieved from /home/chirag/airflow/lib/python3.12/site-packages/airflow/example_dags/example_outlet_event_extra.py
[2024-11-09T19:56:52.079+0000] {logging_mixin.py:190} INFO - [2024-11-09T19:56:52.079+0000] {dag.py:3239} INFO - Sync 3 DAGs
[2024-11-09T19:56:52.114+0000] {logging_mixin.py:190} INFO - [2024-11-09T19:56:52.114+0000] {dag.py:4180} INFO - Setting next_dagrun for dataset_with_extra_by_context to 2024-11-08 00:00:00+00:00, run_after=2024-11-09 00:00:00+00:00
[2024-11-09T19:56:52.121+0000] {logging_mixin.py:190} INFO - [2024-11-09T19:56:52.121+0000] {dag.py:4180} INFO - Setting next_dagrun for dataset_with_extra_by_yield to 2024-11-08 00:00:00+00:00, run_after=2024-11-09 00:00:00+00:00
[2024-11-09T19:56:52.124+0000] {logging_mixin.py:190} INFO - [2024-11-09T19:56:52.124+0000] {dag.py:4180} INFO - Setting next_dagrun for dataset_with_extra_from_classic_operator to 2024-11-08 00:00:00+00:00, run_after=2024-11-09 00:00:00+00:00
[2024-11-09T19:56:52.175+0000] {processor.py:208} INFO - Processing /home/chirag/airflow/lib/python3.12/site-packages/airflow/example_dags/example_outlet_event_extra.py took 0.165 seconds
[2024-11-09T19:57:53.722+0000] {processor.py:186} INFO - Started process (PID=8239) to work on /home/chirag/airflow/lib/python3.12/site-packages/airflow/example_dags/example_outlet_event_extra.py
[2024-11-09T19:57:53.725+0000] {processor.py:914} INFO - Processing file /home/chirag/airflow/lib/python3.12/site-packages/airflow/example_dags/example_outlet_event_extra.py for tasks to queue
[2024-11-09T19:57:53.728+0000] {logging_mixin.py:190} INFO - [2024-11-09T19:57:53.728+0000] {dagbag.py:588} INFO - Filling up the DagBag from /home/chirag/airflow/lib/python3.12/site-packages/airflow/example_dags/example_outlet_event_extra.py
[2024-11-09T19:57:53.749+0000] {processor.py:925} INFO - DAG(s) 'dataset_with_extra_by_yield', 'dataset_with_extra_by_context', 'dataset_with_extra_from_classic_operator' retrieved from /home/chirag/airflow/lib/python3.12/site-packages/airflow/example_dags/example_outlet_event_extra.py
[2024-11-09T19:57:53.777+0000] {logging_mixin.py:190} INFO - [2024-11-09T19:57:53.777+0000] {dag.py:3239} INFO - Sync 3 DAGs
[2024-11-09T19:57:53.812+0000] {logging_mixin.py:190} INFO - [2024-11-09T19:57:53.812+0000] {dag.py:4180} INFO - Setting next_dagrun for dataset_with_extra_by_context to 2024-11-08 00:00:00+00:00, run_after=2024-11-09 00:00:00+00:00
[2024-11-09T19:57:53.819+0000] {logging_mixin.py:190} INFO - [2024-11-09T19:57:53.818+0000] {dag.py:4180} INFO - Setting next_dagrun for dataset_with_extra_by_yield to 2024-11-08 00:00:00+00:00, run_after=2024-11-09 00:00:00+00:00
[2024-11-09T19:57:53.822+0000] {logging_mixin.py:190} INFO - [2024-11-09T19:57:53.822+0000] {dag.py:4180} INFO - Setting next_dagrun for dataset_with_extra_from_classic_operator to 2024-11-08 00:00:00+00:00, run_after=2024-11-09 00:00:00+00:00
[2024-11-09T19:57:53.860+0000] {processor.py:208} INFO - Processing /home/chirag/airflow/lib/python3.12/site-packages/airflow/example_dags/example_outlet_event_extra.py took 0.146 seconds
[2024-11-09T19:58:54.156+0000] {processor.py:186} INFO - Started process (PID=8509) to work on /home/chirag/airflow/lib/python3.12/site-packages/airflow/example_dags/example_outlet_event_extra.py
[2024-11-09T19:58:54.159+0000] {processor.py:914} INFO - Processing file /home/chirag/airflow/lib/python3.12/site-packages/airflow/example_dags/example_outlet_event_extra.py for tasks to queue
[2024-11-09T19:58:54.164+0000] {logging_mixin.py:190} INFO - [2024-11-09T19:58:54.163+0000] {dagbag.py:588} INFO - Filling up the DagBag from /home/chirag/airflow/lib/python3.12/site-packages/airflow/example_dags/example_outlet_event_extra.py
[2024-11-09T19:58:54.207+0000] {processor.py:925} INFO - DAG(s) 'dataset_with_extra_by_yield', 'dataset_with_extra_from_classic_operator', 'dataset_with_extra_by_context' retrieved from /home/chirag/airflow/lib/python3.12/site-packages/airflow/example_dags/example_outlet_event_extra.py
[2024-11-09T19:58:54.287+0000] {logging_mixin.py:190} INFO - [2024-11-09T19:58:54.287+0000] {dag.py:3239} INFO - Sync 3 DAGs
[2024-11-09T19:58:54.374+0000] {logging_mixin.py:190} INFO - [2024-11-09T19:58:54.373+0000] {dag.py:4180} INFO - Setting next_dagrun for dataset_with_extra_by_context to 2024-11-08 00:00:00+00:00, run_after=2024-11-09 00:00:00+00:00
[2024-11-09T19:58:54.389+0000] {logging_mixin.py:190} INFO - [2024-11-09T19:58:54.389+0000] {dag.py:4180} INFO - Setting next_dagrun for dataset_with_extra_by_yield to 2024-11-08 00:00:00+00:00, run_after=2024-11-09 00:00:00+00:00
[2024-11-09T19:58:54.402+0000] {logging_mixin.py:190} INFO - [2024-11-09T19:58:54.402+0000] {dag.py:4180} INFO - Setting next_dagrun for dataset_with_extra_from_classic_operator to 2024-11-08 00:00:00+00:00, run_after=2024-11-09 00:00:00+00:00
[2024-11-09T19:58:54.501+0000] {processor.py:208} INFO - Processing /home/chirag/airflow/lib/python3.12/site-packages/airflow/example_dags/example_outlet_event_extra.py took 0.367 seconds
[2024-11-09T20:22:28.093+0000] {processor.py:186} INFO - Started process (PID=12652) to work on /home/chirag/airflow/lib/python3.12/site-packages/airflow/example_dags/example_outlet_event_extra.py
[2024-11-09T20:22:28.096+0000] {processor.py:914} INFO - Processing file /home/chirag/airflow/lib/python3.12/site-packages/airflow/example_dags/example_outlet_event_extra.py for tasks to queue
[2024-11-09T20:22:28.099+0000] {logging_mixin.py:190} INFO - [2024-11-09T20:22:28.099+0000] {dagbag.py:588} INFO - Filling up the DagBag from /home/chirag/airflow/lib/python3.12/site-packages/airflow/example_dags/example_outlet_event_extra.py
[2024-11-09T20:22:28.120+0000] {processor.py:925} INFO - DAG(s) 'dataset_with_extra_by_yield', 'dataset_with_extra_by_context', 'dataset_with_extra_from_classic_operator' retrieved from /home/chirag/airflow/lib/python3.12/site-packages/airflow/example_dags/example_outlet_event_extra.py
[2024-11-09T20:22:28.157+0000] {logging_mixin.py:190} INFO - [2024-11-09T20:22:28.157+0000] {dag.py:3239} INFO - Sync 3 DAGs
[2024-11-09T20:22:28.196+0000] {logging_mixin.py:190} INFO - [2024-11-09T20:22:28.196+0000] {dag.py:4180} INFO - Setting next_dagrun for dataset_with_extra_by_context to 2024-11-08 00:00:00+00:00, run_after=2024-11-09 00:00:00+00:00
[2024-11-09T20:22:28.202+0000] {logging_mixin.py:190} INFO - [2024-11-09T20:22:28.202+0000] {dag.py:4180} INFO - Setting next_dagrun for dataset_with_extra_by_yield to 2024-11-08 00:00:00+00:00, run_after=2024-11-09 00:00:00+00:00
[2024-11-09T20:22:28.206+0000] {logging_mixin.py:190} INFO - [2024-11-09T20:22:28.206+0000] {dag.py:4180} INFO - Setting next_dagrun for dataset_with_extra_from_classic_operator to 2024-11-08 00:00:00+00:00, run_after=2024-11-09 00:00:00+00:00
[2024-11-09T20:22:28.250+0000] {processor.py:208} INFO - Processing /home/chirag/airflow/lib/python3.12/site-packages/airflow/example_dags/example_outlet_event_extra.py took 0.164 seconds
[2024-11-09T20:23:35.332+0000] {processor.py:186} INFO - Started process (PID=12844) to work on /home/chirag/airflow/lib/python3.12/site-packages/airflow/example_dags/example_outlet_event_extra.py
[2024-11-09T20:23:35.337+0000] {processor.py:914} INFO - Processing file /home/chirag/airflow/lib/python3.12/site-packages/airflow/example_dags/example_outlet_event_extra.py for tasks to queue
[2024-11-09T20:23:35.341+0000] {logging_mixin.py:190} INFO - [2024-11-09T20:23:35.340+0000] {dagbag.py:588} INFO - Filling up the DagBag from /home/chirag/airflow/lib/python3.12/site-packages/airflow/example_dags/example_outlet_event_extra.py
[2024-11-09T20:23:35.368+0000] {processor.py:925} INFO - DAG(s) 'dataset_with_extra_by_context', 'dataset_with_extra_from_classic_operator', 'dataset_with_extra_by_yield' retrieved from /home/chirag/airflow/lib/python3.12/site-packages/airflow/example_dags/example_outlet_event_extra.py
[2024-11-09T20:23:35.408+0000] {logging_mixin.py:190} INFO - [2024-11-09T20:23:35.408+0000] {dag.py:3239} INFO - Sync 3 DAGs
[2024-11-09T20:23:35.445+0000] {logging_mixin.py:190} INFO - [2024-11-09T20:23:35.445+0000] {dag.py:4180} INFO - Setting next_dagrun for dataset_with_extra_by_context to 2024-11-08 00:00:00+00:00, run_after=2024-11-09 00:00:00+00:00
[2024-11-09T20:23:35.457+0000] {logging_mixin.py:190} INFO - [2024-11-09T20:23:35.457+0000] {dag.py:4180} INFO - Setting next_dagrun for dataset_with_extra_by_yield to 2024-11-08 00:00:00+00:00, run_after=2024-11-09 00:00:00+00:00
[2024-11-09T20:23:35.474+0000] {logging_mixin.py:190} INFO - [2024-11-09T20:23:35.474+0000] {dag.py:4180} INFO - Setting next_dagrun for dataset_with_extra_from_classic_operator to 2024-11-08 00:00:00+00:00, run_after=2024-11-09 00:00:00+00:00
[2024-11-09T20:23:35.546+0000] {processor.py:208} INFO - Processing /home/chirag/airflow/lib/python3.12/site-packages/airflow/example_dags/example_outlet_event_extra.py took 0.223 seconds
[2024-11-09T20:24:48.638+0000] {processor.py:186} INFO - Started process (PID=13052) to work on /home/chirag/airflow/lib/python3.12/site-packages/airflow/example_dags/example_outlet_event_extra.py
[2024-11-09T20:24:48.641+0000] {processor.py:914} INFO - Processing file /home/chirag/airflow/lib/python3.12/site-packages/airflow/example_dags/example_outlet_event_extra.py for tasks to queue
[2024-11-09T20:24:48.644+0000] {logging_mixin.py:190} INFO - [2024-11-09T20:24:48.644+0000] {dagbag.py:588} INFO - Filling up the DagBag from /home/chirag/airflow/lib/python3.12/site-packages/airflow/example_dags/example_outlet_event_extra.py
[2024-11-09T20:24:48.665+0000] {processor.py:925} INFO - DAG(s) 'dataset_with_extra_by_yield', 'dataset_with_extra_from_classic_operator', 'dataset_with_extra_by_context' retrieved from /home/chirag/airflow/lib/python3.12/site-packages/airflow/example_dags/example_outlet_event_extra.py
[2024-11-09T20:24:48.693+0000] {logging_mixin.py:190} INFO - [2024-11-09T20:24:48.693+0000] {dag.py:3239} INFO - Sync 3 DAGs
[2024-11-09T20:24:48.726+0000] {logging_mixin.py:190} INFO - [2024-11-09T20:24:48.725+0000] {dag.py:4180} INFO - Setting next_dagrun for dataset_with_extra_by_context to 2024-11-08 00:00:00+00:00, run_after=2024-11-09 00:00:00+00:00
[2024-11-09T20:24:48.732+0000] {logging_mixin.py:190} INFO - [2024-11-09T20:24:48.732+0000] {dag.py:4180} INFO - Setting next_dagrun for dataset_with_extra_by_yield to 2024-11-08 00:00:00+00:00, run_after=2024-11-09 00:00:00+00:00
[2024-11-09T20:24:48.737+0000] {logging_mixin.py:190} INFO - [2024-11-09T20:24:48.737+0000] {dag.py:4180} INFO - Setting next_dagrun for dataset_with_extra_from_classic_operator to 2024-11-08 00:00:00+00:00, run_after=2024-11-09 00:00:00+00:00
[2024-11-09T20:24:48.776+0000] {processor.py:208} INFO - Processing /home/chirag/airflow/lib/python3.12/site-packages/airflow/example_dags/example_outlet_event_extra.py took 0.145 seconds
[2024-11-09T20:26:23.370+0000] {processor.py:186} INFO - Started process (PID=13578) to work on /home/chirag/airflow/lib/python3.12/site-packages/airflow/example_dags/example_outlet_event_extra.py
[2024-11-09T20:26:23.373+0000] {processor.py:914} INFO - Processing file /home/chirag/airflow/lib/python3.12/site-packages/airflow/example_dags/example_outlet_event_extra.py for tasks to queue
[2024-11-09T20:26:23.377+0000] {logging_mixin.py:190} INFO - [2024-11-09T20:26:23.376+0000] {dagbag.py:588} INFO - Filling up the DagBag from /home/chirag/airflow/lib/python3.12/site-packages/airflow/example_dags/example_outlet_event_extra.py
[2024-11-09T20:26:23.417+0000] {processor.py:925} INFO - DAG(s) 'dataset_with_extra_by_context', 'dataset_with_extra_by_yield', 'dataset_with_extra_from_classic_operator' retrieved from /home/chirag/airflow/lib/python3.12/site-packages/airflow/example_dags/example_outlet_event_extra.py
[2024-11-09T20:26:23.477+0000] {logging_mixin.py:190} INFO - [2024-11-09T20:26:23.476+0000] {dag.py:3239} INFO - Sync 3 DAGs
[2024-11-09T20:26:23.511+0000] {logging_mixin.py:190} INFO - [2024-11-09T20:26:23.511+0000] {dag.py:4180} INFO - Setting next_dagrun for dataset_with_extra_by_context to 2024-11-08 00:00:00+00:00, run_after=2024-11-09 00:00:00+00:00
[2024-11-09T20:26:23.518+0000] {logging_mixin.py:190} INFO - [2024-11-09T20:26:23.517+0000] {dag.py:4180} INFO - Setting next_dagrun for dataset_with_extra_by_yield to 2024-11-08 00:00:00+00:00, run_after=2024-11-09 00:00:00+00:00
[2024-11-09T20:26:23.521+0000] {logging_mixin.py:190} INFO - [2024-11-09T20:26:23.521+0000] {dag.py:4180} INFO - Setting next_dagrun for dataset_with_extra_from_classic_operator to 2024-11-08 00:00:00+00:00, run_after=2024-11-09 00:00:00+00:00
[2024-11-09T20:26:23.567+0000] {processor.py:208} INFO - Processing /home/chirag/airflow/lib/python3.12/site-packages/airflow/example_dags/example_outlet_event_extra.py took 0.208 seconds
[2024-11-09T20:27:25.569+0000] {processor.py:186} INFO - Started process (PID=13841) to work on /home/chirag/airflow/lib/python3.12/site-packages/airflow/example_dags/example_outlet_event_extra.py
[2024-11-09T20:27:25.572+0000] {processor.py:914} INFO - Processing file /home/chirag/airflow/lib/python3.12/site-packages/airflow/example_dags/example_outlet_event_extra.py for tasks to queue
[2024-11-09T20:27:25.576+0000] {logging_mixin.py:190} INFO - [2024-11-09T20:27:25.575+0000] {dagbag.py:588} INFO - Filling up the DagBag from /home/chirag/airflow/lib/python3.12/site-packages/airflow/example_dags/example_outlet_event_extra.py
[2024-11-09T20:27:25.603+0000] {processor.py:925} INFO - DAG(s) 'dataset_with_extra_by_context', 'dataset_with_extra_by_yield', 'dataset_with_extra_from_classic_operator' retrieved from /home/chirag/airflow/lib/python3.12/site-packages/airflow/example_dags/example_outlet_event_extra.py
[2024-11-09T20:27:25.643+0000] {logging_mixin.py:190} INFO - [2024-11-09T20:27:25.642+0000] {dag.py:3239} INFO - Sync 3 DAGs
[2024-11-09T20:27:25.689+0000] {logging_mixin.py:190} INFO - [2024-11-09T20:27:25.688+0000] {dag.py:4180} INFO - Setting next_dagrun for dataset_with_extra_by_context to 2024-11-08 00:00:00+00:00, run_after=2024-11-09 00:00:00+00:00
[2024-11-09T20:27:25.699+0000] {logging_mixin.py:190} INFO - [2024-11-09T20:27:25.698+0000] {dag.py:4180} INFO - Setting next_dagrun for dataset_with_extra_by_yield to 2024-11-08 00:00:00+00:00, run_after=2024-11-09 00:00:00+00:00
[2024-11-09T20:27:25.703+0000] {logging_mixin.py:190} INFO - [2024-11-09T20:27:25.703+0000] {dag.py:4180} INFO - Setting next_dagrun for dataset_with_extra_from_classic_operator to 2024-11-08 00:00:00+00:00, run_after=2024-11-09 00:00:00+00:00
[2024-11-09T20:27:25.762+0000] {processor.py:208} INFO - Processing /home/chirag/airflow/lib/python3.12/site-packages/airflow/example_dags/example_outlet_event_extra.py took 0.203 seconds
[2024-11-09T20:29:00.957+0000] {processor.py:186} INFO - Started process (PID=14644) to work on /home/chirag/airflow/lib/python3.12/site-packages/airflow/example_dags/example_outlet_event_extra.py
[2024-11-09T20:29:00.963+0000] {processor.py:914} INFO - Processing file /home/chirag/airflow/lib/python3.12/site-packages/airflow/example_dags/example_outlet_event_extra.py for tasks to queue
[2024-11-09T20:29:00.966+0000] {logging_mixin.py:190} INFO - [2024-11-09T20:29:00.966+0000] {dagbag.py:588} INFO - Filling up the DagBag from /home/chirag/airflow/lib/python3.12/site-packages/airflow/example_dags/example_outlet_event_extra.py
[2024-11-09T20:29:00.987+0000] {processor.py:925} INFO - DAG(s) 'dataset_with_extra_by_context', 'dataset_with_extra_by_yield', 'dataset_with_extra_from_classic_operator' retrieved from /home/chirag/airflow/lib/python3.12/site-packages/airflow/example_dags/example_outlet_event_extra.py
[2024-11-09T20:29:01.025+0000] {logging_mixin.py:190} INFO - [2024-11-09T20:29:01.025+0000] {dag.py:3239} INFO - Sync 3 DAGs
[2024-11-09T20:29:01.576+0000] {logging_mixin.py:190} INFO - [2024-11-09T20:29:01.576+0000] {dag.py:4180} INFO - Setting next_dagrun for dataset_with_extra_by_context to 2024-11-08 00:00:00+00:00, run_after=2024-11-09 00:00:00+00:00
[2024-11-09T20:29:01.583+0000] {logging_mixin.py:190} INFO - [2024-11-09T20:29:01.583+0000] {dag.py:4180} INFO - Setting next_dagrun for dataset_with_extra_by_yield to 2024-11-08 00:00:00+00:00, run_after=2024-11-09 00:00:00+00:00
[2024-11-09T20:29:01.599+0000] {logging_mixin.py:190} INFO - [2024-11-09T20:29:01.599+0000] {dag.py:4180} INFO - Setting next_dagrun for dataset_with_extra_from_classic_operator to 2024-11-08 00:00:00+00:00, run_after=2024-11-09 00:00:00+00:00
[2024-11-09T20:29:01.676+0000] {processor.py:208} INFO - Processing /home/chirag/airflow/lib/python3.12/site-packages/airflow/example_dags/example_outlet_event_extra.py took 0.727 seconds
