[2024-11-09T19:16:34.724+0000] {processor.py:186} INFO - Started process (PID=94622) to work on /home/chirag/airflow/lib/python3.12/site-packages/airflow/example_dags/example_dataset_alias.py
[2024-11-09T19:16:34.726+0000] {processor.py:914} INFO - Processing file /home/chirag/airflow/lib/python3.12/site-packages/airflow/example_dags/example_dataset_alias.py for tasks to queue
[2024-11-09T19:16:34.729+0000] {logging_mixin.py:190} INFO - [2024-11-09T19:16:34.728+0000] {dagbag.py:588} INFO - Filling up the DagBag from /home/chirag/airflow/lib/python3.12/site-packages/airflow/example_dags/example_dataset_alias.py
[2024-11-09T19:16:34.764+0000] {processor.py:925} INFO - DAG(s) 'dataset_alias_example_alias_producer', 'dataset_s3_bucket_producer', 'dataset_s3_bucket_consumer', 'dataset_alias_example_alias_consumer' retrieved from /home/chirag/airflow/lib/python3.12/site-packages/airflow/example_dags/example_dataset_alias.py
[2024-11-09T19:16:36.023+0000] {logging_mixin.py:190} INFO - [2024-11-09T19:16:36.022+0000] {override.py:1911} INFO - Created Permission View: can delete on DAG:dataset_alias_example_alias_producer
[2024-11-09T19:16:36.049+0000] {logging_mixin.py:190} INFO - [2024-11-09T19:16:36.048+0000] {override.py:1911} INFO - Created Permission View: can read on DAG:dataset_alias_example_alias_producer
[2024-11-09T19:16:36.072+0000] {logging_mixin.py:190} INFO - [2024-11-09T19:16:36.071+0000] {override.py:1911} INFO - Created Permission View: can edit on DAG:dataset_alias_example_alias_producer
[2024-11-09T19:16:36.103+0000] {logging_mixin.py:190} INFO - [2024-11-09T19:16:36.102+0000] {override.py:1911} INFO - Created Permission View: menu access on DAG Run:dataset_alias_example_alias_producer
[2024-11-09T19:16:36.121+0000] {logging_mixin.py:190} INFO - [2024-11-09T19:16:36.120+0000] {override.py:1911} INFO - Created Permission View: can delete on DAG Run:dataset_alias_example_alias_producer
[2024-11-09T19:16:36.140+0000] {logging_mixin.py:190} INFO - [2024-11-09T19:16:36.140+0000] {override.py:1911} INFO - Created Permission View: can read on DAG Run:dataset_alias_example_alias_producer
[2024-11-09T19:16:36.156+0000] {logging_mixin.py:190} INFO - [2024-11-09T19:16:36.156+0000] {override.py:1911} INFO - Created Permission View: can create on DAG Run:dataset_alias_example_alias_producer
[2024-11-09T19:16:36.190+0000] {logging_mixin.py:190} INFO - [2024-11-09T19:16:36.189+0000] {override.py:1911} INFO - Created Permission View: can delete on DAG:dataset_s3_bucket_producer
[2024-11-09T19:16:36.212+0000] {logging_mixin.py:190} INFO - [2024-11-09T19:16:36.211+0000] {override.py:1911} INFO - Created Permission View: can read on DAG:dataset_s3_bucket_producer
[2024-11-09T19:16:36.232+0000] {logging_mixin.py:190} INFO - [2024-11-09T19:16:36.232+0000] {override.py:1911} INFO - Created Permission View: can edit on DAG:dataset_s3_bucket_producer
[2024-11-09T19:16:36.270+0000] {logging_mixin.py:190} INFO - [2024-11-09T19:16:36.270+0000] {override.py:1911} INFO - Created Permission View: menu access on DAG Run:dataset_s3_bucket_producer
[2024-11-09T19:16:36.291+0000] {logging_mixin.py:190} INFO - [2024-11-09T19:16:36.290+0000] {override.py:1911} INFO - Created Permission View: can delete on DAG Run:dataset_s3_bucket_producer
[2024-11-09T19:16:36.309+0000] {logging_mixin.py:190} INFO - [2024-11-09T19:16:36.308+0000] {override.py:1911} INFO - Created Permission View: can read on DAG Run:dataset_s3_bucket_producer
[2024-11-09T19:16:36.329+0000] {logging_mixin.py:190} INFO - [2024-11-09T19:16:36.328+0000] {override.py:1911} INFO - Created Permission View: can create on DAG Run:dataset_s3_bucket_producer
[2024-11-09T19:16:36.361+0000] {logging_mixin.py:190} INFO - [2024-11-09T19:16:36.360+0000] {override.py:1911} INFO - Created Permission View: can delete on DAG:dataset_s3_bucket_consumer
[2024-11-09T19:16:36.376+0000] {logging_mixin.py:190} INFO - [2024-11-09T19:16:36.376+0000] {override.py:1911} INFO - Created Permission View: can read on DAG:dataset_s3_bucket_consumer
[2024-11-09T19:16:36.393+0000] {logging_mixin.py:190} INFO - [2024-11-09T19:16:36.392+0000] {override.py:1911} INFO - Created Permission View: can edit on DAG:dataset_s3_bucket_consumer
[2024-11-09T19:16:36.418+0000] {logging_mixin.py:190} INFO - [2024-11-09T19:16:36.417+0000] {override.py:1911} INFO - Created Permission View: menu access on DAG Run:dataset_s3_bucket_consumer
[2024-11-09T19:16:36.433+0000] {logging_mixin.py:190} INFO - [2024-11-09T19:16:36.432+0000] {override.py:1911} INFO - Created Permission View: can delete on DAG Run:dataset_s3_bucket_consumer
[2024-11-09T19:16:36.448+0000] {logging_mixin.py:190} INFO - [2024-11-09T19:16:36.447+0000] {override.py:1911} INFO - Created Permission View: can read on DAG Run:dataset_s3_bucket_consumer
[2024-11-09T19:16:36.464+0000] {logging_mixin.py:190} INFO - [2024-11-09T19:16:36.463+0000] {override.py:1911} INFO - Created Permission View: can create on DAG Run:dataset_s3_bucket_consumer
[2024-11-09T19:16:36.498+0000] {logging_mixin.py:190} INFO - [2024-11-09T19:16:36.498+0000] {override.py:1911} INFO - Created Permission View: can delete on DAG:dataset_alias_example_alias_consumer
[2024-11-09T19:16:36.517+0000] {logging_mixin.py:190} INFO - [2024-11-09T19:16:36.516+0000] {override.py:1911} INFO - Created Permission View: can read on DAG:dataset_alias_example_alias_consumer
[2024-11-09T19:16:36.544+0000] {logging_mixin.py:190} INFO - [2024-11-09T19:16:36.543+0000] {override.py:1911} INFO - Created Permission View: can edit on DAG:dataset_alias_example_alias_consumer
[2024-11-09T19:16:36.583+0000] {logging_mixin.py:190} INFO - [2024-11-09T19:16:36.582+0000] {override.py:1911} INFO - Created Permission View: menu access on DAG Run:dataset_alias_example_alias_consumer
[2024-11-09T19:16:36.606+0000] {logging_mixin.py:190} INFO - [2024-11-09T19:16:36.606+0000] {override.py:1911} INFO - Created Permission View: can delete on DAG Run:dataset_alias_example_alias_consumer
[2024-11-09T19:16:36.658+0000] {logging_mixin.py:190} INFO - [2024-11-09T19:16:36.657+0000] {override.py:1911} INFO - Created Permission View: can read on DAG Run:dataset_alias_example_alias_consumer
[2024-11-09T19:16:36.735+0000] {logging_mixin.py:190} INFO - [2024-11-09T19:16:36.734+0000] {override.py:1911} INFO - Created Permission View: can create on DAG Run:dataset_alias_example_alias_consumer
[2024-11-09T19:16:36.737+0000] {logging_mixin.py:190} INFO - [2024-11-09T19:16:36.736+0000] {dag.py:3239} INFO - Sync 4 DAGs
[2024-11-09T19:16:36.793+0000] {logging_mixin.py:190} INFO - [2024-11-09T19:16:36.792+0000] {dag.py:3262} INFO - Creating ORM DAG for dataset_alias_example_alias_producer
[2024-11-09T19:16:36.795+0000] {logging_mixin.py:190} INFO - [2024-11-09T19:16:36.794+0000] {dag.py:3262} INFO - Creating ORM DAG for dataset_s3_bucket_consumer
[2024-11-09T19:16:36.796+0000] {logging_mixin.py:190} INFO - [2024-11-09T19:16:36.796+0000] {dag.py:3262} INFO - Creating ORM DAG for dataset_alias_example_alias_consumer
[2024-11-09T19:16:36.798+0000] {logging_mixin.py:190} INFO - [2024-11-09T19:16:36.797+0000] {dag.py:3262} INFO - Creating ORM DAG for dataset_s3_bucket_producer
[2024-11-09T19:16:36.820+0000] {logging_mixin.py:190} INFO - [2024-11-09T19:16:36.820+0000] {dag.py:4180} INFO - Setting next_dagrun for dataset_alias_example_alias_consumer to None, run_after=None
[2024-11-09T19:16:36.822+0000] {logging_mixin.py:190} INFO - [2024-11-09T19:16:36.821+0000] {dag.py:4180} INFO - Setting next_dagrun for dataset_alias_example_alias_producer to None, run_after=None
[2024-11-09T19:16:36.829+0000] {logging_mixin.py:190} INFO - [2024-11-09T19:16:36.828+0000] {dag.py:4180} INFO - Setting next_dagrun for dataset_s3_bucket_consumer to None, run_after=None
[2024-11-09T19:16:36.831+0000] {logging_mixin.py:190} INFO - [2024-11-09T19:16:36.830+0000] {dag.py:4180} INFO - Setting next_dagrun for dataset_s3_bucket_producer to None, run_after=None
[2024-11-09T19:16:36.927+0000] {processor.py:208} INFO - Processing /home/chirag/airflow/lib/python3.12/site-packages/airflow/example_dags/example_dataset_alias.py took 2.213 seconds
[2024-11-09T19:18:21.011+0000] {processor.py:186} INFO - Started process (PID=94820) to work on /home/chirag/airflow/lib/python3.12/site-packages/airflow/example_dags/example_dataset_alias.py
[2024-11-09T19:18:21.018+0000] {processor.py:914} INFO - Processing file /home/chirag/airflow/lib/python3.12/site-packages/airflow/example_dags/example_dataset_alias.py for tasks to queue
[2024-11-09T19:18:21.024+0000] {logging_mixin.py:190} INFO - [2024-11-09T19:18:21.023+0000] {dagbag.py:588} INFO - Filling up the DagBag from /home/chirag/airflow/lib/python3.12/site-packages/airflow/example_dags/example_dataset_alias.py
[2024-11-09T19:18:21.098+0000] {processor.py:925} INFO - DAG(s) 'dataset_s3_bucket_producer', 'dataset_alias_example_alias_consumer', 'dataset_s3_bucket_consumer', 'dataset_alias_example_alias_producer' retrieved from /home/chirag/airflow/lib/python3.12/site-packages/airflow/example_dags/example_dataset_alias.py
[2024-11-09T19:18:21.151+0000] {logging_mixin.py:190} INFO - [2024-11-09T19:18:21.150+0000] {dag.py:3239} INFO - Sync 4 DAGs
[2024-11-09T19:18:21.238+0000] {logging_mixin.py:190} INFO - [2024-11-09T19:18:21.237+0000] {dag.py:4180} INFO - Setting next_dagrun for dataset_alias_example_alias_consumer to None, run_after=None
[2024-11-09T19:18:21.251+0000] {logging_mixin.py:190} INFO - [2024-11-09T19:18:21.251+0000] {dag.py:4180} INFO - Setting next_dagrun for dataset_alias_example_alias_producer to None, run_after=None
[2024-11-09T19:18:21.254+0000] {logging_mixin.py:190} INFO - [2024-11-09T19:18:21.253+0000] {dag.py:4180} INFO - Setting next_dagrun for dataset_s3_bucket_consumer to None, run_after=None
[2024-11-09T19:18:21.257+0000] {logging_mixin.py:190} INFO - [2024-11-09T19:18:21.256+0000] {dag.py:4180} INFO - Setting next_dagrun for dataset_s3_bucket_producer to None, run_after=None
[2024-11-09T19:18:21.338+0000] {processor.py:208} INFO - Processing /home/chirag/airflow/lib/python3.12/site-packages/airflow/example_dags/example_dataset_alias.py took 0.348 seconds
[2024-11-09T19:27:45.814+0000] {processor.py:186} INFO - Started process (PID=463) to work on /home/chirag/airflow/lib/python3.12/site-packages/airflow/example_dags/example_dataset_alias.py
[2024-11-09T19:27:45.820+0000] {processor.py:914} INFO - Processing file /home/chirag/airflow/lib/python3.12/site-packages/airflow/example_dags/example_dataset_alias.py for tasks to queue
[2024-11-09T19:27:45.822+0000] {logging_mixin.py:190} INFO - [2024-11-09T19:27:45.822+0000] {dagbag.py:588} INFO - Filling up the DagBag from /home/chirag/airflow/lib/python3.12/site-packages/airflow/example_dags/example_dataset_alias.py
[2024-11-09T19:27:45.859+0000] {processor.py:925} INFO - DAG(s) 'dataset_alias_example_alias_producer', 'dataset_alias_example_alias_consumer', 'dataset_s3_bucket_producer', 'dataset_s3_bucket_consumer' retrieved from /home/chirag/airflow/lib/python3.12/site-packages/airflow/example_dags/example_dataset_alias.py
[2024-11-09T19:27:45.896+0000] {logging_mixin.py:190} INFO - [2024-11-09T19:27:45.896+0000] {dag.py:3239} INFO - Sync 4 DAGs
[2024-11-09T19:27:45.924+0000] {logging_mixin.py:190} INFO - [2024-11-09T19:27:45.923+0000] {dag.py:4180} INFO - Setting next_dagrun for dataset_alias_example_alias_consumer to None, run_after=None
[2024-11-09T19:27:45.927+0000] {logging_mixin.py:190} INFO - [2024-11-09T19:27:45.926+0000] {dag.py:4180} INFO - Setting next_dagrun for dataset_alias_example_alias_producer to None, run_after=None
[2024-11-09T19:27:45.928+0000] {logging_mixin.py:190} INFO - [2024-11-09T19:27:45.928+0000] {dag.py:4180} INFO - Setting next_dagrun for dataset_s3_bucket_consumer to None, run_after=None
[2024-11-09T19:27:45.929+0000] {logging_mixin.py:190} INFO - [2024-11-09T19:27:45.929+0000] {dag.py:4180} INFO - Setting next_dagrun for dataset_s3_bucket_producer to None, run_after=None
[2024-11-09T19:27:45.968+0000] {processor.py:208} INFO - Processing /home/chirag/airflow/lib/python3.12/site-packages/airflow/example_dags/example_dataset_alias.py took 0.162 seconds
[2024-11-09T19:28:51.508+0000] {processor.py:186} INFO - Started process (PID=525) to work on /home/chirag/airflow/lib/python3.12/site-packages/airflow/example_dags/example_dataset_alias.py
[2024-11-09T19:28:51.518+0000] {processor.py:914} INFO - Processing file /home/chirag/airflow/lib/python3.12/site-packages/airflow/example_dags/example_dataset_alias.py for tasks to queue
[2024-11-09T19:28:51.525+0000] {logging_mixin.py:190} INFO - [2024-11-09T19:28:51.524+0000] {dagbag.py:588} INFO - Filling up the DagBag from /home/chirag/airflow/lib/python3.12/site-packages/airflow/example_dags/example_dataset_alias.py
[2024-11-09T19:28:51.615+0000] {processor.py:925} INFO - DAG(s) 'dataset_s3_bucket_producer', 'dataset_alias_example_alias_consumer', 'dataset_s3_bucket_consumer', 'dataset_alias_example_alias_producer' retrieved from /home/chirag/airflow/lib/python3.12/site-packages/airflow/example_dags/example_dataset_alias.py
[2024-11-09T19:28:51.675+0000] {logging_mixin.py:190} INFO - [2024-11-09T19:28:51.675+0000] {dag.py:3239} INFO - Sync 4 DAGs
[2024-11-09T19:28:51.734+0000] {logging_mixin.py:190} INFO - [2024-11-09T19:28:51.733+0000] {dag.py:4180} INFO - Setting next_dagrun for dataset_alias_example_alias_consumer to None, run_after=None
[2024-11-09T19:28:51.740+0000] {logging_mixin.py:190} INFO - [2024-11-09T19:28:51.739+0000] {dag.py:4180} INFO - Setting next_dagrun for dataset_alias_example_alias_producer to None, run_after=None
[2024-11-09T19:28:51.743+0000] {logging_mixin.py:190} INFO - [2024-11-09T19:28:51.741+0000] {dag.py:4180} INFO - Setting next_dagrun for dataset_s3_bucket_consumer to None, run_after=None
[2024-11-09T19:28:51.744+0000] {logging_mixin.py:190} INFO - [2024-11-09T19:28:51.744+0000] {dag.py:4180} INFO - Setting next_dagrun for dataset_s3_bucket_producer to None, run_after=None
[2024-11-09T19:28:51.817+0000] {processor.py:208} INFO - Processing /home/chirag/airflow/lib/python3.12/site-packages/airflow/example_dags/example_dataset_alias.py took 0.329 seconds
[2024-11-09T19:30:05.727+0000] {processor.py:186} INFO - Started process (PID=621) to work on /home/chirag/airflow/lib/python3.12/site-packages/airflow/example_dags/example_dataset_alias.py
[2024-11-09T19:30:05.731+0000] {processor.py:914} INFO - Processing file /home/chirag/airflow/lib/python3.12/site-packages/airflow/example_dags/example_dataset_alias.py for tasks to queue
[2024-11-09T19:30:05.735+0000] {logging_mixin.py:190} INFO - [2024-11-09T19:30:05.734+0000] {dagbag.py:588} INFO - Filling up the DagBag from /home/chirag/airflow/lib/python3.12/site-packages/airflow/example_dags/example_dataset_alias.py
[2024-11-09T19:30:05.786+0000] {processor.py:925} INFO - DAG(s) 'dataset_s3_bucket_consumer', 'dataset_alias_example_alias_consumer', 'dataset_alias_example_alias_producer', 'dataset_s3_bucket_producer' retrieved from /home/chirag/airflow/lib/python3.12/site-packages/airflow/example_dags/example_dataset_alias.py
[2024-11-09T19:30:05.820+0000] {logging_mixin.py:190} INFO - [2024-11-09T19:30:05.820+0000] {dag.py:3239} INFO - Sync 4 DAGs
[2024-11-09T19:30:05.864+0000] {logging_mixin.py:190} INFO - [2024-11-09T19:30:05.864+0000] {dag.py:4180} INFO - Setting next_dagrun for dataset_alias_example_alias_consumer to None, run_after=None
[2024-11-09T19:30:05.868+0000] {logging_mixin.py:190} INFO - [2024-11-09T19:30:05.868+0000] {dag.py:4180} INFO - Setting next_dagrun for dataset_alias_example_alias_producer to None, run_after=None
[2024-11-09T19:30:05.870+0000] {logging_mixin.py:190} INFO - [2024-11-09T19:30:05.869+0000] {dag.py:4180} INFO - Setting next_dagrun for dataset_s3_bucket_consumer to None, run_after=None
[2024-11-09T19:30:05.871+0000] {logging_mixin.py:190} INFO - [2024-11-09T19:30:05.871+0000] {dag.py:4180} INFO - Setting next_dagrun for dataset_s3_bucket_producer to None, run_after=None
[2024-11-09T19:30:05.975+0000] {processor.py:208} INFO - Processing /home/chirag/airflow/lib/python3.12/site-packages/airflow/example_dags/example_dataset_alias.py took 0.265 seconds
[2024-11-09T19:31:24.187+0000] {processor.py:186} INFO - Started process (PID=688) to work on /home/chirag/airflow/lib/python3.12/site-packages/airflow/example_dags/example_dataset_alias.py
[2024-11-09T19:31:24.190+0000] {processor.py:914} INFO - Processing file /home/chirag/airflow/lib/python3.12/site-packages/airflow/example_dags/example_dataset_alias.py for tasks to queue
[2024-11-09T19:31:24.193+0000] {logging_mixin.py:190} INFO - [2024-11-09T19:31:24.192+0000] {dagbag.py:588} INFO - Filling up the DagBag from /home/chirag/airflow/lib/python3.12/site-packages/airflow/example_dags/example_dataset_alias.py
[2024-11-09T19:31:24.232+0000] {processor.py:925} INFO - DAG(s) 'dataset_s3_bucket_producer', 'dataset_s3_bucket_consumer', 'dataset_alias_example_alias_consumer', 'dataset_alias_example_alias_producer' retrieved from /home/chirag/airflow/lib/python3.12/site-packages/airflow/example_dags/example_dataset_alias.py
[2024-11-09T19:31:24.260+0000] {logging_mixin.py:190} INFO - [2024-11-09T19:31:24.260+0000] {dag.py:3239} INFO - Sync 4 DAGs
[2024-11-09T19:31:24.288+0000] {logging_mixin.py:190} INFO - [2024-11-09T19:31:24.288+0000] {dag.py:4180} INFO - Setting next_dagrun for dataset_alias_example_alias_consumer to None, run_after=None
[2024-11-09T19:31:24.291+0000] {logging_mixin.py:190} INFO - [2024-11-09T19:31:24.291+0000] {dag.py:4180} INFO - Setting next_dagrun for dataset_alias_example_alias_producer to None, run_after=None
[2024-11-09T19:31:24.293+0000] {logging_mixin.py:190} INFO - [2024-11-09T19:31:24.292+0000] {dag.py:4180} INFO - Setting next_dagrun for dataset_s3_bucket_consumer to None, run_after=None
[2024-11-09T19:31:24.294+0000] {logging_mixin.py:190} INFO - [2024-11-09T19:31:24.294+0000] {dag.py:4180} INFO - Setting next_dagrun for dataset_s3_bucket_producer to None, run_after=None
[2024-11-09T19:31:24.341+0000] {processor.py:208} INFO - Processing /home/chirag/airflow/lib/python3.12/site-packages/airflow/example_dags/example_dataset_alias.py took 0.162 seconds
[2024-11-09T19:33:06.572+0000] {processor.py:186} INFO - Started process (PID=1732) to work on /home/chirag/airflow/lib/python3.12/site-packages/airflow/example_dags/example_dataset_alias.py
[2024-11-09T19:33:06.579+0000] {processor.py:914} INFO - Processing file /home/chirag/airflow/lib/python3.12/site-packages/airflow/example_dags/example_dataset_alias.py for tasks to queue
[2024-11-09T19:33:06.583+0000] {logging_mixin.py:190} INFO - [2024-11-09T19:33:06.582+0000] {dagbag.py:588} INFO - Filling up the DagBag from /home/chirag/airflow/lib/python3.12/site-packages/airflow/example_dags/example_dataset_alias.py
[2024-11-09T19:33:06.638+0000] {processor.py:925} INFO - DAG(s) 'dataset_alias_example_alias_producer', 'dataset_s3_bucket_producer', 'dataset_alias_example_alias_consumer', 'dataset_s3_bucket_consumer' retrieved from /home/chirag/airflow/lib/python3.12/site-packages/airflow/example_dags/example_dataset_alias.py
[2024-11-09T19:33:06.674+0000] {logging_mixin.py:190} INFO - [2024-11-09T19:33:06.674+0000] {dag.py:3239} INFO - Sync 4 DAGs
[2024-11-09T19:33:06.710+0000] {logging_mixin.py:190} INFO - [2024-11-09T19:33:06.710+0000] {dag.py:4180} INFO - Setting next_dagrun for dataset_alias_example_alias_consumer to None, run_after=None
[2024-11-09T19:33:06.713+0000] {logging_mixin.py:190} INFO - [2024-11-09T19:33:06.713+0000] {dag.py:4180} INFO - Setting next_dagrun for dataset_alias_example_alias_producer to None, run_after=None
[2024-11-09T19:33:06.715+0000] {logging_mixin.py:190} INFO - [2024-11-09T19:33:06.715+0000] {dag.py:4180} INFO - Setting next_dagrun for dataset_s3_bucket_consumer to None, run_after=None
[2024-11-09T19:33:06.716+0000] {logging_mixin.py:190} INFO - [2024-11-09T19:33:06.716+0000] {dag.py:4180} INFO - Setting next_dagrun for dataset_s3_bucket_producer to None, run_after=None
[2024-11-09T19:33:06.752+0000] {processor.py:208} INFO - Processing /home/chirag/airflow/lib/python3.12/site-packages/airflow/example_dags/example_dataset_alias.py took 0.220 seconds
[2024-11-09T19:34:22.757+0000] {processor.py:186} INFO - Started process (PID=2242) to work on /home/chirag/airflow/lib/python3.12/site-packages/airflow/example_dags/example_dataset_alias.py
[2024-11-09T19:34:22.760+0000] {processor.py:914} INFO - Processing file /home/chirag/airflow/lib/python3.12/site-packages/airflow/example_dags/example_dataset_alias.py for tasks to queue
[2024-11-09T19:34:22.763+0000] {logging_mixin.py:190} INFO - [2024-11-09T19:34:22.763+0000] {dagbag.py:588} INFO - Filling up the DagBag from /home/chirag/airflow/lib/python3.12/site-packages/airflow/example_dags/example_dataset_alias.py
[2024-11-09T19:34:22.802+0000] {processor.py:925} INFO - DAG(s) 'dataset_s3_bucket_producer', 'dataset_s3_bucket_consumer', 'dataset_alias_example_alias_consumer', 'dataset_alias_example_alias_producer' retrieved from /home/chirag/airflow/lib/python3.12/site-packages/airflow/example_dags/example_dataset_alias.py
[2024-11-09T19:34:22.838+0000] {logging_mixin.py:190} INFO - [2024-11-09T19:34:22.837+0000] {dag.py:3239} INFO - Sync 4 DAGs
[2024-11-09T19:34:23.030+0000] {logging_mixin.py:190} INFO - [2024-11-09T19:34:23.029+0000] {dag.py:4180} INFO - Setting next_dagrun for dataset_alias_example_alias_consumer to None, run_after=None
[2024-11-09T19:34:23.033+0000] {logging_mixin.py:190} INFO - [2024-11-09T19:34:23.033+0000] {dag.py:4180} INFO - Setting next_dagrun for dataset_alias_example_alias_producer to None, run_after=None
[2024-11-09T19:34:23.035+0000] {logging_mixin.py:190} INFO - [2024-11-09T19:34:23.035+0000] {dag.py:4180} INFO - Setting next_dagrun for dataset_s3_bucket_consumer to None, run_after=None
[2024-11-09T19:34:23.037+0000] {logging_mixin.py:190} INFO - [2024-11-09T19:34:23.036+0000] {dag.py:4180} INFO - Setting next_dagrun for dataset_s3_bucket_producer to None, run_after=None
[2024-11-09T19:34:23.085+0000] {processor.py:208} INFO - Processing /home/chirag/airflow/lib/python3.12/site-packages/airflow/example_dags/example_dataset_alias.py took 0.336 seconds
[2024-11-09T19:35:49.009+0000] {processor.py:186} INFO - Started process (PID=2714) to work on /home/chirag/airflow/lib/python3.12/site-packages/airflow/example_dags/example_dataset_alias.py
[2024-11-09T19:35:49.016+0000] {processor.py:914} INFO - Processing file /home/chirag/airflow/lib/python3.12/site-packages/airflow/example_dags/example_dataset_alias.py for tasks to queue
[2024-11-09T19:35:49.020+0000] {logging_mixin.py:190} INFO - [2024-11-09T19:35:49.020+0000] {dagbag.py:588} INFO - Filling up the DagBag from /home/chirag/airflow/lib/python3.12/site-packages/airflow/example_dags/example_dataset_alias.py
[2024-11-09T19:35:49.099+0000] {processor.py:925} INFO - DAG(s) 'dataset_alias_example_alias_consumer', 'dataset_alias_example_alias_producer', 'dataset_s3_bucket_consumer', 'dataset_s3_bucket_producer' retrieved from /home/chirag/airflow/lib/python3.12/site-packages/airflow/example_dags/example_dataset_alias.py
[2024-11-09T19:35:49.269+0000] {logging_mixin.py:190} INFO - [2024-11-09T19:35:49.268+0000] {dag.py:3239} INFO - Sync 4 DAGs
[2024-11-09T19:35:49.462+0000] {logging_mixin.py:190} INFO - [2024-11-09T19:35:49.461+0000] {dag.py:4180} INFO - Setting next_dagrun for dataset_alias_example_alias_consumer to None, run_after=None
[2024-11-09T19:35:49.490+0000] {logging_mixin.py:190} INFO - [2024-11-09T19:35:49.490+0000] {dag.py:4180} INFO - Setting next_dagrun for dataset_alias_example_alias_producer to None, run_after=None
[2024-11-09T19:35:49.494+0000] {logging_mixin.py:190} INFO - [2024-11-09T19:35:49.493+0000] {dag.py:4180} INFO - Setting next_dagrun for dataset_s3_bucket_consumer to None, run_after=None
[2024-11-09T19:35:49.509+0000] {logging_mixin.py:190} INFO - [2024-11-09T19:35:49.508+0000] {dag.py:4180} INFO - Setting next_dagrun for dataset_s3_bucket_producer to None, run_after=None
[2024-11-09T19:35:49.718+0000] {processor.py:208} INFO - Processing /home/chirag/airflow/lib/python3.12/site-packages/airflow/example_dags/example_dataset_alias.py took 0.734 seconds
[2024-11-09T19:37:08.460+0000] {processor.py:186} INFO - Started process (PID=2928) to work on /home/chirag/airflow/lib/python3.12/site-packages/airflow/example_dags/example_dataset_alias.py
[2024-11-09T19:37:08.463+0000] {processor.py:914} INFO - Processing file /home/chirag/airflow/lib/python3.12/site-packages/airflow/example_dags/example_dataset_alias.py for tasks to queue
[2024-11-09T19:37:08.466+0000] {logging_mixin.py:190} INFO - [2024-11-09T19:37:08.466+0000] {dagbag.py:588} INFO - Filling up the DagBag from /home/chirag/airflow/lib/python3.12/site-packages/airflow/example_dags/example_dataset_alias.py
[2024-11-09T19:37:08.501+0000] {processor.py:925} INFO - DAG(s) 'dataset_s3_bucket_consumer', 'dataset_alias_example_alias_consumer', 'dataset_s3_bucket_producer', 'dataset_alias_example_alias_producer' retrieved from /home/chirag/airflow/lib/python3.12/site-packages/airflow/example_dags/example_dataset_alias.py
[2024-11-09T19:37:08.528+0000] {logging_mixin.py:190} INFO - [2024-11-09T19:37:08.528+0000] {dag.py:3239} INFO - Sync 4 DAGs
[2024-11-09T19:37:08.561+0000] {logging_mixin.py:190} INFO - [2024-11-09T19:37:08.561+0000] {dag.py:4180} INFO - Setting next_dagrun for dataset_alias_example_alias_consumer to None, run_after=None
[2024-11-09T19:37:08.564+0000] {logging_mixin.py:190} INFO - [2024-11-09T19:37:08.564+0000] {dag.py:4180} INFO - Setting next_dagrun for dataset_alias_example_alias_producer to None, run_after=None
[2024-11-09T19:37:08.566+0000] {logging_mixin.py:190} INFO - [2024-11-09T19:37:08.565+0000] {dag.py:4180} INFO - Setting next_dagrun for dataset_s3_bucket_consumer to None, run_after=None
[2024-11-09T19:37:08.567+0000] {logging_mixin.py:190} INFO - [2024-11-09T19:37:08.567+0000] {dag.py:4180} INFO - Setting next_dagrun for dataset_s3_bucket_producer to None, run_after=None
[2024-11-09T19:37:08.611+0000] {processor.py:208} INFO - Processing /home/chirag/airflow/lib/python3.12/site-packages/airflow/example_dags/example_dataset_alias.py took 0.159 seconds
[2024-11-09T19:38:19.118+0000] {processor.py:186} INFO - Started process (PID=3251) to work on /home/chirag/airflow/lib/python3.12/site-packages/airflow/example_dags/example_dataset_alias.py
[2024-11-09T19:38:19.193+0000] {processor.py:914} INFO - Processing file /home/chirag/airflow/lib/python3.12/site-packages/airflow/example_dags/example_dataset_alias.py for tasks to queue
[2024-11-09T19:38:19.199+0000] {logging_mixin.py:190} INFO - [2024-11-09T19:38:19.198+0000] {dagbag.py:588} INFO - Filling up the DagBag from /home/chirag/airflow/lib/python3.12/site-packages/airflow/example_dags/example_dataset_alias.py
[2024-11-09T19:38:19.332+0000] {processor.py:925} INFO - DAG(s) 'dataset_alias_example_alias_consumer', 'dataset_s3_bucket_producer', 'dataset_s3_bucket_consumer', 'dataset_alias_example_alias_producer' retrieved from /home/chirag/airflow/lib/python3.12/site-packages/airflow/example_dags/example_dataset_alias.py
[2024-11-09T19:38:19.405+0000] {logging_mixin.py:190} INFO - [2024-11-09T19:38:19.404+0000] {dag.py:3239} INFO - Sync 4 DAGs
[2024-11-09T19:38:19.442+0000] {logging_mixin.py:190} INFO - [2024-11-09T19:38:19.442+0000] {dag.py:4180} INFO - Setting next_dagrun for dataset_alias_example_alias_consumer to None, run_after=None
[2024-11-09T19:38:19.445+0000] {logging_mixin.py:190} INFO - [2024-11-09T19:38:19.445+0000] {dag.py:4180} INFO - Setting next_dagrun for dataset_alias_example_alias_producer to None, run_after=None
[2024-11-09T19:38:19.447+0000] {logging_mixin.py:190} INFO - [2024-11-09T19:38:19.447+0000] {dag.py:4180} INFO - Setting next_dagrun for dataset_s3_bucket_consumer to None, run_after=None
[2024-11-09T19:38:19.448+0000] {logging_mixin.py:190} INFO - [2024-11-09T19:38:19.448+0000] {dag.py:4180} INFO - Setting next_dagrun for dataset_s3_bucket_producer to None, run_after=None
[2024-11-09T19:38:19.488+0000] {processor.py:208} INFO - Processing /home/chirag/airflow/lib/python3.12/site-packages/airflow/example_dags/example_dataset_alias.py took 0.417 seconds
[2024-11-09T19:39:42.215+0000] {processor.py:186} INFO - Started process (PID=3537) to work on /home/chirag/airflow/lib/python3.12/site-packages/airflow/example_dags/example_dataset_alias.py
[2024-11-09T19:39:42.227+0000] {processor.py:914} INFO - Processing file /home/chirag/airflow/lib/python3.12/site-packages/airflow/example_dags/example_dataset_alias.py for tasks to queue
[2024-11-09T19:39:42.230+0000] {logging_mixin.py:190} INFO - [2024-11-09T19:39:42.230+0000] {dagbag.py:588} INFO - Filling up the DagBag from /home/chirag/airflow/lib/python3.12/site-packages/airflow/example_dags/example_dataset_alias.py
[2024-11-09T19:39:42.266+0000] {processor.py:925} INFO - DAG(s) 'dataset_alias_example_alias_consumer', 'dataset_s3_bucket_consumer', 'dataset_alias_example_alias_producer', 'dataset_s3_bucket_producer' retrieved from /home/chirag/airflow/lib/python3.12/site-packages/airflow/example_dags/example_dataset_alias.py
[2024-11-09T19:39:42.294+0000] {logging_mixin.py:190} INFO - [2024-11-09T19:39:42.294+0000] {dag.py:3239} INFO - Sync 4 DAGs
[2024-11-09T19:39:42.324+0000] {logging_mixin.py:190} INFO - [2024-11-09T19:39:42.324+0000] {dag.py:4180} INFO - Setting next_dagrun for dataset_alias_example_alias_consumer to None, run_after=None
[2024-11-09T19:39:42.328+0000] {logging_mixin.py:190} INFO - [2024-11-09T19:39:42.327+0000] {dag.py:4180} INFO - Setting next_dagrun for dataset_alias_example_alias_producer to None, run_after=None
[2024-11-09T19:39:42.329+0000] {logging_mixin.py:190} INFO - [2024-11-09T19:39:42.329+0000] {dag.py:4180} INFO - Setting next_dagrun for dataset_s3_bucket_consumer to None, run_after=None
[2024-11-09T19:39:42.331+0000] {logging_mixin.py:190} INFO - [2024-11-09T19:39:42.331+0000] {dag.py:4180} INFO - Setting next_dagrun for dataset_s3_bucket_producer to None, run_after=None
[2024-11-09T19:39:42.389+0000] {processor.py:208} INFO - Processing /home/chirag/airflow/lib/python3.12/site-packages/airflow/example_dags/example_dataset_alias.py took 0.182 seconds
[2024-11-09T19:40:58.303+0000] {processor.py:186} INFO - Started process (PID=3746) to work on /home/chirag/airflow/lib/python3.12/site-packages/airflow/example_dags/example_dataset_alias.py
[2024-11-09T19:40:58.306+0000] {processor.py:914} INFO - Processing file /home/chirag/airflow/lib/python3.12/site-packages/airflow/example_dags/example_dataset_alias.py for tasks to queue
[2024-11-09T19:40:58.309+0000] {logging_mixin.py:190} INFO - [2024-11-09T19:40:58.309+0000] {dagbag.py:588} INFO - Filling up the DagBag from /home/chirag/airflow/lib/python3.12/site-packages/airflow/example_dags/example_dataset_alias.py
[2024-11-09T19:40:58.344+0000] {processor.py:925} INFO - DAG(s) 'dataset_s3_bucket_producer', 'dataset_alias_example_alias_consumer', 'dataset_alias_example_alias_producer', 'dataset_s3_bucket_consumer' retrieved from /home/chirag/airflow/lib/python3.12/site-packages/airflow/example_dags/example_dataset_alias.py
[2024-11-09T19:40:58.372+0000] {logging_mixin.py:190} INFO - [2024-11-09T19:40:58.371+0000] {dag.py:3239} INFO - Sync 4 DAGs
[2024-11-09T19:40:58.405+0000] {logging_mixin.py:190} INFO - [2024-11-09T19:40:58.405+0000] {dag.py:4180} INFO - Setting next_dagrun for dataset_alias_example_alias_consumer to None, run_after=None
[2024-11-09T19:40:58.408+0000] {logging_mixin.py:190} INFO - [2024-11-09T19:40:58.408+0000] {dag.py:4180} INFO - Setting next_dagrun for dataset_alias_example_alias_producer to None, run_after=None
[2024-11-09T19:40:58.410+0000] {logging_mixin.py:190} INFO - [2024-11-09T19:40:58.410+0000] {dag.py:4180} INFO - Setting next_dagrun for dataset_s3_bucket_consumer to None, run_after=None
[2024-11-09T19:40:58.411+0000] {logging_mixin.py:190} INFO - [2024-11-09T19:40:58.411+0000] {dag.py:4180} INFO - Setting next_dagrun for dataset_s3_bucket_producer to None, run_after=None
[2024-11-09T19:40:58.456+0000] {processor.py:208} INFO - Processing /home/chirag/airflow/lib/python3.12/site-packages/airflow/example_dags/example_dataset_alias.py took 0.161 seconds
[2024-11-09T19:42:14.063+0000] {processor.py:186} INFO - Started process (PID=3961) to work on /home/chirag/airflow/lib/python3.12/site-packages/airflow/example_dags/example_dataset_alias.py
[2024-11-09T19:42:14.066+0000] {processor.py:914} INFO - Processing file /home/chirag/airflow/lib/python3.12/site-packages/airflow/example_dags/example_dataset_alias.py for tasks to queue
[2024-11-09T19:42:14.069+0000] {logging_mixin.py:190} INFO - [2024-11-09T19:42:14.069+0000] {dagbag.py:588} INFO - Filling up the DagBag from /home/chirag/airflow/lib/python3.12/site-packages/airflow/example_dags/example_dataset_alias.py
[2024-11-09T19:42:14.105+0000] {processor.py:925} INFO - DAG(s) 'dataset_s3_bucket_consumer', 'dataset_alias_example_alias_consumer', 'dataset_s3_bucket_producer', 'dataset_alias_example_alias_producer' retrieved from /home/chirag/airflow/lib/python3.12/site-packages/airflow/example_dags/example_dataset_alias.py
[2024-11-09T19:42:14.133+0000] {logging_mixin.py:190} INFO - [2024-11-09T19:42:14.133+0000] {dag.py:3239} INFO - Sync 4 DAGs
[2024-11-09T19:42:14.166+0000] {logging_mixin.py:190} INFO - [2024-11-09T19:42:14.166+0000] {dag.py:4180} INFO - Setting next_dagrun for dataset_alias_example_alias_consumer to None, run_after=None
[2024-11-09T19:42:14.169+0000] {logging_mixin.py:190} INFO - [2024-11-09T19:42:14.169+0000] {dag.py:4180} INFO - Setting next_dagrun for dataset_alias_example_alias_producer to None, run_after=None
[2024-11-09T19:42:14.171+0000] {logging_mixin.py:190} INFO - [2024-11-09T19:42:14.171+0000] {dag.py:4180} INFO - Setting next_dagrun for dataset_s3_bucket_consumer to None, run_after=None
[2024-11-09T19:42:14.172+0000] {logging_mixin.py:190} INFO - [2024-11-09T19:42:14.172+0000] {dag.py:4180} INFO - Setting next_dagrun for dataset_s3_bucket_producer to None, run_after=None
[2024-11-09T19:42:14.217+0000] {processor.py:208} INFO - Processing /home/chirag/airflow/lib/python3.12/site-packages/airflow/example_dags/example_dataset_alias.py took 0.163 seconds
[2024-11-09T19:43:36.386+0000] {processor.py:186} INFO - Started process (PID=4200) to work on /home/chirag/airflow/lib/python3.12/site-packages/airflow/example_dags/example_dataset_alias.py
[2024-11-09T19:43:36.389+0000] {processor.py:914} INFO - Processing file /home/chirag/airflow/lib/python3.12/site-packages/airflow/example_dags/example_dataset_alias.py for tasks to queue
[2024-11-09T19:43:36.397+0000] {logging_mixin.py:190} INFO - [2024-11-09T19:43:36.397+0000] {dagbag.py:588} INFO - Filling up the DagBag from /home/chirag/airflow/lib/python3.12/site-packages/airflow/example_dags/example_dataset_alias.py
[2024-11-09T19:43:36.456+0000] {processor.py:925} INFO - DAG(s) 'dataset_alias_example_alias_producer', 'dataset_s3_bucket_consumer', 'dataset_s3_bucket_producer', 'dataset_alias_example_alias_consumer' retrieved from /home/chirag/airflow/lib/python3.12/site-packages/airflow/example_dags/example_dataset_alias.py
[2024-11-09T19:43:36.516+0000] {logging_mixin.py:190} INFO - [2024-11-09T19:43:36.515+0000] {dag.py:3239} INFO - Sync 4 DAGs
[2024-11-09T19:43:36.568+0000] {logging_mixin.py:190} INFO - [2024-11-09T19:43:36.568+0000] {dag.py:4180} INFO - Setting next_dagrun for dataset_alias_example_alias_consumer to None, run_after=None
[2024-11-09T19:43:36.574+0000] {logging_mixin.py:190} INFO - [2024-11-09T19:43:36.574+0000] {dag.py:4180} INFO - Setting next_dagrun for dataset_alias_example_alias_producer to None, run_after=None
[2024-11-09T19:43:36.577+0000] {logging_mixin.py:190} INFO - [2024-11-09T19:43:36.576+0000] {dag.py:4180} INFO - Setting next_dagrun for dataset_s3_bucket_consumer to None, run_after=None
[2024-11-09T19:43:36.579+0000] {logging_mixin.py:190} INFO - [2024-11-09T19:43:36.579+0000] {dag.py:4180} INFO - Setting next_dagrun for dataset_s3_bucket_producer to None, run_after=None
[2024-11-09T19:43:36.661+0000] {processor.py:208} INFO - Processing /home/chirag/airflow/lib/python3.12/site-packages/airflow/example_dags/example_dataset_alias.py took 0.290 seconds
[2024-11-09T19:44:45.439+0000] {processor.py:186} INFO - Started process (PID=4402) to work on /home/chirag/airflow/lib/python3.12/site-packages/airflow/example_dags/example_dataset_alias.py
[2024-11-09T19:44:45.442+0000] {processor.py:914} INFO - Processing file /home/chirag/airflow/lib/python3.12/site-packages/airflow/example_dags/example_dataset_alias.py for tasks to queue
[2024-11-09T19:44:45.445+0000] {logging_mixin.py:190} INFO - [2024-11-09T19:44:45.445+0000] {dagbag.py:588} INFO - Filling up the DagBag from /home/chirag/airflow/lib/python3.12/site-packages/airflow/example_dags/example_dataset_alias.py
[2024-11-09T19:44:45.480+0000] {processor.py:925} INFO - DAG(s) 'dataset_s3_bucket_producer', 'dataset_s3_bucket_consumer', 'dataset_alias_example_alias_producer', 'dataset_alias_example_alias_consumer' retrieved from /home/chirag/airflow/lib/python3.12/site-packages/airflow/example_dags/example_dataset_alias.py
[2024-11-09T19:44:45.508+0000] {logging_mixin.py:190} INFO - [2024-11-09T19:44:45.507+0000] {dag.py:3239} INFO - Sync 4 DAGs
[2024-11-09T19:44:45.539+0000] {logging_mixin.py:190} INFO - [2024-11-09T19:44:45.539+0000] {dag.py:4180} INFO - Setting next_dagrun for dataset_alias_example_alias_consumer to None, run_after=None
[2024-11-09T19:44:45.543+0000] {logging_mixin.py:190} INFO - [2024-11-09T19:44:45.542+0000] {dag.py:4180} INFO - Setting next_dagrun for dataset_alias_example_alias_producer to None, run_after=None
[2024-11-09T19:44:45.544+0000] {logging_mixin.py:190} INFO - [2024-11-09T19:44:45.544+0000] {dag.py:4180} INFO - Setting next_dagrun for dataset_s3_bucket_consumer to None, run_after=None
[2024-11-09T19:44:45.546+0000] {logging_mixin.py:190} INFO - [2024-11-09T19:44:45.545+0000] {dag.py:4180} INFO - Setting next_dagrun for dataset_s3_bucket_producer to None, run_after=None
[2024-11-09T19:44:45.587+0000] {processor.py:208} INFO - Processing /home/chirag/airflow/lib/python3.12/site-packages/airflow/example_dags/example_dataset_alias.py took 0.157 seconds
[2024-11-09T19:46:32.729+0000] {processor.py:186} INFO - Started process (PID=4706) to work on /home/chirag/airflow/lib/python3.12/site-packages/airflow/example_dags/example_dataset_alias.py
[2024-11-09T19:46:32.732+0000] {processor.py:914} INFO - Processing file /home/chirag/airflow/lib/python3.12/site-packages/airflow/example_dags/example_dataset_alias.py for tasks to queue
[2024-11-09T19:46:32.735+0000] {logging_mixin.py:190} INFO - [2024-11-09T19:46:32.735+0000] {dagbag.py:588} INFO - Filling up the DagBag from /home/chirag/airflow/lib/python3.12/site-packages/airflow/example_dags/example_dataset_alias.py
[2024-11-09T19:46:32.771+0000] {processor.py:925} INFO - DAG(s) 'dataset_alias_example_alias_producer', 'dataset_alias_example_alias_consumer', 'dataset_s3_bucket_producer', 'dataset_s3_bucket_consumer' retrieved from /home/chirag/airflow/lib/python3.12/site-packages/airflow/example_dags/example_dataset_alias.py
[2024-11-09T19:46:32.806+0000] {logging_mixin.py:190} INFO - [2024-11-09T19:46:32.805+0000] {dag.py:3239} INFO - Sync 4 DAGs
[2024-11-09T19:46:32.856+0000] {logging_mixin.py:190} INFO - [2024-11-09T19:46:32.856+0000] {dag.py:4180} INFO - Setting next_dagrun for dataset_alias_example_alias_consumer to None, run_after=None
[2024-11-09T19:46:32.860+0000] {logging_mixin.py:190} INFO - [2024-11-09T19:46:32.860+0000] {dag.py:4180} INFO - Setting next_dagrun for dataset_alias_example_alias_producer to None, run_after=None
[2024-11-09T19:46:32.862+0000] {logging_mixin.py:190} INFO - [2024-11-09T19:46:32.861+0000] {dag.py:4180} INFO - Setting next_dagrun for dataset_s3_bucket_consumer to None, run_after=None
[2024-11-09T19:46:32.863+0000] {logging_mixin.py:190} INFO - [2024-11-09T19:46:32.863+0000] {dag.py:4180} INFO - Setting next_dagrun for dataset_s3_bucket_producer to None, run_after=None
[2024-11-09T19:46:32.921+0000] {processor.py:208} INFO - Processing /home/chirag/airflow/lib/python3.12/site-packages/airflow/example_dags/example_dataset_alias.py took 0.203 seconds
[2024-11-09T19:47:45.302+0000] {processor.py:186} INFO - Started process (PID=4954) to work on /home/chirag/airflow/lib/python3.12/site-packages/airflow/example_dags/example_dataset_alias.py
[2024-11-09T19:47:45.308+0000] {processor.py:914} INFO - Processing file /home/chirag/airflow/lib/python3.12/site-packages/airflow/example_dags/example_dataset_alias.py for tasks to queue
[2024-11-09T19:47:45.312+0000] {logging_mixin.py:190} INFO - [2024-11-09T19:47:45.311+0000] {dagbag.py:588} INFO - Filling up the DagBag from /home/chirag/airflow/lib/python3.12/site-packages/airflow/example_dags/example_dataset_alias.py
[2024-11-09T19:47:45.372+0000] {processor.py:925} INFO - DAG(s) 'dataset_alias_example_alias_consumer', 'dataset_alias_example_alias_producer', 'dataset_s3_bucket_consumer', 'dataset_s3_bucket_producer' retrieved from /home/chirag/airflow/lib/python3.12/site-packages/airflow/example_dags/example_dataset_alias.py
[2024-11-09T19:47:45.456+0000] {logging_mixin.py:190} INFO - [2024-11-09T19:47:45.455+0000] {dag.py:3239} INFO - Sync 4 DAGs
[2024-11-09T19:47:45.539+0000] {logging_mixin.py:190} INFO - [2024-11-09T19:47:45.539+0000] {dag.py:4180} INFO - Setting next_dagrun for dataset_alias_example_alias_consumer to None, run_after=None
[2024-11-09T19:47:45.547+0000] {logging_mixin.py:190} INFO - [2024-11-09T19:47:45.547+0000] {dag.py:4180} INFO - Setting next_dagrun for dataset_alias_example_alias_producer to None, run_after=None
[2024-11-09T19:47:45.551+0000] {logging_mixin.py:190} INFO - [2024-11-09T19:47:45.550+0000] {dag.py:4180} INFO - Setting next_dagrun for dataset_s3_bucket_consumer to None, run_after=None
[2024-11-09T19:47:45.554+0000] {logging_mixin.py:190} INFO - [2024-11-09T19:47:45.553+0000] {dag.py:4180} INFO - Setting next_dagrun for dataset_s3_bucket_producer to None, run_after=None
[2024-11-09T19:47:45.634+0000] {processor.py:208} INFO - Processing /home/chirag/airflow/lib/python3.12/site-packages/airflow/example_dags/example_dataset_alias.py took 0.346 seconds
[2024-11-09T19:48:38.471+0000] {processor.py:186} INFO - Started process (PID=5107) to work on /home/chirag/airflow/lib/python3.12/site-packages/airflow/example_dags/example_dataset_alias.py
[2024-11-09T19:48:38.475+0000] {processor.py:914} INFO - Processing file /home/chirag/airflow/lib/python3.12/site-packages/airflow/example_dags/example_dataset_alias.py for tasks to queue
[2024-11-09T19:48:38.479+0000] {logging_mixin.py:190} INFO - [2024-11-09T19:48:38.478+0000] {dagbag.py:588} INFO - Filling up the DagBag from /home/chirag/airflow/lib/python3.12/site-packages/airflow/example_dags/example_dataset_alias.py
[2024-11-09T19:48:38.523+0000] {processor.py:925} INFO - DAG(s) 'dataset_alias_example_alias_producer', 'dataset_alias_example_alias_consumer', 'dataset_s3_bucket_producer', 'dataset_s3_bucket_consumer' retrieved from /home/chirag/airflow/lib/python3.12/site-packages/airflow/example_dags/example_dataset_alias.py
[2024-11-09T19:48:38.553+0000] {logging_mixin.py:190} INFO - [2024-11-09T19:48:38.552+0000] {dag.py:3239} INFO - Sync 4 DAGs
[2024-11-09T19:48:38.592+0000] {logging_mixin.py:190} INFO - [2024-11-09T19:48:38.592+0000] {dag.py:4180} INFO - Setting next_dagrun for dataset_alias_example_alias_consumer to None, run_after=None
[2024-11-09T19:48:38.596+0000] {logging_mixin.py:190} INFO - [2024-11-09T19:48:38.596+0000] {dag.py:4180} INFO - Setting next_dagrun for dataset_alias_example_alias_producer to None, run_after=None
[2024-11-09T19:48:38.601+0000] {logging_mixin.py:190} INFO - [2024-11-09T19:48:38.599+0000] {dag.py:4180} INFO - Setting next_dagrun for dataset_s3_bucket_consumer to None, run_after=None
[2024-11-09T19:48:38.605+0000] {logging_mixin.py:190} INFO - [2024-11-09T19:48:38.605+0000] {dag.py:4180} INFO - Setting next_dagrun for dataset_s3_bucket_producer to None, run_after=None
[2024-11-09T19:48:38.690+0000] {processor.py:208} INFO - Processing /home/chirag/airflow/lib/python3.12/site-packages/airflow/example_dags/example_dataset_alias.py took 0.230 seconds
[2024-11-09T19:49:52.591+0000] {processor.py:186} INFO - Started process (PID=5403) to work on /home/chirag/airflow/lib/python3.12/site-packages/airflow/example_dags/example_dataset_alias.py
[2024-11-09T19:49:52.596+0000] {processor.py:914} INFO - Processing file /home/chirag/airflow/lib/python3.12/site-packages/airflow/example_dags/example_dataset_alias.py for tasks to queue
[2024-11-09T19:49:52.601+0000] {logging_mixin.py:190} INFO - [2024-11-09T19:49:52.600+0000] {dagbag.py:588} INFO - Filling up the DagBag from /home/chirag/airflow/lib/python3.12/site-packages/airflow/example_dags/example_dataset_alias.py
[2024-11-09T19:49:52.642+0000] {processor.py:925} INFO - DAG(s) 'dataset_s3_bucket_consumer', 'dataset_s3_bucket_producer', 'dataset_alias_example_alias_producer', 'dataset_alias_example_alias_consumer' retrieved from /home/chirag/airflow/lib/python3.12/site-packages/airflow/example_dags/example_dataset_alias.py
[2024-11-09T19:49:52.677+0000] {logging_mixin.py:190} INFO - [2024-11-09T19:49:52.676+0000] {dag.py:3239} INFO - Sync 4 DAGs
[2024-11-09T19:49:52.706+0000] {logging_mixin.py:190} INFO - [2024-11-09T19:49:52.706+0000] {dag.py:4180} INFO - Setting next_dagrun for dataset_alias_example_alias_consumer to None, run_after=None
[2024-11-09T19:49:52.709+0000] {logging_mixin.py:190} INFO - [2024-11-09T19:49:52.709+0000] {dag.py:4180} INFO - Setting next_dagrun for dataset_alias_example_alias_producer to None, run_after=None
[2024-11-09T19:49:52.711+0000] {logging_mixin.py:190} INFO - [2024-11-09T19:49:52.711+0000] {dag.py:4180} INFO - Setting next_dagrun for dataset_s3_bucket_consumer to None, run_after=None
[2024-11-09T19:49:52.712+0000] {logging_mixin.py:190} INFO - [2024-11-09T19:49:52.712+0000] {dag.py:4180} INFO - Setting next_dagrun for dataset_s3_bucket_producer to None, run_after=None
[2024-11-09T19:49:52.756+0000] {processor.py:208} INFO - Processing /home/chirag/airflow/lib/python3.12/site-packages/airflow/example_dags/example_dataset_alias.py took 0.181 seconds
[2024-11-09T19:51:03.066+0000] {processor.py:186} INFO - Started process (PID=5984) to work on /home/chirag/airflow/lib/python3.12/site-packages/airflow/example_dags/example_dataset_alias.py
[2024-11-09T19:51:03.068+0000] {processor.py:914} INFO - Processing file /home/chirag/airflow/lib/python3.12/site-packages/airflow/example_dags/example_dataset_alias.py for tasks to queue
[2024-11-09T19:51:03.073+0000] {logging_mixin.py:190} INFO - [2024-11-09T19:51:03.072+0000] {dagbag.py:588} INFO - Filling up the DagBag from /home/chirag/airflow/lib/python3.12/site-packages/airflow/example_dags/example_dataset_alias.py
[2024-11-09T19:51:03.111+0000] {processor.py:925} INFO - DAG(s) 'dataset_alias_example_alias_producer', 'dataset_s3_bucket_producer', 'dataset_alias_example_alias_consumer', 'dataset_s3_bucket_consumer' retrieved from /home/chirag/airflow/lib/python3.12/site-packages/airflow/example_dags/example_dataset_alias.py
[2024-11-09T19:51:03.139+0000] {logging_mixin.py:190} INFO - [2024-11-09T19:51:03.139+0000] {dag.py:3239} INFO - Sync 4 DAGs
[2024-11-09T19:51:03.167+0000] {logging_mixin.py:190} INFO - [2024-11-09T19:51:03.167+0000] {dag.py:4180} INFO - Setting next_dagrun for dataset_alias_example_alias_consumer to None, run_after=None
[2024-11-09T19:51:03.170+0000] {logging_mixin.py:190} INFO - [2024-11-09T19:51:03.170+0000] {dag.py:4180} INFO - Setting next_dagrun for dataset_alias_example_alias_producer to None, run_after=None
[2024-11-09T19:51:03.172+0000] {logging_mixin.py:190} INFO - [2024-11-09T19:51:03.171+0000] {dag.py:4180} INFO - Setting next_dagrun for dataset_s3_bucket_consumer to None, run_after=None
[2024-11-09T19:51:03.173+0000] {logging_mixin.py:190} INFO - [2024-11-09T19:51:03.173+0000] {dag.py:4180} INFO - Setting next_dagrun for dataset_s3_bucket_producer to None, run_after=None
[2024-11-09T19:51:03.212+0000] {processor.py:208} INFO - Processing /home/chirag/airflow/lib/python3.12/site-packages/airflow/example_dags/example_dataset_alias.py took 0.155 seconds
[2024-11-09T19:52:35.386+0000] {processor.py:186} INFO - Started process (PID=6386) to work on /home/chirag/airflow/lib/python3.12/site-packages/airflow/example_dags/example_dataset_alias.py
[2024-11-09T19:52:35.389+0000] {processor.py:914} INFO - Processing file /home/chirag/airflow/lib/python3.12/site-packages/airflow/example_dags/example_dataset_alias.py for tasks to queue
[2024-11-09T19:52:35.394+0000] {logging_mixin.py:190} INFO - [2024-11-09T19:52:35.393+0000] {dagbag.py:588} INFO - Filling up the DagBag from /home/chirag/airflow/lib/python3.12/site-packages/airflow/example_dags/example_dataset_alias.py
[2024-11-09T19:52:35.441+0000] {processor.py:925} INFO - DAG(s) 'dataset_s3_bucket_consumer', 'dataset_s3_bucket_producer', 'dataset_alias_example_alias_consumer', 'dataset_alias_example_alias_producer' retrieved from /home/chirag/airflow/lib/python3.12/site-packages/airflow/example_dags/example_dataset_alias.py
[2024-11-09T19:52:35.507+0000] {logging_mixin.py:190} INFO - [2024-11-09T19:52:35.505+0000] {dag.py:3239} INFO - Sync 4 DAGs
[2024-11-09T19:52:35.608+0000] {logging_mixin.py:190} INFO - [2024-11-09T19:52:35.607+0000] {dag.py:4180} INFO - Setting next_dagrun for dataset_alias_example_alias_consumer to None, run_after=None
[2024-11-09T19:52:35.613+0000] {logging_mixin.py:190} INFO - [2024-11-09T19:52:35.613+0000] {dag.py:4180} INFO - Setting next_dagrun for dataset_alias_example_alias_producer to None, run_after=None
[2024-11-09T19:52:35.619+0000] {logging_mixin.py:190} INFO - [2024-11-09T19:52:35.618+0000] {dag.py:4180} INFO - Setting next_dagrun for dataset_s3_bucket_consumer to None, run_after=None
[2024-11-09T19:52:35.623+0000] {logging_mixin.py:190} INFO - [2024-11-09T19:52:35.621+0000] {dag.py:4180} INFO - Setting next_dagrun for dataset_s3_bucket_producer to None, run_after=None
[2024-11-09T19:52:35.725+0000] {processor.py:208} INFO - Processing /home/chirag/airflow/lib/python3.12/site-packages/airflow/example_dags/example_dataset_alias.py took 0.350 seconds
[2024-11-09T19:54:04.451+0000] {processor.py:186} INFO - Started process (PID=6966) to work on /home/chirag/airflow/lib/python3.12/site-packages/airflow/example_dags/example_dataset_alias.py
[2024-11-09T19:54:04.457+0000] {processor.py:914} INFO - Processing file /home/chirag/airflow/lib/python3.12/site-packages/airflow/example_dags/example_dataset_alias.py for tasks to queue
[2024-11-09T19:54:04.461+0000] {logging_mixin.py:190} INFO - [2024-11-09T19:54:04.461+0000] {dagbag.py:588} INFO - Filling up the DagBag from /home/chirag/airflow/lib/python3.12/site-packages/airflow/example_dags/example_dataset_alias.py
[2024-11-09T19:54:04.496+0000] {processor.py:925} INFO - DAG(s) 'dataset_alias_example_alias_producer', 'dataset_s3_bucket_producer', 'dataset_s3_bucket_consumer', 'dataset_alias_example_alias_consumer' retrieved from /home/chirag/airflow/lib/python3.12/site-packages/airflow/example_dags/example_dataset_alias.py
[2024-11-09T19:54:04.524+0000] {logging_mixin.py:190} INFO - [2024-11-09T19:54:04.524+0000] {dag.py:3239} INFO - Sync 4 DAGs
[2024-11-09T19:54:04.558+0000] {logging_mixin.py:190} INFO - [2024-11-09T19:54:04.557+0000] {dag.py:4180} INFO - Setting next_dagrun for dataset_alias_example_alias_consumer to None, run_after=None
[2024-11-09T19:54:04.561+0000] {logging_mixin.py:190} INFO - [2024-11-09T19:54:04.561+0000] {dag.py:4180} INFO - Setting next_dagrun for dataset_alias_example_alias_producer to None, run_after=None
[2024-11-09T19:54:04.562+0000] {logging_mixin.py:190} INFO - [2024-11-09T19:54:04.562+0000] {dag.py:4180} INFO - Setting next_dagrun for dataset_s3_bucket_consumer to None, run_after=None
[2024-11-09T19:54:04.564+0000] {logging_mixin.py:190} INFO - [2024-11-09T19:54:04.563+0000] {dag.py:4180} INFO - Setting next_dagrun for dataset_s3_bucket_producer to None, run_after=None
[2024-11-09T19:54:04.621+0000] {processor.py:208} INFO - Processing /home/chirag/airflow/lib/python3.12/site-packages/airflow/example_dags/example_dataset_alias.py took 0.178 seconds
[2024-11-09T19:55:20.920+0000] {processor.py:186} INFO - Started process (PID=7590) to work on /home/chirag/airflow/lib/python3.12/site-packages/airflow/example_dags/example_dataset_alias.py
[2024-11-09T19:55:20.926+0000] {processor.py:914} INFO - Processing file /home/chirag/airflow/lib/python3.12/site-packages/airflow/example_dags/example_dataset_alias.py for tasks to queue
[2024-11-09T19:55:20.930+0000] {logging_mixin.py:190} INFO - [2024-11-09T19:55:20.929+0000] {dagbag.py:588} INFO - Filling up the DagBag from /home/chirag/airflow/lib/python3.12/site-packages/airflow/example_dags/example_dataset_alias.py
[2024-11-09T19:55:20.966+0000] {processor.py:925} INFO - DAG(s) 'dataset_alias_example_alias_consumer', 'dataset_s3_bucket_producer', 'dataset_s3_bucket_consumer', 'dataset_alias_example_alias_producer' retrieved from /home/chirag/airflow/lib/python3.12/site-packages/airflow/example_dags/example_dataset_alias.py
[2024-11-09T19:55:20.994+0000] {logging_mixin.py:190} INFO - [2024-11-09T19:55:20.994+0000] {dag.py:3239} INFO - Sync 4 DAGs
[2024-11-09T19:55:21.029+0000] {logging_mixin.py:190} INFO - [2024-11-09T19:55:21.028+0000] {dag.py:4180} INFO - Setting next_dagrun for dataset_alias_example_alias_consumer to None, run_after=None
[2024-11-09T19:55:21.032+0000] {logging_mixin.py:190} INFO - [2024-11-09T19:55:21.031+0000] {dag.py:4180} INFO - Setting next_dagrun for dataset_alias_example_alias_producer to None, run_after=None
[2024-11-09T19:55:21.033+0000] {logging_mixin.py:190} INFO - [2024-11-09T19:55:21.033+0000] {dag.py:4180} INFO - Setting next_dagrun for dataset_s3_bucket_consumer to None, run_after=None
[2024-11-09T19:55:21.035+0000] {logging_mixin.py:190} INFO - [2024-11-09T19:55:21.035+0000] {dag.py:4180} INFO - Setting next_dagrun for dataset_s3_bucket_producer to None, run_after=None
[2024-11-09T19:55:21.072+0000] {processor.py:208} INFO - Processing /home/chirag/airflow/lib/python3.12/site-packages/airflow/example_dags/example_dataset_alias.py took 0.162 seconds
[2024-11-09T19:56:50.835+0000] {processor.py:186} INFO - Started process (PID=8013) to work on /home/chirag/airflow/lib/python3.12/site-packages/airflow/example_dags/example_dataset_alias.py
[2024-11-09T19:56:50.851+0000] {processor.py:914} INFO - Processing file /home/chirag/airflow/lib/python3.12/site-packages/airflow/example_dags/example_dataset_alias.py for tasks to queue
[2024-11-09T19:56:50.857+0000] {logging_mixin.py:190} INFO - [2024-11-09T19:56:50.856+0000] {dagbag.py:588} INFO - Filling up the DagBag from /home/chirag/airflow/lib/python3.12/site-packages/airflow/example_dags/example_dataset_alias.py
[2024-11-09T19:56:50.973+0000] {processor.py:925} INFO - DAG(s) 'dataset_alias_example_alias_producer', 'dataset_s3_bucket_producer', 'dataset_s3_bucket_consumer', 'dataset_alias_example_alias_consumer' retrieved from /home/chirag/airflow/lib/python3.12/site-packages/airflow/example_dags/example_dataset_alias.py
[2024-11-09T19:56:51.147+0000] {logging_mixin.py:190} INFO - [2024-11-09T19:56:51.147+0000] {dag.py:3239} INFO - Sync 4 DAGs
[2024-11-09T19:56:51.271+0000] {logging_mixin.py:190} INFO - [2024-11-09T19:56:51.270+0000] {dag.py:4180} INFO - Setting next_dagrun for dataset_alias_example_alias_consumer to None, run_after=None
[2024-11-09T19:56:51.287+0000] {logging_mixin.py:190} INFO - [2024-11-09T19:56:51.287+0000] {dag.py:4180} INFO - Setting next_dagrun for dataset_alias_example_alias_producer to None, run_after=None
[2024-11-09T19:56:51.291+0000] {logging_mixin.py:190} INFO - [2024-11-09T19:56:51.290+0000] {dag.py:4180} INFO - Setting next_dagrun for dataset_s3_bucket_consumer to None, run_after=None
[2024-11-09T19:56:51.299+0000] {logging_mixin.py:190} INFO - [2024-11-09T19:56:51.298+0000] {dag.py:4180} INFO - Setting next_dagrun for dataset_s3_bucket_producer to None, run_after=None
[2024-11-09T19:56:51.342+0000] {processor.py:208} INFO - Processing /home/chirag/airflow/lib/python3.12/site-packages/airflow/example_dags/example_dataset_alias.py took 0.553 seconds
[2024-11-09T19:57:52.473+0000] {processor.py:186} INFO - Started process (PID=8214) to work on /home/chirag/airflow/lib/python3.12/site-packages/airflow/example_dags/example_dataset_alias.py
[2024-11-09T19:57:52.476+0000] {processor.py:914} INFO - Processing file /home/chirag/airflow/lib/python3.12/site-packages/airflow/example_dags/example_dataset_alias.py for tasks to queue
[2024-11-09T19:57:52.479+0000] {logging_mixin.py:190} INFO - [2024-11-09T19:57:52.478+0000] {dagbag.py:588} INFO - Filling up the DagBag from /home/chirag/airflow/lib/python3.12/site-packages/airflow/example_dags/example_dataset_alias.py
[2024-11-09T19:57:52.517+0000] {processor.py:925} INFO - DAG(s) 'dataset_alias_example_alias_producer', 'dataset_s3_bucket_consumer', 'dataset_alias_example_alias_consumer', 'dataset_s3_bucket_producer' retrieved from /home/chirag/airflow/lib/python3.12/site-packages/airflow/example_dags/example_dataset_alias.py
[2024-11-09T19:57:52.544+0000] {logging_mixin.py:190} INFO - [2024-11-09T19:57:52.544+0000] {dag.py:3239} INFO - Sync 4 DAGs
[2024-11-09T19:57:52.577+0000] {logging_mixin.py:190} INFO - [2024-11-09T19:57:52.577+0000] {dag.py:4180} INFO - Setting next_dagrun for dataset_alias_example_alias_consumer to None, run_after=None
[2024-11-09T19:57:52.581+0000] {logging_mixin.py:190} INFO - [2024-11-09T19:57:52.580+0000] {dag.py:4180} INFO - Setting next_dagrun for dataset_alias_example_alias_producer to None, run_after=None
[2024-11-09T19:57:52.582+0000] {logging_mixin.py:190} INFO - [2024-11-09T19:57:52.582+0000] {dag.py:4180} INFO - Setting next_dagrun for dataset_s3_bucket_consumer to None, run_after=None
[2024-11-09T19:57:52.583+0000] {logging_mixin.py:190} INFO - [2024-11-09T19:57:52.583+0000] {dag.py:4180} INFO - Setting next_dagrun for dataset_s3_bucket_producer to None, run_after=None
[2024-11-09T19:57:52.625+0000] {processor.py:208} INFO - Processing /home/chirag/airflow/lib/python3.12/site-packages/airflow/example_dags/example_dataset_alias.py took 0.161 seconds
[2024-11-09T19:58:52.159+0000] {processor.py:186} INFO - Started process (PID=8502) to work on /home/chirag/airflow/lib/python3.12/site-packages/airflow/example_dags/example_dataset_alias.py
[2024-11-09T19:58:52.162+0000] {processor.py:914} INFO - Processing file /home/chirag/airflow/lib/python3.12/site-packages/airflow/example_dags/example_dataset_alias.py for tasks to queue
[2024-11-09T19:58:52.169+0000] {logging_mixin.py:190} INFO - [2024-11-09T19:58:52.167+0000] {dagbag.py:588} INFO - Filling up the DagBag from /home/chirag/airflow/lib/python3.12/site-packages/airflow/example_dags/example_dataset_alias.py
[2024-11-09T19:58:52.249+0000] {processor.py:925} INFO - DAG(s) 'dataset_alias_example_alias_producer', 'dataset_s3_bucket_consumer', 'dataset_alias_example_alias_consumer', 'dataset_s3_bucket_producer' retrieved from /home/chirag/airflow/lib/python3.12/site-packages/airflow/example_dags/example_dataset_alias.py
[2024-11-09T19:58:52.342+0000] {logging_mixin.py:190} INFO - [2024-11-09T19:58:52.341+0000] {dag.py:3239} INFO - Sync 4 DAGs
[2024-11-09T19:58:52.428+0000] {logging_mixin.py:190} INFO - [2024-11-09T19:58:52.427+0000] {dag.py:4180} INFO - Setting next_dagrun for dataset_alias_example_alias_consumer to None, run_after=None
[2024-11-09T19:58:52.438+0000] {logging_mixin.py:190} INFO - [2024-11-09T19:58:52.438+0000] {dag.py:4180} INFO - Setting next_dagrun for dataset_alias_example_alias_producer to None, run_after=None
[2024-11-09T19:58:52.441+0000] {logging_mixin.py:190} INFO - [2024-11-09T19:58:52.440+0000] {dag.py:4180} INFO - Setting next_dagrun for dataset_s3_bucket_consumer to None, run_after=None
[2024-11-09T19:58:52.444+0000] {logging_mixin.py:190} INFO - [2024-11-09T19:58:52.444+0000] {dag.py:4180} INFO - Setting next_dagrun for dataset_s3_bucket_producer to None, run_after=None
[2024-11-09T19:58:52.837+0000] {processor.py:208} INFO - Processing /home/chirag/airflow/lib/python3.12/site-packages/airflow/example_dags/example_dataset_alias.py took 0.696 seconds
[2024-11-09T20:22:26.647+0000] {processor.py:186} INFO - Started process (PID=12645) to work on /home/chirag/airflow/lib/python3.12/site-packages/airflow/example_dags/example_dataset_alias.py
[2024-11-09T20:22:26.652+0000] {processor.py:914} INFO - Processing file /home/chirag/airflow/lib/python3.12/site-packages/airflow/example_dags/example_dataset_alias.py for tasks to queue
[2024-11-09T20:22:26.656+0000] {logging_mixin.py:190} INFO - [2024-11-09T20:22:26.655+0000] {dagbag.py:588} INFO - Filling up the DagBag from /home/chirag/airflow/lib/python3.12/site-packages/airflow/example_dags/example_dataset_alias.py
[2024-11-09T20:22:26.785+0000] {processor.py:925} INFO - DAG(s) 'dataset_s3_bucket_consumer', 'dataset_alias_example_alias_producer', 'dataset_alias_example_alias_consumer', 'dataset_s3_bucket_producer' retrieved from /home/chirag/airflow/lib/python3.12/site-packages/airflow/example_dags/example_dataset_alias.py
[2024-11-09T20:22:26.855+0000] {logging_mixin.py:190} INFO - [2024-11-09T20:22:26.854+0000] {dag.py:3239} INFO - Sync 4 DAGs
[2024-11-09T20:22:26.893+0000] {logging_mixin.py:190} INFO - [2024-11-09T20:22:26.892+0000] {dag.py:4180} INFO - Setting next_dagrun for dataset_alias_example_alias_consumer to None, run_after=None
[2024-11-09T20:22:26.897+0000] {logging_mixin.py:190} INFO - [2024-11-09T20:22:26.896+0000] {dag.py:4180} INFO - Setting next_dagrun for dataset_alias_example_alias_producer to None, run_after=None
[2024-11-09T20:22:26.899+0000] {logging_mixin.py:190} INFO - [2024-11-09T20:22:26.898+0000] {dag.py:4180} INFO - Setting next_dagrun for dataset_s3_bucket_consumer to None, run_after=None
[2024-11-09T20:22:26.900+0000] {logging_mixin.py:190} INFO - [2024-11-09T20:22:26.900+0000] {dag.py:4180} INFO - Setting next_dagrun for dataset_s3_bucket_producer to None, run_after=None
[2024-11-09T20:22:26.964+0000] {processor.py:208} INFO - Processing /home/chirag/airflow/lib/python3.12/site-packages/airflow/example_dags/example_dataset_alias.py took 0.327 seconds
[2024-11-09T20:23:33.913+0000] {processor.py:186} INFO - Started process (PID=12843) to work on /home/chirag/airflow/lib/python3.12/site-packages/airflow/example_dags/example_dataset_alias.py
[2024-11-09T20:23:33.916+0000] {processor.py:914} INFO - Processing file /home/chirag/airflow/lib/python3.12/site-packages/airflow/example_dags/example_dataset_alias.py for tasks to queue
[2024-11-09T20:23:33.922+0000] {logging_mixin.py:190} INFO - [2024-11-09T20:23:33.921+0000] {dagbag.py:588} INFO - Filling up the DagBag from /home/chirag/airflow/lib/python3.12/site-packages/airflow/example_dags/example_dataset_alias.py
[2024-11-09T20:23:33.980+0000] {processor.py:925} INFO - DAG(s) 'dataset_alias_example_alias_producer', 'dataset_s3_bucket_producer', 'dataset_s3_bucket_consumer', 'dataset_alias_example_alias_consumer' retrieved from /home/chirag/airflow/lib/python3.12/site-packages/airflow/example_dags/example_dataset_alias.py
[2024-11-09T20:23:34.023+0000] {logging_mixin.py:190} INFO - [2024-11-09T20:23:34.023+0000] {dag.py:3239} INFO - Sync 4 DAGs
[2024-11-09T20:23:34.061+0000] {logging_mixin.py:190} INFO - [2024-11-09T20:23:34.061+0000] {dag.py:4180} INFO - Setting next_dagrun for dataset_alias_example_alias_consumer to None, run_after=None
[2024-11-09T20:23:34.066+0000] {logging_mixin.py:190} INFO - [2024-11-09T20:23:34.065+0000] {dag.py:4180} INFO - Setting next_dagrun for dataset_alias_example_alias_producer to None, run_after=None
[2024-11-09T20:23:34.069+0000] {logging_mixin.py:190} INFO - [2024-11-09T20:23:34.068+0000] {dag.py:4180} INFO - Setting next_dagrun for dataset_s3_bucket_consumer to None, run_after=None
[2024-11-09T20:23:34.070+0000] {logging_mixin.py:190} INFO - [2024-11-09T20:23:34.070+0000] {dag.py:4180} INFO - Setting next_dagrun for dataset_s3_bucket_producer to None, run_after=None
[2024-11-09T20:23:34.114+0000] {processor.py:208} INFO - Processing /home/chirag/airflow/lib/python3.12/site-packages/airflow/example_dags/example_dataset_alias.py took 0.215 seconds
[2024-11-09T20:24:46.570+0000] {processor.py:186} INFO - Started process (PID=13045) to work on /home/chirag/airflow/lib/python3.12/site-packages/airflow/example_dags/example_dataset_alias.py
[2024-11-09T20:24:46.574+0000] {processor.py:914} INFO - Processing file /home/chirag/airflow/lib/python3.12/site-packages/airflow/example_dags/example_dataset_alias.py for tasks to queue
[2024-11-09T20:24:46.577+0000] {logging_mixin.py:190} INFO - [2024-11-09T20:24:46.576+0000] {dagbag.py:588} INFO - Filling up the DagBag from /home/chirag/airflow/lib/python3.12/site-packages/airflow/example_dags/example_dataset_alias.py
[2024-11-09T20:24:46.612+0000] {processor.py:925} INFO - DAG(s) 'dataset_alias_example_alias_consumer', 'dataset_alias_example_alias_producer', 'dataset_s3_bucket_producer', 'dataset_s3_bucket_consumer' retrieved from /home/chirag/airflow/lib/python3.12/site-packages/airflow/example_dags/example_dataset_alias.py
[2024-11-09T20:24:46.640+0000] {logging_mixin.py:190} INFO - [2024-11-09T20:24:46.640+0000] {dag.py:3239} INFO - Sync 4 DAGs
[2024-11-09T20:24:46.674+0000] {logging_mixin.py:190} INFO - [2024-11-09T20:24:46.673+0000] {dag.py:4180} INFO - Setting next_dagrun for dataset_alias_example_alias_consumer to None, run_after=None
[2024-11-09T20:24:46.677+0000] {logging_mixin.py:190} INFO - [2024-11-09T20:24:46.677+0000] {dag.py:4180} INFO - Setting next_dagrun for dataset_alias_example_alias_producer to None, run_after=None
[2024-11-09T20:24:46.678+0000] {logging_mixin.py:190} INFO - [2024-11-09T20:24:46.678+0000] {dag.py:4180} INFO - Setting next_dagrun for dataset_s3_bucket_consumer to None, run_after=None
[2024-11-09T20:24:46.680+0000] {logging_mixin.py:190} INFO - [2024-11-09T20:24:46.680+0000] {dag.py:4180} INFO - Setting next_dagrun for dataset_s3_bucket_producer to None, run_after=None
[2024-11-09T20:24:46.728+0000] {processor.py:208} INFO - Processing /home/chirag/airflow/lib/python3.12/site-packages/airflow/example_dags/example_dataset_alias.py took 0.166 seconds
[2024-11-09T20:26:22.110+0000] {processor.py:186} INFO - Started process (PID=13571) to work on /home/chirag/airflow/lib/python3.12/site-packages/airflow/example_dags/example_dataset_alias.py
[2024-11-09T20:26:22.113+0000] {processor.py:914} INFO - Processing file /home/chirag/airflow/lib/python3.12/site-packages/airflow/example_dags/example_dataset_alias.py for tasks to queue
[2024-11-09T20:26:22.116+0000] {logging_mixin.py:190} INFO - [2024-11-09T20:26:22.115+0000] {dagbag.py:588} INFO - Filling up the DagBag from /home/chirag/airflow/lib/python3.12/site-packages/airflow/example_dags/example_dataset_alias.py
[2024-11-09T20:26:22.152+0000] {processor.py:925} INFO - DAG(s) 'dataset_alias_example_alias_producer', 'dataset_s3_bucket_producer', 'dataset_s3_bucket_consumer', 'dataset_alias_example_alias_consumer' retrieved from /home/chirag/airflow/lib/python3.12/site-packages/airflow/example_dags/example_dataset_alias.py
[2024-11-09T20:26:22.179+0000] {logging_mixin.py:190} INFO - [2024-11-09T20:26:22.179+0000] {dag.py:3239} INFO - Sync 4 DAGs
[2024-11-09T20:26:22.210+0000] {logging_mixin.py:190} INFO - [2024-11-09T20:26:22.210+0000] {dag.py:4180} INFO - Setting next_dagrun for dataset_alias_example_alias_consumer to None, run_after=None
[2024-11-09T20:26:22.213+0000] {logging_mixin.py:190} INFO - [2024-11-09T20:26:22.213+0000] {dag.py:4180} INFO - Setting next_dagrun for dataset_alias_example_alias_producer to None, run_after=None
[2024-11-09T20:26:22.214+0000] {logging_mixin.py:190} INFO - [2024-11-09T20:26:22.214+0000] {dag.py:4180} INFO - Setting next_dagrun for dataset_s3_bucket_consumer to None, run_after=None
[2024-11-09T20:26:22.216+0000] {logging_mixin.py:190} INFO - [2024-11-09T20:26:22.216+0000] {dag.py:4180} INFO - Setting next_dagrun for dataset_s3_bucket_producer to None, run_after=None
[2024-11-09T20:26:22.256+0000] {processor.py:208} INFO - Processing /home/chirag/airflow/lib/python3.12/site-packages/airflow/example_dags/example_dataset_alias.py took 0.155 seconds
[2024-11-09T20:27:24.314+0000] {processor.py:186} INFO - Started process (PID=13840) to work on /home/chirag/airflow/lib/python3.12/site-packages/airflow/example_dags/example_dataset_alias.py
[2024-11-09T20:27:24.317+0000] {processor.py:914} INFO - Processing file /home/chirag/airflow/lib/python3.12/site-packages/airflow/example_dags/example_dataset_alias.py for tasks to queue
[2024-11-09T20:27:24.320+0000] {logging_mixin.py:190} INFO - [2024-11-09T20:27:24.319+0000] {dagbag.py:588} INFO - Filling up the DagBag from /home/chirag/airflow/lib/python3.12/site-packages/airflow/example_dags/example_dataset_alias.py
[2024-11-09T20:27:24.354+0000] {processor.py:925} INFO - DAG(s) 'dataset_alias_example_alias_producer', 'dataset_s3_bucket_consumer', 'dataset_s3_bucket_producer', 'dataset_alias_example_alias_consumer' retrieved from /home/chirag/airflow/lib/python3.12/site-packages/airflow/example_dags/example_dataset_alias.py
[2024-11-09T20:27:24.382+0000] {logging_mixin.py:190} INFO - [2024-11-09T20:27:24.382+0000] {dag.py:3239} INFO - Sync 4 DAGs
[2024-11-09T20:27:24.413+0000] {logging_mixin.py:190} INFO - [2024-11-09T20:27:24.413+0000] {dag.py:4180} INFO - Setting next_dagrun for dataset_alias_example_alias_consumer to None, run_after=None
[2024-11-09T20:27:24.416+0000] {logging_mixin.py:190} INFO - [2024-11-09T20:27:24.416+0000] {dag.py:4180} INFO - Setting next_dagrun for dataset_alias_example_alias_producer to None, run_after=None
[2024-11-09T20:27:24.418+0000] {logging_mixin.py:190} INFO - [2024-11-09T20:27:24.418+0000] {dag.py:4180} INFO - Setting next_dagrun for dataset_s3_bucket_consumer to None, run_after=None
[2024-11-09T20:27:24.419+0000] {logging_mixin.py:190} INFO - [2024-11-09T20:27:24.419+0000] {dag.py:4180} INFO - Setting next_dagrun for dataset_s3_bucket_producer to None, run_after=None
[2024-11-09T20:27:24.467+0000] {processor.py:208} INFO - Processing /home/chirag/airflow/lib/python3.12/site-packages/airflow/example_dags/example_dataset_alias.py took 0.160 seconds
[2024-11-09T20:29:00.408+0000] {processor.py:186} INFO - Started process (PID=14637) to work on /home/chirag/airflow/lib/python3.12/site-packages/airflow/example_dags/example_dataset_alias.py
[2024-11-09T20:29:00.411+0000] {processor.py:914} INFO - Processing file /home/chirag/airflow/lib/python3.12/site-packages/airflow/example_dags/example_dataset_alias.py for tasks to queue
[2024-11-09T20:29:00.414+0000] {logging_mixin.py:190} INFO - [2024-11-09T20:29:00.414+0000] {dagbag.py:588} INFO - Filling up the DagBag from /home/chirag/airflow/lib/python3.12/site-packages/airflow/example_dags/example_dataset_alias.py
[2024-11-09T20:29:00.451+0000] {processor.py:925} INFO - DAG(s) 'dataset_s3_bucket_consumer', 'dataset_alias_example_alias_producer', 'dataset_alias_example_alias_consumer', 'dataset_s3_bucket_producer' retrieved from /home/chirag/airflow/lib/python3.12/site-packages/airflow/example_dags/example_dataset_alias.py
[2024-11-09T20:29:00.479+0000] {logging_mixin.py:190} INFO - [2024-11-09T20:29:00.479+0000] {dag.py:3239} INFO - Sync 4 DAGs
[2024-11-09T20:29:00.707+0000] {logging_mixin.py:190} INFO - [2024-11-09T20:29:00.707+0000] {dag.py:4180} INFO - Setting next_dagrun for dataset_alias_example_alias_consumer to None, run_after=None
[2024-11-09T20:29:00.712+0000] {logging_mixin.py:190} INFO - [2024-11-09T20:29:00.711+0000] {dag.py:4180} INFO - Setting next_dagrun for dataset_alias_example_alias_producer to None, run_after=None
[2024-11-09T20:29:00.714+0000] {logging_mixin.py:190} INFO - [2024-11-09T20:29:00.713+0000] {dag.py:4180} INFO - Setting next_dagrun for dataset_s3_bucket_consumer to None, run_after=None
[2024-11-09T20:29:00.715+0000] {logging_mixin.py:190} INFO - [2024-11-09T20:29:00.715+0000] {dag.py:4180} INFO - Setting next_dagrun for dataset_s3_bucket_producer to None, run_after=None
[2024-11-09T20:29:00.762+0000] {processor.py:208} INFO - Processing /home/chirag/airflow/lib/python3.12/site-packages/airflow/example_dags/example_dataset_alias.py took 0.362 seconds
