[2024-11-09T19:16:46.761+0000] {processor.py:186} INFO - Started process (PID=94635) to work on /home/chirag/airflow/lib/python3.12/site-packages/airflow/example_dags/example_nested_branch_dag.py
[2024-11-09T19:16:46.763+0000] {processor.py:914} INFO - Processing file /home/chirag/airflow/lib/python3.12/site-packages/airflow/example_dags/example_nested_branch_dag.py for tasks to queue
[2024-11-09T19:16:46.767+0000] {logging_mixin.py:190} INFO - [2024-11-09T19:16:46.767+0000] {dagbag.py:588} INFO - Filling up the DagBag from /home/chirag/airflow/lib/python3.12/site-packages/airflow/example_dags/example_nested_branch_dag.py
[2024-11-09T19:16:46.791+0000] {processor.py:925} INFO - DAG(s) 'example_nested_branch_dag' retrieved from /home/chirag/airflow/lib/python3.12/site-packages/airflow/example_dags/example_nested_branch_dag.py
[2024-11-09T19:16:47.031+0000] {logging_mixin.py:190} INFO - [2024-11-09T19:16:47.030+0000] {override.py:1911} INFO - Created Permission View: can delete on DAG:example_nested_branch_dag
[2024-11-09T19:16:47.064+0000] {logging_mixin.py:190} INFO - [2024-11-09T19:16:47.064+0000] {override.py:1911} INFO - Created Permission View: can read on DAG:example_nested_branch_dag
[2024-11-09T19:16:47.085+0000] {logging_mixin.py:190} INFO - [2024-11-09T19:16:47.084+0000] {override.py:1911} INFO - Created Permission View: can edit on DAG:example_nested_branch_dag
[2024-11-09T19:16:47.124+0000] {logging_mixin.py:190} INFO - [2024-11-09T19:16:47.123+0000] {override.py:1911} INFO - Created Permission View: menu access on DAG Run:example_nested_branch_dag
[2024-11-09T19:16:47.144+0000] {logging_mixin.py:190} INFO - [2024-11-09T19:16:47.144+0000] {override.py:1911} INFO - Created Permission View: can delete on DAG Run:example_nested_branch_dag
[2024-11-09T19:16:47.163+0000] {logging_mixin.py:190} INFO - [2024-11-09T19:16:47.163+0000] {override.py:1911} INFO - Created Permission View: can read on DAG Run:example_nested_branch_dag
[2024-11-09T19:16:47.189+0000] {logging_mixin.py:190} INFO - [2024-11-09T19:16:47.189+0000] {override.py:1911} INFO - Created Permission View: can create on DAG Run:example_nested_branch_dag
[2024-11-09T19:16:47.192+0000] {logging_mixin.py:190} INFO - [2024-11-09T19:16:47.191+0000] {dag.py:3239} INFO - Sync 1 DAGs
[2024-11-09T19:16:47.212+0000] {logging_mixin.py:190} INFO - [2024-11-09T19:16:47.212+0000] {dag.py:3262} INFO - Creating ORM DAG for example_nested_branch_dag
[2024-11-09T19:16:47.230+0000] {logging_mixin.py:190} INFO - [2024-11-09T19:16:47.229+0000] {dag.py:4180} INFO - Setting next_dagrun for example_nested_branch_dag to 2024-11-08 00:00:00+00:00, run_after=2024-11-09 00:00:00+00:00
[2024-11-09T19:16:47.276+0000] {processor.py:208} INFO - Processing /home/chirag/airflow/lib/python3.12/site-packages/airflow/example_dags/example_nested_branch_dag.py took 0.526 seconds
[2024-11-09T19:18:33.301+0000] {processor.py:186} INFO - Started process (PID=94844) to work on /home/chirag/airflow/lib/python3.12/site-packages/airflow/example_dags/example_nested_branch_dag.py
[2024-11-09T19:18:33.314+0000] {processor.py:914} INFO - Processing file /home/chirag/airflow/lib/python3.12/site-packages/airflow/example_dags/example_nested_branch_dag.py for tasks to queue
[2024-11-09T19:18:33.321+0000] {logging_mixin.py:190} INFO - [2024-11-09T19:18:33.320+0000] {dagbag.py:588} INFO - Filling up the DagBag from /home/chirag/airflow/lib/python3.12/site-packages/airflow/example_dags/example_nested_branch_dag.py
[2024-11-09T19:18:33.432+0000] {processor.py:925} INFO - DAG(s) 'example_nested_branch_dag' retrieved from /home/chirag/airflow/lib/python3.12/site-packages/airflow/example_dags/example_nested_branch_dag.py
[2024-11-09T19:18:33.585+0000] {logging_mixin.py:190} INFO - [2024-11-09T19:18:33.584+0000] {dag.py:3239} INFO - Sync 1 DAGs
[2024-11-09T19:18:33.807+0000] {logging_mixin.py:190} INFO - [2024-11-09T19:18:33.806+0000] {dag.py:4180} INFO - Setting next_dagrun for example_nested_branch_dag to 2024-11-08 00:00:00+00:00, run_after=2024-11-09 00:00:00+00:00
[2024-11-09T19:18:34.071+0000] {processor.py:208} INFO - Processing /home/chirag/airflow/lib/python3.12/site-packages/airflow/example_dags/example_nested_branch_dag.py took 0.816 seconds
[2024-11-09T19:27:53.708+0000] {processor.py:186} INFO - Started process (PID=470) to work on /home/chirag/airflow/lib/python3.12/site-packages/airflow/example_dags/example_nested_branch_dag.py
[2024-11-09T19:27:53.711+0000] {processor.py:914} INFO - Processing file /home/chirag/airflow/lib/python3.12/site-packages/airflow/example_dags/example_nested_branch_dag.py for tasks to queue
[2024-11-09T19:27:53.716+0000] {logging_mixin.py:190} INFO - [2024-11-09T19:27:53.715+0000] {dagbag.py:588} INFO - Filling up the DagBag from /home/chirag/airflow/lib/python3.12/site-packages/airflow/example_dags/example_nested_branch_dag.py
[2024-11-09T19:27:53.738+0000] {processor.py:925} INFO - DAG(s) 'example_nested_branch_dag' retrieved from /home/chirag/airflow/lib/python3.12/site-packages/airflow/example_dags/example_nested_branch_dag.py
[2024-11-09T19:27:53.776+0000] {logging_mixin.py:190} INFO - [2024-11-09T19:27:53.776+0000] {dag.py:3239} INFO - Sync 1 DAGs
[2024-11-09T19:27:53.816+0000] {logging_mixin.py:190} INFO - [2024-11-09T19:27:53.815+0000] {dag.py:4180} INFO - Setting next_dagrun for example_nested_branch_dag to 2024-11-08 00:00:00+00:00, run_after=2024-11-09 00:00:00+00:00
[2024-11-09T19:27:53.857+0000] {processor.py:208} INFO - Processing /home/chirag/airflow/lib/python3.12/site-packages/airflow/example_dags/example_nested_branch_dag.py took 0.166 seconds
[2024-11-09T19:29:00.425+0000] {processor.py:186} INFO - Started process (PID=553) to work on /home/chirag/airflow/lib/python3.12/site-packages/airflow/example_dags/example_nested_branch_dag.py
[2024-11-09T19:29:00.428+0000] {processor.py:914} INFO - Processing file /home/chirag/airflow/lib/python3.12/site-packages/airflow/example_dags/example_nested_branch_dag.py for tasks to queue
[2024-11-09T19:29:00.431+0000] {logging_mixin.py:190} INFO - [2024-11-09T19:29:00.431+0000] {dagbag.py:588} INFO - Filling up the DagBag from /home/chirag/airflow/lib/python3.12/site-packages/airflow/example_dags/example_nested_branch_dag.py
[2024-11-09T19:29:00.450+0000] {processor.py:925} INFO - DAG(s) 'example_nested_branch_dag' retrieved from /home/chirag/airflow/lib/python3.12/site-packages/airflow/example_dags/example_nested_branch_dag.py
[2024-11-09T19:29:00.474+0000] {logging_mixin.py:190} INFO - [2024-11-09T19:29:00.474+0000] {dag.py:3239} INFO - Sync 1 DAGs
[2024-11-09T19:29:00.503+0000] {logging_mixin.py:190} INFO - [2024-11-09T19:29:00.502+0000] {dag.py:4180} INFO - Setting next_dagrun for example_nested_branch_dag to 2024-11-08 00:00:00+00:00, run_after=2024-11-09 00:00:00+00:00
[2024-11-09T19:29:00.536+0000] {processor.py:208} INFO - Processing /home/chirag/airflow/lib/python3.12/site-packages/airflow/example_dags/example_nested_branch_dag.py took 0.118 seconds
[2024-11-09T19:30:15.673+0000] {processor.py:186} INFO - Started process (PID=628) to work on /home/chirag/airflow/lib/python3.12/site-packages/airflow/example_dags/example_nested_branch_dag.py
[2024-11-09T19:30:15.679+0000] {processor.py:914} INFO - Processing file /home/chirag/airflow/lib/python3.12/site-packages/airflow/example_dags/example_nested_branch_dag.py for tasks to queue
[2024-11-09T19:30:15.683+0000] {logging_mixin.py:190} INFO - [2024-11-09T19:30:15.683+0000] {dagbag.py:588} INFO - Filling up the DagBag from /home/chirag/airflow/lib/python3.12/site-packages/airflow/example_dags/example_nested_branch_dag.py
[2024-11-09T19:30:15.708+0000] {processor.py:925} INFO - DAG(s) 'example_nested_branch_dag' retrieved from /home/chirag/airflow/lib/python3.12/site-packages/airflow/example_dags/example_nested_branch_dag.py
[2024-11-09T19:30:15.739+0000] {logging_mixin.py:190} INFO - [2024-11-09T19:30:15.738+0000] {dag.py:3239} INFO - Sync 1 DAGs
[2024-11-09T19:30:15.772+0000] {logging_mixin.py:190} INFO - [2024-11-09T19:30:15.772+0000] {dag.py:4180} INFO - Setting next_dagrun for example_nested_branch_dag to 2024-11-08 00:00:00+00:00, run_after=2024-11-09 00:00:00+00:00
[2024-11-09T19:30:15.804+0000] {processor.py:208} INFO - Processing /home/chirag/airflow/lib/python3.12/site-packages/airflow/example_dags/example_nested_branch_dag.py took 0.147 seconds
[2024-11-09T19:31:31.542+0000] {processor.py:186} INFO - Started process (PID=695) to work on /home/chirag/airflow/lib/python3.12/site-packages/airflow/example_dags/example_nested_branch_dag.py
[2024-11-09T19:31:31.547+0000] {processor.py:914} INFO - Processing file /home/chirag/airflow/lib/python3.12/site-packages/airflow/example_dags/example_nested_branch_dag.py for tasks to queue
[2024-11-09T19:31:31.556+0000] {logging_mixin.py:190} INFO - [2024-11-09T19:31:31.555+0000] {dagbag.py:588} INFO - Filling up the DagBag from /home/chirag/airflow/lib/python3.12/site-packages/airflow/example_dags/example_nested_branch_dag.py
[2024-11-09T19:31:31.635+0000] {processor.py:925} INFO - DAG(s) 'example_nested_branch_dag' retrieved from /home/chirag/airflow/lib/python3.12/site-packages/airflow/example_dags/example_nested_branch_dag.py
[2024-11-09T19:31:31.699+0000] {logging_mixin.py:190} INFO - [2024-11-09T19:31:31.698+0000] {dag.py:3239} INFO - Sync 1 DAGs
[2024-11-09T19:31:31.770+0000] {logging_mixin.py:190} INFO - [2024-11-09T19:31:31.769+0000] {dag.py:4180} INFO - Setting next_dagrun for example_nested_branch_dag to 2024-11-08 00:00:00+00:00, run_after=2024-11-09 00:00:00+00:00
[2024-11-09T19:31:31.843+0000] {processor.py:208} INFO - Processing /home/chirag/airflow/lib/python3.12/site-packages/airflow/example_dags/example_nested_branch_dag.py took 0.316 seconds
[2024-11-09T19:33:12.261+0000] {processor.py:186} INFO - Started process (PID=1775) to work on /home/chirag/airflow/lib/python3.12/site-packages/airflow/example_dags/example_nested_branch_dag.py
[2024-11-09T19:33:12.264+0000] {processor.py:914} INFO - Processing file /home/chirag/airflow/lib/python3.12/site-packages/airflow/example_dags/example_nested_branch_dag.py for tasks to queue
[2024-11-09T19:33:12.267+0000] {logging_mixin.py:190} INFO - [2024-11-09T19:33:12.267+0000] {dagbag.py:588} INFO - Filling up the DagBag from /home/chirag/airflow/lib/python3.12/site-packages/airflow/example_dags/example_nested_branch_dag.py
[2024-11-09T19:33:12.284+0000] {processor.py:925} INFO - DAG(s) 'example_nested_branch_dag' retrieved from /home/chirag/airflow/lib/python3.12/site-packages/airflow/example_dags/example_nested_branch_dag.py
[2024-11-09T19:33:12.308+0000] {logging_mixin.py:190} INFO - [2024-11-09T19:33:12.308+0000] {dag.py:3239} INFO - Sync 1 DAGs
[2024-11-09T19:33:12.338+0000] {logging_mixin.py:190} INFO - [2024-11-09T19:33:12.338+0000] {dag.py:4180} INFO - Setting next_dagrun for example_nested_branch_dag to 2024-11-08 00:00:00+00:00, run_after=2024-11-09 00:00:00+00:00
[2024-11-09T19:33:12.374+0000] {processor.py:208} INFO - Processing /home/chirag/airflow/lib/python3.12/site-packages/airflow/example_dags/example_nested_branch_dag.py took 0.120 seconds
[2024-11-09T19:34:31.403+0000] {processor.py:186} INFO - Started process (PID=2315) to work on /home/chirag/airflow/lib/python3.12/site-packages/airflow/example_dags/example_nested_branch_dag.py
[2024-11-09T19:34:31.405+0000] {processor.py:914} INFO - Processing file /home/chirag/airflow/lib/python3.12/site-packages/airflow/example_dags/example_nested_branch_dag.py for tasks to queue
[2024-11-09T19:34:31.410+0000] {logging_mixin.py:190} INFO - [2024-11-09T19:34:31.409+0000] {dagbag.py:588} INFO - Filling up the DagBag from /home/chirag/airflow/lib/python3.12/site-packages/airflow/example_dags/example_nested_branch_dag.py
[2024-11-09T19:34:31.431+0000] {processor.py:925} INFO - DAG(s) 'example_nested_branch_dag' retrieved from /home/chirag/airflow/lib/python3.12/site-packages/airflow/example_dags/example_nested_branch_dag.py
[2024-11-09T19:34:31.477+0000] {logging_mixin.py:190} INFO - [2024-11-09T19:34:31.477+0000] {dag.py:3239} INFO - Sync 1 DAGs
[2024-11-09T19:34:31.725+0000] {logging_mixin.py:190} INFO - [2024-11-09T19:34:31.725+0000] {dag.py:4180} INFO - Setting next_dagrun for example_nested_branch_dag to 2024-11-08 00:00:00+00:00, run_after=2024-11-09 00:00:00+00:00
[2024-11-09T19:34:31.780+0000] {processor.py:208} INFO - Processing /home/chirag/airflow/lib/python3.12/site-packages/airflow/example_dags/example_nested_branch_dag.py took 0.386 seconds
[2024-11-09T19:36:01.564+0000] {processor.py:186} INFO - Started process (PID=2745) to work on /home/chirag/airflow/lib/python3.12/site-packages/airflow/example_dags/example_nested_branch_dag.py
[2024-11-09T19:36:01.571+0000] {processor.py:914} INFO - Processing file /home/chirag/airflow/lib/python3.12/site-packages/airflow/example_dags/example_nested_branch_dag.py for tasks to queue
[2024-11-09T19:36:01.576+0000] {logging_mixin.py:190} INFO - [2024-11-09T19:36:01.575+0000] {dagbag.py:588} INFO - Filling up the DagBag from /home/chirag/airflow/lib/python3.12/site-packages/airflow/example_dags/example_nested_branch_dag.py
[2024-11-09T19:36:01.622+0000] {processor.py:925} INFO - DAG(s) 'example_nested_branch_dag' retrieved from /home/chirag/airflow/lib/python3.12/site-packages/airflow/example_dags/example_nested_branch_dag.py
[2024-11-09T19:36:01.684+0000] {logging_mixin.py:190} INFO - [2024-11-09T19:36:01.683+0000] {dag.py:3239} INFO - Sync 1 DAGs
[2024-11-09T19:36:01.762+0000] {logging_mixin.py:190} INFO - [2024-11-09T19:36:01.762+0000] {dag.py:4180} INFO - Setting next_dagrun for example_nested_branch_dag to 2024-11-08 00:00:00+00:00, run_after=2024-11-09 00:00:00+00:00
[2024-11-09T19:36:01.829+0000] {processor.py:208} INFO - Processing /home/chirag/airflow/lib/python3.12/site-packages/airflow/example_dags/example_nested_branch_dag.py took 0.279 seconds
[2024-11-09T19:37:16.326+0000] {processor.py:186} INFO - Started process (PID=2953) to work on /home/chirag/airflow/lib/python3.12/site-packages/airflow/example_dags/example_nested_branch_dag.py
[2024-11-09T19:37:16.329+0000] {processor.py:914} INFO - Processing file /home/chirag/airflow/lib/python3.12/site-packages/airflow/example_dags/example_nested_branch_dag.py for tasks to queue
[2024-11-09T19:37:16.333+0000] {logging_mixin.py:190} INFO - [2024-11-09T19:37:16.332+0000] {dagbag.py:588} INFO - Filling up the DagBag from /home/chirag/airflow/lib/python3.12/site-packages/airflow/example_dags/example_nested_branch_dag.py
[2024-11-09T19:37:16.350+0000] {processor.py:925} INFO - DAG(s) 'example_nested_branch_dag' retrieved from /home/chirag/airflow/lib/python3.12/site-packages/airflow/example_dags/example_nested_branch_dag.py
[2024-11-09T19:37:16.373+0000] {logging_mixin.py:190} INFO - [2024-11-09T19:37:16.373+0000] {dag.py:3239} INFO - Sync 1 DAGs
[2024-11-09T19:37:16.401+0000] {logging_mixin.py:190} INFO - [2024-11-09T19:37:16.401+0000] {dag.py:4180} INFO - Setting next_dagrun for example_nested_branch_dag to 2024-11-08 00:00:00+00:00, run_after=2024-11-09 00:00:00+00:00
[2024-11-09T19:37:16.438+0000] {processor.py:208} INFO - Processing /home/chirag/airflow/lib/python3.12/site-packages/airflow/example_dags/example_nested_branch_dag.py took 0.120 seconds
[2024-11-09T19:38:26.689+0000] {processor.py:186} INFO - Started process (PID=3270) to work on /home/chirag/airflow/lib/python3.12/site-packages/airflow/example_dags/example_nested_branch_dag.py
[2024-11-09T19:38:26.693+0000] {processor.py:914} INFO - Processing file /home/chirag/airflow/lib/python3.12/site-packages/airflow/example_dags/example_nested_branch_dag.py for tasks to queue
[2024-11-09T19:38:26.696+0000] {logging_mixin.py:190} INFO - [2024-11-09T19:38:26.696+0000] {dagbag.py:588} INFO - Filling up the DagBag from /home/chirag/airflow/lib/python3.12/site-packages/airflow/example_dags/example_nested_branch_dag.py
[2024-11-09T19:38:26.717+0000] {processor.py:925} INFO - DAG(s) 'example_nested_branch_dag' retrieved from /home/chirag/airflow/lib/python3.12/site-packages/airflow/example_dags/example_nested_branch_dag.py
[2024-11-09T19:38:26.750+0000] {logging_mixin.py:190} INFO - [2024-11-09T19:38:26.750+0000] {dag.py:3239} INFO - Sync 1 DAGs
[2024-11-09T19:38:26.789+0000] {logging_mixin.py:190} INFO - [2024-11-09T19:38:26.789+0000] {dag.py:4180} INFO - Setting next_dagrun for example_nested_branch_dag to 2024-11-08 00:00:00+00:00, run_after=2024-11-09 00:00:00+00:00
[2024-11-09T19:38:26.845+0000] {processor.py:208} INFO - Processing /home/chirag/airflow/lib/python3.12/site-packages/airflow/example_dags/example_nested_branch_dag.py took 0.164 seconds
[2024-11-09T19:39:51.642+0000] {processor.py:186} INFO - Started process (PID=3562) to work on /home/chirag/airflow/lib/python3.12/site-packages/airflow/example_dags/example_nested_branch_dag.py
[2024-11-09T19:39:51.651+0000] {processor.py:914} INFO - Processing file /home/chirag/airflow/lib/python3.12/site-packages/airflow/example_dags/example_nested_branch_dag.py for tasks to queue
[2024-11-09T19:39:51.655+0000] {logging_mixin.py:190} INFO - [2024-11-09T19:39:51.654+0000] {dagbag.py:588} INFO - Filling up the DagBag from /home/chirag/airflow/lib/python3.12/site-packages/airflow/example_dags/example_nested_branch_dag.py
[2024-11-09T19:39:51.680+0000] {processor.py:925} INFO - DAG(s) 'example_nested_branch_dag' retrieved from /home/chirag/airflow/lib/python3.12/site-packages/airflow/example_dags/example_nested_branch_dag.py
[2024-11-09T19:39:51.713+0000] {logging_mixin.py:190} INFO - [2024-11-09T19:39:51.712+0000] {dag.py:3239} INFO - Sync 1 DAGs
[2024-11-09T19:39:51.768+0000] {logging_mixin.py:190} INFO - [2024-11-09T19:39:51.767+0000] {dag.py:4180} INFO - Setting next_dagrun for example_nested_branch_dag to 2024-11-08 00:00:00+00:00, run_after=2024-11-09 00:00:00+00:00
[2024-11-09T19:39:52.084+0000] {processor.py:208} INFO - Processing /home/chirag/airflow/lib/python3.12/site-packages/airflow/example_dags/example_nested_branch_dag.py took 0.452 seconds
[2024-11-09T19:41:07.751+0000] {processor.py:186} INFO - Started process (PID=3771) to work on /home/chirag/airflow/lib/python3.12/site-packages/airflow/example_dags/example_nested_branch_dag.py
[2024-11-09T19:41:07.754+0000] {processor.py:914} INFO - Processing file /home/chirag/airflow/lib/python3.12/site-packages/airflow/example_dags/example_nested_branch_dag.py for tasks to queue
[2024-11-09T19:41:07.757+0000] {logging_mixin.py:190} INFO - [2024-11-09T19:41:07.756+0000] {dagbag.py:588} INFO - Filling up the DagBag from /home/chirag/airflow/lib/python3.12/site-packages/airflow/example_dags/example_nested_branch_dag.py
[2024-11-09T19:41:07.776+0000] {processor.py:925} INFO - DAG(s) 'example_nested_branch_dag' retrieved from /home/chirag/airflow/lib/python3.12/site-packages/airflow/example_dags/example_nested_branch_dag.py
[2024-11-09T19:41:07.801+0000] {logging_mixin.py:190} INFO - [2024-11-09T19:41:07.800+0000] {dag.py:3239} INFO - Sync 1 DAGs
[2024-11-09T19:41:07.834+0000] {logging_mixin.py:190} INFO - [2024-11-09T19:41:07.834+0000] {dag.py:4180} INFO - Setting next_dagrun for example_nested_branch_dag to 2024-11-08 00:00:00+00:00, run_after=2024-11-09 00:00:00+00:00
[2024-11-09T19:41:07.875+0000] {processor.py:208} INFO - Processing /home/chirag/airflow/lib/python3.12/site-packages/airflow/example_dags/example_nested_branch_dag.py took 0.133 seconds
[2024-11-09T19:42:22.332+0000] {processor.py:186} INFO - Started process (PID=3986) to work on /home/chirag/airflow/lib/python3.12/site-packages/airflow/example_dags/example_nested_branch_dag.py
[2024-11-09T19:42:22.337+0000] {processor.py:914} INFO - Processing file /home/chirag/airflow/lib/python3.12/site-packages/airflow/example_dags/example_nested_branch_dag.py for tasks to queue
[2024-11-09T19:42:22.341+0000] {logging_mixin.py:190} INFO - [2024-11-09T19:42:22.341+0000] {dagbag.py:588} INFO - Filling up the DagBag from /home/chirag/airflow/lib/python3.12/site-packages/airflow/example_dags/example_nested_branch_dag.py
[2024-11-09T19:42:22.359+0000] {processor.py:925} INFO - DAG(s) 'example_nested_branch_dag' retrieved from /home/chirag/airflow/lib/python3.12/site-packages/airflow/example_dags/example_nested_branch_dag.py
[2024-11-09T19:42:22.384+0000] {logging_mixin.py:190} INFO - [2024-11-09T19:42:22.383+0000] {dag.py:3239} INFO - Sync 1 DAGs
[2024-11-09T19:42:22.414+0000] {logging_mixin.py:190} INFO - [2024-11-09T19:42:22.413+0000] {dag.py:4180} INFO - Setting next_dagrun for example_nested_branch_dag to 2024-11-08 00:00:00+00:00, run_after=2024-11-09 00:00:00+00:00
[2024-11-09T19:42:22.453+0000] {processor.py:208} INFO - Processing /home/chirag/airflow/lib/python3.12/site-packages/airflow/example_dags/example_nested_branch_dag.py took 0.130 seconds
[2024-11-09T19:43:42.609+0000] {processor.py:186} INFO - Started process (PID=4219) to work on /home/chirag/airflow/lib/python3.12/site-packages/airflow/example_dags/example_nested_branch_dag.py
[2024-11-09T19:43:42.612+0000] {processor.py:914} INFO - Processing file /home/chirag/airflow/lib/python3.12/site-packages/airflow/example_dags/example_nested_branch_dag.py for tasks to queue
[2024-11-09T19:43:42.616+0000] {logging_mixin.py:190} INFO - [2024-11-09T19:43:42.615+0000] {dagbag.py:588} INFO - Filling up the DagBag from /home/chirag/airflow/lib/python3.12/site-packages/airflow/example_dags/example_nested_branch_dag.py
[2024-11-09T19:43:42.636+0000] {processor.py:925} INFO - DAG(s) 'example_nested_branch_dag' retrieved from /home/chirag/airflow/lib/python3.12/site-packages/airflow/example_dags/example_nested_branch_dag.py
[2024-11-09T19:43:42.661+0000] {logging_mixin.py:190} INFO - [2024-11-09T19:43:42.661+0000] {dag.py:3239} INFO - Sync 1 DAGs
[2024-11-09T19:43:42.692+0000] {logging_mixin.py:190} INFO - [2024-11-09T19:43:42.692+0000] {dag.py:4180} INFO - Setting next_dagrun for example_nested_branch_dag to 2024-11-08 00:00:00+00:00, run_after=2024-11-09 00:00:00+00:00
[2024-11-09T19:43:42.727+0000] {processor.py:208} INFO - Processing /home/chirag/airflow/lib/python3.12/site-packages/airflow/example_dags/example_nested_branch_dag.py took 0.126 seconds
[2024-11-09T19:44:51.838+0000] {processor.py:186} INFO - Started process (PID=4421) to work on /home/chirag/airflow/lib/python3.12/site-packages/airflow/example_dags/example_nested_branch_dag.py
[2024-11-09T19:44:51.842+0000] {processor.py:914} INFO - Processing file /home/chirag/airflow/lib/python3.12/site-packages/airflow/example_dags/example_nested_branch_dag.py for tasks to queue
[2024-11-09T19:44:51.845+0000] {logging_mixin.py:190} INFO - [2024-11-09T19:44:51.844+0000] {dagbag.py:588} INFO - Filling up the DagBag from /home/chirag/airflow/lib/python3.12/site-packages/airflow/example_dags/example_nested_branch_dag.py
[2024-11-09T19:44:51.863+0000] {processor.py:925} INFO - DAG(s) 'example_nested_branch_dag' retrieved from /home/chirag/airflow/lib/python3.12/site-packages/airflow/example_dags/example_nested_branch_dag.py
[2024-11-09T19:44:51.887+0000] {logging_mixin.py:190} INFO - [2024-11-09T19:44:51.887+0000] {dag.py:3239} INFO - Sync 1 DAGs
[2024-11-09T19:44:51.918+0000] {logging_mixin.py:190} INFO - [2024-11-09T19:44:51.918+0000] {dag.py:4180} INFO - Setting next_dagrun for example_nested_branch_dag to 2024-11-08 00:00:00+00:00, run_after=2024-11-09 00:00:00+00:00
[2024-11-09T19:44:51.953+0000] {processor.py:208} INFO - Processing /home/chirag/airflow/lib/python3.12/site-packages/airflow/example_dags/example_nested_branch_dag.py took 0.124 seconds
[2024-11-09T19:46:39.849+0000] {processor.py:186} INFO - Started process (PID=4728) to work on /home/chirag/airflow/lib/python3.12/site-packages/airflow/example_dags/example_nested_branch_dag.py
[2024-11-09T19:46:39.852+0000] {processor.py:914} INFO - Processing file /home/chirag/airflow/lib/python3.12/site-packages/airflow/example_dags/example_nested_branch_dag.py for tasks to queue
[2024-11-09T19:46:39.857+0000] {logging_mixin.py:190} INFO - [2024-11-09T19:46:39.856+0000] {dagbag.py:588} INFO - Filling up the DagBag from /home/chirag/airflow/lib/python3.12/site-packages/airflow/example_dags/example_nested_branch_dag.py
[2024-11-09T19:46:39.887+0000] {processor.py:925} INFO - DAG(s) 'example_nested_branch_dag' retrieved from /home/chirag/airflow/lib/python3.12/site-packages/airflow/example_dags/example_nested_branch_dag.py
[2024-11-09T19:46:39.912+0000] {logging_mixin.py:190} INFO - [2024-11-09T19:46:39.911+0000] {dag.py:3239} INFO - Sync 1 DAGs
[2024-11-09T19:46:39.947+0000] {logging_mixin.py:190} INFO - [2024-11-09T19:46:39.947+0000] {dag.py:4180} INFO - Setting next_dagrun for example_nested_branch_dag to 2024-11-08 00:00:00+00:00, run_after=2024-11-09 00:00:00+00:00
[2024-11-09T19:46:39.986+0000] {processor.py:208} INFO - Processing /home/chirag/airflow/lib/python3.12/site-packages/airflow/example_dags/example_nested_branch_dag.py took 0.156 seconds
[2024-11-09T19:47:55.056+0000] {processor.py:186} INFO - Started process (PID=4981) to work on /home/chirag/airflow/lib/python3.12/site-packages/airflow/example_dags/example_nested_branch_dag.py
[2024-11-09T19:47:55.059+0000] {processor.py:914} INFO - Processing file /home/chirag/airflow/lib/python3.12/site-packages/airflow/example_dags/example_nested_branch_dag.py for tasks to queue
[2024-11-09T19:47:55.063+0000] {logging_mixin.py:190} INFO - [2024-11-09T19:47:55.062+0000] {dagbag.py:588} INFO - Filling up the DagBag from /home/chirag/airflow/lib/python3.12/site-packages/airflow/example_dags/example_nested_branch_dag.py
[2024-11-09T19:47:55.081+0000] {processor.py:925} INFO - DAG(s) 'example_nested_branch_dag' retrieved from /home/chirag/airflow/lib/python3.12/site-packages/airflow/example_dags/example_nested_branch_dag.py
[2024-11-09T19:47:55.108+0000] {logging_mixin.py:190} INFO - [2024-11-09T19:47:55.107+0000] {dag.py:3239} INFO - Sync 1 DAGs
[2024-11-09T19:47:55.145+0000] {logging_mixin.py:190} INFO - [2024-11-09T19:47:55.145+0000] {dag.py:4180} INFO - Setting next_dagrun for example_nested_branch_dag to 2024-11-08 00:00:00+00:00, run_after=2024-11-09 00:00:00+00:00
[2024-11-09T19:47:55.187+0000] {processor.py:208} INFO - Processing /home/chirag/airflow/lib/python3.12/site-packages/airflow/example_dags/example_nested_branch_dag.py took 0.139 seconds
[2024-11-09T19:49:07.895+0000] {processor.py:186} INFO - Started process (PID=5194) to work on /home/chirag/airflow/lib/python3.12/site-packages/airflow/example_dags/example_nested_branch_dag.py
[2024-11-09T19:49:07.898+0000] {processor.py:914} INFO - Processing file /home/chirag/airflow/lib/python3.12/site-packages/airflow/example_dags/example_nested_branch_dag.py for tasks to queue
[2024-11-09T19:49:07.902+0000] {logging_mixin.py:190} INFO - [2024-11-09T19:49:07.901+0000] {dagbag.py:588} INFO - Filling up the DagBag from /home/chirag/airflow/lib/python3.12/site-packages/airflow/example_dags/example_nested_branch_dag.py
[2024-11-09T19:49:07.919+0000] {processor.py:925} INFO - DAG(s) 'example_nested_branch_dag' retrieved from /home/chirag/airflow/lib/python3.12/site-packages/airflow/example_dags/example_nested_branch_dag.py
[2024-11-09T19:49:07.943+0000] {logging_mixin.py:190} INFO - [2024-11-09T19:49:07.943+0000] {dag.py:3239} INFO - Sync 1 DAGs
[2024-11-09T19:49:07.975+0000] {logging_mixin.py:190} INFO - [2024-11-09T19:49:07.975+0000] {dag.py:4180} INFO - Setting next_dagrun for example_nested_branch_dag to 2024-11-08 00:00:00+00:00, run_after=2024-11-09 00:00:00+00:00
[2024-11-09T19:49:08.014+0000] {processor.py:208} INFO - Processing /home/chirag/airflow/lib/python3.12/site-packages/airflow/example_dags/example_nested_branch_dag.py took 0.127 seconds
[2024-11-09T19:50:19.160+0000] {processor.py:186} INFO - Started process (PID=5554) to work on /home/chirag/airflow/lib/python3.12/site-packages/airflow/example_dags/example_nested_branch_dag.py
[2024-11-09T19:50:19.163+0000] {processor.py:914} INFO - Processing file /home/chirag/airflow/lib/python3.12/site-packages/airflow/example_dags/example_nested_branch_dag.py for tasks to queue
[2024-11-09T19:50:19.166+0000] {logging_mixin.py:190} INFO - [2024-11-09T19:50:19.166+0000] {dagbag.py:588} INFO - Filling up the DagBag from /home/chirag/airflow/lib/python3.12/site-packages/airflow/example_dags/example_nested_branch_dag.py
[2024-11-09T19:50:19.185+0000] {processor.py:925} INFO - DAG(s) 'example_nested_branch_dag' retrieved from /home/chirag/airflow/lib/python3.12/site-packages/airflow/example_dags/example_nested_branch_dag.py
[2024-11-09T19:50:19.212+0000] {logging_mixin.py:190} INFO - [2024-11-09T19:50:19.211+0000] {dag.py:3239} INFO - Sync 1 DAGs
[2024-11-09T19:50:19.247+0000] {logging_mixin.py:190} INFO - [2024-11-09T19:50:19.247+0000] {dag.py:4180} INFO - Setting next_dagrun for example_nested_branch_dag to 2024-11-08 00:00:00+00:00, run_after=2024-11-09 00:00:00+00:00
[2024-11-09T19:50:19.284+0000] {processor.py:208} INFO - Processing /home/chirag/airflow/lib/python3.12/site-packages/airflow/example_dags/example_nested_branch_dag.py took 0.133 seconds
[2024-11-09T19:51:32.478+0000] {processor.py:186} INFO - Started process (PID=6193) to work on /home/chirag/airflow/lib/python3.12/site-packages/airflow/example_dags/example_nested_branch_dag.py
[2024-11-09T19:51:32.482+0000] {processor.py:914} INFO - Processing file /home/chirag/airflow/lib/python3.12/site-packages/airflow/example_dags/example_nested_branch_dag.py for tasks to queue
[2024-11-09T19:51:32.487+0000] {logging_mixin.py:190} INFO - [2024-11-09T19:51:32.486+0000] {dagbag.py:588} INFO - Filling up the DagBag from /home/chirag/airflow/lib/python3.12/site-packages/airflow/example_dags/example_nested_branch_dag.py
[2024-11-09T19:51:32.504+0000] {processor.py:925} INFO - DAG(s) 'example_nested_branch_dag' retrieved from /home/chirag/airflow/lib/python3.12/site-packages/airflow/example_dags/example_nested_branch_dag.py
[2024-11-09T19:51:32.532+0000] {logging_mixin.py:190} INFO - [2024-11-09T19:51:32.531+0000] {dag.py:3239} INFO - Sync 1 DAGs
[2024-11-09T19:51:32.574+0000] {logging_mixin.py:190} INFO - [2024-11-09T19:51:32.574+0000] {dag.py:4180} INFO - Setting next_dagrun for example_nested_branch_dag to 2024-11-08 00:00:00+00:00, run_after=2024-11-09 00:00:00+00:00
[2024-11-09T19:51:32.615+0000] {processor.py:208} INFO - Processing /home/chirag/airflow/lib/python3.12/site-packages/airflow/example_dags/example_nested_branch_dag.py took 0.150 seconds
[2024-11-09T19:53:20.299+0000] {processor.py:186} INFO - Started process (PID=6692) to work on /home/chirag/airflow/lib/python3.12/site-packages/airflow/example_dags/example_nested_branch_dag.py
[2024-11-09T19:53:20.301+0000] {processor.py:914} INFO - Processing file /home/chirag/airflow/lib/python3.12/site-packages/airflow/example_dags/example_nested_branch_dag.py for tasks to queue
[2024-11-09T19:53:20.305+0000] {logging_mixin.py:190} INFO - [2024-11-09T19:53:20.305+0000] {dagbag.py:588} INFO - Filling up the DagBag from /home/chirag/airflow/lib/python3.12/site-packages/airflow/example_dags/example_nested_branch_dag.py
[2024-11-09T19:53:20.334+0000] {processor.py:925} INFO - DAG(s) 'example_nested_branch_dag' retrieved from /home/chirag/airflow/lib/python3.12/site-packages/airflow/example_dags/example_nested_branch_dag.py
[2024-11-09T19:53:20.401+0000] {logging_mixin.py:190} INFO - [2024-11-09T19:53:20.400+0000] {dag.py:3239} INFO - Sync 1 DAGs
[2024-11-09T19:53:20.527+0000] {logging_mixin.py:190} INFO - [2024-11-09T19:53:20.521+0000] {dag.py:4180} INFO - Setting next_dagrun for example_nested_branch_dag to 2024-11-08 00:00:00+00:00, run_after=2024-11-09 00:00:00+00:00
[2024-11-09T19:53:20.625+0000] {processor.py:208} INFO - Processing /home/chirag/airflow/lib/python3.12/site-packages/airflow/example_dags/example_nested_branch_dag.py took 0.339 seconds
[2024-11-09T19:54:35.394+0000] {processor.py:186} INFO - Started process (PID=7250) to work on /home/chirag/airflow/lib/python3.12/site-packages/airflow/example_dags/example_nested_branch_dag.py
[2024-11-09T19:54:35.397+0000] {processor.py:914} INFO - Processing file /home/chirag/airflow/lib/python3.12/site-packages/airflow/example_dags/example_nested_branch_dag.py for tasks to queue
[2024-11-09T19:54:35.402+0000] {logging_mixin.py:190} INFO - [2024-11-09T19:54:35.401+0000] {dagbag.py:588} INFO - Filling up the DagBag from /home/chirag/airflow/lib/python3.12/site-packages/airflow/example_dags/example_nested_branch_dag.py
[2024-11-09T19:54:35.447+0000] {processor.py:925} INFO - DAG(s) 'example_nested_branch_dag' retrieved from /home/chirag/airflow/lib/python3.12/site-packages/airflow/example_dags/example_nested_branch_dag.py
[2024-11-09T19:54:35.496+0000] {logging_mixin.py:190} INFO - [2024-11-09T19:54:35.496+0000] {dag.py:3239} INFO - Sync 1 DAGs
[2024-11-09T19:54:35.529+0000] {logging_mixin.py:190} INFO - [2024-11-09T19:54:35.528+0000] {dag.py:4180} INFO - Setting next_dagrun for example_nested_branch_dag to 2024-11-08 00:00:00+00:00, run_after=2024-11-09 00:00:00+00:00
[2024-11-09T19:54:35.568+0000] {processor.py:208} INFO - Processing /home/chirag/airflow/lib/python3.12/site-packages/airflow/example_dags/example_nested_branch_dag.py took 0.186 seconds
[2024-11-09T19:55:57.186+0000] {processor.py:186} INFO - Started process (PID=7862) to work on /home/chirag/airflow/lib/python3.12/site-packages/airflow/example_dags/example_nested_branch_dag.py
[2024-11-09T19:55:57.190+0000] {processor.py:914} INFO - Processing file /home/chirag/airflow/lib/python3.12/site-packages/airflow/example_dags/example_nested_branch_dag.py for tasks to queue
[2024-11-09T19:55:57.193+0000] {logging_mixin.py:190} INFO - [2024-11-09T19:55:57.192+0000] {dagbag.py:588} INFO - Filling up the DagBag from /home/chirag/airflow/lib/python3.12/site-packages/airflow/example_dags/example_nested_branch_dag.py
[2024-11-09T19:55:57.211+0000] {processor.py:925} INFO - DAG(s) 'example_nested_branch_dag' retrieved from /home/chirag/airflow/lib/python3.12/site-packages/airflow/example_dags/example_nested_branch_dag.py
[2024-11-09T19:55:57.236+0000] {logging_mixin.py:190} INFO - [2024-11-09T19:55:57.235+0000] {dag.py:3239} INFO - Sync 1 DAGs
[2024-11-09T19:55:57.265+0000] {logging_mixin.py:190} INFO - [2024-11-09T19:55:57.265+0000] {dag.py:4180} INFO - Setting next_dagrun for example_nested_branch_dag to 2024-11-08 00:00:00+00:00, run_after=2024-11-09 00:00:00+00:00
[2024-11-09T19:55:57.304+0000] {processor.py:208} INFO - Processing /home/chirag/airflow/lib/python3.12/site-packages/airflow/example_dags/example_nested_branch_dag.py took 0.125 seconds
[2024-11-09T19:58:00.247+0000] {processor.py:186} INFO - Started process (PID=8281) to work on /home/chirag/airflow/lib/python3.12/site-packages/airflow/example_dags/example_nested_branch_dag.py
[2024-11-09T19:58:00.250+0000] {processor.py:914} INFO - Processing file /home/chirag/airflow/lib/python3.12/site-packages/airflow/example_dags/example_nested_branch_dag.py for tasks to queue
[2024-11-09T19:58:00.253+0000] {logging_mixin.py:190} INFO - [2024-11-09T19:58:00.252+0000] {dagbag.py:588} INFO - Filling up the DagBag from /home/chirag/airflow/lib/python3.12/site-packages/airflow/example_dags/example_nested_branch_dag.py
[2024-11-09T19:58:00.271+0000] {processor.py:925} INFO - DAG(s) 'example_nested_branch_dag' retrieved from /home/chirag/airflow/lib/python3.12/site-packages/airflow/example_dags/example_nested_branch_dag.py
[2024-11-09T19:58:00.296+0000] {logging_mixin.py:190} INFO - [2024-11-09T19:58:00.296+0000] {dag.py:3239} INFO - Sync 1 DAGs
[2024-11-09T19:58:00.345+0000] {logging_mixin.py:190} INFO - [2024-11-09T19:58:00.344+0000] {dag.py:4180} INFO - Setting next_dagrun for example_nested_branch_dag to 2024-11-08 00:00:00+00:00, run_after=2024-11-09 00:00:00+00:00
[2024-11-09T19:58:00.399+0000] {processor.py:208} INFO - Processing /home/chirag/airflow/lib/python3.12/site-packages/airflow/example_dags/example_nested_branch_dag.py took 0.160 seconds
[2024-11-09T20:22:33.797+0000] {processor.py:186} INFO - Started process (PID=12667) to work on /home/chirag/airflow/lib/python3.12/site-packages/airflow/example_dags/example_nested_branch_dag.py
[2024-11-09T20:22:33.800+0000] {processor.py:914} INFO - Processing file /home/chirag/airflow/lib/python3.12/site-packages/airflow/example_dags/example_nested_branch_dag.py for tasks to queue
[2024-11-09T20:22:33.805+0000] {logging_mixin.py:190} INFO - [2024-11-09T20:22:33.804+0000] {dagbag.py:588} INFO - Filling up the DagBag from /home/chirag/airflow/lib/python3.12/site-packages/airflow/example_dags/example_nested_branch_dag.py
[2024-11-09T20:22:33.847+0000] {processor.py:925} INFO - DAG(s) 'example_nested_branch_dag' retrieved from /home/chirag/airflow/lib/python3.12/site-packages/airflow/example_dags/example_nested_branch_dag.py
[2024-11-09T20:22:33.910+0000] {logging_mixin.py:190} INFO - [2024-11-09T20:22:33.909+0000] {dag.py:3239} INFO - Sync 1 DAGs
[2024-11-09T20:22:33.945+0000] {logging_mixin.py:190} INFO - [2024-11-09T20:22:33.944+0000] {dag.py:4180} INFO - Setting next_dagrun for example_nested_branch_dag to 2024-11-08 00:00:00+00:00, run_after=2024-11-09 00:00:00+00:00
[2024-11-09T20:22:33.981+0000] {processor.py:208} INFO - Processing /home/chirag/airflow/lib/python3.12/site-packages/airflow/example_dags/example_nested_branch_dag.py took 0.202 seconds
[2024-11-09T20:23:43.252+0000] {processor.py:186} INFO - Started process (PID=12865) to work on /home/chirag/airflow/lib/python3.12/site-packages/airflow/example_dags/example_nested_branch_dag.py
[2024-11-09T20:23:43.262+0000] {processor.py:914} INFO - Processing file /home/chirag/airflow/lib/python3.12/site-packages/airflow/example_dags/example_nested_branch_dag.py for tasks to queue
[2024-11-09T20:23:43.273+0000] {logging_mixin.py:190} INFO - [2024-11-09T20:23:43.271+0000] {dagbag.py:588} INFO - Filling up the DagBag from /home/chirag/airflow/lib/python3.12/site-packages/airflow/example_dags/example_nested_branch_dag.py
[2024-11-09T20:23:43.326+0000] {processor.py:925} INFO - DAG(s) 'example_nested_branch_dag' retrieved from /home/chirag/airflow/lib/python3.12/site-packages/airflow/example_dags/example_nested_branch_dag.py
[2024-11-09T20:23:43.422+0000] {logging_mixin.py:190} INFO - [2024-11-09T20:23:43.422+0000] {dag.py:3239} INFO - Sync 1 DAGs
[2024-11-09T20:23:43.545+0000] {logging_mixin.py:190} INFO - [2024-11-09T20:23:43.544+0000] {dag.py:4180} INFO - Setting next_dagrun for example_nested_branch_dag to 2024-11-08 00:00:00+00:00, run_after=2024-11-09 00:00:00+00:00
[2024-11-09T20:23:43.629+0000] {processor.py:208} INFO - Processing /home/chirag/airflow/lib/python3.12/site-packages/airflow/example_dags/example_nested_branch_dag.py took 0.413 seconds
[2024-11-09T20:24:55.239+0000] {processor.py:186} INFO - Started process (PID=13070) to work on /home/chirag/airflow/lib/python3.12/site-packages/airflow/example_dags/example_nested_branch_dag.py
[2024-11-09T20:24:55.242+0000] {processor.py:914} INFO - Processing file /home/chirag/airflow/lib/python3.12/site-packages/airflow/example_dags/example_nested_branch_dag.py for tasks to queue
[2024-11-09T20:24:55.245+0000] {logging_mixin.py:190} INFO - [2024-11-09T20:24:55.245+0000] {dagbag.py:588} INFO - Filling up the DagBag from /home/chirag/airflow/lib/python3.12/site-packages/airflow/example_dags/example_nested_branch_dag.py
[2024-11-09T20:24:55.268+0000] {processor.py:925} INFO - DAG(s) 'example_nested_branch_dag' retrieved from /home/chirag/airflow/lib/python3.12/site-packages/airflow/example_dags/example_nested_branch_dag.py
[2024-11-09T20:24:55.295+0000] {logging_mixin.py:190} INFO - [2024-11-09T20:24:55.294+0000] {dag.py:3239} INFO - Sync 1 DAGs
[2024-11-09T20:24:55.332+0000] {logging_mixin.py:190} INFO - [2024-11-09T20:24:55.332+0000] {dag.py:4180} INFO - Setting next_dagrun for example_nested_branch_dag to 2024-11-08 00:00:00+00:00, run_after=2024-11-09 00:00:00+00:00
[2024-11-09T20:24:55.368+0000] {processor.py:208} INFO - Processing /home/chirag/airflow/lib/python3.12/site-packages/airflow/example_dags/example_nested_branch_dag.py took 0.136 seconds
[2024-11-09T20:26:32.471+0000] {processor.py:186} INFO - Started process (PID=13622) to work on /home/chirag/airflow/lib/python3.12/site-packages/airflow/example_dags/example_nested_branch_dag.py
[2024-11-09T20:26:32.476+0000] {processor.py:914} INFO - Processing file /home/chirag/airflow/lib/python3.12/site-packages/airflow/example_dags/example_nested_branch_dag.py for tasks to queue
[2024-11-09T20:26:32.480+0000] {logging_mixin.py:190} INFO - [2024-11-09T20:26:32.479+0000] {dagbag.py:588} INFO - Filling up the DagBag from /home/chirag/airflow/lib/python3.12/site-packages/airflow/example_dags/example_nested_branch_dag.py
[2024-11-09T20:26:32.505+0000] {processor.py:925} INFO - DAG(s) 'example_nested_branch_dag' retrieved from /home/chirag/airflow/lib/python3.12/site-packages/airflow/example_dags/example_nested_branch_dag.py
[2024-11-09T20:26:32.537+0000] {logging_mixin.py:190} INFO - [2024-11-09T20:26:32.536+0000] {dag.py:3239} INFO - Sync 1 DAGs
[2024-11-09T20:26:32.581+0000] {logging_mixin.py:190} INFO - [2024-11-09T20:26:32.581+0000] {dag.py:4180} INFO - Setting next_dagrun for example_nested_branch_dag to 2024-11-08 00:00:00+00:00, run_after=2024-11-09 00:00:00+00:00
[2024-11-09T20:26:32.635+0000] {processor.py:208} INFO - Processing /home/chirag/airflow/lib/python3.12/site-packages/airflow/example_dags/example_nested_branch_dag.py took 0.173 seconds
[2024-11-09T20:27:33.887+0000] {processor.py:186} INFO - Started process (PID=13867) to work on /home/chirag/airflow/lib/python3.12/site-packages/airflow/example_dags/example_nested_branch_dag.py
[2024-11-09T20:27:33.904+0000] {processor.py:914} INFO - Processing file /home/chirag/airflow/lib/python3.12/site-packages/airflow/example_dags/example_nested_branch_dag.py for tasks to queue
[2024-11-09T20:27:33.909+0000] {logging_mixin.py:190} INFO - [2024-11-09T20:27:33.908+0000] {dagbag.py:588} INFO - Filling up the DagBag from /home/chirag/airflow/lib/python3.12/site-packages/airflow/example_dags/example_nested_branch_dag.py
[2024-11-09T20:27:33.957+0000] {processor.py:925} INFO - DAG(s) 'example_nested_branch_dag' retrieved from /home/chirag/airflow/lib/python3.12/site-packages/airflow/example_dags/example_nested_branch_dag.py
[2024-11-09T20:27:34.016+0000] {logging_mixin.py:190} INFO - [2024-11-09T20:27:34.016+0000] {dag.py:3239} INFO - Sync 1 DAGs
[2024-11-09T20:27:34.105+0000] {logging_mixin.py:190} INFO - [2024-11-09T20:27:34.102+0000] {dag.py:4180} INFO - Setting next_dagrun for example_nested_branch_dag to 2024-11-08 00:00:00+00:00, run_after=2024-11-09 00:00:00+00:00
[2024-11-09T20:27:34.180+0000] {processor.py:208} INFO - Processing /home/chirag/airflow/lib/python3.12/site-packages/airflow/example_dags/example_nested_branch_dag.py took 0.310 seconds
