[2024-11-09T19:17:37.403+0000] {processor.py:186} INFO - Started process (PID=94734) to work on /home/chirag/airflow/lib/python3.12/site-packages/airflow/example_dags/example_inlet_event_extra.py
[2024-11-09T19:17:37.405+0000] {processor.py:914} INFO - Processing file /home/chirag/airflow/lib/python3.12/site-packages/airflow/example_dags/example_inlet_event_extra.py for tasks to queue
[2024-11-09T19:17:37.410+0000] {logging_mixin.py:190} INFO - [2024-11-09T19:17:37.409+0000] {dagbag.py:588} INFO - Filling up the DagBag from /home/chirag/airflow/lib/python3.12/site-packages/airflow/example_dags/example_inlet_event_extra.py
[2024-11-09T19:17:37.447+0000] {processor.py:925} INFO - DAG(s) 'read_dataset_event_from_classic', 'read_dataset_event' retrieved from /home/chirag/airflow/lib/python3.12/site-packages/airflow/example_dags/example_inlet_event_extra.py
[2024-11-09T19:17:37.751+0000] {logging_mixin.py:190} INFO - [2024-11-09T19:17:37.749+0000] {override.py:1911} INFO - Created Permission View: can delete on DAG:read_dataset_event_from_classic
[2024-11-09T19:17:37.793+0000] {logging_mixin.py:190} INFO - [2024-11-09T19:17:37.792+0000] {override.py:1911} INFO - Created Permission View: can read on DAG:read_dataset_event_from_classic
[2024-11-09T19:17:37.843+0000] {logging_mixin.py:190} INFO - [2024-11-09T19:17:37.842+0000] {override.py:1911} INFO - Created Permission View: can edit on DAG:read_dataset_event_from_classic
[2024-11-09T19:17:37.910+0000] {logging_mixin.py:190} INFO - [2024-11-09T19:17:37.908+0000] {override.py:1911} INFO - Created Permission View: menu access on DAG Run:read_dataset_event_from_classic
[2024-11-09T19:17:37.949+0000] {logging_mixin.py:190} INFO - [2024-11-09T19:17:37.948+0000] {override.py:1911} INFO - Created Permission View: can delete on DAG Run:read_dataset_event_from_classic
[2024-11-09T19:17:37.979+0000] {logging_mixin.py:190} INFO - [2024-11-09T19:17:37.978+0000] {override.py:1911} INFO - Created Permission View: can read on DAG Run:read_dataset_event_from_classic
[2024-11-09T19:17:38.001+0000] {logging_mixin.py:190} INFO - [2024-11-09T19:17:38.000+0000] {override.py:1911} INFO - Created Permission View: can create on DAG Run:read_dataset_event_from_classic
[2024-11-09T19:17:38.055+0000] {logging_mixin.py:190} INFO - [2024-11-09T19:17:38.055+0000] {override.py:1911} INFO - Created Permission View: can delete on DAG:read_dataset_event
[2024-11-09T19:17:38.085+0000] {logging_mixin.py:190} INFO - [2024-11-09T19:17:38.084+0000] {override.py:1911} INFO - Created Permission View: can read on DAG:read_dataset_event
[2024-11-09T19:17:38.107+0000] {logging_mixin.py:190} INFO - [2024-11-09T19:17:38.105+0000] {override.py:1911} INFO - Created Permission View: can edit on DAG:read_dataset_event
[2024-11-09T19:17:38.145+0000] {logging_mixin.py:190} INFO - [2024-11-09T19:17:38.144+0000] {override.py:1911} INFO - Created Permission View: menu access on DAG Run:read_dataset_event
[2024-11-09T19:17:38.165+0000] {logging_mixin.py:190} INFO - [2024-11-09T19:17:38.163+0000] {override.py:1911} INFO - Created Permission View: can delete on DAG Run:read_dataset_event
[2024-11-09T19:17:38.184+0000] {logging_mixin.py:190} INFO - [2024-11-09T19:17:38.183+0000] {override.py:1911} INFO - Created Permission View: can read on DAG Run:read_dataset_event
[2024-11-09T19:17:38.203+0000] {logging_mixin.py:190} INFO - [2024-11-09T19:17:38.202+0000] {override.py:1911} INFO - Created Permission View: can create on DAG Run:read_dataset_event
[2024-11-09T19:17:38.204+0000] {logging_mixin.py:190} INFO - [2024-11-09T19:17:38.203+0000] {dag.py:3239} INFO - Sync 2 DAGs
[2024-11-09T19:17:38.227+0000] {logging_mixin.py:190} INFO - [2024-11-09T19:17:38.226+0000] {dag.py:3262} INFO - Creating ORM DAG for read_dataset_event_from_classic
[2024-11-09T19:17:38.228+0000] {logging_mixin.py:190} INFO - [2024-11-09T19:17:38.227+0000] {dag.py:3262} INFO - Creating ORM DAG for read_dataset_event
[2024-11-09T19:17:38.248+0000] {logging_mixin.py:190} INFO - [2024-11-09T19:17:38.247+0000] {dag.py:4180} INFO - Setting next_dagrun for read_dataset_event to 2024-11-08 00:00:00+00:00, run_after=2024-11-09 00:00:00+00:00
[2024-11-09T19:17:38.250+0000] {logging_mixin.py:190} INFO - [2024-11-09T19:17:38.250+0000] {dag.py:4180} INFO - Setting next_dagrun for read_dataset_event_from_classic to 2024-11-08 00:00:00+00:00, run_after=2024-11-09 00:00:00+00:00
[2024-11-09T19:17:38.315+0000] {processor.py:208} INFO - Processing /home/chirag/airflow/lib/python3.12/site-packages/airflow/example_dags/example_inlet_event_extra.py took 0.925 seconds
[2024-11-09T19:28:21.702+0000] {processor.py:186} INFO - Started process (PID=499) to work on /home/chirag/airflow/lib/python3.12/site-packages/airflow/example_dags/example_inlet_event_extra.py
[2024-11-09T19:28:21.705+0000] {processor.py:914} INFO - Processing file /home/chirag/airflow/lib/python3.12/site-packages/airflow/example_dags/example_inlet_event_extra.py for tasks to queue
[2024-11-09T19:28:21.708+0000] {logging_mixin.py:190} INFO - [2024-11-09T19:28:21.707+0000] {dagbag.py:588} INFO - Filling up the DagBag from /home/chirag/airflow/lib/python3.12/site-packages/airflow/example_dags/example_inlet_event_extra.py
[2024-11-09T19:28:21.742+0000] {processor.py:925} INFO - DAG(s) 'read_dataset_event_from_classic', 'read_dataset_event' retrieved from /home/chirag/airflow/lib/python3.12/site-packages/airflow/example_dags/example_inlet_event_extra.py
[2024-11-09T19:28:21.820+0000] {logging_mixin.py:190} INFO - [2024-11-09T19:28:21.819+0000] {dag.py:3239} INFO - Sync 2 DAGs
[2024-11-09T19:28:21.905+0000] {logging_mixin.py:190} INFO - [2024-11-09T19:28:21.905+0000] {dag.py:4180} INFO - Setting next_dagrun for read_dataset_event to 2024-11-08 00:00:00+00:00, run_after=2024-11-09 00:00:00+00:00
[2024-11-09T19:28:21.921+0000] {logging_mixin.py:190} INFO - [2024-11-09T19:28:21.921+0000] {dag.py:4180} INFO - Setting next_dagrun for read_dataset_event_from_classic to 2024-11-08 00:00:00+00:00, run_after=2024-11-09 00:00:00+00:00
[2024-11-09T19:28:21.993+0000] {processor.py:208} INFO - Processing /home/chirag/airflow/lib/python3.12/site-packages/airflow/example_dags/example_inlet_event_extra.py took 0.304 seconds
[2024-11-09T19:29:35.436+0000] {processor.py:186} INFO - Started process (PID=589) to work on /home/chirag/airflow/lib/python3.12/site-packages/airflow/example_dags/example_inlet_event_extra.py
[2024-11-09T19:29:35.439+0000] {processor.py:914} INFO - Processing file /home/chirag/airflow/lib/python3.12/site-packages/airflow/example_dags/example_inlet_event_extra.py for tasks to queue
[2024-11-09T19:29:35.442+0000] {logging_mixin.py:190} INFO - [2024-11-09T19:29:35.441+0000] {dagbag.py:588} INFO - Filling up the DagBag from /home/chirag/airflow/lib/python3.12/site-packages/airflow/example_dags/example_inlet_event_extra.py
[2024-11-09T19:29:35.460+0000] {processor.py:925} INFO - DAG(s) 'read_dataset_event_from_classic', 'read_dataset_event' retrieved from /home/chirag/airflow/lib/python3.12/site-packages/airflow/example_dags/example_inlet_event_extra.py
[2024-11-09T19:29:35.484+0000] {logging_mixin.py:190} INFO - [2024-11-09T19:29:35.483+0000] {dag.py:3239} INFO - Sync 2 DAGs
[2024-11-09T19:29:35.513+0000] {logging_mixin.py:190} INFO - [2024-11-09T19:29:35.512+0000] {dag.py:4180} INFO - Setting next_dagrun for read_dataset_event to 2024-11-08 00:00:00+00:00, run_after=2024-11-09 00:00:00+00:00
[2024-11-09T19:29:35.519+0000] {logging_mixin.py:190} INFO - [2024-11-09T19:29:35.519+0000] {dag.py:4180} INFO - Setting next_dagrun for read_dataset_event_from_classic to 2024-11-08 00:00:00+00:00, run_after=2024-11-09 00:00:00+00:00
[2024-11-09T19:29:35.550+0000] {processor.py:208} INFO - Processing /home/chirag/airflow/lib/python3.12/site-packages/airflow/example_dags/example_inlet_event_extra.py took 0.121 seconds
[2024-11-09T19:30:55.625+0000] {processor.py:186} INFO - Started process (PID=662) to work on /home/chirag/airflow/lib/python3.12/site-packages/airflow/example_dags/example_inlet_event_extra.py
[2024-11-09T19:30:55.628+0000] {processor.py:914} INFO - Processing file /home/chirag/airflow/lib/python3.12/site-packages/airflow/example_dags/example_inlet_event_extra.py for tasks to queue
[2024-11-09T19:30:55.632+0000] {logging_mixin.py:190} INFO - [2024-11-09T19:30:55.631+0000] {dagbag.py:588} INFO - Filling up the DagBag from /home/chirag/airflow/lib/python3.12/site-packages/airflow/example_dags/example_inlet_event_extra.py
[2024-11-09T19:30:55.653+0000] {processor.py:925} INFO - DAG(s) 'read_dataset_event_from_classic', 'read_dataset_event' retrieved from /home/chirag/airflow/lib/python3.12/site-packages/airflow/example_dags/example_inlet_event_extra.py
[2024-11-09T19:30:55.678+0000] {logging_mixin.py:190} INFO - [2024-11-09T19:30:55.678+0000] {dag.py:3239} INFO - Sync 2 DAGs
[2024-11-09T19:30:55.716+0000] {logging_mixin.py:190} INFO - [2024-11-09T19:30:55.715+0000] {dag.py:4180} INFO - Setting next_dagrun for read_dataset_event to 2024-11-08 00:00:00+00:00, run_after=2024-11-09 00:00:00+00:00
[2024-11-09T19:30:55.724+0000] {logging_mixin.py:190} INFO - [2024-11-09T19:30:55.724+0000] {dag.py:4180} INFO - Setting next_dagrun for read_dataset_event_from_classic to 2024-11-08 00:00:00+00:00, run_after=2024-11-09 00:00:00+00:00
[2024-11-09T19:30:55.756+0000] {processor.py:208} INFO - Processing /home/chirag/airflow/lib/python3.12/site-packages/airflow/example_dags/example_inlet_event_extra.py took 0.140 seconds
[2024-11-09T19:32:34.303+0000] {processor.py:186} INFO - Started process (PID=1484) to work on /home/chirag/airflow/lib/python3.12/site-packages/airflow/example_dags/example_inlet_event_extra.py
[2024-11-09T19:32:34.325+0000] {processor.py:914} INFO - Processing file /home/chirag/airflow/lib/python3.12/site-packages/airflow/example_dags/example_inlet_event_extra.py for tasks to queue
[2024-11-09T19:32:34.330+0000] {logging_mixin.py:190} INFO - [2024-11-09T19:32:34.329+0000] {dagbag.py:588} INFO - Filling up the DagBag from /home/chirag/airflow/lib/python3.12/site-packages/airflow/example_dags/example_inlet_event_extra.py
[2024-11-09T19:32:34.354+0000] {processor.py:925} INFO - DAG(s) 'read_dataset_event', 'read_dataset_event_from_classic' retrieved from /home/chirag/airflow/lib/python3.12/site-packages/airflow/example_dags/example_inlet_event_extra.py
[2024-11-09T19:32:34.390+0000] {logging_mixin.py:190} INFO - [2024-11-09T19:32:34.389+0000] {dag.py:3239} INFO - Sync 2 DAGs
[2024-11-09T19:32:34.433+0000] {logging_mixin.py:190} INFO - [2024-11-09T19:32:34.433+0000] {dag.py:4180} INFO - Setting next_dagrun for read_dataset_event to 2024-11-08 00:00:00+00:00, run_after=2024-11-09 00:00:00+00:00
[2024-11-09T19:32:34.440+0000] {logging_mixin.py:190} INFO - [2024-11-09T19:32:34.439+0000] {dag.py:4180} INFO - Setting next_dagrun for read_dataset_event_from_classic to 2024-11-08 00:00:00+00:00, run_after=2024-11-09 00:00:00+00:00
[2024-11-09T19:32:34.510+0000] {processor.py:208} INFO - Processing /home/chirag/airflow/lib/python3.12/site-packages/airflow/example_dags/example_inlet_event_extra.py took 0.216 seconds
[2024-11-09T19:33:57.816+0000] {processor.py:186} INFO - Started process (PID=2081) to work on /home/chirag/airflow/lib/python3.12/site-packages/airflow/example_dags/example_inlet_event_extra.py
[2024-11-09T19:33:57.819+0000] {processor.py:914} INFO - Processing file /home/chirag/airflow/lib/python3.12/site-packages/airflow/example_dags/example_inlet_event_extra.py for tasks to queue
[2024-11-09T19:33:57.823+0000] {logging_mixin.py:190} INFO - [2024-11-09T19:33:57.822+0000] {dagbag.py:588} INFO - Filling up the DagBag from /home/chirag/airflow/lib/python3.12/site-packages/airflow/example_dags/example_inlet_event_extra.py
[2024-11-09T19:33:57.842+0000] {processor.py:925} INFO - DAG(s) 'read_dataset_event', 'read_dataset_event_from_classic' retrieved from /home/chirag/airflow/lib/python3.12/site-packages/airflow/example_dags/example_inlet_event_extra.py
[2024-11-09T19:33:57.867+0000] {logging_mixin.py:190} INFO - [2024-11-09T19:33:57.866+0000] {dag.py:3239} INFO - Sync 2 DAGs
[2024-11-09T19:33:57.898+0000] {logging_mixin.py:190} INFO - [2024-11-09T19:33:57.898+0000] {dag.py:4180} INFO - Setting next_dagrun for read_dataset_event to 2024-11-08 00:00:00+00:00, run_after=2024-11-09 00:00:00+00:00
[2024-11-09T19:33:57.907+0000] {logging_mixin.py:190} INFO - [2024-11-09T19:33:57.907+0000] {dag.py:4180} INFO - Setting next_dagrun for read_dataset_event_from_classic to 2024-11-08 00:00:00+00:00, run_after=2024-11-09 00:00:00+00:00
[2024-11-09T19:33:58.090+0000] {processor.py:208} INFO - Processing /home/chirag/airflow/lib/python3.12/site-packages/airflow/example_dags/example_inlet_event_extra.py took 0.283 seconds
[2024-11-09T19:35:23.613+0000] {processor.py:186} INFO - Started process (PID=2644) to work on /home/chirag/airflow/lib/python3.12/site-packages/airflow/example_dags/example_inlet_event_extra.py
[2024-11-09T19:35:23.619+0000] {processor.py:914} INFO - Processing file /home/chirag/airflow/lib/python3.12/site-packages/airflow/example_dags/example_inlet_event_extra.py for tasks to queue
[2024-11-09T19:35:23.625+0000] {logging_mixin.py:190} INFO - [2024-11-09T19:35:23.624+0000] {dagbag.py:588} INFO - Filling up the DagBag from /home/chirag/airflow/lib/python3.12/site-packages/airflow/example_dags/example_inlet_event_extra.py
[2024-11-09T19:35:23.656+0000] {processor.py:925} INFO - DAG(s) 'read_dataset_event_from_classic', 'read_dataset_event' retrieved from /home/chirag/airflow/lib/python3.12/site-packages/airflow/example_dags/example_inlet_event_extra.py
[2024-11-09T19:35:23.683+0000] {logging_mixin.py:190} INFO - [2024-11-09T19:35:23.683+0000] {dag.py:3239} INFO - Sync 2 DAGs
[2024-11-09T19:35:23.735+0000] {logging_mixin.py:190} INFO - [2024-11-09T19:35:23.734+0000] {dag.py:4180} INFO - Setting next_dagrun for read_dataset_event to 2024-11-08 00:00:00+00:00, run_after=2024-11-09 00:00:00+00:00
[2024-11-09T19:35:23.743+0000] {logging_mixin.py:190} INFO - [2024-11-09T19:35:23.742+0000] {dag.py:4180} INFO - Setting next_dagrun for read_dataset_event_from_classic to 2024-11-08 00:00:00+00:00, run_after=2024-11-09 00:00:00+00:00
[2024-11-09T19:35:23.792+0000] {processor.py:208} INFO - Processing /home/chirag/airflow/lib/python3.12/site-packages/airflow/example_dags/example_inlet_event_extra.py took 0.190 seconds
[2024-11-09T19:36:47.909+0000] {processor.py:186} INFO - Started process (PID=2872) to work on /home/chirag/airflow/lib/python3.12/site-packages/airflow/example_dags/example_inlet_event_extra.py
[2024-11-09T19:36:47.912+0000] {processor.py:914} INFO - Processing file /home/chirag/airflow/lib/python3.12/site-packages/airflow/example_dags/example_inlet_event_extra.py for tasks to queue
[2024-11-09T19:36:47.915+0000] {logging_mixin.py:190} INFO - [2024-11-09T19:36:47.915+0000] {dagbag.py:588} INFO - Filling up the DagBag from /home/chirag/airflow/lib/python3.12/site-packages/airflow/example_dags/example_inlet_event_extra.py
[2024-11-09T19:36:47.943+0000] {processor.py:925} INFO - DAG(s) 'read_dataset_event_from_classic', 'read_dataset_event' retrieved from /home/chirag/airflow/lib/python3.12/site-packages/airflow/example_dags/example_inlet_event_extra.py
[2024-11-09T19:36:47.969+0000] {logging_mixin.py:190} INFO - [2024-11-09T19:36:47.969+0000] {dag.py:3239} INFO - Sync 2 DAGs
[2024-11-09T19:36:48.009+0000] {logging_mixin.py:190} INFO - [2024-11-09T19:36:48.008+0000] {dag.py:4180} INFO - Setting next_dagrun for read_dataset_event to 2024-11-08 00:00:00+00:00, run_after=2024-11-09 00:00:00+00:00
[2024-11-09T19:36:48.017+0000] {logging_mixin.py:190} INFO - [2024-11-09T19:36:48.016+0000] {dag.py:4180} INFO - Setting next_dagrun for read_dataset_event_from_classic to 2024-11-08 00:00:00+00:00, run_after=2024-11-09 00:00:00+00:00
[2024-11-09T19:36:48.067+0000] {processor.py:208} INFO - Processing /home/chirag/airflow/lib/python3.12/site-packages/airflow/example_dags/example_inlet_event_extra.py took 0.166 seconds
[2024-11-09T19:37:57.402+0000] {processor.py:186} INFO - Started process (PID=3165) to work on /home/chirag/airflow/lib/python3.12/site-packages/airflow/example_dags/example_inlet_event_extra.py
[2024-11-09T19:37:57.405+0000] {processor.py:914} INFO - Processing file /home/chirag/airflow/lib/python3.12/site-packages/airflow/example_dags/example_inlet_event_extra.py for tasks to queue
[2024-11-09T19:37:57.409+0000] {logging_mixin.py:190} INFO - [2024-11-09T19:37:57.408+0000] {dagbag.py:588} INFO - Filling up the DagBag from /home/chirag/airflow/lib/python3.12/site-packages/airflow/example_dags/example_inlet_event_extra.py
[2024-11-09T19:37:57.427+0000] {processor.py:925} INFO - DAG(s) 'read_dataset_event_from_classic', 'read_dataset_event' retrieved from /home/chirag/airflow/lib/python3.12/site-packages/airflow/example_dags/example_inlet_event_extra.py
[2024-11-09T19:37:57.451+0000] {logging_mixin.py:190} INFO - [2024-11-09T19:37:57.451+0000] {dag.py:3239} INFO - Sync 2 DAGs
[2024-11-09T19:37:57.484+0000] {logging_mixin.py:190} INFO - [2024-11-09T19:37:57.484+0000] {dag.py:4180} INFO - Setting next_dagrun for read_dataset_event to 2024-11-08 00:00:00+00:00, run_after=2024-11-09 00:00:00+00:00
[2024-11-09T19:37:57.493+0000] {logging_mixin.py:190} INFO - [2024-11-09T19:37:57.492+0000] {dag.py:4180} INFO - Setting next_dagrun for read_dataset_event_from_classic to 2024-11-08 00:00:00+00:00, run_after=2024-11-09 00:00:00+00:00
[2024-11-09T19:37:57.527+0000] {processor.py:208} INFO - Processing /home/chirag/airflow/lib/python3.12/site-packages/airflow/example_dags/example_inlet_event_extra.py took 0.133 seconds
[2024-11-09T19:39:11.836+0000] {processor.py:186} INFO - Started process (PID=3457) to work on /home/chirag/airflow/lib/python3.12/site-packages/airflow/example_dags/example_inlet_event_extra.py
[2024-11-09T19:39:11.841+0000] {processor.py:914} INFO - Processing file /home/chirag/airflow/lib/python3.12/site-packages/airflow/example_dags/example_inlet_event_extra.py for tasks to queue
[2024-11-09T19:39:11.847+0000] {logging_mixin.py:190} INFO - [2024-11-09T19:39:11.846+0000] {dagbag.py:588} INFO - Filling up the DagBag from /home/chirag/airflow/lib/python3.12/site-packages/airflow/example_dags/example_inlet_event_extra.py
[2024-11-09T19:39:11.880+0000] {processor.py:925} INFO - DAG(s) 'read_dataset_event', 'read_dataset_event_from_classic' retrieved from /home/chirag/airflow/lib/python3.12/site-packages/airflow/example_dags/example_inlet_event_extra.py
[2024-11-09T19:39:11.910+0000] {logging_mixin.py:190} INFO - [2024-11-09T19:39:11.909+0000] {dag.py:3239} INFO - Sync 2 DAGs
[2024-11-09T19:39:11.968+0000] {logging_mixin.py:190} INFO - [2024-11-09T19:39:11.968+0000] {dag.py:4180} INFO - Setting next_dagrun for read_dataset_event to 2024-11-08 00:00:00+00:00, run_after=2024-11-09 00:00:00+00:00
[2024-11-09T19:39:11.977+0000] {logging_mixin.py:190} INFO - [2024-11-09T19:39:11.977+0000] {dag.py:4180} INFO - Setting next_dagrun for read_dataset_event_from_classic to 2024-11-08 00:00:00+00:00, run_after=2024-11-09 00:00:00+00:00
[2024-11-09T19:39:12.019+0000] {processor.py:208} INFO - Processing /home/chirag/airflow/lib/python3.12/site-packages/airflow/example_dags/example_inlet_event_extra.py took 0.218 seconds
[2024-11-09T19:40:38.572+0000] {processor.py:186} INFO - Started process (PID=3691) to work on /home/chirag/airflow/lib/python3.12/site-packages/airflow/example_dags/example_inlet_event_extra.py
[2024-11-09T19:40:38.575+0000] {processor.py:914} INFO - Processing file /home/chirag/airflow/lib/python3.12/site-packages/airflow/example_dags/example_inlet_event_extra.py for tasks to queue
[2024-11-09T19:40:38.579+0000] {logging_mixin.py:190} INFO - [2024-11-09T19:40:38.578+0000] {dagbag.py:588} INFO - Filling up the DagBag from /home/chirag/airflow/lib/python3.12/site-packages/airflow/example_dags/example_inlet_event_extra.py
[2024-11-09T19:40:38.600+0000] {processor.py:925} INFO - DAG(s) 'read_dataset_event', 'read_dataset_event_from_classic' retrieved from /home/chirag/airflow/lib/python3.12/site-packages/airflow/example_dags/example_inlet_event_extra.py
[2024-11-09T19:40:38.626+0000] {logging_mixin.py:190} INFO - [2024-11-09T19:40:38.625+0000] {dag.py:3239} INFO - Sync 2 DAGs
[2024-11-09T19:40:38.661+0000] {logging_mixin.py:190} INFO - [2024-11-09T19:40:38.661+0000] {dag.py:4180} INFO - Setting next_dagrun for read_dataset_event to 2024-11-08 00:00:00+00:00, run_after=2024-11-09 00:00:00+00:00
[2024-11-09T19:40:38.667+0000] {logging_mixin.py:190} INFO - [2024-11-09T19:40:38.667+0000] {dag.py:4180} INFO - Setting next_dagrun for read_dataset_event_from_classic to 2024-11-08 00:00:00+00:00, run_after=2024-11-09 00:00:00+00:00
[2024-11-09T19:40:38.700+0000] {processor.py:208} INFO - Processing /home/chirag/airflow/lib/python3.12/site-packages/airflow/example_dags/example_inlet_event_extra.py took 0.136 seconds
[2024-11-09T19:41:50.817+0000] {processor.py:186} INFO - Started process (PID=3893) to work on /home/chirag/airflow/lib/python3.12/site-packages/airflow/example_dags/example_inlet_event_extra.py
[2024-11-09T19:41:50.820+0000] {processor.py:914} INFO - Processing file /home/chirag/airflow/lib/python3.12/site-packages/airflow/example_dags/example_inlet_event_extra.py for tasks to queue
[2024-11-09T19:41:50.824+0000] {logging_mixin.py:190} INFO - [2024-11-09T19:41:50.823+0000] {dagbag.py:588} INFO - Filling up the DagBag from /home/chirag/airflow/lib/python3.12/site-packages/airflow/example_dags/example_inlet_event_extra.py
[2024-11-09T19:41:50.843+0000] {processor.py:925} INFO - DAG(s) 'read_dataset_event', 'read_dataset_event_from_classic' retrieved from /home/chirag/airflow/lib/python3.12/site-packages/airflow/example_dags/example_inlet_event_extra.py
[2024-11-09T19:41:50.868+0000] {logging_mixin.py:190} INFO - [2024-11-09T19:41:50.868+0000] {dag.py:3239} INFO - Sync 2 DAGs
[2024-11-09T19:41:50.902+0000] {logging_mixin.py:190} INFO - [2024-11-09T19:41:50.901+0000] {dag.py:4180} INFO - Setting next_dagrun for read_dataset_event to 2024-11-08 00:00:00+00:00, run_after=2024-11-09 00:00:00+00:00
[2024-11-09T19:41:50.909+0000] {logging_mixin.py:190} INFO - [2024-11-09T19:41:50.909+0000] {dag.py:4180} INFO - Setting next_dagrun for read_dataset_event_from_classic to 2024-11-08 00:00:00+00:00, run_after=2024-11-09 00:00:00+00:00
[2024-11-09T19:41:50.942+0000] {processor.py:208} INFO - Processing /home/chirag/airflow/lib/python3.12/site-packages/airflow/example_dags/example_inlet_event_extra.py took 0.134 seconds
[2024-11-09T19:43:08.124+0000] {processor.py:186} INFO - Started process (PID=4120) to work on /home/chirag/airflow/lib/python3.12/site-packages/airflow/example_dags/example_inlet_event_extra.py
[2024-11-09T19:43:08.134+0000] {processor.py:914} INFO - Processing file /home/chirag/airflow/lib/python3.12/site-packages/airflow/example_dags/example_inlet_event_extra.py for tasks to queue
[2024-11-09T19:43:08.139+0000] {logging_mixin.py:190} INFO - [2024-11-09T19:43:08.138+0000] {dagbag.py:588} INFO - Filling up the DagBag from /home/chirag/airflow/lib/python3.12/site-packages/airflow/example_dags/example_inlet_event_extra.py
[2024-11-09T19:43:08.177+0000] {processor.py:925} INFO - DAG(s) 'read_dataset_event', 'read_dataset_event_from_classic' retrieved from /home/chirag/airflow/lib/python3.12/site-packages/airflow/example_dags/example_inlet_event_extra.py
[2024-11-09T19:43:08.229+0000] {logging_mixin.py:190} INFO - [2024-11-09T19:43:08.228+0000] {dag.py:3239} INFO - Sync 2 DAGs
[2024-11-09T19:43:08.287+0000] {logging_mixin.py:190} INFO - [2024-11-09T19:43:08.287+0000] {dag.py:4180} INFO - Setting next_dagrun for read_dataset_event to 2024-11-08 00:00:00+00:00, run_after=2024-11-09 00:00:00+00:00
[2024-11-09T19:43:08.297+0000] {logging_mixin.py:190} INFO - [2024-11-09T19:43:08.297+0000] {dag.py:4180} INFO - Setting next_dagrun for read_dataset_event_from_classic to 2024-11-08 00:00:00+00:00, run_after=2024-11-09 00:00:00+00:00
[2024-11-09T19:43:08.380+0000] {processor.py:208} INFO - Processing /home/chirag/airflow/lib/python3.12/site-packages/airflow/example_dags/example_inlet_event_extra.py took 0.277 seconds
[2024-11-09T19:44:23.684+0000] {processor.py:186} INFO - Started process (PID=4333) to work on /home/chirag/airflow/lib/python3.12/site-packages/airflow/example_dags/example_inlet_event_extra.py
[2024-11-09T19:44:23.687+0000] {processor.py:914} INFO - Processing file /home/chirag/airflow/lib/python3.12/site-packages/airflow/example_dags/example_inlet_event_extra.py for tasks to queue
[2024-11-09T19:44:23.690+0000] {logging_mixin.py:190} INFO - [2024-11-09T19:44:23.689+0000] {dagbag.py:588} INFO - Filling up the DagBag from /home/chirag/airflow/lib/python3.12/site-packages/airflow/example_dags/example_inlet_event_extra.py
[2024-11-09T19:44:23.709+0000] {processor.py:925} INFO - DAG(s) 'read_dataset_event_from_classic', 'read_dataset_event' retrieved from /home/chirag/airflow/lib/python3.12/site-packages/airflow/example_dags/example_inlet_event_extra.py
[2024-11-09T19:44:23.732+0000] {logging_mixin.py:190} INFO - [2024-11-09T19:44:23.732+0000] {dag.py:3239} INFO - Sync 2 DAGs
[2024-11-09T19:44:23.766+0000] {logging_mixin.py:190} INFO - [2024-11-09T19:44:23.765+0000] {dag.py:4180} INFO - Setting next_dagrun for read_dataset_event to 2024-11-08 00:00:00+00:00, run_after=2024-11-09 00:00:00+00:00
[2024-11-09T19:44:23.774+0000] {logging_mixin.py:190} INFO - [2024-11-09T19:44:23.773+0000] {dag.py:4180} INFO - Setting next_dagrun for read_dataset_event_from_classic to 2024-11-08 00:00:00+00:00, run_after=2024-11-09 00:00:00+00:00
[2024-11-09T19:44:23.810+0000] {processor.py:208} INFO - Processing /home/chirag/airflow/lib/python3.12/site-packages/airflow/example_dags/example_inlet_event_extra.py took 0.134 seconds
[2024-11-09T19:46:05.667+0000] {processor.py:186} INFO - Started process (PID=4626) to work on /home/chirag/airflow/lib/python3.12/site-packages/airflow/example_dags/example_inlet_event_extra.py
[2024-11-09T19:46:05.670+0000] {processor.py:914} INFO - Processing file /home/chirag/airflow/lib/python3.12/site-packages/airflow/example_dags/example_inlet_event_extra.py for tasks to queue
[2024-11-09T19:46:05.673+0000] {logging_mixin.py:190} INFO - [2024-11-09T19:46:05.673+0000] {dagbag.py:588} INFO - Filling up the DagBag from /home/chirag/airflow/lib/python3.12/site-packages/airflow/example_dags/example_inlet_event_extra.py
[2024-11-09T19:46:05.697+0000] {processor.py:925} INFO - DAG(s) 'read_dataset_event', 'read_dataset_event_from_classic' retrieved from /home/chirag/airflow/lib/python3.12/site-packages/airflow/example_dags/example_inlet_event_extra.py
[2024-11-09T19:46:05.741+0000] {logging_mixin.py:190} INFO - [2024-11-09T19:46:05.740+0000] {dag.py:3239} INFO - Sync 2 DAGs
[2024-11-09T19:46:05.833+0000] {logging_mixin.py:190} INFO - [2024-11-09T19:46:05.832+0000] {dag.py:4180} INFO - Setting next_dagrun for read_dataset_event to 2024-11-08 00:00:00+00:00, run_after=2024-11-09 00:00:00+00:00
[2024-11-09T19:46:05.844+0000] {logging_mixin.py:190} INFO - [2024-11-09T19:46:05.844+0000] {dag.py:4180} INFO - Setting next_dagrun for read_dataset_event_from_classic to 2024-11-08 00:00:00+00:00, run_after=2024-11-09 00:00:00+00:00
[2024-11-09T19:46:05.896+0000] {processor.py:208} INFO - Processing /home/chirag/airflow/lib/python3.12/site-packages/airflow/example_dags/example_inlet_event_extra.py took 0.238 seconds
[2024-11-09T19:47:28.281+0000] {processor.py:186} INFO - Started process (PID=4904) to work on /home/chirag/airflow/lib/python3.12/site-packages/airflow/example_dags/example_inlet_event_extra.py
[2024-11-09T19:47:28.284+0000] {processor.py:914} INFO - Processing file /home/chirag/airflow/lib/python3.12/site-packages/airflow/example_dags/example_inlet_event_extra.py for tasks to queue
[2024-11-09T19:47:28.287+0000] {logging_mixin.py:190} INFO - [2024-11-09T19:47:28.286+0000] {dagbag.py:588} INFO - Filling up the DagBag from /home/chirag/airflow/lib/python3.12/site-packages/airflow/example_dags/example_inlet_event_extra.py
[2024-11-09T19:47:28.307+0000] {processor.py:925} INFO - DAG(s) 'read_dataset_event', 'read_dataset_event_from_classic' retrieved from /home/chirag/airflow/lib/python3.12/site-packages/airflow/example_dags/example_inlet_event_extra.py
[2024-11-09T19:47:28.330+0000] {logging_mixin.py:190} INFO - [2024-11-09T19:47:28.330+0000] {dag.py:3239} INFO - Sync 2 DAGs
[2024-11-09T19:47:28.360+0000] {logging_mixin.py:190} INFO - [2024-11-09T19:47:28.360+0000] {dag.py:4180} INFO - Setting next_dagrun for read_dataset_event to 2024-11-08 00:00:00+00:00, run_after=2024-11-09 00:00:00+00:00
[2024-11-09T19:47:28.366+0000] {logging_mixin.py:190} INFO - [2024-11-09T19:47:28.366+0000] {dag.py:4180} INFO - Setting next_dagrun for read_dataset_event_from_classic to 2024-11-08 00:00:00+00:00, run_after=2024-11-09 00:00:00+00:00
[2024-11-09T19:47:28.397+0000] {processor.py:208} INFO - Processing /home/chirag/airflow/lib/python3.12/site-packages/airflow/example_dags/example_inlet_event_extra.py took 0.124 seconds
[2024-11-09T19:48:46.369+0000] {processor.py:186} INFO - Started process (PID=5132) to work on /home/chirag/airflow/lib/python3.12/site-packages/airflow/example_dags/example_inlet_event_extra.py
[2024-11-09T19:48:46.373+0000] {processor.py:914} INFO - Processing file /home/chirag/airflow/lib/python3.12/site-packages/airflow/example_dags/example_inlet_event_extra.py for tasks to queue
[2024-11-09T19:48:46.377+0000] {logging_mixin.py:190} INFO - [2024-11-09T19:48:46.377+0000] {dagbag.py:588} INFO - Filling up the DagBag from /home/chirag/airflow/lib/python3.12/site-packages/airflow/example_dags/example_inlet_event_extra.py
[2024-11-09T19:48:46.402+0000] {processor.py:925} INFO - DAG(s) 'read_dataset_event', 'read_dataset_event_from_classic' retrieved from /home/chirag/airflow/lib/python3.12/site-packages/airflow/example_dags/example_inlet_event_extra.py
[2024-11-09T19:48:46.428+0000] {logging_mixin.py:190} INFO - [2024-11-09T19:48:46.428+0000] {dag.py:3239} INFO - Sync 2 DAGs
[2024-11-09T19:48:46.462+0000] {logging_mixin.py:190} INFO - [2024-11-09T19:48:46.462+0000] {dag.py:4180} INFO - Setting next_dagrun for read_dataset_event to 2024-11-08 00:00:00+00:00, run_after=2024-11-09 00:00:00+00:00
[2024-11-09T19:48:46.470+0000] {logging_mixin.py:190} INFO - [2024-11-09T19:48:46.469+0000] {dag.py:4180} INFO - Setting next_dagrun for read_dataset_event_from_classic to 2024-11-08 00:00:00+00:00, run_after=2024-11-09 00:00:00+00:00
[2024-11-09T19:48:46.507+0000] {processor.py:208} INFO - Processing /home/chirag/airflow/lib/python3.12/site-packages/airflow/example_dags/example_inlet_event_extra.py took 0.146 seconds
[2024-11-09T19:50:00.494+0000] {processor.py:186} INFO - Started process (PID=5446) to work on /home/chirag/airflow/lib/python3.12/site-packages/airflow/example_dags/example_inlet_event_extra.py
[2024-11-09T19:50:00.498+0000] {processor.py:914} INFO - Processing file /home/chirag/airflow/lib/python3.12/site-packages/airflow/example_dags/example_inlet_event_extra.py for tasks to queue
[2024-11-09T19:50:00.501+0000] {logging_mixin.py:190} INFO - [2024-11-09T19:50:00.500+0000] {dagbag.py:588} INFO - Filling up the DagBag from /home/chirag/airflow/lib/python3.12/site-packages/airflow/example_dags/example_inlet_event_extra.py
[2024-11-09T19:50:00.521+0000] {processor.py:925} INFO - DAG(s) 'read_dataset_event_from_classic', 'read_dataset_event' retrieved from /home/chirag/airflow/lib/python3.12/site-packages/airflow/example_dags/example_inlet_event_extra.py
[2024-11-09T19:50:00.546+0000] {logging_mixin.py:190} INFO - [2024-11-09T19:50:00.546+0000] {dag.py:3239} INFO - Sync 2 DAGs
[2024-11-09T19:50:00.581+0000] {logging_mixin.py:190} INFO - [2024-11-09T19:50:00.580+0000] {dag.py:4180} INFO - Setting next_dagrun for read_dataset_event to 2024-11-08 00:00:00+00:00, run_after=2024-11-09 00:00:00+00:00
[2024-11-09T19:50:00.588+0000] {logging_mixin.py:190} INFO - [2024-11-09T19:50:00.588+0000] {dag.py:4180} INFO - Setting next_dagrun for read_dataset_event_from_classic to 2024-11-08 00:00:00+00:00, run_after=2024-11-09 00:00:00+00:00
[2024-11-09T19:50:00.621+0000] {processor.py:208} INFO - Processing /home/chirag/airflow/lib/python3.12/site-packages/airflow/example_dags/example_inlet_event_extra.py took 0.136 seconds
[2024-11-09T19:51:10.773+0000] {processor.py:186} INFO - Started process (PID=6028) to work on /home/chirag/airflow/lib/python3.12/site-packages/airflow/example_dags/example_inlet_event_extra.py
[2024-11-09T19:51:10.775+0000] {processor.py:914} INFO - Processing file /home/chirag/airflow/lib/python3.12/site-packages/airflow/example_dags/example_inlet_event_extra.py for tasks to queue
[2024-11-09T19:51:10.779+0000] {logging_mixin.py:190} INFO - [2024-11-09T19:51:10.778+0000] {dagbag.py:588} INFO - Filling up the DagBag from /home/chirag/airflow/lib/python3.12/site-packages/airflow/example_dags/example_inlet_event_extra.py
[2024-11-09T19:51:10.799+0000] {processor.py:925} INFO - DAG(s) 'read_dataset_event', 'read_dataset_event_from_classic' retrieved from /home/chirag/airflow/lib/python3.12/site-packages/airflow/example_dags/example_inlet_event_extra.py
[2024-11-09T19:51:10.830+0000] {logging_mixin.py:190} INFO - [2024-11-09T19:51:10.830+0000] {dag.py:3239} INFO - Sync 2 DAGs
[2024-11-09T19:51:10.865+0000] {logging_mixin.py:190} INFO - [2024-11-09T19:51:10.864+0000] {dag.py:4180} INFO - Setting next_dagrun for read_dataset_event to 2024-11-08 00:00:00+00:00, run_after=2024-11-09 00:00:00+00:00
[2024-11-09T19:51:10.871+0000] {logging_mixin.py:190} INFO - [2024-11-09T19:51:10.871+0000] {dag.py:4180} INFO - Setting next_dagrun for read_dataset_event_from_classic to 2024-11-08 00:00:00+00:00, run_after=2024-11-09 00:00:00+00:00
[2024-11-09T19:51:10.903+0000] {processor.py:208} INFO - Processing /home/chirag/airflow/lib/python3.12/site-packages/airflow/example_dags/example_inlet_event_extra.py took 0.138 seconds
[2024-11-09T19:52:44.872+0000] {processor.py:186} INFO - Started process (PID=6439) to work on /home/chirag/airflow/lib/python3.12/site-packages/airflow/example_dags/example_inlet_event_extra.py
[2024-11-09T19:52:44.875+0000] {processor.py:914} INFO - Processing file /home/chirag/airflow/lib/python3.12/site-packages/airflow/example_dags/example_inlet_event_extra.py for tasks to queue
[2024-11-09T19:52:44.879+0000] {logging_mixin.py:190} INFO - [2024-11-09T19:52:44.878+0000] {dagbag.py:588} INFO - Filling up the DagBag from /home/chirag/airflow/lib/python3.12/site-packages/airflow/example_dags/example_inlet_event_extra.py
[2024-11-09T19:52:44.897+0000] {processor.py:925} INFO - DAG(s) 'read_dataset_event_from_classic', 'read_dataset_event' retrieved from /home/chirag/airflow/lib/python3.12/site-packages/airflow/example_dags/example_inlet_event_extra.py
[2024-11-09T19:52:44.921+0000] {logging_mixin.py:190} INFO - [2024-11-09T19:52:44.921+0000] {dag.py:3239} INFO - Sync 2 DAGs
[2024-11-09T19:52:44.954+0000] {logging_mixin.py:190} INFO - [2024-11-09T19:52:44.953+0000] {dag.py:4180} INFO - Setting next_dagrun for read_dataset_event to 2024-11-08 00:00:00+00:00, run_after=2024-11-09 00:00:00+00:00
[2024-11-09T19:52:44.960+0000] {logging_mixin.py:190} INFO - [2024-11-09T19:52:44.960+0000] {dag.py:4180} INFO - Setting next_dagrun for read_dataset_event_from_classic to 2024-11-08 00:00:00+00:00, run_after=2024-11-09 00:00:00+00:00
[2024-11-09T19:52:44.993+0000] {processor.py:208} INFO - Processing /home/chirag/airflow/lib/python3.12/site-packages/airflow/example_dags/example_inlet_event_extra.py took 0.129 seconds
[2024-11-09T19:54:15.287+0000] {processor.py:186} INFO - Started process (PID=7077) to work on /home/chirag/airflow/lib/python3.12/site-packages/airflow/example_dags/example_inlet_event_extra.py
[2024-11-09T19:54:15.290+0000] {processor.py:914} INFO - Processing file /home/chirag/airflow/lib/python3.12/site-packages/airflow/example_dags/example_inlet_event_extra.py for tasks to queue
[2024-11-09T19:54:15.293+0000] {logging_mixin.py:190} INFO - [2024-11-09T19:54:15.293+0000] {dagbag.py:588} INFO - Filling up the DagBag from /home/chirag/airflow/lib/python3.12/site-packages/airflow/example_dags/example_inlet_event_extra.py
[2024-11-09T19:54:15.313+0000] {processor.py:925} INFO - DAG(s) 'read_dataset_event_from_classic', 'read_dataset_event' retrieved from /home/chirag/airflow/lib/python3.12/site-packages/airflow/example_dags/example_inlet_event_extra.py
[2024-11-09T19:54:15.337+0000] {logging_mixin.py:190} INFO - [2024-11-09T19:54:15.337+0000] {dag.py:3239} INFO - Sync 2 DAGs
[2024-11-09T19:54:15.377+0000] {logging_mixin.py:190} INFO - [2024-11-09T19:54:15.376+0000] {dag.py:4180} INFO - Setting next_dagrun for read_dataset_event to 2024-11-08 00:00:00+00:00, run_after=2024-11-09 00:00:00+00:00
[2024-11-09T19:54:15.384+0000] {logging_mixin.py:190} INFO - [2024-11-09T19:54:15.384+0000] {dag.py:4180} INFO - Setting next_dagrun for read_dataset_event_from_classic to 2024-11-08 00:00:00+00:00, run_after=2024-11-09 00:00:00+00:00
[2024-11-09T19:54:15.427+0000] {processor.py:208} INFO - Processing /home/chirag/airflow/lib/python3.12/site-packages/airflow/example_dags/example_inlet_event_extra.py took 0.148 seconds
[2024-11-09T19:55:31.541+0000] {processor.py:186} INFO - Started process (PID=7672) to work on /home/chirag/airflow/lib/python3.12/site-packages/airflow/example_dags/example_inlet_event_extra.py
[2024-11-09T19:55:31.543+0000] {processor.py:914} INFO - Processing file /home/chirag/airflow/lib/python3.12/site-packages/airflow/example_dags/example_inlet_event_extra.py for tasks to queue
[2024-11-09T19:55:31.549+0000] {logging_mixin.py:190} INFO - [2024-11-09T19:55:31.548+0000] {dagbag.py:588} INFO - Filling up the DagBag from /home/chirag/airflow/lib/python3.12/site-packages/airflow/example_dags/example_inlet_event_extra.py
[2024-11-09T19:55:31.577+0000] {processor.py:925} INFO - DAG(s) 'read_dataset_event_from_classic', 'read_dataset_event' retrieved from /home/chirag/airflow/lib/python3.12/site-packages/airflow/example_dags/example_inlet_event_extra.py
[2024-11-09T19:55:31.617+0000] {logging_mixin.py:190} INFO - [2024-11-09T19:55:31.616+0000] {dag.py:3239} INFO - Sync 2 DAGs
[2024-11-09T19:55:31.688+0000] {logging_mixin.py:190} INFO - [2024-11-09T19:55:31.688+0000] {dag.py:4180} INFO - Setting next_dagrun for read_dataset_event to 2024-11-08 00:00:00+00:00, run_after=2024-11-09 00:00:00+00:00
[2024-11-09T19:55:31.700+0000] {logging_mixin.py:190} INFO - [2024-11-09T19:55:31.700+0000] {dag.py:4180} INFO - Setting next_dagrun for read_dataset_event_from_classic to 2024-11-08 00:00:00+00:00, run_after=2024-11-09 00:00:00+00:00
[2024-11-09T19:55:31.757+0000] {processor.py:208} INFO - Processing /home/chirag/airflow/lib/python3.12/site-packages/airflow/example_dags/example_inlet_event_extra.py took 0.224 seconds
[2024-11-09T19:57:04.634+0000] {processor.py:186} INFO - Started process (PID=8048) to work on /home/chirag/airflow/lib/python3.12/site-packages/airflow/example_dags/example_inlet_event_extra.py
[2024-11-09T19:57:04.638+0000] {processor.py:914} INFO - Processing file /home/chirag/airflow/lib/python3.12/site-packages/airflow/example_dags/example_inlet_event_extra.py for tasks to queue
[2024-11-09T19:57:04.642+0000] {logging_mixin.py:190} INFO - [2024-11-09T19:57:04.641+0000] {dagbag.py:588} INFO - Filling up the DagBag from /home/chirag/airflow/lib/python3.12/site-packages/airflow/example_dags/example_inlet_event_extra.py
[2024-11-09T19:57:04.673+0000] {processor.py:925} INFO - DAG(s) 'read_dataset_event_from_classic', 'read_dataset_event' retrieved from /home/chirag/airflow/lib/python3.12/site-packages/airflow/example_dags/example_inlet_event_extra.py
[2024-11-09T19:57:04.714+0000] {logging_mixin.py:190} INFO - [2024-11-09T19:57:04.713+0000] {dag.py:3239} INFO - Sync 2 DAGs
[2024-11-09T19:57:04.759+0000] {logging_mixin.py:190} INFO - [2024-11-09T19:57:04.759+0000] {dag.py:4180} INFO - Setting next_dagrun for read_dataset_event to 2024-11-08 00:00:00+00:00, run_after=2024-11-09 00:00:00+00:00
[2024-11-09T19:57:04.768+0000] {logging_mixin.py:190} INFO - [2024-11-09T19:57:04.768+0000] {dag.py:4180} INFO - Setting next_dagrun for read_dataset_event_from_classic to 2024-11-08 00:00:00+00:00, run_after=2024-11-09 00:00:00+00:00
[2024-11-09T19:57:04.801+0000] {processor.py:208} INFO - Processing /home/chirag/airflow/lib/python3.12/site-packages/airflow/example_dags/example_inlet_event_extra.py took 0.179 seconds
[2024-11-09T19:59:05.235+0000] {processor.py:186} INFO - Started process (PID=8538) to work on /home/chirag/airflow/lib/python3.12/site-packages/airflow/example_dags/example_inlet_event_extra.py
[2024-11-09T19:59:05.238+0000] {processor.py:914} INFO - Processing file /home/chirag/airflow/lib/python3.12/site-packages/airflow/example_dags/example_inlet_event_extra.py for tasks to queue
[2024-11-09T19:59:05.241+0000] {logging_mixin.py:190} INFO - [2024-11-09T19:59:05.241+0000] {dagbag.py:588} INFO - Filling up the DagBag from /home/chirag/airflow/lib/python3.12/site-packages/airflow/example_dags/example_inlet_event_extra.py
[2024-11-09T19:59:05.272+0000] {processor.py:925} INFO - DAG(s) 'read_dataset_event', 'read_dataset_event_from_classic' retrieved from /home/chirag/airflow/lib/python3.12/site-packages/airflow/example_dags/example_inlet_event_extra.py
[2024-11-09T19:59:05.310+0000] {logging_mixin.py:190} INFO - [2024-11-09T19:59:05.310+0000] {dag.py:3239} INFO - Sync 2 DAGs
[2024-11-09T19:59:05.368+0000] {logging_mixin.py:190} INFO - [2024-11-09T19:59:05.368+0000] {dag.py:4180} INFO - Setting next_dagrun for read_dataset_event to 2024-11-08 00:00:00+00:00, run_after=2024-11-09 00:00:00+00:00
[2024-11-09T19:59:05.377+0000] {logging_mixin.py:190} INFO - [2024-11-09T19:59:05.377+0000] {dag.py:4180} INFO - Setting next_dagrun for read_dataset_event_from_classic to 2024-11-08 00:00:00+00:00, run_after=2024-11-09 00:00:00+00:00
[2024-11-09T19:59:05.423+0000] {processor.py:208} INFO - Processing /home/chirag/airflow/lib/python3.12/site-packages/airflow/example_dags/example_inlet_event_extra.py took 0.201 seconds
[2024-11-09T20:23:04.789+0000] {processor.py:186} INFO - Started process (PID=12751) to work on /home/chirag/airflow/lib/python3.12/site-packages/airflow/example_dags/example_inlet_event_extra.py
[2024-11-09T20:23:04.796+0000] {processor.py:914} INFO - Processing file /home/chirag/airflow/lib/python3.12/site-packages/airflow/example_dags/example_inlet_event_extra.py for tasks to queue
[2024-11-09T20:23:04.802+0000] {logging_mixin.py:190} INFO - [2024-11-09T20:23:04.801+0000] {dagbag.py:588} INFO - Filling up the DagBag from /home/chirag/airflow/lib/python3.12/site-packages/airflow/example_dags/example_inlet_event_extra.py
[2024-11-09T20:23:04.851+0000] {processor.py:925} INFO - DAG(s) 'read_dataset_event_from_classic', 'read_dataset_event' retrieved from /home/chirag/airflow/lib/python3.12/site-packages/airflow/example_dags/example_inlet_event_extra.py
[2024-11-09T20:23:04.908+0000] {logging_mixin.py:190} INFO - [2024-11-09T20:23:04.908+0000] {dag.py:3239} INFO - Sync 2 DAGs
[2024-11-09T20:23:05.004+0000] {logging_mixin.py:190} INFO - [2024-11-09T20:23:05.004+0000] {dag.py:4180} INFO - Setting next_dagrun for read_dataset_event to 2024-11-08 00:00:00+00:00, run_after=2024-11-09 00:00:00+00:00
[2024-11-09T20:23:05.019+0000] {logging_mixin.py:190} INFO - [2024-11-09T20:23:05.018+0000] {dag.py:4180} INFO - Setting next_dagrun for read_dataset_event_from_classic to 2024-11-08 00:00:00+00:00, run_after=2024-11-09 00:00:00+00:00
[2024-11-09T20:23:05.109+0000] {processor.py:208} INFO - Processing /home/chirag/airflow/lib/python3.12/site-packages/airflow/example_dags/example_inlet_event_extra.py took 0.334 seconds
[2024-11-09T20:24:20.543+0000] {processor.py:186} INFO - Started process (PID=12973) to work on /home/chirag/airflow/lib/python3.12/site-packages/airflow/example_dags/example_inlet_event_extra.py
[2024-11-09T20:24:20.547+0000] {processor.py:914} INFO - Processing file /home/chirag/airflow/lib/python3.12/site-packages/airflow/example_dags/example_inlet_event_extra.py for tasks to queue
[2024-11-09T20:24:20.550+0000] {logging_mixin.py:190} INFO - [2024-11-09T20:24:20.549+0000] {dagbag.py:588} INFO - Filling up the DagBag from /home/chirag/airflow/lib/python3.12/site-packages/airflow/example_dags/example_inlet_event_extra.py
[2024-11-09T20:24:20.568+0000] {processor.py:925} INFO - DAG(s) 'read_dataset_event', 'read_dataset_event_from_classic' retrieved from /home/chirag/airflow/lib/python3.12/site-packages/airflow/example_dags/example_inlet_event_extra.py
[2024-11-09T20:24:20.592+0000] {logging_mixin.py:190} INFO - [2024-11-09T20:24:20.592+0000] {dag.py:3239} INFO - Sync 2 DAGs
[2024-11-09T20:24:20.621+0000] {logging_mixin.py:190} INFO - [2024-11-09T20:24:20.621+0000] {dag.py:4180} INFO - Setting next_dagrun for read_dataset_event to 2024-11-08 00:00:00+00:00, run_after=2024-11-09 00:00:00+00:00
[2024-11-09T20:24:20.627+0000] {logging_mixin.py:190} INFO - [2024-11-09T20:24:20.627+0000] {dag.py:4180} INFO - Setting next_dagrun for read_dataset_event_from_classic to 2024-11-08 00:00:00+00:00, run_after=2024-11-09 00:00:00+00:00
[2024-11-09T20:24:20.659+0000] {processor.py:208} INFO - Processing /home/chirag/airflow/lib/python3.12/site-packages/airflow/example_dags/example_inlet_event_extra.py took 0.123 seconds
[2024-11-09T20:25:38.095+0000] {processor.py:186} INFO - Started process (PID=13189) to work on /home/chirag/airflow/lib/python3.12/site-packages/airflow/example_dags/example_inlet_event_extra.py
[2024-11-09T20:25:38.100+0000] {processor.py:914} INFO - Processing file /home/chirag/airflow/lib/python3.12/site-packages/airflow/example_dags/example_inlet_event_extra.py for tasks to queue
[2024-11-09T20:25:38.104+0000] {logging_mixin.py:190} INFO - [2024-11-09T20:25:38.103+0000] {dagbag.py:588} INFO - Filling up the DagBag from /home/chirag/airflow/lib/python3.12/site-packages/airflow/example_dags/example_inlet_event_extra.py
[2024-11-09T20:25:38.125+0000] {processor.py:925} INFO - DAG(s) 'read_dataset_event_from_classic', 'read_dataset_event' retrieved from /home/chirag/airflow/lib/python3.12/site-packages/airflow/example_dags/example_inlet_event_extra.py
[2024-11-09T20:25:38.153+0000] {logging_mixin.py:190} INFO - [2024-11-09T20:25:38.152+0000] {dag.py:3239} INFO - Sync 2 DAGs
[2024-11-09T20:25:38.189+0000] {logging_mixin.py:190} INFO - [2024-11-09T20:25:38.189+0000] {dag.py:4180} INFO - Setting next_dagrun for read_dataset_event to 2024-11-08 00:00:00+00:00, run_after=2024-11-09 00:00:00+00:00
[2024-11-09T20:25:38.200+0000] {logging_mixin.py:190} INFO - [2024-11-09T20:25:38.200+0000] {dag.py:4180} INFO - Setting next_dagrun for read_dataset_event_from_classic to 2024-11-08 00:00:00+00:00, run_after=2024-11-09 00:00:00+00:00
[2024-11-09T20:25:38.258+0000] {processor.py:208} INFO - Processing /home/chirag/airflow/lib/python3.12/site-packages/airflow/example_dags/example_inlet_event_extra.py took 0.174 seconds
[2024-11-09T20:27:42.125+0000] {processor.py:186} INFO - Started process (PID=13884) to work on /home/chirag/airflow/lib/python3.12/site-packages/airflow/example_dags/example_inlet_event_extra.py
[2024-11-09T20:27:42.130+0000] {processor.py:914} INFO - Processing file /home/chirag/airflow/lib/python3.12/site-packages/airflow/example_dags/example_inlet_event_extra.py for tasks to queue
[2024-11-09T20:27:42.137+0000] {logging_mixin.py:190} INFO - [2024-11-09T20:27:42.134+0000] {dagbag.py:588} INFO - Filling up the DagBag from /home/chirag/airflow/lib/python3.12/site-packages/airflow/example_dags/example_inlet_event_extra.py
[2024-11-09T20:27:42.173+0000] {processor.py:925} INFO - DAG(s) 'read_dataset_event_from_classic', 'read_dataset_event' retrieved from /home/chirag/airflow/lib/python3.12/site-packages/airflow/example_dags/example_inlet_event_extra.py
[2024-11-09T20:27:42.209+0000] {logging_mixin.py:190} INFO - [2024-11-09T20:27:42.208+0000] {dag.py:3239} INFO - Sync 2 DAGs
[2024-11-09T20:27:42.279+0000] {logging_mixin.py:190} INFO - [2024-11-09T20:27:42.279+0000] {dag.py:4180} INFO - Setting next_dagrun for read_dataset_event to 2024-11-08 00:00:00+00:00, run_after=2024-11-09 00:00:00+00:00
[2024-11-09T20:27:42.291+0000] {logging_mixin.py:190} INFO - [2024-11-09T20:27:42.291+0000] {dag.py:4180} INFO - Setting next_dagrun for read_dataset_event_from_classic to 2024-11-08 00:00:00+00:00, run_after=2024-11-09 00:00:00+00:00
[2024-11-09T20:27:42.357+0000] {processor.py:208} INFO - Processing /home/chirag/airflow/lib/python3.12/site-packages/airflow/example_dags/example_inlet_event_extra.py took 0.246 seconds
