[2024-11-09T19:15:50.496+0000] {processor.py:186} INFO - Started process (PID=94521) to work on /home/chirag/airflow/lib/python3.12/site-packages/airflow/example_dags/tutorial_objectstorage.py
[2024-11-09T19:15:50.497+0000] {processor.py:914} INFO - Processing file /home/chirag/airflow/lib/python3.12/site-packages/airflow/example_dags/tutorial_objectstorage.py for tasks to queue
[2024-11-09T19:15:50.500+0000] {logging_mixin.py:190} INFO - [2024-11-09T19:15:50.500+0000] {dagbag.py:588} INFO - Filling up the DagBag from /home/chirag/airflow/lib/python3.12/site-packages/airflow/example_dags/tutorial_objectstorage.py
[2024-11-09T19:15:50.516+0000] {processor.py:925} INFO - DAG(s) 'tutorial_objectstorage' retrieved from /home/chirag/airflow/lib/python3.12/site-packages/airflow/example_dags/tutorial_objectstorage.py
[2024-11-09T19:15:50.705+0000] {logging_mixin.py:190} INFO - [2024-11-09T19:15:50.704+0000] {override.py:1911} INFO - Created Permission View: can delete on DAG:tutorial_objectstorage
[2024-11-09T19:15:50.730+0000] {logging_mixin.py:190} INFO - [2024-11-09T19:15:50.729+0000] {override.py:1911} INFO - Created Permission View: can read on DAG:tutorial_objectstorage
[2024-11-09T19:15:50.753+0000] {logging_mixin.py:190} INFO - [2024-11-09T19:15:50.753+0000] {override.py:1911} INFO - Created Permission View: can edit on DAG:tutorial_objectstorage
[2024-11-09T19:15:50.826+0000] {logging_mixin.py:190} INFO - [2024-11-09T19:15:50.825+0000] {override.py:1911} INFO - Created Permission View: menu access on DAG Run:tutorial_objectstorage
[2024-11-09T19:15:50.877+0000] {logging_mixin.py:190} INFO - [2024-11-09T19:15:50.876+0000] {override.py:1911} INFO - Created Permission View: can delete on DAG Run:tutorial_objectstorage
[2024-11-09T19:15:50.913+0000] {logging_mixin.py:190} INFO - [2024-11-09T19:15:50.913+0000] {override.py:1911} INFO - Created Permission View: can read on DAG Run:tutorial_objectstorage
[2024-11-09T19:15:50.934+0000] {logging_mixin.py:190} INFO - [2024-11-09T19:15:50.933+0000] {override.py:1911} INFO - Created Permission View: can create on DAG Run:tutorial_objectstorage
[2024-11-09T19:15:50.935+0000] {logging_mixin.py:190} INFO - [2024-11-09T19:15:50.934+0000] {dag.py:3239} INFO - Sync 1 DAGs
[2024-11-09T19:15:50.956+0000] {logging_mixin.py:190} INFO - [2024-11-09T19:15:50.956+0000] {dag.py:3262} INFO - Creating ORM DAG for tutorial_objectstorage
[2024-11-09T19:15:50.957+0000] {logging_mixin.py:190} INFO - [2024-11-09T19:15:50.957+0000] {dag.py:4180} INFO - Setting next_dagrun for tutorial_objectstorage to None, run_after=None
[2024-11-09T19:15:51.323+0000] {processor.py:208} INFO - Processing /home/chirag/airflow/lib/python3.12/site-packages/airflow/example_dags/tutorial_objectstorage.py took 0.835 seconds
[2024-11-09T19:17:55.887+0000] {processor.py:186} INFO - Started process (PID=94784) to work on /home/chirag/airflow/lib/python3.12/site-packages/airflow/example_dags/tutorial_objectstorage.py
[2024-11-09T19:17:55.896+0000] {processor.py:914} INFO - Processing file /home/chirag/airflow/lib/python3.12/site-packages/airflow/example_dags/tutorial_objectstorage.py for tasks to queue
[2024-11-09T19:17:55.902+0000] {logging_mixin.py:190} INFO - [2024-11-09T19:17:55.901+0000] {dagbag.py:588} INFO - Filling up the DagBag from /home/chirag/airflow/lib/python3.12/site-packages/airflow/example_dags/tutorial_objectstorage.py
[2024-11-09T19:17:55.968+0000] {processor.py:925} INFO - DAG(s) 'tutorial_objectstorage' retrieved from /home/chirag/airflow/lib/python3.12/site-packages/airflow/example_dags/tutorial_objectstorage.py
[2024-11-09T19:17:56.054+0000] {logging_mixin.py:190} INFO - [2024-11-09T19:17:56.052+0000] {dag.py:3239} INFO - Sync 1 DAGs
[2024-11-09T19:17:56.142+0000] {logging_mixin.py:190} INFO - [2024-11-09T19:17:56.141+0000] {dag.py:4180} INFO - Setting next_dagrun for tutorial_objectstorage to None, run_after=None
[2024-11-09T19:17:56.368+0000] {processor.py:208} INFO - Processing /home/chirag/airflow/lib/python3.12/site-packages/airflow/example_dags/tutorial_objectstorage.py took 0.530 seconds
[2024-11-09T19:18:58.212+0000] {processor.py:186} INFO - Started process (PID=94926) to work on /home/chirag/airflow/lib/python3.12/site-packages/airflow/example_dags/tutorial_objectstorage.py
[2024-11-09T19:18:58.216+0000] {processor.py:914} INFO - Processing file /home/chirag/airflow/lib/python3.12/site-packages/airflow/example_dags/tutorial_objectstorage.py for tasks to queue
[2024-11-09T19:18:58.219+0000] {logging_mixin.py:190} INFO - [2024-11-09T19:18:58.218+0000] {dagbag.py:588} INFO - Filling up the DagBag from /home/chirag/airflow/lib/python3.12/site-packages/airflow/example_dags/tutorial_objectstorage.py
[2024-11-09T19:18:58.235+0000] {processor.py:925} INFO - DAG(s) 'tutorial_objectstorage' retrieved from /home/chirag/airflow/lib/python3.12/site-packages/airflow/example_dags/tutorial_objectstorage.py
[2024-11-09T19:18:58.260+0000] {logging_mixin.py:190} INFO - [2024-11-09T19:18:58.260+0000] {dag.py:3239} INFO - Sync 1 DAGs
[2024-11-09T19:18:58.282+0000] {logging_mixin.py:190} INFO - [2024-11-09T19:18:58.282+0000] {dag.py:4180} INFO - Setting next_dagrun for tutorial_objectstorage to None, run_after=None
[2024-11-09T19:18:58.328+0000] {processor.py:208} INFO - Processing /home/chirag/airflow/lib/python3.12/site-packages/airflow/example_dags/tutorial_objectstorage.py took 0.125 seconds
[2024-11-09T19:27:29.415+0000] {processor.py:186} INFO - Started process (PID=446) to work on /home/chirag/airflow/lib/python3.12/site-packages/airflow/example_dags/tutorial_objectstorage.py
[2024-11-09T19:27:29.418+0000] {processor.py:914} INFO - Processing file /home/chirag/airflow/lib/python3.12/site-packages/airflow/example_dags/tutorial_objectstorage.py for tasks to queue
[2024-11-09T19:27:29.421+0000] {logging_mixin.py:190} INFO - [2024-11-09T19:27:29.421+0000] {dagbag.py:588} INFO - Filling up the DagBag from /home/chirag/airflow/lib/python3.12/site-packages/airflow/example_dags/tutorial_objectstorage.py
[2024-11-09T19:27:29.435+0000] {processor.py:925} INFO - DAG(s) 'tutorial_objectstorage' retrieved from /home/chirag/airflow/lib/python3.12/site-packages/airflow/example_dags/tutorial_objectstorage.py
[2024-11-09T19:27:29.464+0000] {logging_mixin.py:190} INFO - [2024-11-09T19:27:29.464+0000] {dag.py:3239} INFO - Sync 1 DAGs
[2024-11-09T19:27:29.481+0000] {logging_mixin.py:190} INFO - [2024-11-09T19:27:29.481+0000] {dag.py:4180} INFO - Setting next_dagrun for tutorial_objectstorage to None, run_after=None
[2024-11-09T19:27:29.519+0000] {processor.py:208} INFO - Processing /home/chirag/airflow/lib/python3.12/site-packages/airflow/example_dags/tutorial_objectstorage.py took 0.111 seconds
[2024-11-09T19:28:34.639+0000] {processor.py:186} INFO - Started process (PID=510) to work on /home/chirag/airflow/lib/python3.12/site-packages/airflow/example_dags/tutorial_objectstorage.py
[2024-11-09T19:28:34.641+0000] {processor.py:914} INFO - Processing file /home/chirag/airflow/lib/python3.12/site-packages/airflow/example_dags/tutorial_objectstorage.py for tasks to queue
[2024-11-09T19:28:34.645+0000] {logging_mixin.py:190} INFO - [2024-11-09T19:28:34.645+0000] {dagbag.py:588} INFO - Filling up the DagBag from /home/chirag/airflow/lib/python3.12/site-packages/airflow/example_dags/tutorial_objectstorage.py
[2024-11-09T19:28:34.661+0000] {processor.py:925} INFO - DAG(s) 'tutorial_objectstorage' retrieved from /home/chirag/airflow/lib/python3.12/site-packages/airflow/example_dags/tutorial_objectstorage.py
[2024-11-09T19:28:34.696+0000] {logging_mixin.py:190} INFO - [2024-11-09T19:28:34.696+0000] {dag.py:3239} INFO - Sync 1 DAGs
[2024-11-09T19:28:34.718+0000] {logging_mixin.py:190} INFO - [2024-11-09T19:28:34.717+0000] {dag.py:4180} INFO - Setting next_dagrun for tutorial_objectstorage to None, run_after=None
[2024-11-09T19:28:34.778+0000] {processor.py:208} INFO - Processing /home/chirag/airflow/lib/python3.12/site-packages/airflow/example_dags/tutorial_objectstorage.py took 0.149 seconds
[2024-11-09T19:29:12.806+0000] {processor.py:186} INFO - Started process (PID=566) to work on /home/chirag/airflow/lib/python3.12/site-packages/airflow/example_dags/tutorial_objectstorage.py
[2024-11-09T19:29:12.809+0000] {processor.py:914} INFO - Processing file /home/chirag/airflow/lib/python3.12/site-packages/airflow/example_dags/tutorial_objectstorage.py for tasks to queue
[2024-11-09T19:29:12.813+0000] {logging_mixin.py:190} INFO - [2024-11-09T19:29:12.812+0000] {dagbag.py:588} INFO - Filling up the DagBag from /home/chirag/airflow/lib/python3.12/site-packages/airflow/example_dags/tutorial_objectstorage.py
[2024-11-09T19:29:12.828+0000] {processor.py:925} INFO - DAG(s) 'tutorial_objectstorage' retrieved from /home/chirag/airflow/lib/python3.12/site-packages/airflow/example_dags/tutorial_objectstorage.py
[2024-11-09T19:29:12.849+0000] {logging_mixin.py:190} INFO - [2024-11-09T19:29:12.849+0000] {dag.py:3239} INFO - Sync 1 DAGs
[2024-11-09T19:29:12.867+0000] {logging_mixin.py:190} INFO - [2024-11-09T19:29:12.867+0000] {dag.py:4180} INFO - Setting next_dagrun for tutorial_objectstorage to None, run_after=None
[2024-11-09T19:29:12.901+0000] {processor.py:208} INFO - Processing /home/chirag/airflow/lib/python3.12/site-packages/airflow/example_dags/tutorial_objectstorage.py took 0.103 seconds
[2024-11-09T19:29:49.264+0000] {processor.py:186} INFO - Started process (PID=604) to work on /home/chirag/airflow/lib/python3.12/site-packages/airflow/example_dags/tutorial_objectstorage.py
[2024-11-09T19:29:49.271+0000] {processor.py:914} INFO - Processing file /home/chirag/airflow/lib/python3.12/site-packages/airflow/example_dags/tutorial_objectstorage.py for tasks to queue
[2024-11-09T19:29:49.279+0000] {logging_mixin.py:190} INFO - [2024-11-09T19:29:49.278+0000] {dagbag.py:588} INFO - Filling up the DagBag from /home/chirag/airflow/lib/python3.12/site-packages/airflow/example_dags/tutorial_objectstorage.py
[2024-11-09T19:29:49.308+0000] {processor.py:925} INFO - DAG(s) 'tutorial_objectstorage' retrieved from /home/chirag/airflow/lib/python3.12/site-packages/airflow/example_dags/tutorial_objectstorage.py
[2024-11-09T19:29:49.376+0000] {logging_mixin.py:190} INFO - [2024-11-09T19:29:49.365+0000] {dag.py:3239} INFO - Sync 1 DAGs
[2024-11-09T19:29:49.443+0000] {logging_mixin.py:190} INFO - [2024-11-09T19:29:49.441+0000] {dag.py:4180} INFO - Setting next_dagrun for tutorial_objectstorage to None, run_after=None
[2024-11-09T19:29:49.573+0000] {processor.py:208} INFO - Processing /home/chirag/airflow/lib/python3.12/site-packages/airflow/example_dags/tutorial_objectstorage.py took 0.328 seconds
[2024-11-09T19:30:28.066+0000] {processor.py:186} INFO - Started process (PID=639) to work on /home/chirag/airflow/lib/python3.12/site-packages/airflow/example_dags/tutorial_objectstorage.py
[2024-11-09T19:30:28.069+0000] {processor.py:914} INFO - Processing file /home/chirag/airflow/lib/python3.12/site-packages/airflow/example_dags/tutorial_objectstorage.py for tasks to queue
[2024-11-09T19:30:28.072+0000] {logging_mixin.py:190} INFO - [2024-11-09T19:30:28.072+0000] {dagbag.py:588} INFO - Filling up the DagBag from /home/chirag/airflow/lib/python3.12/site-packages/airflow/example_dags/tutorial_objectstorage.py
[2024-11-09T19:30:28.086+0000] {processor.py:925} INFO - DAG(s) 'tutorial_objectstorage' retrieved from /home/chirag/airflow/lib/python3.12/site-packages/airflow/example_dags/tutorial_objectstorage.py
[2024-11-09T19:30:28.107+0000] {logging_mixin.py:190} INFO - [2024-11-09T19:30:28.107+0000] {dag.py:3239} INFO - Sync 1 DAGs
[2024-11-09T19:30:28.126+0000] {logging_mixin.py:190} INFO - [2024-11-09T19:30:28.126+0000] {dag.py:4180} INFO - Setting next_dagrun for tutorial_objectstorage to None, run_after=None
[2024-11-09T19:30:28.164+0000] {processor.py:208} INFO - Processing /home/chirag/airflow/lib/python3.12/site-packages/airflow/example_dags/tutorial_objectstorage.py took 0.106 seconds
[2024-11-09T19:31:07.737+0000] {processor.py:186} INFO - Started process (PID=673) to work on /home/chirag/airflow/lib/python3.12/site-packages/airflow/example_dags/tutorial_objectstorage.py
[2024-11-09T19:31:07.741+0000] {processor.py:914} INFO - Processing file /home/chirag/airflow/lib/python3.12/site-packages/airflow/example_dags/tutorial_objectstorage.py for tasks to queue
[2024-11-09T19:31:07.745+0000] {logging_mixin.py:190} INFO - [2024-11-09T19:31:07.744+0000] {dagbag.py:588} INFO - Filling up the DagBag from /home/chirag/airflow/lib/python3.12/site-packages/airflow/example_dags/tutorial_objectstorage.py
[2024-11-09T19:31:07.761+0000] {processor.py:925} INFO - DAG(s) 'tutorial_objectstorage' retrieved from /home/chirag/airflow/lib/python3.12/site-packages/airflow/example_dags/tutorial_objectstorage.py
[2024-11-09T19:31:07.784+0000] {logging_mixin.py:190} INFO - [2024-11-09T19:31:07.783+0000] {dag.py:3239} INFO - Sync 1 DAGs
[2024-11-09T19:31:07.802+0000] {logging_mixin.py:190} INFO - [2024-11-09T19:31:07.802+0000] {dag.py:4180} INFO - Setting next_dagrun for tutorial_objectstorage to None, run_after=None
[2024-11-09T19:31:07.837+0000] {processor.py:208} INFO - Processing /home/chirag/airflow/lib/python3.12/site-packages/airflow/example_dags/tutorial_objectstorage.py took 0.108 seconds
[2024-11-09T19:31:51.389+0000] {processor.py:186} INFO - Started process (PID=803) to work on /home/chirag/airflow/lib/python3.12/site-packages/airflow/example_dags/tutorial_objectstorage.py
[2024-11-09T19:31:51.450+0000] {processor.py:914} INFO - Processing file /home/chirag/airflow/lib/python3.12/site-packages/airflow/example_dags/tutorial_objectstorage.py for tasks to queue
[2024-11-09T19:31:51.455+0000] {logging_mixin.py:190} INFO - [2024-11-09T19:31:51.454+0000] {dagbag.py:588} INFO - Filling up the DagBag from /home/chirag/airflow/lib/python3.12/site-packages/airflow/example_dags/tutorial_objectstorage.py
[2024-11-09T19:31:51.518+0000] {processor.py:925} INFO - DAG(s) 'tutorial_objectstorage' retrieved from /home/chirag/airflow/lib/python3.12/site-packages/airflow/example_dags/tutorial_objectstorage.py
[2024-11-09T19:31:51.707+0000] {logging_mixin.py:190} INFO - [2024-11-09T19:31:51.706+0000] {dag.py:3239} INFO - Sync 1 DAGs
[2024-11-09T19:31:51.845+0000] {logging_mixin.py:190} INFO - [2024-11-09T19:31:51.844+0000] {dag.py:4180} INFO - Setting next_dagrun for tutorial_objectstorage to None, run_after=None
[2024-11-09T19:31:52.123+0000] {processor.py:208} INFO - Processing /home/chirag/airflow/lib/python3.12/site-packages/airflow/example_dags/tutorial_objectstorage.py took 0.765 seconds
[2024-11-09T19:32:49.048+0000] {processor.py:186} INFO - Started process (PID=1591) to work on /home/chirag/airflow/lib/python3.12/site-packages/airflow/example_dags/tutorial_objectstorage.py
[2024-11-09T19:32:49.052+0000] {processor.py:914} INFO - Processing file /home/chirag/airflow/lib/python3.12/site-packages/airflow/example_dags/tutorial_objectstorage.py for tasks to queue
[2024-11-09T19:32:49.055+0000] {logging_mixin.py:190} INFO - [2024-11-09T19:32:49.054+0000] {dagbag.py:588} INFO - Filling up the DagBag from /home/chirag/airflow/lib/python3.12/site-packages/airflow/example_dags/tutorial_objectstorage.py
[2024-11-09T19:32:49.069+0000] {processor.py:925} INFO - DAG(s) 'tutorial_objectstorage' retrieved from /home/chirag/airflow/lib/python3.12/site-packages/airflow/example_dags/tutorial_objectstorage.py
[2024-11-09T19:32:49.090+0000] {logging_mixin.py:190} INFO - [2024-11-09T19:32:49.089+0000] {dag.py:3239} INFO - Sync 1 DAGs
[2024-11-09T19:32:49.107+0000] {logging_mixin.py:190} INFO - [2024-11-09T19:32:49.107+0000] {dag.py:4180} INFO - Setting next_dagrun for tutorial_objectstorage to None, run_after=None
[2024-11-09T19:32:49.143+0000] {processor.py:208} INFO - Processing /home/chirag/airflow/lib/python3.12/site-packages/airflow/example_dags/tutorial_objectstorage.py took 0.104 seconds
[2024-11-09T19:33:33.247+0000] {processor.py:186} INFO - Started process (PID=1899) to work on /home/chirag/airflow/lib/python3.12/site-packages/airflow/example_dags/tutorial_objectstorage.py
[2024-11-09T19:33:33.249+0000] {processor.py:914} INFO - Processing file /home/chirag/airflow/lib/python3.12/site-packages/airflow/example_dags/tutorial_objectstorage.py for tasks to queue
[2024-11-09T19:33:33.252+0000] {logging_mixin.py:190} INFO - [2024-11-09T19:33:33.252+0000] {dagbag.py:588} INFO - Filling up the DagBag from /home/chirag/airflow/lib/python3.12/site-packages/airflow/example_dags/tutorial_objectstorage.py
[2024-11-09T19:33:33.267+0000] {processor.py:925} INFO - DAG(s) 'tutorial_objectstorage' retrieved from /home/chirag/airflow/lib/python3.12/site-packages/airflow/example_dags/tutorial_objectstorage.py
[2024-11-09T19:33:33.288+0000] {logging_mixin.py:190} INFO - [2024-11-09T19:33:33.288+0000] {dag.py:3239} INFO - Sync 1 DAGs
[2024-11-09T19:33:33.315+0000] {logging_mixin.py:190} INFO - [2024-11-09T19:33:33.315+0000] {dag.py:4180} INFO - Setting next_dagrun for tutorial_objectstorage to None, run_after=None
[2024-11-09T19:33:33.386+0000] {processor.py:208} INFO - Processing /home/chirag/airflow/lib/python3.12/site-packages/airflow/example_dags/tutorial_objectstorage.py took 0.148 seconds
[2024-11-09T19:34:10.811+0000] {processor.py:186} INFO - Started process (PID=2164) to work on /home/chirag/airflow/lib/python3.12/site-packages/airflow/example_dags/tutorial_objectstorage.py
[2024-11-09T19:34:10.814+0000] {processor.py:914} INFO - Processing file /home/chirag/airflow/lib/python3.12/site-packages/airflow/example_dags/tutorial_objectstorage.py for tasks to queue
[2024-11-09T19:34:10.817+0000] {logging_mixin.py:190} INFO - [2024-11-09T19:34:10.817+0000] {dagbag.py:588} INFO - Filling up the DagBag from /home/chirag/airflow/lib/python3.12/site-packages/airflow/example_dags/tutorial_objectstorage.py
[2024-11-09T19:34:10.831+0000] {processor.py:925} INFO - DAG(s) 'tutorial_objectstorage' retrieved from /home/chirag/airflow/lib/python3.12/site-packages/airflow/example_dags/tutorial_objectstorage.py
[2024-11-09T19:34:10.852+0000] {logging_mixin.py:190} INFO - [2024-11-09T19:34:10.851+0000] {dag.py:3239} INFO - Sync 1 DAGs
[2024-11-09T19:34:10.870+0000] {logging_mixin.py:190} INFO - [2024-11-09T19:34:10.869+0000] {dag.py:4180} INFO - Setting next_dagrun for tutorial_objectstorage to None, run_after=None
[2024-11-09T19:34:10.916+0000] {processor.py:208} INFO - Processing /home/chirag/airflow/lib/python3.12/site-packages/airflow/example_dags/tutorial_objectstorage.py took 0.112 seconds
[2024-11-09T19:34:52.956+0000] {processor.py:186} INFO - Started process (PID=2469) to work on /home/chirag/airflow/lib/python3.12/site-packages/airflow/example_dags/tutorial_objectstorage.py
[2024-11-09T19:34:52.959+0000] {processor.py:914} INFO - Processing file /home/chirag/airflow/lib/python3.12/site-packages/airflow/example_dags/tutorial_objectstorage.py for tasks to queue
[2024-11-09T19:34:52.962+0000] {logging_mixin.py:190} INFO - [2024-11-09T19:34:52.961+0000] {dagbag.py:588} INFO - Filling up the DagBag from /home/chirag/airflow/lib/python3.12/site-packages/airflow/example_dags/tutorial_objectstorage.py
[2024-11-09T19:34:52.976+0000] {processor.py:925} INFO - DAG(s) 'tutorial_objectstorage' retrieved from /home/chirag/airflow/lib/python3.12/site-packages/airflow/example_dags/tutorial_objectstorage.py
[2024-11-09T19:34:53.143+0000] {logging_mixin.py:190} INFO - [2024-11-09T19:34:53.143+0000] {dag.py:3239} INFO - Sync 1 DAGs
[2024-11-09T19:34:53.157+0000] {logging_mixin.py:190} INFO - [2024-11-09T19:34:53.157+0000] {dag.py:4180} INFO - Setting next_dagrun for tutorial_objectstorage to None, run_after=None
[2024-11-09T19:34:53.191+0000] {processor.py:208} INFO - Processing /home/chirag/airflow/lib/python3.12/site-packages/airflow/example_dags/tutorial_objectstorage.py took 0.243 seconds
[2024-11-09T19:35:36.929+0000] {processor.py:186} INFO - Started process (PID=2685) to work on /home/chirag/airflow/lib/python3.12/site-packages/airflow/example_dags/tutorial_objectstorage.py
[2024-11-09T19:35:36.932+0000] {processor.py:914} INFO - Processing file /home/chirag/airflow/lib/python3.12/site-packages/airflow/example_dags/tutorial_objectstorage.py for tasks to queue
[2024-11-09T19:35:36.936+0000] {logging_mixin.py:190} INFO - [2024-11-09T19:35:36.936+0000] {dagbag.py:588} INFO - Filling up the DagBag from /home/chirag/airflow/lib/python3.12/site-packages/airflow/example_dags/tutorial_objectstorage.py
[2024-11-09T19:35:36.963+0000] {processor.py:925} INFO - DAG(s) 'tutorial_objectstorage' retrieved from /home/chirag/airflow/lib/python3.12/site-packages/airflow/example_dags/tutorial_objectstorage.py
[2024-11-09T19:35:36.992+0000] {logging_mixin.py:190} INFO - [2024-11-09T19:35:36.992+0000] {dag.py:3239} INFO - Sync 1 DAGs
[2024-11-09T19:35:37.016+0000] {logging_mixin.py:190} INFO - [2024-11-09T19:35:37.015+0000] {dag.py:4180} INFO - Setting next_dagrun for tutorial_objectstorage to None, run_after=None
[2024-11-09T19:35:37.049+0000] {processor.py:208} INFO - Processing /home/chirag/airflow/lib/python3.12/site-packages/airflow/example_dags/tutorial_objectstorage.py took 0.132 seconds
[2024-11-09T19:36:21.140+0000] {processor.py:186} INFO - Started process (PID=2799) to work on /home/chirag/airflow/lib/python3.12/site-packages/airflow/example_dags/tutorial_objectstorage.py
[2024-11-09T19:36:21.143+0000] {processor.py:914} INFO - Processing file /home/chirag/airflow/lib/python3.12/site-packages/airflow/example_dags/tutorial_objectstorage.py for tasks to queue
[2024-11-09T19:36:21.147+0000] {logging_mixin.py:190} INFO - [2024-11-09T19:36:21.146+0000] {dagbag.py:588} INFO - Filling up the DagBag from /home/chirag/airflow/lib/python3.12/site-packages/airflow/example_dags/tutorial_objectstorage.py
[2024-11-09T19:36:21.161+0000] {processor.py:925} INFO - DAG(s) 'tutorial_objectstorage' retrieved from /home/chirag/airflow/lib/python3.12/site-packages/airflow/example_dags/tutorial_objectstorage.py
[2024-11-09T19:36:21.189+0000] {logging_mixin.py:190} INFO - [2024-11-09T19:36:21.189+0000] {dag.py:3239} INFO - Sync 1 DAGs
[2024-11-09T19:36:21.209+0000] {logging_mixin.py:190} INFO - [2024-11-09T19:36:21.209+0000] {dag.py:4180} INFO - Setting next_dagrun for tutorial_objectstorage to None, run_after=None
[2024-11-09T19:36:21.245+0000] {processor.py:208} INFO - Processing /home/chirag/airflow/lib/python3.12/site-packages/airflow/example_dags/tutorial_objectstorage.py took 0.113 seconds
[2024-11-09T19:37:00.122+0000] {processor.py:186} INFO - Started process (PID=2909) to work on /home/chirag/airflow/lib/python3.12/site-packages/airflow/example_dags/tutorial_objectstorage.py
[2024-11-09T19:37:00.128+0000] {processor.py:914} INFO - Processing file /home/chirag/airflow/lib/python3.12/site-packages/airflow/example_dags/tutorial_objectstorage.py for tasks to queue
[2024-11-09T19:37:00.132+0000] {logging_mixin.py:190} INFO - [2024-11-09T19:37:00.131+0000] {dagbag.py:588} INFO - Filling up the DagBag from /home/chirag/airflow/lib/python3.12/site-packages/airflow/example_dags/tutorial_objectstorage.py
[2024-11-09T19:37:00.146+0000] {processor.py:925} INFO - DAG(s) 'tutorial_objectstorage' retrieved from /home/chirag/airflow/lib/python3.12/site-packages/airflow/example_dags/tutorial_objectstorage.py
[2024-11-09T19:37:00.169+0000] {logging_mixin.py:190} INFO - [2024-11-09T19:37:00.168+0000] {dag.py:3239} INFO - Sync 1 DAGs
[2024-11-09T19:37:00.193+0000] {logging_mixin.py:190} INFO - [2024-11-09T19:37:00.193+0000] {dag.py:4180} INFO - Setting next_dagrun for tutorial_objectstorage to None, run_after=None
[2024-11-09T19:37:00.228+0000] {processor.py:208} INFO - Processing /home/chirag/airflow/lib/python3.12/site-packages/airflow/example_dags/tutorial_objectstorage.py took 0.114 seconds
[2024-11-09T19:37:33.242+0000] {processor.py:186} INFO - Started process (PID=2999) to work on /home/chirag/airflow/lib/python3.12/site-packages/airflow/example_dags/tutorial_objectstorage.py
[2024-11-09T19:37:33.245+0000] {processor.py:914} INFO - Processing file /home/chirag/airflow/lib/python3.12/site-packages/airflow/example_dags/tutorial_objectstorage.py for tasks to queue
[2024-11-09T19:37:33.249+0000] {logging_mixin.py:190} INFO - [2024-11-09T19:37:33.248+0000] {dagbag.py:588} INFO - Filling up the DagBag from /home/chirag/airflow/lib/python3.12/site-packages/airflow/example_dags/tutorial_objectstorage.py
[2024-11-09T19:37:33.263+0000] {processor.py:925} INFO - DAG(s) 'tutorial_objectstorage' retrieved from /home/chirag/airflow/lib/python3.12/site-packages/airflow/example_dags/tutorial_objectstorage.py
[2024-11-09T19:37:33.285+0000] {logging_mixin.py:190} INFO - [2024-11-09T19:37:33.284+0000] {dag.py:3239} INFO - Sync 1 DAGs
[2024-11-09T19:37:33.302+0000] {logging_mixin.py:190} INFO - [2024-11-09T19:37:33.302+0000] {dag.py:4180} INFO - Setting next_dagrun for tutorial_objectstorage to None, run_after=None
[2024-11-09T19:37:33.341+0000] {processor.py:208} INFO - Processing /home/chirag/airflow/lib/python3.12/site-packages/airflow/example_dags/tutorial_objectstorage.py took 0.107 seconds
[2024-11-09T19:38:09.021+0000] {processor.py:186} INFO - Started process (PID=3201) to work on /home/chirag/airflow/lib/python3.12/site-packages/airflow/example_dags/tutorial_objectstorage.py
[2024-11-09T19:38:09.025+0000] {processor.py:914} INFO - Processing file /home/chirag/airflow/lib/python3.12/site-packages/airflow/example_dags/tutorial_objectstorage.py for tasks to queue
[2024-11-09T19:38:09.031+0000] {logging_mixin.py:190} INFO - [2024-11-09T19:38:09.030+0000] {dagbag.py:588} INFO - Filling up the DagBag from /home/chirag/airflow/lib/python3.12/site-packages/airflow/example_dags/tutorial_objectstorage.py
[2024-11-09T19:38:09.051+0000] {processor.py:925} INFO - DAG(s) 'tutorial_objectstorage' retrieved from /home/chirag/airflow/lib/python3.12/site-packages/airflow/example_dags/tutorial_objectstorage.py
[2024-11-09T19:38:09.088+0000] {logging_mixin.py:190} INFO - [2024-11-09T19:38:09.087+0000] {dag.py:3239} INFO - Sync 1 DAGs
[2024-11-09T19:38:09.122+0000] {logging_mixin.py:190} INFO - [2024-11-09T19:38:09.122+0000] {dag.py:4180} INFO - Setting next_dagrun for tutorial_objectstorage to None, run_after=None
[2024-11-09T19:38:09.155+0000] {processor.py:208} INFO - Processing /home/chirag/airflow/lib/python3.12/site-packages/airflow/example_dags/tutorial_objectstorage.py took 0.150 seconds
[2024-11-09T19:38:46.408+0000] {processor.py:186} INFO - Started process (PID=3386) to work on /home/chirag/airflow/lib/python3.12/site-packages/airflow/example_dags/tutorial_objectstorage.py
[2024-11-09T19:38:46.412+0000] {processor.py:914} INFO - Processing file /home/chirag/airflow/lib/python3.12/site-packages/airflow/example_dags/tutorial_objectstorage.py for tasks to queue
[2024-11-09T19:38:46.416+0000] {logging_mixin.py:190} INFO - [2024-11-09T19:38:46.415+0000] {dagbag.py:588} INFO - Filling up the DagBag from /home/chirag/airflow/lib/python3.12/site-packages/airflow/example_dags/tutorial_objectstorage.py
[2024-11-09T19:38:46.431+0000] {processor.py:925} INFO - DAG(s) 'tutorial_objectstorage' retrieved from /home/chirag/airflow/lib/python3.12/site-packages/airflow/example_dags/tutorial_objectstorage.py
[2024-11-09T19:38:46.452+0000] {logging_mixin.py:190} INFO - [2024-11-09T19:38:46.452+0000] {dag.py:3239} INFO - Sync 1 DAGs
[2024-11-09T19:38:46.470+0000] {logging_mixin.py:190} INFO - [2024-11-09T19:38:46.470+0000] {dag.py:4180} INFO - Setting next_dagrun for tutorial_objectstorage to None, run_after=None
[2024-11-09T19:38:47.166+0000] {processor.py:208} INFO - Processing /home/chirag/airflow/lib/python3.12/site-packages/airflow/example_dags/tutorial_objectstorage.py took 0.115 seconds
[2024-11-09T19:39:24.828+0000] {processor.py:186} INFO - Started process (PID=3496) to work on /home/chirag/airflow/lib/python3.12/site-packages/airflow/example_dags/tutorial_objectstorage.py
[2024-11-09T19:39:24.832+0000] {processor.py:914} INFO - Processing file /home/chirag/airflow/lib/python3.12/site-packages/airflow/example_dags/tutorial_objectstorage.py for tasks to queue
[2024-11-09T19:39:24.844+0000] {logging_mixin.py:190} INFO - [2024-11-09T19:39:24.843+0000] {dagbag.py:588} INFO - Filling up the DagBag from /home/chirag/airflow/lib/python3.12/site-packages/airflow/example_dags/tutorial_objectstorage.py
[2024-11-09T19:39:24.894+0000] {processor.py:925} INFO - DAG(s) 'tutorial_objectstorage' retrieved from /home/chirag/airflow/lib/python3.12/site-packages/airflow/example_dags/tutorial_objectstorage.py
[2024-11-09T19:39:24.980+0000] {logging_mixin.py:190} INFO - [2024-11-09T19:39:24.979+0000] {dag.py:3239} INFO - Sync 1 DAGs
[2024-11-09T19:39:25.080+0000] {logging_mixin.py:190} INFO - [2024-11-09T19:39:25.080+0000] {dag.py:4180} INFO - Setting next_dagrun for tutorial_objectstorage to None, run_after=None
[2024-11-09T19:39:25.227+0000] {processor.py:208} INFO - Processing /home/chirag/airflow/lib/python3.12/site-packages/airflow/example_dags/tutorial_objectstorage.py took 0.417 seconds
[2024-11-09T19:40:12.112+0000] {processor.py:186} INFO - Started process (PID=3617) to work on /home/chirag/airflow/lib/python3.12/site-packages/airflow/example_dags/tutorial_objectstorage.py
[2024-11-09T19:40:12.118+0000] {processor.py:914} INFO - Processing file /home/chirag/airflow/lib/python3.12/site-packages/airflow/example_dags/tutorial_objectstorage.py for tasks to queue
[2024-11-09T19:40:12.122+0000] {logging_mixin.py:190} INFO - [2024-11-09T19:40:12.121+0000] {dagbag.py:588} INFO - Filling up the DagBag from /home/chirag/airflow/lib/python3.12/site-packages/airflow/example_dags/tutorial_objectstorage.py
[2024-11-09T19:40:12.142+0000] {processor.py:925} INFO - DAG(s) 'tutorial_objectstorage' retrieved from /home/chirag/airflow/lib/python3.12/site-packages/airflow/example_dags/tutorial_objectstorage.py
[2024-11-09T19:40:12.170+0000] {logging_mixin.py:190} INFO - [2024-11-09T19:40:12.170+0000] {dag.py:3239} INFO - Sync 1 DAGs
[2024-11-09T19:40:12.205+0000] {logging_mixin.py:190} INFO - [2024-11-09T19:40:12.205+0000] {dag.py:4180} INFO - Setting next_dagrun for tutorial_objectstorage to None, run_after=None
[2024-11-09T19:40:12.239+0000] {processor.py:208} INFO - Processing /home/chirag/airflow/lib/python3.12/site-packages/airflow/example_dags/tutorial_objectstorage.py took 0.139 seconds
[2024-11-09T19:40:50.384+0000] {processor.py:186} INFO - Started process (PID=3726) to work on /home/chirag/airflow/lib/python3.12/site-packages/airflow/example_dags/tutorial_objectstorage.py
[2024-11-09T19:40:50.388+0000] {processor.py:914} INFO - Processing file /home/chirag/airflow/lib/python3.12/site-packages/airflow/example_dags/tutorial_objectstorage.py for tasks to queue
[2024-11-09T19:40:50.392+0000] {logging_mixin.py:190} INFO - [2024-11-09T19:40:50.391+0000] {dagbag.py:588} INFO - Filling up the DagBag from /home/chirag/airflow/lib/python3.12/site-packages/airflow/example_dags/tutorial_objectstorage.py
[2024-11-09T19:40:50.406+0000] {processor.py:925} INFO - DAG(s) 'tutorial_objectstorage' retrieved from /home/chirag/airflow/lib/python3.12/site-packages/airflow/example_dags/tutorial_objectstorage.py
[2024-11-09T19:40:50.429+0000] {logging_mixin.py:190} INFO - [2024-11-09T19:40:50.429+0000] {dag.py:3239} INFO - Sync 1 DAGs
[2024-11-09T19:40:50.449+0000] {logging_mixin.py:190} INFO - [2024-11-09T19:40:50.448+0000] {dag.py:4180} INFO - Setting next_dagrun for tutorial_objectstorage to None, run_after=None
[2024-11-09T19:40:50.486+0000] {processor.py:208} INFO - Processing /home/chirag/airflow/lib/python3.12/site-packages/airflow/example_dags/tutorial_objectstorage.py took 0.111 seconds
[2024-11-09T19:41:26.356+0000] {processor.py:186} INFO - Started process (PID=3829) to work on /home/chirag/airflow/lib/python3.12/site-packages/airflow/example_dags/tutorial_objectstorage.py
[2024-11-09T19:41:26.359+0000] {processor.py:914} INFO - Processing file /home/chirag/airflow/lib/python3.12/site-packages/airflow/example_dags/tutorial_objectstorage.py for tasks to queue
[2024-11-09T19:41:26.363+0000] {logging_mixin.py:190} INFO - [2024-11-09T19:41:26.362+0000] {dagbag.py:588} INFO - Filling up the DagBag from /home/chirag/airflow/lib/python3.12/site-packages/airflow/example_dags/tutorial_objectstorage.py
[2024-11-09T19:41:26.378+0000] {processor.py:925} INFO - DAG(s) 'tutorial_objectstorage' retrieved from /home/chirag/airflow/lib/python3.12/site-packages/airflow/example_dags/tutorial_objectstorage.py
[2024-11-09T19:41:26.399+0000] {logging_mixin.py:190} INFO - [2024-11-09T19:41:26.399+0000] {dag.py:3239} INFO - Sync 1 DAGs
[2024-11-09T19:41:26.418+0000] {logging_mixin.py:190} INFO - [2024-11-09T19:41:26.417+0000] {dag.py:4180} INFO - Setting next_dagrun for tutorial_objectstorage to None, run_after=None
[2024-11-09T19:41:26.461+0000] {processor.py:208} INFO - Processing /home/chirag/airflow/lib/python3.12/site-packages/airflow/example_dags/tutorial_objectstorage.py took 0.113 seconds
[2024-11-09T19:42:03.227+0000] {processor.py:186} INFO - Started process (PID=3934) to work on /home/chirag/airflow/lib/python3.12/site-packages/airflow/example_dags/tutorial_objectstorage.py
[2024-11-09T19:42:03.229+0000] {processor.py:914} INFO - Processing file /home/chirag/airflow/lib/python3.12/site-packages/airflow/example_dags/tutorial_objectstorage.py for tasks to queue
[2024-11-09T19:42:03.232+0000] {logging_mixin.py:190} INFO - [2024-11-09T19:42:03.232+0000] {dagbag.py:588} INFO - Filling up the DagBag from /home/chirag/airflow/lib/python3.12/site-packages/airflow/example_dags/tutorial_objectstorage.py
[2024-11-09T19:42:03.247+0000] {processor.py:925} INFO - DAG(s) 'tutorial_objectstorage' retrieved from /home/chirag/airflow/lib/python3.12/site-packages/airflow/example_dags/tutorial_objectstorage.py
[2024-11-09T19:42:03.268+0000] {logging_mixin.py:190} INFO - [2024-11-09T19:42:03.268+0000] {dag.py:3239} INFO - Sync 1 DAGs
[2024-11-09T19:42:03.286+0000] {logging_mixin.py:190} INFO - [2024-11-09T19:42:03.286+0000] {dag.py:4180} INFO - Setting next_dagrun for tutorial_objectstorage to None, run_after=None
[2024-11-09T19:42:03.324+0000] {processor.py:208} INFO - Processing /home/chirag/airflow/lib/python3.12/site-packages/airflow/example_dags/tutorial_objectstorage.py took 0.105 seconds
[2024-11-09T19:42:40.150+0000] {processor.py:186} INFO - Started process (PID=4038) to work on /home/chirag/airflow/lib/python3.12/site-packages/airflow/example_dags/tutorial_objectstorage.py
[2024-11-09T19:42:40.153+0000] {processor.py:914} INFO - Processing file /home/chirag/airflow/lib/python3.12/site-packages/airflow/example_dags/tutorial_objectstorage.py for tasks to queue
[2024-11-09T19:42:40.157+0000] {logging_mixin.py:190} INFO - [2024-11-09T19:42:40.155+0000] {dagbag.py:588} INFO - Filling up the DagBag from /home/chirag/airflow/lib/python3.12/site-packages/airflow/example_dags/tutorial_objectstorage.py
[2024-11-09T19:42:40.177+0000] {processor.py:925} INFO - DAG(s) 'tutorial_objectstorage' retrieved from /home/chirag/airflow/lib/python3.12/site-packages/airflow/example_dags/tutorial_objectstorage.py
[2024-11-09T19:42:40.206+0000] {logging_mixin.py:190} INFO - [2024-11-09T19:42:40.205+0000] {dag.py:3239} INFO - Sync 1 DAGs
[2024-11-09T19:42:40.232+0000] {logging_mixin.py:190} INFO - [2024-11-09T19:42:40.231+0000] {dag.py:4180} INFO - Setting next_dagrun for tutorial_objectstorage to None, run_after=None
[2024-11-09T19:42:40.284+0000] {processor.py:208} INFO - Processing /home/chirag/airflow/lib/python3.12/site-packages/airflow/example_dags/tutorial_objectstorage.py took 0.147 seconds
[2024-11-09T19:43:20.190+0000] {processor.py:186} INFO - Started process (PID=4149) to work on /home/chirag/airflow/lib/python3.12/site-packages/airflow/example_dags/tutorial_objectstorage.py
[2024-11-09T19:43:20.193+0000] {processor.py:914} INFO - Processing file /home/chirag/airflow/lib/python3.12/site-packages/airflow/example_dags/tutorial_objectstorage.py for tasks to queue
[2024-11-09T19:43:20.198+0000] {logging_mixin.py:190} INFO - [2024-11-09T19:43:20.197+0000] {dagbag.py:588} INFO - Filling up the DagBag from /home/chirag/airflow/lib/python3.12/site-packages/airflow/example_dags/tutorial_objectstorage.py
[2024-11-09T19:43:20.213+0000] {processor.py:925} INFO - DAG(s) 'tutorial_objectstorage' retrieved from /home/chirag/airflow/lib/python3.12/site-packages/airflow/example_dags/tutorial_objectstorage.py
[2024-11-09T19:43:20.235+0000] {logging_mixin.py:190} INFO - [2024-11-09T19:43:20.235+0000] {dag.py:3239} INFO - Sync 1 DAGs
[2024-11-09T19:43:20.253+0000] {logging_mixin.py:190} INFO - [2024-11-09T19:43:20.253+0000] {dag.py:4180} INFO - Setting next_dagrun for tutorial_objectstorage to None, run_after=None
[2024-11-09T19:43:20.290+0000] {processor.py:208} INFO - Processing /home/chirag/airflow/lib/python3.12/site-packages/airflow/example_dags/tutorial_objectstorage.py took 0.110 seconds
[2024-11-09T19:44:00.343+0000] {processor.py:186} INFO - Started process (PID=4271) to work on /home/chirag/airflow/lib/python3.12/site-packages/airflow/example_dags/tutorial_objectstorage.py
[2024-11-09T19:44:00.346+0000] {processor.py:914} INFO - Processing file /home/chirag/airflow/lib/python3.12/site-packages/airflow/example_dags/tutorial_objectstorage.py for tasks to queue
[2024-11-09T19:44:00.350+0000] {logging_mixin.py:190} INFO - [2024-11-09T19:44:00.349+0000] {dagbag.py:588} INFO - Filling up the DagBag from /home/chirag/airflow/lib/python3.12/site-packages/airflow/example_dags/tutorial_objectstorage.py
[2024-11-09T19:44:00.367+0000] {processor.py:925} INFO - DAG(s) 'tutorial_objectstorage' retrieved from /home/chirag/airflow/lib/python3.12/site-packages/airflow/example_dags/tutorial_objectstorage.py
[2024-11-09T19:44:00.391+0000] {logging_mixin.py:190} INFO - [2024-11-09T19:44:00.390+0000] {dag.py:3239} INFO - Sync 1 DAGs
[2024-11-09T19:44:00.412+0000] {logging_mixin.py:190} INFO - [2024-11-09T19:44:00.412+0000] {dag.py:4180} INFO - Setting next_dagrun for tutorial_objectstorage to None, run_after=None
[2024-11-09T19:44:00.456+0000] {processor.py:208} INFO - Processing /home/chirag/airflow/lib/python3.12/site-packages/airflow/example_dags/tutorial_objectstorage.py took 0.122 seconds
[2024-11-09T19:44:35.551+0000] {processor.py:186} INFO - Started process (PID=4369) to work on /home/chirag/airflow/lib/python3.12/site-packages/airflow/example_dags/tutorial_objectstorage.py
[2024-11-09T19:44:35.554+0000] {processor.py:914} INFO - Processing file /home/chirag/airflow/lib/python3.12/site-packages/airflow/example_dags/tutorial_objectstorage.py for tasks to queue
[2024-11-09T19:44:35.557+0000] {logging_mixin.py:190} INFO - [2024-11-09T19:44:35.556+0000] {dagbag.py:588} INFO - Filling up the DagBag from /home/chirag/airflow/lib/python3.12/site-packages/airflow/example_dags/tutorial_objectstorage.py
[2024-11-09T19:44:35.571+0000] {processor.py:925} INFO - DAG(s) 'tutorial_objectstorage' retrieved from /home/chirag/airflow/lib/python3.12/site-packages/airflow/example_dags/tutorial_objectstorage.py
[2024-11-09T19:44:35.592+0000] {logging_mixin.py:190} INFO - [2024-11-09T19:44:35.592+0000] {dag.py:3239} INFO - Sync 1 DAGs
[2024-11-09T19:44:35.612+0000] {logging_mixin.py:190} INFO - [2024-11-09T19:44:35.611+0000] {dag.py:4180} INFO - Setting next_dagrun for tutorial_objectstorage to None, run_after=None
[2024-11-09T19:44:35.647+0000] {processor.py:208} INFO - Processing /home/chirag/airflow/lib/python3.12/site-packages/airflow/example_dags/tutorial_objectstorage.py took 0.104 seconds
[2024-11-09T19:45:10.135+0000] {processor.py:186} INFO - Started process (PID=4473) to work on /home/chirag/airflow/lib/python3.12/site-packages/airflow/example_dags/tutorial_objectstorage.py
[2024-11-09T19:45:10.139+0000] {processor.py:914} INFO - Processing file /home/chirag/airflow/lib/python3.12/site-packages/airflow/example_dags/tutorial_objectstorage.py for tasks to queue
[2024-11-09T19:45:10.142+0000] {logging_mixin.py:190} INFO - [2024-11-09T19:45:10.142+0000] {dagbag.py:588} INFO - Filling up the DagBag from /home/chirag/airflow/lib/python3.12/site-packages/airflow/example_dags/tutorial_objectstorage.py
[2024-11-09T19:45:10.157+0000] {processor.py:925} INFO - DAG(s) 'tutorial_objectstorage' retrieved from /home/chirag/airflow/lib/python3.12/site-packages/airflow/example_dags/tutorial_objectstorage.py
[2024-11-09T19:45:10.177+0000] {logging_mixin.py:190} INFO - [2024-11-09T19:45:10.177+0000] {dag.py:3239} INFO - Sync 1 DAGs
[2024-11-09T19:45:10.196+0000] {logging_mixin.py:190} INFO - [2024-11-09T19:45:10.196+0000] {dag.py:4180} INFO - Setting next_dagrun for tutorial_objectstorage to None, run_after=None
[2024-11-09T19:45:10.234+0000] {processor.py:208} INFO - Processing /home/chirag/airflow/lib/python3.12/site-packages/airflow/example_dags/tutorial_objectstorage.py took 0.107 seconds
[2024-11-09T19:46:16.925+0000] {processor.py:186} INFO - Started process (PID=4661) to work on /home/chirag/airflow/lib/python3.12/site-packages/airflow/example_dags/tutorial_objectstorage.py
[2024-11-09T19:46:16.928+0000] {processor.py:914} INFO - Processing file /home/chirag/airflow/lib/python3.12/site-packages/airflow/example_dags/tutorial_objectstorage.py for tasks to queue
[2024-11-09T19:46:16.931+0000] {logging_mixin.py:190} INFO - [2024-11-09T19:46:16.930+0000] {dagbag.py:588} INFO - Filling up the DagBag from /home/chirag/airflow/lib/python3.12/site-packages/airflow/example_dags/tutorial_objectstorage.py
[2024-11-09T19:46:16.956+0000] {processor.py:925} INFO - DAG(s) 'tutorial_objectstorage' retrieved from /home/chirag/airflow/lib/python3.12/site-packages/airflow/example_dags/tutorial_objectstorage.py
[2024-11-09T19:46:17.042+0000] {logging_mixin.py:190} INFO - [2024-11-09T19:46:17.041+0000] {dag.py:3239} INFO - Sync 1 DAGs
[2024-11-09T19:46:17.087+0000] {logging_mixin.py:190} INFO - [2024-11-09T19:46:17.087+0000] {dag.py:4180} INFO - Setting next_dagrun for tutorial_objectstorage to None, run_after=None
[2024-11-09T19:46:17.142+0000] {processor.py:208} INFO - Processing /home/chirag/airflow/lib/python3.12/site-packages/airflow/example_dags/tutorial_objectstorage.py took 0.225 seconds
[2024-11-09T19:47:05.373+0000] {processor.py:186} INFO - Started process (PID=4833) to work on /home/chirag/airflow/lib/python3.12/site-packages/airflow/example_dags/tutorial_objectstorage.py
[2024-11-09T19:47:05.376+0000] {processor.py:914} INFO - Processing file /home/chirag/airflow/lib/python3.12/site-packages/airflow/example_dags/tutorial_objectstorage.py for tasks to queue
[2024-11-09T19:47:05.380+0000] {logging_mixin.py:190} INFO - [2024-11-09T19:47:05.379+0000] {dagbag.py:588} INFO - Filling up the DagBag from /home/chirag/airflow/lib/python3.12/site-packages/airflow/example_dags/tutorial_objectstorage.py
[2024-11-09T19:47:05.395+0000] {processor.py:925} INFO - DAG(s) 'tutorial_objectstorage' retrieved from /home/chirag/airflow/lib/python3.12/site-packages/airflow/example_dags/tutorial_objectstorage.py
[2024-11-09T19:47:05.417+0000] {logging_mixin.py:190} INFO - [2024-11-09T19:47:05.417+0000] {dag.py:3239} INFO - Sync 1 DAGs
[2024-11-09T19:47:05.435+0000] {logging_mixin.py:190} INFO - [2024-11-09T19:47:05.434+0000] {dag.py:4180} INFO - Setting next_dagrun for tutorial_objectstorage to None, run_after=None
[2024-11-09T19:47:05.471+0000] {processor.py:208} INFO - Processing /home/chirag/airflow/lib/python3.12/site-packages/airflow/example_dags/tutorial_objectstorage.py took 0.107 seconds
[2024-11-09T19:47:41.399+0000] {processor.py:186} INFO - Started process (PID=4939) to work on /home/chirag/airflow/lib/python3.12/site-packages/airflow/example_dags/tutorial_objectstorage.py
[2024-11-09T19:47:41.402+0000] {processor.py:914} INFO - Processing file /home/chirag/airflow/lib/python3.12/site-packages/airflow/example_dags/tutorial_objectstorage.py for tasks to queue
[2024-11-09T19:47:41.407+0000] {logging_mixin.py:190} INFO - [2024-11-09T19:47:41.406+0000] {dagbag.py:588} INFO - Filling up the DagBag from /home/chirag/airflow/lib/python3.12/site-packages/airflow/example_dags/tutorial_objectstorage.py
[2024-11-09T19:47:41.421+0000] {processor.py:925} INFO - DAG(s) 'tutorial_objectstorage' retrieved from /home/chirag/airflow/lib/python3.12/site-packages/airflow/example_dags/tutorial_objectstorage.py
[2024-11-09T19:47:41.442+0000] {logging_mixin.py:190} INFO - [2024-11-09T19:47:41.442+0000] {dag.py:3239} INFO - Sync 1 DAGs
[2024-11-09T19:47:41.460+0000] {logging_mixin.py:190} INFO - [2024-11-09T19:47:41.460+0000] {dag.py:4180} INFO - Setting next_dagrun for tutorial_objectstorage to None, run_after=None
[2024-11-09T19:47:41.501+0000] {processor.py:208} INFO - Processing /home/chirag/airflow/lib/python3.12/site-packages/airflow/example_dags/tutorial_objectstorage.py took 0.110 seconds
[2024-11-09T19:48:21.422+0000] {processor.py:186} INFO - Started process (PID=5062) to work on /home/chirag/airflow/lib/python3.12/site-packages/airflow/example_dags/tutorial_objectstorage.py
[2024-11-09T19:48:21.424+0000] {processor.py:914} INFO - Processing file /home/chirag/airflow/lib/python3.12/site-packages/airflow/example_dags/tutorial_objectstorage.py for tasks to queue
[2024-11-09T19:48:21.427+0000] {logging_mixin.py:190} INFO - [2024-11-09T19:48:21.427+0000] {dagbag.py:588} INFO - Filling up the DagBag from /home/chirag/airflow/lib/python3.12/site-packages/airflow/example_dags/tutorial_objectstorage.py
[2024-11-09T19:48:21.442+0000] {processor.py:925} INFO - DAG(s) 'tutorial_objectstorage' retrieved from /home/chirag/airflow/lib/python3.12/site-packages/airflow/example_dags/tutorial_objectstorage.py
[2024-11-09T19:48:21.463+0000] {logging_mixin.py:190} INFO - [2024-11-09T19:48:21.463+0000] {dag.py:3239} INFO - Sync 1 DAGs
[2024-11-09T19:48:21.481+0000] {logging_mixin.py:190} INFO - [2024-11-09T19:48:21.481+0000] {dag.py:4180} INFO - Setting next_dagrun for tutorial_objectstorage to None, run_after=None
[2024-11-09T19:48:21.517+0000] {processor.py:208} INFO - Processing /home/chirag/airflow/lib/python3.12/site-packages/airflow/example_dags/tutorial_objectstorage.py took 0.104 seconds
[2024-11-09T19:48:59.894+0000] {processor.py:186} INFO - Started process (PID=5173) to work on /home/chirag/airflow/lib/python3.12/site-packages/airflow/example_dags/tutorial_objectstorage.py
[2024-11-09T19:48:59.897+0000] {processor.py:914} INFO - Processing file /home/chirag/airflow/lib/python3.12/site-packages/airflow/example_dags/tutorial_objectstorage.py for tasks to queue
[2024-11-09T19:48:59.900+0000] {logging_mixin.py:190} INFO - [2024-11-09T19:48:59.900+0000] {dagbag.py:588} INFO - Filling up the DagBag from /home/chirag/airflow/lib/python3.12/site-packages/airflow/example_dags/tutorial_objectstorage.py
[2024-11-09T19:48:59.915+0000] {processor.py:925} INFO - DAG(s) 'tutorial_objectstorage' retrieved from /home/chirag/airflow/lib/python3.12/site-packages/airflow/example_dags/tutorial_objectstorage.py
[2024-11-09T19:48:59.937+0000] {logging_mixin.py:190} INFO - [2024-11-09T19:48:59.937+0000] {dag.py:3239} INFO - Sync 1 DAGs
[2024-11-09T19:48:59.955+0000] {logging_mixin.py:190} INFO - [2024-11-09T19:48:59.955+0000] {dag.py:4180} INFO - Setting next_dagrun for tutorial_objectstorage to None, run_after=None
[2024-11-09T19:48:59.992+0000] {processor.py:208} INFO - Processing /home/chirag/airflow/lib/python3.12/site-packages/airflow/example_dags/tutorial_objectstorage.py took 0.108 seconds
[2024-11-09T19:49:35.150+0000] {processor.py:186} INFO - Started process (PID=5280) to work on /home/chirag/airflow/lib/python3.12/site-packages/airflow/example_dags/tutorial_objectstorage.py
[2024-11-09T19:49:35.154+0000] {processor.py:914} INFO - Processing file /home/chirag/airflow/lib/python3.12/site-packages/airflow/example_dags/tutorial_objectstorage.py for tasks to queue
[2024-11-09T19:49:35.157+0000] {logging_mixin.py:190} INFO - [2024-11-09T19:49:35.157+0000] {dagbag.py:588} INFO - Filling up the DagBag from /home/chirag/airflow/lib/python3.12/site-packages/airflow/example_dags/tutorial_objectstorage.py
[2024-11-09T19:49:35.173+0000] {processor.py:925} INFO - DAG(s) 'tutorial_objectstorage' retrieved from /home/chirag/airflow/lib/python3.12/site-packages/airflow/example_dags/tutorial_objectstorage.py
[2024-11-09T19:49:35.200+0000] {logging_mixin.py:190} INFO - [2024-11-09T19:49:35.200+0000] {dag.py:3239} INFO - Sync 1 DAGs
[2024-11-09T19:49:35.219+0000] {logging_mixin.py:190} INFO - [2024-11-09T19:49:35.219+0000] {dag.py:4180} INFO - Setting next_dagrun for tutorial_objectstorage to None, run_after=None
[2024-11-09T19:49:35.257+0000] {processor.py:208} INFO - Processing /home/chirag/airflow/lib/python3.12/site-packages/airflow/example_dags/tutorial_objectstorage.py took 0.114 seconds
[2024-11-09T19:50:10.748+0000] {processor.py:186} INFO - Started process (PID=5529) to work on /home/chirag/airflow/lib/python3.12/site-packages/airflow/example_dags/tutorial_objectstorage.py
[2024-11-09T19:50:10.751+0000] {processor.py:914} INFO - Processing file /home/chirag/airflow/lib/python3.12/site-packages/airflow/example_dags/tutorial_objectstorage.py for tasks to queue
[2024-11-09T19:50:10.754+0000] {logging_mixin.py:190} INFO - [2024-11-09T19:50:10.754+0000] {dagbag.py:588} INFO - Filling up the DagBag from /home/chirag/airflow/lib/python3.12/site-packages/airflow/example_dags/tutorial_objectstorage.py
[2024-11-09T19:50:10.769+0000] {processor.py:925} INFO - DAG(s) 'tutorial_objectstorage' retrieved from /home/chirag/airflow/lib/python3.12/site-packages/airflow/example_dags/tutorial_objectstorage.py
[2024-11-09T19:50:10.791+0000] {logging_mixin.py:190} INFO - [2024-11-09T19:50:10.790+0000] {dag.py:3239} INFO - Sync 1 DAGs
[2024-11-09T19:50:10.808+0000] {logging_mixin.py:190} INFO - [2024-11-09T19:50:10.808+0000] {dag.py:4180} INFO - Setting next_dagrun for tutorial_objectstorage to None, run_after=None
[2024-11-09T19:50:10.846+0000] {processor.py:208} INFO - Processing /home/chirag/airflow/lib/python3.12/site-packages/airflow/example_dags/tutorial_objectstorage.py took 0.106 seconds
[2024-11-09T19:50:46.060+0000] {processor.py:186} INFO - Started process (PID=5753) to work on /home/chirag/airflow/lib/python3.12/site-packages/airflow/example_dags/tutorial_objectstorage.py
[2024-11-09T19:50:46.064+0000] {processor.py:914} INFO - Processing file /home/chirag/airflow/lib/python3.12/site-packages/airflow/example_dags/tutorial_objectstorage.py for tasks to queue
[2024-11-09T19:50:46.067+0000] {logging_mixin.py:190} INFO - [2024-11-09T19:50:46.067+0000] {dagbag.py:588} INFO - Filling up the DagBag from /home/chirag/airflow/lib/python3.12/site-packages/airflow/example_dags/tutorial_objectstorage.py
[2024-11-09T19:50:46.083+0000] {processor.py:925} INFO - DAG(s) 'tutorial_objectstorage' retrieved from /home/chirag/airflow/lib/python3.12/site-packages/airflow/example_dags/tutorial_objectstorage.py
[2024-11-09T19:50:46.104+0000] {logging_mixin.py:190} INFO - [2024-11-09T19:50:46.104+0000] {dag.py:3239} INFO - Sync 1 DAGs
[2024-11-09T19:50:46.122+0000] {logging_mixin.py:190} INFO - [2024-11-09T19:50:46.122+0000] {dag.py:4180} INFO - Setting next_dagrun for tutorial_objectstorage to None, run_after=None
[2024-11-09T19:50:46.159+0000] {processor.py:208} INFO - Processing /home/chirag/airflow/lib/python3.12/site-packages/airflow/example_dags/tutorial_objectstorage.py took 0.108 seconds
[2024-11-09T19:51:21.952+0000] {processor.py:186} INFO - Started process (PID=6137) to work on /home/chirag/airflow/lib/python3.12/site-packages/airflow/example_dags/tutorial_objectstorage.py
[2024-11-09T19:51:21.954+0000] {processor.py:914} INFO - Processing file /home/chirag/airflow/lib/python3.12/site-packages/airflow/example_dags/tutorial_objectstorage.py for tasks to queue
[2024-11-09T19:51:21.959+0000] {logging_mixin.py:190} INFO - [2024-11-09T19:51:21.959+0000] {dagbag.py:588} INFO - Filling up the DagBag from /home/chirag/airflow/lib/python3.12/site-packages/airflow/example_dags/tutorial_objectstorage.py
[2024-11-09T19:51:21.977+0000] {processor.py:925} INFO - DAG(s) 'tutorial_objectstorage' retrieved from /home/chirag/airflow/lib/python3.12/site-packages/airflow/example_dags/tutorial_objectstorage.py
[2024-11-09T19:51:22.006+0000] {logging_mixin.py:190} INFO - [2024-11-09T19:51:22.005+0000] {dag.py:3239} INFO - Sync 1 DAGs
[2024-11-09T19:51:22.031+0000] {logging_mixin.py:190} INFO - [2024-11-09T19:51:22.030+0000] {dag.py:4180} INFO - Setting next_dagrun for tutorial_objectstorage to None, run_after=None
[2024-11-09T19:51:22.069+0000] {processor.py:208} INFO - Processing /home/chirag/airflow/lib/python3.12/site-packages/airflow/example_dags/tutorial_objectstorage.py took 0.127 seconds
[2024-11-09T19:52:01.928+0000] {processor.py:186} INFO - Started process (PID=6281) to work on /home/chirag/airflow/lib/python3.12/site-packages/airflow/example_dags/tutorial_objectstorage.py
[2024-11-09T19:52:01.932+0000] {processor.py:914} INFO - Processing file /home/chirag/airflow/lib/python3.12/site-packages/airflow/example_dags/tutorial_objectstorage.py for tasks to queue
[2024-11-09T19:52:01.935+0000] {logging_mixin.py:190} INFO - [2024-11-09T19:52:01.934+0000] {dagbag.py:588} INFO - Filling up the DagBag from /home/chirag/airflow/lib/python3.12/site-packages/airflow/example_dags/tutorial_objectstorage.py
[2024-11-09T19:52:01.951+0000] {processor.py:925} INFO - DAG(s) 'tutorial_objectstorage' retrieved from /home/chirag/airflow/lib/python3.12/site-packages/airflow/example_dags/tutorial_objectstorage.py
[2024-11-09T19:52:01.976+0000] {logging_mixin.py:190} INFO - [2024-11-09T19:52:01.976+0000] {dag.py:3239} INFO - Sync 1 DAGs
[2024-11-09T19:52:01.996+0000] {logging_mixin.py:190} INFO - [2024-11-09T19:52:01.995+0000] {dag.py:4180} INFO - Setting next_dagrun for tutorial_objectstorage to None, run_after=None
[2024-11-09T19:52:02.031+0000] {processor.py:208} INFO - Processing /home/chirag/airflow/lib/python3.12/site-packages/airflow/example_dags/tutorial_objectstorage.py took 0.111 seconds
[2024-11-09T19:53:00.179+0000] {processor.py:186} INFO - Started process (PID=6566) to work on /home/chirag/airflow/lib/python3.12/site-packages/airflow/example_dags/tutorial_objectstorage.py
[2024-11-09T19:53:00.192+0000] {processor.py:914} INFO - Processing file /home/chirag/airflow/lib/python3.12/site-packages/airflow/example_dags/tutorial_objectstorage.py for tasks to queue
[2024-11-09T19:53:00.212+0000] {logging_mixin.py:190} INFO - [2024-11-09T19:53:00.198+0000] {dagbag.py:588} INFO - Filling up the DagBag from /home/chirag/airflow/lib/python3.12/site-packages/airflow/example_dags/tutorial_objectstorage.py
[2024-11-09T19:53:00.263+0000] {processor.py:925} INFO - DAG(s) 'tutorial_objectstorage' retrieved from /home/chirag/airflow/lib/python3.12/site-packages/airflow/example_dags/tutorial_objectstorage.py
[2024-11-09T19:53:00.348+0000] {logging_mixin.py:190} INFO - [2024-11-09T19:53:00.346+0000] {dag.py:3239} INFO - Sync 1 DAGs
[2024-11-09T19:53:00.420+0000] {logging_mixin.py:190} INFO - [2024-11-09T19:53:00.419+0000] {dag.py:4180} INFO - Setting next_dagrun for tutorial_objectstorage to None, run_after=None
[2024-11-09T19:53:00.531+0000] {processor.py:208} INFO - Processing /home/chirag/airflow/lib/python3.12/site-packages/airflow/example_dags/tutorial_objectstorage.py took 0.389 seconds
[2024-11-09T19:53:50.314+0000] {processor.py:186} INFO - Started process (PID=6873) to work on /home/chirag/airflow/lib/python3.12/site-packages/airflow/example_dags/tutorial_objectstorage.py
[2024-11-09T19:53:50.318+0000] {processor.py:914} INFO - Processing file /home/chirag/airflow/lib/python3.12/site-packages/airflow/example_dags/tutorial_objectstorage.py for tasks to queue
[2024-11-09T19:53:50.325+0000] {logging_mixin.py:190} INFO - [2024-11-09T19:53:50.324+0000] {dagbag.py:588} INFO - Filling up the DagBag from /home/chirag/airflow/lib/python3.12/site-packages/airflow/example_dags/tutorial_objectstorage.py
[2024-11-09T19:53:50.348+0000] {processor.py:925} INFO - DAG(s) 'tutorial_objectstorage' retrieved from /home/chirag/airflow/lib/python3.12/site-packages/airflow/example_dags/tutorial_objectstorage.py
[2024-11-09T19:53:50.403+0000] {logging_mixin.py:190} INFO - [2024-11-09T19:53:50.402+0000] {dag.py:3239} INFO - Sync 1 DAGs
[2024-11-09T19:53:50.438+0000] {logging_mixin.py:190} INFO - [2024-11-09T19:53:50.438+0000] {dag.py:4180} INFO - Setting next_dagrun for tutorial_objectstorage to None, run_after=None
[2024-11-09T19:53:50.497+0000] {processor.py:208} INFO - Processing /home/chirag/airflow/lib/python3.12/site-packages/airflow/example_dags/tutorial_objectstorage.py took 0.197 seconds
[2024-11-09T19:54:27.561+0000] {processor.py:186} INFO - Started process (PID=7201) to work on /home/chirag/airflow/lib/python3.12/site-packages/airflow/example_dags/tutorial_objectstorage.py
[2024-11-09T19:54:27.563+0000] {processor.py:914} INFO - Processing file /home/chirag/airflow/lib/python3.12/site-packages/airflow/example_dags/tutorial_objectstorage.py for tasks to queue
[2024-11-09T19:54:27.566+0000] {logging_mixin.py:190} INFO - [2024-11-09T19:54:27.566+0000] {dagbag.py:588} INFO - Filling up the DagBag from /home/chirag/airflow/lib/python3.12/site-packages/airflow/example_dags/tutorial_objectstorage.py
[2024-11-09T19:54:27.583+0000] {processor.py:925} INFO - DAG(s) 'tutorial_objectstorage' retrieved from /home/chirag/airflow/lib/python3.12/site-packages/airflow/example_dags/tutorial_objectstorage.py
[2024-11-09T19:54:27.604+0000] {logging_mixin.py:190} INFO - [2024-11-09T19:54:27.604+0000] {dag.py:3239} INFO - Sync 1 DAGs
[2024-11-09T19:54:27.622+0000] {logging_mixin.py:190} INFO - [2024-11-09T19:54:27.622+0000] {dag.py:4180} INFO - Setting next_dagrun for tutorial_objectstorage to None, run_after=None
[2024-11-09T19:54:27.660+0000] {processor.py:208} INFO - Processing /home/chirag/airflow/lib/python3.12/site-packages/airflow/example_dags/tutorial_objectstorage.py took 0.109 seconds
[2024-11-09T19:55:04.920+0000] {processor.py:186} INFO - Started process (PID=7473) to work on /home/chirag/airflow/lib/python3.12/site-packages/airflow/example_dags/tutorial_objectstorage.py
[2024-11-09T19:55:04.926+0000] {processor.py:914} INFO - Processing file /home/chirag/airflow/lib/python3.12/site-packages/airflow/example_dags/tutorial_objectstorage.py for tasks to queue
[2024-11-09T19:55:04.929+0000] {logging_mixin.py:190} INFO - [2024-11-09T19:55:04.929+0000] {dagbag.py:588} INFO - Filling up the DagBag from /home/chirag/airflow/lib/python3.12/site-packages/airflow/example_dags/tutorial_objectstorage.py
[2024-11-09T19:55:04.944+0000] {processor.py:925} INFO - DAG(s) 'tutorial_objectstorage' retrieved from /home/chirag/airflow/lib/python3.12/site-packages/airflow/example_dags/tutorial_objectstorage.py
[2024-11-09T19:55:04.971+0000] {logging_mixin.py:190} INFO - [2024-11-09T19:55:04.970+0000] {dag.py:3239} INFO - Sync 1 DAGs
[2024-11-09T19:55:04.999+0000] {logging_mixin.py:190} INFO - [2024-11-09T19:55:04.998+0000] {dag.py:4180} INFO - Setting next_dagrun for tutorial_objectstorage to None, run_after=None
[2024-11-09T19:55:05.074+0000] {processor.py:208} INFO - Processing /home/chirag/airflow/lib/python3.12/site-packages/airflow/example_dags/tutorial_objectstorage.py took 0.163 seconds
[2024-11-09T19:55:44.608+0000] {processor.py:186} INFO - Started process (PID=7755) to work on /home/chirag/airflow/lib/python3.12/site-packages/airflow/example_dags/tutorial_objectstorage.py
[2024-11-09T19:55:44.612+0000] {processor.py:914} INFO - Processing file /home/chirag/airflow/lib/python3.12/site-packages/airflow/example_dags/tutorial_objectstorage.py for tasks to queue
[2024-11-09T19:55:44.615+0000] {logging_mixin.py:190} INFO - [2024-11-09T19:55:44.614+0000] {dagbag.py:588} INFO - Filling up the DagBag from /home/chirag/airflow/lib/python3.12/site-packages/airflow/example_dags/tutorial_objectstorage.py
[2024-11-09T19:55:44.629+0000] {processor.py:925} INFO - DAG(s) 'tutorial_objectstorage' retrieved from /home/chirag/airflow/lib/python3.12/site-packages/airflow/example_dags/tutorial_objectstorage.py
[2024-11-09T19:55:44.650+0000] {logging_mixin.py:190} INFO - [2024-11-09T19:55:44.650+0000] {dag.py:3239} INFO - Sync 1 DAGs
[2024-11-09T19:55:44.669+0000] {logging_mixin.py:190} INFO - [2024-11-09T19:55:44.669+0000] {dag.py:4180} INFO - Setting next_dagrun for tutorial_objectstorage to None, run_after=None
[2024-11-09T19:55:44.705+0000] {processor.py:208} INFO - Processing /home/chirag/airflow/lib/python3.12/site-packages/airflow/example_dags/tutorial_objectstorage.py took 0.105 seconds
[2024-11-09T19:56:30.367+0000] {processor.py:186} INFO - Started process (PID=7952) to work on /home/chirag/airflow/lib/python3.12/site-packages/airflow/example_dags/tutorial_objectstorage.py
[2024-11-09T19:56:30.372+0000] {processor.py:914} INFO - Processing file /home/chirag/airflow/lib/python3.12/site-packages/airflow/example_dags/tutorial_objectstorage.py for tasks to queue
[2024-11-09T19:56:30.377+0000] {logging_mixin.py:190} INFO - [2024-11-09T19:56:30.376+0000] {dagbag.py:588} INFO - Filling up the DagBag from /home/chirag/airflow/lib/python3.12/site-packages/airflow/example_dags/tutorial_objectstorage.py
[2024-11-09T19:56:30.407+0000] {processor.py:925} INFO - DAG(s) 'tutorial_objectstorage' retrieved from /home/chirag/airflow/lib/python3.12/site-packages/airflow/example_dags/tutorial_objectstorage.py
[2024-11-09T19:56:30.489+0000] {logging_mixin.py:190} INFO - [2024-11-09T19:56:30.488+0000] {dag.py:3239} INFO - Sync 1 DAGs
[2024-11-09T19:56:30.585+0000] {logging_mixin.py:190} INFO - [2024-11-09T19:56:30.584+0000] {dag.py:4180} INFO - Setting next_dagrun for tutorial_objectstorage to None, run_after=None
[2024-11-09T19:56:30.693+0000] {processor.py:208} INFO - Processing /home/chirag/airflow/lib/python3.12/site-packages/airflow/example_dags/tutorial_objectstorage.py took 0.336 seconds
[2024-11-09T19:57:34.752+0000] {processor.py:186} INFO - Started process (PID=8135) to work on /home/chirag/airflow/lib/python3.12/site-packages/airflow/example_dags/tutorial_objectstorage.py
[2024-11-09T19:57:34.755+0000] {processor.py:914} INFO - Processing file /home/chirag/airflow/lib/python3.12/site-packages/airflow/example_dags/tutorial_objectstorage.py for tasks to queue
[2024-11-09T19:57:34.758+0000] {logging_mixin.py:190} INFO - [2024-11-09T19:57:34.758+0000] {dagbag.py:588} INFO - Filling up the DagBag from /home/chirag/airflow/lib/python3.12/site-packages/airflow/example_dags/tutorial_objectstorage.py
[2024-11-09T19:57:34.773+0000] {processor.py:925} INFO - DAG(s) 'tutorial_objectstorage' retrieved from /home/chirag/airflow/lib/python3.12/site-packages/airflow/example_dags/tutorial_objectstorage.py
[2024-11-09T19:57:34.795+0000] {logging_mixin.py:190} INFO - [2024-11-09T19:57:34.795+0000] {dag.py:3239} INFO - Sync 1 DAGs
[2024-11-09T19:57:34.814+0000] {logging_mixin.py:190} INFO - [2024-11-09T19:57:34.814+0000] {dag.py:4180} INFO - Setting next_dagrun for tutorial_objectstorage to None, run_after=None
[2024-11-09T19:57:34.852+0000] {processor.py:208} INFO - Processing /home/chirag/airflow/lib/python3.12/site-packages/airflow/example_dags/tutorial_objectstorage.py took 0.109 seconds
[2024-11-09T19:58:32.081+0000] {processor.py:186} INFO - Started process (PID=8447) to work on /home/chirag/airflow/lib/python3.12/site-packages/airflow/example_dags/tutorial_objectstorage.py
[2024-11-09T19:58:32.084+0000] {processor.py:914} INFO - Processing file /home/chirag/airflow/lib/python3.12/site-packages/airflow/example_dags/tutorial_objectstorage.py for tasks to queue
[2024-11-09T19:58:32.088+0000] {logging_mixin.py:190} INFO - [2024-11-09T19:58:32.087+0000] {dagbag.py:588} INFO - Filling up the DagBag from /home/chirag/airflow/lib/python3.12/site-packages/airflow/example_dags/tutorial_objectstorage.py
[2024-11-09T19:58:32.110+0000] {processor.py:925} INFO - DAG(s) 'tutorial_objectstorage' retrieved from /home/chirag/airflow/lib/python3.12/site-packages/airflow/example_dags/tutorial_objectstorage.py
[2024-11-09T19:58:32.151+0000] {logging_mixin.py:190} INFO - [2024-11-09T19:58:32.151+0000] {dag.py:3239} INFO - Sync 1 DAGs
[2024-11-09T19:58:32.198+0000] {logging_mixin.py:190} INFO - [2024-11-09T19:58:32.197+0000] {dag.py:4180} INFO - Setting next_dagrun for tutorial_objectstorage to None, run_after=None
[2024-11-09T19:58:32.273+0000] {processor.py:208} INFO - Processing /home/chirag/airflow/lib/python3.12/site-packages/airflow/example_dags/tutorial_objectstorage.py took 0.201 seconds
[2024-11-09T20:21:39.490+0000] {processor.py:186} INFO - Started process (PID=12191) to work on /home/chirag/airflow/lib/python3.12/site-packages/airflow/example_dags/tutorial_objectstorage.py
[2024-11-09T20:21:39.493+0000] {processor.py:914} INFO - Processing file /home/chirag/airflow/lib/python3.12/site-packages/airflow/example_dags/tutorial_objectstorage.py for tasks to queue
[2024-11-09T20:21:39.498+0000] {logging_mixin.py:190} INFO - [2024-11-09T20:21:39.497+0000] {dagbag.py:588} INFO - Filling up the DagBag from /home/chirag/airflow/lib/python3.12/site-packages/airflow/example_dags/tutorial_objectstorage.py
[2024-11-09T20:21:39.529+0000] {processor.py:925} INFO - DAG(s) 'tutorial_objectstorage' retrieved from /home/chirag/airflow/lib/python3.12/site-packages/airflow/example_dags/tutorial_objectstorage.py
[2024-11-09T20:21:39.600+0000] {logging_mixin.py:190} INFO - [2024-11-09T20:21:39.600+0000] {dag.py:3239} INFO - Sync 1 DAGs
[2024-11-09T20:21:39.642+0000] {logging_mixin.py:190} INFO - [2024-11-09T20:21:39.641+0000] {dag.py:4180} INFO - Setting next_dagrun for tutorial_objectstorage to None, run_after=None
[2024-11-09T20:21:39.793+0000] {processor.py:208} INFO - Processing /home/chirag/airflow/lib/python3.12/site-packages/airflow/example_dags/tutorial_objectstorage.py took 0.316 seconds
[2024-11-09T20:23:18.186+0000] {processor.py:186} INFO - Started process (PID=12794) to work on /home/chirag/airflow/lib/python3.12/site-packages/airflow/example_dags/tutorial_objectstorage.py
[2024-11-09T20:23:18.189+0000] {processor.py:914} INFO - Processing file /home/chirag/airflow/lib/python3.12/site-packages/airflow/example_dags/tutorial_objectstorage.py for tasks to queue
[2024-11-09T20:23:18.192+0000] {logging_mixin.py:190} INFO - [2024-11-09T20:23:18.192+0000] {dagbag.py:588} INFO - Filling up the DagBag from /home/chirag/airflow/lib/python3.12/site-packages/airflow/example_dags/tutorial_objectstorage.py
[2024-11-09T20:23:18.208+0000] {processor.py:925} INFO - DAG(s) 'tutorial_objectstorage' retrieved from /home/chirag/airflow/lib/python3.12/site-packages/airflow/example_dags/tutorial_objectstorage.py
[2024-11-09T20:23:18.235+0000] {logging_mixin.py:190} INFO - [2024-11-09T20:23:18.235+0000] {dag.py:3239} INFO - Sync 1 DAGs
[2024-11-09T20:23:18.257+0000] {logging_mixin.py:190} INFO - [2024-11-09T20:23:18.257+0000] {dag.py:4180} INFO - Setting next_dagrun for tutorial_objectstorage to None, run_after=None
[2024-11-09T20:23:18.308+0000] {processor.py:208} INFO - Processing /home/chirag/airflow/lib/python3.12/site-packages/airflow/example_dags/tutorial_objectstorage.py took 0.132 seconds
[2024-11-09T20:23:56.304+0000] {processor.py:186} INFO - Started process (PID=12904) to work on /home/chirag/airflow/lib/python3.12/site-packages/airflow/example_dags/tutorial_objectstorage.py
[2024-11-09T20:23:56.306+0000] {processor.py:914} INFO - Processing file /home/chirag/airflow/lib/python3.12/site-packages/airflow/example_dags/tutorial_objectstorage.py for tasks to queue
[2024-11-09T20:23:56.309+0000] {logging_mixin.py:190} INFO - [2024-11-09T20:23:56.309+0000] {dagbag.py:588} INFO - Filling up the DagBag from /home/chirag/airflow/lib/python3.12/site-packages/airflow/example_dags/tutorial_objectstorage.py
[2024-11-09T20:23:56.323+0000] {processor.py:925} INFO - DAG(s) 'tutorial_objectstorage' retrieved from /home/chirag/airflow/lib/python3.12/site-packages/airflow/example_dags/tutorial_objectstorage.py
[2024-11-09T20:23:56.345+0000] {logging_mixin.py:190} INFO - [2024-11-09T20:23:56.345+0000] {dag.py:3239} INFO - Sync 1 DAGs
[2024-11-09T20:23:56.362+0000] {logging_mixin.py:190} INFO - [2024-11-09T20:23:56.362+0000] {dag.py:4180} INFO - Setting next_dagrun for tutorial_objectstorage to None, run_after=None
[2024-11-09T20:23:56.401+0000] {processor.py:208} INFO - Processing /home/chirag/airflow/lib/python3.12/site-packages/airflow/example_dags/tutorial_objectstorage.py took 0.105 seconds
[2024-11-09T20:24:33.350+0000] {processor.py:186} INFO - Started process (PID=13008) to work on /home/chirag/airflow/lib/python3.12/site-packages/airflow/example_dags/tutorial_objectstorage.py
[2024-11-09T20:24:33.353+0000] {processor.py:914} INFO - Processing file /home/chirag/airflow/lib/python3.12/site-packages/airflow/example_dags/tutorial_objectstorage.py for tasks to queue
[2024-11-09T20:24:33.356+0000] {logging_mixin.py:190} INFO - [2024-11-09T20:24:33.356+0000] {dagbag.py:588} INFO - Filling up the DagBag from /home/chirag/airflow/lib/python3.12/site-packages/airflow/example_dags/tutorial_objectstorage.py
[2024-11-09T20:24:33.370+0000] {processor.py:925} INFO - DAG(s) 'tutorial_objectstorage' retrieved from /home/chirag/airflow/lib/python3.12/site-packages/airflow/example_dags/tutorial_objectstorage.py
[2024-11-09T20:24:33.391+0000] {logging_mixin.py:190} INFO - [2024-11-09T20:24:33.391+0000] {dag.py:3239} INFO - Sync 1 DAGs
[2024-11-09T20:24:33.410+0000] {logging_mixin.py:190} INFO - [2024-11-09T20:24:33.409+0000] {dag.py:4180} INFO - Setting next_dagrun for tutorial_objectstorage to None, run_after=None
[2024-11-09T20:24:33.448+0000] {processor.py:208} INFO - Processing /home/chirag/airflow/lib/python3.12/site-packages/airflow/example_dags/tutorial_objectstorage.py took 0.106 seconds
[2024-11-09T20:25:10.460+0000] {processor.py:186} INFO - Started process (PID=13112) to work on /home/chirag/airflow/lib/python3.12/site-packages/airflow/example_dags/tutorial_objectstorage.py
[2024-11-09T20:25:10.463+0000] {processor.py:914} INFO - Processing file /home/chirag/airflow/lib/python3.12/site-packages/airflow/example_dags/tutorial_objectstorage.py for tasks to queue
[2024-11-09T20:25:10.466+0000] {logging_mixin.py:190} INFO - [2024-11-09T20:25:10.466+0000] {dagbag.py:588} INFO - Filling up the DagBag from /home/chirag/airflow/lib/python3.12/site-packages/airflow/example_dags/tutorial_objectstorage.py
[2024-11-09T20:25:10.482+0000] {processor.py:925} INFO - DAG(s) 'tutorial_objectstorage' retrieved from /home/chirag/airflow/lib/python3.12/site-packages/airflow/example_dags/tutorial_objectstorage.py
[2024-11-09T20:25:10.506+0000] {logging_mixin.py:190} INFO - [2024-11-09T20:25:10.505+0000] {dag.py:3239} INFO - Sync 1 DAGs
[2024-11-09T20:25:10.524+0000] {logging_mixin.py:190} INFO - [2024-11-09T20:25:10.523+0000] {dag.py:4180} INFO - Setting next_dagrun for tutorial_objectstorage to None, run_after=None
[2024-11-09T20:25:10.558+0000] {processor.py:208} INFO - Processing /home/chirag/airflow/lib/python3.12/site-packages/airflow/example_dags/tutorial_objectstorage.py took 0.107 seconds
[2024-11-09T20:26:06.739+0000] {processor.py:186} INFO - Started process (PID=13433) to work on /home/chirag/airflow/lib/python3.12/site-packages/airflow/example_dags/tutorial_objectstorage.py
[2024-11-09T20:26:06.743+0000] {processor.py:914} INFO - Processing file /home/chirag/airflow/lib/python3.12/site-packages/airflow/example_dags/tutorial_objectstorage.py for tasks to queue
[2024-11-09T20:26:06.746+0000] {logging_mixin.py:190} INFO - [2024-11-09T20:26:06.745+0000] {dagbag.py:588} INFO - Filling up the DagBag from /home/chirag/airflow/lib/python3.12/site-packages/airflow/example_dags/tutorial_objectstorage.py
[2024-11-09T20:26:06.760+0000] {processor.py:925} INFO - DAG(s) 'tutorial_objectstorage' retrieved from /home/chirag/airflow/lib/python3.12/site-packages/airflow/example_dags/tutorial_objectstorage.py
[2024-11-09T20:26:06.782+0000] {logging_mixin.py:190} INFO - [2024-11-09T20:26:06.782+0000] {dag.py:3239} INFO - Sync 1 DAGs
[2024-11-09T20:26:06.800+0000] {logging_mixin.py:190} INFO - [2024-11-09T20:26:06.799+0000] {dag.py:4180} INFO - Setting next_dagrun for tutorial_objectstorage to None, run_after=None
[2024-11-09T20:26:06.846+0000] {processor.py:208} INFO - Processing /home/chirag/airflow/lib/python3.12/site-packages/airflow/example_dags/tutorial_objectstorage.py took 0.115 seconds
[2024-11-09T20:27:06.769+0000] {processor.py:186} INFO - Started process (PID=13789) to work on /home/chirag/airflow/lib/python3.12/site-packages/airflow/example_dags/tutorial_objectstorage.py
[2024-11-09T20:27:06.773+0000] {processor.py:914} INFO - Processing file /home/chirag/airflow/lib/python3.12/site-packages/airflow/example_dags/tutorial_objectstorage.py for tasks to queue
[2024-11-09T20:27:06.777+0000] {logging_mixin.py:190} INFO - [2024-11-09T20:27:06.776+0000] {dagbag.py:588} INFO - Filling up the DagBag from /home/chirag/airflow/lib/python3.12/site-packages/airflow/example_dags/tutorial_objectstorage.py
[2024-11-09T20:27:06.795+0000] {processor.py:925} INFO - DAG(s) 'tutorial_objectstorage' retrieved from /home/chirag/airflow/lib/python3.12/site-packages/airflow/example_dags/tutorial_objectstorage.py
[2024-11-09T20:27:06.824+0000] {logging_mixin.py:190} INFO - [2024-11-09T20:27:06.824+0000] {dag.py:3239} INFO - Sync 1 DAGs
[2024-11-09T20:27:06.854+0000] {logging_mixin.py:190} INFO - [2024-11-09T20:27:06.853+0000] {dag.py:4180} INFO - Setting next_dagrun for tutorial_objectstorage to None, run_after=None
[2024-11-09T20:27:06.897+0000] {processor.py:208} INFO - Processing /home/chirag/airflow/lib/python3.12/site-packages/airflow/example_dags/tutorial_objectstorage.py took 0.139 seconds
[2024-11-09T20:27:56.597+0000] {processor.py:186} INFO - Started process (PID=13949) to work on /home/chirag/airflow/lib/python3.12/site-packages/airflow/example_dags/tutorial_objectstorage.py
[2024-11-09T20:27:56.611+0000] {processor.py:914} INFO - Processing file /home/chirag/airflow/lib/python3.12/site-packages/airflow/example_dags/tutorial_objectstorage.py for tasks to queue
[2024-11-09T20:27:56.617+0000] {logging_mixin.py:190} INFO - [2024-11-09T20:27:56.616+0000] {dagbag.py:588} INFO - Filling up the DagBag from /home/chirag/airflow/lib/python3.12/site-packages/airflow/example_dags/tutorial_objectstorage.py
[2024-11-09T20:27:56.649+0000] {processor.py:925} INFO - DAG(s) 'tutorial_objectstorage' retrieved from /home/chirag/airflow/lib/python3.12/site-packages/airflow/example_dags/tutorial_objectstorage.py
[2024-11-09T20:27:56.700+0000] {logging_mixin.py:190} INFO - [2024-11-09T20:27:56.699+0000] {dag.py:3239} INFO - Sync 1 DAGs
[2024-11-09T20:27:56.759+0000] {logging_mixin.py:190} INFO - [2024-11-09T20:27:56.758+0000] {dag.py:4180} INFO - Setting next_dagrun for tutorial_objectstorage to None, run_after=None
[2024-11-09T20:27:56.874+0000] {processor.py:208} INFO - Processing /home/chirag/airflow/lib/python3.12/site-packages/airflow/example_dags/tutorial_objectstorage.py took 0.287 seconds
