[2024-11-09T19:16:17.043+0000] {processor.py:186} INFO - Started process (PID=94598) to work on /home/chirag/airflow/lib/python3.12/site-packages/airflow/example_dags/tutorial_dag.py
[2024-11-09T19:16:17.045+0000] {processor.py:914} INFO - Processing file /home/chirag/airflow/lib/python3.12/site-packages/airflow/example_dags/tutorial_dag.py for tasks to queue
[2024-11-09T19:16:17.060+0000] {logging_mixin.py:190} INFO - [2024-11-09T19:16:17.059+0000] {dagbag.py:588} INFO - Filling up the DagBag from /home/chirag/airflow/lib/python3.12/site-packages/airflow/example_dags/tutorial_dag.py
[2024-11-09T19:16:17.122+0000] {processor.py:925} INFO - DAG(s) 'tutorial_dag' retrieved from /home/chirag/airflow/lib/python3.12/site-packages/airflow/example_dags/tutorial_dag.py
[2024-11-09T19:16:19.197+0000] {logging_mixin.py:190} INFO - [2024-11-09T19:16:19.196+0000] {override.py:1911} INFO - Created Permission View: can delete on DAG:tutorial_dag
[2024-11-09T19:16:19.429+0000] {logging_mixin.py:190} INFO - [2024-11-09T19:16:19.428+0000] {override.py:1911} INFO - Created Permission View: can read on DAG:tutorial_dag
[2024-11-09T19:16:19.752+0000] {logging_mixin.py:190} INFO - [2024-11-09T19:16:19.751+0000] {override.py:1911} INFO - Created Permission View: can edit on DAG:tutorial_dag
[2024-11-09T19:16:20.016+0000] {logging_mixin.py:190} INFO - [2024-11-09T19:16:20.015+0000] {override.py:1911} INFO - Created Permission View: menu access on DAG Run:tutorial_dag
[2024-11-09T19:16:20.087+0000] {logging_mixin.py:190} INFO - [2024-11-09T19:16:20.086+0000] {override.py:1911} INFO - Created Permission View: can delete on DAG Run:tutorial_dag
[2024-11-09T19:16:20.236+0000] {logging_mixin.py:190} INFO - [2024-11-09T19:16:20.234+0000] {override.py:1911} INFO - Created Permission View: can read on DAG Run:tutorial_dag
[2024-11-09T19:16:20.368+0000] {logging_mixin.py:190} INFO - [2024-11-09T19:16:20.366+0000] {override.py:1911} INFO - Created Permission View: can create on DAG Run:tutorial_dag
[2024-11-09T19:16:20.369+0000] {logging_mixin.py:190} INFO - [2024-11-09T19:16:20.368+0000] {dag.py:3239} INFO - Sync 1 DAGs
[2024-11-09T19:16:20.499+0000] {logging_mixin.py:190} INFO - [2024-11-09T19:16:20.498+0000] {dag.py:3262} INFO - Creating ORM DAG for tutorial_dag
[2024-11-09T19:16:20.501+0000] {logging_mixin.py:190} INFO - [2024-11-09T19:16:20.501+0000] {dag.py:4180} INFO - Setting next_dagrun for tutorial_dag to None, run_after=None
[2024-11-09T19:16:20.689+0000] {processor.py:208} INFO - Processing /home/chirag/airflow/lib/python3.12/site-packages/airflow/example_dags/tutorial_dag.py took 3.691 seconds
[2024-11-09T19:18:10.207+0000] {processor.py:186} INFO - Started process (PID=94799) to work on /home/chirag/airflow/lib/python3.12/site-packages/airflow/example_dags/tutorial_dag.py
[2024-11-09T19:18:10.225+0000] {processor.py:914} INFO - Processing file /home/chirag/airflow/lib/python3.12/site-packages/airflow/example_dags/tutorial_dag.py for tasks to queue
[2024-11-09T19:18:10.253+0000] {logging_mixin.py:190} INFO - [2024-11-09T19:18:10.252+0000] {dagbag.py:588} INFO - Filling up the DagBag from /home/chirag/airflow/lib/python3.12/site-packages/airflow/example_dags/tutorial_dag.py
[2024-11-09T19:18:10.391+0000] {processor.py:925} INFO - DAG(s) 'tutorial_dag' retrieved from /home/chirag/airflow/lib/python3.12/site-packages/airflow/example_dags/tutorial_dag.py
[2024-11-09T19:18:10.685+0000] {logging_mixin.py:190} INFO - [2024-11-09T19:18:10.685+0000] {dag.py:3239} INFO - Sync 1 DAGs
[2024-11-09T19:18:10.897+0000] {logging_mixin.py:190} INFO - [2024-11-09T19:18:10.896+0000] {dag.py:4180} INFO - Setting next_dagrun for tutorial_dag to None, run_after=None
[2024-11-09T19:18:11.124+0000] {processor.py:208} INFO - Processing /home/chirag/airflow/lib/python3.12/site-packages/airflow/example_dags/tutorial_dag.py took 0.963 seconds
[2024-11-09T19:19:05.841+0000] {processor.py:186} INFO - Started process (PID=94940) to work on /home/chirag/airflow/lib/python3.12/site-packages/airflow/example_dags/tutorial_dag.py
[2024-11-09T19:19:05.845+0000] {processor.py:914} INFO - Processing file /home/chirag/airflow/lib/python3.12/site-packages/airflow/example_dags/tutorial_dag.py for tasks to queue
[2024-11-09T19:19:05.850+0000] {logging_mixin.py:190} INFO - [2024-11-09T19:19:05.849+0000] {dagbag.py:588} INFO - Filling up the DagBag from /home/chirag/airflow/lib/python3.12/site-packages/airflow/example_dags/tutorial_dag.py
[2024-11-09T19:19:05.863+0000] {processor.py:925} INFO - DAG(s) 'tutorial_dag' retrieved from /home/chirag/airflow/lib/python3.12/site-packages/airflow/example_dags/tutorial_dag.py
[2024-11-09T19:19:05.894+0000] {logging_mixin.py:190} INFO - [2024-11-09T19:19:05.893+0000] {dag.py:3239} INFO - Sync 1 DAGs
[2024-11-09T19:19:05.921+0000] {logging_mixin.py:190} INFO - [2024-11-09T19:19:05.921+0000] {dag.py:4180} INFO - Setting next_dagrun for tutorial_dag to None, run_after=None
[2024-11-09T19:19:06.030+0000] {processor.py:208} INFO - Processing /home/chirag/airflow/lib/python3.12/site-packages/airflow/example_dags/tutorial_dag.py took 0.198 seconds
[2024-11-09T19:27:36.882+0000] {processor.py:186} INFO - Started process (PID=453) to work on /home/chirag/airflow/lib/python3.12/site-packages/airflow/example_dags/tutorial_dag.py
[2024-11-09T19:27:36.886+0000] {processor.py:914} INFO - Processing file /home/chirag/airflow/lib/python3.12/site-packages/airflow/example_dags/tutorial_dag.py for tasks to queue
[2024-11-09T19:27:36.889+0000] {logging_mixin.py:190} INFO - [2024-11-09T19:27:36.888+0000] {dagbag.py:588} INFO - Filling up the DagBag from /home/chirag/airflow/lib/python3.12/site-packages/airflow/example_dags/tutorial_dag.py
[2024-11-09T19:27:36.900+0000] {processor.py:925} INFO - DAG(s) 'tutorial_dag' retrieved from /home/chirag/airflow/lib/python3.12/site-packages/airflow/example_dags/tutorial_dag.py
[2024-11-09T19:27:36.930+0000] {logging_mixin.py:190} INFO - [2024-11-09T19:27:36.930+0000] {dag.py:3239} INFO - Sync 1 DAGs
[2024-11-09T19:27:36.947+0000] {logging_mixin.py:190} INFO - [2024-11-09T19:27:36.947+0000] {dag.py:4180} INFO - Setting next_dagrun for tutorial_dag to None, run_after=None
[2024-11-09T19:27:36.983+0000] {processor.py:208} INFO - Processing /home/chirag/airflow/lib/python3.12/site-packages/airflow/example_dags/tutorial_dag.py took 0.109 seconds
[2024-11-09T19:28:42.926+0000] {processor.py:186} INFO - Started process (PID=517) to work on /home/chirag/airflow/lib/python3.12/site-packages/airflow/example_dags/tutorial_dag.py
[2024-11-09T19:28:42.931+0000] {processor.py:914} INFO - Processing file /home/chirag/airflow/lib/python3.12/site-packages/airflow/example_dags/tutorial_dag.py for tasks to queue
[2024-11-09T19:28:42.935+0000] {logging_mixin.py:190} INFO - [2024-11-09T19:28:42.934+0000] {dagbag.py:588} INFO - Filling up the DagBag from /home/chirag/airflow/lib/python3.12/site-packages/airflow/example_dags/tutorial_dag.py
[2024-11-09T19:28:42.949+0000] {processor.py:925} INFO - DAG(s) 'tutorial_dag' retrieved from /home/chirag/airflow/lib/python3.12/site-packages/airflow/example_dags/tutorial_dag.py
[2024-11-09T19:28:42.975+0000] {logging_mixin.py:190} INFO - [2024-11-09T19:28:42.974+0000] {dag.py:3239} INFO - Sync 1 DAGs
[2024-11-09T19:28:42.992+0000] {logging_mixin.py:190} INFO - [2024-11-09T19:28:42.991+0000] {dag.py:4180} INFO - Setting next_dagrun for tutorial_dag to None, run_after=None
[2024-11-09T19:28:43.023+0000] {processor.py:208} INFO - Processing /home/chirag/airflow/lib/python3.12/site-packages/airflow/example_dags/tutorial_dag.py took 0.108 seconds
[2024-11-09T19:29:56.299+0000] {processor.py:186} INFO - Started process (PID=609) to work on /home/chirag/airflow/lib/python3.12/site-packages/airflow/example_dags/tutorial_dag.py
[2024-11-09T19:29:56.306+0000] {processor.py:914} INFO - Processing file /home/chirag/airflow/lib/python3.12/site-packages/airflow/example_dags/tutorial_dag.py for tasks to queue
[2024-11-09T19:29:56.316+0000] {logging_mixin.py:190} INFO - [2024-11-09T19:29:56.314+0000] {dagbag.py:588} INFO - Filling up the DagBag from /home/chirag/airflow/lib/python3.12/site-packages/airflow/example_dags/tutorial_dag.py
[2024-11-09T19:29:56.359+0000] {processor.py:925} INFO - DAG(s) 'tutorial_dag' retrieved from /home/chirag/airflow/lib/python3.12/site-packages/airflow/example_dags/tutorial_dag.py
[2024-11-09T19:29:56.429+0000] {logging_mixin.py:190} INFO - [2024-11-09T19:29:56.428+0000] {dag.py:3239} INFO - Sync 1 DAGs
[2024-11-09T19:29:56.472+0000] {logging_mixin.py:190} INFO - [2024-11-09T19:29:56.471+0000] {dag.py:4180} INFO - Setting next_dagrun for tutorial_dag to None, run_after=None
[2024-11-09T19:29:56.536+0000] {processor.py:208} INFO - Processing /home/chirag/airflow/lib/python3.12/site-packages/airflow/example_dags/tutorial_dag.py took 0.256 seconds
[2024-11-09T19:31:15.571+0000] {processor.py:186} INFO - Started process (PID=680) to work on /home/chirag/airflow/lib/python3.12/site-packages/airflow/example_dags/tutorial_dag.py
[2024-11-09T19:31:15.574+0000] {processor.py:914} INFO - Processing file /home/chirag/airflow/lib/python3.12/site-packages/airflow/example_dags/tutorial_dag.py for tasks to queue
[2024-11-09T19:31:15.578+0000] {logging_mixin.py:190} INFO - [2024-11-09T19:31:15.578+0000] {dagbag.py:588} INFO - Filling up the DagBag from /home/chirag/airflow/lib/python3.12/site-packages/airflow/example_dags/tutorial_dag.py
[2024-11-09T19:31:15.594+0000] {processor.py:925} INFO - DAG(s) 'tutorial_dag' retrieved from /home/chirag/airflow/lib/python3.12/site-packages/airflow/example_dags/tutorial_dag.py
[2024-11-09T19:31:15.621+0000] {logging_mixin.py:190} INFO - [2024-11-09T19:31:15.621+0000] {dag.py:3239} INFO - Sync 1 DAGs
[2024-11-09T19:31:15.640+0000] {logging_mixin.py:190} INFO - [2024-11-09T19:31:15.640+0000] {dag.py:4180} INFO - Setting next_dagrun for tutorial_dag to None, run_after=None
[2024-11-09T19:31:15.673+0000] {processor.py:208} INFO - Processing /home/chirag/airflow/lib/python3.12/site-packages/airflow/example_dags/tutorial_dag.py took 0.112 seconds
[2024-11-09T19:32:05.444+0000] {processor.py:186} INFO - Started process (PID=1115) to work on /home/chirag/airflow/lib/python3.12/site-packages/airflow/example_dags/tutorial_dag.py
[2024-11-09T19:32:05.455+0000] {processor.py:914} INFO - Processing file /home/chirag/airflow/lib/python3.12/site-packages/airflow/example_dags/tutorial_dag.py for tasks to queue
[2024-11-09T19:32:05.460+0000] {logging_mixin.py:190} INFO - [2024-11-09T19:32:05.459+0000] {dagbag.py:588} INFO - Filling up the DagBag from /home/chirag/airflow/lib/python3.12/site-packages/airflow/example_dags/tutorial_dag.py
[2024-11-09T19:32:05.503+0000] {processor.py:925} INFO - DAG(s) 'tutorial_dag' retrieved from /home/chirag/airflow/lib/python3.12/site-packages/airflow/example_dags/tutorial_dag.py
[2024-11-09T19:32:05.593+0000] {logging_mixin.py:190} INFO - [2024-11-09T19:32:05.592+0000] {dag.py:3239} INFO - Sync 1 DAGs
[2024-11-09T19:32:05.699+0000] {logging_mixin.py:190} INFO - [2024-11-09T19:32:05.698+0000] {dag.py:4180} INFO - Setting next_dagrun for tutorial_dag to None, run_after=None
[2024-11-09T19:32:05.959+0000] {processor.py:208} INFO - Processing /home/chirag/airflow/lib/python3.12/site-packages/airflow/example_dags/tutorial_dag.py took 0.555 seconds
[2024-11-09T19:32:57.822+0000] {processor.py:186} INFO - Started process (PID=1664) to work on /home/chirag/airflow/lib/python3.12/site-packages/airflow/example_dags/tutorial_dag.py
[2024-11-09T19:32:57.824+0000] {processor.py:914} INFO - Processing file /home/chirag/airflow/lib/python3.12/site-packages/airflow/example_dags/tutorial_dag.py for tasks to queue
[2024-11-09T19:32:57.830+0000] {logging_mixin.py:190} INFO - [2024-11-09T19:32:57.829+0000] {dagbag.py:588} INFO - Filling up the DagBag from /home/chirag/airflow/lib/python3.12/site-packages/airflow/example_dags/tutorial_dag.py
[2024-11-09T19:32:57.843+0000] {processor.py:925} INFO - DAG(s) 'tutorial_dag' retrieved from /home/chirag/airflow/lib/python3.12/site-packages/airflow/example_dags/tutorial_dag.py
[2024-11-09T19:32:57.867+0000] {logging_mixin.py:190} INFO - [2024-11-09T19:32:57.867+0000] {dag.py:3239} INFO - Sync 1 DAGs
[2024-11-09T19:32:57.888+0000] {logging_mixin.py:190} INFO - [2024-11-09T19:32:57.888+0000] {dag.py:4180} INFO - Setting next_dagrun for tutorial_dag to None, run_after=None
[2024-11-09T19:32:57.956+0000] {processor.py:208} INFO - Processing /home/chirag/airflow/lib/python3.12/site-packages/airflow/example_dags/tutorial_dag.py took 0.145 seconds
[2024-11-09T19:33:41.197+0000] {processor.py:186} INFO - Started process (PID=1942) to work on /home/chirag/airflow/lib/python3.12/site-packages/airflow/example_dags/tutorial_dag.py
[2024-11-09T19:33:41.201+0000] {processor.py:914} INFO - Processing file /home/chirag/airflow/lib/python3.12/site-packages/airflow/example_dags/tutorial_dag.py for tasks to queue
[2024-11-09T19:33:41.205+0000] {logging_mixin.py:190} INFO - [2024-11-09T19:33:41.204+0000] {dagbag.py:588} INFO - Filling up the DagBag from /home/chirag/airflow/lib/python3.12/site-packages/airflow/example_dags/tutorial_dag.py
[2024-11-09T19:33:41.216+0000] {processor.py:925} INFO - DAG(s) 'tutorial_dag' retrieved from /home/chirag/airflow/lib/python3.12/site-packages/airflow/example_dags/tutorial_dag.py
[2024-11-09T19:33:41.238+0000] {logging_mixin.py:190} INFO - [2024-11-09T19:33:41.238+0000] {dag.py:3239} INFO - Sync 1 DAGs
[2024-11-09T19:33:41.271+0000] {logging_mixin.py:190} INFO - [2024-11-09T19:33:41.271+0000] {dag.py:4180} INFO - Setting next_dagrun for tutorial_dag to None, run_after=None
[2024-11-09T19:33:41.324+0000] {processor.py:208} INFO - Processing /home/chirag/airflow/lib/python3.12/site-packages/airflow/example_dags/tutorial_dag.py took 0.136 seconds
[2024-11-09T19:35:01.179+0000] {processor.py:186} INFO - Started process (PID=2536) to work on /home/chirag/airflow/lib/python3.12/site-packages/airflow/example_dags/tutorial_dag.py
[2024-11-09T19:35:01.209+0000] {processor.py:914} INFO - Processing file /home/chirag/airflow/lib/python3.12/site-packages/airflow/example_dags/tutorial_dag.py for tasks to queue
[2024-11-09T19:35:01.216+0000] {logging_mixin.py:190} INFO - [2024-11-09T19:35:01.215+0000] {dagbag.py:588} INFO - Filling up the DagBag from /home/chirag/airflow/lib/python3.12/site-packages/airflow/example_dags/tutorial_dag.py
[2024-11-09T19:35:01.263+0000] {processor.py:925} INFO - DAG(s) 'tutorial_dag' retrieved from /home/chirag/airflow/lib/python3.12/site-packages/airflow/example_dags/tutorial_dag.py
[2024-11-09T19:35:01.580+0000] {logging_mixin.py:190} INFO - [2024-11-09T19:35:01.579+0000] {dag.py:3239} INFO - Sync 1 DAGs
[2024-11-09T19:35:01.596+0000] {logging_mixin.py:190} INFO - [2024-11-09T19:35:01.596+0000] {dag.py:4180} INFO - Setting next_dagrun for tutorial_dag to None, run_after=None
[2024-11-09T19:35:01.631+0000] {processor.py:208} INFO - Processing /home/chirag/airflow/lib/python3.12/site-packages/airflow/example_dags/tutorial_dag.py took 0.486 seconds
[2024-11-09T19:35:44.960+0000] {processor.py:186} INFO - Started process (PID=2704) to work on /home/chirag/airflow/lib/python3.12/site-packages/airflow/example_dags/tutorial_dag.py
[2024-11-09T19:35:44.963+0000] {processor.py:914} INFO - Processing file /home/chirag/airflow/lib/python3.12/site-packages/airflow/example_dags/tutorial_dag.py for tasks to queue
[2024-11-09T19:35:44.966+0000] {logging_mixin.py:190} INFO - [2024-11-09T19:35:44.966+0000] {dagbag.py:588} INFO - Filling up the DagBag from /home/chirag/airflow/lib/python3.12/site-packages/airflow/example_dags/tutorial_dag.py
[2024-11-09T19:35:44.978+0000] {processor.py:925} INFO - DAG(s) 'tutorial_dag' retrieved from /home/chirag/airflow/lib/python3.12/site-packages/airflow/example_dags/tutorial_dag.py
[2024-11-09T19:35:45.000+0000] {logging_mixin.py:190} INFO - [2024-11-09T19:35:45.000+0000] {dag.py:3239} INFO - Sync 1 DAGs
[2024-11-09T19:35:45.018+0000] {logging_mixin.py:190} INFO - [2024-11-09T19:35:45.018+0000] {dag.py:4180} INFO - Setting next_dagrun for tutorial_dag to None, run_after=None
[2024-11-09T19:35:45.059+0000] {processor.py:208} INFO - Processing /home/chirag/airflow/lib/python3.12/site-packages/airflow/example_dags/tutorial_dag.py took 0.107 seconds
[2024-11-09T19:36:28.880+0000] {processor.py:186} INFO - Started process (PID=2818) to work on /home/chirag/airflow/lib/python3.12/site-packages/airflow/example_dags/tutorial_dag.py
[2024-11-09T19:36:28.883+0000] {processor.py:914} INFO - Processing file /home/chirag/airflow/lib/python3.12/site-packages/airflow/example_dags/tutorial_dag.py for tasks to queue
[2024-11-09T19:36:28.887+0000] {logging_mixin.py:190} INFO - [2024-11-09T19:36:28.887+0000] {dagbag.py:588} INFO - Filling up the DagBag from /home/chirag/airflow/lib/python3.12/site-packages/airflow/example_dags/tutorial_dag.py
[2024-11-09T19:36:28.898+0000] {processor.py:925} INFO - DAG(s) 'tutorial_dag' retrieved from /home/chirag/airflow/lib/python3.12/site-packages/airflow/example_dags/tutorial_dag.py
[2024-11-09T19:36:28.921+0000] {logging_mixin.py:190} INFO - [2024-11-09T19:36:28.920+0000] {dag.py:3239} INFO - Sync 1 DAGs
[2024-11-09T19:36:28.940+0000] {logging_mixin.py:190} INFO - [2024-11-09T19:36:28.939+0000] {dag.py:4180} INFO - Setting next_dagrun for tutorial_dag to None, run_after=None
[2024-11-09T19:36:28.981+0000] {processor.py:208} INFO - Processing /home/chirag/airflow/lib/python3.12/site-packages/airflow/example_dags/tutorial_dag.py took 0.109 seconds
[2024-11-09T19:37:36.610+0000] {processor.py:186} INFO - Started process (PID=3008) to work on /home/chirag/airflow/lib/python3.12/site-packages/airflow/example_dags/tutorial_dag.py
[2024-11-09T19:37:36.613+0000] {processor.py:914} INFO - Processing file /home/chirag/airflow/lib/python3.12/site-packages/airflow/example_dags/tutorial_dag.py for tasks to queue
[2024-11-09T19:37:36.616+0000] {logging_mixin.py:190} INFO - [2024-11-09T19:37:36.616+0000] {dagbag.py:588} INFO - Filling up the DagBag from /home/chirag/airflow/lib/python3.12/site-packages/airflow/example_dags/tutorial_dag.py
[2024-11-09T19:37:36.631+0000] {processor.py:925} INFO - DAG(s) 'tutorial_dag' retrieved from /home/chirag/airflow/lib/python3.12/site-packages/airflow/example_dags/tutorial_dag.py
[2024-11-09T19:37:36.655+0000] {logging_mixin.py:190} INFO - [2024-11-09T19:37:36.655+0000] {dag.py:3239} INFO - Sync 1 DAGs
[2024-11-09T19:37:36.674+0000] {logging_mixin.py:190} INFO - [2024-11-09T19:37:36.674+0000] {dag.py:4180} INFO - Setting next_dagrun for tutorial_dag to None, run_after=None
[2024-11-09T19:37:36.718+0000] {processor.py:208} INFO - Processing /home/chirag/airflow/lib/python3.12/site-packages/airflow/example_dags/tutorial_dag.py took 0.121 seconds
[2024-11-09T19:38:50.300+0000] {processor.py:186} INFO - Started process (PID=3397) to work on /home/chirag/airflow/lib/python3.12/site-packages/airflow/example_dags/tutorial_dag.py
[2024-11-09T19:38:50.304+0000] {processor.py:914} INFO - Processing file /home/chirag/airflow/lib/python3.12/site-packages/airflow/example_dags/tutorial_dag.py for tasks to queue
[2024-11-09T19:38:50.316+0000] {logging_mixin.py:190} INFO - [2024-11-09T19:38:50.314+0000] {dagbag.py:588} INFO - Filling up the DagBag from /home/chirag/airflow/lib/python3.12/site-packages/airflow/example_dags/tutorial_dag.py
[2024-11-09T19:38:50.336+0000] {processor.py:925} INFO - DAG(s) 'tutorial_dag' retrieved from /home/chirag/airflow/lib/python3.12/site-packages/airflow/example_dags/tutorial_dag.py
[2024-11-09T19:38:50.390+0000] {logging_mixin.py:190} INFO - [2024-11-09T19:38:50.390+0000] {dag.py:3239} INFO - Sync 1 DAGs
[2024-11-09T19:38:50.458+0000] {logging_mixin.py:190} INFO - [2024-11-09T19:38:50.457+0000] {dag.py:4180} INFO - Setting next_dagrun for tutorial_dag to None, run_after=None
[2024-11-09T19:38:50.551+0000] {processor.py:208} INFO - Processing /home/chirag/airflow/lib/python3.12/site-packages/airflow/example_dags/tutorial_dag.py took 0.274 seconds
[2024-11-09T19:39:38.850+0000] {processor.py:186} INFO - Started process (PID=3527) to work on /home/chirag/airflow/lib/python3.12/site-packages/airflow/example_dags/tutorial_dag.py
[2024-11-09T19:39:38.852+0000] {processor.py:914} INFO - Processing file /home/chirag/airflow/lib/python3.12/site-packages/airflow/example_dags/tutorial_dag.py for tasks to queue
[2024-11-09T19:39:38.856+0000] {logging_mixin.py:190} INFO - [2024-11-09T19:39:38.855+0000] {dagbag.py:588} INFO - Filling up the DagBag from /home/chirag/airflow/lib/python3.12/site-packages/airflow/example_dags/tutorial_dag.py
[2024-11-09T19:39:38.869+0000] {processor.py:925} INFO - DAG(s) 'tutorial_dag' retrieved from /home/chirag/airflow/lib/python3.12/site-packages/airflow/example_dags/tutorial_dag.py
[2024-11-09T19:39:38.892+0000] {logging_mixin.py:190} INFO - [2024-11-09T19:39:38.892+0000] {dag.py:3239} INFO - Sync 1 DAGs
[2024-11-09T19:39:38.919+0000] {logging_mixin.py:190} INFO - [2024-11-09T19:39:38.918+0000] {dag.py:4180} INFO - Setting next_dagrun for tutorial_dag to None, run_after=None
[2024-11-09T19:39:38.990+0000] {processor.py:208} INFO - Processing /home/chirag/airflow/lib/python3.12/site-packages/airflow/example_dags/tutorial_dag.py took 0.152 seconds
[2024-11-09T19:40:19.884+0000] {processor.py:186} INFO - Started process (PID=3639) to work on /home/chirag/airflow/lib/python3.12/site-packages/airflow/example_dags/tutorial_dag.py
[2024-11-09T19:40:19.890+0000] {processor.py:914} INFO - Processing file /home/chirag/airflow/lib/python3.12/site-packages/airflow/example_dags/tutorial_dag.py for tasks to queue
[2024-11-09T19:40:19.894+0000] {logging_mixin.py:190} INFO - [2024-11-09T19:40:19.894+0000] {dagbag.py:588} INFO - Filling up the DagBag from /home/chirag/airflow/lib/python3.12/site-packages/airflow/example_dags/tutorial_dag.py
[2024-11-09T19:40:19.907+0000] {processor.py:925} INFO - DAG(s) 'tutorial_dag' retrieved from /home/chirag/airflow/lib/python3.12/site-packages/airflow/example_dags/tutorial_dag.py
[2024-11-09T19:40:19.930+0000] {logging_mixin.py:190} INFO - [2024-11-09T19:40:19.930+0000] {dag.py:3239} INFO - Sync 1 DAGs
[2024-11-09T19:40:19.950+0000] {logging_mixin.py:190} INFO - [2024-11-09T19:40:19.949+0000] {dag.py:4180} INFO - Setting next_dagrun for tutorial_dag to None, run_after=None
[2024-11-09T19:40:19.990+0000] {processor.py:208} INFO - Processing /home/chirag/airflow/lib/python3.12/site-packages/airflow/example_dags/tutorial_dag.py took 0.117 seconds
[2024-11-09T19:41:33.955+0000] {processor.py:186} INFO - Started process (PID=3847) to work on /home/chirag/airflow/lib/python3.12/site-packages/airflow/example_dags/tutorial_dag.py
[2024-11-09T19:41:33.958+0000] {processor.py:914} INFO - Processing file /home/chirag/airflow/lib/python3.12/site-packages/airflow/example_dags/tutorial_dag.py for tasks to queue
[2024-11-09T19:41:33.962+0000] {logging_mixin.py:190} INFO - [2024-11-09T19:41:33.961+0000] {dagbag.py:588} INFO - Filling up the DagBag from /home/chirag/airflow/lib/python3.12/site-packages/airflow/example_dags/tutorial_dag.py
[2024-11-09T19:41:33.973+0000] {processor.py:925} INFO - DAG(s) 'tutorial_dag' retrieved from /home/chirag/airflow/lib/python3.12/site-packages/airflow/example_dags/tutorial_dag.py
[2024-11-09T19:41:34.001+0000] {logging_mixin.py:190} INFO - [2024-11-09T19:41:34.000+0000] {dag.py:3239} INFO - Sync 1 DAGs
[2024-11-09T19:41:34.020+0000] {logging_mixin.py:190} INFO - [2024-11-09T19:41:34.020+0000] {dag.py:4180} INFO - Setting next_dagrun for tutorial_dag to None, run_after=None
[2024-11-09T19:41:34.058+0000] {processor.py:208} INFO - Processing /home/chirag/airflow/lib/python3.12/site-packages/airflow/example_dags/tutorial_dag.py took 0.111 seconds
[2024-11-09T19:42:44.141+0000] {processor.py:186} INFO - Started process (PID=4050) to work on /home/chirag/airflow/lib/python3.12/site-packages/airflow/example_dags/tutorial_dag.py
[2024-11-09T19:42:44.145+0000] {processor.py:914} INFO - Processing file /home/chirag/airflow/lib/python3.12/site-packages/airflow/example_dags/tutorial_dag.py for tasks to queue
[2024-11-09T19:42:44.149+0000] {logging_mixin.py:190} INFO - [2024-11-09T19:42:44.148+0000] {dagbag.py:588} INFO - Filling up the DagBag from /home/chirag/airflow/lib/python3.12/site-packages/airflow/example_dags/tutorial_dag.py
[2024-11-09T19:42:44.163+0000] {processor.py:925} INFO - DAG(s) 'tutorial_dag' retrieved from /home/chirag/airflow/lib/python3.12/site-packages/airflow/example_dags/tutorial_dag.py
[2024-11-09T19:42:44.190+0000] {logging_mixin.py:190} INFO - [2024-11-09T19:42:44.190+0000] {dag.py:3239} INFO - Sync 1 DAGs
[2024-11-09T19:42:44.213+0000] {logging_mixin.py:190} INFO - [2024-11-09T19:42:44.213+0000] {dag.py:4180} INFO - Setting next_dagrun for tutorial_dag to None, run_after=None
[2024-11-09T19:42:44.270+0000] {processor.py:208} INFO - Processing /home/chirag/airflow/lib/python3.12/site-packages/airflow/example_dags/tutorial_dag.py took 0.139 seconds
[2024-11-09T19:43:29.016+0000] {processor.py:186} INFO - Started process (PID=4174) to work on /home/chirag/airflow/lib/python3.12/site-packages/airflow/example_dags/tutorial_dag.py
[2024-11-09T19:43:29.026+0000] {processor.py:914} INFO - Processing file /home/chirag/airflow/lib/python3.12/site-packages/airflow/example_dags/tutorial_dag.py for tasks to queue
[2024-11-09T19:43:29.031+0000] {logging_mixin.py:190} INFO - [2024-11-09T19:43:29.030+0000] {dagbag.py:588} INFO - Filling up the DagBag from /home/chirag/airflow/lib/python3.12/site-packages/airflow/example_dags/tutorial_dag.py
[2024-11-09T19:43:29.049+0000] {processor.py:925} INFO - DAG(s) 'tutorial_dag' retrieved from /home/chirag/airflow/lib/python3.12/site-packages/airflow/example_dags/tutorial_dag.py
[2024-11-09T19:43:29.091+0000] {logging_mixin.py:190} INFO - [2024-11-09T19:43:29.091+0000] {dag.py:3239} INFO - Sync 1 DAGs
[2024-11-09T19:43:29.181+0000] {logging_mixin.py:190} INFO - [2024-11-09T19:43:29.180+0000] {dag.py:4180} INFO - Setting next_dagrun for tutorial_dag to None, run_after=None
[2024-11-09T19:43:29.943+0000] {processor.py:208} INFO - Processing /home/chirag/airflow/lib/python3.12/site-packages/airflow/example_dags/tutorial_dag.py took 0.941 seconds
[2024-11-09T19:44:39.324+0000] {processor.py:186} INFO - Started process (PID=4378) to work on /home/chirag/airflow/lib/python3.12/site-packages/airflow/example_dags/tutorial_dag.py
[2024-11-09T19:44:39.327+0000] {processor.py:914} INFO - Processing file /home/chirag/airflow/lib/python3.12/site-packages/airflow/example_dags/tutorial_dag.py for tasks to queue
[2024-11-09T19:44:39.331+0000] {logging_mixin.py:190} INFO - [2024-11-09T19:44:39.330+0000] {dagbag.py:588} INFO - Filling up the DagBag from /home/chirag/airflow/lib/python3.12/site-packages/airflow/example_dags/tutorial_dag.py
[2024-11-09T19:44:39.342+0000] {processor.py:925} INFO - DAG(s) 'tutorial_dag' retrieved from /home/chirag/airflow/lib/python3.12/site-packages/airflow/example_dags/tutorial_dag.py
[2024-11-09T19:44:39.371+0000] {logging_mixin.py:190} INFO - [2024-11-09T19:44:39.370+0000] {dag.py:3239} INFO - Sync 1 DAGs
[2024-11-09T19:44:39.404+0000] {logging_mixin.py:190} INFO - [2024-11-09T19:44:39.403+0000] {dag.py:4180} INFO - Setting next_dagrun for tutorial_dag to None, run_after=None
[2024-11-09T19:44:39.459+0000] {processor.py:208} INFO - Processing /home/chirag/airflow/lib/python3.12/site-packages/airflow/example_dags/tutorial_dag.py took 0.143 seconds
[2024-11-09T19:46:25.348+0000] {processor.py:186} INFO - Started process (PID=4686) to work on /home/chirag/airflow/lib/python3.12/site-packages/airflow/example_dags/tutorial_dag.py
[2024-11-09T19:46:25.351+0000] {processor.py:914} INFO - Processing file /home/chirag/airflow/lib/python3.12/site-packages/airflow/example_dags/tutorial_dag.py for tasks to queue
[2024-11-09T19:46:25.355+0000] {logging_mixin.py:190} INFO - [2024-11-09T19:46:25.355+0000] {dagbag.py:588} INFO - Filling up the DagBag from /home/chirag/airflow/lib/python3.12/site-packages/airflow/example_dags/tutorial_dag.py
[2024-11-09T19:46:25.366+0000] {processor.py:925} INFO - DAG(s) 'tutorial_dag' retrieved from /home/chirag/airflow/lib/python3.12/site-packages/airflow/example_dags/tutorial_dag.py
[2024-11-09T19:46:25.388+0000] {logging_mixin.py:190} INFO - [2024-11-09T19:46:25.388+0000] {dag.py:3239} INFO - Sync 1 DAGs
[2024-11-09T19:46:25.406+0000] {logging_mixin.py:190} INFO - [2024-11-09T19:46:25.406+0000] {dag.py:4180} INFO - Setting next_dagrun for tutorial_dag to None, run_after=None
[2024-11-09T19:46:25.445+0000] {processor.py:208} INFO - Processing /home/chirag/airflow/lib/python3.12/site-packages/airflow/example_dags/tutorial_dag.py took 0.106 seconds
[2024-11-09T19:47:14.371+0000] {processor.py:186} INFO - Started process (PID=4860) to work on /home/chirag/airflow/lib/python3.12/site-packages/airflow/example_dags/tutorial_dag.py
[2024-11-09T19:47:14.374+0000] {processor.py:914} INFO - Processing file /home/chirag/airflow/lib/python3.12/site-packages/airflow/example_dags/tutorial_dag.py for tasks to queue
[2024-11-09T19:47:14.378+0000] {logging_mixin.py:190} INFO - [2024-11-09T19:47:14.378+0000] {dagbag.py:588} INFO - Filling up the DagBag from /home/chirag/airflow/lib/python3.12/site-packages/airflow/example_dags/tutorial_dag.py
[2024-11-09T19:47:14.391+0000] {processor.py:925} INFO - DAG(s) 'tutorial_dag' retrieved from /home/chirag/airflow/lib/python3.12/site-packages/airflow/example_dags/tutorial_dag.py
[2024-11-09T19:47:14.414+0000] {logging_mixin.py:190} INFO - [2024-11-09T19:47:14.414+0000] {dag.py:3239} INFO - Sync 1 DAGs
[2024-11-09T19:47:14.432+0000] {logging_mixin.py:190} INFO - [2024-11-09T19:47:14.432+0000] {dag.py:4180} INFO - Setting next_dagrun for tutorial_dag to None, run_after=None
[2024-11-09T19:47:14.470+0000] {processor.py:208} INFO - Processing /home/chirag/airflow/lib/python3.12/site-packages/airflow/example_dags/tutorial_dag.py took 0.108 seconds
[2024-11-09T19:48:30.837+0000] {processor.py:186} INFO - Started process (PID=5087) to work on /home/chirag/airflow/lib/python3.12/site-packages/airflow/example_dags/tutorial_dag.py
[2024-11-09T19:48:30.841+0000] {processor.py:914} INFO - Processing file /home/chirag/airflow/lib/python3.12/site-packages/airflow/example_dags/tutorial_dag.py for tasks to queue
[2024-11-09T19:48:30.845+0000] {logging_mixin.py:190} INFO - [2024-11-09T19:48:30.844+0000] {dagbag.py:588} INFO - Filling up the DagBag from /home/chirag/airflow/lib/python3.12/site-packages/airflow/example_dags/tutorial_dag.py
[2024-11-09T19:48:30.856+0000] {processor.py:925} INFO - DAG(s) 'tutorial_dag' retrieved from /home/chirag/airflow/lib/python3.12/site-packages/airflow/example_dags/tutorial_dag.py
[2024-11-09T19:48:30.879+0000] {logging_mixin.py:190} INFO - [2024-11-09T19:48:30.879+0000] {dag.py:3239} INFO - Sync 1 DAGs
[2024-11-09T19:48:30.898+0000] {logging_mixin.py:190} INFO - [2024-11-09T19:48:30.897+0000] {dag.py:4180} INFO - Setting next_dagrun for tutorial_dag to None, run_after=None
[2024-11-09T19:48:30.936+0000] {processor.py:208} INFO - Processing /home/chirag/airflow/lib/python3.12/site-packages/airflow/example_dags/tutorial_dag.py took 0.108 seconds
[2024-11-09T19:49:43.055+0000] {processor.py:186} INFO - Started process (PID=5329) to work on /home/chirag/airflow/lib/python3.12/site-packages/airflow/example_dags/tutorial_dag.py
[2024-11-09T19:49:43.058+0000] {processor.py:914} INFO - Processing file /home/chirag/airflow/lib/python3.12/site-packages/airflow/example_dags/tutorial_dag.py for tasks to queue
[2024-11-09T19:49:43.062+0000] {logging_mixin.py:190} INFO - [2024-11-09T19:49:43.062+0000] {dagbag.py:588} INFO - Filling up the DagBag from /home/chirag/airflow/lib/python3.12/site-packages/airflow/example_dags/tutorial_dag.py
[2024-11-09T19:49:43.074+0000] {processor.py:925} INFO - DAG(s) 'tutorial_dag' retrieved from /home/chirag/airflow/lib/python3.12/site-packages/airflow/example_dags/tutorial_dag.py
[2024-11-09T19:49:43.099+0000] {logging_mixin.py:190} INFO - [2024-11-09T19:49:43.099+0000] {dag.py:3239} INFO - Sync 1 DAGs
[2024-11-09T19:49:43.118+0000] {logging_mixin.py:190} INFO - [2024-11-09T19:49:43.118+0000] {dag.py:4180} INFO - Setting next_dagrun for tutorial_dag to None, run_after=None
[2024-11-09T19:49:43.156+0000] {processor.py:208} INFO - Processing /home/chirag/airflow/lib/python3.12/site-packages/airflow/example_dags/tutorial_dag.py took 0.109 seconds
[2024-11-09T19:50:54.733+0000] {processor.py:186} INFO - Started process (PID=5889) to work on /home/chirag/airflow/lib/python3.12/site-packages/airflow/example_dags/tutorial_dag.py
[2024-11-09T19:50:54.736+0000] {processor.py:914} INFO - Processing file /home/chirag/airflow/lib/python3.12/site-packages/airflow/example_dags/tutorial_dag.py for tasks to queue
[2024-11-09T19:50:54.742+0000] {logging_mixin.py:190} INFO - [2024-11-09T19:50:54.741+0000] {dagbag.py:588} INFO - Filling up the DagBag from /home/chirag/airflow/lib/python3.12/site-packages/airflow/example_dags/tutorial_dag.py
[2024-11-09T19:50:54.759+0000] {processor.py:925} INFO - DAG(s) 'tutorial_dag' retrieved from /home/chirag/airflow/lib/python3.12/site-packages/airflow/example_dags/tutorial_dag.py
[2024-11-09T19:50:54.793+0000] {logging_mixin.py:190} INFO - [2024-11-09T19:50:54.792+0000] {dag.py:3239} INFO - Sync 1 DAGs
[2024-11-09T19:50:54.832+0000] {logging_mixin.py:190} INFO - [2024-11-09T19:50:54.831+0000] {dag.py:4180} INFO - Setting next_dagrun for tutorial_dag to None, run_after=None
[2024-11-09T19:50:54.961+0000] {processor.py:208} INFO - Processing /home/chirag/airflow/lib/python3.12/site-packages/airflow/example_dags/tutorial_dag.py took 0.240 seconds
[2024-11-09T19:52:08.898+0000] {processor.py:186} INFO - Started process (PID=6300) to work on /home/chirag/airflow/lib/python3.12/site-packages/airflow/example_dags/tutorial_dag.py
[2024-11-09T19:52:08.902+0000] {processor.py:914} INFO - Processing file /home/chirag/airflow/lib/python3.12/site-packages/airflow/example_dags/tutorial_dag.py for tasks to queue
[2024-11-09T19:52:08.906+0000] {logging_mixin.py:190} INFO - [2024-11-09T19:52:08.905+0000] {dagbag.py:588} INFO - Filling up the DagBag from /home/chirag/airflow/lib/python3.12/site-packages/airflow/example_dags/tutorial_dag.py
[2024-11-09T19:52:08.919+0000] {processor.py:925} INFO - DAG(s) 'tutorial_dag' retrieved from /home/chirag/airflow/lib/python3.12/site-packages/airflow/example_dags/tutorial_dag.py
[2024-11-09T19:52:08.942+0000] {logging_mixin.py:190} INFO - [2024-11-09T19:52:08.941+0000] {dag.py:3239} INFO - Sync 1 DAGs
[2024-11-09T19:52:08.965+0000] {logging_mixin.py:190} INFO - [2024-11-09T19:52:08.965+0000] {dag.py:4180} INFO - Setting next_dagrun for tutorial_dag to None, run_after=None
[2024-11-09T19:52:09.012+0000] {processor.py:208} INFO - Processing /home/chirag/airflow/lib/python3.12/site-packages/airflow/example_dags/tutorial_dag.py took 0.124 seconds
[2024-11-09T19:53:09.543+0000] {processor.py:186} INFO - Started process (PID=6639) to work on /home/chirag/airflow/lib/python3.12/site-packages/airflow/example_dags/tutorial_dag.py
[2024-11-09T19:53:09.547+0000] {processor.py:914} INFO - Processing file /home/chirag/airflow/lib/python3.12/site-packages/airflow/example_dags/tutorial_dag.py for tasks to queue
[2024-11-09T19:53:09.552+0000] {logging_mixin.py:190} INFO - [2024-11-09T19:53:09.551+0000] {dagbag.py:588} INFO - Filling up the DagBag from /home/chirag/airflow/lib/python3.12/site-packages/airflow/example_dags/tutorial_dag.py
[2024-11-09T19:53:09.568+0000] {processor.py:925} INFO - DAG(s) 'tutorial_dag' retrieved from /home/chirag/airflow/lib/python3.12/site-packages/airflow/example_dags/tutorial_dag.py
[2024-11-09T19:53:09.604+0000] {logging_mixin.py:190} INFO - [2024-11-09T19:53:09.603+0000] {dag.py:3239} INFO - Sync 1 DAGs
[2024-11-09T19:53:09.646+0000] {logging_mixin.py:190} INFO - [2024-11-09T19:53:09.645+0000] {dag.py:4180} INFO - Setting next_dagrun for tutorial_dag to None, run_after=None
[2024-11-09T19:53:09.701+0000] {processor.py:208} INFO - Processing /home/chirag/airflow/lib/python3.12/site-packages/airflow/example_dags/tutorial_dag.py took 0.171 seconds
[2024-11-09T19:53:57.471+0000] {processor.py:186} INFO - Started process (PID=6916) to work on /home/chirag/airflow/lib/python3.12/site-packages/airflow/example_dags/tutorial_dag.py
[2024-11-09T19:53:57.475+0000] {processor.py:914} INFO - Processing file /home/chirag/airflow/lib/python3.12/site-packages/airflow/example_dags/tutorial_dag.py for tasks to queue
[2024-11-09T19:53:57.480+0000] {logging_mixin.py:190} INFO - [2024-11-09T19:53:57.478+0000] {dagbag.py:588} INFO - Filling up the DagBag from /home/chirag/airflow/lib/python3.12/site-packages/airflow/example_dags/tutorial_dag.py
[2024-11-09T19:53:57.493+0000] {processor.py:925} INFO - DAG(s) 'tutorial_dag' retrieved from /home/chirag/airflow/lib/python3.12/site-packages/airflow/example_dags/tutorial_dag.py
[2024-11-09T19:53:57.516+0000] {logging_mixin.py:190} INFO - [2024-11-09T19:53:57.516+0000] {dag.py:3239} INFO - Sync 1 DAGs
[2024-11-09T19:53:57.535+0000] {logging_mixin.py:190} INFO - [2024-11-09T19:53:57.535+0000] {dag.py:4180} INFO - Setting next_dagrun for tutorial_dag to None, run_after=None
[2024-11-09T19:53:57.578+0000] {processor.py:208} INFO - Processing /home/chirag/airflow/lib/python3.12/site-packages/airflow/example_dags/tutorial_dag.py took 0.116 seconds
[2024-11-09T19:55:11.306+0000] {processor.py:186} INFO - Started process (PID=7515) to work on /home/chirag/airflow/lib/python3.12/site-packages/airflow/example_dags/tutorial_dag.py
[2024-11-09T19:55:11.311+0000] {processor.py:914} INFO - Processing file /home/chirag/airflow/lib/python3.12/site-packages/airflow/example_dags/tutorial_dag.py for tasks to queue
[2024-11-09T19:55:11.316+0000] {logging_mixin.py:190} INFO - [2024-11-09T19:55:11.315+0000] {dagbag.py:588} INFO - Filling up the DagBag from /home/chirag/airflow/lib/python3.12/site-packages/airflow/example_dags/tutorial_dag.py
[2024-11-09T19:55:11.335+0000] {processor.py:925} INFO - DAG(s) 'tutorial_dag' retrieved from /home/chirag/airflow/lib/python3.12/site-packages/airflow/example_dags/tutorial_dag.py
[2024-11-09T19:55:11.402+0000] {logging_mixin.py:190} INFO - [2024-11-09T19:55:11.392+0000] {dag.py:3239} INFO - Sync 1 DAGs
[2024-11-09T19:55:11.483+0000] {logging_mixin.py:190} INFO - [2024-11-09T19:55:11.482+0000] {dag.py:4180} INFO - Setting next_dagrun for tutorial_dag to None, run_after=None
[2024-11-09T19:55:11.575+0000] {processor.py:208} INFO - Processing /home/chirag/airflow/lib/python3.12/site-packages/airflow/example_dags/tutorial_dag.py took 0.277 seconds
[2024-11-09T19:55:53.306+0000] {processor.py:186} INFO - Started process (PID=7829) to work on /home/chirag/airflow/lib/python3.12/site-packages/airflow/example_dags/tutorial_dag.py
[2024-11-09T19:55:53.310+0000] {processor.py:914} INFO - Processing file /home/chirag/airflow/lib/python3.12/site-packages/airflow/example_dags/tutorial_dag.py for tasks to queue
[2024-11-09T19:55:53.314+0000] {logging_mixin.py:190} INFO - [2024-11-09T19:55:53.314+0000] {dagbag.py:588} INFO - Filling up the DagBag from /home/chirag/airflow/lib/python3.12/site-packages/airflow/example_dags/tutorial_dag.py
[2024-11-09T19:55:53.326+0000] {processor.py:925} INFO - DAG(s) 'tutorial_dag' retrieved from /home/chirag/airflow/lib/python3.12/site-packages/airflow/example_dags/tutorial_dag.py
[2024-11-09T19:55:53.347+0000] {logging_mixin.py:190} INFO - [2024-11-09T19:55:53.347+0000] {dag.py:3239} INFO - Sync 1 DAGs
[2024-11-09T19:55:53.369+0000] {logging_mixin.py:190} INFO - [2024-11-09T19:55:53.369+0000] {dag.py:4180} INFO - Setting next_dagrun for tutorial_dag to None, run_after=None
[2024-11-09T19:55:53.417+0000] {processor.py:208} INFO - Processing /home/chirag/airflow/lib/python3.12/site-packages/airflow/example_dags/tutorial_dag.py took 0.119 seconds
[2024-11-09T19:56:39.929+0000] {processor.py:186} INFO - Started process (PID=7979) to work on /home/chirag/airflow/lib/python3.12/site-packages/airflow/example_dags/tutorial_dag.py
[2024-11-09T19:56:39.933+0000] {processor.py:914} INFO - Processing file /home/chirag/airflow/lib/python3.12/site-packages/airflow/example_dags/tutorial_dag.py for tasks to queue
[2024-11-09T19:56:39.949+0000] {logging_mixin.py:190} INFO - [2024-11-09T19:56:39.948+0000] {dagbag.py:588} INFO - Filling up the DagBag from /home/chirag/airflow/lib/python3.12/site-packages/airflow/example_dags/tutorial_dag.py
[2024-11-09T19:56:39.989+0000] {processor.py:925} INFO - DAG(s) 'tutorial_dag' retrieved from /home/chirag/airflow/lib/python3.12/site-packages/airflow/example_dags/tutorial_dag.py
[2024-11-09T19:56:40.077+0000] {logging_mixin.py:190} INFO - [2024-11-09T19:56:40.077+0000] {dag.py:3239} INFO - Sync 1 DAGs
[2024-11-09T19:56:40.149+0000] {logging_mixin.py:190} INFO - [2024-11-09T19:56:40.149+0000] {dag.py:4180} INFO - Setting next_dagrun for tutorial_dag to None, run_after=None
[2024-11-09T19:56:40.293+0000] {processor.py:208} INFO - Processing /home/chirag/airflow/lib/python3.12/site-packages/airflow/example_dags/tutorial_dag.py took 0.395 seconds
[2024-11-09T19:57:43.561+0000] {processor.py:186} INFO - Started process (PID=8164) to work on /home/chirag/airflow/lib/python3.12/site-packages/airflow/example_dags/tutorial_dag.py
[2024-11-09T19:57:43.565+0000] {processor.py:914} INFO - Processing file /home/chirag/airflow/lib/python3.12/site-packages/airflow/example_dags/tutorial_dag.py for tasks to queue
[2024-11-09T19:57:43.570+0000] {logging_mixin.py:190} INFO - [2024-11-09T19:57:43.569+0000] {dagbag.py:588} INFO - Filling up the DagBag from /home/chirag/airflow/lib/python3.12/site-packages/airflow/example_dags/tutorial_dag.py
[2024-11-09T19:57:43.581+0000] {processor.py:925} INFO - DAG(s) 'tutorial_dag' retrieved from /home/chirag/airflow/lib/python3.12/site-packages/airflow/example_dags/tutorial_dag.py
[2024-11-09T19:57:43.603+0000] {logging_mixin.py:190} INFO - [2024-11-09T19:57:43.603+0000] {dag.py:3239} INFO - Sync 1 DAGs
[2024-11-09T19:57:43.621+0000] {logging_mixin.py:190} INFO - [2024-11-09T19:57:43.621+0000] {dag.py:4180} INFO - Setting next_dagrun for tutorial_dag to None, run_after=None
[2024-11-09T19:57:43.665+0000] {processor.py:208} INFO - Processing /home/chirag/airflow/lib/python3.12/site-packages/airflow/example_dags/tutorial_dag.py took 0.112 seconds
[2024-11-09T19:58:41.756+0000] {processor.py:186} INFO - Started process (PID=8474) to work on /home/chirag/airflow/lib/python3.12/site-packages/airflow/example_dags/tutorial_dag.py
[2024-11-09T19:58:41.764+0000] {processor.py:914} INFO - Processing file /home/chirag/airflow/lib/python3.12/site-packages/airflow/example_dags/tutorial_dag.py for tasks to queue
[2024-11-09T19:58:41.772+0000] {logging_mixin.py:190} INFO - [2024-11-09T19:58:41.770+0000] {dagbag.py:588} INFO - Filling up the DagBag from /home/chirag/airflow/lib/python3.12/site-packages/airflow/example_dags/tutorial_dag.py
[2024-11-09T19:58:41.795+0000] {processor.py:925} INFO - DAG(s) 'tutorial_dag' retrieved from /home/chirag/airflow/lib/python3.12/site-packages/airflow/example_dags/tutorial_dag.py
[2024-11-09T19:58:41.862+0000] {logging_mixin.py:190} INFO - [2024-11-09T19:58:41.861+0000] {dag.py:3239} INFO - Sync 1 DAGs
[2024-11-09T19:58:41.905+0000] {logging_mixin.py:190} INFO - [2024-11-09T19:58:41.905+0000] {dag.py:4180} INFO - Setting next_dagrun for tutorial_dag to None, run_after=None
[2024-11-09T19:58:41.985+0000] {processor.py:208} INFO - Processing /home/chirag/airflow/lib/python3.12/site-packages/airflow/example_dags/tutorial_dag.py took 0.248 seconds
[2024-11-09T20:22:18.192+0000] {processor.py:186} INFO - Started process (PID=12596) to work on /home/chirag/airflow/lib/python3.12/site-packages/airflow/example_dags/tutorial_dag.py
[2024-11-09T20:22:18.195+0000] {processor.py:914} INFO - Processing file /home/chirag/airflow/lib/python3.12/site-packages/airflow/example_dags/tutorial_dag.py for tasks to queue
[2024-11-09T20:22:18.198+0000] {logging_mixin.py:190} INFO - [2024-11-09T20:22:18.198+0000] {dagbag.py:588} INFO - Filling up the DagBag from /home/chirag/airflow/lib/python3.12/site-packages/airflow/example_dags/tutorial_dag.py
[2024-11-09T20:22:18.227+0000] {processor.py:925} INFO - DAG(s) 'tutorial_dag' retrieved from /home/chirag/airflow/lib/python3.12/site-packages/airflow/example_dags/tutorial_dag.py
[2024-11-09T20:22:18.399+0000] {logging_mixin.py:190} INFO - [2024-11-09T20:22:18.398+0000] {dag.py:3239} INFO - Sync 1 DAGs
[2024-11-09T20:22:18.441+0000] {logging_mixin.py:190} INFO - [2024-11-09T20:22:18.440+0000] {dag.py:4180} INFO - Setting next_dagrun for tutorial_dag to None, run_after=None
[2024-11-09T20:22:18.541+0000] {processor.py:208} INFO - Processing /home/chirag/airflow/lib/python3.12/site-packages/airflow/example_dags/tutorial_dag.py took 0.356 seconds
[2024-11-09T20:23:25.698+0000] {processor.py:186} INFO - Started process (PID=12815) to work on /home/chirag/airflow/lib/python3.12/site-packages/airflow/example_dags/tutorial_dag.py
[2024-11-09T20:23:25.700+0000] {processor.py:914} INFO - Processing file /home/chirag/airflow/lib/python3.12/site-packages/airflow/example_dags/tutorial_dag.py for tasks to queue
[2024-11-09T20:23:25.705+0000] {logging_mixin.py:190} INFO - [2024-11-09T20:23:25.704+0000] {dagbag.py:588} INFO - Filling up the DagBag from /home/chirag/airflow/lib/python3.12/site-packages/airflow/example_dags/tutorial_dag.py
[2024-11-09T20:23:25.719+0000] {processor.py:925} INFO - DAG(s) 'tutorial_dag' retrieved from /home/chirag/airflow/lib/python3.12/site-packages/airflow/example_dags/tutorial_dag.py
[2024-11-09T20:23:25.752+0000] {logging_mixin.py:190} INFO - [2024-11-09T20:23:25.751+0000] {dag.py:3239} INFO - Sync 1 DAGs
[2024-11-09T20:23:25.775+0000] {logging_mixin.py:190} INFO - [2024-11-09T20:23:25.774+0000] {dag.py:4180} INFO - Setting next_dagrun for tutorial_dag to None, run_after=None
[2024-11-09T20:23:25.820+0000] {processor.py:208} INFO - Processing /home/chirag/airflow/lib/python3.12/site-packages/airflow/example_dags/tutorial_dag.py took 0.134 seconds
[2024-11-09T20:24:37.935+0000] {processor.py:186} INFO - Started process (PID=13019) to work on /home/chirag/airflow/lib/python3.12/site-packages/airflow/example_dags/tutorial_dag.py
[2024-11-09T20:24:37.938+0000] {processor.py:914} INFO - Processing file /home/chirag/airflow/lib/python3.12/site-packages/airflow/example_dags/tutorial_dag.py for tasks to queue
[2024-11-09T20:24:37.942+0000] {logging_mixin.py:190} INFO - [2024-11-09T20:24:37.941+0000] {dagbag.py:588} INFO - Filling up the DagBag from /home/chirag/airflow/lib/python3.12/site-packages/airflow/example_dags/tutorial_dag.py
[2024-11-09T20:24:37.953+0000] {processor.py:925} INFO - DAG(s) 'tutorial_dag' retrieved from /home/chirag/airflow/lib/python3.12/site-packages/airflow/example_dags/tutorial_dag.py
[2024-11-09T20:24:37.974+0000] {logging_mixin.py:190} INFO - [2024-11-09T20:24:37.974+0000] {dag.py:3239} INFO - Sync 1 DAGs
[2024-11-09T20:24:37.992+0000] {logging_mixin.py:190} INFO - [2024-11-09T20:24:37.992+0000] {dag.py:4180} INFO - Setting next_dagrun for tutorial_dag to None, run_after=None
[2024-11-09T20:24:38.031+0000] {processor.py:208} INFO - Processing /home/chirag/airflow/lib/python3.12/site-packages/airflow/example_dags/tutorial_dag.py took 0.106 seconds
[2024-11-09T20:26:15.642+0000] {processor.py:186} INFO - Started process (PID=13506) to work on /home/chirag/airflow/lib/python3.12/site-packages/airflow/example_dags/tutorial_dag.py
[2024-11-09T20:26:15.646+0000] {processor.py:914} INFO - Processing file /home/chirag/airflow/lib/python3.12/site-packages/airflow/example_dags/tutorial_dag.py for tasks to queue
[2024-11-09T20:26:15.649+0000] {logging_mixin.py:190} INFO - [2024-11-09T20:26:15.649+0000] {dagbag.py:588} INFO - Filling up the DagBag from /home/chirag/airflow/lib/python3.12/site-packages/airflow/example_dags/tutorial_dag.py
[2024-11-09T20:26:15.661+0000] {processor.py:925} INFO - DAG(s) 'tutorial_dag' retrieved from /home/chirag/airflow/lib/python3.12/site-packages/airflow/example_dags/tutorial_dag.py
[2024-11-09T20:26:15.682+0000] {logging_mixin.py:190} INFO - [2024-11-09T20:26:15.682+0000] {dag.py:3239} INFO - Sync 1 DAGs
[2024-11-09T20:26:15.700+0000] {logging_mixin.py:190} INFO - [2024-11-09T20:26:15.700+0000] {dag.py:4180} INFO - Setting next_dagrun for tutorial_dag to None, run_after=None
[2024-11-09T20:26:15.741+0000] {processor.py:208} INFO - Processing /home/chirag/airflow/lib/python3.12/site-packages/airflow/example_dags/tutorial_dag.py took 0.106 seconds
[2024-11-09T20:27:15.735+0000] {processor.py:186} INFO - Started process (PID=13814) to work on /home/chirag/airflow/lib/python3.12/site-packages/airflow/example_dags/tutorial_dag.py
[2024-11-09T20:27:15.739+0000] {processor.py:914} INFO - Processing file /home/chirag/airflow/lib/python3.12/site-packages/airflow/example_dags/tutorial_dag.py for tasks to queue
[2024-11-09T20:27:15.746+0000] {logging_mixin.py:190} INFO - [2024-11-09T20:27:15.745+0000] {dagbag.py:588} INFO - Filling up the DagBag from /home/chirag/airflow/lib/python3.12/site-packages/airflow/example_dags/tutorial_dag.py
[2024-11-09T20:27:15.766+0000] {processor.py:925} INFO - DAG(s) 'tutorial_dag' retrieved from /home/chirag/airflow/lib/python3.12/site-packages/airflow/example_dags/tutorial_dag.py
[2024-11-09T20:27:15.803+0000] {logging_mixin.py:190} INFO - [2024-11-09T20:27:15.803+0000] {dag.py:3239} INFO - Sync 1 DAGs
[2024-11-09T20:27:15.842+0000] {logging_mixin.py:190} INFO - [2024-11-09T20:27:15.842+0000] {dag.py:4180} INFO - Setting next_dagrun for tutorial_dag to None, run_after=None
[2024-11-09T20:27:15.890+0000] {processor.py:208} INFO - Processing /home/chirag/airflow/lib/python3.12/site-packages/airflow/example_dags/tutorial_dag.py took 0.169 seconds
[2024-11-09T20:28:04.667+0000] {processor.py:186} INFO - Started process (PID=13974) to work on /home/chirag/airflow/lib/python3.12/site-packages/airflow/example_dags/tutorial_dag.py
[2024-11-09T20:28:04.671+0000] {processor.py:914} INFO - Processing file /home/chirag/airflow/lib/python3.12/site-packages/airflow/example_dags/tutorial_dag.py for tasks to queue
[2024-11-09T20:28:04.675+0000] {logging_mixin.py:190} INFO - [2024-11-09T20:28:04.674+0000] {dagbag.py:588} INFO - Filling up the DagBag from /home/chirag/airflow/lib/python3.12/site-packages/airflow/example_dags/tutorial_dag.py
[2024-11-09T20:28:04.686+0000] {processor.py:925} INFO - DAG(s) 'tutorial_dag' retrieved from /home/chirag/airflow/lib/python3.12/site-packages/airflow/example_dags/tutorial_dag.py
[2024-11-09T20:28:04.708+0000] {logging_mixin.py:190} INFO - [2024-11-09T20:28:04.707+0000] {dag.py:3239} INFO - Sync 1 DAGs
[2024-11-09T20:28:04.725+0000] {logging_mixin.py:190} INFO - [2024-11-09T20:28:04.725+0000] {dag.py:4180} INFO - Setting next_dagrun for tutorial_dag to None, run_after=None
[2024-11-09T20:28:04.773+0000] {processor.py:208} INFO - Processing /home/chirag/airflow/lib/python3.12/site-packages/airflow/example_dags/tutorial_dag.py took 0.115 seconds
[2024-11-09T20:28:52.972+0000] {processor.py:186} INFO - Started process (PID=14523) to work on /home/chirag/airflow/lib/python3.12/site-packages/airflow/example_dags/tutorial_dag.py
[2024-11-09T20:28:52.975+0000] {processor.py:914} INFO - Processing file /home/chirag/airflow/lib/python3.12/site-packages/airflow/example_dags/tutorial_dag.py for tasks to queue
[2024-11-09T20:28:52.979+0000] {logging_mixin.py:190} INFO - [2024-11-09T20:28:52.979+0000] {dagbag.py:588} INFO - Filling up the DagBag from /home/chirag/airflow/lib/python3.12/site-packages/airflow/example_dags/tutorial_dag.py
[2024-11-09T20:28:52.990+0000] {processor.py:925} INFO - DAG(s) 'tutorial_dag' retrieved from /home/chirag/airflow/lib/python3.12/site-packages/airflow/example_dags/tutorial_dag.py
[2024-11-09T20:28:53.012+0000] {logging_mixin.py:190} INFO - [2024-11-09T20:28:53.012+0000] {dag.py:3239} INFO - Sync 1 DAGs
[2024-11-09T20:28:53.039+0000] {logging_mixin.py:190} INFO - [2024-11-09T20:28:53.038+0000] {dag.py:4180} INFO - Setting next_dagrun for tutorial_dag to None, run_after=None
[2024-11-09T20:28:53.230+0000] {processor.py:208} INFO - Processing /home/chirag/airflow/lib/python3.12/site-packages/airflow/example_dags/tutorial_dag.py took 0.266 seconds
