[2024-11-09T19:16:02.654+0000] {processor.py:186} INFO - Started process (PID=94564) to work on /home/chirag/airflow/lib/python3.12/site-packages/airflow/example_dags/tutorial_taskflow_api_virtualenv.py
[2024-11-09T19:16:02.662+0000] {processor.py:914} INFO - Processing file /home/chirag/airflow/lib/python3.12/site-packages/airflow/example_dags/tutorial_taskflow_api_virtualenv.py for tasks to queue
[2024-11-09T19:16:02.666+0000] {logging_mixin.py:190} INFO - [2024-11-09T19:16:02.665+0000] {dagbag.py:588} INFO - Filling up the DagBag from /home/chirag/airflow/lib/python3.12/site-packages/airflow/example_dags/tutorial_taskflow_api_virtualenv.py
[2024-11-09T19:16:02.718+0000] {processor.py:925} INFO - DAG(s) 'tutorial_taskflow_api_virtualenv' retrieved from /home/chirag/airflow/lib/python3.12/site-packages/airflow/example_dags/tutorial_taskflow_api_virtualenv.py
[2024-11-09T19:16:03.254+0000] {logging_mixin.py:190} INFO - [2024-11-09T19:16:03.253+0000] {override.py:1911} INFO - Created Permission View: can delete on DAG:tutorial_taskflow_api_virtualenv
[2024-11-09T19:16:03.325+0000] {logging_mixin.py:190} INFO - [2024-11-09T19:16:03.324+0000] {override.py:1911} INFO - Created Permission View: can read on DAG:tutorial_taskflow_api_virtualenv
[2024-11-09T19:16:03.389+0000] {logging_mixin.py:190} INFO - [2024-11-09T19:16:03.388+0000] {override.py:1911} INFO - Created Permission View: can edit on DAG:tutorial_taskflow_api_virtualenv
[2024-11-09T19:16:03.607+0000] {logging_mixin.py:190} INFO - [2024-11-09T19:16:03.606+0000] {override.py:1911} INFO - Created Permission View: menu access on DAG Run:tutorial_taskflow_api_virtualenv
[2024-11-09T19:16:03.665+0000] {logging_mixin.py:190} INFO - [2024-11-09T19:16:03.664+0000] {override.py:1911} INFO - Created Permission View: can delete on DAG Run:tutorial_taskflow_api_virtualenv
[2024-11-09T19:16:03.752+0000] {logging_mixin.py:190} INFO - [2024-11-09T19:16:03.750+0000] {override.py:1911} INFO - Created Permission View: can read on DAG Run:tutorial_taskflow_api_virtualenv
[2024-11-09T19:16:03.809+0000] {logging_mixin.py:190} INFO - [2024-11-09T19:16:03.808+0000] {override.py:1911} INFO - Created Permission View: can create on DAG Run:tutorial_taskflow_api_virtualenv
[2024-11-09T19:16:03.810+0000] {logging_mixin.py:190} INFO - [2024-11-09T19:16:03.810+0000] {dag.py:3239} INFO - Sync 1 DAGs
[2024-11-09T19:16:03.869+0000] {logging_mixin.py:190} INFO - [2024-11-09T19:16:03.868+0000] {dag.py:3262} INFO - Creating ORM DAG for tutorial_taskflow_api_virtualenv
[2024-11-09T19:16:03.871+0000] {logging_mixin.py:190} INFO - [2024-11-09T19:16:03.871+0000] {dag.py:4180} INFO - Setting next_dagrun for tutorial_taskflow_api_virtualenv to None, run_after=None
[2024-11-09T19:16:04.090+0000] {processor.py:208} INFO - Processing /home/chirag/airflow/lib/python3.12/site-packages/airflow/example_dags/tutorial_taskflow_api_virtualenv.py took 1.460 seconds
[2024-11-09T19:18:01.179+0000] {processor.py:186} INFO - Started process (PID=94787) to work on /home/chirag/airflow/lib/python3.12/site-packages/airflow/example_dags/tutorial_taskflow_api_virtualenv.py
[2024-11-09T19:18:01.187+0000] {processor.py:914} INFO - Processing file /home/chirag/airflow/lib/python3.12/site-packages/airflow/example_dags/tutorial_taskflow_api_virtualenv.py for tasks to queue
[2024-11-09T19:18:01.205+0000] {logging_mixin.py:190} INFO - [2024-11-09T19:18:01.193+0000] {dagbag.py:588} INFO - Filling up the DagBag from /home/chirag/airflow/lib/python3.12/site-packages/airflow/example_dags/tutorial_taskflow_api_virtualenv.py
[2024-11-09T19:18:01.300+0000] {processor.py:925} INFO - DAG(s) 'tutorial_taskflow_api_virtualenv' retrieved from /home/chirag/airflow/lib/python3.12/site-packages/airflow/example_dags/tutorial_taskflow_api_virtualenv.py
[2024-11-09T19:18:01.427+0000] {logging_mixin.py:190} INFO - [2024-11-09T19:18:01.426+0000] {dag.py:3239} INFO - Sync 1 DAGs
[2024-11-09T19:18:01.553+0000] {logging_mixin.py:190} INFO - [2024-11-09T19:18:01.552+0000] {dag.py:4180} INFO - Setting next_dagrun for tutorial_taskflow_api_virtualenv to None, run_after=None
[2024-11-09T19:18:01.816+0000] {processor.py:208} INFO - Processing /home/chirag/airflow/lib/python3.12/site-packages/airflow/example_dags/tutorial_taskflow_api_virtualenv.py took 0.684 seconds
[2024-11-09T19:19:01.711+0000] {processor.py:186} INFO - Started process (PID=94930) to work on /home/chirag/airflow/lib/python3.12/site-packages/airflow/example_dags/tutorial_taskflow_api_virtualenv.py
[2024-11-09T19:19:01.715+0000] {processor.py:914} INFO - Processing file /home/chirag/airflow/lib/python3.12/site-packages/airflow/example_dags/tutorial_taskflow_api_virtualenv.py for tasks to queue
[2024-11-09T19:19:01.720+0000] {logging_mixin.py:190} INFO - [2024-11-09T19:19:01.719+0000] {dagbag.py:588} INFO - Filling up the DagBag from /home/chirag/airflow/lib/python3.12/site-packages/airflow/example_dags/tutorial_taskflow_api_virtualenv.py
[2024-11-09T19:19:01.749+0000] {processor.py:925} INFO - DAG(s) 'tutorial_taskflow_api_virtualenv' retrieved from /home/chirag/airflow/lib/python3.12/site-packages/airflow/example_dags/tutorial_taskflow_api_virtualenv.py
[2024-11-09T19:19:01.780+0000] {logging_mixin.py:190} INFO - [2024-11-09T19:19:01.779+0000] {dag.py:3239} INFO - Sync 1 DAGs
[2024-11-09T19:19:01.808+0000] {logging_mixin.py:190} INFO - [2024-11-09T19:19:01.808+0000] {dag.py:4180} INFO - Setting next_dagrun for tutorial_taskflow_api_virtualenv to None, run_after=None
[2024-11-09T19:19:01.862+0000] {processor.py:208} INFO - Processing /home/chirag/airflow/lib/python3.12/site-packages/airflow/example_dags/tutorial_taskflow_api_virtualenv.py took 0.163 seconds
[2024-11-09T19:27:32.882+0000] {processor.py:186} INFO - Started process (PID=449) to work on /home/chirag/airflow/lib/python3.12/site-packages/airflow/example_dags/tutorial_taskflow_api_virtualenv.py
[2024-11-09T19:27:32.885+0000] {processor.py:914} INFO - Processing file /home/chirag/airflow/lib/python3.12/site-packages/airflow/example_dags/tutorial_taskflow_api_virtualenv.py for tasks to queue
[2024-11-09T19:27:32.888+0000] {logging_mixin.py:190} INFO - [2024-11-09T19:27:32.887+0000] {dagbag.py:588} INFO - Filling up the DagBag from /home/chirag/airflow/lib/python3.12/site-packages/airflow/example_dags/tutorial_taskflow_api_virtualenv.py
[2024-11-09T19:27:32.909+0000] {processor.py:925} INFO - DAG(s) 'tutorial_taskflow_api_virtualenv' retrieved from /home/chirag/airflow/lib/python3.12/site-packages/airflow/example_dags/tutorial_taskflow_api_virtualenv.py
[2024-11-09T19:27:33.059+0000] {logging_mixin.py:190} INFO - [2024-11-09T19:27:33.058+0000] {dag.py:3239} INFO - Sync 1 DAGs
[2024-11-09T19:27:33.078+0000] {logging_mixin.py:190} INFO - [2024-11-09T19:27:33.078+0000] {dag.py:4180} INFO - Setting next_dagrun for tutorial_taskflow_api_virtualenv to None, run_after=None
[2024-11-09T19:27:33.113+0000] {processor.py:208} INFO - Processing /home/chirag/airflow/lib/python3.12/site-packages/airflow/example_dags/tutorial_taskflow_api_virtualenv.py took 0.239 seconds
[2024-11-09T19:28:38.298+0000] {processor.py:186} INFO - Started process (PID=513) to work on /home/chirag/airflow/lib/python3.12/site-packages/airflow/example_dags/tutorial_taskflow_api_virtualenv.py
[2024-11-09T19:28:38.302+0000] {processor.py:914} INFO - Processing file /home/chirag/airflow/lib/python3.12/site-packages/airflow/example_dags/tutorial_taskflow_api_virtualenv.py for tasks to queue
[2024-11-09T19:28:38.306+0000] {logging_mixin.py:190} INFO - [2024-11-09T19:28:38.305+0000] {dagbag.py:588} INFO - Filling up the DagBag from /home/chirag/airflow/lib/python3.12/site-packages/airflow/example_dags/tutorial_taskflow_api_virtualenv.py
[2024-11-09T19:28:38.351+0000] {processor.py:925} INFO - DAG(s) 'tutorial_taskflow_api_virtualenv' retrieved from /home/chirag/airflow/lib/python3.12/site-packages/airflow/example_dags/tutorial_taskflow_api_virtualenv.py
[2024-11-09T19:28:38.382+0000] {logging_mixin.py:190} INFO - [2024-11-09T19:28:38.382+0000] {dag.py:3239} INFO - Sync 1 DAGs
[2024-11-09T19:28:38.416+0000] {logging_mixin.py:190} INFO - [2024-11-09T19:28:38.415+0000] {dag.py:4180} INFO - Setting next_dagrun for tutorial_taskflow_api_virtualenv to None, run_after=None
[2024-11-09T19:28:38.518+0000] {processor.py:208} INFO - Processing /home/chirag/airflow/lib/python3.12/site-packages/airflow/example_dags/tutorial_taskflow_api_virtualenv.py took 0.233 seconds
[2024-11-09T19:29:16.165+0000] {processor.py:186} INFO - Started process (PID=569) to work on /home/chirag/airflow/lib/python3.12/site-packages/airflow/example_dags/tutorial_taskflow_api_virtualenv.py
[2024-11-09T19:29:16.168+0000] {processor.py:914} INFO - Processing file /home/chirag/airflow/lib/python3.12/site-packages/airflow/example_dags/tutorial_taskflow_api_virtualenv.py for tasks to queue
[2024-11-09T19:29:16.172+0000] {logging_mixin.py:190} INFO - [2024-11-09T19:29:16.171+0000] {dagbag.py:588} INFO - Filling up the DagBag from /home/chirag/airflow/lib/python3.12/site-packages/airflow/example_dags/tutorial_taskflow_api_virtualenv.py
[2024-11-09T19:29:16.189+0000] {processor.py:925} INFO - DAG(s) 'tutorial_taskflow_api_virtualenv' retrieved from /home/chirag/airflow/lib/python3.12/site-packages/airflow/example_dags/tutorial_taskflow_api_virtualenv.py
[2024-11-09T19:29:16.214+0000] {logging_mixin.py:190} INFO - [2024-11-09T19:29:16.214+0000] {dag.py:3239} INFO - Sync 1 DAGs
[2024-11-09T19:29:16.235+0000] {logging_mixin.py:190} INFO - [2024-11-09T19:29:16.234+0000] {dag.py:4180} INFO - Setting next_dagrun for tutorial_taskflow_api_virtualenv to None, run_after=None
[2024-11-09T19:29:16.272+0000] {processor.py:208} INFO - Processing /home/chirag/airflow/lib/python3.12/site-packages/airflow/example_dags/tutorial_taskflow_api_virtualenv.py took 0.115 seconds
[2024-11-09T19:30:30.962+0000] {processor.py:186} INFO - Started process (PID=642) to work on /home/chirag/airflow/lib/python3.12/site-packages/airflow/example_dags/tutorial_taskflow_api_virtualenv.py
[2024-11-09T19:30:30.965+0000] {processor.py:914} INFO - Processing file /home/chirag/airflow/lib/python3.12/site-packages/airflow/example_dags/tutorial_taskflow_api_virtualenv.py for tasks to queue
[2024-11-09T19:30:30.969+0000] {logging_mixin.py:190} INFO - [2024-11-09T19:30:30.968+0000] {dagbag.py:588} INFO - Filling up the DagBag from /home/chirag/airflow/lib/python3.12/site-packages/airflow/example_dags/tutorial_taskflow_api_virtualenv.py
[2024-11-09T19:30:30.987+0000] {processor.py:925} INFO - DAG(s) 'tutorial_taskflow_api_virtualenv' retrieved from /home/chirag/airflow/lib/python3.12/site-packages/airflow/example_dags/tutorial_taskflow_api_virtualenv.py
[2024-11-09T19:30:31.009+0000] {logging_mixin.py:190} INFO - [2024-11-09T19:30:31.009+0000] {dag.py:3239} INFO - Sync 1 DAGs
[2024-11-09T19:30:31.029+0000] {logging_mixin.py:190} INFO - [2024-11-09T19:30:31.029+0000] {dag.py:4180} INFO - Setting next_dagrun for tutorial_taskflow_api_virtualenv to None, run_after=None
[2024-11-09T19:30:31.065+0000] {processor.py:208} INFO - Processing /home/chirag/airflow/lib/python3.12/site-packages/airflow/example_dags/tutorial_taskflow_api_virtualenv.py took 0.111 seconds
[2024-11-09T19:31:11.516+0000] {processor.py:186} INFO - Started process (PID=676) to work on /home/chirag/airflow/lib/python3.12/site-packages/airflow/example_dags/tutorial_taskflow_api_virtualenv.py
[2024-11-09T19:31:11.519+0000] {processor.py:914} INFO - Processing file /home/chirag/airflow/lib/python3.12/site-packages/airflow/example_dags/tutorial_taskflow_api_virtualenv.py for tasks to queue
[2024-11-09T19:31:11.522+0000] {logging_mixin.py:190} INFO - [2024-11-09T19:31:11.522+0000] {dagbag.py:588} INFO - Filling up the DagBag from /home/chirag/airflow/lib/python3.12/site-packages/airflow/example_dags/tutorial_taskflow_api_virtualenv.py
[2024-11-09T19:31:11.552+0000] {processor.py:925} INFO - DAG(s) 'tutorial_taskflow_api_virtualenv' retrieved from /home/chirag/airflow/lib/python3.12/site-packages/airflow/example_dags/tutorial_taskflow_api_virtualenv.py
[2024-11-09T19:31:11.578+0000] {logging_mixin.py:190} INFO - [2024-11-09T19:31:11.578+0000] {dag.py:3239} INFO - Sync 1 DAGs
[2024-11-09T19:31:11.601+0000] {logging_mixin.py:190} INFO - [2024-11-09T19:31:11.601+0000] {dag.py:4180} INFO - Setting next_dagrun for tutorial_taskflow_api_virtualenv to None, run_after=None
[2024-11-09T19:31:11.640+0000] {processor.py:208} INFO - Processing /home/chirag/airflow/lib/python3.12/site-packages/airflow/example_dags/tutorial_taskflow_api_virtualenv.py took 0.131 seconds
[2024-11-09T19:31:57.771+0000] {processor.py:186} INFO - Started process (PID=850) to work on /home/chirag/airflow/lib/python3.12/site-packages/airflow/example_dags/tutorial_taskflow_api_virtualenv.py
[2024-11-09T19:31:57.777+0000] {processor.py:914} INFO - Processing file /home/chirag/airflow/lib/python3.12/site-packages/airflow/example_dags/tutorial_taskflow_api_virtualenv.py for tasks to queue
[2024-11-09T19:31:57.784+0000] {logging_mixin.py:190} INFO - [2024-11-09T19:31:57.782+0000] {dagbag.py:588} INFO - Filling up the DagBag from /home/chirag/airflow/lib/python3.12/site-packages/airflow/example_dags/tutorial_taskflow_api_virtualenv.py
[2024-11-09T19:31:57.817+0000] {processor.py:925} INFO - DAG(s) 'tutorial_taskflow_api_virtualenv' retrieved from /home/chirag/airflow/lib/python3.12/site-packages/airflow/example_dags/tutorial_taskflow_api_virtualenv.py
[2024-11-09T19:31:57.893+0000] {logging_mixin.py:190} INFO - [2024-11-09T19:31:57.892+0000] {dag.py:3239} INFO - Sync 1 DAGs
[2024-11-09T19:31:57.971+0000] {logging_mixin.py:190} INFO - [2024-11-09T19:31:57.970+0000] {dag.py:4180} INFO - Setting next_dagrun for tutorial_taskflow_api_virtualenv to None, run_after=None
[2024-11-09T19:31:58.184+0000] {processor.py:208} INFO - Processing /home/chirag/airflow/lib/python3.12/site-packages/airflow/example_dags/tutorial_taskflow_api_virtualenv.py took 0.431 seconds
[2024-11-09T19:32:52.599+0000] {processor.py:186} INFO - Started process (PID=1624) to work on /home/chirag/airflow/lib/python3.12/site-packages/airflow/example_dags/tutorial_taskflow_api_virtualenv.py
[2024-11-09T19:32:52.602+0000] {processor.py:914} INFO - Processing file /home/chirag/airflow/lib/python3.12/site-packages/airflow/example_dags/tutorial_taskflow_api_virtualenv.py for tasks to queue
[2024-11-09T19:32:52.606+0000] {logging_mixin.py:190} INFO - [2024-11-09T19:32:52.605+0000] {dagbag.py:588} INFO - Filling up the DagBag from /home/chirag/airflow/lib/python3.12/site-packages/airflow/example_dags/tutorial_taskflow_api_virtualenv.py
[2024-11-09T19:32:52.623+0000] {processor.py:925} INFO - DAG(s) 'tutorial_taskflow_api_virtualenv' retrieved from /home/chirag/airflow/lib/python3.12/site-packages/airflow/example_dags/tutorial_taskflow_api_virtualenv.py
[2024-11-09T19:32:52.646+0000] {logging_mixin.py:190} INFO - [2024-11-09T19:32:52.645+0000] {dag.py:3239} INFO - Sync 1 DAGs
[2024-11-09T19:32:52.665+0000] {logging_mixin.py:190} INFO - [2024-11-09T19:32:52.664+0000] {dag.py:4180} INFO - Setting next_dagrun for tutorial_taskflow_api_virtualenv to None, run_after=None
[2024-11-09T19:32:52.705+0000] {processor.py:208} INFO - Processing /home/chirag/airflow/lib/python3.12/site-packages/airflow/example_dags/tutorial_taskflow_api_virtualenv.py took 0.114 seconds
[2024-11-09T19:33:37.014+0000] {processor.py:186} INFO - Started process (PID=1932) to work on /home/chirag/airflow/lib/python3.12/site-packages/airflow/example_dags/tutorial_taskflow_api_virtualenv.py
[2024-11-09T19:33:37.020+0000] {processor.py:914} INFO - Processing file /home/chirag/airflow/lib/python3.12/site-packages/airflow/example_dags/tutorial_taskflow_api_virtualenv.py for tasks to queue
[2024-11-09T19:33:37.027+0000] {logging_mixin.py:190} INFO - [2024-11-09T19:33:37.026+0000] {dagbag.py:588} INFO - Filling up the DagBag from /home/chirag/airflow/lib/python3.12/site-packages/airflow/example_dags/tutorial_taskflow_api_virtualenv.py
[2024-11-09T19:33:37.062+0000] {processor.py:925} INFO - DAG(s) 'tutorial_taskflow_api_virtualenv' retrieved from /home/chirag/airflow/lib/python3.12/site-packages/airflow/example_dags/tutorial_taskflow_api_virtualenv.py
[2024-11-09T19:33:37.101+0000] {logging_mixin.py:190} INFO - [2024-11-09T19:33:37.100+0000] {dag.py:3239} INFO - Sync 1 DAGs
[2024-11-09T19:33:37.129+0000] {logging_mixin.py:190} INFO - [2024-11-09T19:33:37.129+0000] {dag.py:4180} INFO - Setting next_dagrun for tutorial_taskflow_api_virtualenv to None, run_after=None
[2024-11-09T19:33:37.203+0000] {processor.py:208} INFO - Processing /home/chirag/airflow/lib/python3.12/site-packages/airflow/example_dags/tutorial_taskflow_api_virtualenv.py took 0.206 seconds
[2024-11-09T19:34:14.803+0000] {processor.py:186} INFO - Started process (PID=2199) to work on /home/chirag/airflow/lib/python3.12/site-packages/airflow/example_dags/tutorial_taskflow_api_virtualenv.py
[2024-11-09T19:34:14.806+0000] {processor.py:914} INFO - Processing file /home/chirag/airflow/lib/python3.12/site-packages/airflow/example_dags/tutorial_taskflow_api_virtualenv.py for tasks to queue
[2024-11-09T19:34:14.810+0000] {logging_mixin.py:190} INFO - [2024-11-09T19:34:14.809+0000] {dagbag.py:588} INFO - Filling up the DagBag from /home/chirag/airflow/lib/python3.12/site-packages/airflow/example_dags/tutorial_taskflow_api_virtualenv.py
[2024-11-09T19:34:14.829+0000] {processor.py:925} INFO - DAG(s) 'tutorial_taskflow_api_virtualenv' retrieved from /home/chirag/airflow/lib/python3.12/site-packages/airflow/example_dags/tutorial_taskflow_api_virtualenv.py
[2024-11-09T19:34:14.853+0000] {logging_mixin.py:190} INFO - [2024-11-09T19:34:14.853+0000] {dag.py:3239} INFO - Sync 1 DAGs
[2024-11-09T19:34:14.873+0000] {logging_mixin.py:190} INFO - [2024-11-09T19:34:14.873+0000] {dag.py:4180} INFO - Setting next_dagrun for tutorial_taskflow_api_virtualenv to None, run_after=None
[2024-11-09T19:34:14.918+0000] {processor.py:208} INFO - Processing /home/chirag/airflow/lib/python3.12/site-packages/airflow/example_dags/tutorial_taskflow_api_virtualenv.py took 0.123 seconds
[2024-11-09T19:34:56.129+0000] {processor.py:186} INFO - Started process (PID=2496) to work on /home/chirag/airflow/lib/python3.12/site-packages/airflow/example_dags/tutorial_taskflow_api_virtualenv.py
[2024-11-09T19:34:56.132+0000] {processor.py:914} INFO - Processing file /home/chirag/airflow/lib/python3.12/site-packages/airflow/example_dags/tutorial_taskflow_api_virtualenv.py for tasks to queue
[2024-11-09T19:34:56.135+0000] {logging_mixin.py:190} INFO - [2024-11-09T19:34:56.135+0000] {dagbag.py:588} INFO - Filling up the DagBag from /home/chirag/airflow/lib/python3.12/site-packages/airflow/example_dags/tutorial_taskflow_api_virtualenv.py
[2024-11-09T19:34:56.459+0000] {processor.py:925} INFO - DAG(s) 'tutorial_taskflow_api_virtualenv' retrieved from /home/chirag/airflow/lib/python3.12/site-packages/airflow/example_dags/tutorial_taskflow_api_virtualenv.py
[2024-11-09T19:34:56.476+0000] {logging_mixin.py:190} INFO - [2024-11-09T19:34:56.475+0000] {dag.py:3239} INFO - Sync 1 DAGs
[2024-11-09T19:34:56.490+0000] {logging_mixin.py:190} INFO - [2024-11-09T19:34:56.490+0000] {dag.py:4180} INFO - Setting next_dagrun for tutorial_taskflow_api_virtualenv to None, run_after=None
[2024-11-09T19:34:56.522+0000] {processor.py:208} INFO - Processing /home/chirag/airflow/lib/python3.12/site-packages/airflow/example_dags/tutorial_taskflow_api_virtualenv.py took 0.400 seconds
[2024-11-09T19:35:41.063+0000] {processor.py:186} INFO - Started process (PID=2694) to work on /home/chirag/airflow/lib/python3.12/site-packages/airflow/example_dags/tutorial_taskflow_api_virtualenv.py
[2024-11-09T19:35:41.066+0000] {processor.py:914} INFO - Processing file /home/chirag/airflow/lib/python3.12/site-packages/airflow/example_dags/tutorial_taskflow_api_virtualenv.py for tasks to queue
[2024-11-09T19:35:41.071+0000] {logging_mixin.py:190} INFO - [2024-11-09T19:35:41.070+0000] {dagbag.py:588} INFO - Filling up the DagBag from /home/chirag/airflow/lib/python3.12/site-packages/airflow/example_dags/tutorial_taskflow_api_virtualenv.py
[2024-11-09T19:35:41.088+0000] {processor.py:925} INFO - DAG(s) 'tutorial_taskflow_api_virtualenv' retrieved from /home/chirag/airflow/lib/python3.12/site-packages/airflow/example_dags/tutorial_taskflow_api_virtualenv.py
[2024-11-09T19:35:41.109+0000] {logging_mixin.py:190} INFO - [2024-11-09T19:35:41.109+0000] {dag.py:3239} INFO - Sync 1 DAGs
[2024-11-09T19:35:41.127+0000] {logging_mixin.py:190} INFO - [2024-11-09T19:35:41.126+0000] {dag.py:4180} INFO - Setting next_dagrun for tutorial_taskflow_api_virtualenv to None, run_after=None
[2024-11-09T19:35:41.163+0000] {processor.py:208} INFO - Processing /home/chirag/airflow/lib/python3.12/site-packages/airflow/example_dags/tutorial_taskflow_api_virtualenv.py took 0.108 seconds
[2024-11-09T19:36:24.385+0000] {processor.py:186} INFO - Started process (PID=2808) to work on /home/chirag/airflow/lib/python3.12/site-packages/airflow/example_dags/tutorial_taskflow_api_virtualenv.py
[2024-11-09T19:36:24.388+0000] {processor.py:914} INFO - Processing file /home/chirag/airflow/lib/python3.12/site-packages/airflow/example_dags/tutorial_taskflow_api_virtualenv.py for tasks to queue
[2024-11-09T19:36:24.392+0000] {logging_mixin.py:190} INFO - [2024-11-09T19:36:24.392+0000] {dagbag.py:588} INFO - Filling up the DagBag from /home/chirag/airflow/lib/python3.12/site-packages/airflow/example_dags/tutorial_taskflow_api_virtualenv.py
[2024-11-09T19:36:24.411+0000] {processor.py:925} INFO - DAG(s) 'tutorial_taskflow_api_virtualenv' retrieved from /home/chirag/airflow/lib/python3.12/site-packages/airflow/example_dags/tutorial_taskflow_api_virtualenv.py
[2024-11-09T19:36:24.433+0000] {logging_mixin.py:190} INFO - [2024-11-09T19:36:24.432+0000] {dag.py:3239} INFO - Sync 1 DAGs
[2024-11-09T19:36:24.452+0000] {logging_mixin.py:190} INFO - [2024-11-09T19:36:24.451+0000] {dag.py:4180} INFO - Setting next_dagrun for tutorial_taskflow_api_virtualenv to None, run_after=None
[2024-11-09T19:36:24.500+0000] {processor.py:208} INFO - Processing /home/chirag/airflow/lib/python3.12/site-packages/airflow/example_dags/tutorial_taskflow_api_virtualenv.py took 0.123 seconds
[2024-11-09T19:37:03.322+0000] {processor.py:186} INFO - Started process (PID=2918) to work on /home/chirag/airflow/lib/python3.12/site-packages/airflow/example_dags/tutorial_taskflow_api_virtualenv.py
[2024-11-09T19:37:03.326+0000] {processor.py:914} INFO - Processing file /home/chirag/airflow/lib/python3.12/site-packages/airflow/example_dags/tutorial_taskflow_api_virtualenv.py for tasks to queue
[2024-11-09T19:37:03.330+0000] {logging_mixin.py:190} INFO - [2024-11-09T19:37:03.330+0000] {dagbag.py:588} INFO - Filling up the DagBag from /home/chirag/airflow/lib/python3.12/site-packages/airflow/example_dags/tutorial_taskflow_api_virtualenv.py
[2024-11-09T19:37:03.358+0000] {processor.py:925} INFO - DAG(s) 'tutorial_taskflow_api_virtualenv' retrieved from /home/chirag/airflow/lib/python3.12/site-packages/airflow/example_dags/tutorial_taskflow_api_virtualenv.py
[2024-11-09T19:37:03.385+0000] {logging_mixin.py:190} INFO - [2024-11-09T19:37:03.385+0000] {dag.py:3239} INFO - Sync 1 DAGs
[2024-11-09T19:37:03.422+0000] {logging_mixin.py:190} INFO - [2024-11-09T19:37:03.421+0000] {dag.py:4180} INFO - Setting next_dagrun for tutorial_taskflow_api_virtualenv to None, run_after=None
[2024-11-09T19:37:03.471+0000] {processor.py:208} INFO - Processing /home/chirag/airflow/lib/python3.12/site-packages/airflow/example_dags/tutorial_taskflow_api_virtualenv.py took 0.165 seconds
[2024-11-09T19:38:13.024+0000] {processor.py:186} INFO - Started process (PID=3227) to work on /home/chirag/airflow/lib/python3.12/site-packages/airflow/example_dags/tutorial_taskflow_api_virtualenv.py
[2024-11-09T19:38:13.032+0000] {processor.py:914} INFO - Processing file /home/chirag/airflow/lib/python3.12/site-packages/airflow/example_dags/tutorial_taskflow_api_virtualenv.py for tasks to queue
[2024-11-09T19:38:13.065+0000] {logging_mixin.py:190} INFO - [2024-11-09T19:38:13.051+0000] {dagbag.py:588} INFO - Filling up the DagBag from /home/chirag/airflow/lib/python3.12/site-packages/airflow/example_dags/tutorial_taskflow_api_virtualenv.py
[2024-11-09T19:38:13.183+0000] {processor.py:925} INFO - DAG(s) 'tutorial_taskflow_api_virtualenv' retrieved from /home/chirag/airflow/lib/python3.12/site-packages/airflow/example_dags/tutorial_taskflow_api_virtualenv.py
[2024-11-09T19:38:13.305+0000] {logging_mixin.py:190} INFO - [2024-11-09T19:38:13.295+0000] {dag.py:3239} INFO - Sync 1 DAGs
[2024-11-09T19:38:14.036+0000] {logging_mixin.py:190} INFO - [2024-11-09T19:38:14.035+0000] {dag.py:4180} INFO - Setting next_dagrun for tutorial_taskflow_api_virtualenv to None, run_after=None
[2024-11-09T19:38:14.161+0000] {processor.py:208} INFO - Processing /home/chirag/airflow/lib/python3.12/site-packages/airflow/example_dags/tutorial_taskflow_api_virtualenv.py took 0.545 seconds
[2024-11-09T19:39:30.397+0000] {processor.py:186} INFO - Started process (PID=3511) to work on /home/chirag/airflow/lib/python3.12/site-packages/airflow/example_dags/tutorial_taskflow_api_virtualenv.py
[2024-11-09T19:39:30.453+0000] {processor.py:914} INFO - Processing file /home/chirag/airflow/lib/python3.12/site-packages/airflow/example_dags/tutorial_taskflow_api_virtualenv.py for tasks to queue
[2024-11-09T19:39:30.458+0000] {logging_mixin.py:190} INFO - [2024-11-09T19:39:30.457+0000] {dagbag.py:588} INFO - Filling up the DagBag from /home/chirag/airflow/lib/python3.12/site-packages/airflow/example_dags/tutorial_taskflow_api_virtualenv.py
[2024-11-09T19:39:30.535+0000] {processor.py:925} INFO - DAG(s) 'tutorial_taskflow_api_virtualenv' retrieved from /home/chirag/airflow/lib/python3.12/site-packages/airflow/example_dags/tutorial_taskflow_api_virtualenv.py
[2024-11-09T19:39:30.632+0000] {logging_mixin.py:190} INFO - [2024-11-09T19:39:30.632+0000] {dag.py:3239} INFO - Sync 1 DAGs
[2024-11-09T19:39:30.694+0000] {logging_mixin.py:190} INFO - [2024-11-09T19:39:30.689+0000] {dag.py:4180} INFO - Setting next_dagrun for tutorial_taskflow_api_virtualenv to None, run_after=None
[2024-11-09T19:39:30.921+0000] {processor.py:208} INFO - Processing /home/chirag/airflow/lib/python3.12/site-packages/airflow/example_dags/tutorial_taskflow_api_virtualenv.py took 0.550 seconds
[2024-11-09T19:40:15.880+0000] {processor.py:186} INFO - Started process (PID=3629) to work on /home/chirag/airflow/lib/python3.12/site-packages/airflow/example_dags/tutorial_taskflow_api_virtualenv.py
[2024-11-09T19:40:15.882+0000] {processor.py:914} INFO - Processing file /home/chirag/airflow/lib/python3.12/site-packages/airflow/example_dags/tutorial_taskflow_api_virtualenv.py for tasks to queue
[2024-11-09T19:40:15.885+0000] {logging_mixin.py:190} INFO - [2024-11-09T19:40:15.885+0000] {dagbag.py:588} INFO - Filling up the DagBag from /home/chirag/airflow/lib/python3.12/site-packages/airflow/example_dags/tutorial_taskflow_api_virtualenv.py
[2024-11-09T19:40:15.904+0000] {processor.py:925} INFO - DAG(s) 'tutorial_taskflow_api_virtualenv' retrieved from /home/chirag/airflow/lib/python3.12/site-packages/airflow/example_dags/tutorial_taskflow_api_virtualenv.py
[2024-11-09T19:40:15.926+0000] {logging_mixin.py:190} INFO - [2024-11-09T19:40:15.925+0000] {dag.py:3239} INFO - Sync 1 DAGs
[2024-11-09T19:40:15.949+0000] {logging_mixin.py:190} INFO - [2024-11-09T19:40:15.949+0000] {dag.py:4180} INFO - Setting next_dagrun for tutorial_taskflow_api_virtualenv to None, run_after=None
[2024-11-09T19:40:15.994+0000] {processor.py:208} INFO - Processing /home/chirag/airflow/lib/python3.12/site-packages/airflow/example_dags/tutorial_taskflow_api_virtualenv.py took 0.123 seconds
[2024-11-09T19:40:53.135+0000] {processor.py:186} INFO - Started process (PID=3735) to work on /home/chirag/airflow/lib/python3.12/site-packages/airflow/example_dags/tutorial_taskflow_api_virtualenv.py
[2024-11-09T19:40:53.139+0000] {processor.py:914} INFO - Processing file /home/chirag/airflow/lib/python3.12/site-packages/airflow/example_dags/tutorial_taskflow_api_virtualenv.py for tasks to queue
[2024-11-09T19:40:53.143+0000] {logging_mixin.py:190} INFO - [2024-11-09T19:40:53.142+0000] {dagbag.py:588} INFO - Filling up the DagBag from /home/chirag/airflow/lib/python3.12/site-packages/airflow/example_dags/tutorial_taskflow_api_virtualenv.py
[2024-11-09T19:40:53.161+0000] {processor.py:925} INFO - DAG(s) 'tutorial_taskflow_api_virtualenv' retrieved from /home/chirag/airflow/lib/python3.12/site-packages/airflow/example_dags/tutorial_taskflow_api_virtualenv.py
[2024-11-09T19:40:53.183+0000] {logging_mixin.py:190} INFO - [2024-11-09T19:40:53.183+0000] {dag.py:3239} INFO - Sync 1 DAGs
[2024-11-09T19:40:53.201+0000] {logging_mixin.py:190} INFO - [2024-11-09T19:40:53.201+0000] {dag.py:4180} INFO - Setting next_dagrun for tutorial_taskflow_api_virtualenv to None, run_after=None
[2024-11-09T19:40:53.238+0000] {processor.py:208} INFO - Processing /home/chirag/airflow/lib/python3.12/site-packages/airflow/example_dags/tutorial_taskflow_api_virtualenv.py took 0.112 seconds
[2024-11-09T19:41:29.638+0000] {processor.py:186} INFO - Started process (PID=3838) to work on /home/chirag/airflow/lib/python3.12/site-packages/airflow/example_dags/tutorial_taskflow_api_virtualenv.py
[2024-11-09T19:41:29.641+0000] {processor.py:914} INFO - Processing file /home/chirag/airflow/lib/python3.12/site-packages/airflow/example_dags/tutorial_taskflow_api_virtualenv.py for tasks to queue
[2024-11-09T19:41:29.645+0000] {logging_mixin.py:190} INFO - [2024-11-09T19:41:29.644+0000] {dagbag.py:588} INFO - Filling up the DagBag from /home/chirag/airflow/lib/python3.12/site-packages/airflow/example_dags/tutorial_taskflow_api_virtualenv.py
[2024-11-09T19:41:29.664+0000] {processor.py:925} INFO - DAG(s) 'tutorial_taskflow_api_virtualenv' retrieved from /home/chirag/airflow/lib/python3.12/site-packages/airflow/example_dags/tutorial_taskflow_api_virtualenv.py
[2024-11-09T19:41:29.687+0000] {logging_mixin.py:190} INFO - [2024-11-09T19:41:29.687+0000] {dag.py:3239} INFO - Sync 1 DAGs
[2024-11-09T19:41:29.707+0000] {logging_mixin.py:190} INFO - [2024-11-09T19:41:29.706+0000] {dag.py:4180} INFO - Setting next_dagrun for tutorial_taskflow_api_virtualenv to None, run_after=None
[2024-11-09T19:41:29.742+0000] {processor.py:208} INFO - Processing /home/chirag/airflow/lib/python3.12/site-packages/airflow/example_dags/tutorial_taskflow_api_virtualenv.py took 0.111 seconds
[2024-11-09T19:42:06.999+0000] {processor.py:186} INFO - Started process (PID=3943) to work on /home/chirag/airflow/lib/python3.12/site-packages/airflow/example_dags/tutorial_taskflow_api_virtualenv.py
[2024-11-09T19:42:07.002+0000] {processor.py:914} INFO - Processing file /home/chirag/airflow/lib/python3.12/site-packages/airflow/example_dags/tutorial_taskflow_api_virtualenv.py for tasks to queue
[2024-11-09T19:42:07.006+0000] {logging_mixin.py:190} INFO - [2024-11-09T19:42:07.005+0000] {dagbag.py:588} INFO - Filling up the DagBag from /home/chirag/airflow/lib/python3.12/site-packages/airflow/example_dags/tutorial_taskflow_api_virtualenv.py
[2024-11-09T19:42:07.024+0000] {processor.py:925} INFO - DAG(s) 'tutorial_taskflow_api_virtualenv' retrieved from /home/chirag/airflow/lib/python3.12/site-packages/airflow/example_dags/tutorial_taskflow_api_virtualenv.py
[2024-11-09T19:42:07.046+0000] {logging_mixin.py:190} INFO - [2024-11-09T19:42:07.046+0000] {dag.py:3239} INFO - Sync 1 DAGs
[2024-11-09T19:42:07.065+0000] {logging_mixin.py:190} INFO - [2024-11-09T19:42:07.065+0000] {dag.py:4180} INFO - Setting next_dagrun for tutorial_taskflow_api_virtualenv to None, run_after=None
[2024-11-09T19:42:07.100+0000] {processor.py:208} INFO - Processing /home/chirag/airflow/lib/python3.12/site-packages/airflow/example_dags/tutorial_taskflow_api_virtualenv.py took 0.109 seconds
[2024-11-09T19:43:23.884+0000] {processor.py:186} INFO - Started process (PID=4164) to work on /home/chirag/airflow/lib/python3.12/site-packages/airflow/example_dags/tutorial_taskflow_api_virtualenv.py
[2024-11-09T19:43:23.890+0000] {processor.py:914} INFO - Processing file /home/chirag/airflow/lib/python3.12/site-packages/airflow/example_dags/tutorial_taskflow_api_virtualenv.py for tasks to queue
[2024-11-09T19:43:23.895+0000] {logging_mixin.py:190} INFO - [2024-11-09T19:43:23.894+0000] {dagbag.py:588} INFO - Filling up the DagBag from /home/chirag/airflow/lib/python3.12/site-packages/airflow/example_dags/tutorial_taskflow_api_virtualenv.py
[2024-11-09T19:43:23.924+0000] {processor.py:925} INFO - DAG(s) 'tutorial_taskflow_api_virtualenv' retrieved from /home/chirag/airflow/lib/python3.12/site-packages/airflow/example_dags/tutorial_taskflow_api_virtualenv.py
[2024-11-09T19:43:23.954+0000] {logging_mixin.py:190} INFO - [2024-11-09T19:43:23.953+0000] {dag.py:3239} INFO - Sync 1 DAGs
[2024-11-09T19:43:23.986+0000] {logging_mixin.py:190} INFO - [2024-11-09T19:43:23.986+0000] {dag.py:4180} INFO - Setting next_dagrun for tutorial_taskflow_api_virtualenv to None, run_after=None
[2024-11-09T19:43:24.032+0000] {processor.py:208} INFO - Processing /home/chirag/airflow/lib/python3.12/site-packages/airflow/example_dags/tutorial_taskflow_api_virtualenv.py took 0.159 seconds
[2024-11-09T19:44:03.821+0000] {processor.py:186} INFO - Started process (PID=4280) to work on /home/chirag/airflow/lib/python3.12/site-packages/airflow/example_dags/tutorial_taskflow_api_virtualenv.py
[2024-11-09T19:44:03.824+0000] {processor.py:914} INFO - Processing file /home/chirag/airflow/lib/python3.12/site-packages/airflow/example_dags/tutorial_taskflow_api_virtualenv.py for tasks to queue
[2024-11-09T19:44:03.829+0000] {logging_mixin.py:190} INFO - [2024-11-09T19:44:03.828+0000] {dagbag.py:588} INFO - Filling up the DagBag from /home/chirag/airflow/lib/python3.12/site-packages/airflow/example_dags/tutorial_taskflow_api_virtualenv.py
[2024-11-09T19:44:03.858+0000] {processor.py:925} INFO - DAG(s) 'tutorial_taskflow_api_virtualenv' retrieved from /home/chirag/airflow/lib/python3.12/site-packages/airflow/example_dags/tutorial_taskflow_api_virtualenv.py
[2024-11-09T19:44:03.892+0000] {logging_mixin.py:190} INFO - [2024-11-09T19:44:03.892+0000] {dag.py:3239} INFO - Sync 1 DAGs
[2024-11-09T19:44:03.932+0000] {logging_mixin.py:190} INFO - [2024-11-09T19:44:03.932+0000] {dag.py:4180} INFO - Setting next_dagrun for tutorial_taskflow_api_virtualenv to None, run_after=None
[2024-11-09T19:44:03.984+0000] {processor.py:208} INFO - Processing /home/chirag/airflow/lib/python3.12/site-packages/airflow/example_dags/tutorial_taskflow_api_virtualenv.py took 0.176 seconds
[2024-11-09T19:45:11.902+0000] {processor.py:186} INFO - Started process (PID=4475) to work on /home/chirag/airflow/lib/python3.12/site-packages/airflow/example_dags/tutorial_taskflow_api_virtualenv.py
[2024-11-09T19:45:11.906+0000] {processor.py:914} INFO - Processing file /home/chirag/airflow/lib/python3.12/site-packages/airflow/example_dags/tutorial_taskflow_api_virtualenv.py for tasks to queue
[2024-11-09T19:45:11.909+0000] {logging_mixin.py:190} INFO - [2024-11-09T19:45:11.908+0000] {dagbag.py:588} INFO - Filling up the DagBag from /home/chirag/airflow/lib/python3.12/site-packages/airflow/example_dags/tutorial_taskflow_api_virtualenv.py
[2024-11-09T19:45:11.930+0000] {processor.py:925} INFO - DAG(s) 'tutorial_taskflow_api_virtualenv' retrieved from /home/chirag/airflow/lib/python3.12/site-packages/airflow/example_dags/tutorial_taskflow_api_virtualenv.py
[2024-11-09T19:45:11.957+0000] {logging_mixin.py:190} INFO - [2024-11-09T19:45:11.957+0000] {dag.py:3239} INFO - Sync 1 DAGs
[2024-11-09T19:45:11.976+0000] {logging_mixin.py:190} INFO - [2024-11-09T19:45:11.975+0000] {dag.py:4180} INFO - Setting next_dagrun for tutorial_taskflow_api_virtualenv to None, run_after=None
[2024-11-09T19:45:12.011+0000] {processor.py:208} INFO - Processing /home/chirag/airflow/lib/python3.12/site-packages/airflow/example_dags/tutorial_taskflow_api_virtualenv.py took 0.116 seconds
[2024-11-09T19:46:20.320+0000] {processor.py:186} INFO - Started process (PID=4670) to work on /home/chirag/airflow/lib/python3.12/site-packages/airflow/example_dags/tutorial_taskflow_api_virtualenv.py
[2024-11-09T19:46:20.343+0000] {processor.py:914} INFO - Processing file /home/chirag/airflow/lib/python3.12/site-packages/airflow/example_dags/tutorial_taskflow_api_virtualenv.py for tasks to queue
[2024-11-09T19:46:20.348+0000] {logging_mixin.py:190} INFO - [2024-11-09T19:46:20.347+0000] {dagbag.py:588} INFO - Filling up the DagBag from /home/chirag/airflow/lib/python3.12/site-packages/airflow/example_dags/tutorial_taskflow_api_virtualenv.py
[2024-11-09T19:46:20.374+0000] {processor.py:925} INFO - DAG(s) 'tutorial_taskflow_api_virtualenv' retrieved from /home/chirag/airflow/lib/python3.12/site-packages/airflow/example_dags/tutorial_taskflow_api_virtualenv.py
[2024-11-09T19:46:20.410+0000] {logging_mixin.py:190} INFO - [2024-11-09T19:46:20.409+0000] {dag.py:3239} INFO - Sync 1 DAGs
[2024-11-09T19:46:20.444+0000] {logging_mixin.py:190} INFO - [2024-11-09T19:46:20.443+0000] {dag.py:4180} INFO - Setting next_dagrun for tutorial_taskflow_api_virtualenv to None, run_after=None
[2024-11-09T19:46:20.486+0000] {processor.py:208} INFO - Processing /home/chirag/airflow/lib/python3.12/site-packages/airflow/example_dags/tutorial_taskflow_api_virtualenv.py took 0.181 seconds
[2024-11-09T19:47:08.814+0000] {processor.py:186} INFO - Started process (PID=4842) to work on /home/chirag/airflow/lib/python3.12/site-packages/airflow/example_dags/tutorial_taskflow_api_virtualenv.py
[2024-11-09T19:47:08.817+0000] {processor.py:914} INFO - Processing file /home/chirag/airflow/lib/python3.12/site-packages/airflow/example_dags/tutorial_taskflow_api_virtualenv.py for tasks to queue
[2024-11-09T19:47:08.822+0000] {logging_mixin.py:190} INFO - [2024-11-09T19:47:08.821+0000] {dagbag.py:588} INFO - Filling up the DagBag from /home/chirag/airflow/lib/python3.12/site-packages/airflow/example_dags/tutorial_taskflow_api_virtualenv.py
[2024-11-09T19:47:08.858+0000] {processor.py:925} INFO - DAG(s) 'tutorial_taskflow_api_virtualenv' retrieved from /home/chirag/airflow/lib/python3.12/site-packages/airflow/example_dags/tutorial_taskflow_api_virtualenv.py
[2024-11-09T19:47:08.882+0000] {logging_mixin.py:190} INFO - [2024-11-09T19:47:08.882+0000] {dag.py:3239} INFO - Sync 1 DAGs
[2024-11-09T19:47:08.907+0000] {logging_mixin.py:190} INFO - [2024-11-09T19:47:08.907+0000] {dag.py:4180} INFO - Setting next_dagrun for tutorial_taskflow_api_virtualenv to None, run_after=None
[2024-11-09T19:47:08.941+0000] {processor.py:208} INFO - Processing /home/chirag/airflow/lib/python3.12/site-packages/airflow/example_dags/tutorial_taskflow_api_virtualenv.py took 0.141 seconds
[2024-11-09T19:48:25.664+0000] {processor.py:186} INFO - Started process (PID=5071) to work on /home/chirag/airflow/lib/python3.12/site-packages/airflow/example_dags/tutorial_taskflow_api_virtualenv.py
[2024-11-09T19:48:25.667+0000] {processor.py:914} INFO - Processing file /home/chirag/airflow/lib/python3.12/site-packages/airflow/example_dags/tutorial_taskflow_api_virtualenv.py for tasks to queue
[2024-11-09T19:48:25.672+0000] {logging_mixin.py:190} INFO - [2024-11-09T19:48:25.671+0000] {dagbag.py:588} INFO - Filling up the DagBag from /home/chirag/airflow/lib/python3.12/site-packages/airflow/example_dags/tutorial_taskflow_api_virtualenv.py
[2024-11-09T19:48:25.706+0000] {processor.py:925} INFO - DAG(s) 'tutorial_taskflow_api_virtualenv' retrieved from /home/chirag/airflow/lib/python3.12/site-packages/airflow/example_dags/tutorial_taskflow_api_virtualenv.py
[2024-11-09T19:48:25.753+0000] {logging_mixin.py:190} INFO - [2024-11-09T19:48:25.752+0000] {dag.py:3239} INFO - Sync 1 DAGs
[2024-11-09T19:48:25.824+0000] {logging_mixin.py:190} INFO - [2024-11-09T19:48:25.824+0000] {dag.py:4180} INFO - Setting next_dagrun for tutorial_taskflow_api_virtualenv to None, run_after=None
[2024-11-09T19:48:25.899+0000] {processor.py:208} INFO - Processing /home/chirag/airflow/lib/python3.12/site-packages/airflow/example_dags/tutorial_taskflow_api_virtualenv.py took 0.250 seconds
[2024-11-09T19:49:02.332+0000] {processor.py:186} INFO - Started process (PID=5176) to work on /home/chirag/airflow/lib/python3.12/site-packages/airflow/example_dags/tutorial_taskflow_api_virtualenv.py
[2024-11-09T19:49:02.336+0000] {processor.py:914} INFO - Processing file /home/chirag/airflow/lib/python3.12/site-packages/airflow/example_dags/tutorial_taskflow_api_virtualenv.py for tasks to queue
[2024-11-09T19:49:02.339+0000] {logging_mixin.py:190} INFO - [2024-11-09T19:49:02.339+0000] {dagbag.py:588} INFO - Filling up the DagBag from /home/chirag/airflow/lib/python3.12/site-packages/airflow/example_dags/tutorial_taskflow_api_virtualenv.py
[2024-11-09T19:49:02.358+0000] {processor.py:925} INFO - DAG(s) 'tutorial_taskflow_api_virtualenv' retrieved from /home/chirag/airflow/lib/python3.12/site-packages/airflow/example_dags/tutorial_taskflow_api_virtualenv.py
[2024-11-09T19:49:02.381+0000] {logging_mixin.py:190} INFO - [2024-11-09T19:49:02.380+0000] {dag.py:3239} INFO - Sync 1 DAGs
[2024-11-09T19:49:02.399+0000] {logging_mixin.py:190} INFO - [2024-11-09T19:49:02.398+0000] {dag.py:4180} INFO - Setting next_dagrun for tutorial_taskflow_api_virtualenv to None, run_after=None
[2024-11-09T19:49:02.439+0000] {processor.py:208} INFO - Processing /home/chirag/airflow/lib/python3.12/site-packages/airflow/example_dags/tutorial_taskflow_api_virtualenv.py took 0.115 seconds
[2024-11-09T19:49:38.238+0000] {processor.py:186} INFO - Started process (PID=5289) to work on /home/chirag/airflow/lib/python3.12/site-packages/airflow/example_dags/tutorial_taskflow_api_virtualenv.py
[2024-11-09T19:49:38.242+0000] {processor.py:914} INFO - Processing file /home/chirag/airflow/lib/python3.12/site-packages/airflow/example_dags/tutorial_taskflow_api_virtualenv.py for tasks to queue
[2024-11-09T19:49:38.247+0000] {logging_mixin.py:190} INFO - [2024-11-09T19:49:38.246+0000] {dagbag.py:588} INFO - Filling up the DagBag from /home/chirag/airflow/lib/python3.12/site-packages/airflow/example_dags/tutorial_taskflow_api_virtualenv.py
[2024-11-09T19:49:38.266+0000] {processor.py:925} INFO - DAG(s) 'tutorial_taskflow_api_virtualenv' retrieved from /home/chirag/airflow/lib/python3.12/site-packages/airflow/example_dags/tutorial_taskflow_api_virtualenv.py
[2024-11-09T19:49:38.290+0000] {logging_mixin.py:190} INFO - [2024-11-09T19:49:38.290+0000] {dag.py:3239} INFO - Sync 1 DAGs
[2024-11-09T19:49:38.310+0000] {logging_mixin.py:190} INFO - [2024-11-09T19:49:38.310+0000] {dag.py:4180} INFO - Setting next_dagrun for tutorial_taskflow_api_virtualenv to None, run_after=None
[2024-11-09T19:49:38.380+0000] {processor.py:208} INFO - Processing /home/chirag/airflow/lib/python3.12/site-packages/airflow/example_dags/tutorial_taskflow_api_virtualenv.py took 0.150 seconds
[2024-11-09T19:50:50.048+0000] {processor.py:186} INFO - Started process (PID=5786) to work on /home/chirag/airflow/lib/python3.12/site-packages/airflow/example_dags/tutorial_taskflow_api_virtualenv.py
[2024-11-09T19:50:50.051+0000] {processor.py:914} INFO - Processing file /home/chirag/airflow/lib/python3.12/site-packages/airflow/example_dags/tutorial_taskflow_api_virtualenv.py for tasks to queue
[2024-11-09T19:50:50.057+0000] {logging_mixin.py:190} INFO - [2024-11-09T19:50:50.056+0000] {dagbag.py:588} INFO - Filling up the DagBag from /home/chirag/airflow/lib/python3.12/site-packages/airflow/example_dags/tutorial_taskflow_api_virtualenv.py
[2024-11-09T19:50:50.089+0000] {processor.py:925} INFO - DAG(s) 'tutorial_taskflow_api_virtualenv' retrieved from /home/chirag/airflow/lib/python3.12/site-packages/airflow/example_dags/tutorial_taskflow_api_virtualenv.py
[2024-11-09T19:50:50.129+0000] {logging_mixin.py:190} INFO - [2024-11-09T19:50:50.128+0000] {dag.py:3239} INFO - Sync 1 DAGs
[2024-11-09T19:50:50.169+0000] {logging_mixin.py:190} INFO - [2024-11-09T19:50:50.168+0000] {dag.py:4180} INFO - Setting next_dagrun for tutorial_taskflow_api_virtualenv to None, run_after=None
[2024-11-09T19:50:50.226+0000] {processor.py:208} INFO - Processing /home/chirag/airflow/lib/python3.12/site-packages/airflow/example_dags/tutorial_taskflow_api_virtualenv.py took 0.193 seconds
[2024-11-09T19:51:26.806+0000] {processor.py:186} INFO - Started process (PID=6176) to work on /home/chirag/airflow/lib/python3.12/site-packages/airflow/example_dags/tutorial_taskflow_api_virtualenv.py
[2024-11-09T19:51:26.809+0000] {processor.py:914} INFO - Processing file /home/chirag/airflow/lib/python3.12/site-packages/airflow/example_dags/tutorial_taskflow_api_virtualenv.py for tasks to queue
[2024-11-09T19:51:26.812+0000] {logging_mixin.py:190} INFO - [2024-11-09T19:51:26.811+0000] {dagbag.py:588} INFO - Filling up the DagBag from /home/chirag/airflow/lib/python3.12/site-packages/airflow/example_dags/tutorial_taskflow_api_virtualenv.py
[2024-11-09T19:51:26.830+0000] {processor.py:925} INFO - DAG(s) 'tutorial_taskflow_api_virtualenv' retrieved from /home/chirag/airflow/lib/python3.12/site-packages/airflow/example_dags/tutorial_taskflow_api_virtualenv.py
[2024-11-09T19:51:26.853+0000] {logging_mixin.py:190} INFO - [2024-11-09T19:51:26.853+0000] {dag.py:3239} INFO - Sync 1 DAGs
[2024-11-09T19:51:26.871+0000] {logging_mixin.py:190} INFO - [2024-11-09T19:51:26.871+0000] {dag.py:4180} INFO - Setting next_dagrun for tutorial_taskflow_api_virtualenv to None, run_after=None
[2024-11-09T19:51:26.907+0000] {processor.py:208} INFO - Processing /home/chirag/airflow/lib/python3.12/site-packages/airflow/example_dags/tutorial_taskflow_api_virtualenv.py took 0.110 seconds
[2024-11-09T19:52:04.688+0000] {processor.py:186} INFO - Started process (PID=6290) to work on /home/chirag/airflow/lib/python3.12/site-packages/airflow/example_dags/tutorial_taskflow_api_virtualenv.py
[2024-11-09T19:52:04.691+0000] {processor.py:914} INFO - Processing file /home/chirag/airflow/lib/python3.12/site-packages/airflow/example_dags/tutorial_taskflow_api_virtualenv.py for tasks to queue
[2024-11-09T19:52:04.695+0000] {logging_mixin.py:190} INFO - [2024-11-09T19:52:04.694+0000] {dagbag.py:588} INFO - Filling up the DagBag from /home/chirag/airflow/lib/python3.12/site-packages/airflow/example_dags/tutorial_taskflow_api_virtualenv.py
[2024-11-09T19:52:04.723+0000] {processor.py:925} INFO - DAG(s) 'tutorial_taskflow_api_virtualenv' retrieved from /home/chirag/airflow/lib/python3.12/site-packages/airflow/example_dags/tutorial_taskflow_api_virtualenv.py
[2024-11-09T19:52:04.748+0000] {logging_mixin.py:190} INFO - [2024-11-09T19:52:04.747+0000] {dag.py:3239} INFO - Sync 1 DAGs
[2024-11-09T19:52:04.769+0000] {logging_mixin.py:190} INFO - [2024-11-09T19:52:04.768+0000] {dag.py:4180} INFO - Setting next_dagrun for tutorial_taskflow_api_virtualenv to None, run_after=None
[2024-11-09T19:52:04.804+0000] {processor.py:208} INFO - Processing /home/chirag/airflow/lib/python3.12/site-packages/airflow/example_dags/tutorial_taskflow_api_virtualenv.py took 0.129 seconds
[2024-11-09T19:53:05.538+0000] {processor.py:186} INFO - Started process (PID=6599) to work on /home/chirag/airflow/lib/python3.12/site-packages/airflow/example_dags/tutorial_taskflow_api_virtualenv.py
[2024-11-09T19:53:05.542+0000] {processor.py:914} INFO - Processing file /home/chirag/airflow/lib/python3.12/site-packages/airflow/example_dags/tutorial_taskflow_api_virtualenv.py for tasks to queue
[2024-11-09T19:53:05.546+0000] {logging_mixin.py:190} INFO - [2024-11-09T19:53:05.545+0000] {dagbag.py:588} INFO - Filling up the DagBag from /home/chirag/airflow/lib/python3.12/site-packages/airflow/example_dags/tutorial_taskflow_api_virtualenv.py
[2024-11-09T19:53:05.577+0000] {processor.py:925} INFO - DAG(s) 'tutorial_taskflow_api_virtualenv' retrieved from /home/chirag/airflow/lib/python3.12/site-packages/airflow/example_dags/tutorial_taskflow_api_virtualenv.py
[2024-11-09T19:53:05.609+0000] {logging_mixin.py:190} INFO - [2024-11-09T19:53:05.609+0000] {dag.py:3239} INFO - Sync 1 DAGs
[2024-11-09T19:53:05.681+0000] {logging_mixin.py:190} INFO - [2024-11-09T19:53:05.679+0000] {dag.py:4180} INFO - Setting next_dagrun for tutorial_taskflow_api_virtualenv to None, run_after=None
[2024-11-09T19:53:05.795+0000] {processor.py:208} INFO - Processing /home/chirag/airflow/lib/python3.12/site-packages/airflow/example_dags/tutorial_taskflow_api_virtualenv.py took 0.269 seconds
[2024-11-09T19:53:52.926+0000] {processor.py:186} INFO - Started process (PID=6882) to work on /home/chirag/airflow/lib/python3.12/site-packages/airflow/example_dags/tutorial_taskflow_api_virtualenv.py
[2024-11-09T19:53:52.935+0000] {processor.py:914} INFO - Processing file /home/chirag/airflow/lib/python3.12/site-packages/airflow/example_dags/tutorial_taskflow_api_virtualenv.py for tasks to queue
[2024-11-09T19:53:52.940+0000] {logging_mixin.py:190} INFO - [2024-11-09T19:53:52.939+0000] {dagbag.py:588} INFO - Filling up the DagBag from /home/chirag/airflow/lib/python3.12/site-packages/airflow/example_dags/tutorial_taskflow_api_virtualenv.py
[2024-11-09T19:53:52.970+0000] {processor.py:925} INFO - DAG(s) 'tutorial_taskflow_api_virtualenv' retrieved from /home/chirag/airflow/lib/python3.12/site-packages/airflow/example_dags/tutorial_taskflow_api_virtualenv.py
[2024-11-09T19:53:53.012+0000] {logging_mixin.py:190} INFO - [2024-11-09T19:53:53.011+0000] {dag.py:3239} INFO - Sync 1 DAGs
[2024-11-09T19:53:53.044+0000] {logging_mixin.py:190} INFO - [2024-11-09T19:53:53.044+0000] {dag.py:4180} INFO - Setting next_dagrun for tutorial_taskflow_api_virtualenv to None, run_after=None
[2024-11-09T19:53:53.129+0000] {processor.py:208} INFO - Processing /home/chirag/airflow/lib/python3.12/site-packages/airflow/example_dags/tutorial_taskflow_api_virtualenv.py took 0.212 seconds
[2024-11-09T19:54:31.390+0000] {processor.py:186} INFO - Started process (PID=7234) to work on /home/chirag/airflow/lib/python3.12/site-packages/airflow/example_dags/tutorial_taskflow_api_virtualenv.py
[2024-11-09T19:54:31.406+0000] {processor.py:914} INFO - Processing file /home/chirag/airflow/lib/python3.12/site-packages/airflow/example_dags/tutorial_taskflow_api_virtualenv.py for tasks to queue
[2024-11-09T19:54:31.410+0000] {logging_mixin.py:190} INFO - [2024-11-09T19:54:31.410+0000] {dagbag.py:588} INFO - Filling up the DagBag from /home/chirag/airflow/lib/python3.12/site-packages/airflow/example_dags/tutorial_taskflow_api_virtualenv.py
[2024-11-09T19:54:31.443+0000] {processor.py:925} INFO - DAG(s) 'tutorial_taskflow_api_virtualenv' retrieved from /home/chirag/airflow/lib/python3.12/site-packages/airflow/example_dags/tutorial_taskflow_api_virtualenv.py
[2024-11-09T19:54:31.502+0000] {logging_mixin.py:190} INFO - [2024-11-09T19:54:31.501+0000] {dag.py:3239} INFO - Sync 1 DAGs
[2024-11-09T19:54:31.531+0000] {logging_mixin.py:190} INFO - [2024-11-09T19:54:31.531+0000] {dag.py:4180} INFO - Setting next_dagrun for tutorial_taskflow_api_virtualenv to None, run_after=None
[2024-11-09T19:54:31.589+0000] {processor.py:208} INFO - Processing /home/chirag/airflow/lib/python3.12/site-packages/airflow/example_dags/tutorial_taskflow_api_virtualenv.py took 0.210 seconds
[2024-11-09T19:55:07.477+0000] {processor.py:186} INFO - Started process (PID=7482) to work on /home/chirag/airflow/lib/python3.12/site-packages/airflow/example_dags/tutorial_taskflow_api_virtualenv.py
[2024-11-09T19:55:07.483+0000] {processor.py:914} INFO - Processing file /home/chirag/airflow/lib/python3.12/site-packages/airflow/example_dags/tutorial_taskflow_api_virtualenv.py for tasks to queue
[2024-11-09T19:55:07.488+0000] {logging_mixin.py:190} INFO - [2024-11-09T19:55:07.487+0000] {dagbag.py:588} INFO - Filling up the DagBag from /home/chirag/airflow/lib/python3.12/site-packages/airflow/example_dags/tutorial_taskflow_api_virtualenv.py
[2024-11-09T19:55:07.511+0000] {processor.py:925} INFO - DAG(s) 'tutorial_taskflow_api_virtualenv' retrieved from /home/chirag/airflow/lib/python3.12/site-packages/airflow/example_dags/tutorial_taskflow_api_virtualenv.py
[2024-11-09T19:55:07.534+0000] {logging_mixin.py:190} INFO - [2024-11-09T19:55:07.534+0000] {dag.py:3239} INFO - Sync 1 DAGs
[2024-11-09T19:55:07.552+0000] {logging_mixin.py:190} INFO - [2024-11-09T19:55:07.552+0000] {dag.py:4180} INFO - Setting next_dagrun for tutorial_taskflow_api_virtualenv to None, run_after=None
[2024-11-09T19:55:07.595+0000] {processor.py:208} INFO - Processing /home/chirag/airflow/lib/python3.12/site-packages/airflow/example_dags/tutorial_taskflow_api_virtualenv.py took 0.134 seconds
[2024-11-09T19:55:47.914+0000] {processor.py:186} INFO - Started process (PID=7789) to work on /home/chirag/airflow/lib/python3.12/site-packages/airflow/example_dags/tutorial_taskflow_api_virtualenv.py
[2024-11-09T19:55:47.917+0000] {processor.py:914} INFO - Processing file /home/chirag/airflow/lib/python3.12/site-packages/airflow/example_dags/tutorial_taskflow_api_virtualenv.py for tasks to queue
[2024-11-09T19:55:47.920+0000] {logging_mixin.py:190} INFO - [2024-11-09T19:55:47.920+0000] {dagbag.py:588} INFO - Filling up the DagBag from /home/chirag/airflow/lib/python3.12/site-packages/airflow/example_dags/tutorial_taskflow_api_virtualenv.py
[2024-11-09T19:55:47.939+0000] {processor.py:925} INFO - DAG(s) 'tutorial_taskflow_api_virtualenv' retrieved from /home/chirag/airflow/lib/python3.12/site-packages/airflow/example_dags/tutorial_taskflow_api_virtualenv.py
[2024-11-09T19:55:47.960+0000] {logging_mixin.py:190} INFO - [2024-11-09T19:55:47.960+0000] {dag.py:3239} INFO - Sync 1 DAGs
[2024-11-09T19:55:47.984+0000] {logging_mixin.py:190} INFO - [2024-11-09T19:55:47.984+0000] {dag.py:4180} INFO - Setting next_dagrun for tutorial_taskflow_api_virtualenv to None, run_after=None
[2024-11-09T19:55:48.026+0000] {processor.py:208} INFO - Processing /home/chirag/airflow/lib/python3.12/site-packages/airflow/example_dags/tutorial_taskflow_api_virtualenv.py took 0.120 seconds
[2024-11-09T19:56:34.366+0000] {processor.py:186} INFO - Started process (PID=7969) to work on /home/chirag/airflow/lib/python3.12/site-packages/airflow/example_dags/tutorial_taskflow_api_virtualenv.py
[2024-11-09T19:56:34.370+0000] {processor.py:914} INFO - Processing file /home/chirag/airflow/lib/python3.12/site-packages/airflow/example_dags/tutorial_taskflow_api_virtualenv.py for tasks to queue
[2024-11-09T19:56:34.373+0000] {logging_mixin.py:190} INFO - [2024-11-09T19:56:34.373+0000] {dagbag.py:588} INFO - Filling up the DagBag from /home/chirag/airflow/lib/python3.12/site-packages/airflow/example_dags/tutorial_taskflow_api_virtualenv.py
[2024-11-09T19:56:34.393+0000] {processor.py:925} INFO - DAG(s) 'tutorial_taskflow_api_virtualenv' retrieved from /home/chirag/airflow/lib/python3.12/site-packages/airflow/example_dags/tutorial_taskflow_api_virtualenv.py
[2024-11-09T19:56:34.419+0000] {logging_mixin.py:190} INFO - [2024-11-09T19:56:34.419+0000] {dag.py:3239} INFO - Sync 1 DAGs
[2024-11-09T19:56:34.459+0000] {logging_mixin.py:190} INFO - [2024-11-09T19:56:34.458+0000] {dag.py:4180} INFO - Setting next_dagrun for tutorial_taskflow_api_virtualenv to None, run_after=None
[2024-11-09T19:56:34.543+0000] {processor.py:208} INFO - Processing /home/chirag/airflow/lib/python3.12/site-packages/airflow/example_dags/tutorial_taskflow_api_virtualenv.py took 0.187 seconds
[2024-11-09T19:57:38.525+0000] {processor.py:186} INFO - Started process (PID=8144) to work on /home/chirag/airflow/lib/python3.12/site-packages/airflow/example_dags/tutorial_taskflow_api_virtualenv.py
[2024-11-09T19:57:38.530+0000] {processor.py:914} INFO - Processing file /home/chirag/airflow/lib/python3.12/site-packages/airflow/example_dags/tutorial_taskflow_api_virtualenv.py for tasks to queue
[2024-11-09T19:57:38.536+0000] {logging_mixin.py:190} INFO - [2024-11-09T19:57:38.535+0000] {dagbag.py:588} INFO - Filling up the DagBag from /home/chirag/airflow/lib/python3.12/site-packages/airflow/example_dags/tutorial_taskflow_api_virtualenv.py
[2024-11-09T19:57:38.573+0000] {processor.py:925} INFO - DAG(s) 'tutorial_taskflow_api_virtualenv' retrieved from /home/chirag/airflow/lib/python3.12/site-packages/airflow/example_dags/tutorial_taskflow_api_virtualenv.py
[2024-11-09T19:57:38.611+0000] {logging_mixin.py:190} INFO - [2024-11-09T19:57:38.610+0000] {dag.py:3239} INFO - Sync 1 DAGs
[2024-11-09T19:57:38.642+0000] {logging_mixin.py:190} INFO - [2024-11-09T19:57:38.641+0000] {dag.py:4180} INFO - Setting next_dagrun for tutorial_taskflow_api_virtualenv to None, run_after=None
[2024-11-09T19:57:38.688+0000] {processor.py:208} INFO - Processing /home/chirag/airflow/lib/python3.12/site-packages/airflow/example_dags/tutorial_taskflow_api_virtualenv.py took 0.187 seconds
[2024-11-09T19:58:36.001+0000] {processor.py:186} INFO - Started process (PID=8456) to work on /home/chirag/airflow/lib/python3.12/site-packages/airflow/example_dags/tutorial_taskflow_api_virtualenv.py
[2024-11-09T19:58:36.005+0000] {processor.py:914} INFO - Processing file /home/chirag/airflow/lib/python3.12/site-packages/airflow/example_dags/tutorial_taskflow_api_virtualenv.py for tasks to queue
[2024-11-09T19:58:36.015+0000] {logging_mixin.py:190} INFO - [2024-11-09T19:58:36.011+0000] {dagbag.py:588} INFO - Filling up the DagBag from /home/chirag/airflow/lib/python3.12/site-packages/airflow/example_dags/tutorial_taskflow_api_virtualenv.py
[2024-11-09T19:58:36.103+0000] {processor.py:925} INFO - DAG(s) 'tutorial_taskflow_api_virtualenv' retrieved from /home/chirag/airflow/lib/python3.12/site-packages/airflow/example_dags/tutorial_taskflow_api_virtualenv.py
[2024-11-09T19:58:36.192+0000] {logging_mixin.py:190} INFO - [2024-11-09T19:58:36.192+0000] {dag.py:3239} INFO - Sync 1 DAGs
[2024-11-09T19:58:36.265+0000] {logging_mixin.py:190} INFO - [2024-11-09T19:58:36.264+0000] {dag.py:4180} INFO - Setting next_dagrun for tutorial_taskflow_api_virtualenv to None, run_after=None
[2024-11-09T19:58:36.475+0000] {processor.py:208} INFO - Processing /home/chirag/airflow/lib/python3.12/site-packages/airflow/example_dags/tutorial_taskflow_api_virtualenv.py took 0.492 seconds
[2024-11-09T20:22:08.205+0000] {processor.py:186} INFO - Started process (PID=12472) to work on /home/chirag/airflow/lib/python3.12/site-packages/airflow/example_dags/tutorial_taskflow_api_virtualenv.py
[2024-11-09T20:22:08.209+0000] {processor.py:914} INFO - Processing file /home/chirag/airflow/lib/python3.12/site-packages/airflow/example_dags/tutorial_taskflow_api_virtualenv.py for tasks to queue
[2024-11-09T20:22:08.213+0000] {logging_mixin.py:190} INFO - [2024-11-09T20:22:08.212+0000] {dagbag.py:588} INFO - Filling up the DagBag from /home/chirag/airflow/lib/python3.12/site-packages/airflow/example_dags/tutorial_taskflow_api_virtualenv.py
[2024-11-09T20:22:08.236+0000] {processor.py:925} INFO - DAG(s) 'tutorial_taskflow_api_virtualenv' retrieved from /home/chirag/airflow/lib/python3.12/site-packages/airflow/example_dags/tutorial_taskflow_api_virtualenv.py
[2024-11-09T20:22:08.425+0000] {logging_mixin.py:190} INFO - [2024-11-09T20:22:08.424+0000] {dag.py:3239} INFO - Sync 1 DAGs
[2024-11-09T20:22:08.444+0000] {logging_mixin.py:190} INFO - [2024-11-09T20:22:08.444+0000] {dag.py:4180} INFO - Setting next_dagrun for tutorial_taskflow_api_virtualenv to None, run_after=None
[2024-11-09T20:22:08.485+0000] {processor.py:208} INFO - Processing /home/chirag/airflow/lib/python3.12/site-packages/airflow/example_dags/tutorial_taskflow_api_virtualenv.py took 0.294 seconds
[2024-11-09T20:23:20.636+0000] {processor.py:186} INFO - Started process (PID=12799) to work on /home/chirag/airflow/lib/python3.12/site-packages/airflow/example_dags/tutorial_taskflow_api_virtualenv.py
[2024-11-09T20:23:20.638+0000] {processor.py:914} INFO - Processing file /home/chirag/airflow/lib/python3.12/site-packages/airflow/example_dags/tutorial_taskflow_api_virtualenv.py for tasks to queue
[2024-11-09T20:23:20.643+0000] {logging_mixin.py:190} INFO - [2024-11-09T20:23:20.642+0000] {dagbag.py:588} INFO - Filling up the DagBag from /home/chirag/airflow/lib/python3.12/site-packages/airflow/example_dags/tutorial_taskflow_api_virtualenv.py
[2024-11-09T20:23:20.663+0000] {processor.py:925} INFO - DAG(s) 'tutorial_taskflow_api_virtualenv' retrieved from /home/chirag/airflow/lib/python3.12/site-packages/airflow/example_dags/tutorial_taskflow_api_virtualenv.py
[2024-11-09T20:23:20.686+0000] {logging_mixin.py:190} INFO - [2024-11-09T20:23:20.685+0000] {dag.py:3239} INFO - Sync 1 DAGs
[2024-11-09T20:23:20.703+0000] {logging_mixin.py:190} INFO - [2024-11-09T20:23:20.703+0000] {dag.py:4180} INFO - Setting next_dagrun for tutorial_taskflow_api_virtualenv to None, run_after=None
[2024-11-09T20:23:20.738+0000] {processor.py:208} INFO - Processing /home/chirag/airflow/lib/python3.12/site-packages/airflow/example_dags/tutorial_taskflow_api_virtualenv.py took 0.109 seconds
[2024-11-09T20:23:59.823+0000] {processor.py:186} INFO - Started process (PID=12913) to work on /home/chirag/airflow/lib/python3.12/site-packages/airflow/example_dags/tutorial_taskflow_api_virtualenv.py
[2024-11-09T20:23:59.972+0000] {processor.py:914} INFO - Processing file /home/chirag/airflow/lib/python3.12/site-packages/airflow/example_dags/tutorial_taskflow_api_virtualenv.py for tasks to queue
[2024-11-09T20:23:59.976+0000] {logging_mixin.py:190} INFO - [2024-11-09T20:23:59.976+0000] {dagbag.py:588} INFO - Filling up the DagBag from /home/chirag/airflow/lib/python3.12/site-packages/airflow/example_dags/tutorial_taskflow_api_virtualenv.py
[2024-11-09T20:23:59.994+0000] {processor.py:925} INFO - DAG(s) 'tutorial_taskflow_api_virtualenv' retrieved from /home/chirag/airflow/lib/python3.12/site-packages/airflow/example_dags/tutorial_taskflow_api_virtualenv.py
[2024-11-09T20:24:00.020+0000] {logging_mixin.py:190} INFO - [2024-11-09T20:24:00.019+0000] {dag.py:3239} INFO - Sync 1 DAGs
[2024-11-09T20:24:00.061+0000] {logging_mixin.py:190} INFO - [2024-11-09T20:24:00.061+0000] {dag.py:4180} INFO - Setting next_dagrun for tutorial_taskflow_api_virtualenv to None, run_after=None
[2024-11-09T20:24:00.138+0000] {processor.py:208} INFO - Processing /home/chirag/airflow/lib/python3.12/site-packages/airflow/example_dags/tutorial_taskflow_api_virtualenv.py took 0.322 seconds
[2024-11-09T20:24:36.101+0000] {processor.py:186} INFO - Started process (PID=13017) to work on /home/chirag/airflow/lib/python3.12/site-packages/airflow/example_dags/tutorial_taskflow_api_virtualenv.py
[2024-11-09T20:24:36.104+0000] {processor.py:914} INFO - Processing file /home/chirag/airflow/lib/python3.12/site-packages/airflow/example_dags/tutorial_taskflow_api_virtualenv.py for tasks to queue
[2024-11-09T20:24:36.107+0000] {logging_mixin.py:190} INFO - [2024-11-09T20:24:36.106+0000] {dagbag.py:588} INFO - Filling up the DagBag from /home/chirag/airflow/lib/python3.12/site-packages/airflow/example_dags/tutorial_taskflow_api_virtualenv.py
[2024-11-09T20:24:36.125+0000] {processor.py:925} INFO - DAG(s) 'tutorial_taskflow_api_virtualenv' retrieved from /home/chirag/airflow/lib/python3.12/site-packages/airflow/example_dags/tutorial_taskflow_api_virtualenv.py
[2024-11-09T20:24:36.146+0000] {logging_mixin.py:190} INFO - [2024-11-09T20:24:36.146+0000] {dag.py:3239} INFO - Sync 1 DAGs
[2024-11-09T20:24:36.164+0000] {logging_mixin.py:190} INFO - [2024-11-09T20:24:36.163+0000] {dag.py:4180} INFO - Setting next_dagrun for tutorial_taskflow_api_virtualenv to None, run_after=None
[2024-11-09T20:24:36.200+0000] {processor.py:208} INFO - Processing /home/chirag/airflow/lib/python3.12/site-packages/airflow/example_dags/tutorial_taskflow_api_virtualenv.py took 0.107 seconds
[2024-11-09T20:25:14.254+0000] {processor.py:186} INFO - Started process (PID=13121) to work on /home/chirag/airflow/lib/python3.12/site-packages/airflow/example_dags/tutorial_taskflow_api_virtualenv.py
[2024-11-09T20:25:14.257+0000] {processor.py:914} INFO - Processing file /home/chirag/airflow/lib/python3.12/site-packages/airflow/example_dags/tutorial_taskflow_api_virtualenv.py for tasks to queue
[2024-11-09T20:25:14.262+0000] {logging_mixin.py:190} INFO - [2024-11-09T20:25:14.261+0000] {dagbag.py:588} INFO - Filling up the DagBag from /home/chirag/airflow/lib/python3.12/site-packages/airflow/example_dags/tutorial_taskflow_api_virtualenv.py
[2024-11-09T20:25:14.279+0000] {processor.py:925} INFO - DAG(s) 'tutorial_taskflow_api_virtualenv' retrieved from /home/chirag/airflow/lib/python3.12/site-packages/airflow/example_dags/tutorial_taskflow_api_virtualenv.py
[2024-11-09T20:25:14.301+0000] {logging_mixin.py:190} INFO - [2024-11-09T20:25:14.301+0000] {dag.py:3239} INFO - Sync 1 DAGs
[2024-11-09T20:25:14.320+0000] {logging_mixin.py:190} INFO - [2024-11-09T20:25:14.320+0000] {dag.py:4180} INFO - Setting next_dagrun for tutorial_taskflow_api_virtualenv to None, run_after=None
[2024-11-09T20:25:14.357+0000] {processor.py:208} INFO - Processing /home/chirag/airflow/lib/python3.12/site-packages/airflow/example_dags/tutorial_taskflow_api_virtualenv.py took 0.110 seconds
[2024-11-09T20:26:10.560+0000] {processor.py:186} INFO - Started process (PID=13466) to work on /home/chirag/airflow/lib/python3.12/site-packages/airflow/example_dags/tutorial_taskflow_api_virtualenv.py
[2024-11-09T20:26:10.566+0000] {processor.py:914} INFO - Processing file /home/chirag/airflow/lib/python3.12/site-packages/airflow/example_dags/tutorial_taskflow_api_virtualenv.py for tasks to queue
[2024-11-09T20:26:10.569+0000] {logging_mixin.py:190} INFO - [2024-11-09T20:26:10.569+0000] {dagbag.py:588} INFO - Filling up the DagBag from /home/chirag/airflow/lib/python3.12/site-packages/airflow/example_dags/tutorial_taskflow_api_virtualenv.py
[2024-11-09T20:26:10.587+0000] {processor.py:925} INFO - DAG(s) 'tutorial_taskflow_api_virtualenv' retrieved from /home/chirag/airflow/lib/python3.12/site-packages/airflow/example_dags/tutorial_taskflow_api_virtualenv.py
[2024-11-09T20:26:10.609+0000] {logging_mixin.py:190} INFO - [2024-11-09T20:26:10.609+0000] {dag.py:3239} INFO - Sync 1 DAGs
[2024-11-09T20:26:10.627+0000] {logging_mixin.py:190} INFO - [2024-11-09T20:26:10.627+0000] {dag.py:4180} INFO - Setting next_dagrun for tutorial_taskflow_api_virtualenv to None, run_after=None
[2024-11-09T20:26:10.663+0000] {processor.py:208} INFO - Processing /home/chirag/airflow/lib/python3.12/site-packages/airflow/example_dags/tutorial_taskflow_api_virtualenv.py took 0.110 seconds
[2024-11-09T20:27:10.575+0000] {processor.py:186} INFO - Started process (PID=13798) to work on /home/chirag/airflow/lib/python3.12/site-packages/airflow/example_dags/tutorial_taskflow_api_virtualenv.py
[2024-11-09T20:27:10.578+0000] {processor.py:914} INFO - Processing file /home/chirag/airflow/lib/python3.12/site-packages/airflow/example_dags/tutorial_taskflow_api_virtualenv.py for tasks to queue
[2024-11-09T20:27:10.582+0000] {logging_mixin.py:190} INFO - [2024-11-09T20:27:10.581+0000] {dagbag.py:588} INFO - Filling up the DagBag from /home/chirag/airflow/lib/python3.12/site-packages/airflow/example_dags/tutorial_taskflow_api_virtualenv.py
[2024-11-09T20:27:10.602+0000] {processor.py:925} INFO - DAG(s) 'tutorial_taskflow_api_virtualenv' retrieved from /home/chirag/airflow/lib/python3.12/site-packages/airflow/example_dags/tutorial_taskflow_api_virtualenv.py
[2024-11-09T20:27:10.626+0000] {logging_mixin.py:190} INFO - [2024-11-09T20:27:10.626+0000] {dag.py:3239} INFO - Sync 1 DAGs
[2024-11-09T20:27:10.646+0000] {logging_mixin.py:190} INFO - [2024-11-09T20:27:10.645+0000] {dag.py:4180} INFO - Setting next_dagrun for tutorial_taskflow_api_virtualenv to None, run_after=None
[2024-11-09T20:27:10.729+0000] {processor.py:208} INFO - Processing /home/chirag/airflow/lib/python3.12/site-packages/airflow/example_dags/tutorial_taskflow_api_virtualenv.py took 0.164 seconds
[2024-11-09T20:28:00.050+0000] {processor.py:186} INFO - Started process (PID=13958) to work on /home/chirag/airflow/lib/python3.12/site-packages/airflow/example_dags/tutorial_taskflow_api_virtualenv.py
[2024-11-09T20:28:00.053+0000] {processor.py:914} INFO - Processing file /home/chirag/airflow/lib/python3.12/site-packages/airflow/example_dags/tutorial_taskflow_api_virtualenv.py for tasks to queue
[2024-11-09T20:28:00.056+0000] {logging_mixin.py:190} INFO - [2024-11-09T20:28:00.056+0000] {dagbag.py:588} INFO - Filling up the DagBag from /home/chirag/airflow/lib/python3.12/site-packages/airflow/example_dags/tutorial_taskflow_api_virtualenv.py
[2024-11-09T20:28:00.074+0000] {processor.py:925} INFO - DAG(s) 'tutorial_taskflow_api_virtualenv' retrieved from /home/chirag/airflow/lib/python3.12/site-packages/airflow/example_dags/tutorial_taskflow_api_virtualenv.py
[2024-11-09T20:28:00.097+0000] {logging_mixin.py:190} INFO - [2024-11-09T20:28:00.097+0000] {dag.py:3239} INFO - Sync 1 DAGs
[2024-11-09T20:28:00.114+0000] {logging_mixin.py:190} INFO - [2024-11-09T20:28:00.114+0000] {dag.py:4180} INFO - Setting next_dagrun for tutorial_taskflow_api_virtualenv to None, run_after=None
[2024-11-09T20:28:00.154+0000] {processor.py:208} INFO - Processing /home/chirag/airflow/lib/python3.12/site-packages/airflow/example_dags/tutorial_taskflow_api_virtualenv.py took 0.112 seconds
[2024-11-09T20:28:47.845+0000] {processor.py:186} INFO - Started process (PID=14483) to work on /home/chirag/airflow/lib/python3.12/site-packages/airflow/example_dags/tutorial_taskflow_api_virtualenv.py
[2024-11-09T20:28:47.850+0000] {processor.py:914} INFO - Processing file /home/chirag/airflow/lib/python3.12/site-packages/airflow/example_dags/tutorial_taskflow_api_virtualenv.py for tasks to queue
[2024-11-09T20:28:47.854+0000] {logging_mixin.py:190} INFO - [2024-11-09T20:28:47.854+0000] {dagbag.py:588} INFO - Filling up the DagBag from /home/chirag/airflow/lib/python3.12/site-packages/airflow/example_dags/tutorial_taskflow_api_virtualenv.py
[2024-11-09T20:28:47.879+0000] {processor.py:925} INFO - DAG(s) 'tutorial_taskflow_api_virtualenv' retrieved from /home/chirag/airflow/lib/python3.12/site-packages/airflow/example_dags/tutorial_taskflow_api_virtualenv.py
[2024-11-09T20:28:47.904+0000] {logging_mixin.py:190} INFO - [2024-11-09T20:28:47.904+0000] {dag.py:3239} INFO - Sync 1 DAGs
[2024-11-09T20:28:48.075+0000] {logging_mixin.py:190} INFO - [2024-11-09T20:28:48.075+0000] {dag.py:4180} INFO - Setting next_dagrun for tutorial_taskflow_api_virtualenv to None, run_after=None
[2024-11-09T20:28:48.116+0000] {processor.py:208} INFO - Processing /home/chirag/airflow/lib/python3.12/site-packages/airflow/example_dags/tutorial_taskflow_api_virtualenv.py took 0.280 seconds
