[2024-11-09T19:16:09.373+0000] {processor.py:186} INFO - Started process (PID=94590) to work on /home/chirag/airflow/lib/python3.12/site-packages/airflow/example_dags/tutorial_taskflow_templates.py
[2024-11-09T19:16:09.376+0000] {processor.py:914} INFO - Processing file /home/chirag/airflow/lib/python3.12/site-packages/airflow/example_dags/tutorial_taskflow_templates.py for tasks to queue
[2024-11-09T19:16:09.391+0000] {logging_mixin.py:190} INFO - [2024-11-09T19:16:09.389+0000] {dagbag.py:588} INFO - Filling up the DagBag from /home/chirag/airflow/lib/python3.12/site-packages/airflow/example_dags/tutorial_taskflow_templates.py
[2024-11-09T19:16:09.531+0000] {processor.py:925} INFO - DAG(s) 'tutorial_taskflow_templates' retrieved from /home/chirag/airflow/lib/python3.12/site-packages/airflow/example_dags/tutorial_taskflow_templates.py
[2024-11-09T19:16:10.549+0000] {logging_mixin.py:190} INFO - [2024-11-09T19:16:10.547+0000] {override.py:1911} INFO - Created Permission View: can delete on DAG:tutorial_taskflow_templates
[2024-11-09T19:16:10.663+0000] {logging_mixin.py:190} INFO - [2024-11-09T19:16:10.662+0000] {override.py:1911} INFO - Created Permission View: can read on DAG:tutorial_taskflow_templates
[2024-11-09T19:16:10.722+0000] {logging_mixin.py:190} INFO - [2024-11-09T19:16:10.721+0000] {override.py:1911} INFO - Created Permission View: can edit on DAG:tutorial_taskflow_templates
[2024-11-09T19:16:11.088+0000] {logging_mixin.py:190} INFO - [2024-11-09T19:16:11.087+0000] {override.py:1911} INFO - Created Permission View: menu access on DAG Run:tutorial_taskflow_templates
[2024-11-09T19:16:11.217+0000] {logging_mixin.py:190} INFO - [2024-11-09T19:16:11.216+0000] {override.py:1911} INFO - Created Permission View: can delete on DAG Run:tutorial_taskflow_templates
[2024-11-09T19:16:11.323+0000] {logging_mixin.py:190} INFO - [2024-11-09T19:16:11.322+0000] {override.py:1911} INFO - Created Permission View: can read on DAG Run:tutorial_taskflow_templates
[2024-11-09T19:16:11.444+0000] {logging_mixin.py:190} INFO - [2024-11-09T19:16:11.443+0000] {override.py:1911} INFO - Created Permission View: can create on DAG Run:tutorial_taskflow_templates
[2024-11-09T19:16:11.445+0000] {logging_mixin.py:190} INFO - [2024-11-09T19:16:11.445+0000] {dag.py:3239} INFO - Sync 1 DAGs
[2024-11-09T19:16:11.527+0000] {logging_mixin.py:190} INFO - [2024-11-09T19:16:11.526+0000] {dag.py:3262} INFO - Creating ORM DAG for tutorial_taskflow_templates
[2024-11-09T19:16:11.601+0000] {logging_mixin.py:190} INFO - [2024-11-09T19:16:11.600+0000] {dag.py:4180} INFO - Setting next_dagrun for tutorial_taskflow_templates to 2024-11-08 00:00:00+00:00, run_after=2024-11-09 00:00:00+00:00
[2024-11-09T19:16:11.728+0000] {processor.py:208} INFO - Processing /home/chirag/airflow/lib/python3.12/site-packages/airflow/example_dags/tutorial_taskflow_templates.py took 2.400 seconds
[2024-11-09T19:18:05.471+0000] {processor.py:186} INFO - Started process (PID=94797) to work on /home/chirag/airflow/lib/python3.12/site-packages/airflow/example_dags/tutorial_taskflow_templates.py
[2024-11-09T19:18:05.491+0000] {processor.py:914} INFO - Processing file /home/chirag/airflow/lib/python3.12/site-packages/airflow/example_dags/tutorial_taskflow_templates.py for tasks to queue
[2024-11-09T19:18:05.504+0000] {logging_mixin.py:190} INFO - [2024-11-09T19:18:05.498+0000] {dagbag.py:588} INFO - Filling up the DagBag from /home/chirag/airflow/lib/python3.12/site-packages/airflow/example_dags/tutorial_taskflow_templates.py
[2024-11-09T19:18:05.570+0000] {processor.py:925} INFO - DAG(s) 'tutorial_taskflow_templates' retrieved from /home/chirag/airflow/lib/python3.12/site-packages/airflow/example_dags/tutorial_taskflow_templates.py
[2024-11-09T19:18:05.676+0000] {logging_mixin.py:190} INFO - [2024-11-09T19:18:05.675+0000] {dag.py:3239} INFO - Sync 1 DAGs
[2024-11-09T19:18:05.870+0000] {logging_mixin.py:190} INFO - [2024-11-09T19:18:05.869+0000] {dag.py:4180} INFO - Setting next_dagrun for tutorial_taskflow_templates to 2024-11-08 00:00:00+00:00, run_after=2024-11-09 00:00:00+00:00
[2024-11-09T19:18:06.335+0000] {processor.py:208} INFO - Processing /home/chirag/airflow/lib/python3.12/site-packages/airflow/example_dags/tutorial_taskflow_templates.py took 0.910 seconds
[2024-11-09T19:19:04.235+0000] {processor.py:186} INFO - Started process (PID=94938) to work on /home/chirag/airflow/lib/python3.12/site-packages/airflow/example_dags/tutorial_taskflow_templates.py
[2024-11-09T19:19:04.239+0000] {processor.py:914} INFO - Processing file /home/chirag/airflow/lib/python3.12/site-packages/airflow/example_dags/tutorial_taskflow_templates.py for tasks to queue
[2024-11-09T19:19:04.244+0000] {logging_mixin.py:190} INFO - [2024-11-09T19:19:04.243+0000] {dagbag.py:588} INFO - Filling up the DagBag from /home/chirag/airflow/lib/python3.12/site-packages/airflow/example_dags/tutorial_taskflow_templates.py
[2024-11-09T19:19:04.264+0000] {processor.py:925} INFO - DAG(s) 'tutorial_taskflow_templates' retrieved from /home/chirag/airflow/lib/python3.12/site-packages/airflow/example_dags/tutorial_taskflow_templates.py
[2024-11-09T19:19:04.289+0000] {logging_mixin.py:190} INFO - [2024-11-09T19:19:04.289+0000] {dag.py:3239} INFO - Sync 1 DAGs
[2024-11-09T19:19:04.327+0000] {logging_mixin.py:190} INFO - [2024-11-09T19:19:04.326+0000] {dag.py:4180} INFO - Setting next_dagrun for tutorial_taskflow_templates to 2024-11-08 00:00:00+00:00, run_after=2024-11-09 00:00:00+00:00
[2024-11-09T19:19:04.365+0000] {processor.py:208} INFO - Processing /home/chirag/airflow/lib/python3.12/site-packages/airflow/example_dags/tutorial_taskflow_templates.py took 0.138 seconds
[2024-11-09T19:27:35.485+0000] {processor.py:186} INFO - Started process (PID=451) to work on /home/chirag/airflow/lib/python3.12/site-packages/airflow/example_dags/tutorial_taskflow_templates.py
[2024-11-09T19:27:35.488+0000] {processor.py:914} INFO - Processing file /home/chirag/airflow/lib/python3.12/site-packages/airflow/example_dags/tutorial_taskflow_templates.py for tasks to queue
[2024-11-09T19:27:35.491+0000] {logging_mixin.py:190} INFO - [2024-11-09T19:27:35.490+0000] {dagbag.py:588} INFO - Filling up the DagBag from /home/chirag/airflow/lib/python3.12/site-packages/airflow/example_dags/tutorial_taskflow_templates.py
[2024-11-09T19:27:35.513+0000] {processor.py:925} INFO - DAG(s) 'tutorial_taskflow_templates' retrieved from /home/chirag/airflow/lib/python3.12/site-packages/airflow/example_dags/tutorial_taskflow_templates.py
[2024-11-09T19:27:35.545+0000] {logging_mixin.py:190} INFO - [2024-11-09T19:27:35.545+0000] {dag.py:3239} INFO - Sync 1 DAGs
[2024-11-09T19:27:35.577+0000] {logging_mixin.py:190} INFO - [2024-11-09T19:27:35.576+0000] {dag.py:4180} INFO - Setting next_dagrun for tutorial_taskflow_templates to 2024-11-08 00:00:00+00:00, run_after=2024-11-09 00:00:00+00:00
[2024-11-09T19:27:35.613+0000] {processor.py:208} INFO - Processing /home/chirag/airflow/lib/python3.12/site-packages/airflow/example_dags/tutorial_taskflow_templates.py took 0.136 seconds
[2024-11-09T19:28:41.113+0000] {processor.py:186} INFO - Started process (PID=515) to work on /home/chirag/airflow/lib/python3.12/site-packages/airflow/example_dags/tutorial_taskflow_templates.py
[2024-11-09T19:28:41.117+0000] {processor.py:914} INFO - Processing file /home/chirag/airflow/lib/python3.12/site-packages/airflow/example_dags/tutorial_taskflow_templates.py for tasks to queue
[2024-11-09T19:28:41.120+0000] {logging_mixin.py:190} INFO - [2024-11-09T19:28:41.120+0000] {dagbag.py:588} INFO - Filling up the DagBag from /home/chirag/airflow/lib/python3.12/site-packages/airflow/example_dags/tutorial_taskflow_templates.py
[2024-11-09T19:28:41.139+0000] {processor.py:925} INFO - DAG(s) 'tutorial_taskflow_templates' retrieved from /home/chirag/airflow/lib/python3.12/site-packages/airflow/example_dags/tutorial_taskflow_templates.py
[2024-11-09T19:28:41.161+0000] {logging_mixin.py:190} INFO - [2024-11-09T19:28:41.161+0000] {dag.py:3239} INFO - Sync 1 DAGs
[2024-11-09T19:28:41.192+0000] {logging_mixin.py:190} INFO - [2024-11-09T19:28:41.191+0000] {dag.py:4180} INFO - Setting next_dagrun for tutorial_taskflow_templates to 2024-11-08 00:00:00+00:00, run_after=2024-11-09 00:00:00+00:00
[2024-11-09T19:28:41.228+0000] {processor.py:208} INFO - Processing /home/chirag/airflow/lib/python3.12/site-packages/airflow/example_dags/tutorial_taskflow_templates.py took 0.122 seconds
[2024-11-09T19:29:53.757+0000] {processor.py:186} INFO - Started process (PID=607) to work on /home/chirag/airflow/lib/python3.12/site-packages/airflow/example_dags/tutorial_taskflow_templates.py
[2024-11-09T19:29:53.769+0000] {processor.py:914} INFO - Processing file /home/chirag/airflow/lib/python3.12/site-packages/airflow/example_dags/tutorial_taskflow_templates.py for tasks to queue
[2024-11-09T19:29:53.774+0000] {logging_mixin.py:190} INFO - [2024-11-09T19:29:53.773+0000] {dagbag.py:588} INFO - Filling up the DagBag from /home/chirag/airflow/lib/python3.12/site-packages/airflow/example_dags/tutorial_taskflow_templates.py
[2024-11-09T19:29:53.813+0000] {processor.py:925} INFO - DAG(s) 'tutorial_taskflow_templates' retrieved from /home/chirag/airflow/lib/python3.12/site-packages/airflow/example_dags/tutorial_taskflow_templates.py
[2024-11-09T19:29:53.873+0000] {logging_mixin.py:190} INFO - [2024-11-09T19:29:53.873+0000] {dag.py:3239} INFO - Sync 1 DAGs
[2024-11-09T19:29:53.975+0000] {logging_mixin.py:190} INFO - [2024-11-09T19:29:53.975+0000] {dag.py:4180} INFO - Setting next_dagrun for tutorial_taskflow_templates to 2024-11-08 00:00:00+00:00, run_after=2024-11-09 00:00:00+00:00
[2024-11-09T19:29:54.067+0000] {processor.py:208} INFO - Processing /home/chirag/airflow/lib/python3.12/site-packages/airflow/example_dags/tutorial_taskflow_templates.py took 0.325 seconds
[2024-11-09T19:30:32.373+0000] {processor.py:186} INFO - Started process (PID=644) to work on /home/chirag/airflow/lib/python3.12/site-packages/airflow/example_dags/tutorial_taskflow_templates.py
[2024-11-09T19:30:32.377+0000] {processor.py:914} INFO - Processing file /home/chirag/airflow/lib/python3.12/site-packages/airflow/example_dags/tutorial_taskflow_templates.py for tasks to queue
[2024-11-09T19:30:32.382+0000] {logging_mixin.py:190} INFO - [2024-11-09T19:30:32.381+0000] {dagbag.py:588} INFO - Filling up the DagBag from /home/chirag/airflow/lib/python3.12/site-packages/airflow/example_dags/tutorial_taskflow_templates.py
[2024-11-09T19:30:32.417+0000] {processor.py:925} INFO - DAG(s) 'tutorial_taskflow_templates' retrieved from /home/chirag/airflow/lib/python3.12/site-packages/airflow/example_dags/tutorial_taskflow_templates.py
[2024-11-09T19:30:32.470+0000] {logging_mixin.py:190} INFO - [2024-11-09T19:30:32.469+0000] {dag.py:3239} INFO - Sync 1 DAGs
[2024-11-09T19:30:32.517+0000] {logging_mixin.py:190} INFO - [2024-11-09T19:30:32.517+0000] {dag.py:4180} INFO - Setting next_dagrun for tutorial_taskflow_templates to 2024-11-08 00:00:00+00:00, run_after=2024-11-09 00:00:00+00:00
[2024-11-09T19:30:32.963+0000] {processor.py:208} INFO - Processing /home/chirag/airflow/lib/python3.12/site-packages/airflow/example_dags/tutorial_taskflow_templates.py took 0.191 seconds
[2024-11-09T19:31:13.839+0000] {processor.py:186} INFO - Started process (PID=678) to work on /home/chirag/airflow/lib/python3.12/site-packages/airflow/example_dags/tutorial_taskflow_templates.py
[2024-11-09T19:31:13.844+0000] {processor.py:914} INFO - Processing file /home/chirag/airflow/lib/python3.12/site-packages/airflow/example_dags/tutorial_taskflow_templates.py for tasks to queue
[2024-11-09T19:31:13.848+0000] {logging_mixin.py:190} INFO - [2024-11-09T19:31:13.847+0000] {dagbag.py:588} INFO - Filling up the DagBag from /home/chirag/airflow/lib/python3.12/site-packages/airflow/example_dags/tutorial_taskflow_templates.py
[2024-11-09T19:31:13.877+0000] {processor.py:925} INFO - DAG(s) 'tutorial_taskflow_templates' retrieved from /home/chirag/airflow/lib/python3.12/site-packages/airflow/example_dags/tutorial_taskflow_templates.py
[2024-11-09T19:31:13.930+0000] {logging_mixin.py:190} INFO - [2024-11-09T19:31:13.929+0000] {dag.py:3239} INFO - Sync 1 DAGs
[2024-11-09T19:31:14.013+0000] {logging_mixin.py:190} INFO - [2024-11-09T19:31:14.013+0000] {dag.py:4180} INFO - Setting next_dagrun for tutorial_taskflow_templates to 2024-11-08 00:00:00+00:00, run_after=2024-11-09 00:00:00+00:00
[2024-11-09T19:31:14.063+0000] {processor.py:208} INFO - Processing /home/chirag/airflow/lib/python3.12/site-packages/airflow/example_dags/tutorial_taskflow_templates.py took 0.235 seconds
[2024-11-09T19:32:01.975+0000] {processor.py:186} INFO - Started process (PID=938) to work on /home/chirag/airflow/lib/python3.12/site-packages/airflow/example_dags/tutorial_taskflow_templates.py
[2024-11-09T19:32:01.988+0000] {processor.py:914} INFO - Processing file /home/chirag/airflow/lib/python3.12/site-packages/airflow/example_dags/tutorial_taskflow_templates.py for tasks to queue
[2024-11-09T19:32:02.004+0000] {logging_mixin.py:190} INFO - [2024-11-09T19:32:01.993+0000] {dagbag.py:588} INFO - Filling up the DagBag from /home/chirag/airflow/lib/python3.12/site-packages/airflow/example_dags/tutorial_taskflow_templates.py
[2024-11-09T19:32:02.081+0000] {processor.py:925} INFO - DAG(s) 'tutorial_taskflow_templates' retrieved from /home/chirag/airflow/lib/python3.12/site-packages/airflow/example_dags/tutorial_taskflow_templates.py
[2024-11-09T19:32:02.226+0000] {logging_mixin.py:190} INFO - [2024-11-09T19:32:02.226+0000] {dag.py:3239} INFO - Sync 1 DAGs
[2024-11-09T19:32:02.396+0000] {logging_mixin.py:190} INFO - [2024-11-09T19:32:02.396+0000] {dag.py:4180} INFO - Setting next_dagrun for tutorial_taskflow_templates to 2024-11-08 00:00:00+00:00, run_after=2024-11-09 00:00:00+00:00
[2024-11-09T19:32:02.559+0000] {processor.py:208} INFO - Processing /home/chirag/airflow/lib/python3.12/site-packages/airflow/example_dags/tutorial_taskflow_templates.py took 0.630 seconds
[2024-11-09T19:32:55.106+0000] {processor.py:186} INFO - Started process (PID=1632) to work on /home/chirag/airflow/lib/python3.12/site-packages/airflow/example_dags/tutorial_taskflow_templates.py
[2024-11-09T19:32:55.108+0000] {processor.py:914} INFO - Processing file /home/chirag/airflow/lib/python3.12/site-packages/airflow/example_dags/tutorial_taskflow_templates.py for tasks to queue
[2024-11-09T19:32:55.112+0000] {logging_mixin.py:190} INFO - [2024-11-09T19:32:55.111+0000] {dagbag.py:588} INFO - Filling up the DagBag from /home/chirag/airflow/lib/python3.12/site-packages/airflow/example_dags/tutorial_taskflow_templates.py
[2024-11-09T19:32:55.136+0000] {processor.py:925} INFO - DAG(s) 'tutorial_taskflow_templates' retrieved from /home/chirag/airflow/lib/python3.12/site-packages/airflow/example_dags/tutorial_taskflow_templates.py
[2024-11-09T19:32:55.161+0000] {logging_mixin.py:190} INFO - [2024-11-09T19:32:55.160+0000] {dag.py:3239} INFO - Sync 1 DAGs
[2024-11-09T19:32:55.200+0000] {logging_mixin.py:190} INFO - [2024-11-09T19:32:55.199+0000] {dag.py:4180} INFO - Setting next_dagrun for tutorial_taskflow_templates to 2024-11-08 00:00:00+00:00, run_after=2024-11-09 00:00:00+00:00
[2024-11-09T19:32:55.235+0000] {processor.py:208} INFO - Processing /home/chirag/airflow/lib/python3.12/site-packages/airflow/example_dags/tutorial_taskflow_templates.py took 0.138 seconds
[2024-11-09T19:33:38.850+0000] {processor.py:186} INFO - Started process (PID=1934) to work on /home/chirag/airflow/lib/python3.12/site-packages/airflow/example_dags/tutorial_taskflow_templates.py
[2024-11-09T19:33:38.855+0000] {processor.py:914} INFO - Processing file /home/chirag/airflow/lib/python3.12/site-packages/airflow/example_dags/tutorial_taskflow_templates.py for tasks to queue
[2024-11-09T19:33:38.866+0000] {logging_mixin.py:190} INFO - [2024-11-09T19:33:38.865+0000] {dagbag.py:588} INFO - Filling up the DagBag from /home/chirag/airflow/lib/python3.12/site-packages/airflow/example_dags/tutorial_taskflow_templates.py
[2024-11-09T19:33:38.908+0000] {processor.py:925} INFO - DAG(s) 'tutorial_taskflow_templates' retrieved from /home/chirag/airflow/lib/python3.12/site-packages/airflow/example_dags/tutorial_taskflow_templates.py
[2024-11-09T19:33:38.951+0000] {logging_mixin.py:190} INFO - [2024-11-09T19:33:38.950+0000] {dag.py:3239} INFO - Sync 1 DAGs
[2024-11-09T19:33:39.007+0000] {logging_mixin.py:190} INFO - [2024-11-09T19:33:39.007+0000] {dag.py:4180} INFO - Setting next_dagrun for tutorial_taskflow_templates to 2024-11-08 00:00:00+00:00, run_after=2024-11-09 00:00:00+00:00
[2024-11-09T19:33:39.046+0000] {processor.py:208} INFO - Processing /home/chirag/airflow/lib/python3.12/site-packages/airflow/example_dags/tutorial_taskflow_templates.py took 0.212 seconds
[2024-11-09T19:34:58.278+0000] {processor.py:186} INFO - Started process (PID=2504) to work on /home/chirag/airflow/lib/python3.12/site-packages/airflow/example_dags/tutorial_taskflow_templates.py
[2024-11-09T19:34:58.281+0000] {processor.py:914} INFO - Processing file /home/chirag/airflow/lib/python3.12/site-packages/airflow/example_dags/tutorial_taskflow_templates.py for tasks to queue
[2024-11-09T19:34:58.285+0000] {logging_mixin.py:190} INFO - [2024-11-09T19:34:58.284+0000] {dagbag.py:588} INFO - Filling up the DagBag from /home/chirag/airflow/lib/python3.12/site-packages/airflow/example_dags/tutorial_taskflow_templates.py
[2024-11-09T19:34:58.304+0000] {processor.py:925} INFO - DAG(s) 'tutorial_taskflow_templates' retrieved from /home/chirag/airflow/lib/python3.12/site-packages/airflow/example_dags/tutorial_taskflow_templates.py
[2024-11-09T19:34:58.473+0000] {logging_mixin.py:190} INFO - [2024-11-09T19:34:58.473+0000] {dag.py:3239} INFO - Sync 1 DAGs
[2024-11-09T19:34:58.499+0000] {logging_mixin.py:190} INFO - [2024-11-09T19:34:58.499+0000] {dag.py:4180} INFO - Setting next_dagrun for tutorial_taskflow_templates to 2024-11-08 00:00:00+00:00, run_after=2024-11-09 00:00:00+00:00
[2024-11-09T19:34:58.533+0000] {processor.py:208} INFO - Processing /home/chirag/airflow/lib/python3.12/site-packages/airflow/example_dags/tutorial_taskflow_templates.py took 0.263 seconds
[2024-11-09T19:35:43.094+0000] {processor.py:186} INFO - Started process (PID=2702) to work on /home/chirag/airflow/lib/python3.12/site-packages/airflow/example_dags/tutorial_taskflow_templates.py
[2024-11-09T19:35:43.110+0000] {processor.py:914} INFO - Processing file /home/chirag/airflow/lib/python3.12/site-packages/airflow/example_dags/tutorial_taskflow_templates.py for tasks to queue
[2024-11-09T19:35:43.116+0000] {logging_mixin.py:190} INFO - [2024-11-09T19:35:43.115+0000] {dagbag.py:588} INFO - Filling up the DagBag from /home/chirag/airflow/lib/python3.12/site-packages/airflow/example_dags/tutorial_taskflow_templates.py
[2024-11-09T19:35:43.146+0000] {processor.py:925} INFO - DAG(s) 'tutorial_taskflow_templates' retrieved from /home/chirag/airflow/lib/python3.12/site-packages/airflow/example_dags/tutorial_taskflow_templates.py
[2024-11-09T19:35:43.171+0000] {logging_mixin.py:190} INFO - [2024-11-09T19:35:43.170+0000] {dag.py:3239} INFO - Sync 1 DAGs
[2024-11-09T19:35:43.207+0000] {logging_mixin.py:190} INFO - [2024-11-09T19:35:43.206+0000] {dag.py:4180} INFO - Setting next_dagrun for tutorial_taskflow_templates to 2024-11-08 00:00:00+00:00, run_after=2024-11-09 00:00:00+00:00
[2024-11-09T19:35:43.273+0000] {processor.py:208} INFO - Processing /home/chirag/airflow/lib/python3.12/site-packages/airflow/example_dags/tutorial_taskflow_templates.py took 0.196 seconds
[2024-11-09T19:36:26.892+0000] {processor.py:186} INFO - Started process (PID=2816) to work on /home/chirag/airflow/lib/python3.12/site-packages/airflow/example_dags/tutorial_taskflow_templates.py
[2024-11-09T19:36:26.895+0000] {processor.py:914} INFO - Processing file /home/chirag/airflow/lib/python3.12/site-packages/airflow/example_dags/tutorial_taskflow_templates.py for tasks to queue
[2024-11-09T19:36:26.899+0000] {logging_mixin.py:190} INFO - [2024-11-09T19:36:26.898+0000] {dagbag.py:588} INFO - Filling up the DagBag from /home/chirag/airflow/lib/python3.12/site-packages/airflow/example_dags/tutorial_taskflow_templates.py
[2024-11-09T19:36:26.918+0000] {processor.py:925} INFO - DAG(s) 'tutorial_taskflow_templates' retrieved from /home/chirag/airflow/lib/python3.12/site-packages/airflow/example_dags/tutorial_taskflow_templates.py
[2024-11-09T19:36:26.943+0000] {logging_mixin.py:190} INFO - [2024-11-09T19:36:26.942+0000] {dag.py:3239} INFO - Sync 1 DAGs
[2024-11-09T19:36:26.982+0000] {logging_mixin.py:190} INFO - [2024-11-09T19:36:26.982+0000] {dag.py:4180} INFO - Setting next_dagrun for tutorial_taskflow_templates to 2024-11-08 00:00:00+00:00, run_after=2024-11-09 00:00:00+00:00
[2024-11-09T19:36:27.016+0000] {processor.py:208} INFO - Processing /home/chirag/airflow/lib/python3.12/site-packages/airflow/example_dags/tutorial_taskflow_templates.py took 0.132 seconds
[2024-11-09T19:37:05.406+0000] {processor.py:186} INFO - Started process (PID=2920) to work on /home/chirag/airflow/lib/python3.12/site-packages/airflow/example_dags/tutorial_taskflow_templates.py
[2024-11-09T19:37:05.411+0000] {processor.py:914} INFO - Processing file /home/chirag/airflow/lib/python3.12/site-packages/airflow/example_dags/tutorial_taskflow_templates.py for tasks to queue
[2024-11-09T19:37:05.419+0000] {logging_mixin.py:190} INFO - [2024-11-09T19:37:05.418+0000] {dagbag.py:588} INFO - Filling up the DagBag from /home/chirag/airflow/lib/python3.12/site-packages/airflow/example_dags/tutorial_taskflow_templates.py
[2024-11-09T19:37:05.444+0000] {processor.py:925} INFO - DAG(s) 'tutorial_taskflow_templates' retrieved from /home/chirag/airflow/lib/python3.12/site-packages/airflow/example_dags/tutorial_taskflow_templates.py
[2024-11-09T19:37:05.466+0000] {logging_mixin.py:190} INFO - [2024-11-09T19:37:05.466+0000] {dag.py:3239} INFO - Sync 1 DAGs
[2024-11-09T19:37:05.502+0000] {logging_mixin.py:190} INFO - [2024-11-09T19:37:05.502+0000] {dag.py:4180} INFO - Setting next_dagrun for tutorial_taskflow_templates to 2024-11-08 00:00:00+00:00, run_after=2024-11-09 00:00:00+00:00
[2024-11-09T19:37:05.548+0000] {processor.py:208} INFO - Processing /home/chirag/airflow/lib/python3.12/site-packages/airflow/example_dags/tutorial_taskflow_templates.py took 0.155 seconds
[2024-11-09T19:38:16.171+0000] {processor.py:186} INFO - Started process (PID=3242) to work on /home/chirag/airflow/lib/python3.12/site-packages/airflow/example_dags/tutorial_taskflow_templates.py
[2024-11-09T19:38:16.174+0000] {processor.py:914} INFO - Processing file /home/chirag/airflow/lib/python3.12/site-packages/airflow/example_dags/tutorial_taskflow_templates.py for tasks to queue
[2024-11-09T19:38:16.178+0000] {logging_mixin.py:190} INFO - [2024-11-09T19:38:16.177+0000] {dagbag.py:588} INFO - Filling up the DagBag from /home/chirag/airflow/lib/python3.12/site-packages/airflow/example_dags/tutorial_taskflow_templates.py
[2024-11-09T19:38:16.198+0000] {processor.py:925} INFO - DAG(s) 'tutorial_taskflow_templates' retrieved from /home/chirag/airflow/lib/python3.12/site-packages/airflow/example_dags/tutorial_taskflow_templates.py
[2024-11-09T19:38:16.221+0000] {logging_mixin.py:190} INFO - [2024-11-09T19:38:16.220+0000] {dag.py:3239} INFO - Sync 1 DAGs
[2024-11-09T19:38:16.254+0000] {logging_mixin.py:190} INFO - [2024-11-09T19:38:16.254+0000] {dag.py:4180} INFO - Setting next_dagrun for tutorial_taskflow_templates to 2024-11-08 00:00:00+00:00, run_after=2024-11-09 00:00:00+00:00
[2024-11-09T19:38:16.294+0000] {processor.py:208} INFO - Processing /home/chirag/airflow/lib/python3.12/site-packages/airflow/example_dags/tutorial_taskflow_templates.py took 0.131 seconds
[2024-11-09T19:39:34.360+0000] {processor.py:186} INFO - Started process (PID=3519) to work on /home/chirag/airflow/lib/python3.12/site-packages/airflow/example_dags/tutorial_taskflow_templates.py
[2024-11-09T19:39:34.474+0000] {processor.py:914} INFO - Processing file /home/chirag/airflow/lib/python3.12/site-packages/airflow/example_dags/tutorial_taskflow_templates.py for tasks to queue
[2024-11-09T19:39:34.478+0000] {logging_mixin.py:190} INFO - [2024-11-09T19:39:34.477+0000] {dagbag.py:588} INFO - Filling up the DagBag from /home/chirag/airflow/lib/python3.12/site-packages/airflow/example_dags/tutorial_taskflow_templates.py
[2024-11-09T19:39:34.500+0000] {processor.py:925} INFO - DAG(s) 'tutorial_taskflow_templates' retrieved from /home/chirag/airflow/lib/python3.12/site-packages/airflow/example_dags/tutorial_taskflow_templates.py
[2024-11-09T19:39:34.523+0000] {logging_mixin.py:190} INFO - [2024-11-09T19:39:34.523+0000] {dag.py:3239} INFO - Sync 1 DAGs
[2024-11-09T19:39:34.562+0000] {logging_mixin.py:190} INFO - [2024-11-09T19:39:34.561+0000] {dag.py:4180} INFO - Setting next_dagrun for tutorial_taskflow_templates to 2024-11-08 00:00:00+00:00, run_after=2024-11-09 00:00:00+00:00
[2024-11-09T19:39:36.482+0000] {processor.py:208} INFO - Processing /home/chirag/airflow/lib/python3.12/site-packages/airflow/example_dags/tutorial_taskflow_templates.py took 2.133 seconds
[2024-11-09T19:40:18.383+0000] {processor.py:186} INFO - Started process (PID=3637) to work on /home/chirag/airflow/lib/python3.12/site-packages/airflow/example_dags/tutorial_taskflow_templates.py
[2024-11-09T19:40:18.386+0000] {processor.py:914} INFO - Processing file /home/chirag/airflow/lib/python3.12/site-packages/airflow/example_dags/tutorial_taskflow_templates.py for tasks to queue
[2024-11-09T19:40:18.392+0000] {logging_mixin.py:190} INFO - [2024-11-09T19:40:18.390+0000] {dagbag.py:588} INFO - Filling up the DagBag from /home/chirag/airflow/lib/python3.12/site-packages/airflow/example_dags/tutorial_taskflow_templates.py
[2024-11-09T19:40:18.421+0000] {processor.py:925} INFO - DAG(s) 'tutorial_taskflow_templates' retrieved from /home/chirag/airflow/lib/python3.12/site-packages/airflow/example_dags/tutorial_taskflow_templates.py
[2024-11-09T19:40:18.458+0000] {logging_mixin.py:190} INFO - [2024-11-09T19:40:18.458+0000] {dag.py:3239} INFO - Sync 1 DAGs
[2024-11-09T19:40:18.512+0000] {logging_mixin.py:190} INFO - [2024-11-09T19:40:18.512+0000] {dag.py:4180} INFO - Setting next_dagrun for tutorial_taskflow_templates to 2024-11-08 00:00:00+00:00, run_after=2024-11-09 00:00:00+00:00
[2024-11-09T19:40:18.554+0000] {processor.py:208} INFO - Processing /home/chirag/airflow/lib/python3.12/site-packages/airflow/example_dags/tutorial_taskflow_templates.py took 0.181 seconds
[2024-11-09T19:41:30.892+0000] {processor.py:186} INFO - Started process (PID=3839) to work on /home/chirag/airflow/lib/python3.12/site-packages/airflow/example_dags/tutorial_taskflow_templates.py
[2024-11-09T19:41:30.896+0000] {processor.py:914} INFO - Processing file /home/chirag/airflow/lib/python3.12/site-packages/airflow/example_dags/tutorial_taskflow_templates.py for tasks to queue
[2024-11-09T19:41:30.901+0000] {logging_mixin.py:190} INFO - [2024-11-09T19:41:30.901+0000] {dagbag.py:588} INFO - Filling up the DagBag from /home/chirag/airflow/lib/python3.12/site-packages/airflow/example_dags/tutorial_taskflow_templates.py
[2024-11-09T19:41:30.932+0000] {processor.py:925} INFO - DAG(s) 'tutorial_taskflow_templates' retrieved from /home/chirag/airflow/lib/python3.12/site-packages/airflow/example_dags/tutorial_taskflow_templates.py
[2024-11-09T19:41:30.968+0000] {logging_mixin.py:190} INFO - [2024-11-09T19:41:30.968+0000] {dag.py:3239} INFO - Sync 1 DAGs
[2024-11-09T19:41:31.020+0000] {logging_mixin.py:190} INFO - [2024-11-09T19:41:31.019+0000] {dag.py:4180} INFO - Setting next_dagrun for tutorial_taskflow_templates to 2024-11-08 00:00:00+00:00, run_after=2024-11-09 00:00:00+00:00
[2024-11-09T19:41:31.064+0000] {processor.py:208} INFO - Processing /home/chirag/airflow/lib/python3.12/site-packages/airflow/example_dags/tutorial_taskflow_templates.py took 0.184 seconds
[2024-11-09T19:42:09.498+0000] {processor.py:186} INFO - Started process (PID=3945) to work on /home/chirag/airflow/lib/python3.12/site-packages/airflow/example_dags/tutorial_taskflow_templates.py
[2024-11-09T19:42:09.501+0000] {processor.py:914} INFO - Processing file /home/chirag/airflow/lib/python3.12/site-packages/airflow/example_dags/tutorial_taskflow_templates.py for tasks to queue
[2024-11-09T19:42:09.504+0000] {logging_mixin.py:190} INFO - [2024-11-09T19:42:09.504+0000] {dagbag.py:588} INFO - Filling up the DagBag from /home/chirag/airflow/lib/python3.12/site-packages/airflow/example_dags/tutorial_taskflow_templates.py
[2024-11-09T19:42:09.524+0000] {processor.py:925} INFO - DAG(s) 'tutorial_taskflow_templates' retrieved from /home/chirag/airflow/lib/python3.12/site-packages/airflow/example_dags/tutorial_taskflow_templates.py
[2024-11-09T19:42:09.551+0000] {logging_mixin.py:190} INFO - [2024-11-09T19:42:09.550+0000] {dag.py:3239} INFO - Sync 1 DAGs
[2024-11-09T19:42:09.597+0000] {logging_mixin.py:190} INFO - [2024-11-09T19:42:09.596+0000] {dag.py:4180} INFO - Setting next_dagrun for tutorial_taskflow_templates to 2024-11-08 00:00:00+00:00, run_after=2024-11-09 00:00:00+00:00
[2024-11-09T19:42:09.646+0000] {processor.py:208} INFO - Processing /home/chirag/airflow/lib/python3.12/site-packages/airflow/example_dags/tutorial_taskflow_templates.py took 0.157 seconds
[2024-11-09T19:43:26.392+0000] {processor.py:186} INFO - Started process (PID=4166) to work on /home/chirag/airflow/lib/python3.12/site-packages/airflow/example_dags/tutorial_taskflow_templates.py
[2024-11-09T19:43:26.395+0000] {processor.py:914} INFO - Processing file /home/chirag/airflow/lib/python3.12/site-packages/airflow/example_dags/tutorial_taskflow_templates.py for tasks to queue
[2024-11-09T19:43:26.398+0000] {logging_mixin.py:190} INFO - [2024-11-09T19:43:26.398+0000] {dagbag.py:588} INFO - Filling up the DagBag from /home/chirag/airflow/lib/python3.12/site-packages/airflow/example_dags/tutorial_taskflow_templates.py
[2024-11-09T19:43:26.418+0000] {processor.py:925} INFO - DAG(s) 'tutorial_taskflow_templates' retrieved from /home/chirag/airflow/lib/python3.12/site-packages/airflow/example_dags/tutorial_taskflow_templates.py
[2024-11-09T19:43:26.441+0000] {logging_mixin.py:190} INFO - [2024-11-09T19:43:26.440+0000] {dag.py:3239} INFO - Sync 1 DAGs
[2024-11-09T19:43:26.472+0000] {logging_mixin.py:190} INFO - [2024-11-09T19:43:26.472+0000] {dag.py:4180} INFO - Setting next_dagrun for tutorial_taskflow_templates to 2024-11-08 00:00:00+00:00, run_after=2024-11-09 00:00:00+00:00
[2024-11-09T19:43:26.528+0000] {processor.py:208} INFO - Processing /home/chirag/airflow/lib/python3.12/site-packages/airflow/example_dags/tutorial_taskflow_templates.py took 0.144 seconds
[2024-11-09T19:44:06.358+0000] {processor.py:186} INFO - Started process (PID=4288) to work on /home/chirag/airflow/lib/python3.12/site-packages/airflow/example_dags/tutorial_taskflow_templates.py
[2024-11-09T19:44:06.362+0000] {processor.py:914} INFO - Processing file /home/chirag/airflow/lib/python3.12/site-packages/airflow/example_dags/tutorial_taskflow_templates.py for tasks to queue
[2024-11-09T19:44:06.367+0000] {logging_mixin.py:190} INFO - [2024-11-09T19:44:06.365+0000] {dagbag.py:588} INFO - Filling up the DagBag from /home/chirag/airflow/lib/python3.12/site-packages/airflow/example_dags/tutorial_taskflow_templates.py
[2024-11-09T19:44:06.392+0000] {processor.py:925} INFO - DAG(s) 'tutorial_taskflow_templates' retrieved from /home/chirag/airflow/lib/python3.12/site-packages/airflow/example_dags/tutorial_taskflow_templates.py
[2024-11-09T19:44:06.421+0000] {logging_mixin.py:190} INFO - [2024-11-09T19:44:06.421+0000] {dag.py:3239} INFO - Sync 1 DAGs
[2024-11-09T19:44:06.464+0000] {logging_mixin.py:190} INFO - [2024-11-09T19:44:06.464+0000] {dag.py:4180} INFO - Setting next_dagrun for tutorial_taskflow_templates to 2024-11-08 00:00:00+00:00, run_after=2024-11-09 00:00:00+00:00
[2024-11-09T19:44:06.502+0000] {processor.py:208} INFO - Processing /home/chirag/airflow/lib/python3.12/site-packages/airflow/example_dags/tutorial_taskflow_templates.py took 0.157 seconds
[2024-11-09T19:45:14.190+0000] {processor.py:186} INFO - Started process (PID=4483) to work on /home/chirag/airflow/lib/python3.12/site-packages/airflow/example_dags/tutorial_taskflow_templates.py
[2024-11-09T19:45:14.193+0000] {processor.py:914} INFO - Processing file /home/chirag/airflow/lib/python3.12/site-packages/airflow/example_dags/tutorial_taskflow_templates.py for tasks to queue
[2024-11-09T19:45:14.197+0000] {logging_mixin.py:190} INFO - [2024-11-09T19:45:14.196+0000] {dagbag.py:588} INFO - Filling up the DagBag from /home/chirag/airflow/lib/python3.12/site-packages/airflow/example_dags/tutorial_taskflow_templates.py
[2024-11-09T19:45:14.220+0000] {processor.py:925} INFO - DAG(s) 'tutorial_taskflow_templates' retrieved from /home/chirag/airflow/lib/python3.12/site-packages/airflow/example_dags/tutorial_taskflow_templates.py
[2024-11-09T19:45:14.245+0000] {logging_mixin.py:190} INFO - [2024-11-09T19:45:14.245+0000] {dag.py:3239} INFO - Sync 1 DAGs
[2024-11-09T19:45:14.283+0000] {logging_mixin.py:190} INFO - [2024-11-09T19:45:14.283+0000] {dag.py:4180} INFO - Setting next_dagrun for tutorial_taskflow_templates to 2024-11-08 00:00:00+00:00, run_after=2024-11-09 00:00:00+00:00
[2024-11-09T19:45:14.321+0000] {processor.py:208} INFO - Processing /home/chirag/airflow/lib/python3.12/site-packages/airflow/example_dags/tutorial_taskflow_templates.py took 0.139 seconds
[2024-11-09T19:46:22.832+0000] {processor.py:186} INFO - Started process (PID=4678) to work on /home/chirag/airflow/lib/python3.12/site-packages/airflow/example_dags/tutorial_taskflow_templates.py
[2024-11-09T19:46:22.835+0000] {processor.py:914} INFO - Processing file /home/chirag/airflow/lib/python3.12/site-packages/airflow/example_dags/tutorial_taskflow_templates.py for tasks to queue
[2024-11-09T19:46:22.839+0000] {logging_mixin.py:190} INFO - [2024-11-09T19:46:22.838+0000] {dagbag.py:588} INFO - Filling up the DagBag from /home/chirag/airflow/lib/python3.12/site-packages/airflow/example_dags/tutorial_taskflow_templates.py
[2024-11-09T19:46:22.860+0000] {processor.py:925} INFO - DAG(s) 'tutorial_taskflow_templates' retrieved from /home/chirag/airflow/lib/python3.12/site-packages/airflow/example_dags/tutorial_taskflow_templates.py
[2024-11-09T19:46:22.883+0000] {logging_mixin.py:190} INFO - [2024-11-09T19:46:22.883+0000] {dag.py:3239} INFO - Sync 1 DAGs
[2024-11-09T19:46:22.918+0000] {logging_mixin.py:190} INFO - [2024-11-09T19:46:22.917+0000] {dag.py:4180} INFO - Setting next_dagrun for tutorial_taskflow_templates to 2024-11-08 00:00:00+00:00, run_after=2024-11-09 00:00:00+00:00
[2024-11-09T19:46:22.963+0000] {processor.py:208} INFO - Processing /home/chirag/airflow/lib/python3.12/site-packages/airflow/example_dags/tutorial_taskflow_templates.py took 0.141 seconds
[2024-11-09T19:47:12.176+0000] {processor.py:186} INFO - Started process (PID=4852) to work on /home/chirag/airflow/lib/python3.12/site-packages/airflow/example_dags/tutorial_taskflow_templates.py
[2024-11-09T19:47:12.180+0000] {processor.py:914} INFO - Processing file /home/chirag/airflow/lib/python3.12/site-packages/airflow/example_dags/tutorial_taskflow_templates.py for tasks to queue
[2024-11-09T19:47:12.186+0000] {logging_mixin.py:190} INFO - [2024-11-09T19:47:12.185+0000] {dagbag.py:588} INFO - Filling up the DagBag from /home/chirag/airflow/lib/python3.12/site-packages/airflow/example_dags/tutorial_taskflow_templates.py
[2024-11-09T19:47:12.225+0000] {processor.py:925} INFO - DAG(s) 'tutorial_taskflow_templates' retrieved from /home/chirag/airflow/lib/python3.12/site-packages/airflow/example_dags/tutorial_taskflow_templates.py
[2024-11-09T19:47:12.276+0000] {logging_mixin.py:190} INFO - [2024-11-09T19:47:12.276+0000] {dag.py:3239} INFO - Sync 1 DAGs
[2024-11-09T19:47:12.326+0000] {logging_mixin.py:190} INFO - [2024-11-09T19:47:12.325+0000] {dag.py:4180} INFO - Setting next_dagrun for tutorial_taskflow_templates to 2024-11-08 00:00:00+00:00, run_after=2024-11-09 00:00:00+00:00
[2024-11-09T19:47:12.364+0000] {processor.py:208} INFO - Processing /home/chirag/airflow/lib/python3.12/site-packages/airflow/example_dags/tutorial_taskflow_templates.py took 0.206 seconds
[2024-11-09T19:48:28.326+0000] {processor.py:186} INFO - Started process (PID=5079) to work on /home/chirag/airflow/lib/python3.12/site-packages/airflow/example_dags/tutorial_taskflow_templates.py
[2024-11-09T19:48:28.329+0000] {processor.py:914} INFO - Processing file /home/chirag/airflow/lib/python3.12/site-packages/airflow/example_dags/tutorial_taskflow_templates.py for tasks to queue
[2024-11-09T19:48:28.333+0000] {logging_mixin.py:190} INFO - [2024-11-09T19:48:28.332+0000] {dagbag.py:588} INFO - Filling up the DagBag from /home/chirag/airflow/lib/python3.12/site-packages/airflow/example_dags/tutorial_taskflow_templates.py
[2024-11-09T19:48:28.353+0000] {processor.py:925} INFO - DAG(s) 'tutorial_taskflow_templates' retrieved from /home/chirag/airflow/lib/python3.12/site-packages/airflow/example_dags/tutorial_taskflow_templates.py
[2024-11-09T19:48:28.378+0000] {logging_mixin.py:190} INFO - [2024-11-09T19:48:28.378+0000] {dag.py:3239} INFO - Sync 1 DAGs
[2024-11-09T19:48:28.417+0000] {logging_mixin.py:190} INFO - [2024-11-09T19:48:28.416+0000] {dag.py:4180} INFO - Setting next_dagrun for tutorial_taskflow_templates to 2024-11-08 00:00:00+00:00, run_after=2024-11-09 00:00:00+00:00
[2024-11-09T19:48:28.458+0000] {processor.py:208} INFO - Processing /home/chirag/airflow/lib/python3.12/site-packages/airflow/example_dags/tutorial_taskflow_templates.py took 0.140 seconds
[2024-11-09T19:49:40.436+0000] {processor.py:186} INFO - Started process (PID=5297) to work on /home/chirag/airflow/lib/python3.12/site-packages/airflow/example_dags/tutorial_taskflow_templates.py
[2024-11-09T19:49:40.439+0000] {processor.py:914} INFO - Processing file /home/chirag/airflow/lib/python3.12/site-packages/airflow/example_dags/tutorial_taskflow_templates.py for tasks to queue
[2024-11-09T19:49:40.443+0000] {logging_mixin.py:190} INFO - [2024-11-09T19:49:40.442+0000] {dagbag.py:588} INFO - Filling up the DagBag from /home/chirag/airflow/lib/python3.12/site-packages/airflow/example_dags/tutorial_taskflow_templates.py
[2024-11-09T19:49:40.465+0000] {processor.py:925} INFO - DAG(s) 'tutorial_taskflow_templates' retrieved from /home/chirag/airflow/lib/python3.12/site-packages/airflow/example_dags/tutorial_taskflow_templates.py
[2024-11-09T19:49:40.492+0000] {logging_mixin.py:190} INFO - [2024-11-09T19:49:40.492+0000] {dag.py:3239} INFO - Sync 1 DAGs
[2024-11-09T19:49:40.538+0000] {logging_mixin.py:190} INFO - [2024-11-09T19:49:40.537+0000] {dag.py:4180} INFO - Setting next_dagrun for tutorial_taskflow_templates to 2024-11-08 00:00:00+00:00, run_after=2024-11-09 00:00:00+00:00
[2024-11-09T19:49:40.575+0000] {processor.py:208} INFO - Processing /home/chirag/airflow/lib/python3.12/site-packages/airflow/example_dags/tutorial_taskflow_templates.py took 0.148 seconds
[2024-11-09T19:50:52.721+0000] {processor.py:186} INFO - Started process (PID=5807) to work on /home/chirag/airflow/lib/python3.12/site-packages/airflow/example_dags/tutorial_taskflow_templates.py
[2024-11-09T19:50:52.736+0000] {processor.py:914} INFO - Processing file /home/chirag/airflow/lib/python3.12/site-packages/airflow/example_dags/tutorial_taskflow_templates.py for tasks to queue
[2024-11-09T19:50:52.753+0000] {logging_mixin.py:190} INFO - [2024-11-09T19:50:52.752+0000] {dagbag.py:588} INFO - Filling up the DagBag from /home/chirag/airflow/lib/python3.12/site-packages/airflow/example_dags/tutorial_taskflow_templates.py
[2024-11-09T19:50:52.838+0000] {processor.py:925} INFO - DAG(s) 'tutorial_taskflow_templates' retrieved from /home/chirag/airflow/lib/python3.12/site-packages/airflow/example_dags/tutorial_taskflow_templates.py
[2024-11-09T19:50:52.943+0000] {logging_mixin.py:190} INFO - [2024-11-09T19:50:52.942+0000] {dag.py:3239} INFO - Sync 1 DAGs
[2024-11-09T19:50:53.018+0000] {logging_mixin.py:190} INFO - [2024-11-09T19:50:53.017+0000] {dag.py:4180} INFO - Setting next_dagrun for tutorial_taskflow_templates to 2024-11-08 00:00:00+00:00, run_after=2024-11-09 00:00:00+00:00
[2024-11-09T19:50:53.089+0000] {processor.py:208} INFO - Processing /home/chirag/airflow/lib/python3.12/site-packages/airflow/example_dags/tutorial_taskflow_templates.py took 0.428 seconds
[2024-11-09T19:52:07.250+0000] {processor.py:186} INFO - Started process (PID=6292) to work on /home/chirag/airflow/lib/python3.12/site-packages/airflow/example_dags/tutorial_taskflow_templates.py
[2024-11-09T19:52:07.253+0000] {processor.py:914} INFO - Processing file /home/chirag/airflow/lib/python3.12/site-packages/airflow/example_dags/tutorial_taskflow_templates.py for tasks to queue
[2024-11-09T19:52:07.256+0000] {logging_mixin.py:190} INFO - [2024-11-09T19:52:07.256+0000] {dagbag.py:588} INFO - Filling up the DagBag from /home/chirag/airflow/lib/python3.12/site-packages/airflow/example_dags/tutorial_taskflow_templates.py
[2024-11-09T19:52:07.280+0000] {processor.py:925} INFO - DAG(s) 'tutorial_taskflow_templates' retrieved from /home/chirag/airflow/lib/python3.12/site-packages/airflow/example_dags/tutorial_taskflow_templates.py
[2024-11-09T19:52:07.316+0000] {logging_mixin.py:190} INFO - [2024-11-09T19:52:07.316+0000] {dag.py:3239} INFO - Sync 1 DAGs
[2024-11-09T19:52:07.368+0000] {logging_mixin.py:190} INFO - [2024-11-09T19:52:07.367+0000] {dag.py:4180} INFO - Setting next_dagrun for tutorial_taskflow_templates to 2024-11-08 00:00:00+00:00, run_after=2024-11-09 00:00:00+00:00
[2024-11-09T19:52:07.407+0000] {processor.py:208} INFO - Processing /home/chirag/airflow/lib/python3.12/site-packages/airflow/example_dags/tutorial_taskflow_templates.py took 0.164 seconds
[2024-11-09T19:53:07.630+0000] {processor.py:186} INFO - Started process (PID=6607) to work on /home/chirag/airflow/lib/python3.12/site-packages/airflow/example_dags/tutorial_taskflow_templates.py
[2024-11-09T19:53:07.633+0000] {processor.py:914} INFO - Processing file /home/chirag/airflow/lib/python3.12/site-packages/airflow/example_dags/tutorial_taskflow_templates.py for tasks to queue
[2024-11-09T19:53:07.637+0000] {logging_mixin.py:190} INFO - [2024-11-09T19:53:07.636+0000] {dagbag.py:588} INFO - Filling up the DagBag from /home/chirag/airflow/lib/python3.12/site-packages/airflow/example_dags/tutorial_taskflow_templates.py
[2024-11-09T19:53:07.660+0000] {processor.py:925} INFO - DAG(s) 'tutorial_taskflow_templates' retrieved from /home/chirag/airflow/lib/python3.12/site-packages/airflow/example_dags/tutorial_taskflow_templates.py
[2024-11-09T19:53:07.684+0000] {logging_mixin.py:190} INFO - [2024-11-09T19:53:07.684+0000] {dag.py:3239} INFO - Sync 1 DAGs
[2024-11-09T19:53:07.720+0000] {logging_mixin.py:190} INFO - [2024-11-09T19:53:07.719+0000] {dag.py:4180} INFO - Setting next_dagrun for tutorial_taskflow_templates to 2024-11-08 00:00:00+00:00, run_after=2024-11-09 00:00:00+00:00
[2024-11-09T19:53:07.759+0000] {processor.py:208} INFO - Processing /home/chirag/airflow/lib/python3.12/site-packages/airflow/example_dags/tutorial_taskflow_templates.py took 0.141 seconds
[2024-11-09T19:53:55.574+0000] {processor.py:186} INFO - Started process (PID=6914) to work on /home/chirag/airflow/lib/python3.12/site-packages/airflow/example_dags/tutorial_taskflow_templates.py
[2024-11-09T19:53:55.576+0000] {processor.py:914} INFO - Processing file /home/chirag/airflow/lib/python3.12/site-packages/airflow/example_dags/tutorial_taskflow_templates.py for tasks to queue
[2024-11-09T19:53:55.579+0000] {logging_mixin.py:190} INFO - [2024-11-09T19:53:55.579+0000] {dagbag.py:588} INFO - Filling up the DagBag from /home/chirag/airflow/lib/python3.12/site-packages/airflow/example_dags/tutorial_taskflow_templates.py
[2024-11-09T19:53:55.599+0000] {processor.py:925} INFO - DAG(s) 'tutorial_taskflow_templates' retrieved from /home/chirag/airflow/lib/python3.12/site-packages/airflow/example_dags/tutorial_taskflow_templates.py
[2024-11-09T19:53:55.622+0000] {logging_mixin.py:190} INFO - [2024-11-09T19:53:55.622+0000] {dag.py:3239} INFO - Sync 1 DAGs
[2024-11-09T19:53:55.652+0000] {logging_mixin.py:190} INFO - [2024-11-09T19:53:55.652+0000] {dag.py:4180} INFO - Setting next_dagrun for tutorial_taskflow_templates to 2024-11-08 00:00:00+00:00, run_after=2024-11-09 00:00:00+00:00
[2024-11-09T19:53:55.693+0000] {processor.py:208} INFO - Processing /home/chirag/airflow/lib/python3.12/site-packages/airflow/example_dags/tutorial_taskflow_templates.py took 0.132 seconds
[2024-11-09T19:55:08.780+0000] {processor.py:186} INFO - Started process (PID=7507) to work on /home/chirag/airflow/lib/python3.12/site-packages/airflow/example_dags/tutorial_taskflow_templates.py
[2024-11-09T19:55:08.783+0000] {processor.py:914} INFO - Processing file /home/chirag/airflow/lib/python3.12/site-packages/airflow/example_dags/tutorial_taskflow_templates.py for tasks to queue
[2024-11-09T19:55:08.790+0000] {logging_mixin.py:190} INFO - [2024-11-09T19:55:08.789+0000] {dagbag.py:588} INFO - Filling up the DagBag from /home/chirag/airflow/lib/python3.12/site-packages/airflow/example_dags/tutorial_taskflow_templates.py
[2024-11-09T19:55:08.824+0000] {processor.py:925} INFO - DAG(s) 'tutorial_taskflow_templates' retrieved from /home/chirag/airflow/lib/python3.12/site-packages/airflow/example_dags/tutorial_taskflow_templates.py
[2024-11-09T19:55:08.856+0000] {logging_mixin.py:190} INFO - [2024-11-09T19:55:08.855+0000] {dag.py:3239} INFO - Sync 1 DAGs
[2024-11-09T19:55:08.909+0000] {logging_mixin.py:190} INFO - [2024-11-09T19:55:08.908+0000] {dag.py:4180} INFO - Setting next_dagrun for tutorial_taskflow_templates to 2024-11-08 00:00:00+00:00, run_after=2024-11-09 00:00:00+00:00
[2024-11-09T19:55:08.964+0000] {processor.py:208} INFO - Processing /home/chirag/airflow/lib/python3.12/site-packages/airflow/example_dags/tutorial_taskflow_templates.py took 0.194 seconds
[2024-11-09T19:55:50.524+0000] {processor.py:186} INFO - Started process (PID=7797) to work on /home/chirag/airflow/lib/python3.12/site-packages/airflow/example_dags/tutorial_taskflow_templates.py
[2024-11-09T19:55:50.526+0000] {processor.py:914} INFO - Processing file /home/chirag/airflow/lib/python3.12/site-packages/airflow/example_dags/tutorial_taskflow_templates.py for tasks to queue
[2024-11-09T19:55:50.530+0000] {logging_mixin.py:190} INFO - [2024-11-09T19:55:50.529+0000] {dagbag.py:588} INFO - Filling up the DagBag from /home/chirag/airflow/lib/python3.12/site-packages/airflow/example_dags/tutorial_taskflow_templates.py
[2024-11-09T19:55:50.551+0000] {processor.py:925} INFO - DAG(s) 'tutorial_taskflow_templates' retrieved from /home/chirag/airflow/lib/python3.12/site-packages/airflow/example_dags/tutorial_taskflow_templates.py
[2024-11-09T19:55:50.577+0000] {logging_mixin.py:190} INFO - [2024-11-09T19:55:50.577+0000] {dag.py:3239} INFO - Sync 1 DAGs
[2024-11-09T19:55:50.610+0000] {logging_mixin.py:190} INFO - [2024-11-09T19:55:50.609+0000] {dag.py:4180} INFO - Setting next_dagrun for tutorial_taskflow_templates to 2024-11-08 00:00:00+00:00, run_after=2024-11-09 00:00:00+00:00
[2024-11-09T19:55:50.676+0000] {processor.py:208} INFO - Processing /home/chirag/airflow/lib/python3.12/site-packages/airflow/example_dags/tutorial_taskflow_templates.py took 0.162 seconds
[2024-11-09T19:56:36.680+0000] {processor.py:186} INFO - Started process (PID=7971) to work on /home/chirag/airflow/lib/python3.12/site-packages/airflow/example_dags/tutorial_taskflow_templates.py
[2024-11-09T19:56:36.685+0000] {processor.py:914} INFO - Processing file /home/chirag/airflow/lib/python3.12/site-packages/airflow/example_dags/tutorial_taskflow_templates.py for tasks to queue
[2024-11-09T19:56:36.693+0000] {logging_mixin.py:190} INFO - [2024-11-09T19:56:36.692+0000] {dagbag.py:588} INFO - Filling up the DagBag from /home/chirag/airflow/lib/python3.12/site-packages/airflow/example_dags/tutorial_taskflow_templates.py
[2024-11-09T19:56:36.737+0000] {processor.py:925} INFO - DAG(s) 'tutorial_taskflow_templates' retrieved from /home/chirag/airflow/lib/python3.12/site-packages/airflow/example_dags/tutorial_taskflow_templates.py
[2024-11-09T19:56:37.170+0000] {logging_mixin.py:190} INFO - [2024-11-09T19:56:37.170+0000] {dag.py:3239} INFO - Sync 1 DAGs
[2024-11-09T19:56:37.235+0000] {logging_mixin.py:190} INFO - [2024-11-09T19:56:37.234+0000] {dag.py:3262} INFO - Creating ORM DAG for tutorial_taskflow_templates
[2024-11-09T19:56:37.271+0000] {logging_mixin.py:190} INFO - [2024-11-09T19:56:37.271+0000] {dag.py:4180} INFO - Setting next_dagrun for tutorial_taskflow_templates to 2024-11-08 00:00:00+00:00, run_after=2024-11-09 00:00:00+00:00
[2024-11-09T19:56:37.411+0000] {processor.py:208} INFO - Processing /home/chirag/airflow/lib/python3.12/site-packages/airflow/example_dags/tutorial_taskflow_templates.py took 0.747 seconds
[2024-11-09T19:57:41.062+0000] {processor.py:186} INFO - Started process (PID=8156) to work on /home/chirag/airflow/lib/python3.12/site-packages/airflow/example_dags/tutorial_taskflow_templates.py
[2024-11-09T19:57:41.065+0000] {processor.py:914} INFO - Processing file /home/chirag/airflow/lib/python3.12/site-packages/airflow/example_dags/tutorial_taskflow_templates.py for tasks to queue
[2024-11-09T19:57:41.069+0000] {logging_mixin.py:190} INFO - [2024-11-09T19:57:41.069+0000] {dagbag.py:588} INFO - Filling up the DagBag from /home/chirag/airflow/lib/python3.12/site-packages/airflow/example_dags/tutorial_taskflow_templates.py
[2024-11-09T19:57:41.100+0000] {processor.py:925} INFO - DAG(s) 'tutorial_taskflow_templates' retrieved from /home/chirag/airflow/lib/python3.12/site-packages/airflow/example_dags/tutorial_taskflow_templates.py
[2024-11-09T19:57:41.133+0000] {logging_mixin.py:190} INFO - [2024-11-09T19:57:41.133+0000] {dag.py:3239} INFO - Sync 1 DAGs
[2024-11-09T19:57:41.181+0000] {logging_mixin.py:190} INFO - [2024-11-09T19:57:41.181+0000] {dag.py:4180} INFO - Setting next_dagrun for tutorial_taskflow_templates to 2024-11-08 00:00:00+00:00, run_after=2024-11-09 00:00:00+00:00
[2024-11-09T19:57:41.229+0000] {processor.py:208} INFO - Processing /home/chirag/airflow/lib/python3.12/site-packages/airflow/example_dags/tutorial_taskflow_templates.py took 0.178 seconds
[2024-11-09T19:58:39.244+0000] {processor.py:186} INFO - Started process (PID=8466) to work on /home/chirag/airflow/lib/python3.12/site-packages/airflow/example_dags/tutorial_taskflow_templates.py
[2024-11-09T19:58:39.251+0000] {processor.py:914} INFO - Processing file /home/chirag/airflow/lib/python3.12/site-packages/airflow/example_dags/tutorial_taskflow_templates.py for tasks to queue
[2024-11-09T19:58:39.261+0000] {logging_mixin.py:190} INFO - [2024-11-09T19:58:39.260+0000] {dagbag.py:588} INFO - Filling up the DagBag from /home/chirag/airflow/lib/python3.12/site-packages/airflow/example_dags/tutorial_taskflow_templates.py
[2024-11-09T19:58:39.338+0000] {processor.py:925} INFO - DAG(s) 'tutorial_taskflow_templates' retrieved from /home/chirag/airflow/lib/python3.12/site-packages/airflow/example_dags/tutorial_taskflow_templates.py
[2024-11-09T19:58:39.435+0000] {logging_mixin.py:190} INFO - [2024-11-09T19:58:39.434+0000] {dag.py:3239} INFO - Sync 1 DAGs
[2024-11-09T19:58:39.593+0000] {logging_mixin.py:190} INFO - [2024-11-09T19:58:39.592+0000] {dag.py:4180} INFO - Setting next_dagrun for tutorial_taskflow_templates to 2024-11-08 00:00:00+00:00, run_after=2024-11-09 00:00:00+00:00
[2024-11-09T19:58:39.717+0000] {processor.py:208} INFO - Processing /home/chirag/airflow/lib/python3.12/site-packages/airflow/example_dags/tutorial_taskflow_templates.py took 0.493 seconds
[2024-11-09T20:22:15.785+0000] {processor.py:186} INFO - Started process (PID=12545) to work on /home/chirag/airflow/lib/python3.12/site-packages/airflow/example_dags/tutorial_taskflow_templates.py
[2024-11-09T20:22:15.788+0000] {processor.py:914} INFO - Processing file /home/chirag/airflow/lib/python3.12/site-packages/airflow/example_dags/tutorial_taskflow_templates.py for tasks to queue
[2024-11-09T20:22:15.795+0000] {logging_mixin.py:190} INFO - [2024-11-09T20:22:15.793+0000] {dagbag.py:588} INFO - Filling up the DagBag from /home/chirag/airflow/lib/python3.12/site-packages/airflow/example_dags/tutorial_taskflow_templates.py
[2024-11-09T20:22:15.834+0000] {processor.py:925} INFO - DAG(s) 'tutorial_taskflow_templates' retrieved from /home/chirag/airflow/lib/python3.12/site-packages/airflow/example_dags/tutorial_taskflow_templates.py
[2024-11-09T20:22:15.882+0000] {logging_mixin.py:190} INFO - [2024-11-09T20:22:15.882+0000] {dag.py:3239} INFO - Sync 1 DAGs
[2024-11-09T20:22:15.945+0000] {logging_mixin.py:190} INFO - [2024-11-09T20:22:15.945+0000] {dag.py:4180} INFO - Setting next_dagrun for tutorial_taskflow_templates to 2024-11-08 00:00:00+00:00, run_after=2024-11-09 00:00:00+00:00
[2024-11-09T20:22:16.006+0000] {processor.py:208} INFO - Processing /home/chirag/airflow/lib/python3.12/site-packages/airflow/example_dags/tutorial_taskflow_templates.py took 0.245 seconds
[2024-11-09T20:23:23.165+0000] {processor.py:186} INFO - Started process (PID=12807) to work on /home/chirag/airflow/lib/python3.12/site-packages/airflow/example_dags/tutorial_taskflow_templates.py
[2024-11-09T20:23:23.168+0000] {processor.py:914} INFO - Processing file /home/chirag/airflow/lib/python3.12/site-packages/airflow/example_dags/tutorial_taskflow_templates.py for tasks to queue
[2024-11-09T20:23:23.171+0000] {logging_mixin.py:190} INFO - [2024-11-09T20:23:23.171+0000] {dagbag.py:588} INFO - Filling up the DagBag from /home/chirag/airflow/lib/python3.12/site-packages/airflow/example_dags/tutorial_taskflow_templates.py
[2024-11-09T20:23:23.190+0000] {processor.py:925} INFO - DAG(s) 'tutorial_taskflow_templates' retrieved from /home/chirag/airflow/lib/python3.12/site-packages/airflow/example_dags/tutorial_taskflow_templates.py
[2024-11-09T20:23:23.212+0000] {logging_mixin.py:190} INFO - [2024-11-09T20:23:23.211+0000] {dag.py:3239} INFO - Sync 1 DAGs
[2024-11-09T20:23:23.240+0000] {logging_mixin.py:190} INFO - [2024-11-09T20:23:23.240+0000] {dag.py:4180} INFO - Setting next_dagrun for tutorial_taskflow_templates to 2024-11-08 00:00:00+00:00, run_after=2024-11-09 00:00:00+00:00
[2024-11-09T20:23:23.280+0000] {processor.py:208} INFO - Processing /home/chirag/airflow/lib/python3.12/site-packages/airflow/example_dags/tutorial_taskflow_templates.py took 0.124 seconds
[2024-11-09T20:24:02.539+0000] {processor.py:186} INFO - Started process (PID=12921) to work on /home/chirag/airflow/lib/python3.12/site-packages/airflow/example_dags/tutorial_taskflow_templates.py
[2024-11-09T20:24:02.546+0000] {processor.py:914} INFO - Processing file /home/chirag/airflow/lib/python3.12/site-packages/airflow/example_dags/tutorial_taskflow_templates.py for tasks to queue
[2024-11-09T20:24:02.551+0000] {logging_mixin.py:190} INFO - [2024-11-09T20:24:02.550+0000] {dagbag.py:588} INFO - Filling up the DagBag from /home/chirag/airflow/lib/python3.12/site-packages/airflow/example_dags/tutorial_taskflow_templates.py
[2024-11-09T20:24:02.573+0000] {processor.py:925} INFO - DAG(s) 'tutorial_taskflow_templates' retrieved from /home/chirag/airflow/lib/python3.12/site-packages/airflow/example_dags/tutorial_taskflow_templates.py
[2024-11-09T20:24:02.598+0000] {logging_mixin.py:190} INFO - [2024-11-09T20:24:02.597+0000] {dag.py:3239} INFO - Sync 1 DAGs
[2024-11-09T20:24:02.631+0000] {logging_mixin.py:190} INFO - [2024-11-09T20:24:02.631+0000] {dag.py:4180} INFO - Setting next_dagrun for tutorial_taskflow_templates to 2024-11-08 00:00:00+00:00, run_after=2024-11-09 00:00:00+00:00
[2024-11-09T20:24:02.677+0000] {processor.py:208} INFO - Processing /home/chirag/airflow/lib/python3.12/site-packages/airflow/example_dags/tutorial_taskflow_templates.py took 0.146 seconds
[2024-11-09T20:25:16.757+0000] {processor.py:186} INFO - Started process (PID=13129) to work on /home/chirag/airflow/lib/python3.12/site-packages/airflow/example_dags/tutorial_taskflow_templates.py
[2024-11-09T20:25:16.760+0000] {processor.py:914} INFO - Processing file /home/chirag/airflow/lib/python3.12/site-packages/airflow/example_dags/tutorial_taskflow_templates.py for tasks to queue
[2024-11-09T20:25:16.764+0000] {logging_mixin.py:190} INFO - [2024-11-09T20:25:16.763+0000] {dagbag.py:588} INFO - Filling up the DagBag from /home/chirag/airflow/lib/python3.12/site-packages/airflow/example_dags/tutorial_taskflow_templates.py
[2024-11-09T20:25:16.784+0000] {processor.py:925} INFO - DAG(s) 'tutorial_taskflow_templates' retrieved from /home/chirag/airflow/lib/python3.12/site-packages/airflow/example_dags/tutorial_taskflow_templates.py
[2024-11-09T20:25:16.807+0000] {logging_mixin.py:190} INFO - [2024-11-09T20:25:16.807+0000] {dag.py:3239} INFO - Sync 1 DAGs
[2024-11-09T20:25:16.839+0000] {logging_mixin.py:190} INFO - [2024-11-09T20:25:16.839+0000] {dag.py:4180} INFO - Setting next_dagrun for tutorial_taskflow_templates to 2024-11-08 00:00:00+00:00, run_after=2024-11-09 00:00:00+00:00
[2024-11-09T20:25:16.887+0000] {processor.py:208} INFO - Processing /home/chirag/airflow/lib/python3.12/site-packages/airflow/example_dags/tutorial_taskflow_templates.py took 0.138 seconds
[2024-11-09T20:26:13.112+0000] {processor.py:186} INFO - Started process (PID=13474) to work on /home/chirag/airflow/lib/python3.12/site-packages/airflow/example_dags/tutorial_taskflow_templates.py
[2024-11-09T20:26:13.116+0000] {processor.py:914} INFO - Processing file /home/chirag/airflow/lib/python3.12/site-packages/airflow/example_dags/tutorial_taskflow_templates.py for tasks to queue
[2024-11-09T20:26:13.119+0000] {logging_mixin.py:190} INFO - [2024-11-09T20:26:13.119+0000] {dagbag.py:588} INFO - Filling up the DagBag from /home/chirag/airflow/lib/python3.12/site-packages/airflow/example_dags/tutorial_taskflow_templates.py
[2024-11-09T20:26:13.140+0000] {processor.py:925} INFO - DAG(s) 'tutorial_taskflow_templates' retrieved from /home/chirag/airflow/lib/python3.12/site-packages/airflow/example_dags/tutorial_taskflow_templates.py
[2024-11-09T20:26:13.163+0000] {logging_mixin.py:190} INFO - [2024-11-09T20:26:13.163+0000] {dag.py:3239} INFO - Sync 1 DAGs
[2024-11-09T20:26:13.193+0000] {logging_mixin.py:190} INFO - [2024-11-09T20:26:13.192+0000] {dag.py:4180} INFO - Setting next_dagrun for tutorial_taskflow_templates to 2024-11-08 00:00:00+00:00, run_after=2024-11-09 00:00:00+00:00
[2024-11-09T20:26:13.233+0000] {processor.py:208} INFO - Processing /home/chirag/airflow/lib/python3.12/site-packages/airflow/example_dags/tutorial_taskflow_templates.py took 0.130 seconds
[2024-11-09T20:27:13.191+0000] {processor.py:186} INFO - Started process (PID=13806) to work on /home/chirag/airflow/lib/python3.12/site-packages/airflow/example_dags/tutorial_taskflow_templates.py
[2024-11-09T20:27:13.195+0000] {processor.py:914} INFO - Processing file /home/chirag/airflow/lib/python3.12/site-packages/airflow/example_dags/tutorial_taskflow_templates.py for tasks to queue
[2024-11-09T20:27:13.201+0000] {logging_mixin.py:190} INFO - [2024-11-09T20:27:13.200+0000] {dagbag.py:588} INFO - Filling up the DagBag from /home/chirag/airflow/lib/python3.12/site-packages/airflow/example_dags/tutorial_taskflow_templates.py
[2024-11-09T20:27:13.234+0000] {processor.py:925} INFO - DAG(s) 'tutorial_taskflow_templates' retrieved from /home/chirag/airflow/lib/python3.12/site-packages/airflow/example_dags/tutorial_taskflow_templates.py
[2024-11-09T20:27:13.270+0000] {logging_mixin.py:190} INFO - [2024-11-09T20:27:13.269+0000] {dag.py:3239} INFO - Sync 1 DAGs
[2024-11-09T20:27:13.318+0000] {logging_mixin.py:190} INFO - [2024-11-09T20:27:13.317+0000] {dag.py:4180} INFO - Setting next_dagrun for tutorial_taskflow_templates to 2024-11-08 00:00:00+00:00, run_after=2024-11-09 00:00:00+00:00
[2024-11-09T20:27:13.374+0000] {processor.py:208} INFO - Processing /home/chirag/airflow/lib/python3.12/site-packages/airflow/example_dags/tutorial_taskflow_templates.py took 0.193 seconds
[2024-11-09T20:28:01.863+0000] {processor.py:186} INFO - Started process (PID=13966) to work on /home/chirag/airflow/lib/python3.12/site-packages/airflow/example_dags/tutorial_taskflow_templates.py
[2024-11-09T20:28:01.866+0000] {processor.py:914} INFO - Processing file /home/chirag/airflow/lib/python3.12/site-packages/airflow/example_dags/tutorial_taskflow_templates.py for tasks to queue
[2024-11-09T20:28:01.869+0000] {logging_mixin.py:190} INFO - [2024-11-09T20:28:01.869+0000] {dagbag.py:588} INFO - Filling up the DagBag from /home/chirag/airflow/lib/python3.12/site-packages/airflow/example_dags/tutorial_taskflow_templates.py
[2024-11-09T20:28:01.889+0000] {processor.py:925} INFO - DAG(s) 'tutorial_taskflow_templates' retrieved from /home/chirag/airflow/lib/python3.12/site-packages/airflow/example_dags/tutorial_taskflow_templates.py
[2024-11-09T20:28:02.263+0000] {logging_mixin.py:190} INFO - [2024-11-09T20:28:02.262+0000] {dag.py:3239} INFO - Sync 1 DAGs
[2024-11-09T20:28:02.278+0000] {logging_mixin.py:190} INFO - [2024-11-09T20:28:02.277+0000] {dag.py:3262} INFO - Creating ORM DAG for tutorial_taskflow_templates
[2024-11-09T20:28:02.290+0000] {logging_mixin.py:190} INFO - [2024-11-09T20:28:02.290+0000] {dag.py:4180} INFO - Setting next_dagrun for tutorial_taskflow_templates to 2024-11-08 00:00:00+00:00, run_after=2024-11-09 00:00:00+00:00
[2024-11-09T20:28:02.326+0000] {processor.py:208} INFO - Processing /home/chirag/airflow/lib/python3.12/site-packages/airflow/example_dags/tutorial_taskflow_templates.py took 0.471 seconds
[2024-11-09T20:28:50.383+0000] {processor.py:186} INFO - Started process (PID=14515) to work on /home/chirag/airflow/lib/python3.12/site-packages/airflow/example_dags/tutorial_taskflow_templates.py
[2024-11-09T20:28:50.386+0000] {processor.py:914} INFO - Processing file /home/chirag/airflow/lib/python3.12/site-packages/airflow/example_dags/tutorial_taskflow_templates.py for tasks to queue
[2024-11-09T20:28:50.389+0000] {logging_mixin.py:190} INFO - [2024-11-09T20:28:50.388+0000] {dagbag.py:588} INFO - Filling up the DagBag from /home/chirag/airflow/lib/python3.12/site-packages/airflow/example_dags/tutorial_taskflow_templates.py
[2024-11-09T20:28:50.409+0000] {processor.py:925} INFO - DAG(s) 'tutorial_taskflow_templates' retrieved from /home/chirag/airflow/lib/python3.12/site-packages/airflow/example_dags/tutorial_taskflow_templates.py
[2024-11-09T20:28:50.431+0000] {logging_mixin.py:190} INFO - [2024-11-09T20:28:50.431+0000] {dag.py:3239} INFO - Sync 1 DAGs
[2024-11-09T20:28:50.620+0000] {logging_mixin.py:190} INFO - [2024-11-09T20:28:50.619+0000] {dag.py:4180} INFO - Setting next_dagrun for tutorial_taskflow_templates to 2024-11-08 00:00:00+00:00, run_after=2024-11-09 00:00:00+00:00
[2024-11-09T20:28:50.663+0000] {processor.py:208} INFO - Processing /home/chirag/airflow/lib/python3.12/site-packages/airflow/example_dags/tutorial_taskflow_templates.py took 0.288 seconds
