[2024-11-09T19:16:12.995+0000] {processor.py:186} INFO - Started process (PID=94597) to work on /home/chirag/airflow/lib/python3.12/site-packages/airflow/example_dags/tutorial_taskflow_api.py
[2024-11-09T19:16:13.007+0000] {processor.py:914} INFO - Processing file /home/chirag/airflow/lib/python3.12/site-packages/airflow/example_dags/tutorial_taskflow_api.py for tasks to queue
[2024-11-09T19:16:13.025+0000] {logging_mixin.py:190} INFO - [2024-11-09T19:16:13.024+0000] {dagbag.py:588} INFO - Filling up the DagBag from /home/chirag/airflow/lib/python3.12/site-packages/airflow/example_dags/tutorial_taskflow_api.py
[2024-11-09T19:16:13.084+0000] {processor.py:925} INFO - DAG(s) 'tutorial_taskflow_api' retrieved from /home/chirag/airflow/lib/python3.12/site-packages/airflow/example_dags/tutorial_taskflow_api.py
[2024-11-09T19:16:14.608+0000] {logging_mixin.py:190} INFO - [2024-11-09T19:16:14.606+0000] {override.py:1911} INFO - Created Permission View: can delete on DAG:tutorial_taskflow_api
[2024-11-09T19:16:14.715+0000] {logging_mixin.py:190} INFO - [2024-11-09T19:16:14.714+0000] {override.py:1911} INFO - Created Permission View: can read on DAG:tutorial_taskflow_api
[2024-11-09T19:16:14.809+0000] {logging_mixin.py:190} INFO - [2024-11-09T19:16:14.808+0000] {override.py:1911} INFO - Created Permission View: can edit on DAG:tutorial_taskflow_api
[2024-11-09T19:16:14.929+0000] {logging_mixin.py:190} INFO - [2024-11-09T19:16:14.928+0000] {override.py:1911} INFO - Created Permission View: menu access on DAG Run:tutorial_taskflow_api
[2024-11-09T19:16:15.007+0000] {logging_mixin.py:190} INFO - [2024-11-09T19:16:15.006+0000] {override.py:1911} INFO - Created Permission View: can delete on DAG Run:tutorial_taskflow_api
[2024-11-09T19:16:15.119+0000] {logging_mixin.py:190} INFO - [2024-11-09T19:16:15.117+0000] {override.py:1911} INFO - Created Permission View: can read on DAG Run:tutorial_taskflow_api
[2024-11-09T19:16:15.601+0000] {logging_mixin.py:190} INFO - [2024-11-09T19:16:15.599+0000] {override.py:1911} INFO - Created Permission View: can create on DAG Run:tutorial_taskflow_api
[2024-11-09T19:16:15.602+0000] {logging_mixin.py:190} INFO - [2024-11-09T19:16:15.602+0000] {dag.py:3239} INFO - Sync 1 DAGs
[2024-11-09T19:16:15.719+0000] {logging_mixin.py:190} INFO - [2024-11-09T19:16:15.718+0000] {dag.py:3262} INFO - Creating ORM DAG for tutorial_taskflow_api
[2024-11-09T19:16:15.729+0000] {logging_mixin.py:190} INFO - [2024-11-09T19:16:15.721+0000] {dag.py:4180} INFO - Setting next_dagrun for tutorial_taskflow_api to None, run_after=None
[2024-11-09T19:16:16.122+0000] {processor.py:208} INFO - Processing /home/chirag/airflow/lib/python3.12/site-packages/airflow/example_dags/tutorial_taskflow_api.py took 3.158 seconds
[2024-11-09T19:18:07.754+0000] {processor.py:186} INFO - Started process (PID=94798) to work on /home/chirag/airflow/lib/python3.12/site-packages/airflow/example_dags/tutorial_taskflow_api.py
[2024-11-09T19:18:07.784+0000] {processor.py:914} INFO - Processing file /home/chirag/airflow/lib/python3.12/site-packages/airflow/example_dags/tutorial_taskflow_api.py for tasks to queue
[2024-11-09T19:18:07.802+0000] {logging_mixin.py:190} INFO - [2024-11-09T19:18:07.801+0000] {dagbag.py:588} INFO - Filling up the DagBag from /home/chirag/airflow/lib/python3.12/site-packages/airflow/example_dags/tutorial_taskflow_api.py
[2024-11-09T19:18:07.879+0000] {processor.py:925} INFO - DAG(s) 'tutorial_taskflow_api' retrieved from /home/chirag/airflow/lib/python3.12/site-packages/airflow/example_dags/tutorial_taskflow_api.py
[2024-11-09T19:18:08.012+0000] {logging_mixin.py:190} INFO - [2024-11-09T19:18:08.011+0000] {dag.py:3239} INFO - Sync 1 DAGs
[2024-11-09T19:18:08.096+0000] {logging_mixin.py:190} INFO - [2024-11-09T19:18:08.095+0000] {dag.py:4180} INFO - Setting next_dagrun for tutorial_taskflow_api to None, run_after=None
[2024-11-09T19:18:09.139+0000] {processor.py:208} INFO - Processing /home/chirag/airflow/lib/python3.12/site-packages/airflow/example_dags/tutorial_taskflow_api.py took 1.435 seconds
[2024-11-09T19:19:05.466+0000] {processor.py:186} INFO - Started process (PID=94939) to work on /home/chirag/airflow/lib/python3.12/site-packages/airflow/example_dags/tutorial_taskflow_api.py
[2024-11-09T19:19:05.475+0000] {processor.py:914} INFO - Processing file /home/chirag/airflow/lib/python3.12/site-packages/airflow/example_dags/tutorial_taskflow_api.py for tasks to queue
[2024-11-09T19:19:05.481+0000] {logging_mixin.py:190} INFO - [2024-11-09T19:19:05.480+0000] {dagbag.py:588} INFO - Filling up the DagBag from /home/chirag/airflow/lib/python3.12/site-packages/airflow/example_dags/tutorial_taskflow_api.py
[2024-11-09T19:19:05.501+0000] {processor.py:925} INFO - DAG(s) 'tutorial_taskflow_api' retrieved from /home/chirag/airflow/lib/python3.12/site-packages/airflow/example_dags/tutorial_taskflow_api.py
[2024-11-09T19:19:05.541+0000] {logging_mixin.py:190} INFO - [2024-11-09T19:19:05.541+0000] {dag.py:3239} INFO - Sync 1 DAGs
[2024-11-09T19:19:05.576+0000] {logging_mixin.py:190} INFO - [2024-11-09T19:19:05.575+0000] {dag.py:4180} INFO - Setting next_dagrun for tutorial_taskflow_api to None, run_after=None
[2024-11-09T19:19:05.627+0000] {processor.py:208} INFO - Processing /home/chirag/airflow/lib/python3.12/site-packages/airflow/example_dags/tutorial_taskflow_api.py took 0.178 seconds
[2024-11-09T19:27:36.607+0000] {processor.py:186} INFO - Started process (PID=452) to work on /home/chirag/airflow/lib/python3.12/site-packages/airflow/example_dags/tutorial_taskflow_api.py
[2024-11-09T19:27:36.610+0000] {processor.py:914} INFO - Processing file /home/chirag/airflow/lib/python3.12/site-packages/airflow/example_dags/tutorial_taskflow_api.py for tasks to queue
[2024-11-09T19:27:36.614+0000] {logging_mixin.py:190} INFO - [2024-11-09T19:27:36.613+0000] {dagbag.py:588} INFO - Filling up the DagBag from /home/chirag/airflow/lib/python3.12/site-packages/airflow/example_dags/tutorial_taskflow_api.py
[2024-11-09T19:27:36.626+0000] {processor.py:925} INFO - DAG(s) 'tutorial_taskflow_api' retrieved from /home/chirag/airflow/lib/python3.12/site-packages/airflow/example_dags/tutorial_taskflow_api.py
[2024-11-09T19:27:36.657+0000] {logging_mixin.py:190} INFO - [2024-11-09T19:27:36.656+0000] {dag.py:3239} INFO - Sync 1 DAGs
[2024-11-09T19:27:36.675+0000] {logging_mixin.py:190} INFO - [2024-11-09T19:27:36.675+0000] {dag.py:4180} INFO - Setting next_dagrun for tutorial_taskflow_api to None, run_after=None
[2024-11-09T19:27:36.712+0000] {processor.py:208} INFO - Processing /home/chirag/airflow/lib/python3.12/site-packages/airflow/example_dags/tutorial_taskflow_api.py took 0.112 seconds
[2024-11-09T19:28:42.383+0000] {processor.py:186} INFO - Started process (PID=516) to work on /home/chirag/airflow/lib/python3.12/site-packages/airflow/example_dags/tutorial_taskflow_api.py
[2024-11-09T19:28:42.386+0000] {processor.py:914} INFO - Processing file /home/chirag/airflow/lib/python3.12/site-packages/airflow/example_dags/tutorial_taskflow_api.py for tasks to queue
[2024-11-09T19:28:42.394+0000] {logging_mixin.py:190} INFO - [2024-11-09T19:28:42.393+0000] {dagbag.py:588} INFO - Filling up the DagBag from /home/chirag/airflow/lib/python3.12/site-packages/airflow/example_dags/tutorial_taskflow_api.py
[2024-11-09T19:28:42.423+0000] {processor.py:925} INFO - DAG(s) 'tutorial_taskflow_api' retrieved from /home/chirag/airflow/lib/python3.12/site-packages/airflow/example_dags/tutorial_taskflow_api.py
[2024-11-09T19:28:42.486+0000] {logging_mixin.py:190} INFO - [2024-11-09T19:28:42.486+0000] {dag.py:3239} INFO - Sync 1 DAGs
[2024-11-09T19:28:42.535+0000] {logging_mixin.py:190} INFO - [2024-11-09T19:28:42.535+0000] {dag.py:4180} INFO - Setting next_dagrun for tutorial_taskflow_api to None, run_after=None
[2024-11-09T19:28:42.578+0000] {processor.py:208} INFO - Processing /home/chirag/airflow/lib/python3.12/site-packages/airflow/example_dags/tutorial_taskflow_api.py took 0.204 seconds
[2024-11-09T19:29:54.855+0000] {processor.py:186} INFO - Started process (PID=608) to work on /home/chirag/airflow/lib/python3.12/site-packages/airflow/example_dags/tutorial_taskflow_api.py
[2024-11-09T19:29:54.861+0000] {processor.py:914} INFO - Processing file /home/chirag/airflow/lib/python3.12/site-packages/airflow/example_dags/tutorial_taskflow_api.py for tasks to queue
[2024-11-09T19:29:54.865+0000] {logging_mixin.py:190} INFO - [2024-11-09T19:29:54.864+0000] {dagbag.py:588} INFO - Filling up the DagBag from /home/chirag/airflow/lib/python3.12/site-packages/airflow/example_dags/tutorial_taskflow_api.py
[2024-11-09T19:29:54.888+0000] {processor.py:925} INFO - DAG(s) 'tutorial_taskflow_api' retrieved from /home/chirag/airflow/lib/python3.12/site-packages/airflow/example_dags/tutorial_taskflow_api.py
[2024-11-09T19:29:54.928+0000] {logging_mixin.py:190} INFO - [2024-11-09T19:29:54.928+0000] {dag.py:3239} INFO - Sync 1 DAGs
[2024-11-09T19:29:54.965+0000] {logging_mixin.py:190} INFO - [2024-11-09T19:29:54.965+0000] {dag.py:4180} INFO - Setting next_dagrun for tutorial_taskflow_api to None, run_after=None
[2024-11-09T19:29:55.036+0000] {processor.py:208} INFO - Processing /home/chirag/airflow/lib/python3.12/site-packages/airflow/example_dags/tutorial_taskflow_api.py took 0.208 seconds
[2024-11-09T19:30:34.042+0000] {processor.py:186} INFO - Started process (PID=645) to work on /home/chirag/airflow/lib/python3.12/site-packages/airflow/example_dags/tutorial_taskflow_api.py
[2024-11-09T19:30:34.045+0000] {processor.py:914} INFO - Processing file /home/chirag/airflow/lib/python3.12/site-packages/airflow/example_dags/tutorial_taskflow_api.py for tasks to queue
[2024-11-09T19:30:34.049+0000] {logging_mixin.py:190} INFO - [2024-11-09T19:30:34.048+0000] {dagbag.py:588} INFO - Filling up the DagBag from /home/chirag/airflow/lib/python3.12/site-packages/airflow/example_dags/tutorial_taskflow_api.py
[2024-11-09T19:30:34.061+0000] {processor.py:925} INFO - DAG(s) 'tutorial_taskflow_api' retrieved from /home/chirag/airflow/lib/python3.12/site-packages/airflow/example_dags/tutorial_taskflow_api.py
[2024-11-09T19:30:34.082+0000] {logging_mixin.py:190} INFO - [2024-11-09T19:30:34.082+0000] {dag.py:3239} INFO - Sync 1 DAGs
[2024-11-09T19:30:34.117+0000] {logging_mixin.py:190} INFO - [2024-11-09T19:30:34.116+0000] {dag.py:4180} INFO - Setting next_dagrun for tutorial_taskflow_api to None, run_after=None
[2024-11-09T19:30:34.152+0000] {processor.py:208} INFO - Processing /home/chirag/airflow/lib/python3.12/site-packages/airflow/example_dags/tutorial_taskflow_api.py took 0.118 seconds
[2024-11-09T19:31:14.265+0000] {processor.py:186} INFO - Started process (PID=679) to work on /home/chirag/airflow/lib/python3.12/site-packages/airflow/example_dags/tutorial_taskflow_api.py
[2024-11-09T19:31:14.268+0000] {processor.py:914} INFO - Processing file /home/chirag/airflow/lib/python3.12/site-packages/airflow/example_dags/tutorial_taskflow_api.py for tasks to queue
[2024-11-09T19:31:14.272+0000] {logging_mixin.py:190} INFO - [2024-11-09T19:31:14.271+0000] {dagbag.py:588} INFO - Filling up the DagBag from /home/chirag/airflow/lib/python3.12/site-packages/airflow/example_dags/tutorial_taskflow_api.py
[2024-11-09T19:31:14.284+0000] {processor.py:925} INFO - DAG(s) 'tutorial_taskflow_api' retrieved from /home/chirag/airflow/lib/python3.12/site-packages/airflow/example_dags/tutorial_taskflow_api.py
[2024-11-09T19:31:14.306+0000] {logging_mixin.py:190} INFO - [2024-11-09T19:31:14.305+0000] {dag.py:3239} INFO - Sync 1 DAGs
[2024-11-09T19:31:14.323+0000] {logging_mixin.py:190} INFO - [2024-11-09T19:31:14.323+0000] {dag.py:4180} INFO - Setting next_dagrun for tutorial_taskflow_api to None, run_after=None
[2024-11-09T19:31:14.383+0000] {processor.py:208} INFO - Processing /home/chirag/airflow/lib/python3.12/site-packages/airflow/example_dags/tutorial_taskflow_api.py took 0.127 seconds
[2024-11-09T19:32:03.843+0000] {processor.py:186} INFO - Started process (PID=992) to work on /home/chirag/airflow/lib/python3.12/site-packages/airflow/example_dags/tutorial_taskflow_api.py
[2024-11-09T19:32:03.855+0000] {processor.py:914} INFO - Processing file /home/chirag/airflow/lib/python3.12/site-packages/airflow/example_dags/tutorial_taskflow_api.py for tasks to queue
[2024-11-09T19:32:03.861+0000] {logging_mixin.py:190} INFO - [2024-11-09T19:32:03.860+0000] {dagbag.py:588} INFO - Filling up the DagBag from /home/chirag/airflow/lib/python3.12/site-packages/airflow/example_dags/tutorial_taskflow_api.py
[2024-11-09T19:32:03.926+0000] {processor.py:925} INFO - DAG(s) 'tutorial_taskflow_api' retrieved from /home/chirag/airflow/lib/python3.12/site-packages/airflow/example_dags/tutorial_taskflow_api.py
[2024-11-09T19:32:03.970+0000] {logging_mixin.py:190} INFO - [2024-11-09T19:32:03.970+0000] {dag.py:3239} INFO - Sync 1 DAGs
[2024-11-09T19:32:04.014+0000] {logging_mixin.py:190} INFO - [2024-11-09T19:32:04.013+0000] {dag.py:4180} INFO - Setting next_dagrun for tutorial_taskflow_api to None, run_after=None
[2024-11-09T19:32:04.108+0000] {processor.py:208} INFO - Processing /home/chirag/airflow/lib/python3.12/site-packages/airflow/example_dags/tutorial_taskflow_api.py took 0.289 seconds
[2024-11-09T19:32:56.363+0000] {processor.py:186} INFO - Started process (PID=1657) to work on /home/chirag/airflow/lib/python3.12/site-packages/airflow/example_dags/tutorial_taskflow_api.py
[2024-11-09T19:32:56.366+0000] {processor.py:914} INFO - Processing file /home/chirag/airflow/lib/python3.12/site-packages/airflow/example_dags/tutorial_taskflow_api.py for tasks to queue
[2024-11-09T19:32:56.371+0000] {logging_mixin.py:190} INFO - [2024-11-09T19:32:56.370+0000] {dagbag.py:588} INFO - Filling up the DagBag from /home/chirag/airflow/lib/python3.12/site-packages/airflow/example_dags/tutorial_taskflow_api.py
[2024-11-09T19:32:56.401+0000] {processor.py:925} INFO - DAG(s) 'tutorial_taskflow_api' retrieved from /home/chirag/airflow/lib/python3.12/site-packages/airflow/example_dags/tutorial_taskflow_api.py
[2024-11-09T19:32:56.465+0000] {logging_mixin.py:190} INFO - [2024-11-09T19:32:56.464+0000] {dag.py:3239} INFO - Sync 1 DAGs
[2024-11-09T19:32:56.516+0000] {logging_mixin.py:190} INFO - [2024-11-09T19:32:56.515+0000] {dag.py:4180} INFO - Setting next_dagrun for tutorial_taskflow_api to None, run_after=None
[2024-11-09T19:32:56.599+0000] {processor.py:208} INFO - Processing /home/chirag/airflow/lib/python3.12/site-packages/airflow/example_dags/tutorial_taskflow_api.py took 0.249 seconds
[2024-11-09T19:33:39.740+0000] {processor.py:186} INFO - Started process (PID=1941) to work on /home/chirag/airflow/lib/python3.12/site-packages/airflow/example_dags/tutorial_taskflow_api.py
[2024-11-09T19:33:39.746+0000] {processor.py:914} INFO - Processing file /home/chirag/airflow/lib/python3.12/site-packages/airflow/example_dags/tutorial_taskflow_api.py for tasks to queue
[2024-11-09T19:33:39.753+0000] {logging_mixin.py:190} INFO - [2024-11-09T19:33:39.752+0000] {dagbag.py:588} INFO - Filling up the DagBag from /home/chirag/airflow/lib/python3.12/site-packages/airflow/example_dags/tutorial_taskflow_api.py
[2024-11-09T19:33:39.781+0000] {processor.py:925} INFO - DAG(s) 'tutorial_taskflow_api' retrieved from /home/chirag/airflow/lib/python3.12/site-packages/airflow/example_dags/tutorial_taskflow_api.py
[2024-11-09T19:33:39.826+0000] {logging_mixin.py:190} INFO - [2024-11-09T19:33:39.825+0000] {dag.py:3239} INFO - Sync 1 DAGs
[2024-11-09T19:33:39.883+0000] {logging_mixin.py:190} INFO - [2024-11-09T19:33:39.882+0000] {dag.py:4180} INFO - Setting next_dagrun for tutorial_taskflow_api to None, run_after=None
[2024-11-09T19:33:39.962+0000] {processor.py:208} INFO - Processing /home/chirag/airflow/lib/python3.12/site-packages/airflow/example_dags/tutorial_taskflow_api.py took 0.237 seconds
[2024-11-09T19:34:59.649+0000] {processor.py:186} INFO - Started process (PID=2511) to work on /home/chirag/airflow/lib/python3.12/site-packages/airflow/example_dags/tutorial_taskflow_api.py
[2024-11-09T19:34:59.652+0000] {processor.py:914} INFO - Processing file /home/chirag/airflow/lib/python3.12/site-packages/airflow/example_dags/tutorial_taskflow_api.py for tasks to queue
[2024-11-09T19:34:59.657+0000] {logging_mixin.py:190} INFO - [2024-11-09T19:34:59.657+0000] {dagbag.py:588} INFO - Filling up the DagBag from /home/chirag/airflow/lib/python3.12/site-packages/airflow/example_dags/tutorial_taskflow_api.py
[2024-11-09T19:34:59.676+0000] {processor.py:925} INFO - DAG(s) 'tutorial_taskflow_api' retrieved from /home/chirag/airflow/lib/python3.12/site-packages/airflow/example_dags/tutorial_taskflow_api.py
[2024-11-09T19:34:59.892+0000] {logging_mixin.py:190} INFO - [2024-11-09T19:34:59.892+0000] {dag.py:3239} INFO - Sync 1 DAGs
[2024-11-09T19:34:59.912+0000] {logging_mixin.py:190} INFO - [2024-11-09T19:34:59.912+0000] {dag.py:4180} INFO - Setting next_dagrun for tutorial_taskflow_api to None, run_after=None
[2024-11-09T19:34:59.952+0000] {processor.py:208} INFO - Processing /home/chirag/airflow/lib/python3.12/site-packages/airflow/example_dags/tutorial_taskflow_api.py took 0.315 seconds
[2024-11-09T19:35:43.682+0000] {processor.py:186} INFO - Started process (PID=2703) to work on /home/chirag/airflow/lib/python3.12/site-packages/airflow/example_dags/tutorial_taskflow_api.py
[2024-11-09T19:35:43.685+0000] {processor.py:914} INFO - Processing file /home/chirag/airflow/lib/python3.12/site-packages/airflow/example_dags/tutorial_taskflow_api.py for tasks to queue
[2024-11-09T19:35:43.688+0000] {logging_mixin.py:190} INFO - [2024-11-09T19:35:43.688+0000] {dagbag.py:588} INFO - Filling up the DagBag from /home/chirag/airflow/lib/python3.12/site-packages/airflow/example_dags/tutorial_taskflow_api.py
[2024-11-09T19:35:43.701+0000] {processor.py:925} INFO - DAG(s) 'tutorial_taskflow_api' retrieved from /home/chirag/airflow/lib/python3.12/site-packages/airflow/example_dags/tutorial_taskflow_api.py
[2024-11-09T19:35:43.723+0000] {logging_mixin.py:190} INFO - [2024-11-09T19:35:43.723+0000] {dag.py:3239} INFO - Sync 1 DAGs
[2024-11-09T19:35:43.741+0000] {logging_mixin.py:190} INFO - [2024-11-09T19:35:43.741+0000] {dag.py:4180} INFO - Setting next_dagrun for tutorial_taskflow_api to None, run_after=None
[2024-11-09T19:35:43.778+0000] {processor.py:208} INFO - Processing /home/chirag/airflow/lib/python3.12/site-packages/airflow/example_dags/tutorial_taskflow_api.py took 0.104 seconds
[2024-11-09T19:36:28.145+0000] {processor.py:186} INFO - Started process (PID=2817) to work on /home/chirag/airflow/lib/python3.12/site-packages/airflow/example_dags/tutorial_taskflow_api.py
[2024-11-09T19:36:28.149+0000] {processor.py:914} INFO - Processing file /home/chirag/airflow/lib/python3.12/site-packages/airflow/example_dags/tutorial_taskflow_api.py for tasks to queue
[2024-11-09T19:36:28.153+0000] {logging_mixin.py:190} INFO - [2024-11-09T19:36:28.153+0000] {dagbag.py:588} INFO - Filling up the DagBag from /home/chirag/airflow/lib/python3.12/site-packages/airflow/example_dags/tutorial_taskflow_api.py
[2024-11-09T19:36:28.166+0000] {processor.py:925} INFO - DAG(s) 'tutorial_taskflow_api' retrieved from /home/chirag/airflow/lib/python3.12/site-packages/airflow/example_dags/tutorial_taskflow_api.py
[2024-11-09T19:36:28.195+0000] {logging_mixin.py:190} INFO - [2024-11-09T19:36:28.194+0000] {dag.py:3239} INFO - Sync 1 DAGs
[2024-11-09T19:36:28.214+0000] {logging_mixin.py:190} INFO - [2024-11-09T19:36:28.214+0000] {dag.py:4180} INFO - Setting next_dagrun for tutorial_taskflow_api to None, run_after=None
[2024-11-09T19:36:28.253+0000] {processor.py:208} INFO - Processing /home/chirag/airflow/lib/python3.12/site-packages/airflow/example_dags/tutorial_taskflow_api.py took 0.118 seconds
[2024-11-09T19:37:35.340+0000] {processor.py:186} INFO - Started process (PID=3007) to work on /home/chirag/airflow/lib/python3.12/site-packages/airflow/example_dags/tutorial_taskflow_api.py
[2024-11-09T19:37:35.346+0000] {processor.py:914} INFO - Processing file /home/chirag/airflow/lib/python3.12/site-packages/airflow/example_dags/tutorial_taskflow_api.py for tasks to queue
[2024-11-09T19:37:35.350+0000] {logging_mixin.py:190} INFO - [2024-11-09T19:37:35.349+0000] {dagbag.py:588} INFO - Filling up the DagBag from /home/chirag/airflow/lib/python3.12/site-packages/airflow/example_dags/tutorial_taskflow_api.py
[2024-11-09T19:37:35.366+0000] {processor.py:925} INFO - DAG(s) 'tutorial_taskflow_api' retrieved from /home/chirag/airflow/lib/python3.12/site-packages/airflow/example_dags/tutorial_taskflow_api.py
[2024-11-09T19:37:35.391+0000] {logging_mixin.py:190} INFO - [2024-11-09T19:37:35.391+0000] {dag.py:3239} INFO - Sync 1 DAGs
[2024-11-09T19:37:35.411+0000] {logging_mixin.py:190} INFO - [2024-11-09T19:37:35.411+0000] {dag.py:4180} INFO - Setting next_dagrun for tutorial_taskflow_api to None, run_after=None
[2024-11-09T19:37:35.458+0000] {processor.py:208} INFO - Processing /home/chirag/airflow/lib/python3.12/site-packages/airflow/example_dags/tutorial_taskflow_api.py took 0.127 seconds
[2024-11-09T19:38:17.426+0000] {processor.py:186} INFO - Started process (PID=3243) to work on /home/chirag/airflow/lib/python3.12/site-packages/airflow/example_dags/tutorial_taskflow_api.py
[2024-11-09T19:38:17.429+0000] {processor.py:914} INFO - Processing file /home/chirag/airflow/lib/python3.12/site-packages/airflow/example_dags/tutorial_taskflow_api.py for tasks to queue
[2024-11-09T19:38:17.433+0000] {logging_mixin.py:190} INFO - [2024-11-09T19:38:17.432+0000] {dagbag.py:588} INFO - Filling up the DagBag from /home/chirag/airflow/lib/python3.12/site-packages/airflow/example_dags/tutorial_taskflow_api.py
[2024-11-09T19:38:17.447+0000] {processor.py:925} INFO - DAG(s) 'tutorial_taskflow_api' retrieved from /home/chirag/airflow/lib/python3.12/site-packages/airflow/example_dags/tutorial_taskflow_api.py
[2024-11-09T19:38:17.471+0000] {logging_mixin.py:190} INFO - [2024-11-09T19:38:17.470+0000] {dag.py:3239} INFO - Sync 1 DAGs
[2024-11-09T19:38:17.489+0000] {logging_mixin.py:190} INFO - [2024-11-09T19:38:17.489+0000] {dag.py:4180} INFO - Setting next_dagrun for tutorial_taskflow_api to None, run_after=None
[2024-11-09T19:38:17.526+0000] {processor.py:208} INFO - Processing /home/chirag/airflow/lib/python3.12/site-packages/airflow/example_dags/tutorial_taskflow_api.py took 0.109 seconds
[2024-11-09T19:39:37.480+0000] {processor.py:186} INFO - Started process (PID=3526) to work on /home/chirag/airflow/lib/python3.12/site-packages/airflow/example_dags/tutorial_taskflow_api.py
[2024-11-09T19:39:37.482+0000] {processor.py:914} INFO - Processing file /home/chirag/airflow/lib/python3.12/site-packages/airflow/example_dags/tutorial_taskflow_api.py for tasks to queue
[2024-11-09T19:39:37.488+0000] {logging_mixin.py:190} INFO - [2024-11-09T19:39:37.486+0000] {dagbag.py:588} INFO - Filling up the DagBag from /home/chirag/airflow/lib/python3.12/site-packages/airflow/example_dags/tutorial_taskflow_api.py
[2024-11-09T19:39:37.505+0000] {processor.py:925} INFO - DAG(s) 'tutorial_taskflow_api' retrieved from /home/chirag/airflow/lib/python3.12/site-packages/airflow/example_dags/tutorial_taskflow_api.py
[2024-11-09T19:39:37.547+0000] {logging_mixin.py:190} INFO - [2024-11-09T19:39:37.546+0000] {dag.py:3239} INFO - Sync 1 DAGs
[2024-11-09T19:39:37.585+0000] {logging_mixin.py:190} INFO - [2024-11-09T19:39:37.585+0000] {dag.py:4180} INFO - Setting next_dagrun for tutorial_taskflow_api to None, run_after=None
[2024-11-09T19:39:37.683+0000] {processor.py:208} INFO - Processing /home/chirag/airflow/lib/python3.12/site-packages/airflow/example_dags/tutorial_taskflow_api.py took 0.215 seconds
[2024-11-09T19:40:19.385+0000] {processor.py:186} INFO - Started process (PID=3638) to work on /home/chirag/airflow/lib/python3.12/site-packages/airflow/example_dags/tutorial_taskflow_api.py
[2024-11-09T19:40:19.388+0000] {processor.py:914} INFO - Processing file /home/chirag/airflow/lib/python3.12/site-packages/airflow/example_dags/tutorial_taskflow_api.py for tasks to queue
[2024-11-09T19:40:19.392+0000] {logging_mixin.py:190} INFO - [2024-11-09T19:40:19.392+0000] {dagbag.py:588} INFO - Filling up the DagBag from /home/chirag/airflow/lib/python3.12/site-packages/airflow/example_dags/tutorial_taskflow_api.py
[2024-11-09T19:40:19.405+0000] {processor.py:925} INFO - DAG(s) 'tutorial_taskflow_api' retrieved from /home/chirag/airflow/lib/python3.12/site-packages/airflow/example_dags/tutorial_taskflow_api.py
[2024-11-09T19:40:19.429+0000] {logging_mixin.py:190} INFO - [2024-11-09T19:40:19.428+0000] {dag.py:3239} INFO - Sync 1 DAGs
[2024-11-09T19:40:19.448+0000] {logging_mixin.py:190} INFO - [2024-11-09T19:40:19.448+0000] {dag.py:4180} INFO - Setting next_dagrun for tutorial_taskflow_api to None, run_after=None
[2024-11-09T19:40:19.486+0000] {processor.py:208} INFO - Processing /home/chirag/airflow/lib/python3.12/site-packages/airflow/example_dags/tutorial_taskflow_api.py took 0.110 seconds
[2024-11-09T19:41:32.094+0000] {processor.py:186} INFO - Started process (PID=3840) to work on /home/chirag/airflow/lib/python3.12/site-packages/airflow/example_dags/tutorial_taskflow_api.py
[2024-11-09T19:41:32.097+0000] {processor.py:914} INFO - Processing file /home/chirag/airflow/lib/python3.12/site-packages/airflow/example_dags/tutorial_taskflow_api.py for tasks to queue
[2024-11-09T19:41:32.101+0000] {logging_mixin.py:190} INFO - [2024-11-09T19:41:32.100+0000] {dagbag.py:588} INFO - Filling up the DagBag from /home/chirag/airflow/lib/python3.12/site-packages/airflow/example_dags/tutorial_taskflow_api.py
[2024-11-09T19:41:32.694+0000] {processor.py:925} INFO - DAG(s) 'tutorial_taskflow_api' retrieved from /home/chirag/airflow/lib/python3.12/site-packages/airflow/example_dags/tutorial_taskflow_api.py
[2024-11-09T19:41:32.726+0000] {logging_mixin.py:190} INFO - [2024-11-09T19:41:32.725+0000] {dag.py:3239} INFO - Sync 1 DAGs
[2024-11-09T19:41:32.758+0000] {logging_mixin.py:190} INFO - [2024-11-09T19:41:32.756+0000] {dag.py:4180} INFO - Setting next_dagrun for tutorial_taskflow_api to None, run_after=None
[2024-11-09T19:41:32.843+0000] {processor.py:208} INFO - Processing /home/chirag/airflow/lib/python3.12/site-packages/airflow/example_dags/tutorial_taskflow_api.py took 0.181 seconds
[2024-11-09T19:42:42.890+0000] {processor.py:186} INFO - Started process (PID=4046) to work on /home/chirag/airflow/lib/python3.12/site-packages/airflow/example_dags/tutorial_taskflow_api.py
[2024-11-09T19:42:42.894+0000] {processor.py:914} INFO - Processing file /home/chirag/airflow/lib/python3.12/site-packages/airflow/example_dags/tutorial_taskflow_api.py for tasks to queue
[2024-11-09T19:42:42.898+0000] {logging_mixin.py:190} INFO - [2024-11-09T19:42:42.897+0000] {dagbag.py:588} INFO - Filling up the DagBag from /home/chirag/airflow/lib/python3.12/site-packages/airflow/example_dags/tutorial_taskflow_api.py
[2024-11-09T19:42:42.929+0000] {processor.py:925} INFO - DAG(s) 'tutorial_taskflow_api' retrieved from /home/chirag/airflow/lib/python3.12/site-packages/airflow/example_dags/tutorial_taskflow_api.py
[2024-11-09T19:42:42.970+0000] {logging_mixin.py:190} INFO - [2024-11-09T19:42:42.970+0000] {dag.py:3239} INFO - Sync 1 DAGs
[2024-11-09T19:42:42.995+0000] {logging_mixin.py:190} INFO - [2024-11-09T19:42:42.994+0000] {dag.py:4180} INFO - Setting next_dagrun for tutorial_taskflow_api to None, run_after=None
[2024-11-09T19:42:43.041+0000] {processor.py:208} INFO - Processing /home/chirag/airflow/lib/python3.12/site-packages/airflow/example_dags/tutorial_taskflow_api.py took 0.168 seconds
[2024-11-09T19:43:27.685+0000] {processor.py:186} INFO - Started process (PID=4173) to work on /home/chirag/airflow/lib/python3.12/site-packages/airflow/example_dags/tutorial_taskflow_api.py
[2024-11-09T19:43:27.689+0000] {processor.py:914} INFO - Processing file /home/chirag/airflow/lib/python3.12/site-packages/airflow/example_dags/tutorial_taskflow_api.py for tasks to queue
[2024-11-09T19:43:27.694+0000] {logging_mixin.py:190} INFO - [2024-11-09T19:43:27.692+0000] {dagbag.py:588} INFO - Filling up the DagBag from /home/chirag/airflow/lib/python3.12/site-packages/airflow/example_dags/tutorial_taskflow_api.py
[2024-11-09T19:43:27.709+0000] {processor.py:925} INFO - DAG(s) 'tutorial_taskflow_api' retrieved from /home/chirag/airflow/lib/python3.12/site-packages/airflow/example_dags/tutorial_taskflow_api.py
[2024-11-09T19:43:27.734+0000] {logging_mixin.py:190} INFO - [2024-11-09T19:43:27.734+0000] {dag.py:3239} INFO - Sync 1 DAGs
[2024-11-09T19:43:27.753+0000] {logging_mixin.py:190} INFO - [2024-11-09T19:43:27.753+0000] {dag.py:4180} INFO - Setting next_dagrun for tutorial_taskflow_api to None, run_after=None
[2024-11-09T19:43:27.788+0000] {processor.py:208} INFO - Processing /home/chirag/airflow/lib/python3.12/site-packages/airflow/example_dags/tutorial_taskflow_api.py took 0.112 seconds
[2024-11-09T19:44:07.600+0000] {processor.py:186} INFO - Started process (PID=4289) to work on /home/chirag/airflow/lib/python3.12/site-packages/airflow/example_dags/tutorial_taskflow_api.py
[2024-11-09T19:44:07.603+0000] {processor.py:914} INFO - Processing file /home/chirag/airflow/lib/python3.12/site-packages/airflow/example_dags/tutorial_taskflow_api.py for tasks to queue
[2024-11-09T19:44:07.607+0000] {logging_mixin.py:190} INFO - [2024-11-09T19:44:07.606+0000] {dagbag.py:588} INFO - Filling up the DagBag from /home/chirag/airflow/lib/python3.12/site-packages/airflow/example_dags/tutorial_taskflow_api.py
[2024-11-09T19:44:07.619+0000] {processor.py:925} INFO - DAG(s) 'tutorial_taskflow_api' retrieved from /home/chirag/airflow/lib/python3.12/site-packages/airflow/example_dags/tutorial_taskflow_api.py
[2024-11-09T19:44:07.645+0000] {logging_mixin.py:190} INFO - [2024-11-09T19:44:07.644+0000] {dag.py:3239} INFO - Sync 1 DAGs
[2024-11-09T19:44:07.674+0000] {logging_mixin.py:190} INFO - [2024-11-09T19:44:07.673+0000] {dag.py:4180} INFO - Setting next_dagrun for tutorial_taskflow_api to None, run_after=None
[2024-11-09T19:44:07.733+0000] {processor.py:208} INFO - Processing /home/chirag/airflow/lib/python3.12/site-packages/airflow/example_dags/tutorial_taskflow_api.py took 0.141 seconds
[2024-11-09T19:45:15.453+0000] {processor.py:186} INFO - Started process (PID=4490) to work on /home/chirag/airflow/lib/python3.12/site-packages/airflow/example_dags/tutorial_taskflow_api.py
[2024-11-09T19:45:15.457+0000] {processor.py:914} INFO - Processing file /home/chirag/airflow/lib/python3.12/site-packages/airflow/example_dags/tutorial_taskflow_api.py for tasks to queue
[2024-11-09T19:45:15.463+0000] {logging_mixin.py:190} INFO - [2024-11-09T19:45:15.462+0000] {dagbag.py:588} INFO - Filling up the DagBag from /home/chirag/airflow/lib/python3.12/site-packages/airflow/example_dags/tutorial_taskflow_api.py
[2024-11-09T19:45:15.481+0000] {processor.py:925} INFO - DAG(s) 'tutorial_taskflow_api' retrieved from /home/chirag/airflow/lib/python3.12/site-packages/airflow/example_dags/tutorial_taskflow_api.py
[2024-11-09T19:45:15.513+0000] {logging_mixin.py:190} INFO - [2024-11-09T19:45:15.511+0000] {dag.py:3239} INFO - Sync 1 DAGs
[2024-11-09T19:45:15.535+0000] {logging_mixin.py:190} INFO - [2024-11-09T19:45:15.534+0000] {dag.py:4180} INFO - Setting next_dagrun for tutorial_taskflow_api to None, run_after=None
[2024-11-09T19:45:15.570+0000] {processor.py:208} INFO - Processing /home/chirag/airflow/lib/python3.12/site-packages/airflow/example_dags/tutorial_taskflow_api.py took 0.132 seconds
[2024-11-09T19:46:24.099+0000] {processor.py:186} INFO - Started process (PID=4679) to work on /home/chirag/airflow/lib/python3.12/site-packages/airflow/example_dags/tutorial_taskflow_api.py
[2024-11-09T19:46:24.101+0000] {processor.py:914} INFO - Processing file /home/chirag/airflow/lib/python3.12/site-packages/airflow/example_dags/tutorial_taskflow_api.py for tasks to queue
[2024-11-09T19:46:24.106+0000] {logging_mixin.py:190} INFO - [2024-11-09T19:46:24.104+0000] {dagbag.py:588} INFO - Filling up the DagBag from /home/chirag/airflow/lib/python3.12/site-packages/airflow/example_dags/tutorial_taskflow_api.py
[2024-11-09T19:46:24.118+0000] {processor.py:925} INFO - DAG(s) 'tutorial_taskflow_api' retrieved from /home/chirag/airflow/lib/python3.12/site-packages/airflow/example_dags/tutorial_taskflow_api.py
[2024-11-09T19:46:24.139+0000] {logging_mixin.py:190} INFO - [2024-11-09T19:46:24.139+0000] {dag.py:3239} INFO - Sync 1 DAGs
[2024-11-09T19:46:24.157+0000] {logging_mixin.py:190} INFO - [2024-11-09T19:46:24.157+0000] {dag.py:4180} INFO - Setting next_dagrun for tutorial_taskflow_api to None, run_after=None
[2024-11-09T19:46:24.201+0000] {processor.py:208} INFO - Processing /home/chirag/airflow/lib/python3.12/site-packages/airflow/example_dags/tutorial_taskflow_api.py took 0.110 seconds
[2024-11-09T19:47:13.113+0000] {processor.py:186} INFO - Started process (PID=4859) to work on /home/chirag/airflow/lib/python3.12/site-packages/airflow/example_dags/tutorial_taskflow_api.py
[2024-11-09T19:47:13.116+0000] {processor.py:914} INFO - Processing file /home/chirag/airflow/lib/python3.12/site-packages/airflow/example_dags/tutorial_taskflow_api.py for tasks to queue
[2024-11-09T19:47:13.120+0000] {logging_mixin.py:190} INFO - [2024-11-09T19:47:13.119+0000] {dagbag.py:588} INFO - Filling up the DagBag from /home/chirag/airflow/lib/python3.12/site-packages/airflow/example_dags/tutorial_taskflow_api.py
[2024-11-09T19:47:13.136+0000] {processor.py:925} INFO - DAG(s) 'tutorial_taskflow_api' retrieved from /home/chirag/airflow/lib/python3.12/site-packages/airflow/example_dags/tutorial_taskflow_api.py
[2024-11-09T19:47:13.159+0000] {logging_mixin.py:190} INFO - [2024-11-09T19:47:13.159+0000] {dag.py:3239} INFO - Sync 1 DAGs
[2024-11-09T19:47:13.178+0000] {logging_mixin.py:190} INFO - [2024-11-09T19:47:13.178+0000] {dag.py:4180} INFO - Setting next_dagrun for tutorial_taskflow_api to None, run_after=None
[2024-11-09T19:47:13.214+0000] {processor.py:208} INFO - Processing /home/chirag/airflow/lib/python3.12/site-packages/airflow/example_dags/tutorial_taskflow_api.py took 0.111 seconds
[2024-11-09T19:48:29.574+0000] {processor.py:186} INFO - Started process (PID=5080) to work on /home/chirag/airflow/lib/python3.12/site-packages/airflow/example_dags/tutorial_taskflow_api.py
[2024-11-09T19:48:29.577+0000] {processor.py:914} INFO - Processing file /home/chirag/airflow/lib/python3.12/site-packages/airflow/example_dags/tutorial_taskflow_api.py for tasks to queue
[2024-11-09T19:48:29.581+0000] {logging_mixin.py:190} INFO - [2024-11-09T19:48:29.580+0000] {dagbag.py:588} INFO - Filling up the DagBag from /home/chirag/airflow/lib/python3.12/site-packages/airflow/example_dags/tutorial_taskflow_api.py
[2024-11-09T19:48:29.594+0000] {processor.py:925} INFO - DAG(s) 'tutorial_taskflow_api' retrieved from /home/chirag/airflow/lib/python3.12/site-packages/airflow/example_dags/tutorial_taskflow_api.py
[2024-11-09T19:48:29.616+0000] {logging_mixin.py:190} INFO - [2024-11-09T19:48:29.615+0000] {dag.py:3239} INFO - Sync 1 DAGs
[2024-11-09T19:48:29.634+0000] {logging_mixin.py:190} INFO - [2024-11-09T19:48:29.634+0000] {dag.py:4180} INFO - Setting next_dagrun for tutorial_taskflow_api to None, run_after=None
[2024-11-09T19:48:29.671+0000] {processor.py:208} INFO - Processing /home/chirag/airflow/lib/python3.12/site-packages/airflow/example_dags/tutorial_taskflow_api.py took 0.105 seconds
[2024-11-09T19:49:41.704+0000] {processor.py:186} INFO - Started process (PID=5322) to work on /home/chirag/airflow/lib/python3.12/site-packages/airflow/example_dags/tutorial_taskflow_api.py
[2024-11-09T19:49:41.709+0000] {processor.py:914} INFO - Processing file /home/chirag/airflow/lib/python3.12/site-packages/airflow/example_dags/tutorial_taskflow_api.py for tasks to queue
[2024-11-09T19:49:41.718+0000] {logging_mixin.py:190} INFO - [2024-11-09T19:49:41.717+0000] {dagbag.py:588} INFO - Filling up the DagBag from /home/chirag/airflow/lib/python3.12/site-packages/airflow/example_dags/tutorial_taskflow_api.py
[2024-11-09T19:49:41.750+0000] {processor.py:925} INFO - DAG(s) 'tutorial_taskflow_api' retrieved from /home/chirag/airflow/lib/python3.12/site-packages/airflow/example_dags/tutorial_taskflow_api.py
[2024-11-09T19:49:41.796+0000] {logging_mixin.py:190} INFO - [2024-11-09T19:49:41.796+0000] {dag.py:3239} INFO - Sync 1 DAGs
[2024-11-09T19:49:41.834+0000] {logging_mixin.py:190} INFO - [2024-11-09T19:49:41.833+0000] {dag.py:4180} INFO - Setting next_dagrun for tutorial_taskflow_api to None, run_after=None
[2024-11-09T19:49:41.933+0000] {processor.py:208} INFO - Processing /home/chirag/airflow/lib/python3.12/site-packages/airflow/example_dags/tutorial_taskflow_api.py took 0.244 seconds
[2024-11-09T19:50:54.234+0000] {processor.py:186} INFO - Started process (PID=5885) to work on /home/chirag/airflow/lib/python3.12/site-packages/airflow/example_dags/tutorial_taskflow_api.py
[2024-11-09T19:50:54.238+0000] {processor.py:914} INFO - Processing file /home/chirag/airflow/lib/python3.12/site-packages/airflow/example_dags/tutorial_taskflow_api.py for tasks to queue
[2024-11-09T19:50:54.241+0000] {logging_mixin.py:190} INFO - [2024-11-09T19:50:54.240+0000] {dagbag.py:588} INFO - Filling up the DagBag from /home/chirag/airflow/lib/python3.12/site-packages/airflow/example_dags/tutorial_taskflow_api.py
[2024-11-09T19:50:54.254+0000] {processor.py:925} INFO - DAG(s) 'tutorial_taskflow_api' retrieved from /home/chirag/airflow/lib/python3.12/site-packages/airflow/example_dags/tutorial_taskflow_api.py
[2024-11-09T19:50:54.276+0000] {logging_mixin.py:190} INFO - [2024-11-09T19:50:54.276+0000] {dag.py:3239} INFO - Sync 1 DAGs
[2024-11-09T19:50:54.294+0000] {logging_mixin.py:190} INFO - [2024-11-09T19:50:54.294+0000] {dag.py:4180} INFO - Setting next_dagrun for tutorial_taskflow_api to None, run_after=None
[2024-11-09T19:50:54.332+0000] {processor.py:208} INFO - Processing /home/chirag/airflow/lib/python3.12/site-packages/airflow/example_dags/tutorial_taskflow_api.py took 0.107 seconds
[2024-11-09T19:52:08.501+0000] {processor.py:186} INFO - Started process (PID=6299) to work on /home/chirag/airflow/lib/python3.12/site-packages/airflow/example_dags/tutorial_taskflow_api.py
[2024-11-09T19:52:08.507+0000] {processor.py:914} INFO - Processing file /home/chirag/airflow/lib/python3.12/site-packages/airflow/example_dags/tutorial_taskflow_api.py for tasks to queue
[2024-11-09T19:52:08.510+0000] {logging_mixin.py:190} INFO - [2024-11-09T19:52:08.510+0000] {dagbag.py:588} INFO - Filling up the DagBag from /home/chirag/airflow/lib/python3.12/site-packages/airflow/example_dags/tutorial_taskflow_api.py
[2024-11-09T19:52:08.523+0000] {processor.py:925} INFO - DAG(s) 'tutorial_taskflow_api' retrieved from /home/chirag/airflow/lib/python3.12/site-packages/airflow/example_dags/tutorial_taskflow_api.py
[2024-11-09T19:52:08.545+0000] {logging_mixin.py:190} INFO - [2024-11-09T19:52:08.545+0000] {dag.py:3239} INFO - Sync 1 DAGs
[2024-11-09T19:52:08.562+0000] {logging_mixin.py:190} INFO - [2024-11-09T19:52:08.562+0000] {dag.py:4180} INFO - Setting next_dagrun for tutorial_taskflow_api to None, run_after=None
[2024-11-09T19:52:08.600+0000] {processor.py:208} INFO - Processing /home/chirag/airflow/lib/python3.12/site-packages/airflow/example_dags/tutorial_taskflow_api.py took 0.108 seconds
[2024-11-09T19:53:08.145+0000] {processor.py:186} INFO - Started process (PID=6608) to work on /home/chirag/airflow/lib/python3.12/site-packages/airflow/example_dags/tutorial_taskflow_api.py
[2024-11-09T19:53:08.151+0000] {processor.py:914} INFO - Processing file /home/chirag/airflow/lib/python3.12/site-packages/airflow/example_dags/tutorial_taskflow_api.py for tasks to queue
[2024-11-09T19:53:08.157+0000] {logging_mixin.py:190} INFO - [2024-11-09T19:53:08.156+0000] {dagbag.py:588} INFO - Filling up the DagBag from /home/chirag/airflow/lib/python3.12/site-packages/airflow/example_dags/tutorial_taskflow_api.py
[2024-11-09T19:53:08.188+0000] {processor.py:925} INFO - DAG(s) 'tutorial_taskflow_api' retrieved from /home/chirag/airflow/lib/python3.12/site-packages/airflow/example_dags/tutorial_taskflow_api.py
[2024-11-09T19:53:08.249+0000] {logging_mixin.py:190} INFO - [2024-11-09T19:53:08.247+0000] {dag.py:3239} INFO - Sync 1 DAGs
[2024-11-09T19:53:08.294+0000] {logging_mixin.py:190} INFO - [2024-11-09T19:53:08.293+0000] {dag.py:4180} INFO - Setting next_dagrun for tutorial_taskflow_api to None, run_after=None
[2024-11-09T19:53:08.356+0000] {processor.py:208} INFO - Processing /home/chirag/airflow/lib/python3.12/site-packages/airflow/example_dags/tutorial_taskflow_api.py took 0.236 seconds
[2024-11-09T19:53:56.819+0000] {processor.py:186} INFO - Started process (PID=6915) to work on /home/chirag/airflow/lib/python3.12/site-packages/airflow/example_dags/tutorial_taskflow_api.py
[2024-11-09T19:53:56.824+0000] {processor.py:914} INFO - Processing file /home/chirag/airflow/lib/python3.12/site-packages/airflow/example_dags/tutorial_taskflow_api.py for tasks to queue
[2024-11-09T19:53:56.827+0000] {logging_mixin.py:190} INFO - [2024-11-09T19:53:56.827+0000] {dagbag.py:588} INFO - Filling up the DagBag from /home/chirag/airflow/lib/python3.12/site-packages/airflow/example_dags/tutorial_taskflow_api.py
[2024-11-09T19:53:56.841+0000] {processor.py:925} INFO - DAG(s) 'tutorial_taskflow_api' retrieved from /home/chirag/airflow/lib/python3.12/site-packages/airflow/example_dags/tutorial_taskflow_api.py
[2024-11-09T19:53:56.863+0000] {logging_mixin.py:190} INFO - [2024-11-09T19:53:56.863+0000] {dag.py:3239} INFO - Sync 1 DAGs
[2024-11-09T19:53:56.882+0000] {logging_mixin.py:190} INFO - [2024-11-09T19:53:56.881+0000] {dag.py:4180} INFO - Setting next_dagrun for tutorial_taskflow_api to None, run_after=None
[2024-11-09T19:53:56.921+0000] {processor.py:208} INFO - Processing /home/chirag/airflow/lib/python3.12/site-packages/airflow/example_dags/tutorial_taskflow_api.py took 0.110 seconds
[2024-11-09T19:55:10.041+0000] {processor.py:186} INFO - Started process (PID=7514) to work on /home/chirag/airflow/lib/python3.12/site-packages/airflow/example_dags/tutorial_taskflow_api.py
[2024-11-09T19:55:10.044+0000] {processor.py:914} INFO - Processing file /home/chirag/airflow/lib/python3.12/site-packages/airflow/example_dags/tutorial_taskflow_api.py for tasks to queue
[2024-11-09T19:55:10.050+0000] {logging_mixin.py:190} INFO - [2024-11-09T19:55:10.049+0000] {dagbag.py:588} INFO - Filling up the DagBag from /home/chirag/airflow/lib/python3.12/site-packages/airflow/example_dags/tutorial_taskflow_api.py
[2024-11-09T19:55:10.063+0000] {processor.py:925} INFO - DAG(s) 'tutorial_taskflow_api' retrieved from /home/chirag/airflow/lib/python3.12/site-packages/airflow/example_dags/tutorial_taskflow_api.py
[2024-11-09T19:55:10.085+0000] {logging_mixin.py:190} INFO - [2024-11-09T19:55:10.085+0000] {dag.py:3239} INFO - Sync 1 DAGs
[2024-11-09T19:55:10.103+0000] {logging_mixin.py:190} INFO - [2024-11-09T19:55:10.103+0000] {dag.py:4180} INFO - Setting next_dagrun for tutorial_taskflow_api to None, run_after=None
[2024-11-09T19:55:10.144+0000] {processor.py:208} INFO - Processing /home/chirag/airflow/lib/python3.12/site-packages/airflow/example_dags/tutorial_taskflow_api.py took 0.111 seconds
[2024-11-09T19:55:51.938+0000] {processor.py:186} INFO - Started process (PID=7822) to work on /home/chirag/airflow/lib/python3.12/site-packages/airflow/example_dags/tutorial_taskflow_api.py
[2024-11-09T19:55:51.945+0000] {processor.py:914} INFO - Processing file /home/chirag/airflow/lib/python3.12/site-packages/airflow/example_dags/tutorial_taskflow_api.py for tasks to queue
[2024-11-09T19:55:51.953+0000] {logging_mixin.py:190} INFO - [2024-11-09T19:55:51.952+0000] {dagbag.py:588} INFO - Filling up the DagBag from /home/chirag/airflow/lib/python3.12/site-packages/airflow/example_dags/tutorial_taskflow_api.py
[2024-11-09T19:55:51.977+0000] {processor.py:925} INFO - DAG(s) 'tutorial_taskflow_api' retrieved from /home/chirag/airflow/lib/python3.12/site-packages/airflow/example_dags/tutorial_taskflow_api.py
[2024-11-09T19:55:52.039+0000] {logging_mixin.py:190} INFO - [2024-11-09T19:55:52.038+0000] {dag.py:3239} INFO - Sync 1 DAGs
[2024-11-09T19:55:52.082+0000] {logging_mixin.py:190} INFO - [2024-11-09T19:55:52.082+0000] {dag.py:4180} INFO - Setting next_dagrun for tutorial_taskflow_api to None, run_after=None
[2024-11-09T19:55:52.134+0000] {processor.py:208} INFO - Processing /home/chirag/airflow/lib/python3.12/site-packages/airflow/example_dags/tutorial_taskflow_api.py took 0.214 seconds
[2024-11-09T19:56:38.629+0000] {processor.py:186} INFO - Started process (PID=7978) to work on /home/chirag/airflow/lib/python3.12/site-packages/airflow/example_dags/tutorial_taskflow_api.py
[2024-11-09T19:56:38.641+0000] {processor.py:914} INFO - Processing file /home/chirag/airflow/lib/python3.12/site-packages/airflow/example_dags/tutorial_taskflow_api.py for tasks to queue
[2024-11-09T19:56:38.648+0000] {logging_mixin.py:190} INFO - [2024-11-09T19:56:38.647+0000] {dagbag.py:588} INFO - Filling up the DagBag from /home/chirag/airflow/lib/python3.12/site-packages/airflow/example_dags/tutorial_taskflow_api.py
[2024-11-09T19:56:38.673+0000] {processor.py:925} INFO - DAG(s) 'tutorial_taskflow_api' retrieved from /home/chirag/airflow/lib/python3.12/site-packages/airflow/example_dags/tutorial_taskflow_api.py
[2024-11-09T19:56:38.730+0000] {logging_mixin.py:190} INFO - [2024-11-09T19:56:38.729+0000] {dag.py:3239} INFO - Sync 1 DAGs
[2024-11-09T19:56:38.777+0000] {logging_mixin.py:190} INFO - [2024-11-09T19:56:38.777+0000] {dag.py:4180} INFO - Setting next_dagrun for tutorial_taskflow_api to None, run_after=None
[2024-11-09T19:56:38.893+0000] {processor.py:208} INFO - Processing /home/chirag/airflow/lib/python3.12/site-packages/airflow/example_dags/tutorial_taskflow_api.py took 0.280 seconds
[2024-11-09T19:57:42.312+0000] {processor.py:186} INFO - Started process (PID=8163) to work on /home/chirag/airflow/lib/python3.12/site-packages/airflow/example_dags/tutorial_taskflow_api.py
[2024-11-09T19:57:42.318+0000] {processor.py:914} INFO - Processing file /home/chirag/airflow/lib/python3.12/site-packages/airflow/example_dags/tutorial_taskflow_api.py for tasks to queue
[2024-11-09T19:57:42.323+0000] {logging_mixin.py:190} INFO - [2024-11-09T19:57:42.322+0000] {dagbag.py:588} INFO - Filling up the DagBag from /home/chirag/airflow/lib/python3.12/site-packages/airflow/example_dags/tutorial_taskflow_api.py
[2024-11-09T19:57:42.335+0000] {processor.py:925} INFO - DAG(s) 'tutorial_taskflow_api' retrieved from /home/chirag/airflow/lib/python3.12/site-packages/airflow/example_dags/tutorial_taskflow_api.py
[2024-11-09T19:57:42.367+0000] {logging_mixin.py:190} INFO - [2024-11-09T19:57:42.366+0000] {dag.py:3239} INFO - Sync 1 DAGs
[2024-11-09T19:57:42.402+0000] {logging_mixin.py:190} INFO - [2024-11-09T19:57:42.401+0000] {dag.py:4180} INFO - Setting next_dagrun for tutorial_taskflow_api to None, run_after=None
[2024-11-09T19:57:42.439+0000] {processor.py:208} INFO - Processing /home/chirag/airflow/lib/python3.12/site-packages/airflow/example_dags/tutorial_taskflow_api.py took 0.135 seconds
[2024-11-09T19:58:40.911+0000] {processor.py:186} INFO - Started process (PID=8473) to work on /home/chirag/airflow/lib/python3.12/site-packages/airflow/example_dags/tutorial_taskflow_api.py
[2024-11-09T19:58:40.922+0000] {processor.py:914} INFO - Processing file /home/chirag/airflow/lib/python3.12/site-packages/airflow/example_dags/tutorial_taskflow_api.py for tasks to queue
[2024-11-09T19:58:40.929+0000] {logging_mixin.py:190} INFO - [2024-11-09T19:58:40.928+0000] {dagbag.py:588} INFO - Filling up the DagBag from /home/chirag/airflow/lib/python3.12/site-packages/airflow/example_dags/tutorial_taskflow_api.py
[2024-11-09T19:58:40.983+0000] {processor.py:925} INFO - DAG(s) 'tutorial_taskflow_api' retrieved from /home/chirag/airflow/lib/python3.12/site-packages/airflow/example_dags/tutorial_taskflow_api.py
[2024-11-09T19:58:41.060+0000] {logging_mixin.py:190} INFO - [2024-11-09T19:58:41.059+0000] {dag.py:3239} INFO - Sync 1 DAGs
[2024-11-09T19:58:41.115+0000] {logging_mixin.py:190} INFO - [2024-11-09T19:58:41.111+0000] {dag.py:4180} INFO - Setting next_dagrun for tutorial_taskflow_api to None, run_after=None
[2024-11-09T19:58:41.207+0000] {processor.py:208} INFO - Processing /home/chirag/airflow/lib/python3.12/site-packages/airflow/example_dags/tutorial_taskflow_api.py took 0.315 seconds
[2024-11-09T20:22:17.166+0000] {processor.py:186} INFO - Started process (PID=12562) to work on /home/chirag/airflow/lib/python3.12/site-packages/airflow/example_dags/tutorial_taskflow_api.py
[2024-11-09T20:22:17.171+0000] {processor.py:914} INFO - Processing file /home/chirag/airflow/lib/python3.12/site-packages/airflow/example_dags/tutorial_taskflow_api.py for tasks to queue
[2024-11-09T20:22:17.181+0000] {logging_mixin.py:190} INFO - [2024-11-09T20:22:17.180+0000] {dagbag.py:588} INFO - Filling up the DagBag from /home/chirag/airflow/lib/python3.12/site-packages/airflow/example_dags/tutorial_taskflow_api.py
[2024-11-09T20:22:17.243+0000] {processor.py:925} INFO - DAG(s) 'tutorial_taskflow_api' retrieved from /home/chirag/airflow/lib/python3.12/site-packages/airflow/example_dags/tutorial_taskflow_api.py
[2024-11-09T20:22:17.334+0000] {logging_mixin.py:190} INFO - [2024-11-09T20:22:17.334+0000] {dag.py:3239} INFO - Sync 1 DAGs
[2024-11-09T20:22:17.390+0000] {logging_mixin.py:190} INFO - [2024-11-09T20:22:17.389+0000] {dag.py:4180} INFO - Setting next_dagrun for tutorial_taskflow_api to None, run_after=None
[2024-11-09T20:22:17.461+0000] {processor.py:208} INFO - Processing /home/chirag/airflow/lib/python3.12/site-packages/airflow/example_dags/tutorial_taskflow_api.py took 0.325 seconds
[2024-11-09T20:23:24.421+0000] {processor.py:186} INFO - Started process (PID=12814) to work on /home/chirag/airflow/lib/python3.12/site-packages/airflow/example_dags/tutorial_taskflow_api.py
[2024-11-09T20:23:24.424+0000] {processor.py:914} INFO - Processing file /home/chirag/airflow/lib/python3.12/site-packages/airflow/example_dags/tutorial_taskflow_api.py for tasks to queue
[2024-11-09T20:23:24.428+0000] {logging_mixin.py:190} INFO - [2024-11-09T20:23:24.427+0000] {dagbag.py:588} INFO - Filling up the DagBag from /home/chirag/airflow/lib/python3.12/site-packages/airflow/example_dags/tutorial_taskflow_api.py
[2024-11-09T20:23:24.439+0000] {processor.py:925} INFO - DAG(s) 'tutorial_taskflow_api' retrieved from /home/chirag/airflow/lib/python3.12/site-packages/airflow/example_dags/tutorial_taskflow_api.py
[2024-11-09T20:23:24.465+0000] {logging_mixin.py:190} INFO - [2024-11-09T20:23:24.465+0000] {dag.py:3239} INFO - Sync 1 DAGs
[2024-11-09T20:23:24.483+0000] {logging_mixin.py:190} INFO - [2024-11-09T20:23:24.483+0000] {dag.py:4180} INFO - Setting next_dagrun for tutorial_taskflow_api to None, run_after=None
[2024-11-09T20:23:24.520+0000] {processor.py:208} INFO - Processing /home/chirag/airflow/lib/python3.12/site-packages/airflow/example_dags/tutorial_taskflow_api.py took 0.106 seconds
[2024-11-09T20:24:36.679+0000] {processor.py:186} INFO - Started process (PID=13018) to work on /home/chirag/airflow/lib/python3.12/site-packages/airflow/example_dags/tutorial_taskflow_api.py
[2024-11-09T20:24:36.682+0000] {processor.py:914} INFO - Processing file /home/chirag/airflow/lib/python3.12/site-packages/airflow/example_dags/tutorial_taskflow_api.py for tasks to queue
[2024-11-09T20:24:36.685+0000] {logging_mixin.py:190} INFO - [2024-11-09T20:24:36.685+0000] {dagbag.py:588} INFO - Filling up the DagBag from /home/chirag/airflow/lib/python3.12/site-packages/airflow/example_dags/tutorial_taskflow_api.py
[2024-11-09T20:24:36.698+0000] {processor.py:925} INFO - DAG(s) 'tutorial_taskflow_api' retrieved from /home/chirag/airflow/lib/python3.12/site-packages/airflow/example_dags/tutorial_taskflow_api.py
[2024-11-09T20:24:36.720+0000] {logging_mixin.py:190} INFO - [2024-11-09T20:24:36.719+0000] {dag.py:3239} INFO - Sync 1 DAGs
[2024-11-09T20:24:36.737+0000] {logging_mixin.py:190} INFO - [2024-11-09T20:24:36.737+0000] {dag.py:4180} INFO - Setting next_dagrun for tutorial_taskflow_api to None, run_after=None
[2024-11-09T20:24:36.773+0000] {processor.py:208} INFO - Processing /home/chirag/airflow/lib/python3.12/site-packages/airflow/example_dags/tutorial_taskflow_api.py took 0.102 seconds
[2024-11-09T20:25:18.027+0000] {processor.py:186} INFO - Started process (PID=13136) to work on /home/chirag/airflow/lib/python3.12/site-packages/airflow/example_dags/tutorial_taskflow_api.py
[2024-11-09T20:25:18.031+0000] {processor.py:914} INFO - Processing file /home/chirag/airflow/lib/python3.12/site-packages/airflow/example_dags/tutorial_taskflow_api.py for tasks to queue
[2024-11-09T20:25:18.035+0000] {logging_mixin.py:190} INFO - [2024-11-09T20:25:18.035+0000] {dagbag.py:588} INFO - Filling up the DagBag from /home/chirag/airflow/lib/python3.12/site-packages/airflow/example_dags/tutorial_taskflow_api.py
[2024-11-09T20:25:18.047+0000] {processor.py:925} INFO - DAG(s) 'tutorial_taskflow_api' retrieved from /home/chirag/airflow/lib/python3.12/site-packages/airflow/example_dags/tutorial_taskflow_api.py
[2024-11-09T20:25:18.071+0000] {logging_mixin.py:190} INFO - [2024-11-09T20:25:18.071+0000] {dag.py:3239} INFO - Sync 1 DAGs
[2024-11-09T20:25:18.090+0000] {logging_mixin.py:190} INFO - [2024-11-09T20:25:18.090+0000] {dag.py:4180} INFO - Setting next_dagrun for tutorial_taskflow_api to None, run_after=None
[2024-11-09T20:25:18.127+0000] {processor.py:208} INFO - Processing /home/chirag/airflow/lib/python3.12/site-packages/airflow/example_dags/tutorial_taskflow_api.py took 0.108 seconds
[2024-11-09T20:26:14.400+0000] {processor.py:186} INFO - Started process (PID=13505) to work on /home/chirag/airflow/lib/python3.12/site-packages/airflow/example_dags/tutorial_taskflow_api.py
[2024-11-09T20:26:14.403+0000] {processor.py:914} INFO - Processing file /home/chirag/airflow/lib/python3.12/site-packages/airflow/example_dags/tutorial_taskflow_api.py for tasks to queue
[2024-11-09T20:26:14.409+0000] {logging_mixin.py:190} INFO - [2024-11-09T20:26:14.408+0000] {dagbag.py:588} INFO - Filling up the DagBag from /home/chirag/airflow/lib/python3.12/site-packages/airflow/example_dags/tutorial_taskflow_api.py
[2024-11-09T20:26:14.429+0000] {processor.py:925} INFO - DAG(s) 'tutorial_taskflow_api' retrieved from /home/chirag/airflow/lib/python3.12/site-packages/airflow/example_dags/tutorial_taskflow_api.py
[2024-11-09T20:26:14.460+0000] {logging_mixin.py:190} INFO - [2024-11-09T20:26:14.459+0000] {dag.py:3239} INFO - Sync 1 DAGs
[2024-11-09T20:26:14.480+0000] {logging_mixin.py:190} INFO - [2024-11-09T20:26:14.480+0000] {dag.py:4180} INFO - Setting next_dagrun for tutorial_taskflow_api to None, run_after=None
[2024-11-09T20:26:14.524+0000] {processor.py:208} INFO - Processing /home/chirag/airflow/lib/python3.12/site-packages/airflow/example_dags/tutorial_taskflow_api.py took 0.138 seconds
[2024-11-09T20:27:14.469+0000] {processor.py:186} INFO - Started process (PID=13813) to work on /home/chirag/airflow/lib/python3.12/site-packages/airflow/example_dags/tutorial_taskflow_api.py
[2024-11-09T20:27:14.473+0000] {processor.py:914} INFO - Processing file /home/chirag/airflow/lib/python3.12/site-packages/airflow/example_dags/tutorial_taskflow_api.py for tasks to queue
[2024-11-09T20:27:14.478+0000] {logging_mixin.py:190} INFO - [2024-11-09T20:27:14.477+0000] {dagbag.py:588} INFO - Filling up the DagBag from /home/chirag/airflow/lib/python3.12/site-packages/airflow/example_dags/tutorial_taskflow_api.py
[2024-11-09T20:27:14.493+0000] {processor.py:925} INFO - DAG(s) 'tutorial_taskflow_api' retrieved from /home/chirag/airflow/lib/python3.12/site-packages/airflow/example_dags/tutorial_taskflow_api.py
[2024-11-09T20:27:14.522+0000] {logging_mixin.py:190} INFO - [2024-11-09T20:27:14.522+0000] {dag.py:3239} INFO - Sync 1 DAGs
[2024-11-09T20:27:14.546+0000] {logging_mixin.py:190} INFO - [2024-11-09T20:27:14.545+0000] {dag.py:4180} INFO - Setting next_dagrun for tutorial_taskflow_api to None, run_after=None
[2024-11-09T20:27:14.589+0000] {processor.py:208} INFO - Processing /home/chirag/airflow/lib/python3.12/site-packages/airflow/example_dags/tutorial_taskflow_api.py took 0.134 seconds
[2024-11-09T20:28:03.419+0000] {processor.py:186} INFO - Started process (PID=13967) to work on /home/chirag/airflow/lib/python3.12/site-packages/airflow/example_dags/tutorial_taskflow_api.py
[2024-11-09T20:28:03.423+0000] {processor.py:914} INFO - Processing file /home/chirag/airflow/lib/python3.12/site-packages/airflow/example_dags/tutorial_taskflow_api.py for tasks to queue
[2024-11-09T20:28:03.426+0000] {logging_mixin.py:190} INFO - [2024-11-09T20:28:03.425+0000] {dagbag.py:588} INFO - Filling up the DagBag from /home/chirag/airflow/lib/python3.12/site-packages/airflow/example_dags/tutorial_taskflow_api.py
[2024-11-09T20:28:03.438+0000] {processor.py:925} INFO - DAG(s) 'tutorial_taskflow_api' retrieved from /home/chirag/airflow/lib/python3.12/site-packages/airflow/example_dags/tutorial_taskflow_api.py
[2024-11-09T20:28:03.470+0000] {logging_mixin.py:190} INFO - [2024-11-09T20:28:03.470+0000] {dag.py:3239} INFO - Sync 1 DAGs
[2024-11-09T20:28:03.505+0000] {logging_mixin.py:190} INFO - [2024-11-09T20:28:03.504+0000] {dag.py:4180} INFO - Setting next_dagrun for tutorial_taskflow_api to None, run_after=None
[2024-11-09T20:28:03.552+0000] {processor.py:208} INFO - Processing /home/chirag/airflow/lib/python3.12/site-packages/airflow/example_dags/tutorial_taskflow_api.py took 0.141 seconds
