[2024-11-09T19:15:52.520+0000] {processor.py:186} INFO - Started process (PID=94552) to work on /home/chirag/airflow/lib/python3.12/site-packages/airflow/example_dags/tutorial.py
[2024-11-09T19:15:52.523+0000] {processor.py:914} INFO - Processing file /home/chirag/airflow/lib/python3.12/site-packages/airflow/example_dags/tutorial.py for tasks to queue
[2024-11-09T19:15:52.527+0000] {logging_mixin.py:190} INFO - [2024-11-09T19:15:52.526+0000] {dagbag.py:588} INFO - Filling up the DagBag from /home/chirag/airflow/lib/python3.12/site-packages/airflow/example_dags/tutorial.py
[2024-11-09T19:15:52.558+0000] {processor.py:925} INFO - DAG(s) 'tutorial' retrieved from /home/chirag/airflow/lib/python3.12/site-packages/airflow/example_dags/tutorial.py
[2024-11-09T19:15:54.246+0000] {logging_mixin.py:190} INFO - [2024-11-09T19:15:54.236+0000] {override.py:1911} INFO - Created Permission View: can delete on DAG:tutorial
[2024-11-09T19:15:54.639+0000] {logging_mixin.py:190} INFO - [2024-11-09T19:15:54.638+0000] {override.py:1911} INFO - Created Permission View: can read on DAG:tutorial
[2024-11-09T19:15:54.748+0000] {logging_mixin.py:190} INFO - [2024-11-09T19:15:54.747+0000] {override.py:1911} INFO - Created Permission View: can edit on DAG:tutorial
[2024-11-09T19:15:55.835+0000] {logging_mixin.py:190} INFO - [2024-11-09T19:15:55.834+0000] {override.py:1911} INFO - Created Permission View: menu access on DAG Run:tutorial
[2024-11-09T19:15:56.104+0000] {logging_mixin.py:190} INFO - [2024-11-09T19:15:56.103+0000] {override.py:1911} INFO - Created Permission View: can delete on DAG Run:tutorial
[2024-11-09T19:15:56.208+0000] {logging_mixin.py:190} INFO - [2024-11-09T19:15:56.208+0000] {override.py:1911} INFO - Created Permission View: can read on DAG Run:tutorial
[2024-11-09T19:15:56.352+0000] {logging_mixin.py:190} INFO - [2024-11-09T19:15:56.349+0000] {override.py:1911} INFO - Created Permission View: can create on DAG Run:tutorial
[2024-11-09T19:15:56.354+0000] {logging_mixin.py:190} INFO - [2024-11-09T19:15:56.353+0000] {dag.py:3239} INFO - Sync 1 DAGs
[2024-11-09T19:15:56.531+0000] {logging_mixin.py:190} INFO - [2024-11-09T19:15:56.531+0000] {dag.py:3262} INFO - Creating ORM DAG for tutorial
[2024-11-09T19:15:56.658+0000] {logging_mixin.py:190} INFO - [2024-11-09T19:15:56.657+0000] {dag.py:4180} INFO - Setting next_dagrun for tutorial to 2024-11-08 00:00:00+00:00, run_after=2024-11-09 00:00:00+00:00
[2024-11-09T19:15:57.076+0000] {processor.py:208} INFO - Processing /home/chirag/airflow/lib/python3.12/site-packages/airflow/example_dags/tutorial.py took 4.570 seconds
[2024-11-09T19:17:56.868+0000] {processor.py:186} INFO - Started process (PID=94785) to work on /home/chirag/airflow/lib/python3.12/site-packages/airflow/example_dags/tutorial.py
[2024-11-09T19:17:56.901+0000] {processor.py:914} INFO - Processing file /home/chirag/airflow/lib/python3.12/site-packages/airflow/example_dags/tutorial.py for tasks to queue
[2024-11-09T19:17:56.907+0000] {logging_mixin.py:190} INFO - [2024-11-09T19:17:56.906+0000] {dagbag.py:588} INFO - Filling up the DagBag from /home/chirag/airflow/lib/python3.12/site-packages/airflow/example_dags/tutorial.py
[2024-11-09T19:17:56.957+0000] {processor.py:925} INFO - DAG(s) 'tutorial' retrieved from /home/chirag/airflow/lib/python3.12/site-packages/airflow/example_dags/tutorial.py
[2024-11-09T19:17:57.099+0000] {logging_mixin.py:190} INFO - [2024-11-09T19:17:57.098+0000] {dag.py:3239} INFO - Sync 1 DAGs
[2024-11-09T19:17:57.318+0000] {logging_mixin.py:190} INFO - [2024-11-09T19:17:57.317+0000] {dag.py:4180} INFO - Setting next_dagrun for tutorial to 2024-11-08 00:00:00+00:00, run_after=2024-11-09 00:00:00+00:00
[2024-11-09T19:17:57.541+0000] {processor.py:208} INFO - Processing /home/chirag/airflow/lib/python3.12/site-packages/airflow/example_dags/tutorial.py took 0.735 seconds
[2024-11-09T19:18:59.154+0000] {processor.py:186} INFO - Started process (PID=94927) to work on /home/chirag/airflow/lib/python3.12/site-packages/airflow/example_dags/tutorial.py
[2024-11-09T19:18:59.158+0000] {processor.py:914} INFO - Processing file /home/chirag/airflow/lib/python3.12/site-packages/airflow/example_dags/tutorial.py for tasks to queue
[2024-11-09T19:18:59.161+0000] {logging_mixin.py:190} INFO - [2024-11-09T19:18:59.161+0000] {dagbag.py:588} INFO - Filling up the DagBag from /home/chirag/airflow/lib/python3.12/site-packages/airflow/example_dags/tutorial.py
[2024-11-09T19:18:59.175+0000] {processor.py:925} INFO - DAG(s) 'tutorial' retrieved from /home/chirag/airflow/lib/python3.12/site-packages/airflow/example_dags/tutorial.py
[2024-11-09T19:18:59.200+0000] {logging_mixin.py:190} INFO - [2024-11-09T19:18:59.200+0000] {dag.py:3239} INFO - Sync 1 DAGs
[2024-11-09T19:18:59.230+0000] {logging_mixin.py:190} INFO - [2024-11-09T19:18:59.230+0000] {dag.py:4180} INFO - Setting next_dagrun for tutorial to 2024-11-08 00:00:00+00:00, run_after=2024-11-09 00:00:00+00:00
[2024-11-09T19:18:59.273+0000] {processor.py:208} INFO - Processing /home/chirag/airflow/lib/python3.12/site-packages/airflow/example_dags/tutorial.py took 0.128 seconds
[2024-11-09T19:27:30.665+0000] {processor.py:186} INFO - Started process (PID=447) to work on /home/chirag/airflow/lib/python3.12/site-packages/airflow/example_dags/tutorial.py
[2024-11-09T19:27:30.668+0000] {processor.py:914} INFO - Processing file /home/chirag/airflow/lib/python3.12/site-packages/airflow/example_dags/tutorial.py for tasks to queue
[2024-11-09T19:27:30.671+0000] {logging_mixin.py:190} INFO - [2024-11-09T19:27:30.670+0000] {dagbag.py:588} INFO - Filling up the DagBag from /home/chirag/airflow/lib/python3.12/site-packages/airflow/example_dags/tutorial.py
[2024-11-09T19:27:30.682+0000] {processor.py:925} INFO - DAG(s) 'tutorial' retrieved from /home/chirag/airflow/lib/python3.12/site-packages/airflow/example_dags/tutorial.py
[2024-11-09T19:27:30.713+0000] {logging_mixin.py:190} INFO - [2024-11-09T19:27:30.713+0000] {dag.py:3239} INFO - Sync 1 DAGs
[2024-11-09T19:27:30.745+0000] {logging_mixin.py:190} INFO - [2024-11-09T19:27:30.745+0000] {dag.py:4180} INFO - Setting next_dagrun for tutorial to 2024-11-08 00:00:00+00:00, run_after=2024-11-09 00:00:00+00:00
[2024-11-09T19:27:30.779+0000] {processor.py:208} INFO - Processing /home/chirag/airflow/lib/python3.12/site-packages/airflow/example_dags/tutorial.py took 0.121 seconds
[2024-11-09T19:28:35.948+0000] {processor.py:186} INFO - Started process (PID=511) to work on /home/chirag/airflow/lib/python3.12/site-packages/airflow/example_dags/tutorial.py
[2024-11-09T19:28:35.952+0000] {processor.py:914} INFO - Processing file /home/chirag/airflow/lib/python3.12/site-packages/airflow/example_dags/tutorial.py for tasks to queue
[2024-11-09T19:28:35.958+0000] {logging_mixin.py:190} INFO - [2024-11-09T19:28:35.958+0000] {dagbag.py:588} INFO - Filling up the DagBag from /home/chirag/airflow/lib/python3.12/site-packages/airflow/example_dags/tutorial.py
[2024-11-09T19:28:35.976+0000] {processor.py:925} INFO - DAG(s) 'tutorial' retrieved from /home/chirag/airflow/lib/python3.12/site-packages/airflow/example_dags/tutorial.py
[2024-11-09T19:28:36.038+0000] {logging_mixin.py:190} INFO - [2024-11-09T19:28:36.037+0000] {dag.py:3239} INFO - Sync 1 DAGs
[2024-11-09T19:28:36.131+0000] {logging_mixin.py:190} INFO - [2024-11-09T19:28:36.131+0000] {dag.py:4180} INFO - Setting next_dagrun for tutorial to 2024-11-08 00:00:00+00:00, run_after=2024-11-09 00:00:00+00:00
[2024-11-09T19:28:36.184+0000] {processor.py:208} INFO - Processing /home/chirag/airflow/lib/python3.12/site-packages/airflow/example_dags/tutorial.py took 0.250 seconds
[2024-11-09T19:29:13.667+0000] {processor.py:186} INFO - Started process (PID=567) to work on /home/chirag/airflow/lib/python3.12/site-packages/airflow/example_dags/tutorial.py
[2024-11-09T19:29:13.670+0000] {processor.py:914} INFO - Processing file /home/chirag/airflow/lib/python3.12/site-packages/airflow/example_dags/tutorial.py for tasks to queue
[2024-11-09T19:29:13.673+0000] {logging_mixin.py:190} INFO - [2024-11-09T19:29:13.672+0000] {dagbag.py:588} INFO - Filling up the DagBag from /home/chirag/airflow/lib/python3.12/site-packages/airflow/example_dags/tutorial.py
[2024-11-09T19:29:13.687+0000] {processor.py:925} INFO - DAG(s) 'tutorial' retrieved from /home/chirag/airflow/lib/python3.12/site-packages/airflow/example_dags/tutorial.py
[2024-11-09T19:29:13.710+0000] {logging_mixin.py:190} INFO - [2024-11-09T19:29:13.709+0000] {dag.py:3239} INFO - Sync 1 DAGs
[2024-11-09T19:29:13.737+0000] {logging_mixin.py:190} INFO - [2024-11-09T19:29:13.737+0000] {dag.py:4180} INFO - Setting next_dagrun for tutorial to 2024-11-08 00:00:00+00:00, run_after=2024-11-09 00:00:00+00:00
[2024-11-09T19:29:13.771+0000] {processor.py:208} INFO - Processing /home/chirag/airflow/lib/python3.12/site-packages/airflow/example_dags/tutorial.py took 0.113 seconds
[2024-11-09T19:29:50.824+0000] {processor.py:186} INFO - Started process (PID=605) to work on /home/chirag/airflow/lib/python3.12/site-packages/airflow/example_dags/tutorial.py
[2024-11-09T19:29:50.833+0000] {processor.py:914} INFO - Processing file /home/chirag/airflow/lib/python3.12/site-packages/airflow/example_dags/tutorial.py for tasks to queue
[2024-11-09T19:29:50.839+0000] {logging_mixin.py:190} INFO - [2024-11-09T19:29:50.838+0000] {dagbag.py:588} INFO - Filling up the DagBag from /home/chirag/airflow/lib/python3.12/site-packages/airflow/example_dags/tutorial.py
[2024-11-09T19:29:50.875+0000] {processor.py:925} INFO - DAG(s) 'tutorial' retrieved from /home/chirag/airflow/lib/python3.12/site-packages/airflow/example_dags/tutorial.py
[2024-11-09T19:29:50.930+0000] {logging_mixin.py:190} INFO - [2024-11-09T19:29:50.930+0000] {dag.py:3239} INFO - Sync 1 DAGs
[2024-11-09T19:29:50.995+0000] {logging_mixin.py:190} INFO - [2024-11-09T19:29:50.995+0000] {dag.py:4180} INFO - Setting next_dagrun for tutorial to 2024-11-08 00:00:00+00:00, run_after=2024-11-09 00:00:00+00:00
[2024-11-09T19:29:51.096+0000] {processor.py:208} INFO - Processing /home/chirag/airflow/lib/python3.12/site-packages/airflow/example_dags/tutorial.py took 0.287 seconds
[2024-11-09T19:30:29.339+0000] {processor.py:186} INFO - Started process (PID=640) to work on /home/chirag/airflow/lib/python3.12/site-packages/airflow/example_dags/tutorial.py
[2024-11-09T19:30:29.341+0000] {processor.py:914} INFO - Processing file /home/chirag/airflow/lib/python3.12/site-packages/airflow/example_dags/tutorial.py for tasks to queue
[2024-11-09T19:30:29.344+0000] {logging_mixin.py:190} INFO - [2024-11-09T19:30:29.344+0000] {dagbag.py:588} INFO - Filling up the DagBag from /home/chirag/airflow/lib/python3.12/site-packages/airflow/example_dags/tutorial.py
[2024-11-09T19:30:29.356+0000] {processor.py:925} INFO - DAG(s) 'tutorial' retrieved from /home/chirag/airflow/lib/python3.12/site-packages/airflow/example_dags/tutorial.py
[2024-11-09T19:30:29.378+0000] {logging_mixin.py:190} INFO - [2024-11-09T19:30:29.378+0000] {dag.py:3239} INFO - Sync 1 DAGs
[2024-11-09T19:30:29.407+0000] {logging_mixin.py:190} INFO - [2024-11-09T19:30:29.406+0000] {dag.py:4180} INFO - Setting next_dagrun for tutorial to 2024-11-08 00:00:00+00:00, run_after=2024-11-09 00:00:00+00:00
[2024-11-09T19:30:29.441+0000] {processor.py:208} INFO - Processing /home/chirag/airflow/lib/python3.12/site-packages/airflow/example_dags/tutorial.py took 0.111 seconds
[2024-11-09T19:31:08.994+0000] {processor.py:186} INFO - Started process (PID=674) to work on /home/chirag/airflow/lib/python3.12/site-packages/airflow/example_dags/tutorial.py
[2024-11-09T19:31:08.997+0000] {processor.py:914} INFO - Processing file /home/chirag/airflow/lib/python3.12/site-packages/airflow/example_dags/tutorial.py for tasks to queue
[2024-11-09T19:31:09.000+0000] {logging_mixin.py:190} INFO - [2024-11-09T19:31:09.000+0000] {dagbag.py:588} INFO - Filling up the DagBag from /home/chirag/airflow/lib/python3.12/site-packages/airflow/example_dags/tutorial.py
[2024-11-09T19:31:09.012+0000] {processor.py:925} INFO - DAG(s) 'tutorial' retrieved from /home/chirag/airflow/lib/python3.12/site-packages/airflow/example_dags/tutorial.py
[2024-11-09T19:31:09.042+0000] {logging_mixin.py:190} INFO - [2024-11-09T19:31:09.042+0000] {dag.py:3239} INFO - Sync 1 DAGs
[2024-11-09T19:31:09.073+0000] {logging_mixin.py:190} INFO - [2024-11-09T19:31:09.072+0000] {dag.py:4180} INFO - Setting next_dagrun for tutorial to 2024-11-08 00:00:00+00:00, run_after=2024-11-09 00:00:00+00:00
[2024-11-09T19:31:09.125+0000] {processor.py:208} INFO - Processing /home/chirag/airflow/lib/python3.12/site-packages/airflow/example_dags/tutorial.py took 0.138 seconds
[2024-11-09T19:31:53.188+0000] {processor.py:186} INFO - Started process (PID=836) to work on /home/chirag/airflow/lib/python3.12/site-packages/airflow/example_dags/tutorial.py
[2024-11-09T19:31:53.231+0000] {processor.py:914} INFO - Processing file /home/chirag/airflow/lib/python3.12/site-packages/airflow/example_dags/tutorial.py for tasks to queue
[2024-11-09T19:31:53.255+0000] {logging_mixin.py:190} INFO - [2024-11-09T19:31:53.255+0000] {dagbag.py:588} INFO - Filling up the DagBag from /home/chirag/airflow/lib/python3.12/site-packages/airflow/example_dags/tutorial.py
[2024-11-09T19:31:53.340+0000] {processor.py:925} INFO - DAG(s) 'tutorial' retrieved from /home/chirag/airflow/lib/python3.12/site-packages/airflow/example_dags/tutorial.py
[2024-11-09T19:31:53.607+0000] {logging_mixin.py:190} INFO - [2024-11-09T19:31:53.606+0000] {dag.py:3239} INFO - Sync 1 DAGs
[2024-11-09T19:31:53.898+0000] {logging_mixin.py:190} INFO - [2024-11-09T19:31:53.897+0000] {dag.py:4180} INFO - Setting next_dagrun for tutorial to 2024-11-08 00:00:00+00:00, run_after=2024-11-09 00:00:00+00:00
[2024-11-09T19:31:54.263+0000] {processor.py:208} INFO - Processing /home/chirag/airflow/lib/python3.12/site-packages/airflow/example_dags/tutorial.py took 1.153 seconds
[2024-11-09T19:32:50.305+0000] {processor.py:186} INFO - Started process (PID=1592) to work on /home/chirag/airflow/lib/python3.12/site-packages/airflow/example_dags/tutorial.py
[2024-11-09T19:32:50.308+0000] {processor.py:914} INFO - Processing file /home/chirag/airflow/lib/python3.12/site-packages/airflow/example_dags/tutorial.py for tasks to queue
[2024-11-09T19:32:50.312+0000] {logging_mixin.py:190} INFO - [2024-11-09T19:32:50.311+0000] {dagbag.py:588} INFO - Filling up the DagBag from /home/chirag/airflow/lib/python3.12/site-packages/airflow/example_dags/tutorial.py
[2024-11-09T19:32:50.330+0000] {processor.py:925} INFO - DAG(s) 'tutorial' retrieved from /home/chirag/airflow/lib/python3.12/site-packages/airflow/example_dags/tutorial.py
[2024-11-09T19:32:50.357+0000] {logging_mixin.py:190} INFO - [2024-11-09T19:32:50.356+0000] {dag.py:3239} INFO - Sync 1 DAGs
[2024-11-09T19:32:50.385+0000] {logging_mixin.py:190} INFO - [2024-11-09T19:32:50.385+0000] {dag.py:4180} INFO - Setting next_dagrun for tutorial to 2024-11-08 00:00:00+00:00, run_after=2024-11-09 00:00:00+00:00
[2024-11-09T19:32:50.421+0000] {processor.py:208} INFO - Processing /home/chirag/airflow/lib/python3.12/site-packages/airflow/example_dags/tutorial.py took 0.126 seconds
[2024-11-09T19:33:34.322+0000] {processor.py:186} INFO - Started process (PID=1900) to work on /home/chirag/airflow/lib/python3.12/site-packages/airflow/example_dags/tutorial.py
[2024-11-09T19:33:34.343+0000] {processor.py:914} INFO - Processing file /home/chirag/airflow/lib/python3.12/site-packages/airflow/example_dags/tutorial.py for tasks to queue
[2024-11-09T19:33:34.349+0000] {logging_mixin.py:190} INFO - [2024-11-09T19:33:34.348+0000] {dagbag.py:588} INFO - Filling up the DagBag from /home/chirag/airflow/lib/python3.12/site-packages/airflow/example_dags/tutorial.py
[2024-11-09T19:33:34.375+0000] {processor.py:925} INFO - DAG(s) 'tutorial' retrieved from /home/chirag/airflow/lib/python3.12/site-packages/airflow/example_dags/tutorial.py
[2024-11-09T19:33:34.410+0000] {logging_mixin.py:190} INFO - [2024-11-09T19:33:34.410+0000] {dag.py:3239} INFO - Sync 1 DAGs
[2024-11-09T19:33:34.463+0000] {logging_mixin.py:190} INFO - [2024-11-09T19:33:34.463+0000] {dag.py:4180} INFO - Setting next_dagrun for tutorial to 2024-11-08 00:00:00+00:00, run_after=2024-11-09 00:00:00+00:00
[2024-11-09T19:33:34.506+0000] {processor.py:208} INFO - Processing /home/chirag/airflow/lib/python3.12/site-packages/airflow/example_dags/tutorial.py took 0.196 seconds
[2024-11-09T19:34:12.059+0000] {processor.py:186} INFO - Started process (PID=2165) to work on /home/chirag/airflow/lib/python3.12/site-packages/airflow/example_dags/tutorial.py
[2024-11-09T19:34:12.062+0000] {processor.py:914} INFO - Processing file /home/chirag/airflow/lib/python3.12/site-packages/airflow/example_dags/tutorial.py for tasks to queue
[2024-11-09T19:34:12.065+0000] {logging_mixin.py:190} INFO - [2024-11-09T19:34:12.065+0000] {dagbag.py:588} INFO - Filling up the DagBag from /home/chirag/airflow/lib/python3.12/site-packages/airflow/example_dags/tutorial.py
[2024-11-09T19:34:12.077+0000] {processor.py:925} INFO - DAG(s) 'tutorial' retrieved from /home/chirag/airflow/lib/python3.12/site-packages/airflow/example_dags/tutorial.py
[2024-11-09T19:34:12.101+0000] {logging_mixin.py:190} INFO - [2024-11-09T19:34:12.101+0000] {dag.py:3239} INFO - Sync 1 DAGs
[2024-11-09T19:34:12.145+0000] {logging_mixin.py:190} INFO - [2024-11-09T19:34:12.145+0000] {dag.py:4180} INFO - Setting next_dagrun for tutorial to 2024-11-08 00:00:00+00:00, run_after=2024-11-09 00:00:00+00:00
[2024-11-09T19:34:12.370+0000] {processor.py:208} INFO - Processing /home/chirag/airflow/lib/python3.12/site-packages/airflow/example_dags/tutorial.py took 0.318 seconds
[2024-11-09T19:34:53.711+0000] {processor.py:186} INFO - Started process (PID=2470) to work on /home/chirag/airflow/lib/python3.12/site-packages/airflow/example_dags/tutorial.py
[2024-11-09T19:34:53.715+0000] {processor.py:914} INFO - Processing file /home/chirag/airflow/lib/python3.12/site-packages/airflow/example_dags/tutorial.py for tasks to queue
[2024-11-09T19:34:53.720+0000] {logging_mixin.py:190} INFO - [2024-11-09T19:34:53.719+0000] {dagbag.py:588} INFO - Filling up the DagBag from /home/chirag/airflow/lib/python3.12/site-packages/airflow/example_dags/tutorial.py
[2024-11-09T19:34:53.734+0000] {processor.py:925} INFO - DAG(s) 'tutorial' retrieved from /home/chirag/airflow/lib/python3.12/site-packages/airflow/example_dags/tutorial.py
[2024-11-09T19:34:53.935+0000] {logging_mixin.py:190} INFO - [2024-11-09T19:34:53.934+0000] {dag.py:3239} INFO - Sync 1 DAGs
[2024-11-09T19:34:53.990+0000] {logging_mixin.py:190} INFO - [2024-11-09T19:34:53.989+0000] {dag.py:4180} INFO - Setting next_dagrun for tutorial to 2024-11-08 00:00:00+00:00, run_after=2024-11-09 00:00:00+00:00
[2024-11-09T19:34:54.027+0000] {processor.py:208} INFO - Processing /home/chirag/airflow/lib/python3.12/site-packages/airflow/example_dags/tutorial.py took 0.323 seconds
[2024-11-09T19:35:38.210+0000] {processor.py:186} INFO - Started process (PID=2686) to work on /home/chirag/airflow/lib/python3.12/site-packages/airflow/example_dags/tutorial.py
[2024-11-09T19:35:38.215+0000] {processor.py:914} INFO - Processing file /home/chirag/airflow/lib/python3.12/site-packages/airflow/example_dags/tutorial.py for tasks to queue
[2024-11-09T19:35:38.223+0000] {logging_mixin.py:190} INFO - [2024-11-09T19:35:38.220+0000] {dagbag.py:588} INFO - Filling up the DagBag from /home/chirag/airflow/lib/python3.12/site-packages/airflow/example_dags/tutorial.py
[2024-11-09T19:35:38.241+0000] {processor.py:925} INFO - DAG(s) 'tutorial' retrieved from /home/chirag/airflow/lib/python3.12/site-packages/airflow/example_dags/tutorial.py
[2024-11-09T19:35:38.272+0000] {logging_mixin.py:190} INFO - [2024-11-09T19:35:38.271+0000] {dag.py:3239} INFO - Sync 1 DAGs
[2024-11-09T19:35:38.348+0000] {logging_mixin.py:190} INFO - [2024-11-09T19:35:38.348+0000] {dag.py:4180} INFO - Setting next_dagrun for tutorial to 2024-11-08 00:00:00+00:00, run_after=2024-11-09 00:00:00+00:00
[2024-11-09T19:35:38.495+0000] {processor.py:208} INFO - Processing /home/chirag/airflow/lib/python3.12/site-packages/airflow/example_dags/tutorial.py took 0.310 seconds
[2024-11-09T19:36:22.390+0000] {processor.py:186} INFO - Started process (PID=2800) to work on /home/chirag/airflow/lib/python3.12/site-packages/airflow/example_dags/tutorial.py
[2024-11-09T19:36:22.394+0000] {processor.py:914} INFO - Processing file /home/chirag/airflow/lib/python3.12/site-packages/airflow/example_dags/tutorial.py for tasks to queue
[2024-11-09T19:36:22.397+0000] {logging_mixin.py:190} INFO - [2024-11-09T19:36:22.396+0000] {dagbag.py:588} INFO - Filling up the DagBag from /home/chirag/airflow/lib/python3.12/site-packages/airflow/example_dags/tutorial.py
[2024-11-09T19:36:22.409+0000] {processor.py:925} INFO - DAG(s) 'tutorial' retrieved from /home/chirag/airflow/lib/python3.12/site-packages/airflow/example_dags/tutorial.py
[2024-11-09T19:36:22.432+0000] {logging_mixin.py:190} INFO - [2024-11-09T19:36:22.431+0000] {dag.py:3239} INFO - Sync 1 DAGs
[2024-11-09T19:36:22.462+0000] {logging_mixin.py:190} INFO - [2024-11-09T19:36:22.462+0000] {dag.py:4180} INFO - Setting next_dagrun for tutorial to 2024-11-08 00:00:00+00:00, run_after=2024-11-09 00:00:00+00:00
[2024-11-09T19:36:22.506+0000] {processor.py:208} INFO - Processing /home/chirag/airflow/lib/python3.12/site-packages/airflow/example_dags/tutorial.py took 0.124 seconds
[2024-11-09T19:37:00.661+0000] {processor.py:186} INFO - Started process (PID=2910) to work on /home/chirag/airflow/lib/python3.12/site-packages/airflow/example_dags/tutorial.py
[2024-11-09T19:37:00.664+0000] {processor.py:914} INFO - Processing file /home/chirag/airflow/lib/python3.12/site-packages/airflow/example_dags/tutorial.py for tasks to queue
[2024-11-09T19:37:00.667+0000] {logging_mixin.py:190} INFO - [2024-11-09T19:37:00.666+0000] {dagbag.py:588} INFO - Filling up the DagBag from /home/chirag/airflow/lib/python3.12/site-packages/airflow/example_dags/tutorial.py
[2024-11-09T19:37:00.679+0000] {processor.py:925} INFO - DAG(s) 'tutorial' retrieved from /home/chirag/airflow/lib/python3.12/site-packages/airflow/example_dags/tutorial.py
[2024-11-09T19:37:00.702+0000] {logging_mixin.py:190} INFO - [2024-11-09T19:37:00.701+0000] {dag.py:3239} INFO - Sync 1 DAGs
[2024-11-09T19:37:00.799+0000] {logging_mixin.py:190} INFO - [2024-11-09T19:37:00.799+0000] {dag.py:4180} INFO - Setting next_dagrun for tutorial to 2024-11-08 00:00:00+00:00, run_after=2024-11-09 00:00:00+00:00
[2024-11-09T19:37:00.895+0000] {processor.py:208} INFO - Processing /home/chirag/airflow/lib/python3.12/site-packages/airflow/example_dags/tutorial.py took 0.243 seconds
[2024-11-09T19:37:34.440+0000] {processor.py:186} INFO - Started process (PID=3006) to work on /home/chirag/airflow/lib/python3.12/site-packages/airflow/example_dags/tutorial.py
[2024-11-09T19:37:34.441+0000] {processor.py:914} INFO - Processing file /home/chirag/airflow/lib/python3.12/site-packages/airflow/example_dags/tutorial.py for tasks to queue
[2024-11-09T19:37:34.444+0000] {logging_mixin.py:190} INFO - [2024-11-09T19:37:34.444+0000] {dagbag.py:588} INFO - Filling up the DagBag from /home/chirag/airflow/lib/python3.12/site-packages/airflow/example_dags/tutorial.py
[2024-11-09T19:37:34.457+0000] {processor.py:925} INFO - DAG(s) 'tutorial' retrieved from /home/chirag/airflow/lib/python3.12/site-packages/airflow/example_dags/tutorial.py
[2024-11-09T19:37:34.479+0000] {logging_mixin.py:190} INFO - [2024-11-09T19:37:34.479+0000] {dag.py:3239} INFO - Sync 1 DAGs
[2024-11-09T19:37:34.510+0000] {logging_mixin.py:190} INFO - [2024-11-09T19:37:34.509+0000] {dag.py:4180} INFO - Setting next_dagrun for tutorial to 2024-11-08 00:00:00+00:00, run_after=2024-11-09 00:00:00+00:00
[2024-11-09T19:37:34.550+0000] {processor.py:208} INFO - Processing /home/chirag/airflow/lib/python3.12/site-packages/airflow/example_dags/tutorial.py took 0.118 seconds
[2024-11-09T19:38:10.257+0000] {processor.py:186} INFO - Started process (PID=3202) to work on /home/chirag/airflow/lib/python3.12/site-packages/airflow/example_dags/tutorial.py
[2024-11-09T19:38:10.260+0000] {processor.py:914} INFO - Processing file /home/chirag/airflow/lib/python3.12/site-packages/airflow/example_dags/tutorial.py for tasks to queue
[2024-11-09T19:38:10.264+0000] {logging_mixin.py:190} INFO - [2024-11-09T19:38:10.263+0000] {dagbag.py:588} INFO - Filling up the DagBag from /home/chirag/airflow/lib/python3.12/site-packages/airflow/example_dags/tutorial.py
[2024-11-09T19:38:10.276+0000] {processor.py:925} INFO - DAG(s) 'tutorial' retrieved from /home/chirag/airflow/lib/python3.12/site-packages/airflow/example_dags/tutorial.py
[2024-11-09T19:38:10.301+0000] {logging_mixin.py:190} INFO - [2024-11-09T19:38:10.301+0000] {dag.py:3239} INFO - Sync 1 DAGs
[2024-11-09T19:38:10.330+0000] {logging_mixin.py:190} INFO - [2024-11-09T19:38:10.330+0000] {dag.py:4180} INFO - Setting next_dagrun for tutorial to 2024-11-08 00:00:00+00:00, run_after=2024-11-09 00:00:00+00:00
[2024-11-09T19:38:10.369+0000] {processor.py:208} INFO - Processing /home/chirag/airflow/lib/python3.12/site-packages/airflow/example_dags/tutorial.py took 0.120 seconds
[2024-11-09T19:38:47.582+0000] {processor.py:186} INFO - Started process (PID=3387) to work on /home/chirag/airflow/lib/python3.12/site-packages/airflow/example_dags/tutorial.py
[2024-11-09T19:38:47.591+0000] {processor.py:914} INFO - Processing file /home/chirag/airflow/lib/python3.12/site-packages/airflow/example_dags/tutorial.py for tasks to queue
[2024-11-09T19:38:47.594+0000] {logging_mixin.py:190} INFO - [2024-11-09T19:38:47.594+0000] {dagbag.py:588} INFO - Filling up the DagBag from /home/chirag/airflow/lib/python3.12/site-packages/airflow/example_dags/tutorial.py
[2024-11-09T19:38:47.607+0000] {processor.py:925} INFO - DAG(s) 'tutorial' retrieved from /home/chirag/airflow/lib/python3.12/site-packages/airflow/example_dags/tutorial.py
[2024-11-09T19:38:47.630+0000] {logging_mixin.py:190} INFO - [2024-11-09T19:38:47.629+0000] {dag.py:3239} INFO - Sync 1 DAGs
[2024-11-09T19:38:47.670+0000] {logging_mixin.py:190} INFO - [2024-11-09T19:38:47.670+0000] {dag.py:4180} INFO - Setting next_dagrun for tutorial to 2024-11-08 00:00:00+00:00, run_after=2024-11-09 00:00:00+00:00
[2024-11-09T19:38:47.723+0000] {processor.py:208} INFO - Processing /home/chirag/airflow/lib/python3.12/site-packages/airflow/example_dags/tutorial.py took 0.150 seconds
[2024-11-09T19:39:26.539+0000] {processor.py:186} INFO - Started process (PID=3497) to work on /home/chirag/airflow/lib/python3.12/site-packages/airflow/example_dags/tutorial.py
[2024-11-09T19:39:26.579+0000] {processor.py:914} INFO - Processing file /home/chirag/airflow/lib/python3.12/site-packages/airflow/example_dags/tutorial.py for tasks to queue
[2024-11-09T19:39:26.584+0000] {logging_mixin.py:190} INFO - [2024-11-09T19:39:26.583+0000] {dagbag.py:588} INFO - Filling up the DagBag from /home/chirag/airflow/lib/python3.12/site-packages/airflow/example_dags/tutorial.py
[2024-11-09T19:39:26.645+0000] {processor.py:925} INFO - DAG(s) 'tutorial' retrieved from /home/chirag/airflow/lib/python3.12/site-packages/airflow/example_dags/tutorial.py
[2024-11-09T19:39:26.750+0000] {logging_mixin.py:190} INFO - [2024-11-09T19:39:26.749+0000] {dag.py:3239} INFO - Sync 1 DAGs
[2024-11-09T19:39:26.892+0000] {logging_mixin.py:190} INFO - [2024-11-09T19:39:26.892+0000] {dag.py:4180} INFO - Setting next_dagrun for tutorial to 2024-11-08 00:00:00+00:00, run_after=2024-11-09 00:00:00+00:00
[2024-11-09T19:39:27.276+0000] {processor.py:208} INFO - Processing /home/chirag/airflow/lib/python3.12/site-packages/airflow/example_dags/tutorial.py took 0.767 seconds
[2024-11-09T19:40:13.357+0000] {processor.py:186} INFO - Started process (PID=3621) to work on /home/chirag/airflow/lib/python3.12/site-packages/airflow/example_dags/tutorial.py
[2024-11-09T19:40:13.359+0000] {processor.py:914} INFO - Processing file /home/chirag/airflow/lib/python3.12/site-packages/airflow/example_dags/tutorial.py for tasks to queue
[2024-11-09T19:40:13.362+0000] {logging_mixin.py:190} INFO - [2024-11-09T19:40:13.362+0000] {dagbag.py:588} INFO - Filling up the DagBag from /home/chirag/airflow/lib/python3.12/site-packages/airflow/example_dags/tutorial.py
[2024-11-09T19:40:13.375+0000] {processor.py:925} INFO - DAG(s) 'tutorial' retrieved from /home/chirag/airflow/lib/python3.12/site-packages/airflow/example_dags/tutorial.py
[2024-11-09T19:40:13.398+0000] {logging_mixin.py:190} INFO - [2024-11-09T19:40:13.398+0000] {dag.py:3239} INFO - Sync 1 DAGs
[2024-11-09T19:40:13.427+0000] {logging_mixin.py:190} INFO - [2024-11-09T19:40:13.427+0000] {dag.py:4180} INFO - Setting next_dagrun for tutorial to 2024-11-08 00:00:00+00:00, run_after=2024-11-09 00:00:00+00:00
[2024-11-09T19:40:13.466+0000] {processor.py:208} INFO - Processing /home/chirag/airflow/lib/python3.12/site-packages/airflow/example_dags/tutorial.py took 0.117 seconds
[2024-11-09T19:40:50.751+0000] {processor.py:186} INFO - Started process (PID=3727) to work on /home/chirag/airflow/lib/python3.12/site-packages/airflow/example_dags/tutorial.py
[2024-11-09T19:40:50.762+0000] {processor.py:914} INFO - Processing file /home/chirag/airflow/lib/python3.12/site-packages/airflow/example_dags/tutorial.py for tasks to queue
[2024-11-09T19:40:50.765+0000] {logging_mixin.py:190} INFO - [2024-11-09T19:40:50.764+0000] {dagbag.py:588} INFO - Filling up the DagBag from /home/chirag/airflow/lib/python3.12/site-packages/airflow/example_dags/tutorial.py
[2024-11-09T19:40:50.777+0000] {processor.py:925} INFO - DAG(s) 'tutorial' retrieved from /home/chirag/airflow/lib/python3.12/site-packages/airflow/example_dags/tutorial.py
[2024-11-09T19:40:50.800+0000] {logging_mixin.py:190} INFO - [2024-11-09T19:40:50.799+0000] {dag.py:3239} INFO - Sync 1 DAGs
[2024-11-09T19:40:50.828+0000] {logging_mixin.py:190} INFO - [2024-11-09T19:40:50.828+0000] {dag.py:4180} INFO - Setting next_dagrun for tutorial to 2024-11-08 00:00:00+00:00, run_after=2024-11-09 00:00:00+00:00
[2024-11-09T19:40:50.900+0000] {processor.py:208} INFO - Processing /home/chirag/airflow/lib/python3.12/site-packages/airflow/example_dags/tutorial.py took 0.157 seconds
[2024-11-09T19:41:27.626+0000] {processor.py:186} INFO - Started process (PID=3830) to work on /home/chirag/airflow/lib/python3.12/site-packages/airflow/example_dags/tutorial.py
[2024-11-09T19:41:27.629+0000] {processor.py:914} INFO - Processing file /home/chirag/airflow/lib/python3.12/site-packages/airflow/example_dags/tutorial.py for tasks to queue
[2024-11-09T19:41:27.632+0000] {logging_mixin.py:190} INFO - [2024-11-09T19:41:27.632+0000] {dagbag.py:588} INFO - Filling up the DagBag from /home/chirag/airflow/lib/python3.12/site-packages/airflow/example_dags/tutorial.py
[2024-11-09T19:41:27.644+0000] {processor.py:925} INFO - DAG(s) 'tutorial' retrieved from /home/chirag/airflow/lib/python3.12/site-packages/airflow/example_dags/tutorial.py
[2024-11-09T19:41:27.667+0000] {logging_mixin.py:190} INFO - [2024-11-09T19:41:27.666+0000] {dag.py:3239} INFO - Sync 1 DAGs
[2024-11-09T19:41:27.696+0000] {logging_mixin.py:190} INFO - [2024-11-09T19:41:27.695+0000] {dag.py:4180} INFO - Setting next_dagrun for tutorial to 2024-11-08 00:00:00+00:00, run_after=2024-11-09 00:00:00+00:00
[2024-11-09T19:41:27.732+0000] {processor.py:208} INFO - Processing /home/chirag/airflow/lib/python3.12/site-packages/airflow/example_dags/tutorial.py took 0.114 seconds
[2024-11-09T19:42:04.482+0000] {processor.py:186} INFO - Started process (PID=3935) to work on /home/chirag/airflow/lib/python3.12/site-packages/airflow/example_dags/tutorial.py
[2024-11-09T19:42:04.485+0000] {processor.py:914} INFO - Processing file /home/chirag/airflow/lib/python3.12/site-packages/airflow/example_dags/tutorial.py for tasks to queue
[2024-11-09T19:42:04.489+0000] {logging_mixin.py:190} INFO - [2024-11-09T19:42:04.488+0000] {dagbag.py:588} INFO - Filling up the DagBag from /home/chirag/airflow/lib/python3.12/site-packages/airflow/example_dags/tutorial.py
[2024-11-09T19:42:04.501+0000] {processor.py:925} INFO - DAG(s) 'tutorial' retrieved from /home/chirag/airflow/lib/python3.12/site-packages/airflow/example_dags/tutorial.py
[2024-11-09T19:42:04.523+0000] {logging_mixin.py:190} INFO - [2024-11-09T19:42:04.523+0000] {dag.py:3239} INFO - Sync 1 DAGs
[2024-11-09T19:42:04.552+0000] {logging_mixin.py:190} INFO - [2024-11-09T19:42:04.551+0000] {dag.py:4180} INFO - Setting next_dagrun for tutorial to 2024-11-08 00:00:00+00:00, run_after=2024-11-09 00:00:00+00:00
[2024-11-09T19:42:04.587+0000] {processor.py:208} INFO - Processing /home/chirag/airflow/lib/python3.12/site-packages/airflow/example_dags/tutorial.py took 0.113 seconds
[2024-11-09T19:42:40.600+0000] {processor.py:186} INFO - Started process (PID=4039) to work on /home/chirag/airflow/lib/python3.12/site-packages/airflow/example_dags/tutorial.py
[2024-11-09T19:42:40.601+0000] {processor.py:914} INFO - Processing file /home/chirag/airflow/lib/python3.12/site-packages/airflow/example_dags/tutorial.py for tasks to queue
[2024-11-09T19:42:40.606+0000] {logging_mixin.py:190} INFO - [2024-11-09T19:42:40.604+0000] {dagbag.py:588} INFO - Filling up the DagBag from /home/chirag/airflow/lib/python3.12/site-packages/airflow/example_dags/tutorial.py
[2024-11-09T19:42:40.621+0000] {processor.py:925} INFO - DAG(s) 'tutorial' retrieved from /home/chirag/airflow/lib/python3.12/site-packages/airflow/example_dags/tutorial.py
[2024-11-09T19:42:40.651+0000] {logging_mixin.py:190} INFO - [2024-11-09T19:42:40.651+0000] {dag.py:3239} INFO - Sync 1 DAGs
[2024-11-09T19:42:40.693+0000] {logging_mixin.py:190} INFO - [2024-11-09T19:42:40.693+0000] {dag.py:4180} INFO - Setting next_dagrun for tutorial to 2024-11-08 00:00:00+00:00, run_after=2024-11-09 00:00:00+00:00
[2024-11-09T19:42:40.735+0000] {processor.py:208} INFO - Processing /home/chirag/airflow/lib/python3.12/site-packages/airflow/example_dags/tutorial.py took 0.146 seconds
[2024-11-09T19:43:21.367+0000] {processor.py:186} INFO - Started process (PID=4156) to work on /home/chirag/airflow/lib/python3.12/site-packages/airflow/example_dags/tutorial.py
[2024-11-09T19:43:21.369+0000] {processor.py:914} INFO - Processing file /home/chirag/airflow/lib/python3.12/site-packages/airflow/example_dags/tutorial.py for tasks to queue
[2024-11-09T19:43:21.373+0000] {logging_mixin.py:190} INFO - [2024-11-09T19:43:21.372+0000] {dagbag.py:588} INFO - Filling up the DagBag from /home/chirag/airflow/lib/python3.12/site-packages/airflow/example_dags/tutorial.py
[2024-11-09T19:43:21.385+0000] {processor.py:925} INFO - DAG(s) 'tutorial' retrieved from /home/chirag/airflow/lib/python3.12/site-packages/airflow/example_dags/tutorial.py
[2024-11-09T19:43:21.408+0000] {logging_mixin.py:190} INFO - [2024-11-09T19:43:21.408+0000] {dag.py:3239} INFO - Sync 1 DAGs
[2024-11-09T19:43:21.458+0000] {logging_mixin.py:190} INFO - [2024-11-09T19:43:21.458+0000] {dag.py:4180} INFO - Setting next_dagrun for tutorial to 2024-11-08 00:00:00+00:00, run_after=2024-11-09 00:00:00+00:00
[2024-11-09T19:43:21.507+0000] {processor.py:208} INFO - Processing /home/chirag/airflow/lib/python3.12/site-packages/airflow/example_dags/tutorial.py took 0.152 seconds
[2024-11-09T19:44:01.575+0000] {processor.py:186} INFO - Started process (PID=4272) to work on /home/chirag/airflow/lib/python3.12/site-packages/airflow/example_dags/tutorial.py
[2024-11-09T19:44:01.578+0000] {processor.py:914} INFO - Processing file /home/chirag/airflow/lib/python3.12/site-packages/airflow/example_dags/tutorial.py for tasks to queue
[2024-11-09T19:44:01.582+0000] {logging_mixin.py:190} INFO - [2024-11-09T19:44:01.581+0000] {dagbag.py:588} INFO - Filling up the DagBag from /home/chirag/airflow/lib/python3.12/site-packages/airflow/example_dags/tutorial.py
[2024-11-09T19:44:01.594+0000] {processor.py:925} INFO - DAG(s) 'tutorial' retrieved from /home/chirag/airflow/lib/python3.12/site-packages/airflow/example_dags/tutorial.py
[2024-11-09T19:44:01.618+0000] {logging_mixin.py:190} INFO - [2024-11-09T19:44:01.617+0000] {dag.py:3239} INFO - Sync 1 DAGs
[2024-11-09T19:44:01.667+0000] {logging_mixin.py:190} INFO - [2024-11-09T19:44:01.667+0000] {dag.py:4180} INFO - Setting next_dagrun for tutorial to 2024-11-08 00:00:00+00:00, run_after=2024-11-09 00:00:00+00:00
[2024-11-09T19:44:01.707+0000] {processor.py:208} INFO - Processing /home/chirag/airflow/lib/python3.12/site-packages/airflow/example_dags/tutorial.py took 0.140 seconds
[2024-11-09T19:44:36.826+0000] {processor.py:186} INFO - Started process (PID=4376) to work on /home/chirag/airflow/lib/python3.12/site-packages/airflow/example_dags/tutorial.py
[2024-11-09T19:44:36.830+0000] {processor.py:914} INFO - Processing file /home/chirag/airflow/lib/python3.12/site-packages/airflow/example_dags/tutorial.py for tasks to queue
[2024-11-09T19:44:36.833+0000] {logging_mixin.py:190} INFO - [2024-11-09T19:44:36.832+0000] {dagbag.py:588} INFO - Filling up the DagBag from /home/chirag/airflow/lib/python3.12/site-packages/airflow/example_dags/tutorial.py
[2024-11-09T19:44:36.845+0000] {processor.py:925} INFO - DAG(s) 'tutorial' retrieved from /home/chirag/airflow/lib/python3.12/site-packages/airflow/example_dags/tutorial.py
[2024-11-09T19:44:36.877+0000] {logging_mixin.py:190} INFO - [2024-11-09T19:44:36.876+0000] {dag.py:3239} INFO - Sync 1 DAGs
[2024-11-09T19:44:36.928+0000] {logging_mixin.py:190} INFO - [2024-11-09T19:44:36.928+0000] {dag.py:4180} INFO - Setting next_dagrun for tutorial to 2024-11-08 00:00:00+00:00, run_after=2024-11-09 00:00:00+00:00
[2024-11-09T19:44:36.980+0000] {processor.py:208} INFO - Processing /home/chirag/airflow/lib/python3.12/site-packages/airflow/example_dags/tutorial.py took 0.162 seconds
[2024-11-09T19:45:11.385+0000] {processor.py:186} INFO - Started process (PID=4474) to work on /home/chirag/airflow/lib/python3.12/site-packages/airflow/example_dags/tutorial.py
[2024-11-09T19:45:11.390+0000] {processor.py:914} INFO - Processing file /home/chirag/airflow/lib/python3.12/site-packages/airflow/example_dags/tutorial.py for tasks to queue
[2024-11-09T19:45:11.393+0000] {logging_mixin.py:190} INFO - [2024-11-09T19:45:11.393+0000] {dagbag.py:588} INFO - Filling up the DagBag from /home/chirag/airflow/lib/python3.12/site-packages/airflow/example_dags/tutorial.py
[2024-11-09T19:45:11.405+0000] {processor.py:925} INFO - DAG(s) 'tutorial' retrieved from /home/chirag/airflow/lib/python3.12/site-packages/airflow/example_dags/tutorial.py
[2024-11-09T19:45:11.428+0000] {logging_mixin.py:190} INFO - [2024-11-09T19:45:11.428+0000] {dag.py:3239} INFO - Sync 1 DAGs
[2024-11-09T19:45:11.456+0000] {logging_mixin.py:190} INFO - [2024-11-09T19:45:11.456+0000] {dag.py:4180} INFO - Setting next_dagrun for tutorial to 2024-11-08 00:00:00+00:00, run_after=2024-11-09 00:00:00+00:00
[2024-11-09T19:45:11.497+0000] {processor.py:208} INFO - Processing /home/chirag/airflow/lib/python3.12/site-packages/airflow/example_dags/tutorial.py took 0.121 seconds
[2024-11-09T19:46:17.705+0000] {processor.py:186} INFO - Started process (PID=4662) to work on /home/chirag/airflow/lib/python3.12/site-packages/airflow/example_dags/tutorial.py
[2024-11-09T19:46:17.740+0000] {processor.py:914} INFO - Processing file /home/chirag/airflow/lib/python3.12/site-packages/airflow/example_dags/tutorial.py for tasks to queue
[2024-11-09T19:46:17.747+0000] {logging_mixin.py:190} INFO - [2024-11-09T19:46:17.746+0000] {dagbag.py:588} INFO - Filling up the DagBag from /home/chirag/airflow/lib/python3.12/site-packages/airflow/example_dags/tutorial.py
[2024-11-09T19:46:17.779+0000] {processor.py:925} INFO - DAG(s) 'tutorial' retrieved from /home/chirag/airflow/lib/python3.12/site-packages/airflow/example_dags/tutorial.py
[2024-11-09T19:46:17.835+0000] {logging_mixin.py:190} INFO - [2024-11-09T19:46:17.834+0000] {dag.py:3239} INFO - Sync 1 DAGs
[2024-11-09T19:46:17.881+0000] {logging_mixin.py:190} INFO - [2024-11-09T19:46:17.881+0000] {dag.py:4180} INFO - Setting next_dagrun for tutorial to 2024-11-08 00:00:00+00:00, run_after=2024-11-09 00:00:00+00:00
[2024-11-09T19:46:17.918+0000] {processor.py:208} INFO - Processing /home/chirag/airflow/lib/python3.12/site-packages/airflow/example_dags/tutorial.py took 0.246 seconds
[2024-11-09T19:47:06.646+0000] {processor.py:186} INFO - Started process (PID=4834) to work on /home/chirag/airflow/lib/python3.12/site-packages/airflow/example_dags/tutorial.py
[2024-11-09T19:47:06.650+0000] {processor.py:914} INFO - Processing file /home/chirag/airflow/lib/python3.12/site-packages/airflow/example_dags/tutorial.py for tasks to queue
[2024-11-09T19:47:06.655+0000] {logging_mixin.py:190} INFO - [2024-11-09T19:47:06.654+0000] {dagbag.py:588} INFO - Filling up the DagBag from /home/chirag/airflow/lib/python3.12/site-packages/airflow/example_dags/tutorial.py
[2024-11-09T19:47:06.674+0000] {processor.py:925} INFO - DAG(s) 'tutorial' retrieved from /home/chirag/airflow/lib/python3.12/site-packages/airflow/example_dags/tutorial.py
[2024-11-09T19:47:06.712+0000] {logging_mixin.py:190} INFO - [2024-11-09T19:47:06.711+0000] {dag.py:3239} INFO - Sync 1 DAGs
[2024-11-09T19:47:06.762+0000] {logging_mixin.py:190} INFO - [2024-11-09T19:47:06.762+0000] {dag.py:4180} INFO - Setting next_dagrun for tutorial to 2024-11-08 00:00:00+00:00, run_after=2024-11-09 00:00:00+00:00
[2024-11-09T19:47:06.795+0000] {processor.py:208} INFO - Processing /home/chirag/airflow/lib/python3.12/site-packages/airflow/example_dags/tutorial.py took 0.159 seconds
[2024-11-09T19:47:42.567+0000] {processor.py:186} INFO - Started process (PID=4946) to work on /home/chirag/airflow/lib/python3.12/site-packages/airflow/example_dags/tutorial.py
[2024-11-09T19:47:42.570+0000] {processor.py:914} INFO - Processing file /home/chirag/airflow/lib/python3.12/site-packages/airflow/example_dags/tutorial.py for tasks to queue
[2024-11-09T19:47:42.574+0000] {logging_mixin.py:190} INFO - [2024-11-09T19:47:42.574+0000] {dagbag.py:588} INFO - Filling up the DagBag from /home/chirag/airflow/lib/python3.12/site-packages/airflow/example_dags/tutorial.py
[2024-11-09T19:47:42.593+0000] {processor.py:925} INFO - DAG(s) 'tutorial' retrieved from /home/chirag/airflow/lib/python3.12/site-packages/airflow/example_dags/tutorial.py
[2024-11-09T19:47:42.621+0000] {logging_mixin.py:190} INFO - [2024-11-09T19:47:42.621+0000] {dag.py:3239} INFO - Sync 1 DAGs
[2024-11-09T19:47:42.663+0000] {logging_mixin.py:190} INFO - [2024-11-09T19:47:42.663+0000] {dag.py:4180} INFO - Setting next_dagrun for tutorial to 2024-11-08 00:00:00+00:00, run_after=2024-11-09 00:00:00+00:00
[2024-11-09T19:47:42.698+0000] {processor.py:208} INFO - Processing /home/chirag/airflow/lib/python3.12/site-packages/airflow/example_dags/tutorial.py took 0.143 seconds
[2024-11-09T19:48:22.536+0000] {processor.py:186} INFO - Started process (PID=5063) to work on /home/chirag/airflow/lib/python3.12/site-packages/airflow/example_dags/tutorial.py
[2024-11-09T19:48:22.539+0000] {processor.py:914} INFO - Processing file /home/chirag/airflow/lib/python3.12/site-packages/airflow/example_dags/tutorial.py for tasks to queue
[2024-11-09T19:48:22.544+0000] {logging_mixin.py:190} INFO - [2024-11-09T19:48:22.543+0000] {dagbag.py:588} INFO - Filling up the DagBag from /home/chirag/airflow/lib/python3.12/site-packages/airflow/example_dags/tutorial.py
[2024-11-09T19:48:22.561+0000] {processor.py:925} INFO - DAG(s) 'tutorial' retrieved from /home/chirag/airflow/lib/python3.12/site-packages/airflow/example_dags/tutorial.py
[2024-11-09T19:48:22.587+0000] {logging_mixin.py:190} INFO - [2024-11-09T19:48:22.586+0000] {dag.py:3239} INFO - Sync 1 DAGs
[2024-11-09T19:48:22.618+0000] {logging_mixin.py:190} INFO - [2024-11-09T19:48:22.617+0000] {dag.py:4180} INFO - Setting next_dagrun for tutorial to 2024-11-08 00:00:00+00:00, run_after=2024-11-09 00:00:00+00:00
[2024-11-09T19:48:22.660+0000] {processor.py:208} INFO - Processing /home/chirag/airflow/lib/python3.12/site-packages/airflow/example_dags/tutorial.py took 0.140 seconds
[2024-11-09T19:49:00.479+0000] {processor.py:186} INFO - Started process (PID=5174) to work on /home/chirag/airflow/lib/python3.12/site-packages/airflow/example_dags/tutorial.py
[2024-11-09T19:49:00.482+0000] {processor.py:914} INFO - Processing file /home/chirag/airflow/lib/python3.12/site-packages/airflow/example_dags/tutorial.py for tasks to queue
[2024-11-09T19:49:00.485+0000] {logging_mixin.py:190} INFO - [2024-11-09T19:49:00.485+0000] {dagbag.py:588} INFO - Filling up the DagBag from /home/chirag/airflow/lib/python3.12/site-packages/airflow/example_dags/tutorial.py
[2024-11-09T19:49:00.498+0000] {processor.py:925} INFO - DAG(s) 'tutorial' retrieved from /home/chirag/airflow/lib/python3.12/site-packages/airflow/example_dags/tutorial.py
[2024-11-09T19:49:00.521+0000] {logging_mixin.py:190} INFO - [2024-11-09T19:49:00.520+0000] {dag.py:3239} INFO - Sync 1 DAGs
[2024-11-09T19:49:00.550+0000] {logging_mixin.py:190} INFO - [2024-11-09T19:49:00.549+0000] {dag.py:4180} INFO - Setting next_dagrun for tutorial to 2024-11-08 00:00:00+00:00, run_after=2024-11-09 00:00:00+00:00
[2024-11-09T19:49:00.586+0000] {processor.py:208} INFO - Processing /home/chirag/airflow/lib/python3.12/site-packages/airflow/example_dags/tutorial.py took 0.116 seconds
[2024-11-09T19:49:35.734+0000] {processor.py:186} INFO - Started process (PID=5281) to work on /home/chirag/airflow/lib/python3.12/site-packages/airflow/example_dags/tutorial.py
[2024-11-09T19:49:35.738+0000] {processor.py:914} INFO - Processing file /home/chirag/airflow/lib/python3.12/site-packages/airflow/example_dags/tutorial.py for tasks to queue
[2024-11-09T19:49:35.744+0000] {logging_mixin.py:190} INFO - [2024-11-09T19:49:35.743+0000] {dagbag.py:588} INFO - Filling up the DagBag from /home/chirag/airflow/lib/python3.12/site-packages/airflow/example_dags/tutorial.py
[2024-11-09T19:49:35.763+0000] {processor.py:925} INFO - DAG(s) 'tutorial' retrieved from /home/chirag/airflow/lib/python3.12/site-packages/airflow/example_dags/tutorial.py
[2024-11-09T19:49:35.798+0000] {logging_mixin.py:190} INFO - [2024-11-09T19:49:35.797+0000] {dag.py:3239} INFO - Sync 1 DAGs
[2024-11-09T19:49:35.841+0000] {logging_mixin.py:190} INFO - [2024-11-09T19:49:35.840+0000] {dag.py:4180} INFO - Setting next_dagrun for tutorial to 2024-11-08 00:00:00+00:00, run_after=2024-11-09 00:00:00+00:00
[2024-11-09T19:49:35.884+0000] {processor.py:208} INFO - Processing /home/chirag/airflow/lib/python3.12/site-packages/airflow/example_dags/tutorial.py took 0.165 seconds
[2024-11-09T19:50:11.041+0000] {processor.py:186} INFO - Started process (PID=5530) to work on /home/chirag/airflow/lib/python3.12/site-packages/airflow/example_dags/tutorial.py
[2024-11-09T19:50:11.046+0000] {processor.py:914} INFO - Processing file /home/chirag/airflow/lib/python3.12/site-packages/airflow/example_dags/tutorial.py for tasks to queue
[2024-11-09T19:50:11.050+0000] {logging_mixin.py:190} INFO - [2024-11-09T19:50:11.049+0000] {dagbag.py:588} INFO - Filling up the DagBag from /home/chirag/airflow/lib/python3.12/site-packages/airflow/example_dags/tutorial.py
[2024-11-09T19:50:11.062+0000] {processor.py:925} INFO - DAG(s) 'tutorial' retrieved from /home/chirag/airflow/lib/python3.12/site-packages/airflow/example_dags/tutorial.py
[2024-11-09T19:50:11.085+0000] {logging_mixin.py:190} INFO - [2024-11-09T19:50:11.084+0000] {dag.py:3239} INFO - Sync 1 DAGs
[2024-11-09T19:50:11.113+0000] {logging_mixin.py:190} INFO - [2024-11-09T19:50:11.113+0000] {dag.py:4180} INFO - Setting next_dagrun for tutorial to 2024-11-08 00:00:00+00:00, run_after=2024-11-09 00:00:00+00:00
[2024-11-09T19:50:11.148+0000] {processor.py:208} INFO - Processing /home/chirag/airflow/lib/python3.12/site-packages/airflow/example_dags/tutorial.py took 0.115 seconds
[2024-11-09T19:50:47.437+0000] {processor.py:186} INFO - Started process (PID=5754) to work on /home/chirag/airflow/lib/python3.12/site-packages/airflow/example_dags/tutorial.py
[2024-11-09T19:50:47.445+0000] {processor.py:914} INFO - Processing file /home/chirag/airflow/lib/python3.12/site-packages/airflow/example_dags/tutorial.py for tasks to queue
[2024-11-09T19:50:47.450+0000] {logging_mixin.py:190} INFO - [2024-11-09T19:50:47.449+0000] {dagbag.py:588} INFO - Filling up the DagBag from /home/chirag/airflow/lib/python3.12/site-packages/airflow/example_dags/tutorial.py
[2024-11-09T19:50:47.486+0000] {processor.py:925} INFO - DAG(s) 'tutorial' retrieved from /home/chirag/airflow/lib/python3.12/site-packages/airflow/example_dags/tutorial.py
[2024-11-09T19:50:47.518+0000] {logging_mixin.py:190} INFO - [2024-11-09T19:50:47.517+0000] {dag.py:3239} INFO - Sync 1 DAGs
[2024-11-09T19:50:47.568+0000] {logging_mixin.py:190} INFO - [2024-11-09T19:50:47.568+0000] {dag.py:4180} INFO - Setting next_dagrun for tutorial to 2024-11-08 00:00:00+00:00, run_after=2024-11-09 00:00:00+00:00
[2024-11-09T19:50:47.620+0000] {processor.py:208} INFO - Processing /home/chirag/airflow/lib/python3.12/site-packages/airflow/example_dags/tutorial.py took 0.205 seconds
[2024-11-09T19:51:23.209+0000] {processor.py:186} INFO - Started process (PID=6144) to work on /home/chirag/airflow/lib/python3.12/site-packages/airflow/example_dags/tutorial.py
[2024-11-09T19:51:23.214+0000] {processor.py:914} INFO - Processing file /home/chirag/airflow/lib/python3.12/site-packages/airflow/example_dags/tutorial.py for tasks to queue
[2024-11-09T19:51:23.218+0000] {logging_mixin.py:190} INFO - [2024-11-09T19:51:23.218+0000] {dagbag.py:588} INFO - Filling up the DagBag from /home/chirag/airflow/lib/python3.12/site-packages/airflow/example_dags/tutorial.py
[2024-11-09T19:51:23.231+0000] {processor.py:925} INFO - DAG(s) 'tutorial' retrieved from /home/chirag/airflow/lib/python3.12/site-packages/airflow/example_dags/tutorial.py
[2024-11-09T19:51:23.254+0000] {logging_mixin.py:190} INFO - [2024-11-09T19:51:23.254+0000] {dag.py:3239} INFO - Sync 1 DAGs
[2024-11-09T19:51:23.286+0000] {logging_mixin.py:190} INFO - [2024-11-09T19:51:23.286+0000] {dag.py:4180} INFO - Setting next_dagrun for tutorial to 2024-11-08 00:00:00+00:00, run_after=2024-11-09 00:00:00+00:00
[2024-11-09T19:51:23.322+0000] {processor.py:208} INFO - Processing /home/chirag/airflow/lib/python3.12/site-packages/airflow/example_dags/tutorial.py took 0.121 seconds
[2024-11-09T19:52:03.031+0000] {processor.py:186} INFO - Started process (PID=6282) to work on /home/chirag/airflow/lib/python3.12/site-packages/airflow/example_dags/tutorial.py
[2024-11-09T19:52:03.033+0000] {processor.py:914} INFO - Processing file /home/chirag/airflow/lib/python3.12/site-packages/airflow/example_dags/tutorial.py for tasks to queue
[2024-11-09T19:52:03.037+0000] {logging_mixin.py:190} INFO - [2024-11-09T19:52:03.036+0000] {dagbag.py:588} INFO - Filling up the DagBag from /home/chirag/airflow/lib/python3.12/site-packages/airflow/example_dags/tutorial.py
[2024-11-09T19:52:03.053+0000] {processor.py:925} INFO - DAG(s) 'tutorial' retrieved from /home/chirag/airflow/lib/python3.12/site-packages/airflow/example_dags/tutorial.py
[2024-11-09T19:52:03.086+0000] {logging_mixin.py:190} INFO - [2024-11-09T19:52:03.086+0000] {dag.py:3239} INFO - Sync 1 DAGs
[2024-11-09T19:52:03.138+0000] {logging_mixin.py:190} INFO - [2024-11-09T19:52:03.137+0000] {dag.py:4180} INFO - Setting next_dagrun for tutorial to 2024-11-08 00:00:00+00:00, run_after=2024-11-09 00:00:00+00:00
[2024-11-09T19:52:03.185+0000] {processor.py:208} INFO - Processing /home/chirag/airflow/lib/python3.12/site-packages/airflow/example_dags/tutorial.py took 0.168 seconds
[2024-11-09T19:53:01.872+0000] {processor.py:186} INFO - Started process (PID=6570) to work on /home/chirag/airflow/lib/python3.12/site-packages/airflow/example_dags/tutorial.py
[2024-11-09T19:53:01.894+0000] {processor.py:914} INFO - Processing file /home/chirag/airflow/lib/python3.12/site-packages/airflow/example_dags/tutorial.py for tasks to queue
[2024-11-09T19:53:01.899+0000] {logging_mixin.py:190} INFO - [2024-11-09T19:53:01.898+0000] {dagbag.py:588} INFO - Filling up the DagBag from /home/chirag/airflow/lib/python3.12/site-packages/airflow/example_dags/tutorial.py
[2024-11-09T19:53:01.963+0000] {processor.py:925} INFO - DAG(s) 'tutorial' retrieved from /home/chirag/airflow/lib/python3.12/site-packages/airflow/example_dags/tutorial.py
[2024-11-09T19:53:02.108+0000] {logging_mixin.py:190} INFO - [2024-11-09T19:53:02.108+0000] {dag.py:3239} INFO - Sync 1 DAGs
[2024-11-09T19:53:02.235+0000] {logging_mixin.py:190} INFO - [2024-11-09T19:53:02.234+0000] {dag.py:4180} INFO - Setting next_dagrun for tutorial to 2024-11-08 00:00:00+00:00, run_after=2024-11-09 00:00:00+00:00
[2024-11-09T19:53:02.329+0000] {processor.py:208} INFO - Processing /home/chirag/airflow/lib/python3.12/site-packages/airflow/example_dags/tutorial.py took 0.482 seconds
[2024-11-09T19:53:51.722+0000] {processor.py:186} INFO - Started process (PID=6874) to work on /home/chirag/airflow/lib/python3.12/site-packages/airflow/example_dags/tutorial.py
[2024-11-09T19:53:51.725+0000] {processor.py:914} INFO - Processing file /home/chirag/airflow/lib/python3.12/site-packages/airflow/example_dags/tutorial.py for tasks to queue
[2024-11-09T19:53:51.728+0000] {logging_mixin.py:190} INFO - [2024-11-09T19:53:51.727+0000] {dagbag.py:588} INFO - Filling up the DagBag from /home/chirag/airflow/lib/python3.12/site-packages/airflow/example_dags/tutorial.py
[2024-11-09T19:53:51.744+0000] {processor.py:925} INFO - DAG(s) 'tutorial' retrieved from /home/chirag/airflow/lib/python3.12/site-packages/airflow/example_dags/tutorial.py
[2024-11-09T19:53:51.771+0000] {logging_mixin.py:190} INFO - [2024-11-09T19:53:51.771+0000] {dag.py:3239} INFO - Sync 1 DAGs
[2024-11-09T19:53:51.822+0000] {logging_mixin.py:190} INFO - [2024-11-09T19:53:51.821+0000] {dag.py:4180} INFO - Setting next_dagrun for tutorial to 2024-11-08 00:00:00+00:00, run_after=2024-11-09 00:00:00+00:00
[2024-11-09T19:53:51.934+0000] {processor.py:208} INFO - Processing /home/chirag/airflow/lib/python3.12/site-packages/airflow/example_dags/tutorial.py took 0.226 seconds
[2024-11-09T19:54:28.813+0000] {processor.py:186} INFO - Started process (PID=7202) to work on /home/chirag/airflow/lib/python3.12/site-packages/airflow/example_dags/tutorial.py
[2024-11-09T19:54:28.816+0000] {processor.py:914} INFO - Processing file /home/chirag/airflow/lib/python3.12/site-packages/airflow/example_dags/tutorial.py for tasks to queue
[2024-11-09T19:54:28.820+0000] {logging_mixin.py:190} INFO - [2024-11-09T19:54:28.819+0000] {dagbag.py:588} INFO - Filling up the DagBag from /home/chirag/airflow/lib/python3.12/site-packages/airflow/example_dags/tutorial.py
[2024-11-09T19:54:28.832+0000] {processor.py:925} INFO - DAG(s) 'tutorial' retrieved from /home/chirag/airflow/lib/python3.12/site-packages/airflow/example_dags/tutorial.py
[2024-11-09T19:54:28.855+0000] {logging_mixin.py:190} INFO - [2024-11-09T19:54:28.854+0000] {dag.py:3239} INFO - Sync 1 DAGs
[2024-11-09T19:54:28.884+0000] {logging_mixin.py:190} INFO - [2024-11-09T19:54:28.884+0000] {dag.py:4180} INFO - Setting next_dagrun for tutorial to 2024-11-08 00:00:00+00:00, run_after=2024-11-09 00:00:00+00:00
[2024-11-09T19:54:28.922+0000] {processor.py:208} INFO - Processing /home/chirag/airflow/lib/python3.12/site-packages/airflow/example_dags/tutorial.py took 0.118 seconds
[2024-11-09T19:55:05.207+0000] {processor.py:186} INFO - Started process (PID=7474) to work on /home/chirag/airflow/lib/python3.12/site-packages/airflow/example_dags/tutorial.py
[2024-11-09T19:55:05.212+0000] {processor.py:914} INFO - Processing file /home/chirag/airflow/lib/python3.12/site-packages/airflow/example_dags/tutorial.py for tasks to queue
[2024-11-09T19:55:05.217+0000] {logging_mixin.py:190} INFO - [2024-11-09T19:55:05.216+0000] {dagbag.py:588} INFO - Filling up the DagBag from /home/chirag/airflow/lib/python3.12/site-packages/airflow/example_dags/tutorial.py
[2024-11-09T19:55:05.232+0000] {processor.py:925} INFO - DAG(s) 'tutorial' retrieved from /home/chirag/airflow/lib/python3.12/site-packages/airflow/example_dags/tutorial.py
[2024-11-09T19:55:05.259+0000] {logging_mixin.py:190} INFO - [2024-11-09T19:55:05.258+0000] {dag.py:3239} INFO - Sync 1 DAGs
[2024-11-09T19:55:05.290+0000] {logging_mixin.py:190} INFO - [2024-11-09T19:55:05.289+0000] {dag.py:4180} INFO - Setting next_dagrun for tutorial to 2024-11-08 00:00:00+00:00, run_after=2024-11-09 00:00:00+00:00
[2024-11-09T19:55:05.328+0000] {processor.py:208} INFO - Processing /home/chirag/airflow/lib/python3.12/site-packages/airflow/example_dags/tutorial.py took 0.131 seconds
[2024-11-09T19:55:45.893+0000] {processor.py:186} INFO - Started process (PID=7781) to work on /home/chirag/airflow/lib/python3.12/site-packages/airflow/example_dags/tutorial.py
[2024-11-09T19:55:45.896+0000] {processor.py:914} INFO - Processing file /home/chirag/airflow/lib/python3.12/site-packages/airflow/example_dags/tutorial.py for tasks to queue
[2024-11-09T19:55:45.901+0000] {logging_mixin.py:190} INFO - [2024-11-09T19:55:45.900+0000] {dagbag.py:588} INFO - Filling up the DagBag from /home/chirag/airflow/lib/python3.12/site-packages/airflow/example_dags/tutorial.py
[2024-11-09T19:55:45.916+0000] {processor.py:925} INFO - DAG(s) 'tutorial' retrieved from /home/chirag/airflow/lib/python3.12/site-packages/airflow/example_dags/tutorial.py
[2024-11-09T19:55:45.954+0000] {logging_mixin.py:190} INFO - [2024-11-09T19:55:45.953+0000] {dag.py:3239} INFO - Sync 1 DAGs
[2024-11-09T19:55:46.008+0000] {logging_mixin.py:190} INFO - [2024-11-09T19:55:46.007+0000] {dag.py:4180} INFO - Setting next_dagrun for tutorial to 2024-11-08 00:00:00+00:00, run_after=2024-11-09 00:00:00+00:00
[2024-11-09T19:55:46.047+0000] {processor.py:208} INFO - Processing /home/chirag/airflow/lib/python3.12/site-packages/airflow/example_dags/tutorial.py took 0.173 seconds
[2024-11-09T19:56:31.846+0000] {processor.py:186} INFO - Started process (PID=7959) to work on /home/chirag/airflow/lib/python3.12/site-packages/airflow/example_dags/tutorial.py
[2024-11-09T19:56:31.849+0000] {processor.py:914} INFO - Processing file /home/chirag/airflow/lib/python3.12/site-packages/airflow/example_dags/tutorial.py for tasks to queue
[2024-11-09T19:56:31.852+0000] {logging_mixin.py:190} INFO - [2024-11-09T19:56:31.851+0000] {dagbag.py:588} INFO - Filling up the DagBag from /home/chirag/airflow/lib/python3.12/site-packages/airflow/example_dags/tutorial.py
[2024-11-09T19:56:31.867+0000] {processor.py:925} INFO - DAG(s) 'tutorial' retrieved from /home/chirag/airflow/lib/python3.12/site-packages/airflow/example_dags/tutorial.py
[2024-11-09T19:56:31.892+0000] {logging_mixin.py:190} INFO - [2024-11-09T19:56:31.891+0000] {dag.py:3239} INFO - Sync 1 DAGs
[2024-11-09T19:56:31.922+0000] {logging_mixin.py:190} INFO - [2024-11-09T19:56:31.922+0000] {dag.py:4180} INFO - Setting next_dagrun for tutorial to 2024-11-08 00:00:00+00:00, run_after=2024-11-09 00:00:00+00:00
[2024-11-09T19:56:31.962+0000] {processor.py:208} INFO - Processing /home/chirag/airflow/lib/python3.12/site-packages/airflow/example_dags/tutorial.py took 0.125 seconds
[2024-11-09T19:57:36.000+0000] {processor.py:186} INFO - Started process (PID=8142) to work on /home/chirag/airflow/lib/python3.12/site-packages/airflow/example_dags/tutorial.py
[2024-11-09T19:57:36.004+0000] {processor.py:914} INFO - Processing file /home/chirag/airflow/lib/python3.12/site-packages/airflow/example_dags/tutorial.py for tasks to queue
[2024-11-09T19:57:36.007+0000] {logging_mixin.py:190} INFO - [2024-11-09T19:57:36.006+0000] {dagbag.py:588} INFO - Filling up the DagBag from /home/chirag/airflow/lib/python3.12/site-packages/airflow/example_dags/tutorial.py
[2024-11-09T19:57:36.019+0000] {processor.py:925} INFO - DAG(s) 'tutorial' retrieved from /home/chirag/airflow/lib/python3.12/site-packages/airflow/example_dags/tutorial.py
[2024-11-09T19:57:36.042+0000] {logging_mixin.py:190} INFO - [2024-11-09T19:57:36.041+0000] {dag.py:3239} INFO - Sync 1 DAGs
[2024-11-09T19:57:36.070+0000] {logging_mixin.py:190} INFO - [2024-11-09T19:57:36.070+0000] {dag.py:4180} INFO - Setting next_dagrun for tutorial to 2024-11-08 00:00:00+00:00, run_after=2024-11-09 00:00:00+00:00
[2024-11-09T19:57:36.109+0000] {processor.py:208} INFO - Processing /home/chirag/airflow/lib/python3.12/site-packages/airflow/example_dags/tutorial.py took 0.117 seconds
[2024-11-09T19:58:33.532+0000] {processor.py:186} INFO - Started process (PID=8454) to work on /home/chirag/airflow/lib/python3.12/site-packages/airflow/example_dags/tutorial.py
[2024-11-09T19:58:33.535+0000] {processor.py:914} INFO - Processing file /home/chirag/airflow/lib/python3.12/site-packages/airflow/example_dags/tutorial.py for tasks to queue
[2024-11-09T19:58:33.538+0000] {logging_mixin.py:190} INFO - [2024-11-09T19:58:33.538+0000] {dagbag.py:588} INFO - Filling up the DagBag from /home/chirag/airflow/lib/python3.12/site-packages/airflow/example_dags/tutorial.py
[2024-11-09T19:58:33.551+0000] {processor.py:925} INFO - DAG(s) 'tutorial' retrieved from /home/chirag/airflow/lib/python3.12/site-packages/airflow/example_dags/tutorial.py
[2024-11-09T19:58:33.587+0000] {logging_mixin.py:190} INFO - [2024-11-09T19:58:33.586+0000] {dag.py:3239} INFO - Sync 1 DAGs
[2024-11-09T19:58:33.635+0000] {logging_mixin.py:190} INFO - [2024-11-09T19:58:33.635+0000] {dag.py:4180} INFO - Setting next_dagrun for tutorial to 2024-11-08 00:00:00+00:00, run_after=2024-11-09 00:00:00+00:00
[2024-11-09T19:58:34.353+0000] {processor.py:208} INFO - Processing /home/chirag/airflow/lib/python3.12/site-packages/airflow/example_dags/tutorial.py took 0.178 seconds
[2024-11-09T20:21:50.553+0000] {processor.py:186} INFO - Started process (PID=12283) to work on /home/chirag/airflow/lib/python3.12/site-packages/airflow/example_dags/tutorial.py
[2024-11-09T20:21:50.561+0000] {processor.py:914} INFO - Processing file /home/chirag/airflow/lib/python3.12/site-packages/airflow/example_dags/tutorial.py for tasks to queue
[2024-11-09T20:21:50.567+0000] {logging_mixin.py:190} INFO - [2024-11-09T20:21:50.566+0000] {dagbag.py:588} INFO - Filling up the DagBag from /home/chirag/airflow/lib/python3.12/site-packages/airflow/example_dags/tutorial.py
[2024-11-09T20:21:50.594+0000] {processor.py:925} INFO - DAG(s) 'tutorial' retrieved from /home/chirag/airflow/lib/python3.12/site-packages/airflow/example_dags/tutorial.py
[2024-11-09T20:21:50.666+0000] {logging_mixin.py:190} INFO - [2024-11-09T20:21:50.665+0000] {dag.py:3239} INFO - Sync 1 DAGs
[2024-11-09T20:21:50.772+0000] {logging_mixin.py:190} INFO - [2024-11-09T20:21:50.771+0000] {dag.py:4180} INFO - Setting next_dagrun for tutorial to 2024-11-08 00:00:00+00:00, run_after=2024-11-09 00:00:00+00:00
[2024-11-09T20:21:50.862+0000] {processor.py:208} INFO - Processing /home/chirag/airflow/lib/python3.12/site-packages/airflow/example_dags/tutorial.py took 0.333 seconds
[2024-11-09T20:23:18.628+0000] {processor.py:186} INFO - Started process (PID=12795) to work on /home/chirag/airflow/lib/python3.12/site-packages/airflow/example_dags/tutorial.py
[2024-11-09T20:23:18.630+0000] {processor.py:914} INFO - Processing file /home/chirag/airflow/lib/python3.12/site-packages/airflow/example_dags/tutorial.py for tasks to queue
[2024-11-09T20:23:18.633+0000] {logging_mixin.py:190} INFO - [2024-11-09T20:23:18.632+0000] {dagbag.py:588} INFO - Filling up the DagBag from /home/chirag/airflow/lib/python3.12/site-packages/airflow/example_dags/tutorial.py
[2024-11-09T20:23:18.644+0000] {processor.py:925} INFO - DAG(s) 'tutorial' retrieved from /home/chirag/airflow/lib/python3.12/site-packages/airflow/example_dags/tutorial.py
[2024-11-09T20:23:18.666+0000] {logging_mixin.py:190} INFO - [2024-11-09T20:23:18.666+0000] {dag.py:3239} INFO - Sync 1 DAGs
[2024-11-09T20:23:18.694+0000] {logging_mixin.py:190} INFO - [2024-11-09T20:23:18.693+0000] {dag.py:4180} INFO - Setting next_dagrun for tutorial to 2024-11-08 00:00:00+00:00, run_after=2024-11-09 00:00:00+00:00
[2024-11-09T20:23:18.733+0000] {processor.py:208} INFO - Processing /home/chirag/airflow/lib/python3.12/site-packages/airflow/example_dags/tutorial.py took 0.114 seconds
[2024-11-09T20:23:57.552+0000] {processor.py:186} INFO - Started process (PID=12905) to work on /home/chirag/airflow/lib/python3.12/site-packages/airflow/example_dags/tutorial.py
[2024-11-09T20:23:57.555+0000] {processor.py:914} INFO - Processing file /home/chirag/airflow/lib/python3.12/site-packages/airflow/example_dags/tutorial.py for tasks to queue
[2024-11-09T20:23:57.559+0000] {logging_mixin.py:190} INFO - [2024-11-09T20:23:57.558+0000] {dagbag.py:588} INFO - Filling up the DagBag from /home/chirag/airflow/lib/python3.12/site-packages/airflow/example_dags/tutorial.py
[2024-11-09T20:23:57.570+0000] {processor.py:925} INFO - DAG(s) 'tutorial' retrieved from /home/chirag/airflow/lib/python3.12/site-packages/airflow/example_dags/tutorial.py
[2024-11-09T20:23:57.593+0000] {logging_mixin.py:190} INFO - [2024-11-09T20:23:57.593+0000] {dag.py:3239} INFO - Sync 1 DAGs
[2024-11-09T20:23:57.620+0000] {logging_mixin.py:190} INFO - [2024-11-09T20:23:57.620+0000] {dag.py:4180} INFO - Setting next_dagrun for tutorial to 2024-11-08 00:00:00+00:00, run_after=2024-11-09 00:00:00+00:00
[2024-11-09T20:23:57.656+0000] {processor.py:208} INFO - Processing /home/chirag/airflow/lib/python3.12/site-packages/airflow/example_dags/tutorial.py took 0.111 seconds
[2024-11-09T20:24:34.603+0000] {processor.py:186} INFO - Started process (PID=13009) to work on /home/chirag/airflow/lib/python3.12/site-packages/airflow/example_dags/tutorial.py
[2024-11-09T20:24:34.606+0000] {processor.py:914} INFO - Processing file /home/chirag/airflow/lib/python3.12/site-packages/airflow/example_dags/tutorial.py for tasks to queue
[2024-11-09T20:24:34.609+0000] {logging_mixin.py:190} INFO - [2024-11-09T20:24:34.608+0000] {dagbag.py:588} INFO - Filling up the DagBag from /home/chirag/airflow/lib/python3.12/site-packages/airflow/example_dags/tutorial.py
[2024-11-09T20:24:34.620+0000] {processor.py:925} INFO - DAG(s) 'tutorial' retrieved from /home/chirag/airflow/lib/python3.12/site-packages/airflow/example_dags/tutorial.py
[2024-11-09T20:24:34.642+0000] {logging_mixin.py:190} INFO - [2024-11-09T20:24:34.642+0000] {dag.py:3239} INFO - Sync 1 DAGs
[2024-11-09T20:24:34.670+0000] {logging_mixin.py:190} INFO - [2024-11-09T20:24:34.670+0000] {dag.py:4180} INFO - Setting next_dagrun for tutorial to 2024-11-08 00:00:00+00:00, run_after=2024-11-09 00:00:00+00:00
[2024-11-09T20:24:34.705+0000] {processor.py:208} INFO - Processing /home/chirag/airflow/lib/python3.12/site-packages/airflow/example_dags/tutorial.py took 0.110 seconds
[2024-11-09T20:25:11.707+0000] {processor.py:186} INFO - Started process (PID=13113) to work on /home/chirag/airflow/lib/python3.12/site-packages/airflow/example_dags/tutorial.py
[2024-11-09T20:25:11.713+0000] {processor.py:914} INFO - Processing file /home/chirag/airflow/lib/python3.12/site-packages/airflow/example_dags/tutorial.py for tasks to queue
[2024-11-09T20:25:11.717+0000] {logging_mixin.py:190} INFO - [2024-11-09T20:25:11.716+0000] {dagbag.py:588} INFO - Filling up the DagBag from /home/chirag/airflow/lib/python3.12/site-packages/airflow/example_dags/tutorial.py
[2024-11-09T20:25:11.728+0000] {processor.py:925} INFO - DAG(s) 'tutorial' retrieved from /home/chirag/airflow/lib/python3.12/site-packages/airflow/example_dags/tutorial.py
[2024-11-09T20:25:11.754+0000] {logging_mixin.py:190} INFO - [2024-11-09T20:25:11.754+0000] {dag.py:3239} INFO - Sync 1 DAGs
[2024-11-09T20:25:11.785+0000] {logging_mixin.py:190} INFO - [2024-11-09T20:25:11.785+0000] {dag.py:4180} INFO - Setting next_dagrun for tutorial to 2024-11-08 00:00:00+00:00, run_after=2024-11-09 00:00:00+00:00
[2024-11-09T20:25:11.829+0000] {processor.py:208} INFO - Processing /home/chirag/airflow/lib/python3.12/site-packages/airflow/example_dags/tutorial.py took 0.130 seconds
[2024-11-09T20:26:08.026+0000] {processor.py:186} INFO - Started process (PID=13440) to work on /home/chirag/airflow/lib/python3.12/site-packages/airflow/example_dags/tutorial.py
[2024-11-09T20:26:08.029+0000] {processor.py:914} INFO - Processing file /home/chirag/airflow/lib/python3.12/site-packages/airflow/example_dags/tutorial.py for tasks to queue
[2024-11-09T20:26:08.032+0000] {logging_mixin.py:190} INFO - [2024-11-09T20:26:08.032+0000] {dagbag.py:588} INFO - Filling up the DagBag from /home/chirag/airflow/lib/python3.12/site-packages/airflow/example_dags/tutorial.py
[2024-11-09T20:26:08.044+0000] {processor.py:925} INFO - DAG(s) 'tutorial' retrieved from /home/chirag/airflow/lib/python3.12/site-packages/airflow/example_dags/tutorial.py
[2024-11-09T20:26:08.067+0000] {logging_mixin.py:190} INFO - [2024-11-09T20:26:08.067+0000] {dag.py:3239} INFO - Sync 1 DAGs
[2024-11-09T20:26:08.095+0000] {logging_mixin.py:190} INFO - [2024-11-09T20:26:08.094+0000] {dag.py:4180} INFO - Setting next_dagrun for tutorial to 2024-11-08 00:00:00+00:00, run_after=2024-11-09 00:00:00+00:00
[2024-11-09T20:26:08.130+0000] {processor.py:208} INFO - Processing /home/chirag/airflow/lib/python3.12/site-packages/airflow/example_dags/tutorial.py took 0.113 seconds
[2024-11-09T20:27:08.070+0000] {processor.py:186} INFO - Started process (PID=13796) to work on /home/chirag/airflow/lib/python3.12/site-packages/airflow/example_dags/tutorial.py
[2024-11-09T20:27:08.073+0000] {processor.py:914} INFO - Processing file /home/chirag/airflow/lib/python3.12/site-packages/airflow/example_dags/tutorial.py for tasks to queue
[2024-11-09T20:27:08.077+0000] {logging_mixin.py:190} INFO - [2024-11-09T20:27:08.076+0000] {dagbag.py:588} INFO - Filling up the DagBag from /home/chirag/airflow/lib/python3.12/site-packages/airflow/example_dags/tutorial.py
[2024-11-09T20:27:08.089+0000] {processor.py:925} INFO - DAG(s) 'tutorial' retrieved from /home/chirag/airflow/lib/python3.12/site-packages/airflow/example_dags/tutorial.py
[2024-11-09T20:27:08.111+0000] {logging_mixin.py:190} INFO - [2024-11-09T20:27:08.111+0000] {dag.py:3239} INFO - Sync 1 DAGs
[2024-11-09T20:27:08.141+0000] {logging_mixin.py:190} INFO - [2024-11-09T20:27:08.141+0000] {dag.py:4180} INFO - Setting next_dagrun for tutorial to 2024-11-08 00:00:00+00:00, run_after=2024-11-09 00:00:00+00:00
[2024-11-09T20:27:08.181+0000] {processor.py:208} INFO - Processing /home/chirag/airflow/lib/python3.12/site-packages/airflow/example_dags/tutorial.py took 0.119 seconds
[2024-11-09T20:27:57.980+0000] {processor.py:186} INFO - Started process (PID=13950) to work on /home/chirag/airflow/lib/python3.12/site-packages/airflow/example_dags/tutorial.py
[2024-11-09T20:27:57.985+0000] {processor.py:914} INFO - Processing file /home/chirag/airflow/lib/python3.12/site-packages/airflow/example_dags/tutorial.py for tasks to queue
[2024-11-09T20:27:57.989+0000] {logging_mixin.py:190} INFO - [2024-11-09T20:27:57.988+0000] {dagbag.py:588} INFO - Filling up the DagBag from /home/chirag/airflow/lib/python3.12/site-packages/airflow/example_dags/tutorial.py
[2024-11-09T20:27:58.009+0000] {processor.py:925} INFO - DAG(s) 'tutorial' retrieved from /home/chirag/airflow/lib/python3.12/site-packages/airflow/example_dags/tutorial.py
[2024-11-09T20:27:58.042+0000] {logging_mixin.py:190} INFO - [2024-11-09T20:27:58.042+0000] {dag.py:3239} INFO - Sync 1 DAGs
[2024-11-09T20:27:58.075+0000] {logging_mixin.py:190} INFO - [2024-11-09T20:27:58.075+0000] {dag.py:4180} INFO - Setting next_dagrun for tutorial to 2024-11-08 00:00:00+00:00, run_after=2024-11-09 00:00:00+00:00
[2024-11-09T20:27:58.114+0000] {processor.py:208} INFO - Processing /home/chirag/airflow/lib/python3.12/site-packages/airflow/example_dags/tutorial.py took 0.148 seconds
[2024-11-09T20:28:45.024+0000] {processor.py:186} INFO - Started process (PID=14475) to work on /home/chirag/airflow/lib/python3.12/site-packages/airflow/example_dags/tutorial.py
[2024-11-09T20:28:45.027+0000] {processor.py:914} INFO - Processing file /home/chirag/airflow/lib/python3.12/site-packages/airflow/example_dags/tutorial.py for tasks to queue
[2024-11-09T20:28:45.030+0000] {logging_mixin.py:190} INFO - [2024-11-09T20:28:45.030+0000] {dagbag.py:588} INFO - Filling up the DagBag from /home/chirag/airflow/lib/python3.12/site-packages/airflow/example_dags/tutorial.py
[2024-11-09T20:28:45.042+0000] {processor.py:925} INFO - DAG(s) 'tutorial' retrieved from /home/chirag/airflow/lib/python3.12/site-packages/airflow/example_dags/tutorial.py
[2024-11-09T20:28:45.066+0000] {logging_mixin.py:190} INFO - [2024-11-09T20:28:45.066+0000] {dag.py:3239} INFO - Sync 1 DAGs
[2024-11-09T20:28:45.244+0000] {logging_mixin.py:190} INFO - [2024-11-09T20:28:45.243+0000] {dag.py:4180} INFO - Setting next_dagrun for tutorial to 2024-11-08 00:00:00+00:00, run_after=2024-11-09 00:00:00+00:00
[2024-11-09T20:28:45.279+0000] {processor.py:208} INFO - Processing /home/chirag/airflow/lib/python3.12/site-packages/airflow/example_dags/tutorial.py took 0.263 seconds
