[2024-11-09T19:52:34.110+0000] {local_task_job_runner.py:123} INFO - ::group::Pre task execution logs
[2024-11-09T19:52:34.128+0000] {taskinstance.py:2613} INFO - Dependencies all met for dep_context=non-requeueable deps ti=<TaskInstance: download_rocket_launches.notify manual__2024-11-09T19:52:13.376439+00:00 [queued]>
[2024-11-09T19:52:34.137+0000] {taskinstance.py:2613} INFO - Dependencies all met for dep_context=requeueable deps ti=<TaskInstance: download_rocket_launches.notify manual__2024-11-09T19:52:13.376439+00:00 [queued]>
[2024-11-09T19:52:34.138+0000] {taskinstance.py:2866} INFO - Starting attempt 1 of 1
[2024-11-09T19:52:34.167+0000] {taskinstance.py:2889} INFO - Executing <Task(BashOperator): notify> on 2024-11-09 19:52:13.376439+00:00
[2024-11-09T19:52:34.172+0000] {standard_task_runner.py:72} INFO - Started process 6374 to run task
[2024-11-09T19:52:34.181+0000] {standard_task_runner.py:104} INFO - Running: ['airflow', 'tasks', 'run', 'download_rocket_launches', 'notify', 'manual__2024-11-09T19:52:13.376439+00:00', '--job-id', '8', '--raw', '--subdir', 'DAGS_FOLDER/rocket_launch.py', '--cfg-path', '/tmp/tmpb978xbzz']
[2024-11-09T19:52:34.184+0000] {standard_task_runner.py:105} INFO - Job 8: Subtask notify
[2024-11-09T19:52:34.243+0000] {task_command.py:467} INFO - Running <TaskInstance: download_rocket_launches.notify manual__2024-11-09T19:52:13.376439+00:00 [running]> on host DESKTOP-G901N6S.
[2024-11-09T19:52:34.353+0000] {taskinstance.py:3132} INFO - Exporting env vars: AIRFLOW_CTX_DAG_OWNER='airflow' AIRFLOW_CTX_DAG_ID='download_rocket_launches' AIRFLOW_CTX_TASK_ID='notify' AIRFLOW_CTX_EXECUTION_DATE='2024-11-09T19:52:13.376439+00:00' AIRFLOW_CTX_TRY_NUMBER='1' AIRFLOW_CTX_DAG_RUN_ID='manual__2024-11-09T19:52:13.376439+00:00'
[2024-11-09T19:52:34.355+0000] {logging_mixin.py:190} INFO - Task instance is in running state
[2024-11-09T19:52:34.356+0000] {logging_mixin.py:190} INFO -  Previous state of the Task instance: queued
[2024-11-09T19:52:34.357+0000] {logging_mixin.py:190} INFO - Current task name:notify state:running start_date:2024-11-09 19:52:34.128678+00:00
[2024-11-09T19:52:34.357+0000] {logging_mixin.py:190} INFO - Dag name:download_rocket_launches and current dag run status:running
[2024-11-09T19:52:34.358+0000] {taskinstance.py:731} INFO - ::endgroup::
[2024-11-09T19:52:34.359+0000] {subprocess.py:78} INFO - Tmp dir root location: /tmp
[2024-11-09T19:52:34.360+0000] {subprocess.py:88} INFO - Running command: ['/usr/bin/bash', '-c', 'echo "There are now $(ls /appfiles/tmp/images/ | wc -l) images."']
[2024-11-09T19:52:34.369+0000] {subprocess.py:99} INFO - Output:
[2024-11-09T19:52:34.375+0000] {subprocess.py:106} INFO - ls: cannot access '/appfiles/tmp/images/': No such file or directory
[2024-11-09T19:52:34.376+0000] {subprocess.py:106} INFO - There are now 0 images.
[2024-11-09T19:52:34.377+0000] {subprocess.py:110} INFO - Command exited with return code 0
[2024-11-09T19:52:34.417+0000] {taskinstance.py:340} INFO - ::group::Post task execution logs
[2024-11-09T19:52:34.418+0000] {taskinstance.py:352} INFO - Marking task as SUCCESS. dag_id=download_rocket_launches, task_id=notify, run_id=manual__2024-11-09T19:52:13.376439+00:00, execution_date=20241109T195213, start_date=20241109T195234, end_date=20241109T195234
[2024-11-09T19:52:34.444+0000] {logging_mixin.py:190} INFO - Task instance in success state
[2024-11-09T19:52:34.445+0000] {logging_mixin.py:190} INFO -  Previous state of the Task instance: running
[2024-11-09T19:52:34.446+0000] {logging_mixin.py:190} INFO - Dag name:download_rocket_launches queued_at:2024-11-09 19:52:13.408590+00:00
[2024-11-09T19:52:34.447+0000] {logging_mixin.py:190} INFO - Task hostname:DESKTOP-G901N6S. operator:BashOperator
[2024-11-09T19:52:34.476+0000] {local_task_job_runner.py:266} INFO - Task exited with return code 0
[2024-11-09T19:52:34.502+0000] {taskinstance.py:3895} INFO - 0 downstream tasks scheduled from follow-on schedule check
[2024-11-09T19:52:34.504+0000] {local_task_job_runner.py:245} INFO - ::endgroup::
