[2024-11-09T19:57:21.413+0000] {local_task_job_runner.py:123} INFO - ::group::Pre task execution logs
[2024-11-09T19:57:21.431+0000] {taskinstance.py:2613} INFO - Dependencies all met for dep_context=non-requeueable deps ti=<TaskInstance: download_rocket_launches.download_pictures manual__2024-11-09T19:57:06.403708+00:00 [queued]>
[2024-11-09T19:57:21.440+0000] {taskinstance.py:2613} INFO - Dependencies all met for dep_context=requeueable deps ti=<TaskInstance: download_rocket_launches.download_pictures manual__2024-11-09T19:57:06.403708+00:00 [queued]>
[2024-11-09T19:57:21.441+0000] {taskinstance.py:2866} INFO - Starting attempt 1 of 1
[2024-11-09T19:57:21.470+0000] {taskinstance.py:2889} INFO - Executing <Task(PythonOperator): download_pictures> on 2024-11-09 19:57:06.403708+00:00
[2024-11-09T19:57:21.473+0000] {standard_task_runner.py:72} INFO - Started process 8092 to run task
[2024-11-09T19:57:21.478+0000] {standard_task_runner.py:104} INFO - Running: ['airflow', 'tasks', 'run', 'download_rocket_launches', 'download_pictures', 'manual__2024-11-09T19:57:06.403708+00:00', '--job-id', '10', '--raw', '--subdir', 'DAGS_FOLDER/rocket_launch.py', '--cfg-path', '/tmp/tmpsfe30trh']
[2024-11-09T19:57:21.480+0000] {standard_task_runner.py:105} INFO - Job 10: Subtask download_pictures
[2024-11-09T19:57:21.540+0000] {task_command.py:467} INFO - Running <TaskInstance: download_rocket_launches.download_pictures manual__2024-11-09T19:57:06.403708+00:00 [running]> on host DESKTOP-G901N6S.
[2024-11-09T19:57:21.649+0000] {taskinstance.py:3132} INFO - Exporting env vars: AIRFLOW_CTX_DAG_OWNER='airflow' AIRFLOW_CTX_DAG_ID='download_rocket_launches' AIRFLOW_CTX_TASK_ID='download_pictures' AIRFLOW_CTX_EXECUTION_DATE='2024-11-09T19:57:06.403708+00:00' AIRFLOW_CTX_TRY_NUMBER='1' AIRFLOW_CTX_DAG_RUN_ID='manual__2024-11-09T19:57:06.403708+00:00'
[2024-11-09T19:57:21.651+0000] {logging_mixin.py:190} INFO - Task instance is in running state
[2024-11-09T19:57:21.651+0000] {logging_mixin.py:190} INFO -  Previous state of the Task instance: queued
[2024-11-09T19:57:21.652+0000] {logging_mixin.py:190} INFO - Current task name:download_pictures state:running start_date:2024-11-09 19:57:21.432175+00:00
[2024-11-09T19:57:21.652+0000] {logging_mixin.py:190} INFO - Dag name:download_rocket_launches and current dag run status:running
[2024-11-09T19:57:21.653+0000] {taskinstance.py:731} INFO - ::endgroup::
[2024-11-09T19:57:21.654+0000] {python.py:240} INFO - Done. Returned value was: None
[2024-11-09T19:57:21.664+0000] {taskinstance.py:340} INFO - ::group::Post task execution logs
[2024-11-09T19:57:21.664+0000] {taskinstance.py:352} INFO - Marking task as SUCCESS. dag_id=download_rocket_launches, task_id=download_pictures, run_id=manual__2024-11-09T19:57:06.403708+00:00, execution_date=20241109T195706, start_date=20241109T195721, end_date=20241109T195721
[2024-11-09T19:57:21.687+0000] {logging_mixin.py:190} INFO - Task instance in success state
[2024-11-09T19:57:21.688+0000] {logging_mixin.py:190} INFO -  Previous state of the Task instance: running
[2024-11-09T19:57:21.689+0000] {logging_mixin.py:190} INFO - Dag name:download_rocket_launches queued_at:2024-11-09 19:57:06.441658+00:00
[2024-11-09T19:57:21.689+0000] {logging_mixin.py:190} INFO - Task hostname:DESKTOP-G901N6S. operator:PythonOperator
[2024-11-09T19:57:21.733+0000] {local_task_job_runner.py:266} INFO - Task exited with return code 0
[2024-11-09T19:57:21.773+0000] {taskinstance.py:3895} INFO - 1 downstream tasks scheduled from follow-on schedule check
[2024-11-09T19:57:21.789+0000] {local_task_job_runner.py:245} INFO - ::endgroup::
