[2024-11-09T19:15:38.994+0000] {processor.py:186} INFO - Started process (PID=94512) to work on /home/chirag/airflow/dags/rocket_launch.py
[2024-11-09T19:15:39.119+0000] {processor.py:914} INFO - Processing file /home/chirag/airflow/dags/rocket_launch.py for tasks to queue
[2024-11-09T19:15:39.388+0000] {logging_mixin.py:190} INFO - [2024-11-09T19:15:39.369+0000] {dagbag.py:588} INFO - Filling up the DagBag from /home/chirag/airflow/dags/rocket_launch.py
[2024-11-09T19:15:39.829+0000] {processor.py:925} INFO - DAG(s) 'download_rocket_launches' retrieved from /home/chirag/airflow/dags/rocket_launch.py
[2024-11-09T19:15:45.407+0000] {logging_mixin.py:190} INFO - [2024-11-09T19:15:45.403+0000] {override.py:1911} INFO - Created Permission View: can delete on DAG:download_rocket_launches
[2024-11-09T19:15:45.550+0000] {logging_mixin.py:190} INFO - [2024-11-09T19:15:45.549+0000] {override.py:1911} INFO - Created Permission View: can read on DAG:download_rocket_launches
[2024-11-09T19:15:45.598+0000] {logging_mixin.py:190} INFO - [2024-11-09T19:15:45.598+0000] {override.py:1911} INFO - Created Permission View: can edit on DAG:download_rocket_launches
[2024-11-09T19:15:45.660+0000] {logging_mixin.py:190} INFO - [2024-11-09T19:15:45.660+0000] {override.py:1911} INFO - Created Permission View: menu access on DAG Run:download_rocket_launches
[2024-11-09T19:15:45.691+0000] {logging_mixin.py:190} INFO - [2024-11-09T19:15:45.690+0000] {override.py:1911} INFO - Created Permission View: can delete on DAG Run:download_rocket_launches
[2024-11-09T19:15:45.723+0000] {logging_mixin.py:190} INFO - [2024-11-09T19:15:45.722+0000] {override.py:1911} INFO - Created Permission View: can read on DAG Run:download_rocket_launches
[2024-11-09T19:15:45.754+0000] {logging_mixin.py:190} INFO - [2024-11-09T19:15:45.753+0000] {override.py:1911} INFO - Created Permission View: can create on DAG Run:download_rocket_launches
[2024-11-09T19:15:45.755+0000] {logging_mixin.py:190} INFO - [2024-11-09T19:15:45.754+0000] {dag.py:3239} INFO - Sync 1 DAGs
[2024-11-09T19:15:45.854+0000] {logging_mixin.py:190} INFO - [2024-11-09T19:15:45.853+0000] {dag.py:3262} INFO - Creating ORM DAG for download_rocket_launches
[2024-11-09T19:15:45.858+0000] {logging_mixin.py:190} INFO - [2024-11-09T19:15:45.858+0000] {dag.py:4180} INFO - Setting next_dagrun for download_rocket_launches to None, run_after=None
[2024-11-09T19:15:45.919+0000] {processor.py:208} INFO - Processing /home/chirag/airflow/dags/rocket_launch.py took 7.799 seconds
[2024-11-09T19:17:52.823+0000] {processor.py:186} INFO - Started process (PID=94774) to work on /home/chirag/airflow/dags/rocket_launch.py
[2024-11-09T19:17:52.832+0000] {processor.py:914} INFO - Processing file /home/chirag/airflow/dags/rocket_launch.py for tasks to queue
[2024-11-09T19:17:52.840+0000] {logging_mixin.py:190} INFO - [2024-11-09T19:17:52.839+0000] {dagbag.py:588} INFO - Filling up the DagBag from /home/chirag/airflow/dags/rocket_launch.py
[2024-11-09T19:17:52.882+0000] {processor.py:925} INFO - DAG(s) 'download_rocket_launches' retrieved from /home/chirag/airflow/dags/rocket_launch.py
[2024-11-09T19:17:52.999+0000] {logging_mixin.py:190} INFO - [2024-11-09T19:17:52.999+0000] {dag.py:3239} INFO - Sync 1 DAGs
[2024-11-09T19:17:53.161+0000] {logging_mixin.py:190} INFO - [2024-11-09T19:17:53.160+0000] {dag.py:4180} INFO - Setting next_dagrun for download_rocket_launches to None, run_after=None
[2024-11-09T19:17:53.224+0000] {processor.py:208} INFO - Processing /home/chirag/airflow/dags/rocket_launch.py took 0.430 seconds
[2024-11-09T19:18:55.591+0000] {processor.py:186} INFO - Started process (PID=94900) to work on /home/chirag/airflow/dags/rocket_launch.py
[2024-11-09T19:18:55.594+0000] {processor.py:914} INFO - Processing file /home/chirag/airflow/dags/rocket_launch.py for tasks to queue
[2024-11-09T19:18:55.598+0000] {logging_mixin.py:190} INFO - [2024-11-09T19:18:55.597+0000] {dagbag.py:588} INFO - Filling up the DagBag from /home/chirag/airflow/dags/rocket_launch.py
[2024-11-09T19:18:55.612+0000] {processor.py:925} INFO - DAG(s) 'download_rocket_launches' retrieved from /home/chirag/airflow/dags/rocket_launch.py
[2024-11-09T19:18:55.637+0000] {logging_mixin.py:190} INFO - [2024-11-09T19:18:55.636+0000] {dag.py:3239} INFO - Sync 1 DAGs
[2024-11-09T19:18:55.665+0000] {logging_mixin.py:190} INFO - [2024-11-09T19:18:55.664+0000] {dag.py:4180} INFO - Setting next_dagrun for download_rocket_launches to None, run_after=None
[2024-11-09T19:18:55.698+0000] {processor.py:208} INFO - Processing /home/chirag/airflow/dags/rocket_launch.py took 0.119 seconds
[2024-11-09T19:27:26.827+0000] {processor.py:186} INFO - Started process (PID=444) to work on /home/chirag/airflow/dags/rocket_launch.py
[2024-11-09T19:27:26.828+0000] {processor.py:914} INFO - Processing file /home/chirag/airflow/dags/rocket_launch.py for tasks to queue
[2024-11-09T19:27:26.832+0000] {logging_mixin.py:190} INFO - [2024-11-09T19:27:26.831+0000] {dagbag.py:588} INFO - Filling up the DagBag from /home/chirag/airflow/dags/rocket_launch.py
[2024-11-09T19:27:26.847+0000] {processor.py:925} INFO - DAG(s) 'download_rocket_launches' retrieved from /home/chirag/airflow/dags/rocket_launch.py
[2024-11-09T19:27:26.888+0000] {logging_mixin.py:190} INFO - [2024-11-09T19:27:26.887+0000] {dag.py:3239} INFO - Sync 1 DAGs
[2024-11-09T19:27:26.908+0000] {logging_mixin.py:190} INFO - [2024-11-09T19:27:26.907+0000] {dag.py:4180} INFO - Setting next_dagrun for download_rocket_launches to None, run_after=None
[2024-11-09T19:27:26.943+0000] {processor.py:208} INFO - Processing /home/chirag/airflow/dags/rocket_launch.py took 0.126 seconds
[2024-11-09T19:28:32.293+0000] {processor.py:186} INFO - Started process (PID=508) to work on /home/chirag/airflow/dags/rocket_launch.py
[2024-11-09T19:28:32.297+0000] {processor.py:914} INFO - Processing file /home/chirag/airflow/dags/rocket_launch.py for tasks to queue
[2024-11-09T19:28:32.302+0000] {logging_mixin.py:190} INFO - [2024-11-09T19:28:32.301+0000] {dagbag.py:588} INFO - Filling up the DagBag from /home/chirag/airflow/dags/rocket_launch.py
[2024-11-09T19:28:32.324+0000] {processor.py:925} INFO - DAG(s) 'download_rocket_launches' retrieved from /home/chirag/airflow/dags/rocket_launch.py
[2024-11-09T19:28:32.366+0000] {logging_mixin.py:190} INFO - [2024-11-09T19:28:32.366+0000] {dag.py:3239} INFO - Sync 1 DAGs
[2024-11-09T19:28:32.413+0000] {logging_mixin.py:190} INFO - [2024-11-09T19:28:32.412+0000] {dag.py:4180} INFO - Setting next_dagrun for download_rocket_launches to None, run_after=None
[2024-11-09T19:28:32.468+0000] {processor.py:208} INFO - Processing /home/chirag/airflow/dags/rocket_launch.py took 0.193 seconds
[2024-11-09T19:29:10.686+0000] {processor.py:186} INFO - Started process (PID=564) to work on /home/chirag/airflow/dags/rocket_launch.py
[2024-11-09T19:29:10.691+0000] {processor.py:914} INFO - Processing file /home/chirag/airflow/dags/rocket_launch.py for tasks to queue
[2024-11-09T19:29:10.694+0000] {logging_mixin.py:190} INFO - [2024-11-09T19:29:10.693+0000] {dagbag.py:588} INFO - Filling up the DagBag from /home/chirag/airflow/dags/rocket_launch.py
[2024-11-09T19:29:10.705+0000] {processor.py:925} INFO - DAG(s) 'download_rocket_launches' retrieved from /home/chirag/airflow/dags/rocket_launch.py
[2024-11-09T19:29:10.726+0000] {logging_mixin.py:190} INFO - [2024-11-09T19:29:10.725+0000] {dag.py:3239} INFO - Sync 1 DAGs
[2024-11-09T19:29:10.742+0000] {logging_mixin.py:190} INFO - [2024-11-09T19:29:10.741+0000] {dag.py:4180} INFO - Setting next_dagrun for download_rocket_launches to None, run_after=None
[2024-11-09T19:29:10.774+0000] {processor.py:208} INFO - Processing /home/chirag/airflow/dags/rocket_launch.py took 0.095 seconds
[2024-11-09T19:29:46.235+0000] {processor.py:186} INFO - Started process (PID=600) to work on /home/chirag/airflow/dags/rocket_launch.py
[2024-11-09T19:29:46.244+0000] {processor.py:914} INFO - Processing file /home/chirag/airflow/dags/rocket_launch.py for tasks to queue
[2024-11-09T19:29:46.250+0000] {logging_mixin.py:190} INFO - [2024-11-09T19:29:46.249+0000] {dagbag.py:588} INFO - Filling up the DagBag from /home/chirag/airflow/dags/rocket_launch.py
[2024-11-09T19:29:46.297+0000] {processor.py:925} INFO - DAG(s) 'download_rocket_launches' retrieved from /home/chirag/airflow/dags/rocket_launch.py
[2024-11-09T19:29:46.394+0000] {logging_mixin.py:190} INFO - [2024-11-09T19:29:46.393+0000] {dag.py:3239} INFO - Sync 1 DAGs
[2024-11-09T19:29:46.503+0000] {logging_mixin.py:190} INFO - [2024-11-09T19:29:46.502+0000] {dag.py:4180} INFO - Setting next_dagrun for download_rocket_launches to None, run_after=None
[2024-11-09T19:29:46.596+0000] {processor.py:208} INFO - Processing /home/chirag/airflow/dags/rocket_launch.py took 0.394 seconds
[2024-11-09T19:30:25.847+0000] {processor.py:186} INFO - Started process (PID=637) to work on /home/chirag/airflow/dags/rocket_launch.py
[2024-11-09T19:30:25.850+0000] {processor.py:914} INFO - Processing file /home/chirag/airflow/dags/rocket_launch.py for tasks to queue
[2024-11-09T19:30:25.853+0000] {logging_mixin.py:190} INFO - [2024-11-09T19:30:25.853+0000] {dagbag.py:588} INFO - Filling up the DagBag from /home/chirag/airflow/dags/rocket_launch.py
[2024-11-09T19:30:25.864+0000] {processor.py:925} INFO - DAG(s) 'download_rocket_launches' retrieved from /home/chirag/airflow/dags/rocket_launch.py
[2024-11-09T19:30:25.890+0000] {logging_mixin.py:190} INFO - [2024-11-09T19:30:25.890+0000] {dag.py:3239} INFO - Sync 1 DAGs
[2024-11-09T19:30:25.908+0000] {logging_mixin.py:190} INFO - [2024-11-09T19:30:25.908+0000] {dag.py:4180} INFO - Setting next_dagrun for download_rocket_launches to None, run_after=None
[2024-11-09T19:30:25.941+0000] {processor.py:208} INFO - Processing /home/chirag/airflow/dags/rocket_launch.py took 0.101 seconds
[2024-11-09T19:31:04.822+0000] {processor.py:186} INFO - Started process (PID=671) to work on /home/chirag/airflow/dags/rocket_launch.py
[2024-11-09T19:31:04.825+0000] {processor.py:914} INFO - Processing file /home/chirag/airflow/dags/rocket_launch.py for tasks to queue
[2024-11-09T19:31:04.831+0000] {logging_mixin.py:190} INFO - [2024-11-09T19:31:04.828+0000] {dagbag.py:588} INFO - Filling up the DagBag from /home/chirag/airflow/dags/rocket_launch.py
[2024-11-09T19:31:04.844+0000] {processor.py:925} INFO - DAG(s) 'download_rocket_launches' retrieved from /home/chirag/airflow/dags/rocket_launch.py
[2024-11-09T19:31:04.869+0000] {logging_mixin.py:190} INFO - [2024-11-09T19:31:04.869+0000] {dag.py:3239} INFO - Sync 1 DAGs
[2024-11-09T19:31:04.887+0000] {logging_mixin.py:190} INFO - [2024-11-09T19:31:04.887+0000] {dag.py:4180} INFO - Setting next_dagrun for download_rocket_launches to None, run_after=None
[2024-11-09T19:31:04.921+0000] {processor.py:208} INFO - Processing /home/chirag/airflow/dags/rocket_launch.py took 0.106 seconds
[2024-11-09T19:31:47.312+0000] {processor.py:186} INFO - Started process (PID=798) to work on /home/chirag/airflow/dags/rocket_launch.py
[2024-11-09T19:31:47.338+0000] {processor.py:914} INFO - Processing file /home/chirag/airflow/dags/rocket_launch.py for tasks to queue
[2024-11-09T19:31:47.370+0000] {logging_mixin.py:190} INFO - [2024-11-09T19:31:47.364+0000] {dagbag.py:588} INFO - Filling up the DagBag from /home/chirag/airflow/dags/rocket_launch.py
[2024-11-09T19:31:47.437+0000] {processor.py:925} INFO - DAG(s) 'download_rocket_launches' retrieved from /home/chirag/airflow/dags/rocket_launch.py
[2024-11-09T19:31:47.506+0000] {logging_mixin.py:190} INFO - [2024-11-09T19:31:47.506+0000] {dag.py:3239} INFO - Sync 1 DAGs
[2024-11-09T19:31:47.558+0000] {logging_mixin.py:190} INFO - [2024-11-09T19:31:47.557+0000] {dag.py:4180} INFO - Setting next_dagrun for download_rocket_launches to None, run_after=None
[2024-11-09T19:31:47.624+0000] {processor.py:208} INFO - Processing /home/chirag/airflow/dags/rocket_launch.py took 0.374 seconds
[2024-11-09T19:32:47.327+0000] {processor.py:186} INFO - Started process (PID=1583) to work on /home/chirag/airflow/dags/rocket_launch.py
[2024-11-09T19:32:47.348+0000] {processor.py:914} INFO - Processing file /home/chirag/airflow/dags/rocket_launch.py for tasks to queue
[2024-11-09T19:32:47.352+0000] {logging_mixin.py:190} INFO - [2024-11-09T19:32:47.352+0000] {dagbag.py:588} INFO - Filling up the DagBag from /home/chirag/airflow/dags/rocket_launch.py
[2024-11-09T19:32:47.373+0000] {processor.py:925} INFO - DAG(s) 'download_rocket_launches' retrieved from /home/chirag/airflow/dags/rocket_launch.py
[2024-11-09T19:32:47.412+0000] {logging_mixin.py:190} INFO - [2024-11-09T19:32:47.412+0000] {dag.py:3239} INFO - Sync 1 DAGs
[2024-11-09T19:32:47.442+0000] {logging_mixin.py:190} INFO - [2024-11-09T19:32:47.441+0000] {dag.py:4180} INFO - Setting next_dagrun for download_rocket_launches to None, run_after=None
[2024-11-09T19:32:47.534+0000] {processor.py:208} INFO - Processing /home/chirag/airflow/dags/rocket_launch.py took 0.215 seconds
[2024-11-09T19:33:30.573+0000] {processor.py:186} INFO - Started process (PID=1867) to work on /home/chirag/airflow/dags/rocket_launch.py
[2024-11-09T19:33:30.634+0000] {processor.py:914} INFO - Processing file /home/chirag/airflow/dags/rocket_launch.py for tasks to queue
[2024-11-09T19:33:30.667+0000] {logging_mixin.py:190} INFO - [2024-11-09T19:33:30.666+0000] {dagbag.py:588} INFO - Filling up the DagBag from /home/chirag/airflow/dags/rocket_launch.py
[2024-11-09T19:33:30.776+0000] {processor.py:925} INFO - DAG(s) 'download_rocket_launches' retrieved from /home/chirag/airflow/dags/rocket_launch.py
[2024-11-09T19:33:30.872+0000] {logging_mixin.py:190} INFO - [2024-11-09T19:33:30.871+0000] {dag.py:3239} INFO - Sync 1 DAGs
[2024-11-09T19:33:30.995+0000] {logging_mixin.py:190} INFO - [2024-11-09T19:33:30.994+0000] {dag.py:4180} INFO - Setting next_dagrun for download_rocket_launches to None, run_after=None
[2024-11-09T19:33:31.057+0000] {processor.py:208} INFO - Processing /home/chirag/airflow/dags/rocket_launch.py took 0.546 seconds
[2024-11-09T19:34:08.199+0000] {processor.py:186} INFO - Started process (PID=2156) to work on /home/chirag/airflow/dags/rocket_launch.py
[2024-11-09T19:34:08.202+0000] {processor.py:914} INFO - Processing file /home/chirag/airflow/dags/rocket_launch.py for tasks to queue
[2024-11-09T19:34:08.205+0000] {logging_mixin.py:190} INFO - [2024-11-09T19:34:08.204+0000] {dagbag.py:588} INFO - Filling up the DagBag from /home/chirag/airflow/dags/rocket_launch.py
[2024-11-09T19:34:08.217+0000] {processor.py:925} INFO - DAG(s) 'download_rocket_launches' retrieved from /home/chirag/airflow/dags/rocket_launch.py
[2024-11-09T19:34:08.238+0000] {logging_mixin.py:190} INFO - [2024-11-09T19:34:08.238+0000] {dag.py:3239} INFO - Sync 1 DAGs
[2024-11-09T19:34:08.255+0000] {logging_mixin.py:190} INFO - [2024-11-09T19:34:08.255+0000] {dag.py:4180} INFO - Setting next_dagrun for download_rocket_launches to None, run_after=None
[2024-11-09T19:34:08.294+0000] {processor.py:208} INFO - Processing /home/chirag/airflow/dags/rocket_launch.py took 0.104 seconds
[2024-11-09T19:34:50.239+0000] {processor.py:186} INFO - Started process (PID=2461) to work on /home/chirag/airflow/dags/rocket_launch.py
[2024-11-09T19:34:50.243+0000] {processor.py:914} INFO - Processing file /home/chirag/airflow/dags/rocket_launch.py for tasks to queue
[2024-11-09T19:34:50.246+0000] {logging_mixin.py:190} INFO - [2024-11-09T19:34:50.245+0000] {dagbag.py:588} INFO - Filling up the DagBag from /home/chirag/airflow/dags/rocket_launch.py
[2024-11-09T19:34:50.257+0000] {processor.py:925} INFO - DAG(s) 'download_rocket_launches' retrieved from /home/chirag/airflow/dags/rocket_launch.py
[2024-11-09T19:34:50.423+0000] {logging_mixin.py:190} INFO - [2024-11-09T19:34:50.423+0000] {dag.py:3239} INFO - Sync 1 DAGs
[2024-11-09T19:34:50.438+0000] {logging_mixin.py:190} INFO - [2024-11-09T19:34:50.437+0000] {dag.py:4180} INFO - Setting next_dagrun for download_rocket_launches to None, run_after=None
[2024-11-09T19:34:50.474+0000] {processor.py:208} INFO - Processing /home/chirag/airflow/dags/rocket_launch.py took 0.243 seconds
[2024-11-09T19:35:34.387+0000] {processor.py:186} INFO - Started process (PID=2677) to work on /home/chirag/airflow/dags/rocket_launch.py
[2024-11-09T19:35:34.390+0000] {processor.py:914} INFO - Processing file /home/chirag/airflow/dags/rocket_launch.py for tasks to queue
[2024-11-09T19:35:34.394+0000] {logging_mixin.py:190} INFO - [2024-11-09T19:35:34.393+0000] {dagbag.py:588} INFO - Filling up the DagBag from /home/chirag/airflow/dags/rocket_launch.py
[2024-11-09T19:35:34.406+0000] {processor.py:925} INFO - DAG(s) 'download_rocket_launches' retrieved from /home/chirag/airflow/dags/rocket_launch.py
[2024-11-09T19:35:34.430+0000] {logging_mixin.py:190} INFO - [2024-11-09T19:35:34.430+0000] {dag.py:3239} INFO - Sync 1 DAGs
[2024-11-09T19:35:34.448+0000] {logging_mixin.py:190} INFO - [2024-11-09T19:35:34.448+0000] {dag.py:4180} INFO - Setting next_dagrun for download_rocket_launches to None, run_after=None
[2024-11-09T19:35:34.485+0000] {processor.py:208} INFO - Processing /home/chirag/airflow/dags/rocket_launch.py took 0.107 seconds
[2024-11-09T19:36:18.631+0000] {processor.py:186} INFO - Started process (PID=2791) to work on /home/chirag/airflow/dags/rocket_launch.py
[2024-11-09T19:36:18.636+0000] {processor.py:914} INFO - Processing file /home/chirag/airflow/dags/rocket_launch.py for tasks to queue
[2024-11-09T19:36:18.640+0000] {logging_mixin.py:190} INFO - [2024-11-09T19:36:18.639+0000] {dagbag.py:588} INFO - Filling up the DagBag from /home/chirag/airflow/dags/rocket_launch.py
[2024-11-09T19:36:18.653+0000] {processor.py:925} INFO - DAG(s) 'download_rocket_launches' retrieved from /home/chirag/airflow/dags/rocket_launch.py
[2024-11-09T19:36:18.675+0000] {logging_mixin.py:190} INFO - [2024-11-09T19:36:18.675+0000] {dag.py:3239} INFO - Sync 1 DAGs
[2024-11-09T19:36:18.693+0000] {logging_mixin.py:190} INFO - [2024-11-09T19:36:18.693+0000] {dag.py:4180} INFO - Setting next_dagrun for download_rocket_launches to None, run_after=None
[2024-11-09T19:36:18.733+0000] {processor.py:208} INFO - Processing /home/chirag/airflow/dags/rocket_launch.py took 0.113 seconds
[2024-11-09T19:36:57.625+0000] {processor.py:186} INFO - Started process (PID=2901) to work on /home/chirag/airflow/dags/rocket_launch.py
[2024-11-09T19:36:57.629+0000] {processor.py:914} INFO - Processing file /home/chirag/airflow/dags/rocket_launch.py for tasks to queue
[2024-11-09T19:36:57.632+0000] {logging_mixin.py:190} INFO - [2024-11-09T19:36:57.631+0000] {dagbag.py:588} INFO - Filling up the DagBag from /home/chirag/airflow/dags/rocket_launch.py
[2024-11-09T19:36:57.644+0000] {processor.py:925} INFO - DAG(s) 'download_rocket_launches' retrieved from /home/chirag/airflow/dags/rocket_launch.py
[2024-11-09T19:36:57.666+0000] {logging_mixin.py:190} INFO - [2024-11-09T19:36:57.665+0000] {dag.py:3239} INFO - Sync 1 DAGs
[2024-11-09T19:36:57.683+0000] {logging_mixin.py:190} INFO - [2024-11-09T19:36:57.683+0000] {dag.py:4180} INFO - Setting next_dagrun for download_rocket_launches to None, run_after=None
[2024-11-09T19:36:57.721+0000] {processor.py:208} INFO - Processing /home/chirag/airflow/dags/rocket_launch.py took 0.104 seconds
[2024-11-09T19:37:31.503+0000] {processor.py:186} INFO - Started process (PID=2997) to work on /home/chirag/airflow/dags/rocket_launch.py
[2024-11-09T19:37:31.508+0000] {processor.py:914} INFO - Processing file /home/chirag/airflow/dags/rocket_launch.py for tasks to queue
[2024-11-09T19:37:31.512+0000] {logging_mixin.py:190} INFO - [2024-11-09T19:37:31.511+0000] {dagbag.py:588} INFO - Filling up the DagBag from /home/chirag/airflow/dags/rocket_launch.py
[2024-11-09T19:37:31.524+0000] {processor.py:925} INFO - DAG(s) 'download_rocket_launches' retrieved from /home/chirag/airflow/dags/rocket_launch.py
[2024-11-09T19:37:31.546+0000] {logging_mixin.py:190} INFO - [2024-11-09T19:37:31.545+0000] {dag.py:3239} INFO - Sync 1 DAGs
[2024-11-09T19:37:31.564+0000] {logging_mixin.py:190} INFO - [2024-11-09T19:37:31.563+0000] {dag.py:4180} INFO - Setting next_dagrun for download_rocket_launches to None, run_after=None
[2024-11-09T19:37:31.602+0000] {processor.py:208} INFO - Processing /home/chirag/airflow/dags/rocket_launch.py took 0.108 seconds
[2024-11-09T19:38:06.452+0000] {processor.py:186} INFO - Started process (PID=3193) to work on /home/chirag/airflow/dags/rocket_launch.py
[2024-11-09T19:38:06.456+0000] {processor.py:914} INFO - Processing file /home/chirag/airflow/dags/rocket_launch.py for tasks to queue
[2024-11-09T19:38:06.459+0000] {logging_mixin.py:190} INFO - [2024-11-09T19:38:06.458+0000] {dagbag.py:588} INFO - Filling up the DagBag from /home/chirag/airflow/dags/rocket_launch.py
[2024-11-09T19:38:06.472+0000] {processor.py:925} INFO - DAG(s) 'download_rocket_launches' retrieved from /home/chirag/airflow/dags/rocket_launch.py
[2024-11-09T19:38:06.495+0000] {logging_mixin.py:190} INFO - [2024-11-09T19:38:06.494+0000] {dag.py:3239} INFO - Sync 1 DAGs
[2024-11-09T19:38:06.512+0000] {logging_mixin.py:190} INFO - [2024-11-09T19:38:06.512+0000] {dag.py:4180} INFO - Setting next_dagrun for download_rocket_launches to None, run_after=None
[2024-11-09T19:38:06.551+0000] {processor.py:208} INFO - Processing /home/chirag/airflow/dags/rocket_launch.py took 0.107 seconds
[2024-11-09T19:38:44.211+0000] {processor.py:186} INFO - Started process (PID=3378) to work on /home/chirag/airflow/dags/rocket_launch.py
[2024-11-09T19:38:44.218+0000] {processor.py:914} INFO - Processing file /home/chirag/airflow/dags/rocket_launch.py for tasks to queue
[2024-11-09T19:38:44.223+0000] {logging_mixin.py:190} INFO - [2024-11-09T19:38:44.222+0000] {dagbag.py:588} INFO - Filling up the DagBag from /home/chirag/airflow/dags/rocket_launch.py
[2024-11-09T19:38:44.240+0000] {processor.py:925} INFO - DAG(s) 'download_rocket_launches' retrieved from /home/chirag/airflow/dags/rocket_launch.py
[2024-11-09T19:38:44.264+0000] {logging_mixin.py:190} INFO - [2024-11-09T19:38:44.263+0000] {dag.py:3239} INFO - Sync 1 DAGs
[2024-11-09T19:38:44.288+0000] {logging_mixin.py:190} INFO - [2024-11-09T19:38:44.288+0000] {dag.py:4180} INFO - Setting next_dagrun for download_rocket_launches to None, run_after=None
[2024-11-09T19:38:44.332+0000] {processor.py:208} INFO - Processing /home/chirag/airflow/dags/rocket_launch.py took 0.144 seconds
[2024-11-09T19:39:22.755+0000] {processor.py:186} INFO - Started process (PID=3488) to work on /home/chirag/airflow/dags/rocket_launch.py
[2024-11-09T19:39:22.758+0000] {processor.py:914} INFO - Processing file /home/chirag/airflow/dags/rocket_launch.py for tasks to queue
[2024-11-09T19:39:22.764+0000] {logging_mixin.py:190} INFO - [2024-11-09T19:39:22.763+0000] {dagbag.py:588} INFO - Filling up the DagBag from /home/chirag/airflow/dags/rocket_launch.py
[2024-11-09T19:39:22.789+0000] {processor.py:925} INFO - DAG(s) 'download_rocket_launches' retrieved from /home/chirag/airflow/dags/rocket_launch.py
[2024-11-09T19:39:22.814+0000] {logging_mixin.py:190} INFO - [2024-11-09T19:39:22.814+0000] {dag.py:3239} INFO - Sync 1 DAGs
[2024-11-09T19:39:22.835+0000] {logging_mixin.py:190} INFO - [2024-11-09T19:39:22.834+0000] {dag.py:4180} INFO - Setting next_dagrun for download_rocket_launches to None, run_after=None
[2024-11-09T19:39:22.900+0000] {processor.py:208} INFO - Processing /home/chirag/airflow/dags/rocket_launch.py took 0.158 seconds
[2024-11-09T19:40:09.594+0000] {processor.py:186} INFO - Started process (PID=3612) to work on /home/chirag/airflow/dags/rocket_launch.py
[2024-11-09T19:40:09.597+0000] {processor.py:914} INFO - Processing file /home/chirag/airflow/dags/rocket_launch.py for tasks to queue
[2024-11-09T19:40:09.601+0000] {logging_mixin.py:190} INFO - [2024-11-09T19:40:09.600+0000] {dagbag.py:588} INFO - Filling up the DagBag from /home/chirag/airflow/dags/rocket_launch.py
[2024-11-09T19:40:09.614+0000] {processor.py:925} INFO - DAG(s) 'download_rocket_launches' retrieved from /home/chirag/airflow/dags/rocket_launch.py
[2024-11-09T19:40:09.637+0000] {logging_mixin.py:190} INFO - [2024-11-09T19:40:09.636+0000] {dag.py:3239} INFO - Sync 1 DAGs
[2024-11-09T19:40:09.656+0000] {logging_mixin.py:190} INFO - [2024-11-09T19:40:09.656+0000] {dag.py:4180} INFO - Setting next_dagrun for download_rocket_launches to None, run_after=None
[2024-11-09T19:40:09.690+0000] {processor.py:208} INFO - Processing /home/chirag/airflow/dags/rocket_launch.py took 0.113 seconds
[2024-11-09T19:40:47.865+0000] {processor.py:186} INFO - Started process (PID=3718) to work on /home/chirag/airflow/dags/rocket_launch.py
[2024-11-09T19:40:47.868+0000] {processor.py:914} INFO - Processing file /home/chirag/airflow/dags/rocket_launch.py for tasks to queue
[2024-11-09T19:40:47.872+0000] {logging_mixin.py:190} INFO - [2024-11-09T19:40:47.872+0000] {dagbag.py:588} INFO - Filling up the DagBag from /home/chirag/airflow/dags/rocket_launch.py
[2024-11-09T19:40:47.886+0000] {processor.py:925} INFO - DAG(s) 'download_rocket_launches' retrieved from /home/chirag/airflow/dags/rocket_launch.py
[2024-11-09T19:40:47.907+0000] {logging_mixin.py:190} INFO - [2024-11-09T19:40:47.907+0000] {dag.py:3239} INFO - Sync 1 DAGs
[2024-11-09T19:40:47.925+0000] {logging_mixin.py:190} INFO - [2024-11-09T19:40:47.925+0000] {dag.py:4180} INFO - Setting next_dagrun for download_rocket_launches to None, run_after=None
[2024-11-09T19:40:47.982+0000] {processor.py:208} INFO - Processing /home/chirag/airflow/dags/rocket_launch.py took 0.125 seconds
[2024-11-09T19:41:24.419+0000] {processor.py:186} INFO - Started process (PID=3821) to work on /home/chirag/airflow/dags/rocket_launch.py
[2024-11-09T19:41:24.433+0000] {processor.py:914} INFO - Processing file /home/chirag/airflow/dags/rocket_launch.py for tasks to queue
[2024-11-09T19:41:24.441+0000] {logging_mixin.py:190} INFO - [2024-11-09T19:41:24.440+0000] {dagbag.py:588} INFO - Filling up the DagBag from /home/chirag/airflow/dags/rocket_launch.py
[2024-11-09T19:41:24.466+0000] {processor.py:925} INFO - DAG(s) 'download_rocket_launches' retrieved from /home/chirag/airflow/dags/rocket_launch.py
[2024-11-09T19:41:24.490+0000] {logging_mixin.py:190} INFO - [2024-11-09T19:41:24.490+0000] {dag.py:3239} INFO - Sync 1 DAGs
[2024-11-09T19:41:24.510+0000] {logging_mixin.py:190} INFO - [2024-11-09T19:41:24.510+0000] {dag.py:4180} INFO - Setting next_dagrun for download_rocket_launches to None, run_after=None
[2024-11-09T19:41:24.547+0000] {processor.py:208} INFO - Processing /home/chirag/airflow/dags/rocket_launch.py took 0.151 seconds
[2024-11-09T19:42:01.142+0000] {processor.py:186} INFO - Started process (PID=3926) to work on /home/chirag/airflow/dags/rocket_launch.py
[2024-11-09T19:42:01.146+0000] {processor.py:914} INFO - Processing file /home/chirag/airflow/dags/rocket_launch.py for tasks to queue
[2024-11-09T19:42:01.149+0000] {logging_mixin.py:190} INFO - [2024-11-09T19:42:01.148+0000] {dagbag.py:588} INFO - Filling up the DagBag from /home/chirag/airflow/dags/rocket_launch.py
[2024-11-09T19:42:01.161+0000] {processor.py:925} INFO - DAG(s) 'download_rocket_launches' retrieved from /home/chirag/airflow/dags/rocket_launch.py
[2024-11-09T19:42:01.183+0000] {logging_mixin.py:190} INFO - [2024-11-09T19:42:01.183+0000] {dag.py:3239} INFO - Sync 1 DAGs
[2024-11-09T19:42:01.201+0000] {logging_mixin.py:190} INFO - [2024-11-09T19:42:01.201+0000] {dag.py:4180} INFO - Setting next_dagrun for download_rocket_launches to None, run_after=None
[2024-11-09T19:42:01.240+0000] {processor.py:208} INFO - Processing /home/chirag/airflow/dags/rocket_launch.py took 0.106 seconds
[2024-11-09T19:42:37.004+0000] {processor.py:186} INFO - Started process (PID=4030) to work on /home/chirag/airflow/dags/rocket_launch.py
[2024-11-09T19:42:37.007+0000] {processor.py:914} INFO - Processing file /home/chirag/airflow/dags/rocket_launch.py for tasks to queue
[2024-11-09T19:42:37.011+0000] {logging_mixin.py:190} INFO - [2024-11-09T19:42:37.011+0000] {dagbag.py:588} INFO - Filling up the DagBag from /home/chirag/airflow/dags/rocket_launch.py
[2024-11-09T19:42:37.027+0000] {processor.py:925} INFO - DAG(s) 'download_rocket_launches' retrieved from /home/chirag/airflow/dags/rocket_launch.py
[2024-11-09T19:42:37.053+0000] {logging_mixin.py:190} INFO - [2024-11-09T19:42:37.052+0000] {dag.py:3239} INFO - Sync 1 DAGs
[2024-11-09T19:42:37.074+0000] {logging_mixin.py:190} INFO - [2024-11-09T19:42:37.074+0000] {dag.py:4180} INFO - Setting next_dagrun for download_rocket_launches to None, run_after=None
[2024-11-09T19:42:37.117+0000] {processor.py:208} INFO - Processing /home/chirag/airflow/dags/rocket_launch.py took 0.123 seconds
[2024-11-09T19:43:17.679+0000] {processor.py:186} INFO - Started process (PID=4147) to work on /home/chirag/airflow/dags/rocket_launch.py
[2024-11-09T19:43:17.682+0000] {processor.py:914} INFO - Processing file /home/chirag/airflow/dags/rocket_launch.py for tasks to queue
[2024-11-09T19:43:17.685+0000] {logging_mixin.py:190} INFO - [2024-11-09T19:43:17.685+0000] {dagbag.py:588} INFO - Filling up the DagBag from /home/chirag/airflow/dags/rocket_launch.py
[2024-11-09T19:43:17.697+0000] {processor.py:925} INFO - DAG(s) 'download_rocket_launches' retrieved from /home/chirag/airflow/dags/rocket_launch.py
[2024-11-09T19:43:17.719+0000] {logging_mixin.py:190} INFO - [2024-11-09T19:43:17.719+0000] {dag.py:3239} INFO - Sync 1 DAGs
[2024-11-09T19:43:17.738+0000] {logging_mixin.py:190} INFO - [2024-11-09T19:43:17.737+0000] {dag.py:4180} INFO - Setting next_dagrun for download_rocket_launches to None, run_after=None
[2024-11-09T19:43:17.772+0000] {processor.py:208} INFO - Processing /home/chirag/airflow/dags/rocket_launch.py took 0.102 seconds
[2024-11-09T19:43:58.534+0000] {processor.py:186} INFO - Started process (PID=4263) to work on /home/chirag/airflow/dags/rocket_launch.py
[2024-11-09T19:43:58.537+0000] {processor.py:914} INFO - Processing file /home/chirag/airflow/dags/rocket_launch.py for tasks to queue
[2024-11-09T19:43:58.541+0000] {logging_mixin.py:190} INFO - [2024-11-09T19:43:58.540+0000] {dagbag.py:588} INFO - Filling up the DagBag from /home/chirag/airflow/dags/rocket_launch.py
[2024-11-09T19:43:58.553+0000] {processor.py:925} INFO - DAG(s) 'download_rocket_launches' retrieved from /home/chirag/airflow/dags/rocket_launch.py
[2024-11-09T19:43:58.575+0000] {logging_mixin.py:190} INFO - [2024-11-09T19:43:58.574+0000] {dag.py:3239} INFO - Sync 1 DAGs
[2024-11-09T19:43:58.594+0000] {logging_mixin.py:190} INFO - [2024-11-09T19:43:58.593+0000] {dag.py:4180} INFO - Setting next_dagrun for download_rocket_launches to None, run_after=None
[2024-11-09T19:43:58.631+0000] {processor.py:208} INFO - Processing /home/chirag/airflow/dags/rocket_launch.py took 0.105 seconds
[2024-11-09T19:44:33.906+0000] {processor.py:186} INFO - Started process (PID=4367) to work on /home/chirag/airflow/dags/rocket_launch.py
[2024-11-09T19:44:33.909+0000] {processor.py:914} INFO - Processing file /home/chirag/airflow/dags/rocket_launch.py for tasks to queue
[2024-11-09T19:44:33.912+0000] {logging_mixin.py:190} INFO - [2024-11-09T19:44:33.912+0000] {dagbag.py:588} INFO - Filling up the DagBag from /home/chirag/airflow/dags/rocket_launch.py
[2024-11-09T19:44:33.924+0000] {processor.py:925} INFO - DAG(s) 'download_rocket_launches' retrieved from /home/chirag/airflow/dags/rocket_launch.py
[2024-11-09T19:44:33.946+0000] {logging_mixin.py:190} INFO - [2024-11-09T19:44:33.946+0000] {dag.py:3239} INFO - Sync 1 DAGs
[2024-11-09T19:44:33.966+0000] {logging_mixin.py:190} INFO - [2024-11-09T19:44:33.965+0000] {dag.py:4180} INFO - Setting next_dagrun for download_rocket_launches to None, run_after=None
[2024-11-09T19:44:34.003+0000] {processor.py:208} INFO - Processing /home/chirag/airflow/dags/rocket_launch.py took 0.105 seconds
[2024-11-09T19:45:07.602+0000] {processor.py:186} INFO - Started process (PID=4465) to work on /home/chirag/airflow/dags/rocket_launch.py
[2024-11-09T19:45:07.609+0000] {processor.py:914} INFO - Processing file /home/chirag/airflow/dags/rocket_launch.py for tasks to queue
[2024-11-09T19:45:07.612+0000] {logging_mixin.py:190} INFO - [2024-11-09T19:45:07.612+0000] {dagbag.py:588} INFO - Filling up the DagBag from /home/chirag/airflow/dags/rocket_launch.py
[2024-11-09T19:45:07.624+0000] {processor.py:925} INFO - DAG(s) 'download_rocket_launches' retrieved from /home/chirag/airflow/dags/rocket_launch.py
[2024-11-09T19:45:07.647+0000] {logging_mixin.py:190} INFO - [2024-11-09T19:45:07.646+0000] {dag.py:3239} INFO - Sync 1 DAGs
[2024-11-09T19:45:07.664+0000] {logging_mixin.py:190} INFO - [2024-11-09T19:45:07.664+0000] {dag.py:4180} INFO - Setting next_dagrun for download_rocket_launches to None, run_after=None
[2024-11-09T19:45:07.699+0000] {processor.py:208} INFO - Processing /home/chirag/airflow/dags/rocket_launch.py took 0.105 seconds
[2024-11-09T19:46:14.954+0000] {processor.py:186} INFO - Started process (PID=4653) to work on /home/chirag/airflow/dags/rocket_launch.py
[2024-11-09T19:46:14.957+0000] {processor.py:914} INFO - Processing file /home/chirag/airflow/dags/rocket_launch.py for tasks to queue
[2024-11-09T19:46:14.963+0000] {logging_mixin.py:190} INFO - [2024-11-09T19:46:14.962+0000] {dagbag.py:588} INFO - Filling up the DagBag from /home/chirag/airflow/dags/rocket_launch.py
[2024-11-09T19:46:14.979+0000] {processor.py:925} INFO - DAG(s) 'download_rocket_launches' retrieved from /home/chirag/airflow/dags/rocket_launch.py
[2024-11-09T19:46:15.018+0000] {logging_mixin.py:190} INFO - [2024-11-09T19:46:15.017+0000] {dag.py:3239} INFO - Sync 1 DAGs
[2024-11-09T19:46:15.038+0000] {logging_mixin.py:190} INFO - [2024-11-09T19:46:15.038+0000] {dag.py:4180} INFO - Setting next_dagrun for download_rocket_launches to None, run_after=None
[2024-11-09T19:46:15.078+0000] {processor.py:208} INFO - Processing /home/chirag/airflow/dags/rocket_launch.py took 0.136 seconds
[2024-11-09T19:47:02.854+0000] {processor.py:186} INFO - Started process (PID=4825) to work on /home/chirag/airflow/dags/rocket_launch.py
[2024-11-09T19:47:02.858+0000] {processor.py:914} INFO - Processing file /home/chirag/airflow/dags/rocket_launch.py for tasks to queue
[2024-11-09T19:47:02.861+0000] {logging_mixin.py:190} INFO - [2024-11-09T19:47:02.861+0000] {dagbag.py:588} INFO - Filling up the DagBag from /home/chirag/airflow/dags/rocket_launch.py
[2024-11-09T19:47:02.873+0000] {processor.py:925} INFO - DAG(s) 'download_rocket_launches' retrieved from /home/chirag/airflow/dags/rocket_launch.py
[2024-11-09T19:47:02.895+0000] {logging_mixin.py:190} INFO - [2024-11-09T19:47:02.895+0000] {dag.py:3239} INFO - Sync 1 DAGs
[2024-11-09T19:47:02.913+0000] {logging_mixin.py:190} INFO - [2024-11-09T19:47:02.913+0000] {dag.py:4180} INFO - Setting next_dagrun for download_rocket_launches to None, run_after=None
[2024-11-09T19:47:02.952+0000] {processor.py:208} INFO - Processing /home/chirag/airflow/dags/rocket_launch.py took 0.105 seconds
[2024-11-09T19:47:38.580+0000] {processor.py:186} INFO - Started process (PID=4931) to work on /home/chirag/airflow/dags/rocket_launch.py
[2024-11-09T19:47:38.584+0000] {processor.py:914} INFO - Processing file /home/chirag/airflow/dags/rocket_launch.py for tasks to queue
[2024-11-09T19:47:38.589+0000] {logging_mixin.py:190} INFO - [2024-11-09T19:47:38.588+0000] {dagbag.py:588} INFO - Filling up the DagBag from /home/chirag/airflow/dags/rocket_launch.py
[2024-11-09T19:47:38.611+0000] {processor.py:925} INFO - DAG(s) 'download_rocket_launches' retrieved from /home/chirag/airflow/dags/rocket_launch.py
[2024-11-09T19:47:38.641+0000] {logging_mixin.py:190} INFO - [2024-11-09T19:47:38.641+0000] {dag.py:3239} INFO - Sync 1 DAGs
[2024-11-09T19:47:38.673+0000] {logging_mixin.py:190} INFO - [2024-11-09T19:47:38.673+0000] {dag.py:4180} INFO - Setting next_dagrun for download_rocket_launches to None, run_after=None
[2024-11-09T19:47:38.768+0000] {processor.py:208} INFO - Processing /home/chirag/airflow/dags/rocket_launch.py took 0.202 seconds
[2024-11-09T19:48:19.067+0000] {processor.py:186} INFO - Started process (PID=5054) to work on /home/chirag/airflow/dags/rocket_launch.py
[2024-11-09T19:48:19.070+0000] {processor.py:914} INFO - Processing file /home/chirag/airflow/dags/rocket_launch.py for tasks to queue
[2024-11-09T19:48:19.074+0000] {logging_mixin.py:190} INFO - [2024-11-09T19:48:19.073+0000] {dagbag.py:588} INFO - Filling up the DagBag from /home/chirag/airflow/dags/rocket_launch.py
[2024-11-09T19:48:19.086+0000] {processor.py:925} INFO - DAG(s) 'download_rocket_launches' retrieved from /home/chirag/airflow/dags/rocket_launch.py
[2024-11-09T19:48:19.108+0000] {logging_mixin.py:190} INFO - [2024-11-09T19:48:19.107+0000] {dag.py:3239} INFO - Sync 1 DAGs
[2024-11-09T19:48:19.125+0000] {logging_mixin.py:190} INFO - [2024-11-09T19:48:19.125+0000] {dag.py:4180} INFO - Setting next_dagrun for download_rocket_launches to None, run_after=None
[2024-11-09T19:48:19.162+0000] {processor.py:208} INFO - Processing /home/chirag/airflow/dags/rocket_launch.py took 0.103 seconds
[2024-11-09T19:48:57.386+0000] {processor.py:186} INFO - Started process (PID=5165) to work on /home/chirag/airflow/dags/rocket_launch.py
[2024-11-09T19:48:57.388+0000] {processor.py:914} INFO - Processing file /home/chirag/airflow/dags/rocket_launch.py for tasks to queue
[2024-11-09T19:48:57.391+0000] {logging_mixin.py:190} INFO - [2024-11-09T19:48:57.391+0000] {dagbag.py:588} INFO - Filling up the DagBag from /home/chirag/airflow/dags/rocket_launch.py
[2024-11-09T19:48:57.405+0000] {processor.py:925} INFO - DAG(s) 'download_rocket_launches' retrieved from /home/chirag/airflow/dags/rocket_launch.py
[2024-11-09T19:48:57.427+0000] {logging_mixin.py:190} INFO - [2024-11-09T19:48:57.427+0000] {dag.py:3239} INFO - Sync 1 DAGs
[2024-11-09T19:48:57.446+0000] {logging_mixin.py:190} INFO - [2024-11-09T19:48:57.445+0000] {dag.py:4180} INFO - Setting next_dagrun for download_rocket_launches to None, run_after=None
[2024-11-09T19:48:57.487+0000] {processor.py:208} INFO - Processing /home/chirag/airflow/dags/rocket_launch.py took 0.110 seconds
[2024-11-09T19:49:32.937+0000] {processor.py:186} INFO - Started process (PID=5270) to work on /home/chirag/airflow/dags/rocket_launch.py
[2024-11-09T19:49:32.962+0000] {processor.py:914} INFO - Processing file /home/chirag/airflow/dags/rocket_launch.py for tasks to queue
[2024-11-09T19:49:32.968+0000] {logging_mixin.py:190} INFO - [2024-11-09T19:49:32.967+0000] {dagbag.py:588} INFO - Filling up the DagBag from /home/chirag/airflow/dags/rocket_launch.py
[2024-11-09T19:49:33.002+0000] {processor.py:925} INFO - DAG(s) 'download_rocket_launches' retrieved from /home/chirag/airflow/dags/rocket_launch.py
[2024-11-09T19:49:33.039+0000] {logging_mixin.py:190} INFO - [2024-11-09T19:49:33.038+0000] {dag.py:3239} INFO - Sync 1 DAGs
[2024-11-09T19:49:33.066+0000] {logging_mixin.py:190} INFO - [2024-11-09T19:49:33.066+0000] {dag.py:4180} INFO - Setting next_dagrun for download_rocket_launches to None, run_after=None
[2024-11-09T19:49:33.106+0000] {processor.py:208} INFO - Processing /home/chirag/airflow/dags/rocket_launch.py took 0.203 seconds
[2024-11-09T19:50:08.224+0000] {processor.py:186} INFO - Started process (PID=5521) to work on /home/chirag/airflow/dags/rocket_launch.py
[2024-11-09T19:50:08.225+0000] {processor.py:914} INFO - Processing file /home/chirag/airflow/dags/rocket_launch.py for tasks to queue
[2024-11-09T19:50:08.228+0000] {logging_mixin.py:190} INFO - [2024-11-09T19:50:08.227+0000] {dagbag.py:588} INFO - Filling up the DagBag from /home/chirag/airflow/dags/rocket_launch.py
[2024-11-09T19:50:08.241+0000] {processor.py:925} INFO - DAG(s) 'download_rocket_launches' retrieved from /home/chirag/airflow/dags/rocket_launch.py
[2024-11-09T19:50:08.273+0000] {logging_mixin.py:190} INFO - [2024-11-09T19:50:08.273+0000] {dag.py:3239} INFO - Sync 1 DAGs
[2024-11-09T19:50:08.292+0000] {logging_mixin.py:190} INFO - [2024-11-09T19:50:08.291+0000] {dag.py:4180} INFO - Setting next_dagrun for download_rocket_launches to None, run_after=None
[2024-11-09T19:50:08.332+0000] {processor.py:208} INFO - Processing /home/chirag/airflow/dags/rocket_launch.py took 0.116 seconds
[2024-11-09T19:50:43.492+0000] {processor.py:186} INFO - Started process (PID=5721) to work on /home/chirag/airflow/dags/rocket_launch.py
[2024-11-09T19:50:43.495+0000] {processor.py:914} INFO - Processing file /home/chirag/airflow/dags/rocket_launch.py for tasks to queue
[2024-11-09T19:50:43.499+0000] {logging_mixin.py:190} INFO - [2024-11-09T19:50:43.498+0000] {dagbag.py:588} INFO - Filling up the DagBag from /home/chirag/airflow/dags/rocket_launch.py
[2024-11-09T19:50:43.512+0000] {processor.py:925} INFO - DAG(s) 'download_rocket_launches' retrieved from /home/chirag/airflow/dags/rocket_launch.py
[2024-11-09T19:50:43.536+0000] {logging_mixin.py:190} INFO - [2024-11-09T19:50:43.535+0000] {dag.py:3239} INFO - Sync 1 DAGs
[2024-11-09T19:50:43.555+0000] {logging_mixin.py:190} INFO - [2024-11-09T19:50:43.555+0000] {dag.py:4180} INFO - Setting next_dagrun for download_rocket_launches to None, run_after=None
[2024-11-09T19:50:43.598+0000] {processor.py:208} INFO - Processing /home/chirag/airflow/dags/rocket_launch.py took 0.115 seconds
[2024-11-09T19:51:20.303+0000] {processor.py:186} INFO - Started process (PID=6135) to work on /home/chirag/airflow/dags/rocket_launch.py
[2024-11-09T19:51:20.306+0000] {processor.py:914} INFO - Processing file /home/chirag/airflow/dags/rocket_launch.py for tasks to queue
[2024-11-09T19:51:20.309+0000] {logging_mixin.py:190} INFO - [2024-11-09T19:51:20.309+0000] {dagbag.py:588} INFO - Filling up the DagBag from /home/chirag/airflow/dags/rocket_launch.py
[2024-11-09T19:51:20.322+0000] {processor.py:925} INFO - DAG(s) 'download_rocket_launches' retrieved from /home/chirag/airflow/dags/rocket_launch.py
[2024-11-09T19:51:20.346+0000] {logging_mixin.py:190} INFO - [2024-11-09T19:51:20.346+0000] {dag.py:3239} INFO - Sync 1 DAGs
[2024-11-09T19:51:20.377+0000] {logging_mixin.py:190} INFO - [2024-11-09T19:51:20.377+0000] {dag.py:4180} INFO - Setting next_dagrun for download_rocket_launches to None, run_after=None
[2024-11-09T19:51:20.464+0000] {processor.py:208} INFO - Processing /home/chirag/airflow/dags/rocket_launch.py took 0.171 seconds
[2024-11-09T19:51:59.407+0000] {processor.py:186} INFO - Started process (PID=6273) to work on /home/chirag/airflow/dags/rocket_launch.py
[2024-11-09T19:51:59.412+0000] {processor.py:914} INFO - Processing file /home/chirag/airflow/dags/rocket_launch.py for tasks to queue
[2024-11-09T19:51:59.416+0000] {logging_mixin.py:190} INFO - [2024-11-09T19:51:59.416+0000] {dagbag.py:588} INFO - Filling up the DagBag from /home/chirag/airflow/dags/rocket_launch.py
[2024-11-09T19:51:59.432+0000] {processor.py:925} INFO - DAG(s) 'download_rocket_launches' retrieved from /home/chirag/airflow/dags/rocket_launch.py
[2024-11-09T19:51:59.461+0000] {logging_mixin.py:190} INFO - [2024-11-09T19:51:59.460+0000] {dag.py:3239} INFO - Sync 1 DAGs
[2024-11-09T19:51:59.484+0000] {logging_mixin.py:190} INFO - [2024-11-09T19:51:59.483+0000] {dag.py:4180} INFO - Setting next_dagrun for download_rocket_launches to None, run_after=None
[2024-11-09T19:51:59.530+0000] {processor.py:208} INFO - Processing /home/chirag/airflow/dags/rocket_launch.py took 0.135 seconds
[2024-11-09T19:52:55.830+0000] {processor.py:186} INFO - Started process (PID=6533) to work on /home/chirag/airflow/dags/rocket_launch.py
[2024-11-09T19:52:55.853+0000] {processor.py:914} INFO - Processing file /home/chirag/airflow/dags/rocket_launch.py for tasks to queue
[2024-11-09T19:52:55.885+0000] {logging_mixin.py:190} INFO - [2024-11-09T19:52:55.885+0000] {dagbag.py:588} INFO - Filling up the DagBag from /home/chirag/airflow/dags/rocket_launch.py
[2024-11-09T19:52:56.007+0000] {processor.py:925} INFO - DAG(s) 'download_rocket_launches' retrieved from /home/chirag/airflow/dags/rocket_launch.py
[2024-11-09T19:52:56.161+0000] {logging_mixin.py:190} INFO - [2024-11-09T19:52:56.160+0000] {dag.py:3239} INFO - Sync 1 DAGs
[2024-11-09T19:52:56.291+0000] {logging_mixin.py:190} INFO - [2024-11-09T19:52:56.291+0000] {dag.py:4180} INFO - Setting next_dagrun for download_rocket_launches to None, run_after=None
[2024-11-09T19:52:56.460+0000] {processor.py:208} INFO - Processing /home/chirag/airflow/dags/rocket_launch.py took 0.686 seconds
[2024-11-09T19:53:47.672+0000] {processor.py:186} INFO - Started process (PID=6841) to work on /home/chirag/airflow/dags/rocket_launch.py
[2024-11-09T19:53:47.682+0000] {processor.py:914} INFO - Processing file /home/chirag/airflow/dags/rocket_launch.py for tasks to queue
[2024-11-09T19:53:47.686+0000] {logging_mixin.py:190} INFO - [2024-11-09T19:53:47.685+0000] {dagbag.py:588} INFO - Filling up the DagBag from /home/chirag/airflow/dags/rocket_launch.py
[2024-11-09T19:53:47.709+0000] {processor.py:925} INFO - DAG(s) 'download_rocket_launches' retrieved from /home/chirag/airflow/dags/rocket_launch.py
[2024-11-09T19:53:47.740+0000] {logging_mixin.py:190} INFO - [2024-11-09T19:53:47.740+0000] {dag.py:3239} INFO - Sync 1 DAGs
[2024-11-09T19:53:47.779+0000] {logging_mixin.py:190} INFO - [2024-11-09T19:53:47.773+0000] {dag.py:4180} INFO - Setting next_dagrun for download_rocket_launches to None, run_after=None
[2024-11-09T19:53:47.874+0000] {processor.py:208} INFO - Processing /home/chirag/airflow/dags/rocket_launch.py took 0.222 seconds
[2024-11-09T19:54:24.690+0000] {processor.py:186} INFO - Started process (PID=7169) to work on /home/chirag/airflow/dags/rocket_launch.py
[2024-11-09T19:54:24.694+0000] {processor.py:914} INFO - Processing file /home/chirag/airflow/dags/rocket_launch.py for tasks to queue
[2024-11-09T19:54:24.697+0000] {logging_mixin.py:190} INFO - [2024-11-09T19:54:24.696+0000] {dagbag.py:588} INFO - Filling up the DagBag from /home/chirag/airflow/dags/rocket_launch.py
[2024-11-09T19:54:24.714+0000] {processor.py:925} INFO - DAG(s) 'download_rocket_launches' retrieved from /home/chirag/airflow/dags/rocket_launch.py
[2024-11-09T19:54:25.031+0000] {logging_mixin.py:190} INFO - [2024-11-09T19:54:25.030+0000] {dag.py:3239} INFO - Sync 1 DAGs
[2024-11-09T19:54:25.055+0000] {logging_mixin.py:190} INFO - [2024-11-09T19:54:25.055+0000] {dag.py:4180} INFO - Setting next_dagrun for download_rocket_launches to None, run_after=None
[2024-11-09T19:54:25.103+0000] {processor.py:208} INFO - Processing /home/chirag/airflow/dags/rocket_launch.py took 0.422 seconds
[2024-11-09T19:55:02.392+0000] {processor.py:186} INFO - Started process (PID=7441) to work on /home/chirag/airflow/dags/rocket_launch.py
[2024-11-09T19:55:02.394+0000] {processor.py:914} INFO - Processing file /home/chirag/airflow/dags/rocket_launch.py for tasks to queue
[2024-11-09T19:55:02.398+0000] {logging_mixin.py:190} INFO - [2024-11-09T19:55:02.397+0000] {dagbag.py:588} INFO - Filling up the DagBag from /home/chirag/airflow/dags/rocket_launch.py
[2024-11-09T19:55:02.411+0000] {processor.py:925} INFO - DAG(s) 'download_rocket_launches' retrieved from /home/chirag/airflow/dags/rocket_launch.py
[2024-11-09T19:55:02.434+0000] {logging_mixin.py:190} INFO - [2024-11-09T19:55:02.434+0000] {dag.py:3239} INFO - Sync 1 DAGs
[2024-11-09T19:55:02.453+0000] {logging_mixin.py:190} INFO - [2024-11-09T19:55:02.453+0000] {dag.py:4180} INFO - Setting next_dagrun for download_rocket_launches to None, run_after=None
[2024-11-09T19:55:02.507+0000] {processor.py:208} INFO - Processing /home/chirag/airflow/dags/rocket_launch.py took 0.131 seconds
[2024-11-09T19:55:41.950+0000] {processor.py:186} INFO - Started process (PID=7747) to work on /home/chirag/airflow/dags/rocket_launch.py
[2024-11-09T19:55:41.961+0000] {processor.py:914} INFO - Processing file /home/chirag/airflow/dags/rocket_launch.py for tasks to queue
[2024-11-09T19:55:41.967+0000] {logging_mixin.py:190} INFO - [2024-11-09T19:55:41.966+0000] {dagbag.py:588} INFO - Filling up the DagBag from /home/chirag/airflow/dags/rocket_launch.py
[2024-11-09T19:55:42.002+0000] {processor.py:925} INFO - DAG(s) 'download_rocket_launches' retrieved from /home/chirag/airflow/dags/rocket_launch.py
[2024-11-09T19:55:42.051+0000] {logging_mixin.py:190} INFO - [2024-11-09T19:55:42.050+0000] {dag.py:3239} INFO - Sync 1 DAGs
[2024-11-09T19:55:42.086+0000] {logging_mixin.py:190} INFO - [2024-11-09T19:55:42.085+0000] {dag.py:4180} INFO - Setting next_dagrun for download_rocket_launches to None, run_after=None
[2024-11-09T19:55:42.198+0000] {processor.py:208} INFO - Processing /home/chirag/airflow/dags/rocket_launch.py took 0.277 seconds
[2024-11-09T19:56:27.374+0000] {processor.py:186} INFO - Started process (PID=7939) to work on /home/chirag/airflow/dags/rocket_launch.py
[2024-11-09T19:56:27.406+0000] {processor.py:914} INFO - Processing file /home/chirag/airflow/dags/rocket_launch.py for tasks to queue
[2024-11-09T19:56:27.412+0000] {logging_mixin.py:190} INFO - [2024-11-09T19:56:27.411+0000] {dagbag.py:588} INFO - Filling up the DagBag from /home/chirag/airflow/dags/rocket_launch.py
[2024-11-09T19:56:27.488+0000] {processor.py:925} INFO - DAG(s) 'download_rocket_launches' retrieved from /home/chirag/airflow/dags/rocket_launch.py
[2024-11-09T19:56:27.645+0000] {logging_mixin.py:190} INFO - [2024-11-09T19:56:27.645+0000] {dag.py:3239} INFO - Sync 1 DAGs
[2024-11-09T19:56:27.900+0000] {logging_mixin.py:190} INFO - [2024-11-09T19:56:27.900+0000] {dag.py:4180} INFO - Setting next_dagrun for download_rocket_launches to None, run_after=None
[2024-11-09T19:56:28.397+0000] {processor.py:208} INFO - Processing /home/chirag/airflow/dags/rocket_launch.py took 1.073 seconds
[2024-11-09T19:57:33.097+0000] {processor.py:186} INFO - Started process (PID=8133) to work on /home/chirag/airflow/dags/rocket_launch.py
[2024-11-09T19:57:33.101+0000] {processor.py:914} INFO - Processing file /home/chirag/airflow/dags/rocket_launch.py for tasks to queue
[2024-11-09T19:57:33.104+0000] {logging_mixin.py:190} INFO - [2024-11-09T19:57:33.103+0000] {dagbag.py:588} INFO - Filling up the DagBag from /home/chirag/airflow/dags/rocket_launch.py
[2024-11-09T19:57:33.116+0000] {processor.py:925} INFO - DAG(s) 'download_rocket_launches' retrieved from /home/chirag/airflow/dags/rocket_launch.py
[2024-11-09T19:57:33.139+0000] {logging_mixin.py:190} INFO - [2024-11-09T19:57:33.139+0000] {dag.py:3239} INFO - Sync 1 DAGs
[2024-11-09T19:57:33.157+0000] {logging_mixin.py:190} INFO - [2024-11-09T19:57:33.157+0000] {dag.py:4180} INFO - Setting next_dagrun for download_rocket_launches to None, run_after=None
[2024-11-09T19:57:33.192+0000] {processor.py:208} INFO - Processing /home/chirag/airflow/dags/rocket_launch.py took 0.103 seconds
[2024-11-09T19:58:29.695+0000] {processor.py:186} INFO - Started process (PID=8442) to work on /home/chirag/airflow/dags/rocket_launch.py
[2024-11-09T19:58:29.703+0000] {processor.py:914} INFO - Processing file /home/chirag/airflow/dags/rocket_launch.py for tasks to queue
[2024-11-09T19:58:29.728+0000] {logging_mixin.py:190} INFO - [2024-11-09T19:58:29.716+0000] {dagbag.py:588} INFO - Filling up the DagBag from /home/chirag/airflow/dags/rocket_launch.py
[2024-11-09T19:58:29.779+0000] {processor.py:925} INFO - DAG(s) 'download_rocket_launches' retrieved from /home/chirag/airflow/dags/rocket_launch.py
[2024-11-09T19:58:29.865+0000] {logging_mixin.py:190} INFO - [2024-11-09T19:58:29.856+0000] {dag.py:3239} INFO - Sync 1 DAGs
[2024-11-09T19:58:29.907+0000] {logging_mixin.py:190} INFO - [2024-11-09T19:58:29.907+0000] {dag.py:4180} INFO - Setting next_dagrun for download_rocket_launches to None, run_after=None
[2024-11-09T19:58:30.030+0000] {processor.py:208} INFO - Processing /home/chirag/airflow/dags/rocket_launch.py took 0.364 seconds
[2024-11-09T19:59:17.653+0000] {processor.py:186} INFO - Started process (PID=8571) to work on /home/chirag/airflow/dags/rocket_launch.py
[2024-11-09T19:59:17.658+0000] {processor.py:914} INFO - Processing file /home/chirag/airflow/dags/rocket_launch.py for tasks to queue
[2024-11-09T19:59:17.668+0000] {logging_mixin.py:190} INFO - [2024-11-09T19:59:17.663+0000] {dagbag.py:588} INFO - Filling up the DagBag from /home/chirag/airflow/dags/rocket_launch.py
[2024-11-09T19:59:17.693+0000] {processor.py:925} INFO - DAG(s) 'download_rocket_launches' retrieved from /home/chirag/airflow/dags/rocket_launch.py
[2024-11-09T19:59:17.729+0000] {logging_mixin.py:190} INFO - [2024-11-09T19:59:17.729+0000] {dag.py:3239} INFO - Sync 1 DAGs
[2024-11-09T19:59:17.752+0000] {logging_mixin.py:190} INFO - [2024-11-09T19:59:17.752+0000] {dag.py:4180} INFO - Setting next_dagrun for download_rocket_launches to None, run_after=None
[2024-11-09T19:59:17.786+0000] {processor.py:208} INFO - Processing /home/chirag/airflow/dags/rocket_launch.py took 0.168 seconds
[2024-11-09T20:21:11.103+0000] {processor.py:186} INFO - Started process (PID=11929) to work on /home/chirag/airflow/dags/rocket_launch.py
[2024-11-09T20:21:11.106+0000] {processor.py:914} INFO - Processing file /home/chirag/airflow/dags/rocket_launch.py for tasks to queue
[2024-11-09T20:21:11.109+0000] {logging_mixin.py:190} INFO - [2024-11-09T20:21:11.108+0000] {dagbag.py:588} INFO - Filling up the DagBag from /home/chirag/airflow/dags/rocket_launch.py
[2024-11-09T20:21:11.127+0000] {processor.py:925} INFO - DAG(s) 'download_rocket_launches' retrieved from /home/chirag/airflow/dags/rocket_launch.py
[2024-11-09T20:21:11.160+0000] {logging_mixin.py:190} INFO - [2024-11-09T20:21:11.160+0000] {dag.py:3239} INFO - Sync 1 DAGs
[2024-11-09T20:21:11.178+0000] {logging_mixin.py:190} INFO - [2024-11-09T20:21:11.178+0000] {dag.py:4180} INFO - Setting next_dagrun for download_rocket_launches to None, run_after=None
[2024-11-09T20:21:11.217+0000] {processor.py:208} INFO - Processing /home/chirag/airflow/dags/rocket_launch.py took 0.122 seconds
[2024-11-09T20:23:16.642+0000] {processor.py:186} INFO - Started process (PID=12786) to work on /home/chirag/airflow/dags/rocket_launch.py
[2024-11-09T20:23:16.645+0000] {processor.py:914} INFO - Processing file /home/chirag/airflow/dags/rocket_launch.py for tasks to queue
[2024-11-09T20:23:16.648+0000] {logging_mixin.py:190} INFO - [2024-11-09T20:23:16.647+0000] {dagbag.py:588} INFO - Filling up the DagBag from /home/chirag/airflow/dags/rocket_launch.py
[2024-11-09T20:23:16.659+0000] {processor.py:925} INFO - DAG(s) 'download_rocket_launches' retrieved from /home/chirag/airflow/dags/rocket_launch.py
[2024-11-09T20:23:16.681+0000] {logging_mixin.py:190} INFO - [2024-11-09T20:23:16.681+0000] {dag.py:3239} INFO - Sync 1 DAGs
[2024-11-09T20:23:16.698+0000] {logging_mixin.py:190} INFO - [2024-11-09T20:23:16.698+0000] {dag.py:4180} INFO - Setting next_dagrun for download_rocket_launches to None, run_after=None
[2024-11-09T20:23:16.735+0000] {processor.py:208} INFO - Processing /home/chirag/airflow/dags/rocket_launch.py took 0.101 seconds
[2024-11-09T20:23:53.798+0000] {processor.py:186} INFO - Started process (PID=12896) to work on /home/chirag/airflow/dags/rocket_launch.py
[2024-11-09T20:23:53.801+0000] {processor.py:914} INFO - Processing file /home/chirag/airflow/dags/rocket_launch.py for tasks to queue
[2024-11-09T20:23:53.805+0000] {logging_mixin.py:190} INFO - [2024-11-09T20:23:53.804+0000] {dagbag.py:588} INFO - Filling up the DagBag from /home/chirag/airflow/dags/rocket_launch.py
[2024-11-09T20:23:53.817+0000] {processor.py:925} INFO - DAG(s) 'download_rocket_launches' retrieved from /home/chirag/airflow/dags/rocket_launch.py
[2024-11-09T20:23:53.841+0000] {logging_mixin.py:190} INFO - [2024-11-09T20:23:53.840+0000] {dag.py:3239} INFO - Sync 1 DAGs
[2024-11-09T20:23:53.858+0000] {logging_mixin.py:190} INFO - [2024-11-09T20:23:53.858+0000] {dag.py:4180} INFO - Setting next_dagrun for download_rocket_launches to None, run_after=None
[2024-11-09T20:23:53.892+0000] {processor.py:208} INFO - Processing /home/chirag/airflow/dags/rocket_launch.py took 0.102 seconds
[2024-11-09T20:24:30.832+0000] {processor.py:186} INFO - Started process (PID=13000) to work on /home/chirag/airflow/dags/rocket_launch.py
[2024-11-09T20:24:30.835+0000] {processor.py:914} INFO - Processing file /home/chirag/airflow/dags/rocket_launch.py for tasks to queue
[2024-11-09T20:24:30.838+0000] {logging_mixin.py:190} INFO - [2024-11-09T20:24:30.837+0000] {dagbag.py:588} INFO - Filling up the DagBag from /home/chirag/airflow/dags/rocket_launch.py
[2024-11-09T20:24:30.849+0000] {processor.py:925} INFO - DAG(s) 'download_rocket_launches' retrieved from /home/chirag/airflow/dags/rocket_launch.py
[2024-11-09T20:24:30.871+0000] {logging_mixin.py:190} INFO - [2024-11-09T20:24:30.870+0000] {dag.py:3239} INFO - Sync 1 DAGs
[2024-11-09T20:24:30.887+0000] {logging_mixin.py:190} INFO - [2024-11-09T20:24:30.887+0000] {dag.py:4180} INFO - Setting next_dagrun for download_rocket_launches to None, run_after=None
[2024-11-09T20:24:30.925+0000] {processor.py:208} INFO - Processing /home/chirag/airflow/dags/rocket_launch.py took 0.102 seconds
[2024-11-09T20:25:07.923+0000] {processor.py:186} INFO - Started process (PID=13104) to work on /home/chirag/airflow/dags/rocket_launch.py
[2024-11-09T20:25:07.927+0000] {processor.py:914} INFO - Processing file /home/chirag/airflow/dags/rocket_launch.py for tasks to queue
[2024-11-09T20:25:07.930+0000] {logging_mixin.py:190} INFO - [2024-11-09T20:25:07.929+0000] {dagbag.py:588} INFO - Filling up the DagBag from /home/chirag/airflow/dags/rocket_launch.py
[2024-11-09T20:25:07.941+0000] {processor.py:925} INFO - DAG(s) 'download_rocket_launches' retrieved from /home/chirag/airflow/dags/rocket_launch.py
[2024-11-09T20:25:07.963+0000] {logging_mixin.py:190} INFO - [2024-11-09T20:25:07.963+0000] {dag.py:3239} INFO - Sync 1 DAGs
[2024-11-09T20:25:07.981+0000] {logging_mixin.py:190} INFO - [2024-11-09T20:25:07.981+0000] {dag.py:4180} INFO - Setting next_dagrun for download_rocket_launches to None, run_after=None
[2024-11-09T20:25:08.019+0000] {processor.py:208} INFO - Processing /home/chirag/airflow/dags/rocket_launch.py took 0.104 seconds
[2024-11-09T20:26:04.229+0000] {processor.py:186} INFO - Started process (PID=13425) to work on /home/chirag/airflow/dags/rocket_launch.py
[2024-11-09T20:26:04.233+0000] {processor.py:914} INFO - Processing file /home/chirag/airflow/dags/rocket_launch.py for tasks to queue
[2024-11-09T20:26:04.236+0000] {logging_mixin.py:190} INFO - [2024-11-09T20:26:04.236+0000] {dagbag.py:588} INFO - Filling up the DagBag from /home/chirag/airflow/dags/rocket_launch.py
[2024-11-09T20:26:04.252+0000] {processor.py:925} INFO - DAG(s) 'download_rocket_launches' retrieved from /home/chirag/airflow/dags/rocket_launch.py
[2024-11-09T20:26:04.280+0000] {logging_mixin.py:190} INFO - [2024-11-09T20:26:04.279+0000] {dag.py:3239} INFO - Sync 1 DAGs
[2024-11-09T20:26:04.299+0000] {logging_mixin.py:190} INFO - [2024-11-09T20:26:04.299+0000] {dag.py:4180} INFO - Setting next_dagrun for download_rocket_launches to None, run_after=None
[2024-11-09T20:26:04.339+0000] {processor.py:208} INFO - Processing /home/chirag/airflow/dags/rocket_launch.py took 0.117 seconds
[2024-11-09T20:27:04.241+0000] {processor.py:186} INFO - Started process (PID=13781) to work on /home/chirag/airflow/dags/rocket_launch.py
[2024-11-09T20:27:04.244+0000] {processor.py:914} INFO - Processing file /home/chirag/airflow/dags/rocket_launch.py for tasks to queue
[2024-11-09T20:27:04.247+0000] {logging_mixin.py:190} INFO - [2024-11-09T20:27:04.246+0000] {dagbag.py:588} INFO - Filling up the DagBag from /home/chirag/airflow/dags/rocket_launch.py
[2024-11-09T20:27:04.259+0000] {processor.py:925} INFO - DAG(s) 'download_rocket_launches' retrieved from /home/chirag/airflow/dags/rocket_launch.py
[2024-11-09T20:27:04.281+0000] {logging_mixin.py:190} INFO - [2024-11-09T20:27:04.280+0000] {dag.py:3239} INFO - Sync 1 DAGs
[2024-11-09T20:27:04.299+0000] {logging_mixin.py:190} INFO - [2024-11-09T20:27:04.299+0000] {dag.py:4180} INFO - Setting next_dagrun for download_rocket_launches to None, run_after=None
[2024-11-09T20:27:04.352+0000] {processor.py:208} INFO - Processing /home/chirag/airflow/dags/rocket_launch.py took 0.118 seconds
[2024-11-09T20:27:54.151+0000] {processor.py:186} INFO - Started process (PID=13941) to work on /home/chirag/airflow/dags/rocket_launch.py
[2024-11-09T20:27:54.153+0000] {processor.py:914} INFO - Processing file /home/chirag/airflow/dags/rocket_launch.py for tasks to queue
[2024-11-09T20:27:54.156+0000] {logging_mixin.py:190} INFO - [2024-11-09T20:27:54.156+0000] {dagbag.py:588} INFO - Filling up the DagBag from /home/chirag/airflow/dags/rocket_launch.py
[2024-11-09T20:27:54.175+0000] {processor.py:925} INFO - DAG(s) 'download_rocket_launches' retrieved from /home/chirag/airflow/dags/rocket_launch.py
[2024-11-09T20:27:54.221+0000] {logging_mixin.py:190} INFO - [2024-11-09T20:27:54.220+0000] {dag.py:3239} INFO - Sync 1 DAGs
[2024-11-09T20:27:54.258+0000] {logging_mixin.py:190} INFO - [2024-11-09T20:27:54.257+0000] {dag.py:4180} INFO - Setting next_dagrun for download_rocket_launches to None, run_after=None
[2024-11-09T20:27:54.411+0000] {processor.py:208} INFO - Processing /home/chirag/airflow/dags/rocket_launch.py took 0.272 seconds
[2024-11-09T20:28:41.047+0000] {processor.py:186} INFO - Started process (PID=14442) to work on /home/chirag/airflow/dags/rocket_launch.py
[2024-11-09T20:28:41.057+0000] {processor.py:914} INFO - Processing file /home/chirag/airflow/dags/rocket_launch.py for tasks to queue
[2024-11-09T20:28:41.061+0000] {logging_mixin.py:190} INFO - [2024-11-09T20:28:41.060+0000] {dagbag.py:588} INFO - Filling up the DagBag from /home/chirag/airflow/dags/rocket_launch.py
[2024-11-09T20:28:41.080+0000] {processor.py:925} INFO - DAG(s) 'download_rocket_launches' retrieved from /home/chirag/airflow/dags/rocket_launch.py
[2024-11-09T20:28:41.138+0000] {logging_mixin.py:190} INFO - [2024-11-09T20:28:41.137+0000] {dag.py:3239} INFO - Sync 1 DAGs
[2024-11-09T20:28:41.190+0000] {logging_mixin.py:190} INFO - [2024-11-09T20:28:41.190+0000] {dag.py:4180} INFO - Setting next_dagrun for download_rocket_launches to None, run_after=None
[2024-11-09T20:28:41.431+0000] {processor.py:208} INFO - Processing /home/chirag/airflow/dags/rocket_launch.py took 0.397 seconds
