[2024-11-09T20:22:06.589+0000] {local_task_job_runner.py:123} INFO - ::group::Pre task execution logs
[2024-11-09T20:22:06.647+0000] {taskinstance.py:2613} INFO - Dependencies all met for dep_context=non-requeueable deps ti=<TaskInstance: download_rocket_launches.download_pictures manual__2024-11-09T20:21:39.503292+00:00 [queued]>
[2024-11-09T20:22:06.693+0000] {taskinstance.py:2613} INFO - Dependencies all met for dep_context=requeueable deps ti=<TaskInstance: download_rocket_launches.download_pictures manual__2024-11-09T20:21:39.503292+00:00 [queued]>
[2024-11-09T20:22:06.694+0000] {taskinstance.py:2866} INFO - Starting attempt 1 of 1
[2024-11-09T20:22:06.777+0000] {taskinstance.py:2889} INFO - Executing <Task(PythonOperator): download_pictures> on 2024-11-09 20:21:39.503292+00:00
[2024-11-09T20:22:06.784+0000] {standard_task_runner.py:72} INFO - Started process 12461 to run task
[2024-11-09T20:22:06.792+0000] {standard_task_runner.py:104} INFO - Running: ['airflow', 'tasks', 'run', 'download_rocket_launches', 'download_pictures', 'manual__2024-11-09T20:21:39.503292+00:00', '--job-id', '17', '--raw', '--subdir', 'DAGS_FOLDER/rocket_launch.py', '--cfg-path', '/tmp/tmpdxqsenj7']
[2024-11-09T20:22:06.794+0000] {standard_task_runner.py:105} INFO - Job 17: Subtask download_pictures
[2024-11-09T20:22:06.933+0000] {task_command.py:467} INFO - Running <TaskInstance: download_rocket_launches.download_pictures manual__2024-11-09T20:21:39.503292+00:00 [running]> on host DESKTOP-G901N6S.
[2024-11-09T20:22:07.132+0000] {taskinstance.py:3132} INFO - Exporting env vars: AIRFLOW_CTX_DAG_OWNER='airflow' AIRFLOW_CTX_DAG_ID='download_rocket_launches' AIRFLOW_CTX_TASK_ID='download_pictures' AIRFLOW_CTX_EXECUTION_DATE='2024-11-09T20:21:39.503292+00:00' AIRFLOW_CTX_TRY_NUMBER='1' AIRFLOW_CTX_DAG_RUN_ID='manual__2024-11-09T20:21:39.503292+00:00'
[2024-11-09T20:22:07.135+0000] {logging_mixin.py:190} INFO - Task instance is in running state
[2024-11-09T20:22:07.136+0000] {logging_mixin.py:190} INFO -  Previous state of the Task instance: queued
[2024-11-09T20:22:07.137+0000] {logging_mixin.py:190} INFO - Current task name:download_pictures state:running start_date:2024-11-09 20:22:06.647884+00:00
[2024-11-09T20:22:07.140+0000] {logging_mixin.py:190} INFO - Dag name:download_rocket_launches and current dag run status:running
[2024-11-09T20:22:07.141+0000] {taskinstance.py:731} INFO - ::endgroup::
[2024-11-09T20:22:07.142+0000] {python.py:240} INFO - Done. Returned value was: None
[2024-11-09T20:22:07.154+0000] {taskinstance.py:340} INFO - ::group::Post task execution logs
[2024-11-09T20:22:07.157+0000] {taskinstance.py:352} INFO - Marking task as SUCCESS. dag_id=download_rocket_launches, task_id=download_pictures, run_id=manual__2024-11-09T20:21:39.503292+00:00, execution_date=20241109T202139, start_date=20241109T202206, end_date=20241109T202207
[2024-11-09T20:22:07.201+0000] {logging_mixin.py:190} INFO - Task instance in success state
[2024-11-09T20:22:07.202+0000] {logging_mixin.py:190} INFO -  Previous state of the Task instance: running
[2024-11-09T20:22:07.202+0000] {logging_mixin.py:190} INFO - Dag name:download_rocket_launches queued_at:2024-11-09 20:21:39.537969+00:00
[2024-11-09T20:22:07.204+0000] {logging_mixin.py:190} INFO - Task hostname:DESKTOP-G901N6S. operator:PythonOperator
[2024-11-09T20:22:07.213+0000] {local_task_job_runner.py:266} INFO - Task exited with return code 0
[2024-11-09T20:22:07.246+0000] {taskinstance.py:3895} INFO - 1 downstream tasks scheduled from follow-on schedule check
[2024-11-09T20:22:07.257+0000] {local_task_job_runner.py:245} INFO - ::endgroup::
