[2024-11-09T20:25:49.736+0000] {local_task_job_runner.py:123} INFO - ::group::Pre task execution logs
[2024-11-09T20:25:49.750+0000] {taskinstance.py:2613} INFO - Dependencies all met for dep_context=non-requeueable deps ti=<TaskInstance: download_rocket_launches.download_pictures manual__2024-11-09T20:21:39.503292+00:00 [queued]>
[2024-11-09T20:25:49.759+0000] {taskinstance.py:2613} INFO - Dependencies all met for dep_context=requeueable deps ti=<TaskInstance: download_rocket_launches.download_pictures manual__2024-11-09T20:21:39.503292+00:00 [queued]>
[2024-11-09T20:25:49.760+0000] {taskinstance.py:2866} INFO - Starting attempt 2 of 2
[2024-11-09T20:25:49.785+0000] {taskinstance.py:2889} INFO - Executing <Task(PythonOperator): download_pictures> on 2024-11-09 20:21:39.503292+00:00
[2024-11-09T20:25:49.789+0000] {standard_task_runner.py:72} INFO - Started process 13268 to run task
[2024-11-09T20:25:49.795+0000] {standard_task_runner.py:104} INFO - Running: ['airflow', 'tasks', 'run', 'download_rocket_launches', 'download_pictures', 'manual__2024-11-09T20:21:39.503292+00:00', '--job-id', '20', '--raw', '--subdir', 'DAGS_FOLDER/rocket_launch.py', '--cfg-path', '/tmp/tmpghbq62re']
[2024-11-09T20:25:49.797+0000] {standard_task_runner.py:105} INFO - Job 20: Subtask download_pictures
[2024-11-09T20:25:49.860+0000] {task_command.py:467} INFO - Running <TaskInstance: download_rocket_launches.download_pictures manual__2024-11-09T20:21:39.503292+00:00 [running]> on host DESKTOP-G901N6S.
[2024-11-09T20:25:49.964+0000] {taskinstance.py:3132} INFO - Exporting env vars: AIRFLOW_CTX_DAG_OWNER='airflow' AIRFLOW_CTX_DAG_ID='download_rocket_launches' AIRFLOW_CTX_TASK_ID='download_pictures' AIRFLOW_CTX_EXECUTION_DATE='2024-11-09T20:21:39.503292+00:00' AIRFLOW_CTX_TRY_NUMBER='2' AIRFLOW_CTX_DAG_RUN_ID='manual__2024-11-09T20:21:39.503292+00:00'
[2024-11-09T20:25:49.968+0000] {logging_mixin.py:190} INFO - Task instance is in running state
[2024-11-09T20:25:49.969+0000] {logging_mixin.py:190} INFO -  Previous state of the Task instance: queued
[2024-11-09T20:25:49.970+0000] {logging_mixin.py:190} INFO - Current task name:download_pictures state:running start_date:2024-11-09 20:25:49.750807+00:00
[2024-11-09T20:25:49.971+0000] {logging_mixin.py:190} INFO - Dag name:download_rocket_launches and current dag run status:running
[2024-11-09T20:25:49.971+0000] {taskinstance.py:731} INFO - ::endgroup::
[2024-11-09T20:25:49.973+0000] {python.py:240} INFO - Done. Returned value was: None
[2024-11-09T20:25:49.985+0000] {taskinstance.py:340} INFO - ::group::Post task execution logs
[2024-11-09T20:25:49.987+0000] {taskinstance.py:352} INFO - Marking task as SUCCESS. dag_id=download_rocket_launches, task_id=download_pictures, run_id=manual__2024-11-09T20:21:39.503292+00:00, execution_date=20241109T202139, start_date=20241109T202549, end_date=20241109T202549
[2024-11-09T20:25:50.016+0000] {logging_mixin.py:190} INFO - Task instance in success state
[2024-11-09T20:25:50.017+0000] {logging_mixin.py:190} INFO -  Previous state of the Task instance: running
[2024-11-09T20:25:50.018+0000] {logging_mixin.py:190} INFO - Dag name:download_rocket_launches queued_at:2024-11-09 20:25:39.085768+00:00
[2024-11-09T20:25:50.019+0000] {logging_mixin.py:190} INFO - Task hostname:DESKTOP-G901N6S. operator:PythonOperator
[2024-11-09T20:25:50.049+0000] {local_task_job_runner.py:266} INFO - Task exited with return code 0
[2024-11-09T20:25:50.091+0000] {taskinstance.py:3895} INFO - 1 downstream tasks scheduled from follow-on schedule check
[2024-11-09T20:25:50.107+0000] {local_task_job_runner.py:245} INFO - ::endgroup::
