[2024-11-09T19:16:27.736+0000] {processor.py:186} INFO - Started process (PID=94610) to work on /home/chirag/airflow/lib/python3.12/site-packages/airflow/example_dags/plugins/listener_plugin.py
[2024-11-09T19:16:27.738+0000] {processor.py:914} INFO - Processing file /home/chirag/airflow/lib/python3.12/site-packages/airflow/example_dags/plugins/listener_plugin.py for tasks to queue
[2024-11-09T19:16:27.753+0000] {logging_mixin.py:190} INFO - [2024-11-09T19:16:27.752+0000] {dagbag.py:588} INFO - Filling up the DagBag from /home/chirag/airflow/lib/python3.12/site-packages/airflow/example_dags/plugins/listener_plugin.py
[2024-11-09T19:16:27.770+0000] {processor.py:927} WARNING - No viable dags retrieved from /home/chirag/airflow/lib/python3.12/site-packages/airflow/example_dags/plugins/listener_plugin.py
[2024-11-09T19:16:27.846+0000] {processor.py:208} INFO - Processing /home/chirag/airflow/lib/python3.12/site-packages/airflow/example_dags/plugins/listener_plugin.py took 0.141 seconds
[2024-11-09T19:18:14.763+0000] {processor.py:186} INFO - Started process (PID=94812) to work on /home/chirag/airflow/lib/python3.12/site-packages/airflow/example_dags/plugins/listener_plugin.py
[2024-11-09T19:18:14.778+0000] {processor.py:914} INFO - Processing file /home/chirag/airflow/lib/python3.12/site-packages/airflow/example_dags/plugins/listener_plugin.py for tasks to queue
[2024-11-09T19:18:14.790+0000] {logging_mixin.py:190} INFO - [2024-11-09T19:18:14.789+0000] {dagbag.py:588} INFO - Filling up the DagBag from /home/chirag/airflow/lib/python3.12/site-packages/airflow/example_dags/plugins/listener_plugin.py
[2024-11-09T19:18:14.797+0000] {processor.py:927} WARNING - No viable dags retrieved from /home/chirag/airflow/lib/python3.12/site-packages/airflow/example_dags/plugins/listener_plugin.py
[2024-11-09T19:18:14.876+0000] {processor.py:208} INFO - Processing /home/chirag/airflow/lib/python3.12/site-packages/airflow/example_dags/plugins/listener_plugin.py took 0.165 seconds
[2024-11-09T19:19:09.512+0000] {processor.py:186} INFO - Started process (PID=94954) to work on /home/chirag/airflow/lib/python3.12/site-packages/airflow/example_dags/plugins/listener_plugin.py
[2024-11-09T19:19:09.515+0000] {processor.py:914} INFO - Processing file /home/chirag/airflow/lib/python3.12/site-packages/airflow/example_dags/plugins/listener_plugin.py for tasks to queue
[2024-11-09T19:19:09.520+0000] {logging_mixin.py:190} INFO - [2024-11-09T19:19:09.519+0000] {dagbag.py:588} INFO - Filling up the DagBag from /home/chirag/airflow/lib/python3.12/site-packages/airflow/example_dags/plugins/listener_plugin.py
[2024-11-09T19:19:09.524+0000] {processor.py:927} WARNING - No viable dags retrieved from /home/chirag/airflow/lib/python3.12/site-packages/airflow/example_dags/plugins/listener_plugin.py
[2024-11-09T19:19:09.544+0000] {processor.py:208} INFO - Processing /home/chirag/airflow/lib/python3.12/site-packages/airflow/example_dags/plugins/listener_plugin.py took 0.041 seconds
[2024-11-09T19:27:39.413+0000] {processor.py:186} INFO - Started process (PID=455) to work on /home/chirag/airflow/lib/python3.12/site-packages/airflow/example_dags/plugins/listener_plugin.py
[2024-11-09T19:27:39.416+0000] {processor.py:914} INFO - Processing file /home/chirag/airflow/lib/python3.12/site-packages/airflow/example_dags/plugins/listener_plugin.py for tasks to queue
[2024-11-09T19:27:39.420+0000] {logging_mixin.py:190} INFO - [2024-11-09T19:27:39.419+0000] {dagbag.py:588} INFO - Filling up the DagBag from /home/chirag/airflow/lib/python3.12/site-packages/airflow/example_dags/plugins/listener_plugin.py
[2024-11-09T19:27:39.426+0000] {processor.py:927} WARNING - No viable dags retrieved from /home/chirag/airflow/lib/python3.12/site-packages/airflow/example_dags/plugins/listener_plugin.py
[2024-11-09T19:27:39.444+0000] {processor.py:208} INFO - Processing /home/chirag/airflow/lib/python3.12/site-packages/airflow/example_dags/plugins/listener_plugin.py took 0.039 seconds
[2024-11-09T19:28:45.111+0000] {processor.py:186} INFO - Started process (PID=519) to work on /home/chirag/airflow/lib/python3.12/site-packages/airflow/example_dags/plugins/listener_plugin.py
[2024-11-09T19:28:45.116+0000] {processor.py:914} INFO - Processing file /home/chirag/airflow/lib/python3.12/site-packages/airflow/example_dags/plugins/listener_plugin.py for tasks to queue
[2024-11-09T19:28:45.119+0000] {logging_mixin.py:190} INFO - [2024-11-09T19:28:45.118+0000] {dagbag.py:588} INFO - Filling up the DagBag from /home/chirag/airflow/lib/python3.12/site-packages/airflow/example_dags/plugins/listener_plugin.py
[2024-11-09T19:28:45.122+0000] {processor.py:927} WARNING - No viable dags retrieved from /home/chirag/airflow/lib/python3.12/site-packages/airflow/example_dags/plugins/listener_plugin.py
[2024-11-09T19:28:45.137+0000] {processor.py:208} INFO - Processing /home/chirag/airflow/lib/python3.12/site-packages/airflow/example_dags/plugins/listener_plugin.py took 0.034 seconds
[2024-11-09T19:29:59.363+0000] {processor.py:186} INFO - Started process (PID=615) to work on /home/chirag/airflow/lib/python3.12/site-packages/airflow/example_dags/plugins/listener_plugin.py
[2024-11-09T19:29:59.383+0000] {processor.py:914} INFO - Processing file /home/chirag/airflow/lib/python3.12/site-packages/airflow/example_dags/plugins/listener_plugin.py for tasks to queue
[2024-11-09T19:29:59.389+0000] {logging_mixin.py:190} INFO - [2024-11-09T19:29:59.388+0000] {dagbag.py:588} INFO - Filling up the DagBag from /home/chirag/airflow/lib/python3.12/site-packages/airflow/example_dags/plugins/listener_plugin.py
[2024-11-09T19:29:59.403+0000] {processor.py:927} WARNING - No viable dags retrieved from /home/chirag/airflow/lib/python3.12/site-packages/airflow/example_dags/plugins/listener_plugin.py
[2024-11-09T19:29:59.468+0000] {processor.py:208} INFO - Processing /home/chirag/airflow/lib/python3.12/site-packages/airflow/example_dags/plugins/listener_plugin.py took 0.138 seconds
[2024-11-09T19:31:17.579+0000] {processor.py:186} INFO - Started process (PID=682) to work on /home/chirag/airflow/lib/python3.12/site-packages/airflow/example_dags/plugins/listener_plugin.py
[2024-11-09T19:31:17.582+0000] {processor.py:914} INFO - Processing file /home/chirag/airflow/lib/python3.12/site-packages/airflow/example_dags/plugins/listener_plugin.py for tasks to queue
[2024-11-09T19:31:17.586+0000] {logging_mixin.py:190} INFO - [2024-11-09T19:31:17.585+0000] {dagbag.py:588} INFO - Filling up the DagBag from /home/chirag/airflow/lib/python3.12/site-packages/airflow/example_dags/plugins/listener_plugin.py
[2024-11-09T19:31:17.589+0000] {processor.py:927} WARNING - No viable dags retrieved from /home/chirag/airflow/lib/python3.12/site-packages/airflow/example_dags/plugins/listener_plugin.py
[2024-11-09T19:31:17.604+0000] {processor.py:208} INFO - Processing /home/chirag/airflow/lib/python3.12/site-packages/airflow/example_dags/plugins/listener_plugin.py took 0.032 seconds
[2024-11-09T19:33:00.354+0000] {processor.py:186} INFO - Started process (PID=1666) to work on /home/chirag/airflow/lib/python3.12/site-packages/airflow/example_dags/plugins/listener_plugin.py
[2024-11-09T19:33:00.357+0000] {processor.py:914} INFO - Processing file /home/chirag/airflow/lib/python3.12/site-packages/airflow/example_dags/plugins/listener_plugin.py for tasks to queue
[2024-11-09T19:33:00.361+0000] {logging_mixin.py:190} INFO - [2024-11-09T19:33:00.360+0000] {dagbag.py:588} INFO - Filling up the DagBag from /home/chirag/airflow/lib/python3.12/site-packages/airflow/example_dags/plugins/listener_plugin.py
[2024-11-09T19:33:00.366+0000] {processor.py:927} WARNING - No viable dags retrieved from /home/chirag/airflow/lib/python3.12/site-packages/airflow/example_dags/plugins/listener_plugin.py
[2024-11-09T19:33:00.384+0000] {processor.py:208} INFO - Processing /home/chirag/airflow/lib/python3.12/site-packages/airflow/example_dags/plugins/listener_plugin.py took 0.037 seconds
[2024-11-09T19:34:16.073+0000] {processor.py:186} INFO - Started process (PID=2200) to work on /home/chirag/airflow/lib/python3.12/site-packages/airflow/example_dags/plugins/listener_plugin.py
[2024-11-09T19:34:16.081+0000] {processor.py:914} INFO - Processing file /home/chirag/airflow/lib/python3.12/site-packages/airflow/example_dags/plugins/listener_plugin.py for tasks to queue
[2024-11-09T19:34:16.085+0000] {logging_mixin.py:190} INFO - [2024-11-09T19:34:16.084+0000] {dagbag.py:588} INFO - Filling up the DagBag from /home/chirag/airflow/lib/python3.12/site-packages/airflow/example_dags/plugins/listener_plugin.py
[2024-11-09T19:34:16.088+0000] {processor.py:927} WARNING - No viable dags retrieved from /home/chirag/airflow/lib/python3.12/site-packages/airflow/example_dags/plugins/listener_plugin.py
[2024-11-09T19:34:16.105+0000] {processor.py:208} INFO - Processing /home/chirag/airflow/lib/python3.12/site-packages/airflow/example_dags/plugins/listener_plugin.py took 0.044 seconds
[2024-11-09T19:35:04.066+0000] {processor.py:186} INFO - Started process (PID=2544) to work on /home/chirag/airflow/lib/python3.12/site-packages/airflow/example_dags/plugins/listener_plugin.py
[2024-11-09T19:35:04.069+0000] {processor.py:914} INFO - Processing file /home/chirag/airflow/lib/python3.12/site-packages/airflow/example_dags/plugins/listener_plugin.py for tasks to queue
[2024-11-09T19:35:04.073+0000] {logging_mixin.py:190} INFO - [2024-11-09T19:35:04.073+0000] {dagbag.py:588} INFO - Filling up the DagBag from /home/chirag/airflow/lib/python3.12/site-packages/airflow/example_dags/plugins/listener_plugin.py
[2024-11-09T19:35:04.077+0000] {processor.py:927} WARNING - No viable dags retrieved from /home/chirag/airflow/lib/python3.12/site-packages/airflow/example_dags/plugins/listener_plugin.py
[2024-11-09T19:35:04.092+0000] {processor.py:208} INFO - Processing /home/chirag/airflow/lib/python3.12/site-packages/airflow/example_dags/plugins/listener_plugin.py took 0.034 seconds
[2024-11-09T19:35:47.320+0000] {processor.py:186} INFO - Started process (PID=2712) to work on /home/chirag/airflow/lib/python3.12/site-packages/airflow/example_dags/plugins/listener_plugin.py
[2024-11-09T19:35:47.329+0000] {processor.py:914} INFO - Processing file /home/chirag/airflow/lib/python3.12/site-packages/airflow/example_dags/plugins/listener_plugin.py for tasks to queue
[2024-11-09T19:35:47.332+0000] {logging_mixin.py:190} INFO - [2024-11-09T19:35:47.332+0000] {dagbag.py:588} INFO - Filling up the DagBag from /home/chirag/airflow/lib/python3.12/site-packages/airflow/example_dags/plugins/listener_plugin.py
[2024-11-09T19:35:47.337+0000] {processor.py:927} WARNING - No viable dags retrieved from /home/chirag/airflow/lib/python3.12/site-packages/airflow/example_dags/plugins/listener_plugin.py
[2024-11-09T19:35:47.361+0000] {processor.py:208} INFO - Processing /home/chirag/airflow/lib/python3.12/site-packages/airflow/example_dags/plugins/listener_plugin.py took 0.061 seconds
[2024-11-09T19:36:30.777+0000] {processor.py:186} INFO - Started process (PID=2826) to work on /home/chirag/airflow/lib/python3.12/site-packages/airflow/example_dags/plugins/listener_plugin.py
[2024-11-09T19:36:30.780+0000] {processor.py:914} INFO - Processing file /home/chirag/airflow/lib/python3.12/site-packages/airflow/example_dags/plugins/listener_plugin.py for tasks to queue
[2024-11-09T19:36:30.783+0000] {logging_mixin.py:190} INFO - [2024-11-09T19:36:30.782+0000] {dagbag.py:588} INFO - Filling up the DagBag from /home/chirag/airflow/lib/python3.12/site-packages/airflow/example_dags/plugins/listener_plugin.py
[2024-11-09T19:36:30.787+0000] {processor.py:927} WARNING - No viable dags retrieved from /home/chirag/airflow/lib/python3.12/site-packages/airflow/example_dags/plugins/listener_plugin.py
[2024-11-09T19:36:30.802+0000] {processor.py:208} INFO - Processing /home/chirag/airflow/lib/python3.12/site-packages/airflow/example_dags/plugins/listener_plugin.py took 0.034 seconds
[2024-11-09T19:37:38.589+0000] {processor.py:186} INFO - Started process (PID=3016) to work on /home/chirag/airflow/lib/python3.12/site-packages/airflow/example_dags/plugins/listener_plugin.py
[2024-11-09T19:37:38.593+0000] {processor.py:914} INFO - Processing file /home/chirag/airflow/lib/python3.12/site-packages/airflow/example_dags/plugins/listener_plugin.py for tasks to queue
[2024-11-09T19:37:38.600+0000] {logging_mixin.py:190} INFO - [2024-11-09T19:37:38.599+0000] {dagbag.py:588} INFO - Filling up the DagBag from /home/chirag/airflow/lib/python3.12/site-packages/airflow/example_dags/plugins/listener_plugin.py
[2024-11-09T19:37:38.604+0000] {processor.py:927} WARNING - No viable dags retrieved from /home/chirag/airflow/lib/python3.12/site-packages/airflow/example_dags/plugins/listener_plugin.py
[2024-11-09T19:37:38.643+0000] {processor.py:208} INFO - Processing /home/chirag/airflow/lib/python3.12/site-packages/airflow/example_dags/plugins/listener_plugin.py took 0.070 seconds
[2024-11-09T19:38:51.955+0000] {processor.py:186} INFO - Started process (PID=3399) to work on /home/chirag/airflow/lib/python3.12/site-packages/airflow/example_dags/plugins/listener_plugin.py
[2024-11-09T19:38:51.958+0000] {processor.py:914} INFO - Processing file /home/chirag/airflow/lib/python3.12/site-packages/airflow/example_dags/plugins/listener_plugin.py for tasks to queue
[2024-11-09T19:38:51.962+0000] {logging_mixin.py:190} INFO - [2024-11-09T19:38:51.961+0000] {dagbag.py:588} INFO - Filling up the DagBag from /home/chirag/airflow/lib/python3.12/site-packages/airflow/example_dags/plugins/listener_plugin.py
[2024-11-09T19:38:51.966+0000] {processor.py:927} WARNING - No viable dags retrieved from /home/chirag/airflow/lib/python3.12/site-packages/airflow/example_dags/plugins/listener_plugin.py
[2024-11-09T19:38:51.981+0000] {processor.py:208} INFO - Processing /home/chirag/airflow/lib/python3.12/site-packages/airflow/example_dags/plugins/listener_plugin.py took 0.034 seconds
[2024-11-09T19:39:40.712+0000] {processor.py:186} INFO - Started process (PID=3535) to work on /home/chirag/airflow/lib/python3.12/site-packages/airflow/example_dags/plugins/listener_plugin.py
[2024-11-09T19:39:40.720+0000] {processor.py:914} INFO - Processing file /home/chirag/airflow/lib/python3.12/site-packages/airflow/example_dags/plugins/listener_plugin.py for tasks to queue
[2024-11-09T19:39:40.729+0000] {logging_mixin.py:190} INFO - [2024-11-09T19:39:40.728+0000] {dagbag.py:588} INFO - Filling up the DagBag from /home/chirag/airflow/lib/python3.12/site-packages/airflow/example_dags/plugins/listener_plugin.py
[2024-11-09T19:39:40.742+0000] {processor.py:927} WARNING - No viable dags retrieved from /home/chirag/airflow/lib/python3.12/site-packages/airflow/example_dags/plugins/listener_plugin.py
[2024-11-09T19:39:40.777+0000] {processor.py:208} INFO - Processing /home/chirag/airflow/lib/python3.12/site-packages/airflow/example_dags/plugins/listener_plugin.py took 0.081 seconds
[2024-11-09T19:40:56.525+0000] {processor.py:186} INFO - Started process (PID=3744) to work on /home/chirag/airflow/lib/python3.12/site-packages/airflow/example_dags/plugins/listener_plugin.py
[2024-11-09T19:40:56.527+0000] {processor.py:914} INFO - Processing file /home/chirag/airflow/lib/python3.12/site-packages/airflow/example_dags/plugins/listener_plugin.py for tasks to queue
[2024-11-09T19:40:56.532+0000] {logging_mixin.py:190} INFO - [2024-11-09T19:40:56.530+0000] {dagbag.py:588} INFO - Filling up the DagBag from /home/chirag/airflow/lib/python3.12/site-packages/airflow/example_dags/plugins/listener_plugin.py
[2024-11-09T19:40:56.535+0000] {processor.py:927} WARNING - No viable dags retrieved from /home/chirag/airflow/lib/python3.12/site-packages/airflow/example_dags/plugins/listener_plugin.py
[2024-11-09T19:40:56.551+0000] {processor.py:208} INFO - Processing /home/chirag/airflow/lib/python3.12/site-packages/airflow/example_dags/plugins/listener_plugin.py took 0.034 seconds
[2024-11-09T19:42:12.016+0000] {processor.py:186} INFO - Started process (PID=3953) to work on /home/chirag/airflow/lib/python3.12/site-packages/airflow/example_dags/plugins/listener_plugin.py
[2024-11-09T19:42:12.022+0000] {processor.py:914} INFO - Processing file /home/chirag/airflow/lib/python3.12/site-packages/airflow/example_dags/plugins/listener_plugin.py for tasks to queue
[2024-11-09T19:42:12.026+0000] {logging_mixin.py:190} INFO - [2024-11-09T19:42:12.025+0000] {dagbag.py:588} INFO - Filling up the DagBag from /home/chirag/airflow/lib/python3.12/site-packages/airflow/example_dags/plugins/listener_plugin.py
[2024-11-09T19:42:12.029+0000] {processor.py:927} WARNING - No viable dags retrieved from /home/chirag/airflow/lib/python3.12/site-packages/airflow/example_dags/plugins/listener_plugin.py
[2024-11-09T19:42:12.045+0000] {processor.py:208} INFO - Processing /home/chirag/airflow/lib/python3.12/site-packages/airflow/example_dags/plugins/listener_plugin.py took 0.037 seconds
[2024-11-09T19:43:31.680+0000] {processor.py:186} INFO - Started process (PID=4184) to work on /home/chirag/airflow/lib/python3.12/site-packages/airflow/example_dags/plugins/listener_plugin.py
[2024-11-09T19:43:31.683+0000] {processor.py:914} INFO - Processing file /home/chirag/airflow/lib/python3.12/site-packages/airflow/example_dags/plugins/listener_plugin.py for tasks to queue
[2024-11-09T19:43:31.688+0000] {logging_mixin.py:190} INFO - [2024-11-09T19:43:31.687+0000] {dagbag.py:588} INFO - Filling up the DagBag from /home/chirag/airflow/lib/python3.12/site-packages/airflow/example_dags/plugins/listener_plugin.py
[2024-11-09T19:43:31.692+0000] {processor.py:927} WARNING - No viable dags retrieved from /home/chirag/airflow/lib/python3.12/site-packages/airflow/example_dags/plugins/listener_plugin.py
[2024-11-09T19:43:31.710+0000] {processor.py:208} INFO - Processing /home/chirag/airflow/lib/python3.12/site-packages/airflow/example_dags/plugins/listener_plugin.py took 0.040 seconds
[2024-11-09T19:44:40.820+0000] {processor.py:186} INFO - Started process (PID=4386) to work on /home/chirag/airflow/lib/python3.12/site-packages/airflow/example_dags/plugins/listener_plugin.py
[2024-11-09T19:44:40.823+0000] {processor.py:914} INFO - Processing file /home/chirag/airflow/lib/python3.12/site-packages/airflow/example_dags/plugins/listener_plugin.py for tasks to queue
[2024-11-09T19:44:40.826+0000] {logging_mixin.py:190} INFO - [2024-11-09T19:44:40.826+0000] {dagbag.py:588} INFO - Filling up the DagBag from /home/chirag/airflow/lib/python3.12/site-packages/airflow/example_dags/plugins/listener_plugin.py
[2024-11-09T19:44:40.830+0000] {processor.py:927} WARNING - No viable dags retrieved from /home/chirag/airflow/lib/python3.12/site-packages/airflow/example_dags/plugins/listener_plugin.py
[2024-11-09T19:44:40.846+0000] {processor.py:208} INFO - Processing /home/chirag/airflow/lib/python3.12/site-packages/airflow/example_dags/plugins/listener_plugin.py took 0.034 seconds
[2024-11-09T19:46:26.915+0000] {processor.py:186} INFO - Started process (PID=4688) to work on /home/chirag/airflow/lib/python3.12/site-packages/airflow/example_dags/plugins/listener_plugin.py
[2024-11-09T19:46:26.919+0000] {processor.py:914} INFO - Processing file /home/chirag/airflow/lib/python3.12/site-packages/airflow/example_dags/plugins/listener_plugin.py for tasks to queue
[2024-11-09T19:46:26.923+0000] {logging_mixin.py:190} INFO - [2024-11-09T19:46:26.922+0000] {dagbag.py:588} INFO - Filling up the DagBag from /home/chirag/airflow/lib/python3.12/site-packages/airflow/example_dags/plugins/listener_plugin.py
[2024-11-09T19:46:26.927+0000] {processor.py:927} WARNING - No viable dags retrieved from /home/chirag/airflow/lib/python3.12/site-packages/airflow/example_dags/plugins/listener_plugin.py
[2024-11-09T19:46:26.942+0000] {processor.py:208} INFO - Processing /home/chirag/airflow/lib/python3.12/site-packages/airflow/example_dags/plugins/listener_plugin.py took 0.035 seconds
[2024-11-09T19:47:16.149+0000] {processor.py:186} INFO - Started process (PID=4868) to work on /home/chirag/airflow/lib/python3.12/site-packages/airflow/example_dags/plugins/listener_plugin.py
[2024-11-09T19:47:16.152+0000] {processor.py:914} INFO - Processing file /home/chirag/airflow/lib/python3.12/site-packages/airflow/example_dags/plugins/listener_plugin.py for tasks to queue
[2024-11-09T19:47:16.157+0000] {logging_mixin.py:190} INFO - [2024-11-09T19:47:16.156+0000] {dagbag.py:588} INFO - Filling up the DagBag from /home/chirag/airflow/lib/python3.12/site-packages/airflow/example_dags/plugins/listener_plugin.py
[2024-11-09T19:47:16.160+0000] {processor.py:927} WARNING - No viable dags retrieved from /home/chirag/airflow/lib/python3.12/site-packages/airflow/example_dags/plugins/listener_plugin.py
[2024-11-09T19:47:16.181+0000] {processor.py:208} INFO - Processing /home/chirag/airflow/lib/python3.12/site-packages/airflow/example_dags/plugins/listener_plugin.py took 0.040 seconds
[2024-11-09T19:48:32.384+0000] {processor.py:186} INFO - Started process (PID=5089) to work on /home/chirag/airflow/lib/python3.12/site-packages/airflow/example_dags/plugins/listener_plugin.py
[2024-11-09T19:48:32.387+0000] {processor.py:914} INFO - Processing file /home/chirag/airflow/lib/python3.12/site-packages/airflow/example_dags/plugins/listener_plugin.py for tasks to queue
[2024-11-09T19:48:32.392+0000] {logging_mixin.py:190} INFO - [2024-11-09T19:48:32.391+0000] {dagbag.py:588} INFO - Filling up the DagBag from /home/chirag/airflow/lib/python3.12/site-packages/airflow/example_dags/plugins/listener_plugin.py
[2024-11-09T19:48:32.395+0000] {processor.py:927} WARNING - No viable dags retrieved from /home/chirag/airflow/lib/python3.12/site-packages/airflow/example_dags/plugins/listener_plugin.py
[2024-11-09T19:48:32.410+0000] {processor.py:208} INFO - Processing /home/chirag/airflow/lib/python3.12/site-packages/airflow/example_dags/plugins/listener_plugin.py took 0.034 seconds
[2024-11-09T19:49:46.400+0000] {processor.py:186} INFO - Started process (PID=5331) to work on /home/chirag/airflow/lib/python3.12/site-packages/airflow/example_dags/plugins/listener_plugin.py
[2024-11-09T19:49:46.403+0000] {processor.py:914} INFO - Processing file /home/chirag/airflow/lib/python3.12/site-packages/airflow/example_dags/plugins/listener_plugin.py for tasks to queue
[2024-11-09T19:49:46.407+0000] {logging_mixin.py:190} INFO - [2024-11-09T19:49:46.407+0000] {dagbag.py:588} INFO - Filling up the DagBag from /home/chirag/airflow/lib/python3.12/site-packages/airflow/example_dags/plugins/listener_plugin.py
[2024-11-09T19:49:46.411+0000] {processor.py:927} WARNING - No viable dags retrieved from /home/chirag/airflow/lib/python3.12/site-packages/airflow/example_dags/plugins/listener_plugin.py
[2024-11-09T19:49:46.426+0000] {processor.py:208} INFO - Processing /home/chirag/airflow/lib/python3.12/site-packages/airflow/example_dags/plugins/listener_plugin.py took 0.035 seconds
[2024-11-09T19:50:57.448+0000] {processor.py:186} INFO - Started process (PID=5927) to work on /home/chirag/airflow/lib/python3.12/site-packages/airflow/example_dags/plugins/listener_plugin.py
[2024-11-09T19:50:57.452+0000] {processor.py:914} INFO - Processing file /home/chirag/airflow/lib/python3.12/site-packages/airflow/example_dags/plugins/listener_plugin.py for tasks to queue
[2024-11-09T19:50:57.458+0000] {logging_mixin.py:190} INFO - [2024-11-09T19:50:57.457+0000] {dagbag.py:588} INFO - Filling up the DagBag from /home/chirag/airflow/lib/python3.12/site-packages/airflow/example_dags/plugins/listener_plugin.py
[2024-11-09T19:50:57.462+0000] {processor.py:927} WARNING - No viable dags retrieved from /home/chirag/airflow/lib/python3.12/site-packages/airflow/example_dags/plugins/listener_plugin.py
[2024-11-09T19:50:57.478+0000] {processor.py:208} INFO - Processing /home/chirag/airflow/lib/python3.12/site-packages/airflow/example_dags/plugins/listener_plugin.py took 0.043 seconds
[2024-11-09T19:52:11.267+0000] {processor.py:186} INFO - Started process (PID=6308) to work on /home/chirag/airflow/lib/python3.12/site-packages/airflow/example_dags/plugins/listener_plugin.py
[2024-11-09T19:52:11.270+0000] {processor.py:914} INFO - Processing file /home/chirag/airflow/lib/python3.12/site-packages/airflow/example_dags/plugins/listener_plugin.py for tasks to queue
[2024-11-09T19:52:11.277+0000] {logging_mixin.py:190} INFO - [2024-11-09T19:52:11.275+0000] {dagbag.py:588} INFO - Filling up the DagBag from /home/chirag/airflow/lib/python3.12/site-packages/airflow/example_dags/plugins/listener_plugin.py
[2024-11-09T19:52:11.283+0000] {processor.py:927} WARNING - No viable dags retrieved from /home/chirag/airflow/lib/python3.12/site-packages/airflow/example_dags/plugins/listener_plugin.py
[2024-11-09T19:52:11.325+0000] {processor.py:208} INFO - Processing /home/chirag/airflow/lib/python3.12/site-packages/airflow/example_dags/plugins/listener_plugin.py took 0.069 seconds
[2024-11-09T19:53:12.494+0000] {processor.py:186} INFO - Started process (PID=6671) to work on /home/chirag/airflow/lib/python3.12/site-packages/airflow/example_dags/plugins/listener_plugin.py
[2024-11-09T19:53:12.496+0000] {processor.py:914} INFO - Processing file /home/chirag/airflow/lib/python3.12/site-packages/airflow/example_dags/plugins/listener_plugin.py for tasks to queue
[2024-11-09T19:53:12.504+0000] {logging_mixin.py:190} INFO - [2024-11-09T19:53:12.503+0000] {dagbag.py:588} INFO - Filling up the DagBag from /home/chirag/airflow/lib/python3.12/site-packages/airflow/example_dags/plugins/listener_plugin.py
[2024-11-09T19:53:12.508+0000] {processor.py:927} WARNING - No viable dags retrieved from /home/chirag/airflow/lib/python3.12/site-packages/airflow/example_dags/plugins/listener_plugin.py
[2024-11-09T19:53:12.528+0000] {processor.py:208} INFO - Processing /home/chirag/airflow/lib/python3.12/site-packages/airflow/example_dags/plugins/listener_plugin.py took 0.048 seconds
[2024-11-09T19:54:00.042+0000] {processor.py:186} INFO - Started process (PID=6948) to work on /home/chirag/airflow/lib/python3.12/site-packages/airflow/example_dags/plugins/listener_plugin.py
[2024-11-09T19:54:00.046+0000] {processor.py:914} INFO - Processing file /home/chirag/airflow/lib/python3.12/site-packages/airflow/example_dags/plugins/listener_plugin.py for tasks to queue
[2024-11-09T19:54:00.052+0000] {logging_mixin.py:190} INFO - [2024-11-09T19:54:00.051+0000] {dagbag.py:588} INFO - Filling up the DagBag from /home/chirag/airflow/lib/python3.12/site-packages/airflow/example_dags/plugins/listener_plugin.py
[2024-11-09T19:54:00.056+0000] {processor.py:927} WARNING - No viable dags retrieved from /home/chirag/airflow/lib/python3.12/site-packages/airflow/example_dags/plugins/listener_plugin.py
[2024-11-09T19:54:00.071+0000] {processor.py:208} INFO - Processing /home/chirag/airflow/lib/python3.12/site-packages/airflow/example_dags/plugins/listener_plugin.py took 0.038 seconds
[2024-11-09T19:55:13.977+0000] {processor.py:186} INFO - Started process (PID=7548) to work on /home/chirag/airflow/lib/python3.12/site-packages/airflow/example_dags/plugins/listener_plugin.py
[2024-11-09T19:55:13.984+0000] {processor.py:914} INFO - Processing file /home/chirag/airflow/lib/python3.12/site-packages/airflow/example_dags/plugins/listener_plugin.py for tasks to queue
[2024-11-09T19:55:13.992+0000] {logging_mixin.py:190} INFO - [2024-11-09T19:55:13.991+0000] {dagbag.py:588} INFO - Filling up the DagBag from /home/chirag/airflow/lib/python3.12/site-packages/airflow/example_dags/plugins/listener_plugin.py
[2024-11-09T19:55:13.998+0000] {processor.py:927} WARNING - No viable dags retrieved from /home/chirag/airflow/lib/python3.12/site-packages/airflow/example_dags/plugins/listener_plugin.py
[2024-11-09T19:55:14.027+0000] {processor.py:208} INFO - Processing /home/chirag/airflow/lib/python3.12/site-packages/airflow/example_dags/plugins/listener_plugin.py took 0.081 seconds
[2024-11-09T19:56:42.407+0000] {processor.py:186} INFO - Started process (PID=7987) to work on /home/chirag/airflow/lib/python3.12/site-packages/airflow/example_dags/plugins/listener_plugin.py
[2024-11-09T19:56:42.424+0000] {processor.py:914} INFO - Processing file /home/chirag/airflow/lib/python3.12/site-packages/airflow/example_dags/plugins/listener_plugin.py for tasks to queue
[2024-11-09T19:56:42.446+0000] {logging_mixin.py:190} INFO - [2024-11-09T19:56:42.442+0000] {dagbag.py:588} INFO - Filling up the DagBag from /home/chirag/airflow/lib/python3.12/site-packages/airflow/example_dags/plugins/listener_plugin.py
[2024-11-09T19:56:42.464+0000] {processor.py:927} WARNING - No viable dags retrieved from /home/chirag/airflow/lib/python3.12/site-packages/airflow/example_dags/plugins/listener_plugin.py
[2024-11-09T19:56:42.557+0000] {processor.py:208} INFO - Processing /home/chirag/airflow/lib/python3.12/site-packages/airflow/example_dags/plugins/listener_plugin.py took 0.196 seconds
[2024-11-09T19:57:46.094+0000] {processor.py:186} INFO - Started process (PID=8172) to work on /home/chirag/airflow/lib/python3.12/site-packages/airflow/example_dags/plugins/listener_plugin.py
[2024-11-09T19:57:46.097+0000] {processor.py:914} INFO - Processing file /home/chirag/airflow/lib/python3.12/site-packages/airflow/example_dags/plugins/listener_plugin.py for tasks to queue
[2024-11-09T19:57:46.103+0000] {logging_mixin.py:190} INFO - [2024-11-09T19:57:46.102+0000] {dagbag.py:588} INFO - Filling up the DagBag from /home/chirag/airflow/lib/python3.12/site-packages/airflow/example_dags/plugins/listener_plugin.py
[2024-11-09T19:57:46.108+0000] {processor.py:927} WARNING - No viable dags retrieved from /home/chirag/airflow/lib/python3.12/site-packages/airflow/example_dags/plugins/listener_plugin.py
[2024-11-09T19:57:46.127+0000] {processor.py:208} INFO - Processing /home/chirag/airflow/lib/python3.12/site-packages/airflow/example_dags/plugins/listener_plugin.py took 0.043 seconds
[2024-11-09T19:58:44.773+0000] {processor.py:186} INFO - Started process (PID=8482) to work on /home/chirag/airflow/lib/python3.12/site-packages/airflow/example_dags/plugins/listener_plugin.py
[2024-11-09T19:58:44.778+0000] {processor.py:914} INFO - Processing file /home/chirag/airflow/lib/python3.12/site-packages/airflow/example_dags/plugins/listener_plugin.py for tasks to queue
[2024-11-09T19:58:44.785+0000] {logging_mixin.py:190} INFO - [2024-11-09T19:58:44.784+0000] {dagbag.py:588} INFO - Filling up the DagBag from /home/chirag/airflow/lib/python3.12/site-packages/airflow/example_dags/plugins/listener_plugin.py
[2024-11-09T19:58:44.788+0000] {processor.py:927} WARNING - No viable dags retrieved from /home/chirag/airflow/lib/python3.12/site-packages/airflow/example_dags/plugins/listener_plugin.py
[2024-11-09T19:58:44.812+0000] {processor.py:208} INFO - Processing /home/chirag/airflow/lib/python3.12/site-packages/airflow/example_dags/plugins/listener_plugin.py took 0.051 seconds
[2024-11-09T20:22:20.295+0000] {processor.py:186} INFO - Started process (PID=12606) to work on /home/chirag/airflow/lib/python3.12/site-packages/airflow/example_dags/plugins/listener_plugin.py
[2024-11-09T20:22:20.298+0000] {processor.py:914} INFO - Processing file /home/chirag/airflow/lib/python3.12/site-packages/airflow/example_dags/plugins/listener_plugin.py for tasks to queue
[2024-11-09T20:22:20.302+0000] {logging_mixin.py:190} INFO - [2024-11-09T20:22:20.301+0000] {dagbag.py:588} INFO - Filling up the DagBag from /home/chirag/airflow/lib/python3.12/site-packages/airflow/example_dags/plugins/listener_plugin.py
[2024-11-09T20:22:20.308+0000] {processor.py:927} WARNING - No viable dags retrieved from /home/chirag/airflow/lib/python3.12/site-packages/airflow/example_dags/plugins/listener_plugin.py
[2024-11-09T20:22:20.331+0000] {processor.py:208} INFO - Processing /home/chirag/airflow/lib/python3.12/site-packages/airflow/example_dags/plugins/listener_plugin.py took 0.045 seconds
[2024-11-09T20:23:28.344+0000] {processor.py:186} INFO - Started process (PID=12825) to work on /home/chirag/airflow/lib/python3.12/site-packages/airflow/example_dags/plugins/listener_plugin.py
[2024-11-09T20:23:28.347+0000] {processor.py:914} INFO - Processing file /home/chirag/airflow/lib/python3.12/site-packages/airflow/example_dags/plugins/listener_plugin.py for tasks to queue
[2024-11-09T20:23:28.352+0000] {logging_mixin.py:190} INFO - [2024-11-09T20:23:28.351+0000] {dagbag.py:588} INFO - Filling up the DagBag from /home/chirag/airflow/lib/python3.12/site-packages/airflow/example_dags/plugins/listener_plugin.py
[2024-11-09T20:23:28.357+0000] {processor.py:927} WARNING - No viable dags retrieved from /home/chirag/airflow/lib/python3.12/site-packages/airflow/example_dags/plugins/listener_plugin.py
[2024-11-09T20:23:28.388+0000] {processor.py:208} INFO - Processing /home/chirag/airflow/lib/python3.12/site-packages/airflow/example_dags/plugins/listener_plugin.py took 0.052 seconds
[2024-11-09T20:24:40.432+0000] {processor.py:186} INFO - Started process (PID=13027) to work on /home/chirag/airflow/lib/python3.12/site-packages/airflow/example_dags/plugins/listener_plugin.py
[2024-11-09T20:24:40.435+0000] {processor.py:914} INFO - Processing file /home/chirag/airflow/lib/python3.12/site-packages/airflow/example_dags/plugins/listener_plugin.py for tasks to queue
[2024-11-09T20:24:40.439+0000] {logging_mixin.py:190} INFO - [2024-11-09T20:24:40.439+0000] {dagbag.py:588} INFO - Filling up the DagBag from /home/chirag/airflow/lib/python3.12/site-packages/airflow/example_dags/plugins/listener_plugin.py
[2024-11-09T20:24:40.443+0000] {processor.py:927} WARNING - No viable dags retrieved from /home/chirag/airflow/lib/python3.12/site-packages/airflow/example_dags/plugins/listener_plugin.py
[2024-11-09T20:24:40.459+0000] {processor.py:208} INFO - Processing /home/chirag/airflow/lib/python3.12/site-packages/airflow/example_dags/plugins/listener_plugin.py took 0.036 seconds
[2024-11-09T20:26:17.753+0000] {processor.py:186} INFO - Started process (PID=13514) to work on /home/chirag/airflow/lib/python3.12/site-packages/airflow/example_dags/plugins/listener_plugin.py
[2024-11-09T20:26:17.759+0000] {processor.py:914} INFO - Processing file /home/chirag/airflow/lib/python3.12/site-packages/airflow/example_dags/plugins/listener_plugin.py for tasks to queue
[2024-11-09T20:26:17.764+0000] {logging_mixin.py:190} INFO - [2024-11-09T20:26:17.763+0000] {dagbag.py:588} INFO - Filling up the DagBag from /home/chirag/airflow/lib/python3.12/site-packages/airflow/example_dags/plugins/listener_plugin.py
[2024-11-09T20:26:17.770+0000] {processor.py:927} WARNING - No viable dags retrieved from /home/chirag/airflow/lib/python3.12/site-packages/airflow/example_dags/plugins/listener_plugin.py
[2024-11-09T20:26:17.808+0000] {processor.py:208} INFO - Processing /home/chirag/airflow/lib/python3.12/site-packages/airflow/example_dags/plugins/listener_plugin.py took 0.068 seconds
[2024-11-09T20:27:18.315+0000] {processor.py:186} INFO - Started process (PID=13822) to work on /home/chirag/airflow/lib/python3.12/site-packages/airflow/example_dags/plugins/listener_plugin.py
[2024-11-09T20:27:18.326+0000] {processor.py:914} INFO - Processing file /home/chirag/airflow/lib/python3.12/site-packages/airflow/example_dags/plugins/listener_plugin.py for tasks to queue
[2024-11-09T20:27:18.333+0000] {logging_mixin.py:190} INFO - [2024-11-09T20:27:18.332+0000] {dagbag.py:588} INFO - Filling up the DagBag from /home/chirag/airflow/lib/python3.12/site-packages/airflow/example_dags/plugins/listener_plugin.py
[2024-11-09T20:27:18.341+0000] {processor.py:927} WARNING - No viable dags retrieved from /home/chirag/airflow/lib/python3.12/site-packages/airflow/example_dags/plugins/listener_plugin.py
[2024-11-09T20:27:18.378+0000] {processor.py:208} INFO - Processing /home/chirag/airflow/lib/python3.12/site-packages/airflow/example_dags/plugins/listener_plugin.py took 0.080 seconds
[2024-11-09T20:28:07.329+0000] {processor.py:186} INFO - Started process (PID=13976) to work on /home/chirag/airflow/lib/python3.12/site-packages/airflow/example_dags/plugins/listener_plugin.py
[2024-11-09T20:28:07.334+0000] {processor.py:914} INFO - Processing file /home/chirag/airflow/lib/python3.12/site-packages/airflow/example_dags/plugins/listener_plugin.py for tasks to queue
[2024-11-09T20:28:07.338+0000] {logging_mixin.py:190} INFO - [2024-11-09T20:28:07.338+0000] {dagbag.py:588} INFO - Filling up the DagBag from /home/chirag/airflow/lib/python3.12/site-packages/airflow/example_dags/plugins/listener_plugin.py
[2024-11-09T20:28:07.342+0000] {processor.py:927} WARNING - No viable dags retrieved from /home/chirag/airflow/lib/python3.12/site-packages/airflow/example_dags/plugins/listener_plugin.py
[2024-11-09T20:28:07.357+0000] {processor.py:208} INFO - Processing /home/chirag/airflow/lib/python3.12/site-packages/airflow/example_dags/plugins/listener_plugin.py took 0.036 seconds
[2024-11-09T20:28:55.781+0000] {processor.py:186} INFO - Started process (PID=14600) to work on /home/chirag/airflow/lib/python3.12/site-packages/airflow/example_dags/plugins/listener_plugin.py
[2024-11-09T20:28:55.783+0000] {processor.py:914} INFO - Processing file /home/chirag/airflow/lib/python3.12/site-packages/airflow/example_dags/plugins/listener_plugin.py for tasks to queue
[2024-11-09T20:28:55.787+0000] {logging_mixin.py:190} INFO - [2024-11-09T20:28:55.786+0000] {dagbag.py:588} INFO - Filling up the DagBag from /home/chirag/airflow/lib/python3.12/site-packages/airflow/example_dags/plugins/listener_plugin.py
[2024-11-09T20:28:55.790+0000] {processor.py:927} WARNING - No viable dags retrieved from /home/chirag/airflow/lib/python3.12/site-packages/airflow/example_dags/plugins/listener_plugin.py
[2024-11-09T20:28:55.806+0000] {processor.py:208} INFO - Processing /home/chirag/airflow/lib/python3.12/site-packages/airflow/example_dags/plugins/listener_plugin.py took 0.040 seconds
