[2024-11-09T19:16:31.012+0000] {processor.py:186} INFO - Started process (PID=94619) to work on /home/chirag/airflow/lib/python3.12/site-packages/airflow/example_dags/plugins/workday.py
[2024-11-09T19:16:31.017+0000] {processor.py:914} INFO - Processing file /home/chirag/airflow/lib/python3.12/site-packages/airflow/example_dags/plugins/workday.py for tasks to queue
[2024-11-09T19:16:31.020+0000] {logging_mixin.py:190} INFO - [2024-11-09T19:16:31.020+0000] {dagbag.py:588} INFO - Filling up the DagBag from /home/chirag/airflow/lib/python3.12/site-packages/airflow/example_dags/plugins/workday.py
[2024-11-09T19:16:31.026+0000] {logging_mixin.py:190} INFO - [2024-11-09T19:16:31.026+0000] {workday.py:41} WARNING - Could not import pandas. Holidays will not be considered.
[2024-11-09T19:16:31.027+0000] {processor.py:927} WARNING - No viable dags retrieved from /home/chirag/airflow/lib/python3.12/site-packages/airflow/example_dags/plugins/workday.py
[2024-11-09T19:16:31.049+0000] {processor.py:208} INFO - Processing /home/chirag/airflow/lib/python3.12/site-packages/airflow/example_dags/plugins/workday.py took 0.048 seconds
[2024-11-09T19:18:17.914+0000] {processor.py:186} INFO - Started process (PID=94815) to work on /home/chirag/airflow/lib/python3.12/site-packages/airflow/example_dags/plugins/workday.py
[2024-11-09T19:18:17.921+0000] {processor.py:914} INFO - Processing file /home/chirag/airflow/lib/python3.12/site-packages/airflow/example_dags/plugins/workday.py for tasks to queue
[2024-11-09T19:18:17.926+0000] {logging_mixin.py:190} INFO - [2024-11-09T19:18:17.925+0000] {dagbag.py:588} INFO - Filling up the DagBag from /home/chirag/airflow/lib/python3.12/site-packages/airflow/example_dags/plugins/workday.py
[2024-11-09T19:18:17.931+0000] {logging_mixin.py:190} INFO - [2024-11-09T19:18:17.931+0000] {workday.py:41} WARNING - Could not import pandas. Holidays will not be considered.
[2024-11-09T19:18:17.934+0000] {processor.py:927} WARNING - No viable dags retrieved from /home/chirag/airflow/lib/python3.12/site-packages/airflow/example_dags/plugins/workday.py
[2024-11-09T19:18:17.968+0000] {processor.py:208} INFO - Processing /home/chirag/airflow/lib/python3.12/site-packages/airflow/example_dags/plugins/workday.py took 0.066 seconds
[2024-11-09T19:27:42.157+0000] {processor.py:186} INFO - Started process (PID=458) to work on /home/chirag/airflow/lib/python3.12/site-packages/airflow/example_dags/plugins/workday.py
[2024-11-09T19:27:42.161+0000] {processor.py:914} INFO - Processing file /home/chirag/airflow/lib/python3.12/site-packages/airflow/example_dags/plugins/workday.py for tasks to queue
[2024-11-09T19:27:42.165+0000] {logging_mixin.py:190} INFO - [2024-11-09T19:27:42.163+0000] {dagbag.py:588} INFO - Filling up the DagBag from /home/chirag/airflow/lib/python3.12/site-packages/airflow/example_dags/plugins/workday.py
[2024-11-09T19:27:42.171+0000] {logging_mixin.py:190} INFO - [2024-11-09T19:27:42.170+0000] {workday.py:41} WARNING - Could not import pandas. Holidays will not be considered.
[2024-11-09T19:27:42.172+0000] {processor.py:927} WARNING - No viable dags retrieved from /home/chirag/airflow/lib/python3.12/site-packages/airflow/example_dags/plugins/workday.py
[2024-11-09T19:27:42.190+0000] {processor.py:208} INFO - Processing /home/chirag/airflow/lib/python3.12/site-packages/airflow/example_dags/plugins/workday.py took 0.043 seconds
[2024-11-09T19:28:48.609+0000] {processor.py:186} INFO - Started process (PID=522) to work on /home/chirag/airflow/lib/python3.12/site-packages/airflow/example_dags/plugins/workday.py
[2024-11-09T19:28:48.612+0000] {processor.py:914} INFO - Processing file /home/chirag/airflow/lib/python3.12/site-packages/airflow/example_dags/plugins/workday.py for tasks to queue
[2024-11-09T19:28:48.616+0000] {logging_mixin.py:190} INFO - [2024-11-09T19:28:48.615+0000] {dagbag.py:588} INFO - Filling up the DagBag from /home/chirag/airflow/lib/python3.12/site-packages/airflow/example_dags/plugins/workday.py
[2024-11-09T19:28:48.621+0000] {logging_mixin.py:190} INFO - [2024-11-09T19:28:48.621+0000] {workday.py:41} WARNING - Could not import pandas. Holidays will not be considered.
[2024-11-09T19:28:48.622+0000] {processor.py:927} WARNING - No viable dags retrieved from /home/chirag/airflow/lib/python3.12/site-packages/airflow/example_dags/plugins/workday.py
[2024-11-09T19:28:48.641+0000] {processor.py:208} INFO - Processing /home/chirag/airflow/lib/python3.12/site-packages/airflow/example_dags/plugins/workday.py took 0.042 seconds
[2024-11-09T19:30:02.509+0000] {processor.py:186} INFO - Started process (PID=618) to work on /home/chirag/airflow/lib/python3.12/site-packages/airflow/example_dags/plugins/workday.py
[2024-11-09T19:30:02.512+0000] {processor.py:914} INFO - Processing file /home/chirag/airflow/lib/python3.12/site-packages/airflow/example_dags/plugins/workday.py for tasks to queue
[2024-11-09T19:30:02.518+0000] {logging_mixin.py:190} INFO - [2024-11-09T19:30:02.517+0000] {dagbag.py:588} INFO - Filling up the DagBag from /home/chirag/airflow/lib/python3.12/site-packages/airflow/example_dags/plugins/workday.py
[2024-11-09T19:30:02.525+0000] {logging_mixin.py:190} INFO - [2024-11-09T19:30:02.524+0000] {workday.py:41} WARNING - Could not import pandas. Holidays will not be considered.
[2024-11-09T19:30:02.526+0000] {processor.py:927} WARNING - No viable dags retrieved from /home/chirag/airflow/lib/python3.12/site-packages/airflow/example_dags/plugins/workday.py
[2024-11-09T19:30:02.564+0000] {processor.py:208} INFO - Processing /home/chirag/airflow/lib/python3.12/site-packages/airflow/example_dags/plugins/workday.py took 0.071 seconds
[2024-11-09T19:31:20.737+0000] {processor.py:186} INFO - Started process (PID=685) to work on /home/chirag/airflow/lib/python3.12/site-packages/airflow/example_dags/plugins/workday.py
[2024-11-09T19:31:20.740+0000] {processor.py:914} INFO - Processing file /home/chirag/airflow/lib/python3.12/site-packages/airflow/example_dags/plugins/workday.py for tasks to queue
[2024-11-09T19:31:20.743+0000] {logging_mixin.py:190} INFO - [2024-11-09T19:31:20.743+0000] {dagbag.py:588} INFO - Filling up the DagBag from /home/chirag/airflow/lib/python3.12/site-packages/airflow/example_dags/plugins/workday.py
[2024-11-09T19:31:20.748+0000] {logging_mixin.py:190} INFO - [2024-11-09T19:31:20.747+0000] {workday.py:41} WARNING - Could not import pandas. Holidays will not be considered.
[2024-11-09T19:31:20.748+0000] {processor.py:927} WARNING - No viable dags retrieved from /home/chirag/airflow/lib/python3.12/site-packages/airflow/example_dags/plugins/workday.py
[2024-11-09T19:31:20.765+0000] {processor.py:208} INFO - Processing /home/chirag/airflow/lib/python3.12/site-packages/airflow/example_dags/plugins/workday.py took 0.035 seconds
[2024-11-09T19:33:02.993+0000] {processor.py:186} INFO - Started process (PID=1699) to work on /home/chirag/airflow/lib/python3.12/site-packages/airflow/example_dags/plugins/workday.py
[2024-11-09T19:33:02.996+0000] {processor.py:914} INFO - Processing file /home/chirag/airflow/lib/python3.12/site-packages/airflow/example_dags/plugins/workday.py for tasks to queue
[2024-11-09T19:33:02.999+0000] {logging_mixin.py:190} INFO - [2024-11-09T19:33:02.998+0000] {dagbag.py:588} INFO - Filling up the DagBag from /home/chirag/airflow/lib/python3.12/site-packages/airflow/example_dags/plugins/workday.py
[2024-11-09T19:33:03.004+0000] {logging_mixin.py:190} INFO - [2024-11-09T19:33:03.003+0000] {workday.py:41} WARNING - Could not import pandas. Holidays will not be considered.
[2024-11-09T19:33:03.004+0000] {processor.py:927} WARNING - No viable dags retrieved from /home/chirag/airflow/lib/python3.12/site-packages/airflow/example_dags/plugins/workday.py
[2024-11-09T19:33:03.020+0000] {processor.py:208} INFO - Processing /home/chirag/airflow/lib/python3.12/site-packages/airflow/example_dags/plugins/workday.py took 0.036 seconds
[2024-11-09T19:34:18.740+0000] {processor.py:186} INFO - Started process (PID=2233) to work on /home/chirag/airflow/lib/python3.12/site-packages/airflow/example_dags/plugins/workday.py
[2024-11-09T19:34:18.746+0000] {processor.py:914} INFO - Processing file /home/chirag/airflow/lib/python3.12/site-packages/airflow/example_dags/plugins/workday.py for tasks to queue
[2024-11-09T19:34:18.750+0000] {logging_mixin.py:190} INFO - [2024-11-09T19:34:18.749+0000] {dagbag.py:588} INFO - Filling up the DagBag from /home/chirag/airflow/lib/python3.12/site-packages/airflow/example_dags/plugins/workday.py
[2024-11-09T19:34:18.756+0000] {logging_mixin.py:190} INFO - [2024-11-09T19:34:18.755+0000] {workday.py:41} WARNING - Could not import pandas. Holidays will not be considered.
[2024-11-09T19:34:18.757+0000] {processor.py:927} WARNING - No viable dags retrieved from /home/chirag/airflow/lib/python3.12/site-packages/airflow/example_dags/plugins/workday.py
[2024-11-09T19:34:18.774+0000] {processor.py:208} INFO - Processing /home/chirag/airflow/lib/python3.12/site-packages/airflow/example_dags/plugins/workday.py took 0.045 seconds
[2024-11-09T19:35:06.718+0000] {processor.py:186} INFO - Started process (PID=2577) to work on /home/chirag/airflow/lib/python3.12/site-packages/airflow/example_dags/plugins/workday.py
[2024-11-09T19:35:06.721+0000] {processor.py:914} INFO - Processing file /home/chirag/airflow/lib/python3.12/site-packages/airflow/example_dags/plugins/workday.py for tasks to queue
[2024-11-09T19:35:06.725+0000] {logging_mixin.py:190} INFO - [2024-11-09T19:35:06.725+0000] {dagbag.py:588} INFO - Filling up the DagBag from /home/chirag/airflow/lib/python3.12/site-packages/airflow/example_dags/plugins/workday.py
[2024-11-09T19:35:06.730+0000] {logging_mixin.py:190} INFO - [2024-11-09T19:35:06.730+0000] {workday.py:41} WARNING - Could not import pandas. Holidays will not be considered.
[2024-11-09T19:35:06.731+0000] {processor.py:927} WARNING - No viable dags retrieved from /home/chirag/airflow/lib/python3.12/site-packages/airflow/example_dags/plugins/workday.py
[2024-11-09T19:35:06.890+0000] {processor.py:208} INFO - Processing /home/chirag/airflow/lib/python3.12/site-packages/airflow/example_dags/plugins/workday.py took 0.180 seconds
[2024-11-09T19:36:33.416+0000] {processor.py:186} INFO - Started process (PID=2835) to work on /home/chirag/airflow/lib/python3.12/site-packages/airflow/example_dags/plugins/workday.py
[2024-11-09T19:36:33.419+0000] {processor.py:914} INFO - Processing file /home/chirag/airflow/lib/python3.12/site-packages/airflow/example_dags/plugins/workday.py for tasks to queue
[2024-11-09T19:36:33.422+0000] {logging_mixin.py:190} INFO - [2024-11-09T19:36:33.422+0000] {dagbag.py:588} INFO - Filling up the DagBag from /home/chirag/airflow/lib/python3.12/site-packages/airflow/example_dags/plugins/workday.py
[2024-11-09T19:36:33.427+0000] {logging_mixin.py:190} INFO - [2024-11-09T19:36:33.427+0000] {workday.py:41} WARNING - Could not import pandas. Holidays will not be considered.
[2024-11-09T19:36:33.428+0000] {processor.py:927} WARNING - No viable dags retrieved from /home/chirag/airflow/lib/python3.12/site-packages/airflow/example_dags/plugins/workday.py
[2024-11-09T19:36:33.443+0000] {processor.py:208} INFO - Processing /home/chirag/airflow/lib/python3.12/site-packages/airflow/example_dags/plugins/workday.py took 0.036 seconds
[2024-11-09T19:37:42.395+0000] {processor.py:186} INFO - Started process (PID=3049) to work on /home/chirag/airflow/lib/python3.12/site-packages/airflow/example_dags/plugins/workday.py
[2024-11-09T19:37:42.398+0000] {processor.py:914} INFO - Processing file /home/chirag/airflow/lib/python3.12/site-packages/airflow/example_dags/plugins/workday.py for tasks to queue
[2024-11-09T19:37:42.403+0000] {logging_mixin.py:190} INFO - [2024-11-09T19:37:42.402+0000] {dagbag.py:588} INFO - Filling up the DagBag from /home/chirag/airflow/lib/python3.12/site-packages/airflow/example_dags/plugins/workday.py
[2024-11-09T19:37:42.409+0000] {logging_mixin.py:190} INFO - [2024-11-09T19:37:42.409+0000] {workday.py:41} WARNING - Could not import pandas. Holidays will not be considered.
[2024-11-09T19:37:42.410+0000] {processor.py:927} WARNING - No viable dags retrieved from /home/chirag/airflow/lib/python3.12/site-packages/airflow/example_dags/plugins/workday.py
[2024-11-09T19:37:42.434+0000] {processor.py:208} INFO - Processing /home/chirag/airflow/lib/python3.12/site-packages/airflow/example_dags/plugins/workday.py took 0.047 seconds
[2024-11-09T19:38:55.230+0000] {processor.py:186} INFO - Started process (PID=3408) to work on /home/chirag/airflow/lib/python3.12/site-packages/airflow/example_dags/plugins/workday.py
[2024-11-09T19:38:55.240+0000] {processor.py:914} INFO - Processing file /home/chirag/airflow/lib/python3.12/site-packages/airflow/example_dags/plugins/workday.py for tasks to queue
[2024-11-09T19:38:55.247+0000] {logging_mixin.py:190} INFO - [2024-11-09T19:38:55.245+0000] {dagbag.py:588} INFO - Filling up the DagBag from /home/chirag/airflow/lib/python3.12/site-packages/airflow/example_dags/plugins/workday.py
[2024-11-09T19:38:55.258+0000] {logging_mixin.py:190} INFO - [2024-11-09T19:38:55.258+0000] {workday.py:41} WARNING - Could not import pandas. Holidays will not be considered.
[2024-11-09T19:38:55.260+0000] {processor.py:927} WARNING - No viable dags retrieved from /home/chirag/airflow/lib/python3.12/site-packages/airflow/example_dags/plugins/workday.py
[2024-11-09T19:38:55.292+0000] {processor.py:208} INFO - Processing /home/chirag/airflow/lib/python3.12/site-packages/airflow/example_dags/plugins/workday.py took 0.091 seconds
[2024-11-09T19:40:23.459+0000] {processor.py:186} INFO - Started process (PID=3648) to work on /home/chirag/airflow/lib/python3.12/site-packages/airflow/example_dags/plugins/workday.py
[2024-11-09T19:40:23.465+0000] {processor.py:914} INFO - Processing file /home/chirag/airflow/lib/python3.12/site-packages/airflow/example_dags/plugins/workday.py for tasks to queue
[2024-11-09T19:40:23.468+0000] {logging_mixin.py:190} INFO - [2024-11-09T19:40:23.468+0000] {dagbag.py:588} INFO - Filling up the DagBag from /home/chirag/airflow/lib/python3.12/site-packages/airflow/example_dags/plugins/workday.py
[2024-11-09T19:40:23.472+0000] {logging_mixin.py:190} INFO - [2024-11-09T19:40:23.472+0000] {workday.py:41} WARNING - Could not import pandas. Holidays will not be considered.
[2024-11-09T19:40:23.473+0000] {processor.py:927} WARNING - No viable dags retrieved from /home/chirag/airflow/lib/python3.12/site-packages/airflow/example_dags/plugins/workday.py
[2024-11-09T19:40:23.489+0000] {processor.py:208} INFO - Processing /home/chirag/airflow/lib/python3.12/site-packages/airflow/example_dags/plugins/workday.py took 0.039 seconds
[2024-11-09T19:41:37.528+0000] {processor.py:186} INFO - Started process (PID=3856) to work on /home/chirag/airflow/lib/python3.12/site-packages/airflow/example_dags/plugins/workday.py
[2024-11-09T19:41:37.532+0000] {processor.py:914} INFO - Processing file /home/chirag/airflow/lib/python3.12/site-packages/airflow/example_dags/plugins/workday.py for tasks to queue
[2024-11-09T19:41:37.535+0000] {logging_mixin.py:190} INFO - [2024-11-09T19:41:37.534+0000] {dagbag.py:588} INFO - Filling up the DagBag from /home/chirag/airflow/lib/python3.12/site-packages/airflow/example_dags/plugins/workday.py
[2024-11-09T19:41:37.540+0000] {logging_mixin.py:190} INFO - [2024-11-09T19:41:37.539+0000] {workday.py:41} WARNING - Could not import pandas. Holidays will not be considered.
[2024-11-09T19:41:37.540+0000] {processor.py:927} WARNING - No viable dags retrieved from /home/chirag/airflow/lib/python3.12/site-packages/airflow/example_dags/plugins/workday.py
[2024-11-09T19:41:37.556+0000] {processor.py:208} INFO - Processing /home/chirag/airflow/lib/python3.12/site-packages/airflow/example_dags/plugins/workday.py took 0.036 seconds
[2024-11-09T19:42:47.907+0000] {processor.py:186} INFO - Started process (PID=4061) to work on /home/chirag/airflow/lib/python3.12/site-packages/airflow/example_dags/plugins/workday.py
[2024-11-09T19:42:47.911+0000] {processor.py:914} INFO - Processing file /home/chirag/airflow/lib/python3.12/site-packages/airflow/example_dags/plugins/workday.py for tasks to queue
[2024-11-09T19:42:47.914+0000] {logging_mixin.py:190} INFO - [2024-11-09T19:42:47.913+0000] {dagbag.py:588} INFO - Filling up the DagBag from /home/chirag/airflow/lib/python3.12/site-packages/airflow/example_dags/plugins/workday.py
[2024-11-09T19:42:47.919+0000] {logging_mixin.py:190} INFO - [2024-11-09T19:42:47.919+0000] {workday.py:41} WARNING - Could not import pandas. Holidays will not be considered.
[2024-11-09T19:42:47.920+0000] {processor.py:927} WARNING - No viable dags retrieved from /home/chirag/airflow/lib/python3.12/site-packages/airflow/example_dags/plugins/workday.py
[2024-11-09T19:42:47.935+0000] {processor.py:208} INFO - Processing /home/chirag/airflow/lib/python3.12/site-packages/airflow/example_dags/plugins/workday.py took 0.037 seconds
[2024-11-09T19:44:08.862+0000] {processor.py:186} INFO - Started process (PID=4290) to work on /home/chirag/airflow/lib/python3.12/site-packages/airflow/example_dags/plugins/workday.py
[2024-11-09T19:44:08.865+0000] {processor.py:914} INFO - Processing file /home/chirag/airflow/lib/python3.12/site-packages/airflow/example_dags/plugins/workday.py for tasks to queue
[2024-11-09T19:44:08.868+0000] {logging_mixin.py:190} INFO - [2024-11-09T19:44:08.867+0000] {dagbag.py:588} INFO - Filling up the DagBag from /home/chirag/airflow/lib/python3.12/site-packages/airflow/example_dags/plugins/workday.py
[2024-11-09T19:44:08.878+0000] {logging_mixin.py:190} INFO - [2024-11-09T19:44:08.877+0000] {workday.py:41} WARNING - Could not import pandas. Holidays will not be considered.
[2024-11-09T19:44:08.879+0000] {processor.py:927} WARNING - No viable dags retrieved from /home/chirag/airflow/lib/python3.12/site-packages/airflow/example_dags/plugins/workday.py
[2024-11-09T19:44:08.899+0000] {processor.py:208} INFO - Processing /home/chirag/airflow/lib/python3.12/site-packages/airflow/example_dags/plugins/workday.py took 0.045 seconds
[2024-11-09T19:45:16.699+0000] {processor.py:186} INFO - Started process (PID=4491) to work on /home/chirag/airflow/lib/python3.12/site-packages/airflow/example_dags/plugins/workday.py
[2024-11-09T19:45:16.703+0000] {processor.py:914} INFO - Processing file /home/chirag/airflow/lib/python3.12/site-packages/airflow/example_dags/plugins/workday.py for tasks to queue
[2024-11-09T19:45:16.706+0000] {logging_mixin.py:190} INFO - [2024-11-09T19:45:16.706+0000] {dagbag.py:588} INFO - Filling up the DagBag from /home/chirag/airflow/lib/python3.12/site-packages/airflow/example_dags/plugins/workday.py
[2024-11-09T19:45:16.711+0000] {logging_mixin.py:190} INFO - [2024-11-09T19:45:16.710+0000] {workday.py:41} WARNING - Could not import pandas. Holidays will not be considered.
[2024-11-09T19:45:16.712+0000] {processor.py:927} WARNING - No viable dags retrieved from /home/chirag/airflow/lib/python3.12/site-packages/airflow/example_dags/plugins/workday.py
[2024-11-09T19:45:16.728+0000] {processor.py:208} INFO - Processing /home/chirag/airflow/lib/python3.12/site-packages/airflow/example_dags/plugins/workday.py took 0.039 seconds
[2024-11-09T19:46:29.277+0000] {processor.py:186} INFO - Started process (PID=4697) to work on /home/chirag/airflow/lib/python3.12/site-packages/airflow/example_dags/plugins/workday.py
[2024-11-09T19:46:29.283+0000] {processor.py:914} INFO - Processing file /home/chirag/airflow/lib/python3.12/site-packages/airflow/example_dags/plugins/workday.py for tasks to queue
[2024-11-09T19:46:29.286+0000] {logging_mixin.py:190} INFO - [2024-11-09T19:46:29.285+0000] {dagbag.py:588} INFO - Filling up the DagBag from /home/chirag/airflow/lib/python3.12/site-packages/airflow/example_dags/plugins/workday.py
[2024-11-09T19:46:29.290+0000] {logging_mixin.py:190} INFO - [2024-11-09T19:46:29.290+0000] {workday.py:41} WARNING - Could not import pandas. Holidays will not be considered.
[2024-11-09T19:46:29.291+0000] {processor.py:927} WARNING - No viable dags retrieved from /home/chirag/airflow/lib/python3.12/site-packages/airflow/example_dags/plugins/workday.py
[2024-11-09T19:46:29.306+0000] {processor.py:208} INFO - Processing /home/chirag/airflow/lib/python3.12/site-packages/airflow/example_dags/plugins/workday.py took 0.037 seconds
[2024-11-09T19:47:19.705+0000] {processor.py:186} INFO - Started process (PID=4879) to work on /home/chirag/airflow/lib/python3.12/site-packages/airflow/example_dags/plugins/workday.py
[2024-11-09T19:47:19.710+0000] {processor.py:914} INFO - Processing file /home/chirag/airflow/lib/python3.12/site-packages/airflow/example_dags/plugins/workday.py for tasks to queue
[2024-11-09T19:47:19.713+0000] {logging_mixin.py:190} INFO - [2024-11-09T19:47:19.713+0000] {dagbag.py:588} INFO - Filling up the DagBag from /home/chirag/airflow/lib/python3.12/site-packages/airflow/example_dags/plugins/workday.py
[2024-11-09T19:47:19.718+0000] {logging_mixin.py:190} INFO - [2024-11-09T19:47:19.717+0000] {workday.py:41} WARNING - Could not import pandas. Holidays will not be considered.
[2024-11-09T19:47:19.718+0000] {processor.py:927} WARNING - No viable dags retrieved from /home/chirag/airflow/lib/python3.12/site-packages/airflow/example_dags/plugins/workday.py
[2024-11-09T19:47:19.734+0000] {processor.py:208} INFO - Processing /home/chirag/airflow/lib/python3.12/site-packages/airflow/example_dags/plugins/workday.py took 0.037 seconds
[2024-11-09T19:48:35.692+0000] {processor.py:186} INFO - Started process (PID=5098) to work on /home/chirag/airflow/lib/python3.12/site-packages/airflow/example_dags/plugins/workday.py
[2024-11-09T19:48:35.695+0000] {processor.py:914} INFO - Processing file /home/chirag/airflow/lib/python3.12/site-packages/airflow/example_dags/plugins/workday.py for tasks to queue
[2024-11-09T19:48:35.700+0000] {logging_mixin.py:190} INFO - [2024-11-09T19:48:35.699+0000] {dagbag.py:588} INFO - Filling up the DagBag from /home/chirag/airflow/lib/python3.12/site-packages/airflow/example_dags/plugins/workday.py
[2024-11-09T19:48:35.705+0000] {logging_mixin.py:190} INFO - [2024-11-09T19:48:35.705+0000] {workday.py:41} WARNING - Could not import pandas. Holidays will not be considered.
[2024-11-09T19:48:35.706+0000] {processor.py:927} WARNING - No viable dags retrieved from /home/chirag/airflow/lib/python3.12/site-packages/airflow/example_dags/plugins/workday.py
[2024-11-09T19:48:35.725+0000] {processor.py:208} INFO - Processing /home/chirag/airflow/lib/python3.12/site-packages/airflow/example_dags/plugins/workday.py took 0.041 seconds
[2024-11-09T19:49:49.070+0000] {processor.py:186} INFO - Started process (PID=5364) to work on /home/chirag/airflow/lib/python3.12/site-packages/airflow/example_dags/plugins/workday.py
[2024-11-09T19:49:49.074+0000] {processor.py:914} INFO - Processing file /home/chirag/airflow/lib/python3.12/site-packages/airflow/example_dags/plugins/workday.py for tasks to queue
[2024-11-09T19:49:49.077+0000] {logging_mixin.py:190} INFO - [2024-11-09T19:49:49.076+0000] {dagbag.py:588} INFO - Filling up the DagBag from /home/chirag/airflow/lib/python3.12/site-packages/airflow/example_dags/plugins/workday.py
[2024-11-09T19:49:49.081+0000] {logging_mixin.py:190} INFO - [2024-11-09T19:49:49.081+0000] {workday.py:41} WARNING - Could not import pandas. Holidays will not be considered.
[2024-11-09T19:49:49.082+0000] {processor.py:927} WARNING - No viable dags retrieved from /home/chirag/airflow/lib/python3.12/site-packages/airflow/example_dags/plugins/workday.py
[2024-11-09T19:49:49.098+0000] {processor.py:208} INFO - Processing /home/chirag/airflow/lib/python3.12/site-packages/airflow/example_dags/plugins/workday.py took 0.036 seconds
[2024-11-09T19:51:00.208+0000] {processor.py:186} INFO - Started process (PID=5975) to work on /home/chirag/airflow/lib/python3.12/site-packages/airflow/example_dags/plugins/workday.py
[2024-11-09T19:51:00.212+0000] {processor.py:914} INFO - Processing file /home/chirag/airflow/lib/python3.12/site-packages/airflow/example_dags/plugins/workday.py for tasks to queue
[2024-11-09T19:51:00.220+0000] {logging_mixin.py:190} INFO - [2024-11-09T19:51:00.219+0000] {dagbag.py:588} INFO - Filling up the DagBag from /home/chirag/airflow/lib/python3.12/site-packages/airflow/example_dags/plugins/workday.py
[2024-11-09T19:51:00.226+0000] {logging_mixin.py:190} INFO - [2024-11-09T19:51:00.226+0000] {workday.py:41} WARNING - Could not import pandas. Holidays will not be considered.
[2024-11-09T19:51:00.227+0000] {processor.py:927} WARNING - No viable dags retrieved from /home/chirag/airflow/lib/python3.12/site-packages/airflow/example_dags/plugins/workday.py
[2024-11-09T19:51:00.256+0000] {processor.py:208} INFO - Processing /home/chirag/airflow/lib/python3.12/site-packages/airflow/example_dags/plugins/workday.py took 0.062 seconds
[2024-11-09T19:52:14.575+0000] {processor.py:186} INFO - Started process (PID=6319) to work on /home/chirag/airflow/lib/python3.12/site-packages/airflow/example_dags/plugins/workday.py
[2024-11-09T19:52:14.579+0000] {processor.py:914} INFO - Processing file /home/chirag/airflow/lib/python3.12/site-packages/airflow/example_dags/plugins/workday.py for tasks to queue
[2024-11-09T19:52:14.584+0000] {logging_mixin.py:190} INFO - [2024-11-09T19:52:14.582+0000] {dagbag.py:588} INFO - Filling up the DagBag from /home/chirag/airflow/lib/python3.12/site-packages/airflow/example_dags/plugins/workday.py
[2024-11-09T19:52:14.590+0000] {logging_mixin.py:190} INFO - [2024-11-09T19:52:14.590+0000] {workday.py:41} WARNING - Could not import pandas. Holidays will not be considered.
[2024-11-09T19:52:14.591+0000] {processor.py:927} WARNING - No viable dags retrieved from /home/chirag/airflow/lib/python3.12/site-packages/airflow/example_dags/plugins/workday.py
[2024-11-09T19:52:14.613+0000] {processor.py:208} INFO - Processing /home/chirag/airflow/lib/python3.12/site-packages/airflow/example_dags/plugins/workday.py took 0.051 seconds
[2024-11-09T19:53:15.916+0000] {processor.py:186} INFO - Started process (PID=6680) to work on /home/chirag/airflow/lib/python3.12/site-packages/airflow/example_dags/plugins/workday.py
[2024-11-09T19:53:15.921+0000] {processor.py:914} INFO - Processing file /home/chirag/airflow/lib/python3.12/site-packages/airflow/example_dags/plugins/workday.py for tasks to queue
[2024-11-09T19:53:15.926+0000] {logging_mixin.py:190} INFO - [2024-11-09T19:53:15.925+0000] {dagbag.py:588} INFO - Filling up the DagBag from /home/chirag/airflow/lib/python3.12/site-packages/airflow/example_dags/plugins/workday.py
[2024-11-09T19:53:15.933+0000] {logging_mixin.py:190} INFO - [2024-11-09T19:53:15.932+0000] {workday.py:41} WARNING - Could not import pandas. Holidays will not be considered.
[2024-11-09T19:53:15.934+0000] {processor.py:927} WARNING - No viable dags retrieved from /home/chirag/airflow/lib/python3.12/site-packages/airflow/example_dags/plugins/workday.py
[2024-11-09T19:53:15.964+0000] {processor.py:208} INFO - Processing /home/chirag/airflow/lib/python3.12/site-packages/airflow/example_dags/plugins/workday.py took 0.071 seconds
[2024-11-09T19:54:02.759+0000] {processor.py:186} INFO - Started process (PID=6957) to work on /home/chirag/airflow/lib/python3.12/site-packages/airflow/example_dags/plugins/workday.py
[2024-11-09T19:54:02.763+0000] {processor.py:914} INFO - Processing file /home/chirag/airflow/lib/python3.12/site-packages/airflow/example_dags/plugins/workday.py for tasks to queue
[2024-11-09T19:54:02.766+0000] {logging_mixin.py:190} INFO - [2024-11-09T19:54:02.766+0000] {dagbag.py:588} INFO - Filling up the DagBag from /home/chirag/airflow/lib/python3.12/site-packages/airflow/example_dags/plugins/workday.py
[2024-11-09T19:54:02.770+0000] {logging_mixin.py:190} INFO - [2024-11-09T19:54:02.770+0000] {workday.py:41} WARNING - Could not import pandas. Holidays will not be considered.
[2024-11-09T19:54:02.771+0000] {processor.py:927} WARNING - No viable dags retrieved from /home/chirag/airflow/lib/python3.12/site-packages/airflow/example_dags/plugins/workday.py
[2024-11-09T19:54:02.787+0000] {processor.py:208} INFO - Processing /home/chirag/airflow/lib/python3.12/site-packages/airflow/example_dags/plugins/workday.py took 0.036 seconds
[2024-11-09T19:55:18.141+0000] {processor.py:186} INFO - Started process (PID=7557) to work on /home/chirag/airflow/lib/python3.12/site-packages/airflow/example_dags/plugins/workday.py
[2024-11-09T19:55:18.145+0000] {processor.py:914} INFO - Processing file /home/chirag/airflow/lib/python3.12/site-packages/airflow/example_dags/plugins/workday.py for tasks to queue
[2024-11-09T19:55:18.148+0000] {logging_mixin.py:190} INFO - [2024-11-09T19:55:18.147+0000] {dagbag.py:588} INFO - Filling up the DagBag from /home/chirag/airflow/lib/python3.12/site-packages/airflow/example_dags/plugins/workday.py
[2024-11-09T19:55:18.152+0000] {logging_mixin.py:190} INFO - [2024-11-09T19:55:18.152+0000] {workday.py:41} WARNING - Could not import pandas. Holidays will not be considered.
[2024-11-09T19:55:18.153+0000] {processor.py:927} WARNING - No viable dags retrieved from /home/chirag/airflow/lib/python3.12/site-packages/airflow/example_dags/plugins/workday.py
[2024-11-09T19:55:18.170+0000] {processor.py:208} INFO - Processing /home/chirag/airflow/lib/python3.12/site-packages/airflow/example_dags/plugins/workday.py took 0.037 seconds
[2024-11-09T19:56:46.365+0000] {processor.py:186} INFO - Started process (PID=7996) to work on /home/chirag/airflow/lib/python3.12/site-packages/airflow/example_dags/plugins/workday.py
[2024-11-09T19:56:46.532+0000] {processor.py:914} INFO - Processing file /home/chirag/airflow/lib/python3.12/site-packages/airflow/example_dags/plugins/workday.py for tasks to queue
[2024-11-09T19:56:46.550+0000] {logging_mixin.py:190} INFO - [2024-11-09T19:56:46.549+0000] {dagbag.py:588} INFO - Filling up the DagBag from /home/chirag/airflow/lib/python3.12/site-packages/airflow/example_dags/plugins/workday.py
[2024-11-09T19:56:46.567+0000] {logging_mixin.py:190} INFO - [2024-11-09T19:56:46.566+0000] {workday.py:41} WARNING - Could not import pandas. Holidays will not be considered.
[2024-11-09T19:56:46.568+0000] {processor.py:927} WARNING - No viable dags retrieved from /home/chirag/airflow/lib/python3.12/site-packages/airflow/example_dags/plugins/workday.py
[2024-11-09T19:56:46.644+0000] {processor.py:208} INFO - Processing /home/chirag/airflow/lib/python3.12/site-packages/airflow/example_dags/plugins/workday.py took 0.323 seconds
[2024-11-09T19:57:48.799+0000] {processor.py:186} INFO - Started process (PID=8205) to work on /home/chirag/airflow/lib/python3.12/site-packages/airflow/example_dags/plugins/workday.py
[2024-11-09T19:57:48.802+0000] {processor.py:914} INFO - Processing file /home/chirag/airflow/lib/python3.12/site-packages/airflow/example_dags/plugins/workday.py for tasks to queue
[2024-11-09T19:57:48.806+0000] {logging_mixin.py:190} INFO - [2024-11-09T19:57:48.805+0000] {dagbag.py:588} INFO - Filling up the DagBag from /home/chirag/airflow/lib/python3.12/site-packages/airflow/example_dags/plugins/workday.py
[2024-11-09T19:57:48.810+0000] {logging_mixin.py:190} INFO - [2024-11-09T19:57:48.810+0000] {workday.py:41} WARNING - Could not import pandas. Holidays will not be considered.
[2024-11-09T19:57:48.811+0000] {processor.py:927} WARNING - No viable dags retrieved from /home/chirag/airflow/lib/python3.12/site-packages/airflow/example_dags/plugins/workday.py
[2024-11-09T19:57:48.826+0000] {processor.py:208} INFO - Processing /home/chirag/airflow/lib/python3.12/site-packages/airflow/example_dags/plugins/workday.py took 0.035 seconds
[2024-11-09T19:58:48.763+0000] {processor.py:186} INFO - Started process (PID=8493) to work on /home/chirag/airflow/lib/python3.12/site-packages/airflow/example_dags/plugins/workday.py
[2024-11-09T19:58:48.827+0000] {processor.py:914} INFO - Processing file /home/chirag/airflow/lib/python3.12/site-packages/airflow/example_dags/plugins/workday.py for tasks to queue
[2024-11-09T19:58:48.850+0000] {logging_mixin.py:190} INFO - [2024-11-09T19:58:48.848+0000] {dagbag.py:588} INFO - Filling up the DagBag from /home/chirag/airflow/lib/python3.12/site-packages/airflow/example_dags/plugins/workday.py
[2024-11-09T19:58:48.870+0000] {logging_mixin.py:190} INFO - [2024-11-09T19:58:48.870+0000] {workday.py:41} WARNING - Could not import pandas. Holidays will not be considered.
[2024-11-09T19:58:48.884+0000] {processor.py:927} WARNING - No viable dags retrieved from /home/chirag/airflow/lib/python3.12/site-packages/airflow/example_dags/plugins/workday.py
[2024-11-09T19:58:49.012+0000] {processor.py:208} INFO - Processing /home/chirag/airflow/lib/python3.12/site-packages/airflow/example_dags/plugins/workday.py took 0.298 seconds
[2024-11-09T20:22:23.784+0000] {processor.py:186} INFO - Started process (PID=12636) to work on /home/chirag/airflow/lib/python3.12/site-packages/airflow/example_dags/plugins/workday.py
[2024-11-09T20:22:23.788+0000] {processor.py:914} INFO - Processing file /home/chirag/airflow/lib/python3.12/site-packages/airflow/example_dags/plugins/workday.py for tasks to queue
[2024-11-09T20:22:23.792+0000] {logging_mixin.py:190} INFO - [2024-11-09T20:22:23.791+0000] {dagbag.py:588} INFO - Filling up the DagBag from /home/chirag/airflow/lib/python3.12/site-packages/airflow/example_dags/plugins/workday.py
[2024-11-09T20:22:23.796+0000] {logging_mixin.py:190} INFO - [2024-11-09T20:22:23.796+0000] {workday.py:41} WARNING - Could not import pandas. Holidays will not be considered.
[2024-11-09T20:22:23.797+0000] {processor.py:927} WARNING - No viable dags retrieved from /home/chirag/airflow/lib/python3.12/site-packages/airflow/example_dags/plugins/workday.py
[2024-11-09T20:22:23.812+0000] {processor.py:208} INFO - Processing /home/chirag/airflow/lib/python3.12/site-packages/airflow/example_dags/plugins/workday.py took 0.038 seconds
[2024-11-09T20:23:30.976+0000] {processor.py:186} INFO - Started process (PID=12834) to work on /home/chirag/airflow/lib/python3.12/site-packages/airflow/example_dags/plugins/workday.py
[2024-11-09T20:23:30.981+0000] {processor.py:914} INFO - Processing file /home/chirag/airflow/lib/python3.12/site-packages/airflow/example_dags/plugins/workday.py for tasks to queue
[2024-11-09T20:23:30.985+0000] {logging_mixin.py:190} INFO - [2024-11-09T20:23:30.985+0000] {dagbag.py:588} INFO - Filling up the DagBag from /home/chirag/airflow/lib/python3.12/site-packages/airflow/example_dags/plugins/workday.py
[2024-11-09T20:23:30.992+0000] {logging_mixin.py:190} INFO - [2024-11-09T20:23:30.991+0000] {workday.py:41} WARNING - Could not import pandas. Holidays will not be considered.
[2024-11-09T20:23:30.994+0000] {processor.py:927} WARNING - No viable dags retrieved from /home/chirag/airflow/lib/python3.12/site-packages/airflow/example_dags/plugins/workday.py
[2024-11-09T20:23:31.019+0000] {processor.py:208} INFO - Processing /home/chirag/airflow/lib/python3.12/site-packages/airflow/example_dags/plugins/workday.py took 0.051 seconds
[2024-11-09T20:24:43.739+0000] {processor.py:186} INFO - Started process (PID=13036) to work on /home/chirag/airflow/lib/python3.12/site-packages/airflow/example_dags/plugins/workday.py
[2024-11-09T20:24:43.743+0000] {processor.py:914} INFO - Processing file /home/chirag/airflow/lib/python3.12/site-packages/airflow/example_dags/plugins/workday.py for tasks to queue
[2024-11-09T20:24:43.746+0000] {logging_mixin.py:190} INFO - [2024-11-09T20:24:43.745+0000] {dagbag.py:588} INFO - Filling up the DagBag from /home/chirag/airflow/lib/python3.12/site-packages/airflow/example_dags/plugins/workday.py
[2024-11-09T20:24:43.750+0000] {logging_mixin.py:190} INFO - [2024-11-09T20:24:43.750+0000] {workday.py:41} WARNING - Could not import pandas. Holidays will not be considered.
[2024-11-09T20:24:43.751+0000] {processor.py:927} WARNING - No viable dags retrieved from /home/chirag/airflow/lib/python3.12/site-packages/airflow/example_dags/plugins/workday.py
[2024-11-09T20:24:43.767+0000] {processor.py:208} INFO - Processing /home/chirag/airflow/lib/python3.12/site-packages/airflow/example_dags/plugins/workday.py took 0.037 seconds
[2024-11-09T20:26:19.572+0000] {processor.py:186} INFO - Started process (PID=13553) to work on /home/chirag/airflow/lib/python3.12/site-packages/airflow/example_dags/plugins/workday.py
[2024-11-09T20:26:19.576+0000] {processor.py:914} INFO - Processing file /home/chirag/airflow/lib/python3.12/site-packages/airflow/example_dags/plugins/workday.py for tasks to queue
[2024-11-09T20:26:19.579+0000] {logging_mixin.py:190} INFO - [2024-11-09T20:26:19.579+0000] {dagbag.py:588} INFO - Filling up the DagBag from /home/chirag/airflow/lib/python3.12/site-packages/airflow/example_dags/plugins/workday.py
[2024-11-09T20:26:19.583+0000] {logging_mixin.py:190} INFO - [2024-11-09T20:26:19.583+0000] {workday.py:41} WARNING - Could not import pandas. Holidays will not be considered.
[2024-11-09T20:26:19.584+0000] {processor.py:927} WARNING - No viable dags retrieved from /home/chirag/airflow/lib/python3.12/site-packages/airflow/example_dags/plugins/workday.py
[2024-11-09T20:26:19.600+0000] {processor.py:208} INFO - Processing /home/chirag/airflow/lib/python3.12/site-packages/airflow/example_dags/plugins/workday.py took 0.036 seconds
[2024-11-09T20:27:21.186+0000] {processor.py:186} INFO - Started process (PID=13831) to work on /home/chirag/airflow/lib/python3.12/site-packages/airflow/example_dags/plugins/workday.py
[2024-11-09T20:27:21.189+0000] {processor.py:914} INFO - Processing file /home/chirag/airflow/lib/python3.12/site-packages/airflow/example_dags/plugins/workday.py for tasks to queue
[2024-11-09T20:27:21.195+0000] {logging_mixin.py:190} INFO - [2024-11-09T20:27:21.194+0000] {dagbag.py:588} INFO - Filling up the DagBag from /home/chirag/airflow/lib/python3.12/site-packages/airflow/example_dags/plugins/workday.py
[2024-11-09T20:27:21.201+0000] {logging_mixin.py:190} INFO - [2024-11-09T20:27:21.200+0000] {workday.py:41} WARNING - Could not import pandas. Holidays will not be considered.
[2024-11-09T20:27:21.201+0000] {processor.py:927} WARNING - No viable dags retrieved from /home/chirag/airflow/lib/python3.12/site-packages/airflow/example_dags/plugins/workday.py
[2024-11-09T20:27:21.221+0000] {processor.py:208} INFO - Processing /home/chirag/airflow/lib/python3.12/site-packages/airflow/example_dags/plugins/workday.py took 0.046 seconds
[2024-11-09T20:28:10.847+0000] {processor.py:186} INFO - Started process (PID=14012) to work on /home/chirag/airflow/lib/python3.12/site-packages/airflow/example_dags/plugins/workday.py
[2024-11-09T20:28:10.850+0000] {processor.py:914} INFO - Processing file /home/chirag/airflow/lib/python3.12/site-packages/airflow/example_dags/plugins/workday.py for tasks to queue
[2024-11-09T20:28:10.853+0000] {logging_mixin.py:190} INFO - [2024-11-09T20:28:10.852+0000] {dagbag.py:588} INFO - Filling up the DagBag from /home/chirag/airflow/lib/python3.12/site-packages/airflow/example_dags/plugins/workday.py
[2024-11-09T20:28:10.857+0000] {logging_mixin.py:190} INFO - [2024-11-09T20:28:10.857+0000] {workday.py:41} WARNING - Could not import pandas. Holidays will not be considered.
[2024-11-09T20:28:10.858+0000] {processor.py:927} WARNING - No viable dags retrieved from /home/chirag/airflow/lib/python3.12/site-packages/airflow/example_dags/plugins/workday.py
[2024-11-09T20:28:10.874+0000] {processor.py:208} INFO - Processing /home/chirag/airflow/lib/python3.12/site-packages/airflow/example_dags/plugins/workday.py took 0.035 seconds
[2024-11-09T20:28:59.258+0000] {processor.py:186} INFO - Started process (PID=14612) to work on /home/chirag/airflow/lib/python3.12/site-packages/airflow/example_dags/plugins/workday.py
[2024-11-09T20:28:59.268+0000] {processor.py:914} INFO - Processing file /home/chirag/airflow/lib/python3.12/site-packages/airflow/example_dags/plugins/workday.py for tasks to queue
[2024-11-09T20:28:59.272+0000] {logging_mixin.py:190} INFO - [2024-11-09T20:28:59.272+0000] {dagbag.py:588} INFO - Filling up the DagBag from /home/chirag/airflow/lib/python3.12/site-packages/airflow/example_dags/plugins/workday.py
[2024-11-09T20:28:59.281+0000] {logging_mixin.py:190} INFO - [2024-11-09T20:28:59.280+0000] {workday.py:41} WARNING - Could not import pandas. Holidays will not be considered.
[2024-11-09T20:28:59.282+0000] {processor.py:927} WARNING - No viable dags retrieved from /home/chirag/airflow/lib/python3.12/site-packages/airflow/example_dags/plugins/workday.py
[2024-11-09T20:28:59.299+0000] {processor.py:208} INFO - Processing /home/chirag/airflow/lib/python3.12/site-packages/airflow/example_dags/plugins/workday.py took 0.050 seconds
